[2024-11-17T03:21:36.762+0000] {local_task_job_runner.py:123} INFO - ::group::Pre task execution logs
[2024-11-17T03:21:36.782+0000] {taskinstance.py:2613} INFO - Dependencies all met for dep_context=non-requeueable deps ti=<TaskInstance: criar_tabelas.create_schema manual__2024-11-17T03:21:25.196768+00:00 [queued]>
[2024-11-17T03:21:36.789+0000] {taskinstance.py:2613} INFO - Dependencies all met for dep_context=requeueable deps ti=<TaskInstance: criar_tabelas.create_schema manual__2024-11-17T03:21:25.196768+00:00 [queued]>
[2024-11-17T03:21:36.789+0000] {taskinstance.py:2866} INFO - Starting attempt 1 of 2
[2024-11-17T03:21:36.800+0000] {taskinstance.py:2889} INFO - Executing <Task(PostgresOperator): create_schema> on 2024-11-17 03:21:25.196768+00:00
[2024-11-17T03:21:36.810+0000] {warnings.py:112} WARNING - /home/***/.local/lib/python3.12/site-packages/***/task/task_runner/standard_task_runner.py:70: DeprecationWarning: This process (pid=860) is multi-threaded, use of fork() may lead to deadlocks in the child.
  pid = os.fork()

[2024-11-17T03:21:36.812+0000] {standard_task_runner.py:72} INFO - Started process 862 to run task
[2024-11-17T03:21:36.814+0000] {standard_task_runner.py:104} INFO - Running: ['***', 'tasks', 'run', 'criar_tabelas', 'create_schema', 'manual__2024-11-17T03:21:25.196768+00:00', '--job-id', '248', '--raw', '--subdir', 'DAGS_FOLDER/etl.py', '--cfg-path', '/tmp/tmpuojj9bse']
[2024-11-17T03:21:36.815+0000] {standard_task_runner.py:105} INFO - Job 248: Subtask create_schema
[2024-11-17T03:21:36.860+0000] {task_command.py:467} INFO - Running <TaskInstance: criar_tabelas.create_schema manual__2024-11-17T03:21:25.196768+00:00 [running]> on host bfeda1f9cf11
[2024-11-17T03:21:37.136+0000] {taskinstance.py:3132} INFO - Exporting env vars: AIRFLOW_CTX_DAG_OWNER='***' AIRFLOW_CTX_DAG_ID='criar_tabelas' AIRFLOW_CTX_TASK_ID='create_schema' AIRFLOW_CTX_EXECUTION_DATE='2024-11-17T03:21:25.196768+00:00' AIRFLOW_CTX_TRY_NUMBER='1' AIRFLOW_CTX_DAG_RUN_ID='manual__2024-11-17T03:21:25.196768+00:00'
[2024-11-17T03:21:37.137+0000] {logging_mixin.py:190} INFO - Task instance is in running state
[2024-11-17T03:21:37.138+0000] {logging_mixin.py:190} INFO -  Previous state of the Task instance: queued
[2024-11-17T03:21:37.138+0000] {logging_mixin.py:190} INFO - Current task name:create_schema state:running start_date:2024-11-17 03:21:36.782407+00:00
[2024-11-17T03:21:37.138+0000] {logging_mixin.py:190} INFO - Dag name:criar_tabelas and current dag run status:running
[2024-11-17T03:21:37.138+0000] {taskinstance.py:731} INFO - ::endgroup::
[2024-11-17T03:21:37.138+0000] {sql.py:278} INFO - Executing: 
CREATE SCHEMA IF NOT EXISTS dw;

[2024-11-17T03:21:37.145+0000] {base.py:84} INFO - Retrieving connection 'postgres-***'
[2024-11-17T03:21:37.154+0000] {base.py:84} INFO - Retrieving connection 'postgres-***'
[2024-11-17T03:21:37.157+0000] {sql.py:544} INFO - Running statement: 
CREATE SCHEMA IF NOT EXISTS dw;
, parameters: None
[2024-11-17T03:21:37.168+0000] {taskinstance.py:340} INFO - ::group::Post task execution logs
[2024-11-17T03:21:37.168+0000] {taskinstance.py:352} INFO - Marking task as SUCCESS. dag_id=criar_tabelas, task_id=create_schema, run_id=manual__2024-11-17T03:21:25.196768+00:00, execution_date=20241117T032125, start_date=20241117T032136, end_date=20241117T032137
[2024-11-17T03:21:37.176+0000] {logging_mixin.py:190} INFO - Task instance in success state
[2024-11-17T03:21:37.177+0000] {logging_mixin.py:190} INFO -  Previous state of the Task instance: running
[2024-11-17T03:21:37.177+0000] {logging_mixin.py:190} INFO - Dag name:criar_tabelas queued_at:2024-11-17 03:21:25.203933+00:00
[2024-11-17T03:21:37.177+0000] {logging_mixin.py:190} INFO - Task hostname:bfeda1f9cf11 operator:PostgresOperator
[2024-11-17T03:21:37.227+0000] {local_task_job_runner.py:266} INFO - Task exited with return code 0
[2024-11-17T03:21:37.252+0000] {taskinstance.py:3895} INFO - 1 downstream tasks scheduled from follow-on schedule check
[2024-11-17T03:21:37.253+0000] {local_task_job_runner.py:245} INFO - ::endgroup::
