[2024-11-16T21:51:46.454+0000] {local_task_job_runner.py:123} INFO - ::group::Pre task execution logs
[2024-11-16T21:51:46.472+0000] {taskinstance.py:2613} INFO - Dependencies all met for dep_context=non-requeueable deps ti=<TaskInstance: criar_tabelas.create_schema manual__2024-11-16T21:51:33.417258+00:00 [queued]>
[2024-11-16T21:51:46.481+0000] {taskinstance.py:2613} INFO - Dependencies all met for dep_context=requeueable deps ti=<TaskInstance: criar_tabelas.create_schema manual__2024-11-16T21:51:33.417258+00:00 [queued]>
[2024-11-16T21:51:46.482+0000] {taskinstance.py:2866} INFO - Starting attempt 1 of 2
[2024-11-16T21:51:46.495+0000] {taskinstance.py:2889} INFO - Executing <Task(PostgresOperator): create_schema> on 2024-11-16 21:51:33.417258+00:00
[2024-11-16T21:51:46.508+0000] {warnings.py:112} WARNING - /home/***/.local/lib/python3.12/site-packages/***/task/task_runner/standard_task_runner.py:70: DeprecationWarning: This process (pid=263) is multi-threaded, use of fork() may lead to deadlocks in the child.
  pid = os.fork()

[2024-11-16T21:51:46.509+0000] {standard_task_runner.py:72} INFO - Started process 265 to run task
[2024-11-16T21:51:46.510+0000] {standard_task_runner.py:104} INFO - Running: ['***', 'tasks', 'run', 'criar_tabelas', 'create_schema', 'manual__2024-11-16T21:51:33.417258+00:00', '--job-id', '28', '--raw', '--subdir', 'DAGS_FOLDER/etl.py', '--cfg-path', '/tmp/tmp1jpjhsd2']
[2024-11-16T21:51:46.510+0000] {standard_task_runner.py:105} INFO - Job 28: Subtask create_schema
[2024-11-16T21:51:46.556+0000] {task_command.py:467} INFO - Running <TaskInstance: criar_tabelas.create_schema manual__2024-11-16T21:51:33.417258+00:00 [running]> on host 7766afd0bc11
[2024-11-16T21:51:46.865+0000] {taskinstance.py:3132} INFO - Exporting env vars: AIRFLOW_CTX_DAG_OWNER='***' AIRFLOW_CTX_DAG_ID='criar_tabelas' AIRFLOW_CTX_TASK_ID='create_schema' AIRFLOW_CTX_EXECUTION_DATE='2024-11-16T21:51:33.417258+00:00' AIRFLOW_CTX_TRY_NUMBER='1' AIRFLOW_CTX_DAG_RUN_ID='manual__2024-11-16T21:51:33.417258+00:00'
[2024-11-16T21:51:46.865+0000] {logging_mixin.py:190} INFO - Task instance is in running state
[2024-11-16T21:51:46.866+0000] {logging_mixin.py:190} INFO -  Previous state of the Task instance: queued
[2024-11-16T21:51:46.866+0000] {logging_mixin.py:190} INFO - Current task name:create_schema state:running start_date:2024-11-16 21:51:46.473194+00:00
[2024-11-16T21:51:46.866+0000] {logging_mixin.py:190} INFO - Dag name:criar_tabelas and current dag run status:running
[2024-11-16T21:51:46.866+0000] {taskinstance.py:731} INFO - ::endgroup::
[2024-11-16T21:51:46.866+0000] {sql.py:278} INFO - Executing: 
CREATE SCHEMA meu_dw;

[2024-11-16T21:51:46.875+0000] {base.py:84} INFO - Retrieving connection 'postgres-***'
[2024-11-16T21:51:46.885+0000] {base.py:84} INFO - Retrieving connection 'postgres-***'
[2024-11-16T21:51:46.890+0000] {sql.py:544} INFO - Running statement: 
CREATE SCHEMA meu_dw;
, parameters: None
[2024-11-16T21:51:46.901+0000] {taskinstance.py:340} INFO - ::group::Post task execution logs
[2024-11-16T21:51:46.902+0000] {taskinstance.py:352} INFO - Marking task as SUCCESS. dag_id=criar_tabelas, task_id=create_schema, run_id=manual__2024-11-16T21:51:33.417258+00:00, execution_date=20241116T215133, start_date=20241116T215146, end_date=20241116T215146
[2024-11-16T21:51:46.910+0000] {logging_mixin.py:190} INFO - Task instance in success state
[2024-11-16T21:51:46.911+0000] {logging_mixin.py:190} INFO -  Previous state of the Task instance: running
[2024-11-16T21:51:46.911+0000] {logging_mixin.py:190} INFO - Dag name:criar_tabelas queued_at:2024-11-16 21:51:33.465828+00:00
[2024-11-16T21:51:46.911+0000] {logging_mixin.py:190} INFO - Task hostname:7766afd0bc11 operator:PostgresOperator
[2024-11-16T21:51:46.965+0000] {local_task_job_runner.py:266} INFO - Task exited with return code 0
[2024-11-16T21:51:47.006+0000] {taskinstance.py:3895} INFO - 0 downstream tasks scheduled from follow-on schedule check
[2024-11-16T21:51:47.007+0000] {local_task_job_runner.py:245} INFO - ::endgroup::
