[2024-11-12T00:25:04.487+0000] {processor.py:186} INFO - Started process (PID=43) to work on /opt/airflow/dags/etl.py
[2024-11-12T00:25:04.489+0000] {processor.py:914} INFO - Processing file /opt/airflow/dags/etl.py for tasks to queue
[2024-11-12T00:25:04.491+0000] {logging_mixin.py:190} INFO - [2024-11-12T00:25:04.491+0000] {dagbag.py:588} INFO - Filling up the DagBag from /opt/airflow/dags/etl.py
[2024-11-12T00:25:04.510+0000] {processor.py:925} INFO - DAG(s) 'api_inserir_dadosH' retrieved from /opt/airflow/dags/etl.py
[2024-11-12T00:25:04.541+0000] {logging_mixin.py:190} INFO - [2024-11-12T00:25:04.541+0000] {dag.py:3239} INFO - Sync 1 DAGs
[2024-11-12T00:25:04.555+0000] {logging_mixin.py:190} INFO - [2024-11-12T00:25:04.555+0000] {dag.py:4180} INFO - Setting next_dagrun for api_inserir_dadosH to None, run_after=None
[2024-11-12T00:25:04.571+0000] {processor.py:208} INFO - Processing /opt/airflow/dags/etl.py took 0.090 seconds
[2024-11-12T00:25:28.573+0000] {processor.py:186} INFO - Started process (PID=43) to work on /opt/airflow/dags/etl.py
[2024-11-12T00:25:28.574+0000] {processor.py:914} INFO - Processing file /opt/airflow/dags/etl.py for tasks to queue
[2024-11-12T00:25:28.576+0000] {logging_mixin.py:190} INFO - [2024-11-12T00:25:28.575+0000] {dagbag.py:588} INFO - Filling up the DagBag from /opt/airflow/dags/etl.py
[2024-11-12T00:25:28.590+0000] {processor.py:925} INFO - DAG(s) 'api_inserir_dadosH' retrieved from /opt/airflow/dags/etl.py
[2024-11-12T00:25:28.615+0000] {logging_mixin.py:190} INFO - [2024-11-12T00:25:28.615+0000] {dag.py:3239} INFO - Sync 1 DAGs
[2024-11-12T00:25:28.628+0000] {logging_mixin.py:190} INFO - [2024-11-12T00:25:28.628+0000] {dag.py:4180} INFO - Setting next_dagrun for api_inserir_dadosH to None, run_after=None
[2024-11-12T00:25:28.643+0000] {processor.py:208} INFO - Processing /opt/airflow/dags/etl.py took 0.075 seconds
[2024-11-12T00:25:58.982+0000] {processor.py:186} INFO - Started process (PID=107) to work on /opt/airflow/dags/etl.py
[2024-11-12T00:25:58.984+0000] {processor.py:914} INFO - Processing file /opt/airflow/dags/etl.py for tasks to queue
[2024-11-12T00:25:58.986+0000] {logging_mixin.py:190} INFO - [2024-11-12T00:25:58.985+0000] {dagbag.py:588} INFO - Filling up the DagBag from /opt/airflow/dags/etl.py
[2024-11-12T00:25:58.997+0000] {processor.py:925} INFO - DAG(s) 'api_inserir_dadosH' retrieved from /opt/airflow/dags/etl.py
[2024-11-12T00:25:59.016+0000] {logging_mixin.py:190} INFO - [2024-11-12T00:25:59.016+0000] {dag.py:3239} INFO - Sync 1 DAGs
[2024-11-12T00:25:59.029+0000] {logging_mixin.py:190} INFO - [2024-11-12T00:25:59.029+0000] {dag.py:4180} INFO - Setting next_dagrun for api_inserir_dadosH to None, run_after=None
[2024-11-12T00:25:59.044+0000] {processor.py:208} INFO - Processing /opt/airflow/dags/etl.py took 0.066 seconds
[2024-11-12T00:26:29.683+0000] {processor.py:186} INFO - Started process (PID=171) to work on /opt/airflow/dags/etl.py
[2024-11-12T00:26:29.685+0000] {processor.py:914} INFO - Processing file /opt/airflow/dags/etl.py for tasks to queue
[2024-11-12T00:26:29.688+0000] {logging_mixin.py:190} INFO - [2024-11-12T00:26:29.687+0000] {dagbag.py:588} INFO - Filling up the DagBag from /opt/airflow/dags/etl.py
[2024-11-12T00:26:29.706+0000] {processor.py:925} INFO - DAG(s) 'api_inserir_dadosH' retrieved from /opt/airflow/dags/etl.py
[2024-11-12T00:26:29.834+0000] {logging_mixin.py:190} INFO - [2024-11-12T00:26:29.834+0000] {dag.py:3239} INFO - Sync 1 DAGs
[2024-11-12T00:26:29.846+0000] {logging_mixin.py:190} INFO - [2024-11-12T00:26:29.846+0000] {dag.py:4180} INFO - Setting next_dagrun for api_inserir_dadosH to None, run_after=None
[2024-11-12T00:26:29.862+0000] {processor.py:208} INFO - Processing /opt/airflow/dags/etl.py took 0.189 seconds
[2024-11-12T00:26:38.312+0000] {processor.py:186} INFO - Started process (PID=229) to work on /opt/airflow/dags/etl.py
[2024-11-12T00:26:38.314+0000] {processor.py:914} INFO - Processing file /opt/airflow/dags/etl.py for tasks to queue
[2024-11-12T00:26:38.316+0000] {logging_mixin.py:190} INFO - [2024-11-12T00:26:38.316+0000] {dagbag.py:588} INFO - Filling up the DagBag from /opt/airflow/dags/etl.py
[2024-11-12T00:26:38.326+0000] {processor.py:925} INFO - DAG(s) 'api_inserir_dadosH' retrieved from /opt/airflow/dags/etl.py
[2024-11-12T00:26:38.461+0000] {logging_mixin.py:190} INFO - [2024-11-12T00:26:38.460+0000] {dag.py:3239} INFO - Sync 1 DAGs
[2024-11-12T00:26:38.478+0000] {logging_mixin.py:190} INFO - [2024-11-12T00:26:38.478+0000] {dag.py:4180} INFO - Setting next_dagrun for api_inserir_dadosH to None, run_after=None
[2024-11-12T00:26:38.496+0000] {processor.py:208} INFO - Processing /opt/airflow/dags/etl.py took 0.189 seconds
