[2024-11-15T00:00:19.860+0000] {processor.py:186} INFO - Started process (PID=3180) to work on /home/airflow/.local/lib/python3.12/site-packages/airflow/example_dags/example_trigger_target_dag.py
[2024-11-15T00:00:19.861+0000] {processor.py:914} INFO - Processing file /home/airflow/.local/lib/python3.12/site-packages/airflow/example_dags/example_trigger_target_dag.py for tasks to queue
[2024-11-15T00:00:19.862+0000] {logging_mixin.py:190} INFO - [2024-11-15T00:00:19.862+0000] {dagbag.py:588} INFO - Filling up the DagBag from /home/airflow/.local/lib/python3.12/site-packages/airflow/example_dags/example_trigger_target_dag.py
[2024-11-15T00:00:19.869+0000] {processor.py:925} INFO - DAG(s) 'example_trigger_target_dag' retrieved from /home/airflow/.local/lib/python3.12/site-packages/airflow/example_dags/example_trigger_target_dag.py
[2024-11-15T00:00:19.885+0000] {logging_mixin.py:190} INFO - [2024-11-15T00:00:19.884+0000] {dag.py:3239} INFO - Sync 1 DAGs
[2024-11-15T00:00:19.897+0000] {logging_mixin.py:190} INFO - [2024-11-15T00:00:19.896+0000] {dag.py:4180} INFO - Setting next_dagrun for example_trigger_target_dag to None, run_after=None
[2024-11-15T00:00:19.913+0000] {processor.py:208} INFO - Processing /home/airflow/.local/lib/python3.12/site-packages/airflow/example_dags/example_trigger_target_dag.py took 0.058 seconds
[2024-11-15T00:00:50.267+0000] {processor.py:186} INFO - Started process (PID=3243) to work on /home/airflow/.local/lib/python3.12/site-packages/airflow/example_dags/example_trigger_target_dag.py
[2024-11-15T00:00:50.268+0000] {processor.py:914} INFO - Processing file /home/airflow/.local/lib/python3.12/site-packages/airflow/example_dags/example_trigger_target_dag.py for tasks to queue
[2024-11-15T00:00:50.270+0000] {logging_mixin.py:190} INFO - [2024-11-15T00:00:50.269+0000] {dagbag.py:588} INFO - Filling up the DagBag from /home/airflow/.local/lib/python3.12/site-packages/airflow/example_dags/example_trigger_target_dag.py
[2024-11-15T00:00:50.277+0000] {processor.py:925} INFO - DAG(s) 'example_trigger_target_dag' retrieved from /home/airflow/.local/lib/python3.12/site-packages/airflow/example_dags/example_trigger_target_dag.py
[2024-11-15T00:00:50.291+0000] {logging_mixin.py:190} INFO - [2024-11-15T00:00:50.291+0000] {dag.py:3239} INFO - Sync 1 DAGs
[2024-11-15T00:00:50.303+0000] {logging_mixin.py:190} INFO - [2024-11-15T00:00:50.303+0000] {dag.py:4180} INFO - Setting next_dagrun for example_trigger_target_dag to None, run_after=None
[2024-11-15T00:00:50.318+0000] {processor.py:208} INFO - Processing /home/airflow/.local/lib/python3.12/site-packages/airflow/example_dags/example_trigger_target_dag.py took 0.056 seconds
[2024-11-15T00:01:20.920+0000] {processor.py:186} INFO - Started process (PID=3306) to work on /home/airflow/.local/lib/python3.12/site-packages/airflow/example_dags/example_trigger_target_dag.py
[2024-11-15T00:01:20.921+0000] {processor.py:914} INFO - Processing file /home/airflow/.local/lib/python3.12/site-packages/airflow/example_dags/example_trigger_target_dag.py for tasks to queue
[2024-11-15T00:01:20.923+0000] {logging_mixin.py:190} INFO - [2024-11-15T00:01:20.923+0000] {dagbag.py:588} INFO - Filling up the DagBag from /home/airflow/.local/lib/python3.12/site-packages/airflow/example_dags/example_trigger_target_dag.py
[2024-11-15T00:01:20.930+0000] {processor.py:925} INFO - DAG(s) 'example_trigger_target_dag' retrieved from /home/airflow/.local/lib/python3.12/site-packages/airflow/example_dags/example_trigger_target_dag.py
[2024-11-15T00:01:20.946+0000] {logging_mixin.py:190} INFO - [2024-11-15T00:01:20.946+0000] {dag.py:3239} INFO - Sync 1 DAGs
[2024-11-15T00:01:21.124+0000] {logging_mixin.py:190} INFO - [2024-11-15T00:01:21.123+0000] {dag.py:4180} INFO - Setting next_dagrun for example_trigger_target_dag to None, run_after=None
[2024-11-15T00:01:21.141+0000] {processor.py:208} INFO - Processing /home/airflow/.local/lib/python3.12/site-packages/airflow/example_dags/example_trigger_target_dag.py took 0.226 seconds
[2024-11-15T00:01:51.240+0000] {processor.py:186} INFO - Started process (PID=3369) to work on /home/airflow/.local/lib/python3.12/site-packages/airflow/example_dags/example_trigger_target_dag.py
[2024-11-15T00:01:51.241+0000] {processor.py:914} INFO - Processing file /home/airflow/.local/lib/python3.12/site-packages/airflow/example_dags/example_trigger_target_dag.py for tasks to queue
[2024-11-15T00:01:51.243+0000] {logging_mixin.py:190} INFO - [2024-11-15T00:01:51.242+0000] {dagbag.py:588} INFO - Filling up the DagBag from /home/airflow/.local/lib/python3.12/site-packages/airflow/example_dags/example_trigger_target_dag.py
[2024-11-15T00:01:51.249+0000] {processor.py:925} INFO - DAG(s) 'example_trigger_target_dag' retrieved from /home/airflow/.local/lib/python3.12/site-packages/airflow/example_dags/example_trigger_target_dag.py
[2024-11-15T00:01:51.266+0000] {logging_mixin.py:190} INFO - [2024-11-15T00:01:51.266+0000] {dag.py:3239} INFO - Sync 1 DAGs
[2024-11-15T00:01:51.277+0000] {logging_mixin.py:190} INFO - [2024-11-15T00:01:51.277+0000] {dag.py:4180} INFO - Setting next_dagrun for example_trigger_target_dag to None, run_after=None
[2024-11-15T00:01:51.293+0000] {processor.py:208} INFO - Processing /home/airflow/.local/lib/python3.12/site-packages/airflow/example_dags/example_trigger_target_dag.py took 0.058 seconds
[2024-11-15T00:02:22.020+0000] {processor.py:186} INFO - Started process (PID=3432) to work on /home/airflow/.local/lib/python3.12/site-packages/airflow/example_dags/example_trigger_target_dag.py
[2024-11-15T00:02:22.020+0000] {processor.py:914} INFO - Processing file /home/airflow/.local/lib/python3.12/site-packages/airflow/example_dags/example_trigger_target_dag.py for tasks to queue
[2024-11-15T00:02:22.023+0000] {logging_mixin.py:190} INFO - [2024-11-15T00:02:22.023+0000] {dagbag.py:588} INFO - Filling up the DagBag from /home/airflow/.local/lib/python3.12/site-packages/airflow/example_dags/example_trigger_target_dag.py
[2024-11-15T00:02:22.030+0000] {processor.py:925} INFO - DAG(s) 'example_trigger_target_dag' retrieved from /home/airflow/.local/lib/python3.12/site-packages/airflow/example_dags/example_trigger_target_dag.py
[2024-11-15T00:02:22.048+0000] {logging_mixin.py:190} INFO - [2024-11-15T00:02:22.048+0000] {dag.py:3239} INFO - Sync 1 DAGs
[2024-11-15T00:02:22.061+0000] {logging_mixin.py:190} INFO - [2024-11-15T00:02:22.061+0000] {dag.py:4180} INFO - Setting next_dagrun for example_trigger_target_dag to None, run_after=None
[2024-11-15T00:02:22.075+0000] {processor.py:208} INFO - Processing /home/airflow/.local/lib/python3.12/site-packages/airflow/example_dags/example_trigger_target_dag.py took 0.061 seconds
[2024-11-15T00:02:52.298+0000] {processor.py:186} INFO - Started process (PID=3495) to work on /home/airflow/.local/lib/python3.12/site-packages/airflow/example_dags/example_trigger_target_dag.py
[2024-11-15T00:02:52.299+0000] {processor.py:914} INFO - Processing file /home/airflow/.local/lib/python3.12/site-packages/airflow/example_dags/example_trigger_target_dag.py for tasks to queue
[2024-11-15T00:02:52.301+0000] {logging_mixin.py:190} INFO - [2024-11-15T00:02:52.301+0000] {dagbag.py:588} INFO - Filling up the DagBag from /home/airflow/.local/lib/python3.12/site-packages/airflow/example_dags/example_trigger_target_dag.py
[2024-11-15T00:02:52.309+0000] {processor.py:925} INFO - DAG(s) 'example_trigger_target_dag' retrieved from /home/airflow/.local/lib/python3.12/site-packages/airflow/example_dags/example_trigger_target_dag.py
[2024-11-15T00:02:52.326+0000] {logging_mixin.py:190} INFO - [2024-11-15T00:02:52.325+0000] {dag.py:3239} INFO - Sync 1 DAGs
[2024-11-15T00:02:52.338+0000] {logging_mixin.py:190} INFO - [2024-11-15T00:02:52.338+0000] {dag.py:4180} INFO - Setting next_dagrun for example_trigger_target_dag to None, run_after=None
[2024-11-15T00:02:52.353+0000] {processor.py:208} INFO - Processing /home/airflow/.local/lib/python3.12/site-packages/airflow/example_dags/example_trigger_target_dag.py took 0.061 seconds
[2024-11-15T00:03:22.814+0000] {processor.py:186} INFO - Started process (PID=3558) to work on /home/airflow/.local/lib/python3.12/site-packages/airflow/example_dags/example_trigger_target_dag.py
[2024-11-15T00:03:22.815+0000] {processor.py:914} INFO - Processing file /home/airflow/.local/lib/python3.12/site-packages/airflow/example_dags/example_trigger_target_dag.py for tasks to queue
[2024-11-15T00:03:22.817+0000] {logging_mixin.py:190} INFO - [2024-11-15T00:03:22.817+0000] {dagbag.py:588} INFO - Filling up the DagBag from /home/airflow/.local/lib/python3.12/site-packages/airflow/example_dags/example_trigger_target_dag.py
[2024-11-15T00:03:22.824+0000] {processor.py:925} INFO - DAG(s) 'example_trigger_target_dag' retrieved from /home/airflow/.local/lib/python3.12/site-packages/airflow/example_dags/example_trigger_target_dag.py
[2024-11-15T00:03:22.842+0000] {logging_mixin.py:190} INFO - [2024-11-15T00:03:22.842+0000] {dag.py:3239} INFO - Sync 1 DAGs
[2024-11-15T00:03:22.855+0000] {logging_mixin.py:190} INFO - [2024-11-15T00:03:22.855+0000] {dag.py:4180} INFO - Setting next_dagrun for example_trigger_target_dag to None, run_after=None
[2024-11-15T00:03:22.873+0000] {processor.py:208} INFO - Processing /home/airflow/.local/lib/python3.12/site-packages/airflow/example_dags/example_trigger_target_dag.py took 0.065 seconds
[2024-11-15T00:03:53.405+0000] {processor.py:186} INFO - Started process (PID=3621) to work on /home/airflow/.local/lib/python3.12/site-packages/airflow/example_dags/example_trigger_target_dag.py
[2024-11-15T00:03:53.406+0000] {processor.py:914} INFO - Processing file /home/airflow/.local/lib/python3.12/site-packages/airflow/example_dags/example_trigger_target_dag.py for tasks to queue
[2024-11-15T00:03:53.408+0000] {logging_mixin.py:190} INFO - [2024-11-15T00:03:53.408+0000] {dagbag.py:588} INFO - Filling up the DagBag from /home/airflow/.local/lib/python3.12/site-packages/airflow/example_dags/example_trigger_target_dag.py
[2024-11-15T00:03:53.415+0000] {processor.py:925} INFO - DAG(s) 'example_trigger_target_dag' retrieved from /home/airflow/.local/lib/python3.12/site-packages/airflow/example_dags/example_trigger_target_dag.py
[2024-11-15T00:03:53.431+0000] {logging_mixin.py:190} INFO - [2024-11-15T00:03:53.431+0000] {dag.py:3239} INFO - Sync 1 DAGs
[2024-11-15T00:03:53.443+0000] {logging_mixin.py:190} INFO - [2024-11-15T00:03:53.442+0000] {dag.py:4180} INFO - Setting next_dagrun for example_trigger_target_dag to None, run_after=None
[2024-11-15T00:03:53.457+0000] {processor.py:208} INFO - Processing /home/airflow/.local/lib/python3.12/site-packages/airflow/example_dags/example_trigger_target_dag.py took 0.056 seconds
[2024-11-15T00:04:23.984+0000] {processor.py:186} INFO - Started process (PID=3684) to work on /home/airflow/.local/lib/python3.12/site-packages/airflow/example_dags/example_trigger_target_dag.py
[2024-11-15T00:04:23.985+0000] {processor.py:914} INFO - Processing file /home/airflow/.local/lib/python3.12/site-packages/airflow/example_dags/example_trigger_target_dag.py for tasks to queue
[2024-11-15T00:04:23.986+0000] {logging_mixin.py:190} INFO - [2024-11-15T00:04:23.986+0000] {dagbag.py:588} INFO - Filling up the DagBag from /home/airflow/.local/lib/python3.12/site-packages/airflow/example_dags/example_trigger_target_dag.py
[2024-11-15T00:04:23.994+0000] {processor.py:925} INFO - DAG(s) 'example_trigger_target_dag' retrieved from /home/airflow/.local/lib/python3.12/site-packages/airflow/example_dags/example_trigger_target_dag.py
[2024-11-15T00:04:24.013+0000] {logging_mixin.py:190} INFO - [2024-11-15T00:04:24.012+0000] {dag.py:3239} INFO - Sync 1 DAGs
[2024-11-15T00:04:24.026+0000] {logging_mixin.py:190} INFO - [2024-11-15T00:04:24.026+0000] {dag.py:4180} INFO - Setting next_dagrun for example_trigger_target_dag to None, run_after=None
[2024-11-15T00:04:24.042+0000] {processor.py:208} INFO - Processing /home/airflow/.local/lib/python3.12/site-packages/airflow/example_dags/example_trigger_target_dag.py took 0.064 seconds
[2024-11-15T00:04:54.386+0000] {processor.py:186} INFO - Started process (PID=3747) to work on /home/airflow/.local/lib/python3.12/site-packages/airflow/example_dags/example_trigger_target_dag.py
[2024-11-15T00:04:54.386+0000] {processor.py:914} INFO - Processing file /home/airflow/.local/lib/python3.12/site-packages/airflow/example_dags/example_trigger_target_dag.py for tasks to queue
[2024-11-15T00:04:54.389+0000] {logging_mixin.py:190} INFO - [2024-11-15T00:04:54.388+0000] {dagbag.py:588} INFO - Filling up the DagBag from /home/airflow/.local/lib/python3.12/site-packages/airflow/example_dags/example_trigger_target_dag.py
[2024-11-15T00:04:54.396+0000] {processor.py:925} INFO - DAG(s) 'example_trigger_target_dag' retrieved from /home/airflow/.local/lib/python3.12/site-packages/airflow/example_dags/example_trigger_target_dag.py
[2024-11-15T00:04:54.413+0000] {logging_mixin.py:190} INFO - [2024-11-15T00:04:54.413+0000] {dag.py:3239} INFO - Sync 1 DAGs
[2024-11-15T00:04:54.426+0000] {logging_mixin.py:190} INFO - [2024-11-15T00:04:54.426+0000] {dag.py:4180} INFO - Setting next_dagrun for example_trigger_target_dag to None, run_after=None
[2024-11-15T00:04:54.441+0000] {processor.py:208} INFO - Processing /home/airflow/.local/lib/python3.12/site-packages/airflow/example_dags/example_trigger_target_dag.py took 0.061 seconds
[2024-11-15T00:05:25.010+0000] {processor.py:186} INFO - Started process (PID=3810) to work on /home/airflow/.local/lib/python3.12/site-packages/airflow/example_dags/example_trigger_target_dag.py
[2024-11-15T00:05:25.011+0000] {processor.py:914} INFO - Processing file /home/airflow/.local/lib/python3.12/site-packages/airflow/example_dags/example_trigger_target_dag.py for tasks to queue
[2024-11-15T00:05:25.013+0000] {logging_mixin.py:190} INFO - [2024-11-15T00:05:25.013+0000] {dagbag.py:588} INFO - Filling up the DagBag from /home/airflow/.local/lib/python3.12/site-packages/airflow/example_dags/example_trigger_target_dag.py
[2024-11-15T00:05:25.020+0000] {processor.py:925} INFO - DAG(s) 'example_trigger_target_dag' retrieved from /home/airflow/.local/lib/python3.12/site-packages/airflow/example_dags/example_trigger_target_dag.py
[2024-11-15T00:05:25.039+0000] {logging_mixin.py:190} INFO - [2024-11-15T00:05:25.039+0000] {dag.py:3239} INFO - Sync 1 DAGs
[2024-11-15T00:05:25.052+0000] {logging_mixin.py:190} INFO - [2024-11-15T00:05:25.052+0000] {dag.py:4180} INFO - Setting next_dagrun for example_trigger_target_dag to None, run_after=None
[2024-11-15T00:05:25.068+0000] {processor.py:208} INFO - Processing /home/airflow/.local/lib/python3.12/site-packages/airflow/example_dags/example_trigger_target_dag.py took 0.064 seconds
[2024-11-15T00:05:55.520+0000] {processor.py:186} INFO - Started process (PID=3873) to work on /home/airflow/.local/lib/python3.12/site-packages/airflow/example_dags/example_trigger_target_dag.py
[2024-11-15T00:05:55.521+0000] {processor.py:914} INFO - Processing file /home/airflow/.local/lib/python3.12/site-packages/airflow/example_dags/example_trigger_target_dag.py for tasks to queue
[2024-11-15T00:05:55.523+0000] {logging_mixin.py:190} INFO - [2024-11-15T00:05:55.522+0000] {dagbag.py:588} INFO - Filling up the DagBag from /home/airflow/.local/lib/python3.12/site-packages/airflow/example_dags/example_trigger_target_dag.py
[2024-11-15T00:05:55.530+0000] {processor.py:925} INFO - DAG(s) 'example_trigger_target_dag' retrieved from /home/airflow/.local/lib/python3.12/site-packages/airflow/example_dags/example_trigger_target_dag.py
[2024-11-15T00:05:55.548+0000] {logging_mixin.py:190} INFO - [2024-11-15T00:05:55.547+0000] {dag.py:3239} INFO - Sync 1 DAGs
[2024-11-15T00:05:55.560+0000] {logging_mixin.py:190} INFO - [2024-11-15T00:05:55.560+0000] {dag.py:4180} INFO - Setting next_dagrun for example_trigger_target_dag to None, run_after=None
[2024-11-15T00:05:55.576+0000] {processor.py:208} INFO - Processing /home/airflow/.local/lib/python3.12/site-packages/airflow/example_dags/example_trigger_target_dag.py took 0.062 seconds
[2024-11-15T00:06:26.075+0000] {processor.py:186} INFO - Started process (PID=3936) to work on /home/airflow/.local/lib/python3.12/site-packages/airflow/example_dags/example_trigger_target_dag.py
[2024-11-15T00:06:26.075+0000] {processor.py:914} INFO - Processing file /home/airflow/.local/lib/python3.12/site-packages/airflow/example_dags/example_trigger_target_dag.py for tasks to queue
[2024-11-15T00:06:26.077+0000] {logging_mixin.py:190} INFO - [2024-11-15T00:06:26.077+0000] {dagbag.py:588} INFO - Filling up the DagBag from /home/airflow/.local/lib/python3.12/site-packages/airflow/example_dags/example_trigger_target_dag.py
[2024-11-15T00:06:26.085+0000] {processor.py:925} INFO - DAG(s) 'example_trigger_target_dag' retrieved from /home/airflow/.local/lib/python3.12/site-packages/airflow/example_dags/example_trigger_target_dag.py
[2024-11-15T00:06:26.102+0000] {logging_mixin.py:190} INFO - [2024-11-15T00:06:26.102+0000] {dag.py:3239} INFO - Sync 1 DAGs
[2024-11-15T00:06:26.113+0000] {logging_mixin.py:190} INFO - [2024-11-15T00:06:26.113+0000] {dag.py:4180} INFO - Setting next_dagrun for example_trigger_target_dag to None, run_after=None
[2024-11-15T00:06:26.127+0000] {processor.py:208} INFO - Processing /home/airflow/.local/lib/python3.12/site-packages/airflow/example_dags/example_trigger_target_dag.py took 0.057 seconds
[2024-11-15T00:06:56.307+0000] {processor.py:186} INFO - Started process (PID=3999) to work on /home/airflow/.local/lib/python3.12/site-packages/airflow/example_dags/example_trigger_target_dag.py
[2024-11-15T00:06:56.308+0000] {processor.py:914} INFO - Processing file /home/airflow/.local/lib/python3.12/site-packages/airflow/example_dags/example_trigger_target_dag.py for tasks to queue
[2024-11-15T00:06:56.310+0000] {logging_mixin.py:190} INFO - [2024-11-15T00:06:56.310+0000] {dagbag.py:588} INFO - Filling up the DagBag from /home/airflow/.local/lib/python3.12/site-packages/airflow/example_dags/example_trigger_target_dag.py
[2024-11-15T00:06:56.317+0000] {processor.py:925} INFO - DAG(s) 'example_trigger_target_dag' retrieved from /home/airflow/.local/lib/python3.12/site-packages/airflow/example_dags/example_trigger_target_dag.py
[2024-11-15T00:06:56.333+0000] {logging_mixin.py:190} INFO - [2024-11-15T00:06:56.333+0000] {dag.py:3239} INFO - Sync 1 DAGs
[2024-11-15T00:06:56.346+0000] {logging_mixin.py:190} INFO - [2024-11-15T00:06:56.346+0000] {dag.py:4180} INFO - Setting next_dagrun for example_trigger_target_dag to None, run_after=None
[2024-11-15T00:06:56.362+0000] {processor.py:208} INFO - Processing /home/airflow/.local/lib/python3.12/site-packages/airflow/example_dags/example_trigger_target_dag.py took 0.059 seconds
[2024-11-15T00:07:27.306+0000] {processor.py:186} INFO - Started process (PID=4062) to work on /home/airflow/.local/lib/python3.12/site-packages/airflow/example_dags/example_trigger_target_dag.py
[2024-11-15T00:07:27.307+0000] {processor.py:914} INFO - Processing file /home/airflow/.local/lib/python3.12/site-packages/airflow/example_dags/example_trigger_target_dag.py for tasks to queue
[2024-11-15T00:07:27.309+0000] {logging_mixin.py:190} INFO - [2024-11-15T00:07:27.308+0000] {dagbag.py:588} INFO - Filling up the DagBag from /home/airflow/.local/lib/python3.12/site-packages/airflow/example_dags/example_trigger_target_dag.py
[2024-11-15T00:07:27.315+0000] {processor.py:925} INFO - DAG(s) 'example_trigger_target_dag' retrieved from /home/airflow/.local/lib/python3.12/site-packages/airflow/example_dags/example_trigger_target_dag.py
[2024-11-15T00:07:27.332+0000] {logging_mixin.py:190} INFO - [2024-11-15T00:07:27.332+0000] {dag.py:3239} INFO - Sync 1 DAGs
[2024-11-15T00:07:27.343+0000] {logging_mixin.py:190} INFO - [2024-11-15T00:07:27.343+0000] {dag.py:4180} INFO - Setting next_dagrun for example_trigger_target_dag to None, run_after=None
[2024-11-15T00:07:27.358+0000] {processor.py:208} INFO - Processing /home/airflow/.local/lib/python3.12/site-packages/airflow/example_dags/example_trigger_target_dag.py took 0.057 seconds
[2024-11-15T00:07:57.547+0000] {processor.py:186} INFO - Started process (PID=4125) to work on /home/airflow/.local/lib/python3.12/site-packages/airflow/example_dags/example_trigger_target_dag.py
[2024-11-15T00:07:57.547+0000] {processor.py:914} INFO - Processing file /home/airflow/.local/lib/python3.12/site-packages/airflow/example_dags/example_trigger_target_dag.py for tasks to queue
[2024-11-15T00:07:57.549+0000] {logging_mixin.py:190} INFO - [2024-11-15T00:07:57.549+0000] {dagbag.py:588} INFO - Filling up the DagBag from /home/airflow/.local/lib/python3.12/site-packages/airflow/example_dags/example_trigger_target_dag.py
[2024-11-15T00:07:57.556+0000] {processor.py:925} INFO - DAG(s) 'example_trigger_target_dag' retrieved from /home/airflow/.local/lib/python3.12/site-packages/airflow/example_dags/example_trigger_target_dag.py
[2024-11-15T00:07:57.572+0000] {logging_mixin.py:190} INFO - [2024-11-15T00:07:57.572+0000] {dag.py:3239} INFO - Sync 1 DAGs
[2024-11-15T00:07:57.584+0000] {logging_mixin.py:190} INFO - [2024-11-15T00:07:57.584+0000] {dag.py:4180} INFO - Setting next_dagrun for example_trigger_target_dag to None, run_after=None
[2024-11-15T00:07:57.598+0000] {processor.py:208} INFO - Processing /home/airflow/.local/lib/python3.12/site-packages/airflow/example_dags/example_trigger_target_dag.py took 0.056 seconds
[2024-11-15T00:08:27.772+0000] {processor.py:186} INFO - Started process (PID=4188) to work on /home/airflow/.local/lib/python3.12/site-packages/airflow/example_dags/example_trigger_target_dag.py
[2024-11-15T00:08:27.773+0000] {processor.py:914} INFO - Processing file /home/airflow/.local/lib/python3.12/site-packages/airflow/example_dags/example_trigger_target_dag.py for tasks to queue
[2024-11-15T00:08:27.775+0000] {logging_mixin.py:190} INFO - [2024-11-15T00:08:27.775+0000] {dagbag.py:588} INFO - Filling up the DagBag from /home/airflow/.local/lib/python3.12/site-packages/airflow/example_dags/example_trigger_target_dag.py
[2024-11-15T00:08:27.782+0000] {processor.py:925} INFO - DAG(s) 'example_trigger_target_dag' retrieved from /home/airflow/.local/lib/python3.12/site-packages/airflow/example_dags/example_trigger_target_dag.py
[2024-11-15T00:08:27.798+0000] {logging_mixin.py:190} INFO - [2024-11-15T00:08:27.798+0000] {dag.py:3239} INFO - Sync 1 DAGs
[2024-11-15T00:08:27.811+0000] {logging_mixin.py:190} INFO - [2024-11-15T00:08:27.811+0000] {dag.py:4180} INFO - Setting next_dagrun for example_trigger_target_dag to None, run_after=None
[2024-11-15T00:08:27.829+0000] {processor.py:208} INFO - Processing /home/airflow/.local/lib/python3.12/site-packages/airflow/example_dags/example_trigger_target_dag.py took 0.062 seconds
[2024-11-15T00:08:57.990+0000] {processor.py:186} INFO - Started process (PID=4251) to work on /home/airflow/.local/lib/python3.12/site-packages/airflow/example_dags/example_trigger_target_dag.py
[2024-11-15T00:08:57.990+0000] {processor.py:914} INFO - Processing file /home/airflow/.local/lib/python3.12/site-packages/airflow/example_dags/example_trigger_target_dag.py for tasks to queue
[2024-11-15T00:08:57.992+0000] {logging_mixin.py:190} INFO - [2024-11-15T00:08:57.992+0000] {dagbag.py:588} INFO - Filling up the DagBag from /home/airflow/.local/lib/python3.12/site-packages/airflow/example_dags/example_trigger_target_dag.py
[2024-11-15T00:08:57.999+0000] {processor.py:925} INFO - DAG(s) 'example_trigger_target_dag' retrieved from /home/airflow/.local/lib/python3.12/site-packages/airflow/example_dags/example_trigger_target_dag.py
[2024-11-15T00:08:58.015+0000] {logging_mixin.py:190} INFO - [2024-11-15T00:08:58.015+0000] {dag.py:3239} INFO - Sync 1 DAGs
[2024-11-15T00:08:58.028+0000] {logging_mixin.py:190} INFO - [2024-11-15T00:08:58.027+0000] {dag.py:4180} INFO - Setting next_dagrun for example_trigger_target_dag to None, run_after=None
[2024-11-15T00:08:58.043+0000] {processor.py:208} INFO - Processing /home/airflow/.local/lib/python3.12/site-packages/airflow/example_dags/example_trigger_target_dag.py took 0.058 seconds
[2024-11-15T00:09:28.117+0000] {processor.py:186} INFO - Started process (PID=4314) to work on /home/airflow/.local/lib/python3.12/site-packages/airflow/example_dags/example_trigger_target_dag.py
[2024-11-15T00:09:28.118+0000] {processor.py:914} INFO - Processing file /home/airflow/.local/lib/python3.12/site-packages/airflow/example_dags/example_trigger_target_dag.py for tasks to queue
[2024-11-15T00:09:28.120+0000] {logging_mixin.py:190} INFO - [2024-11-15T00:09:28.119+0000] {dagbag.py:588} INFO - Filling up the DagBag from /home/airflow/.local/lib/python3.12/site-packages/airflow/example_dags/example_trigger_target_dag.py
[2024-11-15T00:09:28.127+0000] {processor.py:925} INFO - DAG(s) 'example_trigger_target_dag' retrieved from /home/airflow/.local/lib/python3.12/site-packages/airflow/example_dags/example_trigger_target_dag.py
[2024-11-15T00:09:28.143+0000] {logging_mixin.py:190} INFO - [2024-11-15T00:09:28.143+0000] {dag.py:3239} INFO - Sync 1 DAGs
[2024-11-15T00:09:28.154+0000] {logging_mixin.py:190} INFO - [2024-11-15T00:09:28.154+0000] {dag.py:4180} INFO - Setting next_dagrun for example_trigger_target_dag to None, run_after=None
[2024-11-15T00:09:28.169+0000] {processor.py:208} INFO - Processing /home/airflow/.local/lib/python3.12/site-packages/airflow/example_dags/example_trigger_target_dag.py took 0.056 seconds
[2024-11-15T00:09:58.732+0000] {processor.py:186} INFO - Started process (PID=4377) to work on /home/airflow/.local/lib/python3.12/site-packages/airflow/example_dags/example_trigger_target_dag.py
[2024-11-15T00:09:58.733+0000] {processor.py:914} INFO - Processing file /home/airflow/.local/lib/python3.12/site-packages/airflow/example_dags/example_trigger_target_dag.py for tasks to queue
[2024-11-15T00:09:58.735+0000] {logging_mixin.py:190} INFO - [2024-11-15T00:09:58.735+0000] {dagbag.py:588} INFO - Filling up the DagBag from /home/airflow/.local/lib/python3.12/site-packages/airflow/example_dags/example_trigger_target_dag.py
[2024-11-15T00:09:58.743+0000] {processor.py:925} INFO - DAG(s) 'example_trigger_target_dag' retrieved from /home/airflow/.local/lib/python3.12/site-packages/airflow/example_dags/example_trigger_target_dag.py
[2024-11-15T00:09:58.762+0000] {logging_mixin.py:190} INFO - [2024-11-15T00:09:58.761+0000] {dag.py:3239} INFO - Sync 1 DAGs
[2024-11-15T00:09:58.775+0000] {logging_mixin.py:190} INFO - [2024-11-15T00:09:58.775+0000] {dag.py:4180} INFO - Setting next_dagrun for example_trigger_target_dag to None, run_after=None
[2024-11-15T00:09:58.792+0000] {processor.py:208} INFO - Processing /home/airflow/.local/lib/python3.12/site-packages/airflow/example_dags/example_trigger_target_dag.py took 0.066 seconds
[2024-11-15T00:10:29.348+0000] {processor.py:186} INFO - Started process (PID=4440) to work on /home/airflow/.local/lib/python3.12/site-packages/airflow/example_dags/example_trigger_target_dag.py
[2024-11-15T00:10:29.349+0000] {processor.py:914} INFO - Processing file /home/airflow/.local/lib/python3.12/site-packages/airflow/example_dags/example_trigger_target_dag.py for tasks to queue
[2024-11-15T00:10:29.351+0000] {logging_mixin.py:190} INFO - [2024-11-15T00:10:29.351+0000] {dagbag.py:588} INFO - Filling up the DagBag from /home/airflow/.local/lib/python3.12/site-packages/airflow/example_dags/example_trigger_target_dag.py
[2024-11-15T00:10:29.358+0000] {processor.py:925} INFO - DAG(s) 'example_trigger_target_dag' retrieved from /home/airflow/.local/lib/python3.12/site-packages/airflow/example_dags/example_trigger_target_dag.py
[2024-11-15T00:10:29.375+0000] {logging_mixin.py:190} INFO - [2024-11-15T00:10:29.375+0000] {dag.py:3239} INFO - Sync 1 DAGs
[2024-11-15T00:10:29.389+0000] {logging_mixin.py:190} INFO - [2024-11-15T00:10:29.388+0000] {dag.py:4180} INFO - Setting next_dagrun for example_trigger_target_dag to None, run_after=None
[2024-11-15T00:10:29.405+0000] {processor.py:208} INFO - Processing /home/airflow/.local/lib/python3.12/site-packages/airflow/example_dags/example_trigger_target_dag.py took 0.062 seconds
[2024-11-15T00:16:43.502+0000] {processor.py:186} INFO - Started process (PID=4503) to work on /home/airflow/.local/lib/python3.12/site-packages/airflow/example_dags/example_trigger_target_dag.py
[2024-11-15T00:16:43.503+0000] {processor.py:914} INFO - Processing file /home/airflow/.local/lib/python3.12/site-packages/airflow/example_dags/example_trigger_target_dag.py for tasks to queue
[2024-11-15T00:16:43.507+0000] {logging_mixin.py:190} INFO - [2024-11-15T00:16:43.506+0000] {dagbag.py:588} INFO - Filling up the DagBag from /home/airflow/.local/lib/python3.12/site-packages/airflow/example_dags/example_trigger_target_dag.py
[2024-11-15T00:16:43.519+0000] {processor.py:925} INFO - DAG(s) 'example_trigger_target_dag' retrieved from /home/airflow/.local/lib/python3.12/site-packages/airflow/example_dags/example_trigger_target_dag.py
[2024-11-15T00:16:43.539+0000] {logging_mixin.py:190} INFO - [2024-11-15T00:16:43.539+0000] {dag.py:3239} INFO - Sync 1 DAGs
[2024-11-15T00:16:43.553+0000] {logging_mixin.py:190} INFO - [2024-11-15T00:16:43.553+0000] {dag.py:4180} INFO - Setting next_dagrun for example_trigger_target_dag to None, run_after=None
[2024-11-15T00:16:43.570+0000] {processor.py:208} INFO - Processing /home/airflow/.local/lib/python3.12/site-packages/airflow/example_dags/example_trigger_target_dag.py took 0.075 seconds
