[2024-11-15T00:00:05.107+0000] {processor.py:186} INFO - Started process (PID=3165) to work on /home/airflow/.local/lib/python3.12/site-packages/airflow/example_dags/example_dataset_alias.py
[2024-11-15T00:00:05.107+0000] {processor.py:914} INFO - Processing file /home/airflow/.local/lib/python3.12/site-packages/airflow/example_dags/example_dataset_alias.py for tasks to queue
[2024-11-15T00:00:05.109+0000] {logging_mixin.py:190} INFO - [2024-11-15T00:00:05.109+0000] {dagbag.py:588} INFO - Filling up the DagBag from /home/airflow/.local/lib/python3.12/site-packages/airflow/example_dags/example_dataset_alias.py
[2024-11-15T00:00:05.629+0000] {processor.py:925} INFO - DAG(s) 'dataset_s3_bucket_producer', 'dataset_alias_example_alias_producer', 'dataset_alias_example_alias_consumer', 'dataset_s3_bucket_consumer' retrieved from /home/airflow/.local/lib/python3.12/site-packages/airflow/example_dags/example_dataset_alias.py
[2024-11-15T00:00:05.649+0000] {logging_mixin.py:190} INFO - [2024-11-15T00:00:05.649+0000] {dag.py:3239} INFO - Sync 4 DAGs
[2024-11-15T00:00:05.670+0000] {logging_mixin.py:190} INFO - [2024-11-15T00:00:05.670+0000] {dag.py:4180} INFO - Setting next_dagrun for dataset_alias_example_alias_consumer to None, run_after=None
[2024-11-15T00:00:05.673+0000] {logging_mixin.py:190} INFO - [2024-11-15T00:00:05.672+0000] {dag.py:4180} INFO - Setting next_dagrun for dataset_alias_example_alias_producer to None, run_after=None
[2024-11-15T00:00:05.675+0000] {logging_mixin.py:190} INFO - [2024-11-15T00:00:05.674+0000] {dag.py:4180} INFO - Setting next_dagrun for dataset_s3_bucket_consumer to None, run_after=None
[2024-11-15T00:00:05.677+0000] {logging_mixin.py:190} INFO - [2024-11-15T00:00:05.676+0000] {dag.py:4180} INFO - Setting next_dagrun for dataset_s3_bucket_producer to None, run_after=None
[2024-11-15T00:00:05.700+0000] {processor.py:208} INFO - Processing /home/airflow/.local/lib/python3.12/site-packages/airflow/example_dags/example_dataset_alias.py took 0.598 seconds
[2024-11-15T00:00:36.864+0000] {processor.py:186} INFO - Started process (PID=3233) to work on /home/airflow/.local/lib/python3.12/site-packages/airflow/example_dags/example_dataset_alias.py
[2024-11-15T00:00:36.865+0000] {processor.py:914} INFO - Processing file /home/airflow/.local/lib/python3.12/site-packages/airflow/example_dags/example_dataset_alias.py for tasks to queue
[2024-11-15T00:00:36.868+0000] {logging_mixin.py:190} INFO - [2024-11-15T00:00:36.867+0000] {dagbag.py:588} INFO - Filling up the DagBag from /home/airflow/.local/lib/python3.12/site-packages/airflow/example_dags/example_dataset_alias.py
[2024-11-15T00:00:37.531+0000] {processor.py:925} INFO - DAG(s) 'dataset_s3_bucket_producer', 'dataset_s3_bucket_consumer', 'dataset_alias_example_alias_producer', 'dataset_alias_example_alias_consumer' retrieved from /home/airflow/.local/lib/python3.12/site-packages/airflow/example_dags/example_dataset_alias.py
[2024-11-15T00:00:37.553+0000] {logging_mixin.py:190} INFO - [2024-11-15T00:00:37.552+0000] {dag.py:3239} INFO - Sync 4 DAGs
[2024-11-15T00:00:37.574+0000] {logging_mixin.py:190} INFO - [2024-11-15T00:00:37.574+0000] {dag.py:4180} INFO - Setting next_dagrun for dataset_alias_example_alias_consumer to None, run_after=None
[2024-11-15T00:00:37.576+0000] {logging_mixin.py:190} INFO - [2024-11-15T00:00:37.576+0000] {dag.py:4180} INFO - Setting next_dagrun for dataset_alias_example_alias_producer to None, run_after=None
[2024-11-15T00:00:37.578+0000] {logging_mixin.py:190} INFO - [2024-11-15T00:00:37.578+0000] {dag.py:4180} INFO - Setting next_dagrun for dataset_s3_bucket_consumer to None, run_after=None
[2024-11-15T00:00:37.579+0000] {logging_mixin.py:190} INFO - [2024-11-15T00:00:37.579+0000] {dag.py:4180} INFO - Setting next_dagrun for dataset_s3_bucket_producer to None, run_after=None
[2024-11-15T00:00:37.598+0000] {processor.py:208} INFO - Processing /home/airflow/.local/lib/python3.12/site-packages/airflow/example_dags/example_dataset_alias.py took 0.739 seconds
[2024-11-15T00:01:09.298+0000] {processor.py:186} INFO - Started process (PID=3296) to work on /home/airflow/.local/lib/python3.12/site-packages/airflow/example_dags/example_dataset_alias.py
[2024-11-15T00:01:09.299+0000] {processor.py:914} INFO - Processing file /home/airflow/.local/lib/python3.12/site-packages/airflow/example_dags/example_dataset_alias.py for tasks to queue
[2024-11-15T00:01:09.301+0000] {logging_mixin.py:190} INFO - [2024-11-15T00:01:09.300+0000] {dagbag.py:588} INFO - Filling up the DagBag from /home/airflow/.local/lib/python3.12/site-packages/airflow/example_dags/example_dataset_alias.py
[2024-11-15T00:01:09.775+0000] {processor.py:925} INFO - DAG(s) 'dataset_s3_bucket_consumer', 'dataset_s3_bucket_producer', 'dataset_alias_example_alias_consumer', 'dataset_alias_example_alias_producer' retrieved from /home/airflow/.local/lib/python3.12/site-packages/airflow/example_dags/example_dataset_alias.py
[2024-11-15T00:01:09.793+0000] {logging_mixin.py:190} INFO - [2024-11-15T00:01:09.793+0000] {dag.py:3239} INFO - Sync 4 DAGs
[2024-11-15T00:01:09.813+0000] {logging_mixin.py:190} INFO - [2024-11-15T00:01:09.813+0000] {dag.py:4180} INFO - Setting next_dagrun for dataset_alias_example_alias_consumer to None, run_after=None
[2024-11-15T00:01:09.815+0000] {logging_mixin.py:190} INFO - [2024-11-15T00:01:09.815+0000] {dag.py:4180} INFO - Setting next_dagrun for dataset_alias_example_alias_producer to None, run_after=None
[2024-11-15T00:01:09.816+0000] {logging_mixin.py:190} INFO - [2024-11-15T00:01:09.816+0000] {dag.py:4180} INFO - Setting next_dagrun for dataset_s3_bucket_consumer to None, run_after=None
[2024-11-15T00:01:09.818+0000] {logging_mixin.py:190} INFO - [2024-11-15T00:01:09.817+0000] {dag.py:4180} INFO - Setting next_dagrun for dataset_s3_bucket_producer to None, run_after=None
[2024-11-15T00:01:09.835+0000] {processor.py:208} INFO - Processing /home/airflow/.local/lib/python3.12/site-packages/airflow/example_dags/example_dataset_alias.py took 0.541 seconds
[2024-11-15T00:01:40.638+0000] {processor.py:186} INFO - Started process (PID=3359) to work on /home/airflow/.local/lib/python3.12/site-packages/airflow/example_dags/example_dataset_alias.py
[2024-11-15T00:01:40.638+0000] {processor.py:914} INFO - Processing file /home/airflow/.local/lib/python3.12/site-packages/airflow/example_dags/example_dataset_alias.py for tasks to queue
[2024-11-15T00:01:40.640+0000] {logging_mixin.py:190} INFO - [2024-11-15T00:01:40.640+0000] {dagbag.py:588} INFO - Filling up the DagBag from /home/airflow/.local/lib/python3.12/site-packages/airflow/example_dags/example_dataset_alias.py
[2024-11-15T00:01:41.212+0000] {processor.py:925} INFO - DAG(s) 'dataset_alias_example_alias_consumer', 'dataset_s3_bucket_consumer', 'dataset_alias_example_alias_producer', 'dataset_s3_bucket_producer' retrieved from /home/airflow/.local/lib/python3.12/site-packages/airflow/example_dags/example_dataset_alias.py
[2024-11-15T00:01:41.231+0000] {logging_mixin.py:190} INFO - [2024-11-15T00:01:41.231+0000] {dag.py:3239} INFO - Sync 4 DAGs
[2024-11-15T00:01:41.250+0000] {logging_mixin.py:190} INFO - [2024-11-15T00:01:41.250+0000] {dag.py:4180} INFO - Setting next_dagrun for dataset_alias_example_alias_consumer to None, run_after=None
[2024-11-15T00:01:41.253+0000] {logging_mixin.py:190} INFO - [2024-11-15T00:01:41.253+0000] {dag.py:4180} INFO - Setting next_dagrun for dataset_alias_example_alias_producer to None, run_after=None
[2024-11-15T00:01:41.254+0000] {logging_mixin.py:190} INFO - [2024-11-15T00:01:41.254+0000] {dag.py:4180} INFO - Setting next_dagrun for dataset_s3_bucket_consumer to None, run_after=None
[2024-11-15T00:01:41.256+0000] {logging_mixin.py:190} INFO - [2024-11-15T00:01:41.255+0000] {dag.py:4180} INFO - Setting next_dagrun for dataset_s3_bucket_producer to None, run_after=None
[2024-11-15T00:01:41.274+0000] {processor.py:208} INFO - Processing /home/airflow/.local/lib/python3.12/site-packages/airflow/example_dags/example_dataset_alias.py took 0.642 seconds
[2024-11-15T00:02:11.626+0000] {processor.py:186} INFO - Started process (PID=3422) to work on /home/airflow/.local/lib/python3.12/site-packages/airflow/example_dags/example_dataset_alias.py
[2024-11-15T00:02:11.627+0000] {processor.py:914} INFO - Processing file /home/airflow/.local/lib/python3.12/site-packages/airflow/example_dags/example_dataset_alias.py for tasks to queue
[2024-11-15T00:02:11.629+0000] {logging_mixin.py:190} INFO - [2024-11-15T00:02:11.629+0000] {dagbag.py:588} INFO - Filling up the DagBag from /home/airflow/.local/lib/python3.12/site-packages/airflow/example_dags/example_dataset_alias.py
[2024-11-15T00:02:12.158+0000] {processor.py:925} INFO - DAG(s) 'dataset_alias_example_alias_producer', 'dataset_s3_bucket_consumer', 'dataset_s3_bucket_producer', 'dataset_alias_example_alias_consumer' retrieved from /home/airflow/.local/lib/python3.12/site-packages/airflow/example_dags/example_dataset_alias.py
[2024-11-15T00:02:12.179+0000] {logging_mixin.py:190} INFO - [2024-11-15T00:02:12.178+0000] {dag.py:3239} INFO - Sync 4 DAGs
[2024-11-15T00:02:12.198+0000] {logging_mixin.py:190} INFO - [2024-11-15T00:02:12.198+0000] {dag.py:4180} INFO - Setting next_dagrun for dataset_alias_example_alias_consumer to None, run_after=None
[2024-11-15T00:02:12.200+0000] {logging_mixin.py:190} INFO - [2024-11-15T00:02:12.200+0000] {dag.py:4180} INFO - Setting next_dagrun for dataset_alias_example_alias_producer to None, run_after=None
[2024-11-15T00:02:12.202+0000] {logging_mixin.py:190} INFO - [2024-11-15T00:02:12.202+0000] {dag.py:4180} INFO - Setting next_dagrun for dataset_s3_bucket_consumer to None, run_after=None
[2024-11-15T00:02:12.204+0000] {logging_mixin.py:190} INFO - [2024-11-15T00:02:12.204+0000] {dag.py:4180} INFO - Setting next_dagrun for dataset_s3_bucket_producer to None, run_after=None
[2024-11-15T00:02:12.224+0000] {processor.py:208} INFO - Processing /home/airflow/.local/lib/python3.12/site-packages/airflow/example_dags/example_dataset_alias.py took 0.605 seconds
[2024-11-15T00:02:42.705+0000] {processor.py:186} INFO - Started process (PID=3485) to work on /home/airflow/.local/lib/python3.12/site-packages/airflow/example_dags/example_dataset_alias.py
[2024-11-15T00:02:42.707+0000] {processor.py:914} INFO - Processing file /home/airflow/.local/lib/python3.12/site-packages/airflow/example_dags/example_dataset_alias.py for tasks to queue
[2024-11-15T00:02:42.709+0000] {logging_mixin.py:190} INFO - [2024-11-15T00:02:42.709+0000] {dagbag.py:588} INFO - Filling up the DagBag from /home/airflow/.local/lib/python3.12/site-packages/airflow/example_dags/example_dataset_alias.py
[2024-11-15T00:02:43.053+0000] {processor.py:925} INFO - DAG(s) 'dataset_alias_example_alias_consumer', 'dataset_alias_example_alias_producer', 'dataset_s3_bucket_producer', 'dataset_s3_bucket_consumer' retrieved from /home/airflow/.local/lib/python3.12/site-packages/airflow/example_dags/example_dataset_alias.py
[2024-11-15T00:02:43.074+0000] {logging_mixin.py:190} INFO - [2024-11-15T00:02:43.074+0000] {dag.py:3239} INFO - Sync 4 DAGs
[2024-11-15T00:02:43.095+0000] {logging_mixin.py:190} INFO - [2024-11-15T00:02:43.095+0000] {dag.py:4180} INFO - Setting next_dagrun for dataset_alias_example_alias_consumer to None, run_after=None
[2024-11-15T00:02:43.097+0000] {logging_mixin.py:190} INFO - [2024-11-15T00:02:43.097+0000] {dag.py:4180} INFO - Setting next_dagrun for dataset_alias_example_alias_producer to None, run_after=None
[2024-11-15T00:02:43.098+0000] {logging_mixin.py:190} INFO - [2024-11-15T00:02:43.098+0000] {dag.py:4180} INFO - Setting next_dagrun for dataset_s3_bucket_consumer to None, run_after=None
[2024-11-15T00:02:43.100+0000] {logging_mixin.py:190} INFO - [2024-11-15T00:02:43.099+0000] {dag.py:4180} INFO - Setting next_dagrun for dataset_s3_bucket_producer to None, run_after=None
[2024-11-15T00:02:43.119+0000] {processor.py:208} INFO - Processing /home/airflow/.local/lib/python3.12/site-packages/airflow/example_dags/example_dataset_alias.py took 0.419 seconds
[2024-11-15T00:03:13.930+0000] {processor.py:186} INFO - Started process (PID=3548) to work on /home/airflow/.local/lib/python3.12/site-packages/airflow/example_dags/example_dataset_alias.py
[2024-11-15T00:03:13.932+0000] {processor.py:914} INFO - Processing file /home/airflow/.local/lib/python3.12/site-packages/airflow/example_dags/example_dataset_alias.py for tasks to queue
[2024-11-15T00:03:13.934+0000] {logging_mixin.py:190} INFO - [2024-11-15T00:03:13.934+0000] {dagbag.py:588} INFO - Filling up the DagBag from /home/airflow/.local/lib/python3.12/site-packages/airflow/example_dags/example_dataset_alias.py
[2024-11-15T00:03:14.260+0000] {processor.py:925} INFO - DAG(s) 'dataset_alias_example_alias_consumer', 'dataset_s3_bucket_consumer', 'dataset_alias_example_alias_producer', 'dataset_s3_bucket_producer' retrieved from /home/airflow/.local/lib/python3.12/site-packages/airflow/example_dags/example_dataset_alias.py
[2024-11-15T00:03:14.279+0000] {logging_mixin.py:190} INFO - [2024-11-15T00:03:14.278+0000] {dag.py:3239} INFO - Sync 4 DAGs
[2024-11-15T00:03:14.300+0000] {logging_mixin.py:190} INFO - [2024-11-15T00:03:14.300+0000] {dag.py:4180} INFO - Setting next_dagrun for dataset_alias_example_alias_consumer to None, run_after=None
[2024-11-15T00:03:14.302+0000] {logging_mixin.py:190} INFO - [2024-11-15T00:03:14.302+0000] {dag.py:4180} INFO - Setting next_dagrun for dataset_alias_example_alias_producer to None, run_after=None
[2024-11-15T00:03:14.304+0000] {logging_mixin.py:190} INFO - [2024-11-15T00:03:14.303+0000] {dag.py:4180} INFO - Setting next_dagrun for dataset_s3_bucket_consumer to None, run_after=None
[2024-11-15T00:03:14.305+0000] {logging_mixin.py:190} INFO - [2024-11-15T00:03:14.304+0000] {dag.py:4180} INFO - Setting next_dagrun for dataset_s3_bucket_producer to None, run_after=None
[2024-11-15T00:03:14.327+0000] {processor.py:208} INFO - Processing /home/airflow/.local/lib/python3.12/site-packages/airflow/example_dags/example_dataset_alias.py took 0.402 seconds
[2024-11-15T00:03:44.515+0000] {processor.py:186} INFO - Started process (PID=3611) to work on /home/airflow/.local/lib/python3.12/site-packages/airflow/example_dags/example_dataset_alias.py
[2024-11-15T00:03:44.516+0000] {processor.py:914} INFO - Processing file /home/airflow/.local/lib/python3.12/site-packages/airflow/example_dags/example_dataset_alias.py for tasks to queue
[2024-11-15T00:03:44.518+0000] {logging_mixin.py:190} INFO - [2024-11-15T00:03:44.517+0000] {dagbag.py:588} INFO - Filling up the DagBag from /home/airflow/.local/lib/python3.12/site-packages/airflow/example_dags/example_dataset_alias.py
[2024-11-15T00:03:44.851+0000] {processor.py:925} INFO - DAG(s) 'dataset_s3_bucket_producer', 'dataset_alias_example_alias_consumer', 'dataset_s3_bucket_consumer', 'dataset_alias_example_alias_producer' retrieved from /home/airflow/.local/lib/python3.12/site-packages/airflow/example_dags/example_dataset_alias.py
[2024-11-15T00:03:44.870+0000] {logging_mixin.py:190} INFO - [2024-11-15T00:03:44.869+0000] {dag.py:3239} INFO - Sync 4 DAGs
[2024-11-15T00:03:44.890+0000] {logging_mixin.py:190} INFO - [2024-11-15T00:03:44.890+0000] {dag.py:4180} INFO - Setting next_dagrun for dataset_alias_example_alias_consumer to None, run_after=None
[2024-11-15T00:03:44.892+0000] {logging_mixin.py:190} INFO - [2024-11-15T00:03:44.892+0000] {dag.py:4180} INFO - Setting next_dagrun for dataset_alias_example_alias_producer to None, run_after=None
[2024-11-15T00:03:44.894+0000] {logging_mixin.py:190} INFO - [2024-11-15T00:03:44.893+0000] {dag.py:4180} INFO - Setting next_dagrun for dataset_s3_bucket_consumer to None, run_after=None
[2024-11-15T00:03:44.895+0000] {logging_mixin.py:190} INFO - [2024-11-15T00:03:44.895+0000] {dag.py:4180} INFO - Setting next_dagrun for dataset_s3_bucket_producer to None, run_after=None
[2024-11-15T00:03:44.913+0000] {processor.py:208} INFO - Processing /home/airflow/.local/lib/python3.12/site-packages/airflow/example_dags/example_dataset_alias.py took 0.404 seconds
[2024-11-15T00:04:15.001+0000] {processor.py:186} INFO - Started process (PID=3674) to work on /home/airflow/.local/lib/python3.12/site-packages/airflow/example_dags/example_dataset_alias.py
[2024-11-15T00:04:15.003+0000] {processor.py:914} INFO - Processing file /home/airflow/.local/lib/python3.12/site-packages/airflow/example_dags/example_dataset_alias.py for tasks to queue
[2024-11-15T00:04:15.004+0000] {logging_mixin.py:190} INFO - [2024-11-15T00:04:15.004+0000] {dagbag.py:588} INFO - Filling up the DagBag from /home/airflow/.local/lib/python3.12/site-packages/airflow/example_dags/example_dataset_alias.py
[2024-11-15T00:04:15.332+0000] {processor.py:925} INFO - DAG(s) 'dataset_s3_bucket_consumer', 'dataset_s3_bucket_producer', 'dataset_alias_example_alias_consumer', 'dataset_alias_example_alias_producer' retrieved from /home/airflow/.local/lib/python3.12/site-packages/airflow/example_dags/example_dataset_alias.py
[2024-11-15T00:04:15.352+0000] {logging_mixin.py:190} INFO - [2024-11-15T00:04:15.351+0000] {dag.py:3239} INFO - Sync 4 DAGs
[2024-11-15T00:04:15.373+0000] {logging_mixin.py:190} INFO - [2024-11-15T00:04:15.373+0000] {dag.py:4180} INFO - Setting next_dagrun for dataset_alias_example_alias_consumer to None, run_after=None
[2024-11-15T00:04:15.376+0000] {logging_mixin.py:190} INFO - [2024-11-15T00:04:15.376+0000] {dag.py:4180} INFO - Setting next_dagrun for dataset_alias_example_alias_producer to None, run_after=None
[2024-11-15T00:04:15.377+0000] {logging_mixin.py:190} INFO - [2024-11-15T00:04:15.377+0000] {dag.py:4180} INFO - Setting next_dagrun for dataset_s3_bucket_consumer to None, run_after=None
[2024-11-15T00:04:15.379+0000] {logging_mixin.py:190} INFO - [2024-11-15T00:04:15.378+0000] {dag.py:4180} INFO - Setting next_dagrun for dataset_s3_bucket_producer to None, run_after=None
[2024-11-15T00:04:15.398+0000] {processor.py:208} INFO - Processing /home/airflow/.local/lib/python3.12/site-packages/airflow/example_dags/example_dataset_alias.py took 0.403 seconds
[2024-11-15T00:04:45.522+0000] {processor.py:186} INFO - Started process (PID=3737) to work on /home/airflow/.local/lib/python3.12/site-packages/airflow/example_dags/example_dataset_alias.py
[2024-11-15T00:04:45.523+0000] {processor.py:914} INFO - Processing file /home/airflow/.local/lib/python3.12/site-packages/airflow/example_dags/example_dataset_alias.py for tasks to queue
[2024-11-15T00:04:45.525+0000] {logging_mixin.py:190} INFO - [2024-11-15T00:04:45.525+0000] {dagbag.py:588} INFO - Filling up the DagBag from /home/airflow/.local/lib/python3.12/site-packages/airflow/example_dags/example_dataset_alias.py
[2024-11-15T00:04:45.860+0000] {processor.py:925} INFO - DAG(s) 'dataset_s3_bucket_consumer', 'dataset_alias_example_alias_consumer', 'dataset_alias_example_alias_producer', 'dataset_s3_bucket_producer' retrieved from /home/airflow/.local/lib/python3.12/site-packages/airflow/example_dags/example_dataset_alias.py
[2024-11-15T00:04:45.878+0000] {logging_mixin.py:190} INFO - [2024-11-15T00:04:45.877+0000] {dag.py:3239} INFO - Sync 4 DAGs
[2024-11-15T00:04:45.900+0000] {logging_mixin.py:190} INFO - [2024-11-15T00:04:45.900+0000] {dag.py:4180} INFO - Setting next_dagrun for dataset_alias_example_alias_consumer to None, run_after=None
[2024-11-15T00:04:45.903+0000] {logging_mixin.py:190} INFO - [2024-11-15T00:04:45.903+0000] {dag.py:4180} INFO - Setting next_dagrun for dataset_alias_example_alias_producer to None, run_after=None
[2024-11-15T00:04:45.904+0000] {logging_mixin.py:190} INFO - [2024-11-15T00:04:45.904+0000] {dag.py:4180} INFO - Setting next_dagrun for dataset_s3_bucket_consumer to None, run_after=None
[2024-11-15T00:04:45.906+0000] {logging_mixin.py:190} INFO - [2024-11-15T00:04:45.906+0000] {dag.py:4180} INFO - Setting next_dagrun for dataset_s3_bucket_producer to None, run_after=None
[2024-11-15T00:04:45.927+0000] {processor.py:208} INFO - Processing /home/airflow/.local/lib/python3.12/site-packages/airflow/example_dags/example_dataset_alias.py took 0.410 seconds
[2024-11-15T00:05:15.973+0000] {processor.py:186} INFO - Started process (PID=3800) to work on /home/airflow/.local/lib/python3.12/site-packages/airflow/example_dags/example_dataset_alias.py
[2024-11-15T00:05:15.973+0000] {processor.py:914} INFO - Processing file /home/airflow/.local/lib/python3.12/site-packages/airflow/example_dags/example_dataset_alias.py for tasks to queue
[2024-11-15T00:05:15.975+0000] {logging_mixin.py:190} INFO - [2024-11-15T00:05:15.975+0000] {dagbag.py:588} INFO - Filling up the DagBag from /home/airflow/.local/lib/python3.12/site-packages/airflow/example_dags/example_dataset_alias.py
[2024-11-15T00:05:16.309+0000] {processor.py:925} INFO - DAG(s) 'dataset_alias_example_alias_consumer', 'dataset_alias_example_alias_producer', 'dataset_s3_bucket_producer', 'dataset_s3_bucket_consumer' retrieved from /home/airflow/.local/lib/python3.12/site-packages/airflow/example_dags/example_dataset_alias.py
[2024-11-15T00:05:16.328+0000] {logging_mixin.py:190} INFO - [2024-11-15T00:05:16.327+0000] {dag.py:3239} INFO - Sync 4 DAGs
[2024-11-15T00:05:16.348+0000] {logging_mixin.py:190} INFO - [2024-11-15T00:05:16.348+0000] {dag.py:4180} INFO - Setting next_dagrun for dataset_alias_example_alias_consumer to None, run_after=None
[2024-11-15T00:05:16.351+0000] {logging_mixin.py:190} INFO - [2024-11-15T00:05:16.350+0000] {dag.py:4180} INFO - Setting next_dagrun for dataset_alias_example_alias_producer to None, run_after=None
[2024-11-15T00:05:16.352+0000] {logging_mixin.py:190} INFO - [2024-11-15T00:05:16.352+0000] {dag.py:4180} INFO - Setting next_dagrun for dataset_s3_bucket_consumer to None, run_after=None
[2024-11-15T00:05:16.353+0000] {logging_mixin.py:190} INFO - [2024-11-15T00:05:16.353+0000] {dag.py:4180} INFO - Setting next_dagrun for dataset_s3_bucket_producer to None, run_after=None
[2024-11-15T00:05:16.373+0000] {processor.py:208} INFO - Processing /home/airflow/.local/lib/python3.12/site-packages/airflow/example_dags/example_dataset_alias.py took 0.405 seconds
[2024-11-15T00:05:46.555+0000] {processor.py:186} INFO - Started process (PID=3863) to work on /home/airflow/.local/lib/python3.12/site-packages/airflow/example_dags/example_dataset_alias.py
[2024-11-15T00:05:46.557+0000] {processor.py:914} INFO - Processing file /home/airflow/.local/lib/python3.12/site-packages/airflow/example_dags/example_dataset_alias.py for tasks to queue
[2024-11-15T00:05:46.559+0000] {logging_mixin.py:190} INFO - [2024-11-15T00:05:46.559+0000] {dagbag.py:588} INFO - Filling up the DagBag from /home/airflow/.local/lib/python3.12/site-packages/airflow/example_dags/example_dataset_alias.py
[2024-11-15T00:05:46.881+0000] {processor.py:925} INFO - DAG(s) 'dataset_s3_bucket_producer', 'dataset_alias_example_alias_consumer', 'dataset_s3_bucket_consumer', 'dataset_alias_example_alias_producer' retrieved from /home/airflow/.local/lib/python3.12/site-packages/airflow/example_dags/example_dataset_alias.py
[2024-11-15T00:05:46.901+0000] {logging_mixin.py:190} INFO - [2024-11-15T00:05:46.900+0000] {dag.py:3239} INFO - Sync 4 DAGs
[2024-11-15T00:05:46.920+0000] {logging_mixin.py:190} INFO - [2024-11-15T00:05:46.920+0000] {dag.py:4180} INFO - Setting next_dagrun for dataset_alias_example_alias_consumer to None, run_after=None
[2024-11-15T00:05:46.922+0000] {logging_mixin.py:190} INFO - [2024-11-15T00:05:46.922+0000] {dag.py:4180} INFO - Setting next_dagrun for dataset_alias_example_alias_producer to None, run_after=None
[2024-11-15T00:05:46.923+0000] {logging_mixin.py:190} INFO - [2024-11-15T00:05:46.923+0000] {dag.py:4180} INFO - Setting next_dagrun for dataset_s3_bucket_consumer to None, run_after=None
[2024-11-15T00:05:46.925+0000] {logging_mixin.py:190} INFO - [2024-11-15T00:05:46.924+0000] {dag.py:4180} INFO - Setting next_dagrun for dataset_s3_bucket_producer to None, run_after=None
[2024-11-15T00:05:46.943+0000] {processor.py:208} INFO - Processing /home/airflow/.local/lib/python3.12/site-packages/airflow/example_dags/example_dataset_alias.py took 0.394 seconds
[2024-11-15T00:06:17.097+0000] {processor.py:186} INFO - Started process (PID=3926) to work on /home/airflow/.local/lib/python3.12/site-packages/airflow/example_dags/example_dataset_alias.py
[2024-11-15T00:06:17.098+0000] {processor.py:914} INFO - Processing file /home/airflow/.local/lib/python3.12/site-packages/airflow/example_dags/example_dataset_alias.py for tasks to queue
[2024-11-15T00:06:17.100+0000] {logging_mixin.py:190} INFO - [2024-11-15T00:06:17.100+0000] {dagbag.py:588} INFO - Filling up the DagBag from /home/airflow/.local/lib/python3.12/site-packages/airflow/example_dags/example_dataset_alias.py
[2024-11-15T00:06:17.451+0000] {processor.py:925} INFO - DAG(s) 'dataset_s3_bucket_consumer', 'dataset_s3_bucket_producer', 'dataset_alias_example_alias_producer', 'dataset_alias_example_alias_consumer' retrieved from /home/airflow/.local/lib/python3.12/site-packages/airflow/example_dags/example_dataset_alias.py
[2024-11-15T00:06:17.469+0000] {logging_mixin.py:190} INFO - [2024-11-15T00:06:17.469+0000] {dag.py:3239} INFO - Sync 4 DAGs
[2024-11-15T00:06:17.491+0000] {logging_mixin.py:190} INFO - [2024-11-15T00:06:17.490+0000] {dag.py:4180} INFO - Setting next_dagrun for dataset_alias_example_alias_consumer to None, run_after=None
[2024-11-15T00:06:17.493+0000] {logging_mixin.py:190} INFO - [2024-11-15T00:06:17.493+0000] {dag.py:4180} INFO - Setting next_dagrun for dataset_alias_example_alias_producer to None, run_after=None
[2024-11-15T00:06:17.494+0000] {logging_mixin.py:190} INFO - [2024-11-15T00:06:17.494+0000] {dag.py:4180} INFO - Setting next_dagrun for dataset_s3_bucket_consumer to None, run_after=None
[2024-11-15T00:06:17.496+0000] {logging_mixin.py:190} INFO - [2024-11-15T00:06:17.495+0000] {dag.py:4180} INFO - Setting next_dagrun for dataset_s3_bucket_producer to None, run_after=None
[2024-11-15T00:06:17.514+0000] {processor.py:208} INFO - Processing /home/airflow/.local/lib/python3.12/site-packages/airflow/example_dags/example_dataset_alias.py took 0.421 seconds
[2024-11-15T00:06:48.247+0000] {processor.py:186} INFO - Started process (PID=3989) to work on /home/airflow/.local/lib/python3.12/site-packages/airflow/example_dags/example_dataset_alias.py
[2024-11-15T00:06:48.249+0000] {processor.py:914} INFO - Processing file /home/airflow/.local/lib/python3.12/site-packages/airflow/example_dags/example_dataset_alias.py for tasks to queue
[2024-11-15T00:06:48.252+0000] {logging_mixin.py:190} INFO - [2024-11-15T00:06:48.252+0000] {dagbag.py:588} INFO - Filling up the DagBag from /home/airflow/.local/lib/python3.12/site-packages/airflow/example_dags/example_dataset_alias.py
[2024-11-15T00:06:48.586+0000] {processor.py:925} INFO - DAG(s) 'dataset_s3_bucket_producer', 'dataset_s3_bucket_consumer', 'dataset_alias_example_alias_consumer', 'dataset_alias_example_alias_producer' retrieved from /home/airflow/.local/lib/python3.12/site-packages/airflow/example_dags/example_dataset_alias.py
[2024-11-15T00:06:48.606+0000] {logging_mixin.py:190} INFO - [2024-11-15T00:06:48.605+0000] {dag.py:3239} INFO - Sync 4 DAGs
[2024-11-15T00:06:48.628+0000] {logging_mixin.py:190} INFO - [2024-11-15T00:06:48.628+0000] {dag.py:4180} INFO - Setting next_dagrun for dataset_alias_example_alias_consumer to None, run_after=None
[2024-11-15T00:06:48.631+0000] {logging_mixin.py:190} INFO - [2024-11-15T00:06:48.630+0000] {dag.py:4180} INFO - Setting next_dagrun for dataset_alias_example_alias_producer to None, run_after=None
[2024-11-15T00:06:48.632+0000] {logging_mixin.py:190} INFO - [2024-11-15T00:06:48.632+0000] {dag.py:4180} INFO - Setting next_dagrun for dataset_s3_bucket_consumer to None, run_after=None
[2024-11-15T00:06:48.633+0000] {logging_mixin.py:190} INFO - [2024-11-15T00:06:48.633+0000] {dag.py:4180} INFO - Setting next_dagrun for dataset_s3_bucket_producer to None, run_after=None
[2024-11-15T00:06:48.663+0000] {processor.py:208} INFO - Processing /home/airflow/.local/lib/python3.12/site-packages/airflow/example_dags/example_dataset_alias.py took 0.421 seconds
[2024-11-15T00:07:19.275+0000] {processor.py:186} INFO - Started process (PID=4052) to work on /home/airflow/.local/lib/python3.12/site-packages/airflow/example_dags/example_dataset_alias.py
[2024-11-15T00:07:19.277+0000] {processor.py:914} INFO - Processing file /home/airflow/.local/lib/python3.12/site-packages/airflow/example_dags/example_dataset_alias.py for tasks to queue
[2024-11-15T00:07:19.279+0000] {logging_mixin.py:190} INFO - [2024-11-15T00:07:19.278+0000] {dagbag.py:588} INFO - Filling up the DagBag from /home/airflow/.local/lib/python3.12/site-packages/airflow/example_dags/example_dataset_alias.py
[2024-11-15T00:07:19.611+0000] {processor.py:925} INFO - DAG(s) 'dataset_alias_example_alias_consumer', 'dataset_alias_example_alias_producer', 'dataset_s3_bucket_consumer', 'dataset_s3_bucket_producer' retrieved from /home/airflow/.local/lib/python3.12/site-packages/airflow/example_dags/example_dataset_alias.py
[2024-11-15T00:07:19.632+0000] {logging_mixin.py:190} INFO - [2024-11-15T00:07:19.631+0000] {dag.py:3239} INFO - Sync 4 DAGs
[2024-11-15T00:07:19.651+0000] {logging_mixin.py:190} INFO - [2024-11-15T00:07:19.651+0000] {dag.py:4180} INFO - Setting next_dagrun for dataset_alias_example_alias_consumer to None, run_after=None
[2024-11-15T00:07:19.654+0000] {logging_mixin.py:190} INFO - [2024-11-15T00:07:19.653+0000] {dag.py:4180} INFO - Setting next_dagrun for dataset_alias_example_alias_producer to None, run_after=None
[2024-11-15T00:07:19.655+0000] {logging_mixin.py:190} INFO - [2024-11-15T00:07:19.655+0000] {dag.py:4180} INFO - Setting next_dagrun for dataset_s3_bucket_consumer to None, run_after=None
[2024-11-15T00:07:19.656+0000] {logging_mixin.py:190} INFO - [2024-11-15T00:07:19.656+0000] {dag.py:4180} INFO - Setting next_dagrun for dataset_s3_bucket_producer to None, run_after=None
[2024-11-15T00:07:19.675+0000] {processor.py:208} INFO - Processing /home/airflow/.local/lib/python3.12/site-packages/airflow/example_dags/example_dataset_alias.py took 0.405 seconds
[2024-11-15T00:07:50.547+0000] {processor.py:186} INFO - Started process (PID=4115) to work on /home/airflow/.local/lib/python3.12/site-packages/airflow/example_dags/example_dataset_alias.py
[2024-11-15T00:07:50.548+0000] {processor.py:914} INFO - Processing file /home/airflow/.local/lib/python3.12/site-packages/airflow/example_dags/example_dataset_alias.py for tasks to queue
[2024-11-15T00:07:50.550+0000] {logging_mixin.py:190} INFO - [2024-11-15T00:07:50.549+0000] {dagbag.py:588} INFO - Filling up the DagBag from /home/airflow/.local/lib/python3.12/site-packages/airflow/example_dags/example_dataset_alias.py
[2024-11-15T00:07:50.874+0000] {processor.py:925} INFO - DAG(s) 'dataset_s3_bucket_consumer', 'dataset_alias_example_alias_consumer', 'dataset_s3_bucket_producer', 'dataset_alias_example_alias_producer' retrieved from /home/airflow/.local/lib/python3.12/site-packages/airflow/example_dags/example_dataset_alias.py
[2024-11-15T00:07:50.892+0000] {logging_mixin.py:190} INFO - [2024-11-15T00:07:50.892+0000] {dag.py:3239} INFO - Sync 4 DAGs
[2024-11-15T00:07:50.914+0000] {logging_mixin.py:190} INFO - [2024-11-15T00:07:50.914+0000] {dag.py:4180} INFO - Setting next_dagrun for dataset_alias_example_alias_consumer to None, run_after=None
[2024-11-15T00:07:50.916+0000] {logging_mixin.py:190} INFO - [2024-11-15T00:07:50.916+0000] {dag.py:4180} INFO - Setting next_dagrun for dataset_alias_example_alias_producer to None, run_after=None
[2024-11-15T00:07:50.918+0000] {logging_mixin.py:190} INFO - [2024-11-15T00:07:50.918+0000] {dag.py:4180} INFO - Setting next_dagrun for dataset_s3_bucket_consumer to None, run_after=None
[2024-11-15T00:07:50.919+0000] {logging_mixin.py:190} INFO - [2024-11-15T00:07:50.919+0000] {dag.py:4180} INFO - Setting next_dagrun for dataset_s3_bucket_producer to None, run_after=None
[2024-11-15T00:07:50.938+0000] {processor.py:208} INFO - Processing /home/airflow/.local/lib/python3.12/site-packages/airflow/example_dags/example_dataset_alias.py took 0.396 seconds
[2024-11-15T00:08:21.765+0000] {processor.py:186} INFO - Started process (PID=4178) to work on /home/airflow/.local/lib/python3.12/site-packages/airflow/example_dags/example_dataset_alias.py
[2024-11-15T00:08:21.766+0000] {processor.py:914} INFO - Processing file /home/airflow/.local/lib/python3.12/site-packages/airflow/example_dags/example_dataset_alias.py for tasks to queue
[2024-11-15T00:08:21.768+0000] {logging_mixin.py:190} INFO - [2024-11-15T00:08:21.767+0000] {dagbag.py:588} INFO - Filling up the DagBag from /home/airflow/.local/lib/python3.12/site-packages/airflow/example_dags/example_dataset_alias.py
[2024-11-15T00:08:22.110+0000] {processor.py:925} INFO - DAG(s) 'dataset_s3_bucket_producer', 'dataset_alias_example_alias_producer', 'dataset_s3_bucket_consumer', 'dataset_alias_example_alias_consumer' retrieved from /home/airflow/.local/lib/python3.12/site-packages/airflow/example_dags/example_dataset_alias.py
[2024-11-15T00:08:22.129+0000] {logging_mixin.py:190} INFO - [2024-11-15T00:08:22.128+0000] {dag.py:3239} INFO - Sync 4 DAGs
[2024-11-15T00:08:22.149+0000] {logging_mixin.py:190} INFO - [2024-11-15T00:08:22.149+0000] {dag.py:4180} INFO - Setting next_dagrun for dataset_alias_example_alias_consumer to None, run_after=None
[2024-11-15T00:08:22.151+0000] {logging_mixin.py:190} INFO - [2024-11-15T00:08:22.151+0000] {dag.py:4180} INFO - Setting next_dagrun for dataset_alias_example_alias_producer to None, run_after=None
[2024-11-15T00:08:22.153+0000] {logging_mixin.py:190} INFO - [2024-11-15T00:08:22.153+0000] {dag.py:4180} INFO - Setting next_dagrun for dataset_s3_bucket_consumer to None, run_after=None
[2024-11-15T00:08:22.154+0000] {logging_mixin.py:190} INFO - [2024-11-15T00:08:22.154+0000] {dag.py:4180} INFO - Setting next_dagrun for dataset_s3_bucket_producer to None, run_after=None
[2024-11-15T00:08:22.172+0000] {processor.py:208} INFO - Processing /home/airflow/.local/lib/python3.12/site-packages/airflow/example_dags/example_dataset_alias.py took 0.412 seconds
[2024-11-15T00:08:52.967+0000] {processor.py:186} INFO - Started process (PID=4241) to work on /home/airflow/.local/lib/python3.12/site-packages/airflow/example_dags/example_dataset_alias.py
[2024-11-15T00:08:52.968+0000] {processor.py:914} INFO - Processing file /home/airflow/.local/lib/python3.12/site-packages/airflow/example_dags/example_dataset_alias.py for tasks to queue
[2024-11-15T00:08:52.970+0000] {logging_mixin.py:190} INFO - [2024-11-15T00:08:52.970+0000] {dagbag.py:588} INFO - Filling up the DagBag from /home/airflow/.local/lib/python3.12/site-packages/airflow/example_dags/example_dataset_alias.py
[2024-11-15T00:08:53.320+0000] {processor.py:925} INFO - DAG(s) 'dataset_s3_bucket_consumer', 'dataset_alias_example_alias_consumer', 'dataset_alias_example_alias_producer', 'dataset_s3_bucket_producer' retrieved from /home/airflow/.local/lib/python3.12/site-packages/airflow/example_dags/example_dataset_alias.py
[2024-11-15T00:08:53.342+0000] {logging_mixin.py:190} INFO - [2024-11-15T00:08:53.341+0000] {dag.py:3239} INFO - Sync 4 DAGs
[2024-11-15T00:08:53.364+0000] {logging_mixin.py:190} INFO - [2024-11-15T00:08:53.364+0000] {dag.py:4180} INFO - Setting next_dagrun for dataset_alias_example_alias_consumer to None, run_after=None
[2024-11-15T00:08:53.366+0000] {logging_mixin.py:190} INFO - [2024-11-15T00:08:53.366+0000] {dag.py:4180} INFO - Setting next_dagrun for dataset_alias_example_alias_producer to None, run_after=None
[2024-11-15T00:08:53.368+0000] {logging_mixin.py:190} INFO - [2024-11-15T00:08:53.368+0000] {dag.py:4180} INFO - Setting next_dagrun for dataset_s3_bucket_consumer to None, run_after=None
[2024-11-15T00:08:53.369+0000] {logging_mixin.py:190} INFO - [2024-11-15T00:08:53.369+0000] {dag.py:4180} INFO - Setting next_dagrun for dataset_s3_bucket_producer to None, run_after=None
[2024-11-15T00:08:53.388+0000] {processor.py:208} INFO - Processing /home/airflow/.local/lib/python3.12/site-packages/airflow/example_dags/example_dataset_alias.py took 0.427 seconds
[2024-11-15T00:09:24.168+0000] {processor.py:186} INFO - Started process (PID=4304) to work on /home/airflow/.local/lib/python3.12/site-packages/airflow/example_dags/example_dataset_alias.py
[2024-11-15T00:09:24.169+0000] {processor.py:914} INFO - Processing file /home/airflow/.local/lib/python3.12/site-packages/airflow/example_dags/example_dataset_alias.py for tasks to queue
[2024-11-15T00:09:24.171+0000] {logging_mixin.py:190} INFO - [2024-11-15T00:09:24.171+0000] {dagbag.py:588} INFO - Filling up the DagBag from /home/airflow/.local/lib/python3.12/site-packages/airflow/example_dags/example_dataset_alias.py
[2024-11-15T00:09:24.545+0000] {processor.py:925} INFO - DAG(s) 'dataset_alias_example_alias_producer', 'dataset_s3_bucket_producer', 'dataset_alias_example_alias_consumer', 'dataset_s3_bucket_consumer' retrieved from /home/airflow/.local/lib/python3.12/site-packages/airflow/example_dags/example_dataset_alias.py
[2024-11-15T00:09:24.569+0000] {logging_mixin.py:190} INFO - [2024-11-15T00:09:24.568+0000] {dag.py:3239} INFO - Sync 4 DAGs
[2024-11-15T00:09:24.594+0000] {logging_mixin.py:190} INFO - [2024-11-15T00:09:24.593+0000] {dag.py:4180} INFO - Setting next_dagrun for dataset_alias_example_alias_consumer to None, run_after=None
[2024-11-15T00:09:24.596+0000] {logging_mixin.py:190} INFO - [2024-11-15T00:09:24.596+0000] {dag.py:4180} INFO - Setting next_dagrun for dataset_alias_example_alias_producer to None, run_after=None
[2024-11-15T00:09:24.597+0000] {logging_mixin.py:190} INFO - [2024-11-15T00:09:24.597+0000] {dag.py:4180} INFO - Setting next_dagrun for dataset_s3_bucket_consumer to None, run_after=None
[2024-11-15T00:09:24.598+0000] {logging_mixin.py:190} INFO - [2024-11-15T00:09:24.598+0000] {dag.py:4180} INFO - Setting next_dagrun for dataset_s3_bucket_producer to None, run_after=None
[2024-11-15T00:09:24.617+0000] {processor.py:208} INFO - Processing /home/airflow/.local/lib/python3.12/site-packages/airflow/example_dags/example_dataset_alias.py took 0.454 seconds
[2024-11-15T00:09:55.184+0000] {processor.py:186} INFO - Started process (PID=4367) to work on /home/airflow/.local/lib/python3.12/site-packages/airflow/example_dags/example_dataset_alias.py
[2024-11-15T00:09:55.186+0000] {processor.py:914} INFO - Processing file /home/airflow/.local/lib/python3.12/site-packages/airflow/example_dags/example_dataset_alias.py for tasks to queue
[2024-11-15T00:09:55.187+0000] {logging_mixin.py:190} INFO - [2024-11-15T00:09:55.187+0000] {dagbag.py:588} INFO - Filling up the DagBag from /home/airflow/.local/lib/python3.12/site-packages/airflow/example_dags/example_dataset_alias.py
[2024-11-15T00:09:55.526+0000] {processor.py:925} INFO - DAG(s) 'dataset_alias_example_alias_consumer', 'dataset_s3_bucket_consumer', 'dataset_s3_bucket_producer', 'dataset_alias_example_alias_producer' retrieved from /home/airflow/.local/lib/python3.12/site-packages/airflow/example_dags/example_dataset_alias.py
[2024-11-15T00:09:55.547+0000] {logging_mixin.py:190} INFO - [2024-11-15T00:09:55.546+0000] {dag.py:3239} INFO - Sync 4 DAGs
[2024-11-15T00:09:55.568+0000] {logging_mixin.py:190} INFO - [2024-11-15T00:09:55.567+0000] {dag.py:4180} INFO - Setting next_dagrun for dataset_alias_example_alias_consumer to None, run_after=None
[2024-11-15T00:09:55.570+0000] {logging_mixin.py:190} INFO - [2024-11-15T00:09:55.570+0000] {dag.py:4180} INFO - Setting next_dagrun for dataset_alias_example_alias_producer to None, run_after=None
[2024-11-15T00:09:55.571+0000] {logging_mixin.py:190} INFO - [2024-11-15T00:09:55.571+0000] {dag.py:4180} INFO - Setting next_dagrun for dataset_s3_bucket_consumer to None, run_after=None
[2024-11-15T00:09:55.573+0000] {logging_mixin.py:190} INFO - [2024-11-15T00:09:55.572+0000] {dag.py:4180} INFO - Setting next_dagrun for dataset_s3_bucket_producer to None, run_after=None
[2024-11-15T00:09:55.603+0000] {processor.py:208} INFO - Processing /home/airflow/.local/lib/python3.12/site-packages/airflow/example_dags/example_dataset_alias.py took 0.424 seconds
[2024-11-15T00:10:26.173+0000] {processor.py:186} INFO - Started process (PID=4430) to work on /home/airflow/.local/lib/python3.12/site-packages/airflow/example_dags/example_dataset_alias.py
[2024-11-15T00:10:26.174+0000] {processor.py:914} INFO - Processing file /home/airflow/.local/lib/python3.12/site-packages/airflow/example_dags/example_dataset_alias.py for tasks to queue
[2024-11-15T00:10:26.177+0000] {logging_mixin.py:190} INFO - [2024-11-15T00:10:26.177+0000] {dagbag.py:588} INFO - Filling up the DagBag from /home/airflow/.local/lib/python3.12/site-packages/airflow/example_dags/example_dataset_alias.py
[2024-11-15T00:10:26.745+0000] {processor.py:925} INFO - DAG(s) 'dataset_alias_example_alias_consumer', 'dataset_alias_example_alias_producer', 'dataset_s3_bucket_consumer', 'dataset_s3_bucket_producer' retrieved from /home/airflow/.local/lib/python3.12/site-packages/airflow/example_dags/example_dataset_alias.py
[2024-11-15T00:10:26.772+0000] {logging_mixin.py:190} INFO - [2024-11-15T00:10:26.771+0000] {dag.py:3239} INFO - Sync 4 DAGs
[2024-11-15T00:10:26.798+0000] {logging_mixin.py:190} INFO - [2024-11-15T00:10:26.798+0000] {dag.py:4180} INFO - Setting next_dagrun for dataset_alias_example_alias_consumer to None, run_after=None
[2024-11-15T00:10:26.801+0000] {logging_mixin.py:190} INFO - [2024-11-15T00:10:26.801+0000] {dag.py:4180} INFO - Setting next_dagrun for dataset_alias_example_alias_producer to None, run_after=None
[2024-11-15T00:10:26.803+0000] {logging_mixin.py:190} INFO - [2024-11-15T00:10:26.803+0000] {dag.py:4180} INFO - Setting next_dagrun for dataset_s3_bucket_consumer to None, run_after=None
[2024-11-15T00:10:26.804+0000] {logging_mixin.py:190} INFO - [2024-11-15T00:10:26.804+0000] {dag.py:4180} INFO - Setting next_dagrun for dataset_s3_bucket_producer to None, run_after=None
[2024-11-15T00:10:26.830+0000] {processor.py:208} INFO - Processing /home/airflow/.local/lib/python3.12/site-packages/airflow/example_dags/example_dataset_alias.py took 0.664 seconds
[2024-11-15T00:10:57.695+0000] {processor.py:186} INFO - Started process (PID=4493) to work on /home/airflow/.local/lib/python3.12/site-packages/airflow/example_dags/example_dataset_alias.py
[2024-11-15T00:10:57.696+0000] {processor.py:914} INFO - Processing file /home/airflow/.local/lib/python3.12/site-packages/airflow/example_dags/example_dataset_alias.py for tasks to queue
[2024-11-15T00:10:57.698+0000] {logging_mixin.py:190} INFO - [2024-11-15T00:10:57.697+0000] {dagbag.py:588} INFO - Filling up the DagBag from /home/airflow/.local/lib/python3.12/site-packages/airflow/example_dags/example_dataset_alias.py
[2024-11-15T00:10:58.084+0000] {processor.py:925} INFO - DAG(s) 'dataset_s3_bucket_producer', 'dataset_s3_bucket_consumer', 'dataset_alias_example_alias_producer', 'dataset_alias_example_alias_consumer' retrieved from /home/airflow/.local/lib/python3.12/site-packages/airflow/example_dags/example_dataset_alias.py
[2024-11-15T00:10:58.105+0000] {logging_mixin.py:190} INFO - [2024-11-15T00:10:58.104+0000] {dag.py:3239} INFO - Sync 4 DAGs
[2024-11-15T00:10:58.127+0000] {logging_mixin.py:190} INFO - [2024-11-15T00:10:58.127+0000] {dag.py:4180} INFO - Setting next_dagrun for dataset_alias_example_alias_consumer to None, run_after=None
[2024-11-15T00:10:58.130+0000] {logging_mixin.py:190} INFO - [2024-11-15T00:10:58.130+0000] {dag.py:4180} INFO - Setting next_dagrun for dataset_alias_example_alias_producer to None, run_after=None
[2024-11-15T00:10:58.132+0000] {logging_mixin.py:190} INFO - [2024-11-15T00:10:58.131+0000] {dag.py:4180} INFO - Setting next_dagrun for dataset_s3_bucket_consumer to None, run_after=None
[2024-11-15T00:10:58.133+0000] {logging_mixin.py:190} INFO - [2024-11-15T00:10:58.132+0000] {dag.py:4180} INFO - Setting next_dagrun for dataset_s3_bucket_producer to None, run_after=None
[2024-11-15T00:10:58.153+0000] {processor.py:208} INFO - Processing /home/airflow/.local/lib/python3.12/site-packages/airflow/example_dags/example_dataset_alias.py took 0.463 seconds
[2024-11-15T00:16:47.288+0000] {processor.py:186} INFO - Started process (PID=4556) to work on /home/airflow/.local/lib/python3.12/site-packages/airflow/example_dags/example_dataset_alias.py
[2024-11-15T00:16:47.289+0000] {processor.py:914} INFO - Processing file /home/airflow/.local/lib/python3.12/site-packages/airflow/example_dags/example_dataset_alias.py for tasks to queue
[2024-11-15T00:16:47.291+0000] {logging_mixin.py:190} INFO - [2024-11-15T00:16:47.290+0000] {dagbag.py:588} INFO - Filling up the DagBag from /home/airflow/.local/lib/python3.12/site-packages/airflow/example_dags/example_dataset_alias.py
[2024-11-15T00:16:47.645+0000] {processor.py:925} INFO - DAG(s) 'dataset_s3_bucket_consumer', 'dataset_alias_example_alias_producer', 'dataset_alias_example_alias_consumer', 'dataset_s3_bucket_producer' retrieved from /home/airflow/.local/lib/python3.12/site-packages/airflow/example_dags/example_dataset_alias.py
[2024-11-15T00:16:47.664+0000] {logging_mixin.py:190} INFO - [2024-11-15T00:16:47.663+0000] {dag.py:3239} INFO - Sync 4 DAGs
[2024-11-15T00:16:47.686+0000] {logging_mixin.py:190} INFO - [2024-11-15T00:16:47.686+0000] {dag.py:4180} INFO - Setting next_dagrun for dataset_alias_example_alias_consumer to None, run_after=None
[2024-11-15T00:16:47.689+0000] {logging_mixin.py:190} INFO - [2024-11-15T00:16:47.688+0000] {dag.py:4180} INFO - Setting next_dagrun for dataset_alias_example_alias_producer to None, run_after=None
[2024-11-15T00:16:47.690+0000] {logging_mixin.py:190} INFO - [2024-11-15T00:16:47.690+0000] {dag.py:4180} INFO - Setting next_dagrun for dataset_s3_bucket_consumer to None, run_after=None
[2024-11-15T00:16:47.691+0000] {logging_mixin.py:190} INFO - [2024-11-15T00:16:47.691+0000] {dag.py:4180} INFO - Setting next_dagrun for dataset_s3_bucket_producer to None, run_after=None
[2024-11-15T00:16:47.714+0000] {processor.py:208} INFO - Processing /home/airflow/.local/lib/python3.12/site-packages/airflow/example_dags/example_dataset_alias.py took 0.432 seconds
