[2024-11-15T00:00:00.657+0000] {processor.py:186} INFO - Started process (PID=3135) to work on /home/airflow/.local/lib/python3.12/site-packages/airflow/example_dags/example_latest_only.py
[2024-11-15T00:00:00.658+0000] {processor.py:914} INFO - Processing file /home/airflow/.local/lib/python3.12/site-packages/airflow/example_dags/example_latest_only.py for tasks to queue
[2024-11-15T00:00:00.660+0000] {logging_mixin.py:190} INFO - [2024-11-15T00:00:00.659+0000] {dagbag.py:588} INFO - Filling up the DagBag from /home/airflow/.local/lib/python3.12/site-packages/airflow/example_dags/example_latest_only.py
[2024-11-15T00:00:00.668+0000] {processor.py:925} INFO - DAG(s) 'latest_only' retrieved from /home/airflow/.local/lib/python3.12/site-packages/airflow/example_dags/example_latest_only.py
[2024-11-15T00:00:00.687+0000] {logging_mixin.py:190} INFO - [2024-11-15T00:00:00.687+0000] {dag.py:3239} INFO - Sync 1 DAGs
[2024-11-15T00:00:00.708+0000] {logging_mixin.py:190} INFO - [2024-11-15T00:00:00.708+0000] {dag.py:4180} INFO - Setting next_dagrun for latest_only to 2024-11-14 20:00:00+00:00, run_after=2024-11-15 00:00:00+00:00
[2024-11-15T00:00:00.726+0000] {processor.py:208} INFO - Processing /home/airflow/.local/lib/python3.12/site-packages/airflow/example_dags/example_latest_only.py took 0.074 seconds
[2024-11-15T00:00:30.804+0000] {processor.py:186} INFO - Started process (PID=3198) to work on /home/airflow/.local/lib/python3.12/site-packages/airflow/example_dags/example_latest_only.py
[2024-11-15T00:00:30.805+0000] {processor.py:914} INFO - Processing file /home/airflow/.local/lib/python3.12/site-packages/airflow/example_dags/example_latest_only.py for tasks to queue
[2024-11-15T00:00:30.808+0000] {logging_mixin.py:190} INFO - [2024-11-15T00:00:30.807+0000] {dagbag.py:588} INFO - Filling up the DagBag from /home/airflow/.local/lib/python3.12/site-packages/airflow/example_dags/example_latest_only.py
[2024-11-15T00:00:30.815+0000] {processor.py:925} INFO - DAG(s) 'latest_only' retrieved from /home/airflow/.local/lib/python3.12/site-packages/airflow/example_dags/example_latest_only.py
[2024-11-15T00:00:30.832+0000] {logging_mixin.py:190} INFO - [2024-11-15T00:00:30.832+0000] {dag.py:3239} INFO - Sync 1 DAGs
[2024-11-15T00:00:31.025+0000] {logging_mixin.py:190} INFO - [2024-11-15T00:00:31.024+0000] {dag.py:4180} INFO - Setting next_dagrun for latest_only to 2024-11-14 20:00:00+00:00, run_after=2024-11-15 00:00:00+00:00
[2024-11-15T00:00:31.038+0000] {processor.py:208} INFO - Processing /home/airflow/.local/lib/python3.12/site-packages/airflow/example_dags/example_latest_only.py took 0.239 seconds
[2024-11-15T00:01:01.808+0000] {processor.py:186} INFO - Started process (PID=3261) to work on /home/airflow/.local/lib/python3.12/site-packages/airflow/example_dags/example_latest_only.py
[2024-11-15T00:01:01.808+0000] {processor.py:914} INFO - Processing file /home/airflow/.local/lib/python3.12/site-packages/airflow/example_dags/example_latest_only.py for tasks to queue
[2024-11-15T00:01:01.811+0000] {logging_mixin.py:190} INFO - [2024-11-15T00:01:01.810+0000] {dagbag.py:588} INFO - Filling up the DagBag from /home/airflow/.local/lib/python3.12/site-packages/airflow/example_dags/example_latest_only.py
[2024-11-15T00:01:01.817+0000] {processor.py:925} INFO - DAG(s) 'latest_only' retrieved from /home/airflow/.local/lib/python3.12/site-packages/airflow/example_dags/example_latest_only.py
[2024-11-15T00:01:01.832+0000] {logging_mixin.py:190} INFO - [2024-11-15T00:01:01.832+0000] {dag.py:3239} INFO - Sync 1 DAGs
[2024-11-15T00:01:01.851+0000] {logging_mixin.py:190} INFO - [2024-11-15T00:01:01.851+0000] {dag.py:4180} INFO - Setting next_dagrun for latest_only to 2024-11-14 20:00:00+00:00, run_after=2024-11-15 00:00:00+00:00
[2024-11-15T00:01:01.865+0000] {processor.py:208} INFO - Processing /home/airflow/.local/lib/python3.12/site-packages/airflow/example_dags/example_latest_only.py took 0.062 seconds
[2024-11-15T00:01:32.614+0000] {processor.py:186} INFO - Started process (PID=3324) to work on /home/airflow/.local/lib/python3.12/site-packages/airflow/example_dags/example_latest_only.py
[2024-11-15T00:01:32.614+0000] {processor.py:914} INFO - Processing file /home/airflow/.local/lib/python3.12/site-packages/airflow/example_dags/example_latest_only.py for tasks to queue
[2024-11-15T00:01:32.616+0000] {logging_mixin.py:190} INFO - [2024-11-15T00:01:32.616+0000] {dagbag.py:588} INFO - Filling up the DagBag from /home/airflow/.local/lib/python3.12/site-packages/airflow/example_dags/example_latest_only.py
[2024-11-15T00:01:32.622+0000] {processor.py:925} INFO - DAG(s) 'latest_only' retrieved from /home/airflow/.local/lib/python3.12/site-packages/airflow/example_dags/example_latest_only.py
[2024-11-15T00:01:32.637+0000] {logging_mixin.py:190} INFO - [2024-11-15T00:01:32.637+0000] {dag.py:3239} INFO - Sync 1 DAGs
[2024-11-15T00:01:32.657+0000] {logging_mixin.py:190} INFO - [2024-11-15T00:01:32.657+0000] {dag.py:4180} INFO - Setting next_dagrun for latest_only to 2024-11-14 20:00:00+00:00, run_after=2024-11-15 00:00:00+00:00
[2024-11-15T00:01:32.671+0000] {processor.py:208} INFO - Processing /home/airflow/.local/lib/python3.12/site-packages/airflow/example_dags/example_latest_only.py took 0.062 seconds
[2024-11-15T00:02:02.940+0000] {processor.py:186} INFO - Started process (PID=3387) to work on /home/airflow/.local/lib/python3.12/site-packages/airflow/example_dags/example_latest_only.py
[2024-11-15T00:02:02.941+0000] {processor.py:914} INFO - Processing file /home/airflow/.local/lib/python3.12/site-packages/airflow/example_dags/example_latest_only.py for tasks to queue
[2024-11-15T00:02:02.943+0000] {logging_mixin.py:190} INFO - [2024-11-15T00:02:02.943+0000] {dagbag.py:588} INFO - Filling up the DagBag from /home/airflow/.local/lib/python3.12/site-packages/airflow/example_dags/example_latest_only.py
[2024-11-15T00:02:02.949+0000] {processor.py:925} INFO - DAG(s) 'latest_only' retrieved from /home/airflow/.local/lib/python3.12/site-packages/airflow/example_dags/example_latest_only.py
[2024-11-15T00:02:02.965+0000] {logging_mixin.py:190} INFO - [2024-11-15T00:02:02.965+0000] {dag.py:3239} INFO - Sync 1 DAGs
[2024-11-15T00:02:03.129+0000] {logging_mixin.py:190} INFO - [2024-11-15T00:02:03.129+0000] {dag.py:4180} INFO - Setting next_dagrun for latest_only to 2024-11-14 20:00:00+00:00, run_after=2024-11-15 00:00:00+00:00
[2024-11-15T00:02:03.142+0000] {processor.py:208} INFO - Processing /home/airflow/.local/lib/python3.12/site-packages/airflow/example_dags/example_latest_only.py took 0.207 seconds
[2024-11-15T00:02:33.573+0000] {processor.py:186} INFO - Started process (PID=3450) to work on /home/airflow/.local/lib/python3.12/site-packages/airflow/example_dags/example_latest_only.py
[2024-11-15T00:02:33.574+0000] {processor.py:914} INFO - Processing file /home/airflow/.local/lib/python3.12/site-packages/airflow/example_dags/example_latest_only.py for tasks to queue
[2024-11-15T00:02:33.576+0000] {logging_mixin.py:190} INFO - [2024-11-15T00:02:33.576+0000] {dagbag.py:588} INFO - Filling up the DagBag from /home/airflow/.local/lib/python3.12/site-packages/airflow/example_dags/example_latest_only.py
[2024-11-15T00:02:33.582+0000] {processor.py:925} INFO - DAG(s) 'latest_only' retrieved from /home/airflow/.local/lib/python3.12/site-packages/airflow/example_dags/example_latest_only.py
[2024-11-15T00:02:33.598+0000] {logging_mixin.py:190} INFO - [2024-11-15T00:02:33.598+0000] {dag.py:3239} INFO - Sync 1 DAGs
[2024-11-15T00:02:33.618+0000] {logging_mixin.py:190} INFO - [2024-11-15T00:02:33.618+0000] {dag.py:4180} INFO - Setting next_dagrun for latest_only to 2024-11-14 20:00:00+00:00, run_after=2024-11-15 00:00:00+00:00
[2024-11-15T00:02:33.633+0000] {processor.py:208} INFO - Processing /home/airflow/.local/lib/python3.12/site-packages/airflow/example_dags/example_latest_only.py took 0.065 seconds
[2024-11-15T00:03:03.783+0000] {processor.py:186} INFO - Started process (PID=3513) to work on /home/airflow/.local/lib/python3.12/site-packages/airflow/example_dags/example_latest_only.py
[2024-11-15T00:03:03.783+0000] {processor.py:914} INFO - Processing file /home/airflow/.local/lib/python3.12/site-packages/airflow/example_dags/example_latest_only.py for tasks to queue
[2024-11-15T00:03:03.786+0000] {logging_mixin.py:190} INFO - [2024-11-15T00:03:03.785+0000] {dagbag.py:588} INFO - Filling up the DagBag from /home/airflow/.local/lib/python3.12/site-packages/airflow/example_dags/example_latest_only.py
[2024-11-15T00:03:03.792+0000] {processor.py:925} INFO - DAG(s) 'latest_only' retrieved from /home/airflow/.local/lib/python3.12/site-packages/airflow/example_dags/example_latest_only.py
[2024-11-15T00:03:03.808+0000] {logging_mixin.py:190} INFO - [2024-11-15T00:03:03.807+0000] {dag.py:3239} INFO - Sync 1 DAGs
[2024-11-15T00:03:03.827+0000] {logging_mixin.py:190} INFO - [2024-11-15T00:03:03.827+0000] {dag.py:4180} INFO - Setting next_dagrun for latest_only to 2024-11-14 20:00:00+00:00, run_after=2024-11-15 00:00:00+00:00
[2024-11-15T00:03:03.842+0000] {processor.py:208} INFO - Processing /home/airflow/.local/lib/python3.12/site-packages/airflow/example_dags/example_latest_only.py took 0.064 seconds
[2024-11-15T00:03:34.372+0000] {processor.py:186} INFO - Started process (PID=3576) to work on /home/airflow/.local/lib/python3.12/site-packages/airflow/example_dags/example_latest_only.py
[2024-11-15T00:03:34.373+0000] {processor.py:914} INFO - Processing file /home/airflow/.local/lib/python3.12/site-packages/airflow/example_dags/example_latest_only.py for tasks to queue
[2024-11-15T00:03:34.375+0000] {logging_mixin.py:190} INFO - [2024-11-15T00:03:34.375+0000] {dagbag.py:588} INFO - Filling up the DagBag from /home/airflow/.local/lib/python3.12/site-packages/airflow/example_dags/example_latest_only.py
[2024-11-15T00:03:34.381+0000] {processor.py:925} INFO - DAG(s) 'latest_only' retrieved from /home/airflow/.local/lib/python3.12/site-packages/airflow/example_dags/example_latest_only.py
[2024-11-15T00:03:34.397+0000] {logging_mixin.py:190} INFO - [2024-11-15T00:03:34.397+0000] {dag.py:3239} INFO - Sync 1 DAGs
[2024-11-15T00:03:34.416+0000] {logging_mixin.py:190} INFO - [2024-11-15T00:03:34.416+0000] {dag.py:4180} INFO - Setting next_dagrun for latest_only to 2024-11-14 20:00:00+00:00, run_after=2024-11-15 00:00:00+00:00
[2024-11-15T00:03:34.430+0000] {processor.py:208} INFO - Processing /home/airflow/.local/lib/python3.12/site-packages/airflow/example_dags/example_latest_only.py took 0.062 seconds
[2024-11-15T00:04:04.937+0000] {processor.py:186} INFO - Started process (PID=3639) to work on /home/airflow/.local/lib/python3.12/site-packages/airflow/example_dags/example_latest_only.py
[2024-11-15T00:04:04.938+0000] {processor.py:914} INFO - Processing file /home/airflow/.local/lib/python3.12/site-packages/airflow/example_dags/example_latest_only.py for tasks to queue
[2024-11-15T00:04:04.940+0000] {logging_mixin.py:190} INFO - [2024-11-15T00:04:04.940+0000] {dagbag.py:588} INFO - Filling up the DagBag from /home/airflow/.local/lib/python3.12/site-packages/airflow/example_dags/example_latest_only.py
[2024-11-15T00:04:04.946+0000] {processor.py:925} INFO - DAG(s) 'latest_only' retrieved from /home/airflow/.local/lib/python3.12/site-packages/airflow/example_dags/example_latest_only.py
[2024-11-15T00:04:04.961+0000] {logging_mixin.py:190} INFO - [2024-11-15T00:04:04.961+0000] {dag.py:3239} INFO - Sync 1 DAGs
[2024-11-15T00:04:04.981+0000] {logging_mixin.py:190} INFO - [2024-11-15T00:04:04.981+0000] {dag.py:4180} INFO - Setting next_dagrun for latest_only to 2024-11-14 20:00:00+00:00, run_after=2024-11-15 00:00:00+00:00
[2024-11-15T00:04:04.996+0000] {processor.py:208} INFO - Processing /home/airflow/.local/lib/python3.12/site-packages/airflow/example_dags/example_latest_only.py took 0.063 seconds
[2024-11-15T00:04:35.517+0000] {processor.py:186} INFO - Started process (PID=3702) to work on /home/airflow/.local/lib/python3.12/site-packages/airflow/example_dags/example_latest_only.py
[2024-11-15T00:04:35.518+0000] {processor.py:914} INFO - Processing file /home/airflow/.local/lib/python3.12/site-packages/airflow/example_dags/example_latest_only.py for tasks to queue
[2024-11-15T00:04:35.520+0000] {logging_mixin.py:190} INFO - [2024-11-15T00:04:35.520+0000] {dagbag.py:588} INFO - Filling up the DagBag from /home/airflow/.local/lib/python3.12/site-packages/airflow/example_dags/example_latest_only.py
[2024-11-15T00:04:35.526+0000] {processor.py:925} INFO - DAG(s) 'latest_only' retrieved from /home/airflow/.local/lib/python3.12/site-packages/airflow/example_dags/example_latest_only.py
[2024-11-15T00:04:35.543+0000] {logging_mixin.py:190} INFO - [2024-11-15T00:04:35.542+0000] {dag.py:3239} INFO - Sync 1 DAGs
[2024-11-15T00:04:35.562+0000] {logging_mixin.py:190} INFO - [2024-11-15T00:04:35.562+0000] {dag.py:4180} INFO - Setting next_dagrun for latest_only to 2024-11-14 20:00:00+00:00, run_after=2024-11-15 00:00:00+00:00
[2024-11-15T00:04:35.577+0000] {processor.py:208} INFO - Processing /home/airflow/.local/lib/python3.12/site-packages/airflow/example_dags/example_latest_only.py took 0.065 seconds
[2024-11-15T00:05:05.887+0000] {processor.py:186} INFO - Started process (PID=3765) to work on /home/airflow/.local/lib/python3.12/site-packages/airflow/example_dags/example_latest_only.py
[2024-11-15T00:05:05.887+0000] {processor.py:914} INFO - Processing file /home/airflow/.local/lib/python3.12/site-packages/airflow/example_dags/example_latest_only.py for tasks to queue
[2024-11-15T00:05:05.890+0000] {logging_mixin.py:190} INFO - [2024-11-15T00:05:05.890+0000] {dagbag.py:588} INFO - Filling up the DagBag from /home/airflow/.local/lib/python3.12/site-packages/airflow/example_dags/example_latest_only.py
[2024-11-15T00:05:05.897+0000] {processor.py:925} INFO - DAG(s) 'latest_only' retrieved from /home/airflow/.local/lib/python3.12/site-packages/airflow/example_dags/example_latest_only.py
[2024-11-15T00:05:05.916+0000] {logging_mixin.py:190} INFO - [2024-11-15T00:05:05.915+0000] {dag.py:3239} INFO - Sync 1 DAGs
[2024-11-15T00:05:05.934+0000] {logging_mixin.py:190} INFO - [2024-11-15T00:05:05.934+0000] {dag.py:4180} INFO - Setting next_dagrun for latest_only to 2024-11-14 20:00:00+00:00, run_after=2024-11-15 00:00:00+00:00
[2024-11-15T00:05:05.950+0000] {processor.py:208} INFO - Processing /home/airflow/.local/lib/python3.12/site-packages/airflow/example_dags/example_latest_only.py took 0.068 seconds
[2024-11-15T00:05:36.546+0000] {processor.py:186} INFO - Started process (PID=3828) to work on /home/airflow/.local/lib/python3.12/site-packages/airflow/example_dags/example_latest_only.py
[2024-11-15T00:05:36.547+0000] {processor.py:914} INFO - Processing file /home/airflow/.local/lib/python3.12/site-packages/airflow/example_dags/example_latest_only.py for tasks to queue
[2024-11-15T00:05:36.549+0000] {logging_mixin.py:190} INFO - [2024-11-15T00:05:36.549+0000] {dagbag.py:588} INFO - Filling up the DagBag from /home/airflow/.local/lib/python3.12/site-packages/airflow/example_dags/example_latest_only.py
[2024-11-15T00:05:36.556+0000] {processor.py:925} INFO - DAG(s) 'latest_only' retrieved from /home/airflow/.local/lib/python3.12/site-packages/airflow/example_dags/example_latest_only.py
[2024-11-15T00:05:36.573+0000] {logging_mixin.py:190} INFO - [2024-11-15T00:05:36.573+0000] {dag.py:3239} INFO - Sync 1 DAGs
[2024-11-15T00:05:36.593+0000] {logging_mixin.py:190} INFO - [2024-11-15T00:05:36.593+0000] {dag.py:4180} INFO - Setting next_dagrun for latest_only to 2024-11-14 20:00:00+00:00, run_after=2024-11-15 00:00:00+00:00
[2024-11-15T00:05:36.608+0000] {processor.py:208} INFO - Processing /home/airflow/.local/lib/python3.12/site-packages/airflow/example_dags/example_latest_only.py took 0.067 seconds
[2024-11-15T00:06:07.065+0000] {processor.py:186} INFO - Started process (PID=3891) to work on /home/airflow/.local/lib/python3.12/site-packages/airflow/example_dags/example_latest_only.py
[2024-11-15T00:06:07.065+0000] {processor.py:914} INFO - Processing file /home/airflow/.local/lib/python3.12/site-packages/airflow/example_dags/example_latest_only.py for tasks to queue
[2024-11-15T00:06:07.068+0000] {logging_mixin.py:190} INFO - [2024-11-15T00:06:07.067+0000] {dagbag.py:588} INFO - Filling up the DagBag from /home/airflow/.local/lib/python3.12/site-packages/airflow/example_dags/example_latest_only.py
[2024-11-15T00:06:07.074+0000] {processor.py:925} INFO - DAG(s) 'latest_only' retrieved from /home/airflow/.local/lib/python3.12/site-packages/airflow/example_dags/example_latest_only.py
[2024-11-15T00:06:07.089+0000] {logging_mixin.py:190} INFO - [2024-11-15T00:06:07.088+0000] {dag.py:3239} INFO - Sync 1 DAGs
[2024-11-15T00:06:07.109+0000] {logging_mixin.py:190} INFO - [2024-11-15T00:06:07.109+0000] {dag.py:4180} INFO - Setting next_dagrun for latest_only to 2024-11-14 20:00:00+00:00, run_after=2024-11-15 00:00:00+00:00
[2024-11-15T00:06:07.124+0000] {processor.py:208} INFO - Processing /home/airflow/.local/lib/python3.12/site-packages/airflow/example_dags/example_latest_only.py took 0.065 seconds
[2024-11-15T00:06:37.628+0000] {processor.py:186} INFO - Started process (PID=3954) to work on /home/airflow/.local/lib/python3.12/site-packages/airflow/example_dags/example_latest_only.py
[2024-11-15T00:06:37.629+0000] {processor.py:914} INFO - Processing file /home/airflow/.local/lib/python3.12/site-packages/airflow/example_dags/example_latest_only.py for tasks to queue
[2024-11-15T00:06:37.632+0000] {logging_mixin.py:190} INFO - [2024-11-15T00:06:37.632+0000] {dagbag.py:588} INFO - Filling up the DagBag from /home/airflow/.local/lib/python3.12/site-packages/airflow/example_dags/example_latest_only.py
[2024-11-15T00:06:37.638+0000] {processor.py:925} INFO - DAG(s) 'latest_only' retrieved from /home/airflow/.local/lib/python3.12/site-packages/airflow/example_dags/example_latest_only.py
[2024-11-15T00:06:37.656+0000] {logging_mixin.py:190} INFO - [2024-11-15T00:06:37.656+0000] {dag.py:3239} INFO - Sync 1 DAGs
[2024-11-15T00:06:37.676+0000] {logging_mixin.py:190} INFO - [2024-11-15T00:06:37.676+0000] {dag.py:4180} INFO - Setting next_dagrun for latest_only to 2024-11-14 20:00:00+00:00, run_after=2024-11-15 00:00:00+00:00
[2024-11-15T00:06:37.691+0000] {processor.py:208} INFO - Processing /home/airflow/.local/lib/python3.12/site-packages/airflow/example_dags/example_latest_only.py took 0.067 seconds
[2024-11-15T00:07:07.841+0000] {processor.py:186} INFO - Started process (PID=4017) to work on /home/airflow/.local/lib/python3.12/site-packages/airflow/example_dags/example_latest_only.py
[2024-11-15T00:07:07.842+0000] {processor.py:914} INFO - Processing file /home/airflow/.local/lib/python3.12/site-packages/airflow/example_dags/example_latest_only.py for tasks to queue
[2024-11-15T00:07:07.845+0000] {logging_mixin.py:190} INFO - [2024-11-15T00:07:07.845+0000] {dagbag.py:588} INFO - Filling up the DagBag from /home/airflow/.local/lib/python3.12/site-packages/airflow/example_dags/example_latest_only.py
[2024-11-15T00:07:07.852+0000] {processor.py:925} INFO - DAG(s) 'latest_only' retrieved from /home/airflow/.local/lib/python3.12/site-packages/airflow/example_dags/example_latest_only.py
[2024-11-15T00:07:07.872+0000] {logging_mixin.py:190} INFO - [2024-11-15T00:07:07.872+0000] {dag.py:3239} INFO - Sync 1 DAGs
[2024-11-15T00:07:07.893+0000] {logging_mixin.py:190} INFO - [2024-11-15T00:07:07.893+0000] {dag.py:4180} INFO - Setting next_dagrun for latest_only to 2024-11-14 20:00:00+00:00, run_after=2024-11-15 00:00:00+00:00
[2024-11-15T00:07:07.909+0000] {processor.py:208} INFO - Processing /home/airflow/.local/lib/python3.12/site-packages/airflow/example_dags/example_latest_only.py took 0.073 seconds
[2024-11-15T00:07:38.858+0000] {processor.py:186} INFO - Started process (PID=4080) to work on /home/airflow/.local/lib/python3.12/site-packages/airflow/example_dags/example_latest_only.py
[2024-11-15T00:07:38.859+0000] {processor.py:914} INFO - Processing file /home/airflow/.local/lib/python3.12/site-packages/airflow/example_dags/example_latest_only.py for tasks to queue
[2024-11-15T00:07:38.861+0000] {logging_mixin.py:190} INFO - [2024-11-15T00:07:38.861+0000] {dagbag.py:588} INFO - Filling up the DagBag from /home/airflow/.local/lib/python3.12/site-packages/airflow/example_dags/example_latest_only.py
[2024-11-15T00:07:38.867+0000] {processor.py:925} INFO - DAG(s) 'latest_only' retrieved from /home/airflow/.local/lib/python3.12/site-packages/airflow/example_dags/example_latest_only.py
[2024-11-15T00:07:38.886+0000] {logging_mixin.py:190} INFO - [2024-11-15T00:07:38.885+0000] {dag.py:3239} INFO - Sync 1 DAGs
[2024-11-15T00:07:38.905+0000] {logging_mixin.py:190} INFO - [2024-11-15T00:07:38.905+0000] {dag.py:4180} INFO - Setting next_dagrun for latest_only to 2024-11-14 20:00:00+00:00, run_after=2024-11-15 00:00:00+00:00
[2024-11-15T00:07:38.921+0000] {processor.py:208} INFO - Processing /home/airflow/.local/lib/python3.12/site-packages/airflow/example_dags/example_latest_only.py took 0.068 seconds
[2024-11-15T00:08:09.102+0000] {processor.py:186} INFO - Started process (PID=4143) to work on /home/airflow/.local/lib/python3.12/site-packages/airflow/example_dags/example_latest_only.py
[2024-11-15T00:08:09.103+0000] {processor.py:914} INFO - Processing file /home/airflow/.local/lib/python3.12/site-packages/airflow/example_dags/example_latest_only.py for tasks to queue
[2024-11-15T00:08:09.105+0000] {logging_mixin.py:190} INFO - [2024-11-15T00:08:09.105+0000] {dagbag.py:588} INFO - Filling up the DagBag from /home/airflow/.local/lib/python3.12/site-packages/airflow/example_dags/example_latest_only.py
[2024-11-15T00:08:09.112+0000] {processor.py:925} INFO - DAG(s) 'latest_only' retrieved from /home/airflow/.local/lib/python3.12/site-packages/airflow/example_dags/example_latest_only.py
[2024-11-15T00:08:09.128+0000] {logging_mixin.py:190} INFO - [2024-11-15T00:08:09.127+0000] {dag.py:3239} INFO - Sync 1 DAGs
[2024-11-15T00:08:09.147+0000] {logging_mixin.py:190} INFO - [2024-11-15T00:08:09.147+0000] {dag.py:4180} INFO - Setting next_dagrun for latest_only to 2024-11-14 20:00:00+00:00, run_after=2024-11-15 00:00:00+00:00
[2024-11-15T00:08:09.161+0000] {processor.py:208} INFO - Processing /home/airflow/.local/lib/python3.12/site-packages/airflow/example_dags/example_latest_only.py took 0.064 seconds
[2024-11-15T00:08:39.335+0000] {processor.py:186} INFO - Started process (PID=4206) to work on /home/airflow/.local/lib/python3.12/site-packages/airflow/example_dags/example_latest_only.py
[2024-11-15T00:08:39.336+0000] {processor.py:914} INFO - Processing file /home/airflow/.local/lib/python3.12/site-packages/airflow/example_dags/example_latest_only.py for tasks to queue
[2024-11-15T00:08:39.338+0000] {logging_mixin.py:190} INFO - [2024-11-15T00:08:39.338+0000] {dagbag.py:588} INFO - Filling up the DagBag from /home/airflow/.local/lib/python3.12/site-packages/airflow/example_dags/example_latest_only.py
[2024-11-15T00:08:39.344+0000] {processor.py:925} INFO - DAG(s) 'latest_only' retrieved from /home/airflow/.local/lib/python3.12/site-packages/airflow/example_dags/example_latest_only.py
[2024-11-15T00:08:39.360+0000] {logging_mixin.py:190} INFO - [2024-11-15T00:08:39.360+0000] {dag.py:3239} INFO - Sync 1 DAGs
[2024-11-15T00:08:39.380+0000] {logging_mixin.py:190} INFO - [2024-11-15T00:08:39.380+0000] {dag.py:4180} INFO - Setting next_dagrun for latest_only to 2024-11-14 20:00:00+00:00, run_after=2024-11-15 00:00:00+00:00
[2024-11-15T00:08:39.394+0000] {processor.py:208} INFO - Processing /home/airflow/.local/lib/python3.12/site-packages/airflow/example_dags/example_latest_only.py took 0.064 seconds
[2024-11-15T00:09:09.562+0000] {processor.py:186} INFO - Started process (PID=4269) to work on /home/airflow/.local/lib/python3.12/site-packages/airflow/example_dags/example_latest_only.py
[2024-11-15T00:09:09.563+0000] {processor.py:914} INFO - Processing file /home/airflow/.local/lib/python3.12/site-packages/airflow/example_dags/example_latest_only.py for tasks to queue
[2024-11-15T00:09:09.565+0000] {logging_mixin.py:190} INFO - [2024-11-15T00:09:09.565+0000] {dagbag.py:588} INFO - Filling up the DagBag from /home/airflow/.local/lib/python3.12/site-packages/airflow/example_dags/example_latest_only.py
[2024-11-15T00:09:09.571+0000] {processor.py:925} INFO - DAG(s) 'latest_only' retrieved from /home/airflow/.local/lib/python3.12/site-packages/airflow/example_dags/example_latest_only.py
[2024-11-15T00:09:09.623+0000] {logging_mixin.py:190} INFO - [2024-11-15T00:09:09.622+0000] {dag.py:3239} INFO - Sync 1 DAGs
[2024-11-15T00:09:09.643+0000] {logging_mixin.py:190} INFO - [2024-11-15T00:09:09.642+0000] {dag.py:4180} INFO - Setting next_dagrun for latest_only to 2024-11-14 20:00:00+00:00, run_after=2024-11-15 00:00:00+00:00
[2024-11-15T00:09:09.657+0000] {processor.py:208} INFO - Processing /home/airflow/.local/lib/python3.12/site-packages/airflow/example_dags/example_latest_only.py took 0.100 seconds
[2024-11-15T00:09:39.699+0000] {processor.py:186} INFO - Started process (PID=4332) to work on /home/airflow/.local/lib/python3.12/site-packages/airflow/example_dags/example_latest_only.py
[2024-11-15T00:09:39.700+0000] {processor.py:914} INFO - Processing file /home/airflow/.local/lib/python3.12/site-packages/airflow/example_dags/example_latest_only.py for tasks to queue
[2024-11-15T00:09:39.702+0000] {logging_mixin.py:190} INFO - [2024-11-15T00:09:39.702+0000] {dagbag.py:588} INFO - Filling up the DagBag from /home/airflow/.local/lib/python3.12/site-packages/airflow/example_dags/example_latest_only.py
[2024-11-15T00:09:39.707+0000] {processor.py:925} INFO - DAG(s) 'latest_only' retrieved from /home/airflow/.local/lib/python3.12/site-packages/airflow/example_dags/example_latest_only.py
[2024-11-15T00:09:39.724+0000] {logging_mixin.py:190} INFO - [2024-11-15T00:09:39.723+0000] {dag.py:3239} INFO - Sync 1 DAGs
[2024-11-15T00:09:39.744+0000] {logging_mixin.py:190} INFO - [2024-11-15T00:09:39.744+0000] {dag.py:4180} INFO - Setting next_dagrun for latest_only to 2024-11-14 20:00:00+00:00, run_after=2024-11-15 00:00:00+00:00
[2024-11-15T00:09:39.758+0000] {processor.py:208} INFO - Processing /home/airflow/.local/lib/python3.12/site-packages/airflow/example_dags/example_latest_only.py took 0.064 seconds
[2024-11-15T00:10:10.309+0000] {processor.py:186} INFO - Started process (PID=4395) to work on /home/airflow/.local/lib/python3.12/site-packages/airflow/example_dags/example_latest_only.py
[2024-11-15T00:10:10.310+0000] {processor.py:914} INFO - Processing file /home/airflow/.local/lib/python3.12/site-packages/airflow/example_dags/example_latest_only.py for tasks to queue
[2024-11-15T00:10:10.312+0000] {logging_mixin.py:190} INFO - [2024-11-15T00:10:10.312+0000] {dagbag.py:588} INFO - Filling up the DagBag from /home/airflow/.local/lib/python3.12/site-packages/airflow/example_dags/example_latest_only.py
[2024-11-15T00:10:10.318+0000] {processor.py:925} INFO - DAG(s) 'latest_only' retrieved from /home/airflow/.local/lib/python3.12/site-packages/airflow/example_dags/example_latest_only.py
[2024-11-15T00:10:10.336+0000] {logging_mixin.py:190} INFO - [2024-11-15T00:10:10.335+0000] {dag.py:3239} INFO - Sync 1 DAGs
[2024-11-15T00:10:10.356+0000] {logging_mixin.py:190} INFO - [2024-11-15T00:10:10.356+0000] {dag.py:4180} INFO - Setting next_dagrun for latest_only to 2024-11-14 20:00:00+00:00, run_after=2024-11-15 00:00:00+00:00
[2024-11-15T00:10:10.371+0000] {processor.py:208} INFO - Processing /home/airflow/.local/lib/python3.12/site-packages/airflow/example_dags/example_latest_only.py took 0.067 seconds
[2024-11-15T00:10:40.896+0000] {processor.py:186} INFO - Started process (PID=4458) to work on /home/airflow/.local/lib/python3.12/site-packages/airflow/example_dags/example_latest_only.py
[2024-11-15T00:10:40.897+0000] {processor.py:914} INFO - Processing file /home/airflow/.local/lib/python3.12/site-packages/airflow/example_dags/example_latest_only.py for tasks to queue
[2024-11-15T00:10:40.899+0000] {logging_mixin.py:190} INFO - [2024-11-15T00:10:40.899+0000] {dagbag.py:588} INFO - Filling up the DagBag from /home/airflow/.local/lib/python3.12/site-packages/airflow/example_dags/example_latest_only.py
[2024-11-15T00:10:40.906+0000] {processor.py:925} INFO - DAG(s) 'latest_only' retrieved from /home/airflow/.local/lib/python3.12/site-packages/airflow/example_dags/example_latest_only.py
[2024-11-15T00:10:40.925+0000] {logging_mixin.py:190} INFO - [2024-11-15T00:10:40.925+0000] {dag.py:3239} INFO - Sync 1 DAGs
[2024-11-15T00:10:40.950+0000] {logging_mixin.py:190} INFO - [2024-11-15T00:10:40.950+0000] {dag.py:4180} INFO - Setting next_dagrun for latest_only to 2024-11-14 20:00:00+00:00, run_after=2024-11-15 00:00:00+00:00
[2024-11-15T00:10:40.968+0000] {processor.py:208} INFO - Processing /home/airflow/.local/lib/python3.12/site-packages/airflow/example_dags/example_latest_only.py took 0.077 seconds
[2024-11-15T00:16:43.860+0000] {processor.py:186} INFO - Started process (PID=4509) to work on /home/airflow/.local/lib/python3.12/site-packages/airflow/example_dags/example_latest_only.py
[2024-11-15T00:16:43.861+0000] {processor.py:914} INFO - Processing file /home/airflow/.local/lib/python3.12/site-packages/airflow/example_dags/example_latest_only.py for tasks to queue
[2024-11-15T00:16:43.864+0000] {logging_mixin.py:190} INFO - [2024-11-15T00:16:43.863+0000] {dagbag.py:588} INFO - Filling up the DagBag from /home/airflow/.local/lib/python3.12/site-packages/airflow/example_dags/example_latest_only.py
[2024-11-15T00:16:43.873+0000] {processor.py:925} INFO - DAG(s) 'latest_only' retrieved from /home/airflow/.local/lib/python3.12/site-packages/airflow/example_dags/example_latest_only.py
[2024-11-15T00:16:43.894+0000] {logging_mixin.py:190} INFO - [2024-11-15T00:16:43.893+0000] {dag.py:3239} INFO - Sync 1 DAGs
[2024-11-15T00:16:43.920+0000] {logging_mixin.py:190} INFO - [2024-11-15T00:16:43.920+0000] {dag.py:4180} INFO - Setting next_dagrun for latest_only to 2024-11-14 20:00:00+00:00, run_after=2024-11-15 00:00:00+00:00
[2024-11-15T00:16:43.936+0000] {processor.py:208} INFO - Processing /home/airflow/.local/lib/python3.12/site-packages/airflow/example_dags/example_latest_only.py took 0.084 seconds
