[2024-11-15T00:00:19.911+0000] {processor.py:186} INFO - Started process (PID=3181) to work on /home/airflow/.local/lib/python3.12/site-packages/airflow/example_dags/example_branch_python_dop_operator_3.py
[2024-11-15T00:00:19.911+0000] {processor.py:914} INFO - Processing file /home/airflow/.local/lib/python3.12/site-packages/airflow/example_dags/example_branch_python_dop_operator_3.py for tasks to queue
[2024-11-15T00:00:19.913+0000] {logging_mixin.py:190} INFO - [2024-11-15T00:00:19.913+0000] {dagbag.py:588} INFO - Filling up the DagBag from /home/airflow/.local/lib/python3.12/site-packages/airflow/example_dags/example_branch_python_dop_operator_3.py
[2024-11-15T00:00:19.922+0000] {processor.py:925} INFO - DAG(s) 'example_branch_dop_operator_v3' retrieved from /home/airflow/.local/lib/python3.12/site-packages/airflow/example_dags/example_branch_python_dop_operator_3.py
[2024-11-15T00:00:19.938+0000] {logging_mixin.py:190} INFO - [2024-11-15T00:00:19.938+0000] {dag.py:3239} INFO - Sync 1 DAGs
[2024-11-15T00:00:19.960+0000] {logging_mixin.py:190} INFO - [2024-11-15T00:00:19.960+0000] {dag.py:4180} INFO - Setting next_dagrun for example_branch_dop_operator_v3 to 2024-11-14 23:59:00+00:00, run_after=2024-11-15 00:00:00+00:00
[2024-11-15T00:00:20.117+0000] {processor.py:208} INFO - Processing /home/airflow/.local/lib/python3.12/site-packages/airflow/example_dags/example_branch_python_dop_operator_3.py took 0.211 seconds
[2024-11-15T00:00:50.341+0000] {processor.py:186} INFO - Started process (PID=3244) to work on /home/airflow/.local/lib/python3.12/site-packages/airflow/example_dags/example_branch_python_dop_operator_3.py
[2024-11-15T00:00:50.342+0000] {processor.py:914} INFO - Processing file /home/airflow/.local/lib/python3.12/site-packages/airflow/example_dags/example_branch_python_dop_operator_3.py for tasks to queue
[2024-11-15T00:00:50.343+0000] {logging_mixin.py:190} INFO - [2024-11-15T00:00:50.343+0000] {dagbag.py:588} INFO - Filling up the DagBag from /home/airflow/.local/lib/python3.12/site-packages/airflow/example_dags/example_branch_python_dop_operator_3.py
[2024-11-15T00:00:50.352+0000] {processor.py:925} INFO - DAG(s) 'example_branch_dop_operator_v3' retrieved from /home/airflow/.local/lib/python3.12/site-packages/airflow/example_dags/example_branch_python_dop_operator_3.py
[2024-11-15T00:00:50.369+0000] {logging_mixin.py:190} INFO - [2024-11-15T00:00:50.369+0000] {dag.py:3239} INFO - Sync 1 DAGs
[2024-11-15T00:00:50.392+0000] {logging_mixin.py:190} INFO - [2024-11-15T00:00:50.391+0000] {dag.py:4180} INFO - Setting next_dagrun for example_branch_dop_operator_v3 to 2024-11-14 23:59:00+00:00, run_after=2024-11-15 00:00:00+00:00
[2024-11-15T00:00:50.406+0000] {processor.py:208} INFO - Processing /home/airflow/.local/lib/python3.12/site-packages/airflow/example_dags/example_branch_python_dop_operator_3.py took 0.070 seconds
[2024-11-15T00:01:21.012+0000] {processor.py:186} INFO - Started process (PID=3307) to work on /home/airflow/.local/lib/python3.12/site-packages/airflow/example_dags/example_branch_python_dop_operator_3.py
[2024-11-15T00:01:21.013+0000] {processor.py:914} INFO - Processing file /home/airflow/.local/lib/python3.12/site-packages/airflow/example_dags/example_branch_python_dop_operator_3.py for tasks to queue
[2024-11-15T00:01:21.014+0000] {logging_mixin.py:190} INFO - [2024-11-15T00:01:21.014+0000] {dagbag.py:588} INFO - Filling up the DagBag from /home/airflow/.local/lib/python3.12/site-packages/airflow/example_dags/example_branch_python_dop_operator_3.py
[2024-11-15T00:01:21.023+0000] {processor.py:925} INFO - DAG(s) 'example_branch_dop_operator_v3' retrieved from /home/airflow/.local/lib/python3.12/site-packages/airflow/example_dags/example_branch_python_dop_operator_3.py
[2024-11-15T00:01:21.042+0000] {logging_mixin.py:190} INFO - [2024-11-15T00:01:21.041+0000] {dag.py:3239} INFO - Sync 1 DAGs
[2024-11-15T00:01:21.239+0000] {logging_mixin.py:190} INFO - [2024-11-15T00:01:21.239+0000] {dag.py:4180} INFO - Setting next_dagrun for example_branch_dop_operator_v3 to 2024-11-15 00:00:00+00:00, run_after=2024-11-15 00:01:00+00:00
[2024-11-15T00:01:21.252+0000] {processor.py:208} INFO - Processing /home/airflow/.local/lib/python3.12/site-packages/airflow/example_dags/example_branch_python_dop_operator_3.py took 0.246 seconds
[2024-11-15T00:01:51.323+0000] {processor.py:186} INFO - Started process (PID=3370) to work on /home/airflow/.local/lib/python3.12/site-packages/airflow/example_dags/example_branch_python_dop_operator_3.py
[2024-11-15T00:01:51.324+0000] {processor.py:914} INFO - Processing file /home/airflow/.local/lib/python3.12/site-packages/airflow/example_dags/example_branch_python_dop_operator_3.py for tasks to queue
[2024-11-15T00:01:51.326+0000] {logging_mixin.py:190} INFO - [2024-11-15T00:01:51.326+0000] {dagbag.py:588} INFO - Filling up the DagBag from /home/airflow/.local/lib/python3.12/site-packages/airflow/example_dags/example_branch_python_dop_operator_3.py
[2024-11-15T00:01:51.336+0000] {processor.py:925} INFO - DAG(s) 'example_branch_dop_operator_v3' retrieved from /home/airflow/.local/lib/python3.12/site-packages/airflow/example_dags/example_branch_python_dop_operator_3.py
[2024-11-15T00:01:51.353+0000] {logging_mixin.py:190} INFO - [2024-11-15T00:01:51.353+0000] {dag.py:3239} INFO - Sync 1 DAGs
[2024-11-15T00:01:51.374+0000] {logging_mixin.py:190} INFO - [2024-11-15T00:01:51.374+0000] {dag.py:4180} INFO - Setting next_dagrun for example_branch_dop_operator_v3 to 2024-11-15 00:00:00+00:00, run_after=2024-11-15 00:01:00+00:00
[2024-11-15T00:01:51.532+0000] {processor.py:208} INFO - Processing /home/airflow/.local/lib/python3.12/site-packages/airflow/example_dags/example_branch_python_dop_operator_3.py took 0.215 seconds
[2024-11-15T00:02:22.030+0000] {processor.py:186} INFO - Started process (PID=3433) to work on /home/airflow/.local/lib/python3.12/site-packages/airflow/example_dags/example_branch_python_dop_operator_3.py
[2024-11-15T00:02:22.030+0000] {processor.py:914} INFO - Processing file /home/airflow/.local/lib/python3.12/site-packages/airflow/example_dags/example_branch_python_dop_operator_3.py for tasks to queue
[2024-11-15T00:02:22.033+0000] {logging_mixin.py:190} INFO - [2024-11-15T00:02:22.032+0000] {dagbag.py:588} INFO - Filling up the DagBag from /home/airflow/.local/lib/python3.12/site-packages/airflow/example_dags/example_branch_python_dop_operator_3.py
[2024-11-15T00:02:22.042+0000] {processor.py:925} INFO - DAG(s) 'example_branch_dop_operator_v3' retrieved from /home/airflow/.local/lib/python3.12/site-packages/airflow/example_dags/example_branch_python_dop_operator_3.py
[2024-11-15T00:02:22.058+0000] {logging_mixin.py:190} INFO - [2024-11-15T00:02:22.058+0000] {dag.py:3239} INFO - Sync 1 DAGs
[2024-11-15T00:02:22.079+0000] {logging_mixin.py:190} INFO - [2024-11-15T00:02:22.079+0000] {dag.py:4180} INFO - Setting next_dagrun for example_branch_dop_operator_v3 to 2024-11-15 00:01:00+00:00, run_after=2024-11-15 00:02:00+00:00
[2024-11-15T00:02:22.094+0000] {processor.py:208} INFO - Processing /home/airflow/.local/lib/python3.12/site-packages/airflow/example_dags/example_branch_python_dop_operator_3.py took 0.070 seconds
[2024-11-15T00:02:52.336+0000] {processor.py:186} INFO - Started process (PID=3496) to work on /home/airflow/.local/lib/python3.12/site-packages/airflow/example_dags/example_branch_python_dop_operator_3.py
[2024-11-15T00:02:52.337+0000] {processor.py:914} INFO - Processing file /home/airflow/.local/lib/python3.12/site-packages/airflow/example_dags/example_branch_python_dop_operator_3.py for tasks to queue
[2024-11-15T00:02:52.339+0000] {logging_mixin.py:190} INFO - [2024-11-15T00:02:52.338+0000] {dagbag.py:588} INFO - Filling up the DagBag from /home/airflow/.local/lib/python3.12/site-packages/airflow/example_dags/example_branch_python_dop_operator_3.py
[2024-11-15T00:02:52.348+0000] {processor.py:925} INFO - DAG(s) 'example_branch_dop_operator_v3' retrieved from /home/airflow/.local/lib/python3.12/site-packages/airflow/example_dags/example_branch_python_dop_operator_3.py
[2024-11-15T00:02:52.364+0000] {logging_mixin.py:190} INFO - [2024-11-15T00:02:52.363+0000] {dag.py:3239} INFO - Sync 1 DAGs
[2024-11-15T00:02:52.385+0000] {logging_mixin.py:190} INFO - [2024-11-15T00:02:52.384+0000] {dag.py:4180} INFO - Setting next_dagrun for example_branch_dop_operator_v3 to 2024-11-15 00:01:00+00:00, run_after=2024-11-15 00:02:00+00:00
[2024-11-15T00:02:52.398+0000] {processor.py:208} INFO - Processing /home/airflow/.local/lib/python3.12/site-packages/airflow/example_dags/example_branch_python_dop_operator_3.py took 0.067 seconds
[2024-11-15T00:03:22.885+0000] {processor.py:186} INFO - Started process (PID=3559) to work on /home/airflow/.local/lib/python3.12/site-packages/airflow/example_dags/example_branch_python_dop_operator_3.py
[2024-11-15T00:03:22.886+0000] {processor.py:914} INFO - Processing file /home/airflow/.local/lib/python3.12/site-packages/airflow/example_dags/example_branch_python_dop_operator_3.py for tasks to queue
[2024-11-15T00:03:22.888+0000] {logging_mixin.py:190} INFO - [2024-11-15T00:03:22.888+0000] {dagbag.py:588} INFO - Filling up the DagBag from /home/airflow/.local/lib/python3.12/site-packages/airflow/example_dags/example_branch_python_dop_operator_3.py
[2024-11-15T00:03:22.897+0000] {processor.py:925} INFO - DAG(s) 'example_branch_dop_operator_v3' retrieved from /home/airflow/.local/lib/python3.12/site-packages/airflow/example_dags/example_branch_python_dop_operator_3.py
[2024-11-15T00:03:22.914+0000] {logging_mixin.py:190} INFO - [2024-11-15T00:03:22.914+0000] {dag.py:3239} INFO - Sync 1 DAGs
[2024-11-15T00:03:22.937+0000] {logging_mixin.py:190} INFO - [2024-11-15T00:03:22.937+0000] {dag.py:4180} INFO - Setting next_dagrun for example_branch_dop_operator_v3 to 2024-11-15 00:02:00+00:00, run_after=2024-11-15 00:03:00+00:00
[2024-11-15T00:03:22.952+0000] {processor.py:208} INFO - Processing /home/airflow/.local/lib/python3.12/site-packages/airflow/example_dags/example_branch_python_dop_operator_3.py took 0.072 seconds
[2024-11-15T00:03:53.424+0000] {processor.py:186} INFO - Started process (PID=3622) to work on /home/airflow/.local/lib/python3.12/site-packages/airflow/example_dags/example_branch_python_dop_operator_3.py
[2024-11-15T00:03:53.425+0000] {processor.py:914} INFO - Processing file /home/airflow/.local/lib/python3.12/site-packages/airflow/example_dags/example_branch_python_dop_operator_3.py for tasks to queue
[2024-11-15T00:03:53.427+0000] {logging_mixin.py:190} INFO - [2024-11-15T00:03:53.427+0000] {dagbag.py:588} INFO - Filling up the DagBag from /home/airflow/.local/lib/python3.12/site-packages/airflow/example_dags/example_branch_python_dop_operator_3.py
[2024-11-15T00:03:53.435+0000] {processor.py:925} INFO - DAG(s) 'example_branch_dop_operator_v3' retrieved from /home/airflow/.local/lib/python3.12/site-packages/airflow/example_dags/example_branch_python_dop_operator_3.py
[2024-11-15T00:03:53.452+0000] {logging_mixin.py:190} INFO - [2024-11-15T00:03:53.451+0000] {dag.py:3239} INFO - Sync 1 DAGs
[2024-11-15T00:03:53.474+0000] {logging_mixin.py:190} INFO - [2024-11-15T00:03:53.474+0000] {dag.py:4180} INFO - Setting next_dagrun for example_branch_dop_operator_v3 to 2024-11-15 00:02:00+00:00, run_after=2024-11-15 00:03:00+00:00
[2024-11-15T00:03:53.487+0000] {processor.py:208} INFO - Processing /home/airflow/.local/lib/python3.12/site-packages/airflow/example_dags/example_branch_python_dop_operator_3.py took 0.068 seconds
[2024-11-15T00:04:24.067+0000] {processor.py:186} INFO - Started process (PID=3685) to work on /home/airflow/.local/lib/python3.12/site-packages/airflow/example_dags/example_branch_python_dop_operator_3.py
[2024-11-15T00:04:24.067+0000] {processor.py:914} INFO - Processing file /home/airflow/.local/lib/python3.12/site-packages/airflow/example_dags/example_branch_python_dop_operator_3.py for tasks to queue
[2024-11-15T00:04:24.070+0000] {logging_mixin.py:190} INFO - [2024-11-15T00:04:24.069+0000] {dagbag.py:588} INFO - Filling up the DagBag from /home/airflow/.local/lib/python3.12/site-packages/airflow/example_dags/example_branch_python_dop_operator_3.py
[2024-11-15T00:04:24.078+0000] {processor.py:925} INFO - DAG(s) 'example_branch_dop_operator_v3' retrieved from /home/airflow/.local/lib/python3.12/site-packages/airflow/example_dags/example_branch_python_dop_operator_3.py
[2024-11-15T00:04:24.095+0000] {logging_mixin.py:190} INFO - [2024-11-15T00:04:24.095+0000] {dag.py:3239} INFO - Sync 1 DAGs
[2024-11-15T00:04:24.119+0000] {logging_mixin.py:190} INFO - [2024-11-15T00:04:24.118+0000] {dag.py:4180} INFO - Setting next_dagrun for example_branch_dop_operator_v3 to 2024-11-15 00:03:00+00:00, run_after=2024-11-15 00:04:00+00:00
[2024-11-15T00:04:24.133+0000] {processor.py:208} INFO - Processing /home/airflow/.local/lib/python3.12/site-packages/airflow/example_dags/example_branch_python_dop_operator_3.py took 0.072 seconds
[2024-11-15T00:04:54.468+0000] {processor.py:186} INFO - Started process (PID=3748) to work on /home/airflow/.local/lib/python3.12/site-packages/airflow/example_dags/example_branch_python_dop_operator_3.py
[2024-11-15T00:04:54.468+0000] {processor.py:914} INFO - Processing file /home/airflow/.local/lib/python3.12/site-packages/airflow/example_dags/example_branch_python_dop_operator_3.py for tasks to queue
[2024-11-15T00:04:54.471+0000] {logging_mixin.py:190} INFO - [2024-11-15T00:04:54.470+0000] {dagbag.py:588} INFO - Filling up the DagBag from /home/airflow/.local/lib/python3.12/site-packages/airflow/example_dags/example_branch_python_dop_operator_3.py
[2024-11-15T00:04:54.479+0000] {processor.py:925} INFO - DAG(s) 'example_branch_dop_operator_v3' retrieved from /home/airflow/.local/lib/python3.12/site-packages/airflow/example_dags/example_branch_python_dop_operator_3.py
[2024-11-15T00:04:54.497+0000] {logging_mixin.py:190} INFO - [2024-11-15T00:04:54.497+0000] {dag.py:3239} INFO - Sync 1 DAGs
[2024-11-15T00:04:54.519+0000] {logging_mixin.py:190} INFO - [2024-11-15T00:04:54.519+0000] {dag.py:4180} INFO - Setting next_dagrun for example_branch_dop_operator_v3 to 2024-11-15 00:03:00+00:00, run_after=2024-11-15 00:04:00+00:00
[2024-11-15T00:04:54.534+0000] {processor.py:208} INFO - Processing /home/airflow/.local/lib/python3.12/site-packages/airflow/example_dags/example_branch_python_dop_operator_3.py took 0.072 seconds
[2024-11-15T00:05:25.018+0000] {processor.py:186} INFO - Started process (PID=3811) to work on /home/airflow/.local/lib/python3.12/site-packages/airflow/example_dags/example_branch_python_dop_operator_3.py
[2024-11-15T00:05:25.019+0000] {processor.py:914} INFO - Processing file /home/airflow/.local/lib/python3.12/site-packages/airflow/example_dags/example_branch_python_dop_operator_3.py for tasks to queue
[2024-11-15T00:05:25.021+0000] {logging_mixin.py:190} INFO - [2024-11-15T00:05:25.020+0000] {dagbag.py:588} INFO - Filling up the DagBag from /home/airflow/.local/lib/python3.12/site-packages/airflow/example_dags/example_branch_python_dop_operator_3.py
[2024-11-15T00:05:25.031+0000] {processor.py:925} INFO - DAG(s) 'example_branch_dop_operator_v3' retrieved from /home/airflow/.local/lib/python3.12/site-packages/airflow/example_dags/example_branch_python_dop_operator_3.py
[2024-11-15T00:05:25.051+0000] {logging_mixin.py:190} INFO - [2024-11-15T00:05:25.051+0000] {dag.py:3239} INFO - Sync 1 DAGs
[2024-11-15T00:05:25.075+0000] {logging_mixin.py:190} INFO - [2024-11-15T00:05:25.075+0000] {dag.py:4180} INFO - Setting next_dagrun for example_branch_dop_operator_v3 to 2024-11-15 00:04:00+00:00, run_after=2024-11-15 00:05:00+00:00
[2024-11-15T00:05:25.092+0000] {processor.py:208} INFO - Processing /home/airflow/.local/lib/python3.12/site-packages/airflow/example_dags/example_branch_python_dop_operator_3.py took 0.079 seconds
[2024-11-15T00:05:55.528+0000] {processor.py:186} INFO - Started process (PID=3874) to work on /home/airflow/.local/lib/python3.12/site-packages/airflow/example_dags/example_branch_python_dop_operator_3.py
[2024-11-15T00:05:55.529+0000] {processor.py:914} INFO - Processing file /home/airflow/.local/lib/python3.12/site-packages/airflow/example_dags/example_branch_python_dop_operator_3.py for tasks to queue
[2024-11-15T00:05:55.531+0000] {logging_mixin.py:190} INFO - [2024-11-15T00:05:55.530+0000] {dagbag.py:588} INFO - Filling up the DagBag from /home/airflow/.local/lib/python3.12/site-packages/airflow/example_dags/example_branch_python_dop_operator_3.py
[2024-11-15T00:05:55.540+0000] {processor.py:925} INFO - DAG(s) 'example_branch_dop_operator_v3' retrieved from /home/airflow/.local/lib/python3.12/site-packages/airflow/example_dags/example_branch_python_dop_operator_3.py
[2024-11-15T00:05:55.559+0000] {logging_mixin.py:190} INFO - [2024-11-15T00:05:55.559+0000] {dag.py:3239} INFO - Sync 1 DAGs
[2024-11-15T00:05:55.584+0000] {logging_mixin.py:190} INFO - [2024-11-15T00:05:55.584+0000] {dag.py:4180} INFO - Setting next_dagrun for example_branch_dop_operator_v3 to 2024-11-15 00:04:00+00:00, run_after=2024-11-15 00:05:00+00:00
[2024-11-15T00:05:55.600+0000] {processor.py:208} INFO - Processing /home/airflow/.local/lib/python3.12/site-packages/airflow/example_dags/example_branch_python_dop_operator_3.py took 0.077 seconds
[2024-11-15T00:06:26.085+0000] {processor.py:186} INFO - Started process (PID=3937) to work on /home/airflow/.local/lib/python3.12/site-packages/airflow/example_dags/example_branch_python_dop_operator_3.py
[2024-11-15T00:06:26.086+0000] {processor.py:914} INFO - Processing file /home/airflow/.local/lib/python3.12/site-packages/airflow/example_dags/example_branch_python_dop_operator_3.py for tasks to queue
[2024-11-15T00:06:26.087+0000] {logging_mixin.py:190} INFO - [2024-11-15T00:06:26.087+0000] {dagbag.py:588} INFO - Filling up the DagBag from /home/airflow/.local/lib/python3.12/site-packages/airflow/example_dags/example_branch_python_dop_operator_3.py
[2024-11-15T00:06:26.097+0000] {processor.py:925} INFO - DAG(s) 'example_branch_dop_operator_v3' retrieved from /home/airflow/.local/lib/python3.12/site-packages/airflow/example_dags/example_branch_python_dop_operator_3.py
[2024-11-15T00:06:26.113+0000] {logging_mixin.py:190} INFO - [2024-11-15T00:06:26.113+0000] {dag.py:3239} INFO - Sync 1 DAGs
[2024-11-15T00:06:26.134+0000] {logging_mixin.py:190} INFO - [2024-11-15T00:06:26.134+0000] {dag.py:4180} INFO - Setting next_dagrun for example_branch_dop_operator_v3 to 2024-11-15 00:05:00+00:00, run_after=2024-11-15 00:06:00+00:00
[2024-11-15T00:06:26.148+0000] {processor.py:208} INFO - Processing /home/airflow/.local/lib/python3.12/site-packages/airflow/example_dags/example_branch_python_dop_operator_3.py took 0.068 seconds
[2024-11-15T00:06:56.316+0000] {processor.py:186} INFO - Started process (PID=4000) to work on /home/airflow/.local/lib/python3.12/site-packages/airflow/example_dags/example_branch_python_dop_operator_3.py
[2024-11-15T00:06:56.316+0000] {processor.py:914} INFO - Processing file /home/airflow/.local/lib/python3.12/site-packages/airflow/example_dags/example_branch_python_dop_operator_3.py for tasks to queue
[2024-11-15T00:06:56.318+0000] {logging_mixin.py:190} INFO - [2024-11-15T00:06:56.318+0000] {dagbag.py:588} INFO - Filling up the DagBag from /home/airflow/.local/lib/python3.12/site-packages/airflow/example_dags/example_branch_python_dop_operator_3.py
[2024-11-15T00:06:56.328+0000] {processor.py:925} INFO - DAG(s) 'example_branch_dop_operator_v3' retrieved from /home/airflow/.local/lib/python3.12/site-packages/airflow/example_dags/example_branch_python_dop_operator_3.py
[2024-11-15T00:06:56.346+0000] {logging_mixin.py:190} INFO - [2024-11-15T00:06:56.346+0000] {dag.py:3239} INFO - Sync 1 DAGs
[2024-11-15T00:06:56.370+0000] {logging_mixin.py:190} INFO - [2024-11-15T00:06:56.370+0000] {dag.py:4180} INFO - Setting next_dagrun for example_branch_dop_operator_v3 to 2024-11-15 00:05:00+00:00, run_after=2024-11-15 00:06:00+00:00
[2024-11-15T00:06:56.385+0000] {processor.py:208} INFO - Processing /home/airflow/.local/lib/python3.12/site-packages/airflow/example_dags/example_branch_python_dop_operator_3.py took 0.075 seconds
[2024-11-15T00:07:27.314+0000] {processor.py:186} INFO - Started process (PID=4063) to work on /home/airflow/.local/lib/python3.12/site-packages/airflow/example_dags/example_branch_python_dop_operator_3.py
[2024-11-15T00:07:27.315+0000] {processor.py:914} INFO - Processing file /home/airflow/.local/lib/python3.12/site-packages/airflow/example_dags/example_branch_python_dop_operator_3.py for tasks to queue
[2024-11-15T00:07:27.317+0000] {logging_mixin.py:190} INFO - [2024-11-15T00:07:27.317+0000] {dagbag.py:588} INFO - Filling up the DagBag from /home/airflow/.local/lib/python3.12/site-packages/airflow/example_dags/example_branch_python_dop_operator_3.py
[2024-11-15T00:07:27.326+0000] {processor.py:925} INFO - DAG(s) 'example_branch_dop_operator_v3' retrieved from /home/airflow/.local/lib/python3.12/site-packages/airflow/example_dags/example_branch_python_dop_operator_3.py
[2024-11-15T00:07:27.342+0000] {logging_mixin.py:190} INFO - [2024-11-15T00:07:27.342+0000] {dag.py:3239} INFO - Sync 1 DAGs
[2024-11-15T00:07:27.363+0000] {logging_mixin.py:190} INFO - [2024-11-15T00:07:27.363+0000] {dag.py:4180} INFO - Setting next_dagrun for example_branch_dop_operator_v3 to 2024-11-15 00:06:00+00:00, run_after=2024-11-15 00:07:00+00:00
[2024-11-15T00:07:27.377+0000] {processor.py:208} INFO - Processing /home/airflow/.local/lib/python3.12/site-packages/airflow/example_dags/example_branch_python_dop_operator_3.py took 0.068 seconds
[2024-11-15T00:07:57.555+0000] {processor.py:186} INFO - Started process (PID=4126) to work on /home/airflow/.local/lib/python3.12/site-packages/airflow/example_dags/example_branch_python_dop_operator_3.py
[2024-11-15T00:07:57.556+0000] {processor.py:914} INFO - Processing file /home/airflow/.local/lib/python3.12/site-packages/airflow/example_dags/example_branch_python_dop_operator_3.py for tasks to queue
[2024-11-15T00:07:57.558+0000] {logging_mixin.py:190} INFO - [2024-11-15T00:07:57.558+0000] {dagbag.py:588} INFO - Filling up the DagBag from /home/airflow/.local/lib/python3.12/site-packages/airflow/example_dags/example_branch_python_dop_operator_3.py
[2024-11-15T00:07:57.567+0000] {processor.py:925} INFO - DAG(s) 'example_branch_dop_operator_v3' retrieved from /home/airflow/.local/lib/python3.12/site-packages/airflow/example_dags/example_branch_python_dop_operator_3.py
[2024-11-15T00:07:57.583+0000] {logging_mixin.py:190} INFO - [2024-11-15T00:07:57.583+0000] {dag.py:3239} INFO - Sync 1 DAGs
[2024-11-15T00:07:57.603+0000] {logging_mixin.py:190} INFO - [2024-11-15T00:07:57.603+0000] {dag.py:4180} INFO - Setting next_dagrun for example_branch_dop_operator_v3 to 2024-11-15 00:06:00+00:00, run_after=2024-11-15 00:07:00+00:00
[2024-11-15T00:07:57.618+0000] {processor.py:208} INFO - Processing /home/airflow/.local/lib/python3.12/site-packages/airflow/example_dags/example_branch_python_dop_operator_3.py took 0.067 seconds
[2024-11-15T00:08:27.781+0000] {processor.py:186} INFO - Started process (PID=4189) to work on /home/airflow/.local/lib/python3.12/site-packages/airflow/example_dags/example_branch_python_dop_operator_3.py
[2024-11-15T00:08:27.781+0000] {processor.py:914} INFO - Processing file /home/airflow/.local/lib/python3.12/site-packages/airflow/example_dags/example_branch_python_dop_operator_3.py for tasks to queue
[2024-11-15T00:08:27.783+0000] {logging_mixin.py:190} INFO - [2024-11-15T00:08:27.783+0000] {dagbag.py:588} INFO - Filling up the DagBag from /home/airflow/.local/lib/python3.12/site-packages/airflow/example_dags/example_branch_python_dop_operator_3.py
[2024-11-15T00:08:27.792+0000] {processor.py:925} INFO - DAG(s) 'example_branch_dop_operator_v3' retrieved from /home/airflow/.local/lib/python3.12/site-packages/airflow/example_dags/example_branch_python_dop_operator_3.py
[2024-11-15T00:08:27.846+0000] {logging_mixin.py:190} INFO - [2024-11-15T00:08:27.846+0000] {dag.py:3239} INFO - Sync 1 DAGs
[2024-11-15T00:08:27.867+0000] {logging_mixin.py:190} INFO - [2024-11-15T00:08:27.867+0000] {dag.py:4180} INFO - Setting next_dagrun for example_branch_dop_operator_v3 to 2024-11-15 00:07:00+00:00, run_after=2024-11-15 00:08:00+00:00
[2024-11-15T00:08:27.882+0000] {processor.py:208} INFO - Processing /home/airflow/.local/lib/python3.12/site-packages/airflow/example_dags/example_branch_python_dop_operator_3.py took 0.106 seconds
[2024-11-15T00:08:58.073+0000] {processor.py:186} INFO - Started process (PID=4252) to work on /home/airflow/.local/lib/python3.12/site-packages/airflow/example_dags/example_branch_python_dop_operator_3.py
[2024-11-15T00:08:58.074+0000] {processor.py:914} INFO - Processing file /home/airflow/.local/lib/python3.12/site-packages/airflow/example_dags/example_branch_python_dop_operator_3.py for tasks to queue
[2024-11-15T00:08:58.076+0000] {logging_mixin.py:190} INFO - [2024-11-15T00:08:58.076+0000] {dagbag.py:588} INFO - Filling up the DagBag from /home/airflow/.local/lib/python3.12/site-packages/airflow/example_dags/example_branch_python_dop_operator_3.py
[2024-11-15T00:08:58.084+0000] {processor.py:925} INFO - DAG(s) 'example_branch_dop_operator_v3' retrieved from /home/airflow/.local/lib/python3.12/site-packages/airflow/example_dags/example_branch_python_dop_operator_3.py
[2024-11-15T00:08:58.101+0000] {logging_mixin.py:190} INFO - [2024-11-15T00:08:58.101+0000] {dag.py:3239} INFO - Sync 1 DAGs
[2024-11-15T00:08:58.123+0000] {logging_mixin.py:190} INFO - [2024-11-15T00:08:58.123+0000] {dag.py:4180} INFO - Setting next_dagrun for example_branch_dop_operator_v3 to 2024-11-15 00:07:00+00:00, run_after=2024-11-15 00:08:00+00:00
[2024-11-15T00:08:58.137+0000] {processor.py:208} INFO - Processing /home/airflow/.local/lib/python3.12/site-packages/airflow/example_dags/example_branch_python_dop_operator_3.py took 0.069 seconds
[2024-11-15T00:09:28.178+0000] {processor.py:186} INFO - Started process (PID=4315) to work on /home/airflow/.local/lib/python3.12/site-packages/airflow/example_dags/example_branch_python_dop_operator_3.py
[2024-11-15T00:09:28.179+0000] {processor.py:914} INFO - Processing file /home/airflow/.local/lib/python3.12/site-packages/airflow/example_dags/example_branch_python_dop_operator_3.py for tasks to queue
[2024-11-15T00:09:28.181+0000] {logging_mixin.py:190} INFO - [2024-11-15T00:09:28.181+0000] {dagbag.py:588} INFO - Filling up the DagBag from /home/airflow/.local/lib/python3.12/site-packages/airflow/example_dags/example_branch_python_dop_operator_3.py
[2024-11-15T00:09:28.190+0000] {processor.py:925} INFO - DAG(s) 'example_branch_dop_operator_v3' retrieved from /home/airflow/.local/lib/python3.12/site-packages/airflow/example_dags/example_branch_python_dop_operator_3.py
[2024-11-15T00:09:28.206+0000] {logging_mixin.py:190} INFO - [2024-11-15T00:09:28.205+0000] {dag.py:3239} INFO - Sync 1 DAGs
[2024-11-15T00:09:28.226+0000] {logging_mixin.py:190} INFO - [2024-11-15T00:09:28.226+0000] {dag.py:4180} INFO - Setting next_dagrun for example_branch_dop_operator_v3 to 2024-11-15 00:08:00+00:00, run_after=2024-11-15 00:09:00+00:00
[2024-11-15T00:09:28.241+0000] {processor.py:208} INFO - Processing /home/airflow/.local/lib/python3.12/site-packages/airflow/example_dags/example_branch_python_dop_operator_3.py took 0.068 seconds
[2024-11-15T00:09:58.797+0000] {processor.py:186} INFO - Started process (PID=4378) to work on /home/airflow/.local/lib/python3.12/site-packages/airflow/example_dags/example_branch_python_dop_operator_3.py
[2024-11-15T00:09:58.798+0000] {processor.py:914} INFO - Processing file /home/airflow/.local/lib/python3.12/site-packages/airflow/example_dags/example_branch_python_dop_operator_3.py for tasks to queue
[2024-11-15T00:09:58.800+0000] {logging_mixin.py:190} INFO - [2024-11-15T00:09:58.799+0000] {dagbag.py:588} INFO - Filling up the DagBag from /home/airflow/.local/lib/python3.12/site-packages/airflow/example_dags/example_branch_python_dop_operator_3.py
[2024-11-15T00:09:58.809+0000] {processor.py:925} INFO - DAG(s) 'example_branch_dop_operator_v3' retrieved from /home/airflow/.local/lib/python3.12/site-packages/airflow/example_dags/example_branch_python_dop_operator_3.py
[2024-11-15T00:09:58.826+0000] {logging_mixin.py:190} INFO - [2024-11-15T00:09:58.826+0000] {dag.py:3239} INFO - Sync 1 DAGs
[2024-11-15T00:09:58.848+0000] {logging_mixin.py:190} INFO - [2024-11-15T00:09:58.848+0000] {dag.py:4180} INFO - Setting next_dagrun for example_branch_dop_operator_v3 to 2024-11-15 00:08:00+00:00, run_after=2024-11-15 00:09:00+00:00
[2024-11-15T00:09:58.862+0000] {processor.py:208} INFO - Processing /home/airflow/.local/lib/python3.12/site-packages/airflow/example_dags/example_branch_python_dop_operator_3.py took 0.070 seconds
[2024-11-15T00:10:29.421+0000] {processor.py:186} INFO - Started process (PID=4441) to work on /home/airflow/.local/lib/python3.12/site-packages/airflow/example_dags/example_branch_python_dop_operator_3.py
[2024-11-15T00:10:29.422+0000] {processor.py:914} INFO - Processing file /home/airflow/.local/lib/python3.12/site-packages/airflow/example_dags/example_branch_python_dop_operator_3.py for tasks to queue
[2024-11-15T00:10:29.424+0000] {logging_mixin.py:190} INFO - [2024-11-15T00:10:29.423+0000] {dagbag.py:588} INFO - Filling up the DagBag from /home/airflow/.local/lib/python3.12/site-packages/airflow/example_dags/example_branch_python_dop_operator_3.py
[2024-11-15T00:10:29.433+0000] {processor.py:925} INFO - DAG(s) 'example_branch_dop_operator_v3' retrieved from /home/airflow/.local/lib/python3.12/site-packages/airflow/example_dags/example_branch_python_dop_operator_3.py
[2024-11-15T00:10:29.449+0000] {logging_mixin.py:190} INFO - [2024-11-15T00:10:29.449+0000] {dag.py:3239} INFO - Sync 1 DAGs
[2024-11-15T00:10:29.471+0000] {logging_mixin.py:190} INFO - [2024-11-15T00:10:29.470+0000] {dag.py:4180} INFO - Setting next_dagrun for example_branch_dop_operator_v3 to 2024-11-15 00:09:00+00:00, run_after=2024-11-15 00:10:00+00:00
[2024-11-15T00:10:29.484+0000] {processor.py:208} INFO - Processing /home/airflow/.local/lib/python3.12/site-packages/airflow/example_dags/example_branch_python_dop_operator_3.py took 0.068 seconds
[2024-11-15T00:16:43.541+0000] {processor.py:186} INFO - Started process (PID=4504) to work on /home/airflow/.local/lib/python3.12/site-packages/airflow/example_dags/example_branch_python_dop_operator_3.py
[2024-11-15T00:16:43.542+0000] {processor.py:914} INFO - Processing file /home/airflow/.local/lib/python3.12/site-packages/airflow/example_dags/example_branch_python_dop_operator_3.py for tasks to queue
[2024-11-15T00:16:43.544+0000] {logging_mixin.py:190} INFO - [2024-11-15T00:16:43.544+0000] {dagbag.py:588} INFO - Filling up the DagBag from /home/airflow/.local/lib/python3.12/site-packages/airflow/example_dags/example_branch_python_dop_operator_3.py
[2024-11-15T00:16:43.555+0000] {processor.py:925} INFO - DAG(s) 'example_branch_dop_operator_v3' retrieved from /home/airflow/.local/lib/python3.12/site-packages/airflow/example_dags/example_branch_python_dop_operator_3.py
[2024-11-15T00:16:43.573+0000] {logging_mixin.py:190} INFO - [2024-11-15T00:16:43.573+0000] {dag.py:3239} INFO - Sync 1 DAGs
[2024-11-15T00:16:43.599+0000] {logging_mixin.py:190} INFO - [2024-11-15T00:16:43.599+0000] {dag.py:4180} INFO - Setting next_dagrun for example_branch_dop_operator_v3 to 2024-11-15 00:15:00+00:00, run_after=2024-11-15 00:16:00+00:00
[2024-11-15T00:16:43.615+0000] {processor.py:208} INFO - Processing /home/airflow/.local/lib/python3.12/site-packages/airflow/example_dags/example_branch_python_dop_operator_3.py took 0.080 seconds
