[2024-11-15T00:00:05.839+0000] {processor.py:186} INFO - Started process (PID=3168) to work on /home/airflow/.local/lib/python3.12/site-packages/airflow/example_dags/example_display_name.py
[2024-11-15T00:00:05.839+0000] {processor.py:914} INFO - Processing file /home/airflow/.local/lib/python3.12/site-packages/airflow/example_dags/example_display_name.py for tasks to queue
[2024-11-15T00:00:05.841+0000] {logging_mixin.py:190} INFO - [2024-11-15T00:00:05.841+0000] {dagbag.py:588} INFO - Filling up the DagBag from /home/airflow/.local/lib/python3.12/site-packages/airflow/example_dags/example_display_name.py
[2024-11-15T00:00:05.848+0000] {processor.py:925} INFO - DAG(s) 'example_display_name' retrieved from /home/airflow/.local/lib/python3.12/site-packages/airflow/example_dags/example_display_name.py
[2024-11-15T00:00:05.866+0000] {logging_mixin.py:190} INFO - [2024-11-15T00:00:05.866+0000] {dag.py:3239} INFO - Sync 1 DAGs
[2024-11-15T00:00:05.877+0000] {logging_mixin.py:190} INFO - [2024-11-15T00:00:05.877+0000] {dag.py:4180} INFO - Setting next_dagrun for example_display_name to None, run_after=None
[2024-11-15T00:00:05.892+0000] {processor.py:208} INFO - Processing /home/airflow/.local/lib/python3.12/site-packages/airflow/example_dags/example_display_name.py took 0.058 seconds
[2024-11-15T00:00:36.654+0000] {processor.py:186} INFO - Started process (PID=3229) to work on /home/airflow/.local/lib/python3.12/site-packages/airflow/example_dags/example_display_name.py
[2024-11-15T00:00:36.655+0000] {processor.py:914} INFO - Processing file /home/airflow/.local/lib/python3.12/site-packages/airflow/example_dags/example_display_name.py for tasks to queue
[2024-11-15T00:00:36.657+0000] {logging_mixin.py:190} INFO - [2024-11-15T00:00:36.657+0000] {dagbag.py:588} INFO - Filling up the DagBag from /home/airflow/.local/lib/python3.12/site-packages/airflow/example_dags/example_display_name.py
[2024-11-15T00:00:36.666+0000] {processor.py:925} INFO - DAG(s) 'example_display_name' retrieved from /home/airflow/.local/lib/python3.12/site-packages/airflow/example_dags/example_display_name.py
[2024-11-15T00:00:36.687+0000] {logging_mixin.py:190} INFO - [2024-11-15T00:00:36.687+0000] {dag.py:3239} INFO - Sync 1 DAGs
[2024-11-15T00:00:36.700+0000] {logging_mixin.py:190} INFO - [2024-11-15T00:00:36.699+0000] {dag.py:4180} INFO - Setting next_dagrun for example_display_name to None, run_after=None
[2024-11-15T00:00:36.717+0000] {processor.py:208} INFO - Processing /home/airflow/.local/lib/python3.12/site-packages/airflow/example_dags/example_display_name.py took 0.069 seconds
[2024-11-15T00:01:08.765+0000] {processor.py:186} INFO - Started process (PID=3292) to work on /home/airflow/.local/lib/python3.12/site-packages/airflow/example_dags/example_display_name.py
[2024-11-15T00:01:08.765+0000] {processor.py:914} INFO - Processing file /home/airflow/.local/lib/python3.12/site-packages/airflow/example_dags/example_display_name.py for tasks to queue
[2024-11-15T00:01:08.767+0000] {logging_mixin.py:190} INFO - [2024-11-15T00:01:08.767+0000] {dagbag.py:588} INFO - Filling up the DagBag from /home/airflow/.local/lib/python3.12/site-packages/airflow/example_dags/example_display_name.py
[2024-11-15T00:01:08.775+0000] {processor.py:925} INFO - DAG(s) 'example_display_name' retrieved from /home/airflow/.local/lib/python3.12/site-packages/airflow/example_dags/example_display_name.py
[2024-11-15T00:01:08.792+0000] {logging_mixin.py:190} INFO - [2024-11-15T00:01:08.791+0000] {dag.py:3239} INFO - Sync 1 DAGs
[2024-11-15T00:01:08.805+0000] {logging_mixin.py:190} INFO - [2024-11-15T00:01:08.805+0000] {dag.py:4180} INFO - Setting next_dagrun for example_display_name to None, run_after=None
[2024-11-15T00:01:08.983+0000] {processor.py:208} INFO - Processing /home/airflow/.local/lib/python3.12/site-packages/airflow/example_dags/example_display_name.py took 0.223 seconds
[2024-11-15T00:01:39.503+0000] {processor.py:186} INFO - Started process (PID=3355) to work on /home/airflow/.local/lib/python3.12/site-packages/airflow/example_dags/example_display_name.py
[2024-11-15T00:01:39.503+0000] {processor.py:914} INFO - Processing file /home/airflow/.local/lib/python3.12/site-packages/airflow/example_dags/example_display_name.py for tasks to queue
[2024-11-15T00:01:39.505+0000] {logging_mixin.py:190} INFO - [2024-11-15T00:01:39.505+0000] {dagbag.py:588} INFO - Filling up the DagBag from /home/airflow/.local/lib/python3.12/site-packages/airflow/example_dags/example_display_name.py
[2024-11-15T00:01:39.513+0000] {processor.py:925} INFO - DAG(s) 'example_display_name' retrieved from /home/airflow/.local/lib/python3.12/site-packages/airflow/example_dags/example_display_name.py
[2024-11-15T00:01:39.530+0000] {logging_mixin.py:190} INFO - [2024-11-15T00:01:39.530+0000] {dag.py:3239} INFO - Sync 1 DAGs
[2024-11-15T00:01:39.543+0000] {logging_mixin.py:190} INFO - [2024-11-15T00:01:39.543+0000] {dag.py:4180} INFO - Setting next_dagrun for example_display_name to None, run_after=None
[2024-11-15T00:01:39.559+0000] {processor.py:208} INFO - Processing /home/airflow/.local/lib/python3.12/site-packages/airflow/example_dags/example_display_name.py took 0.061 seconds
[2024-11-15T00:02:10.422+0000] {processor.py:186} INFO - Started process (PID=3418) to work on /home/airflow/.local/lib/python3.12/site-packages/airflow/example_dags/example_display_name.py
[2024-11-15T00:02:10.423+0000] {processor.py:914} INFO - Processing file /home/airflow/.local/lib/python3.12/site-packages/airflow/example_dags/example_display_name.py for tasks to queue
[2024-11-15T00:02:10.425+0000] {logging_mixin.py:190} INFO - [2024-11-15T00:02:10.425+0000] {dagbag.py:588} INFO - Filling up the DagBag from /home/airflow/.local/lib/python3.12/site-packages/airflow/example_dags/example_display_name.py
[2024-11-15T00:02:10.432+0000] {processor.py:925} INFO - DAG(s) 'example_display_name' retrieved from /home/airflow/.local/lib/python3.12/site-packages/airflow/example_dags/example_display_name.py
[2024-11-15T00:02:10.448+0000] {logging_mixin.py:190} INFO - [2024-11-15T00:02:10.447+0000] {dag.py:3239} INFO - Sync 1 DAGs
[2024-11-15T00:02:10.460+0000] {logging_mixin.py:190} INFO - [2024-11-15T00:02:10.460+0000] {dag.py:4180} INFO - Setting next_dagrun for example_display_name to None, run_after=None
[2024-11-15T00:02:10.474+0000] {processor.py:208} INFO - Processing /home/airflow/.local/lib/python3.12/site-packages/airflow/example_dags/example_display_name.py took 0.056 seconds
[2024-11-15T00:02:41.105+0000] {processor.py:186} INFO - Started process (PID=3479) to work on /home/airflow/.local/lib/python3.12/site-packages/airflow/example_dags/example_display_name.py
[2024-11-15T00:02:41.106+0000] {processor.py:914} INFO - Processing file /home/airflow/.local/lib/python3.12/site-packages/airflow/example_dags/example_display_name.py for tasks to queue
[2024-11-15T00:02:41.108+0000] {logging_mixin.py:190} INFO - [2024-11-15T00:02:41.107+0000] {dagbag.py:588} INFO - Filling up the DagBag from /home/airflow/.local/lib/python3.12/site-packages/airflow/example_dags/example_display_name.py
[2024-11-15T00:02:41.114+0000] {processor.py:925} INFO - DAG(s) 'example_display_name' retrieved from /home/airflow/.local/lib/python3.12/site-packages/airflow/example_dags/example_display_name.py
[2024-11-15T00:02:41.131+0000] {logging_mixin.py:190} INFO - [2024-11-15T00:02:41.131+0000] {dag.py:3239} INFO - Sync 1 DAGs
[2024-11-15T00:02:41.145+0000] {logging_mixin.py:190} INFO - [2024-11-15T00:02:41.145+0000] {dag.py:4180} INFO - Setting next_dagrun for example_display_name to None, run_after=None
[2024-11-15T00:02:41.160+0000] {processor.py:208} INFO - Processing /home/airflow/.local/lib/python3.12/site-packages/airflow/example_dags/example_display_name.py took 0.059 seconds
[2024-11-15T00:03:11.334+0000] {processor.py:186} INFO - Started process (PID=3542) to work on /home/airflow/.local/lib/python3.12/site-packages/airflow/example_dags/example_display_name.py
[2024-11-15T00:03:11.335+0000] {processor.py:914} INFO - Processing file /home/airflow/.local/lib/python3.12/site-packages/airflow/example_dags/example_display_name.py for tasks to queue
[2024-11-15T00:03:11.337+0000] {logging_mixin.py:190} INFO - [2024-11-15T00:03:11.337+0000] {dagbag.py:588} INFO - Filling up the DagBag from /home/airflow/.local/lib/python3.12/site-packages/airflow/example_dags/example_display_name.py
[2024-11-15T00:03:11.344+0000] {processor.py:925} INFO - DAG(s) 'example_display_name' retrieved from /home/airflow/.local/lib/python3.12/site-packages/airflow/example_dags/example_display_name.py
[2024-11-15T00:03:11.358+0000] {logging_mixin.py:190} INFO - [2024-11-15T00:03:11.358+0000] {dag.py:3239} INFO - Sync 1 DAGs
[2024-11-15T00:03:11.370+0000] {logging_mixin.py:190} INFO - [2024-11-15T00:03:11.370+0000] {dag.py:4180} INFO - Setting next_dagrun for example_display_name to None, run_after=None
[2024-11-15T00:03:11.384+0000] {processor.py:208} INFO - Processing /home/airflow/.local/lib/python3.12/site-packages/airflow/example_dags/example_display_name.py took 0.055 seconds
[2024-11-15T00:03:41.914+0000] {processor.py:186} INFO - Started process (PID=3605) to work on /home/airflow/.local/lib/python3.12/site-packages/airflow/example_dags/example_display_name.py
[2024-11-15T00:03:41.915+0000] {processor.py:914} INFO - Processing file /home/airflow/.local/lib/python3.12/site-packages/airflow/example_dags/example_display_name.py for tasks to queue
[2024-11-15T00:03:41.917+0000] {logging_mixin.py:190} INFO - [2024-11-15T00:03:41.917+0000] {dagbag.py:588} INFO - Filling up the DagBag from /home/airflow/.local/lib/python3.12/site-packages/airflow/example_dags/example_display_name.py
[2024-11-15T00:03:41.924+0000] {processor.py:925} INFO - DAG(s) 'example_display_name' retrieved from /home/airflow/.local/lib/python3.12/site-packages/airflow/example_dags/example_display_name.py
[2024-11-15T00:03:41.940+0000] {logging_mixin.py:190} INFO - [2024-11-15T00:03:41.940+0000] {dag.py:3239} INFO - Sync 1 DAGs
[2024-11-15T00:03:41.952+0000] {logging_mixin.py:190} INFO - [2024-11-15T00:03:41.952+0000] {dag.py:4180} INFO - Setting next_dagrun for example_display_name to None, run_after=None
[2024-11-15T00:03:41.968+0000] {processor.py:208} INFO - Processing /home/airflow/.local/lib/python3.12/site-packages/airflow/example_dags/example_display_name.py took 0.059 seconds
[2024-11-15T00:04:12.396+0000] {processor.py:186} INFO - Started process (PID=3668) to work on /home/airflow/.local/lib/python3.12/site-packages/airflow/example_dags/example_display_name.py
[2024-11-15T00:04:12.396+0000] {processor.py:914} INFO - Processing file /home/airflow/.local/lib/python3.12/site-packages/airflow/example_dags/example_display_name.py for tasks to queue
[2024-11-15T00:04:12.399+0000] {logging_mixin.py:190} INFO - [2024-11-15T00:04:12.399+0000] {dagbag.py:588} INFO - Filling up the DagBag from /home/airflow/.local/lib/python3.12/site-packages/airflow/example_dags/example_display_name.py
[2024-11-15T00:04:12.408+0000] {processor.py:925} INFO - DAG(s) 'example_display_name' retrieved from /home/airflow/.local/lib/python3.12/site-packages/airflow/example_dags/example_display_name.py
[2024-11-15T00:04:12.425+0000] {logging_mixin.py:190} INFO - [2024-11-15T00:04:12.424+0000] {dag.py:3239} INFO - Sync 1 DAGs
[2024-11-15T00:04:12.438+0000] {logging_mixin.py:190} INFO - [2024-11-15T00:04:12.438+0000] {dag.py:4180} INFO - Setting next_dagrun for example_display_name to None, run_after=None
[2024-11-15T00:04:12.456+0000] {processor.py:208} INFO - Processing /home/airflow/.local/lib/python3.12/site-packages/airflow/example_dags/example_display_name.py took 0.065 seconds
[2024-11-15T00:04:42.884+0000] {processor.py:186} INFO - Started process (PID=3731) to work on /home/airflow/.local/lib/python3.12/site-packages/airflow/example_dags/example_display_name.py
[2024-11-15T00:04:42.884+0000] {processor.py:914} INFO - Processing file /home/airflow/.local/lib/python3.12/site-packages/airflow/example_dags/example_display_name.py for tasks to queue
[2024-11-15T00:04:42.886+0000] {logging_mixin.py:190} INFO - [2024-11-15T00:04:42.886+0000] {dagbag.py:588} INFO - Filling up the DagBag from /home/airflow/.local/lib/python3.12/site-packages/airflow/example_dags/example_display_name.py
[2024-11-15T00:04:42.893+0000] {processor.py:925} INFO - DAG(s) 'example_display_name' retrieved from /home/airflow/.local/lib/python3.12/site-packages/airflow/example_dags/example_display_name.py
[2024-11-15T00:04:42.911+0000] {logging_mixin.py:190} INFO - [2024-11-15T00:04:42.910+0000] {dag.py:3239} INFO - Sync 1 DAGs
[2024-11-15T00:04:42.921+0000] {logging_mixin.py:190} INFO - [2024-11-15T00:04:42.921+0000] {dag.py:4180} INFO - Setting next_dagrun for example_display_name to None, run_after=None
[2024-11-15T00:04:42.936+0000] {processor.py:208} INFO - Processing /home/airflow/.local/lib/python3.12/site-packages/airflow/example_dags/example_display_name.py took 0.057 seconds
[2024-11-15T00:05:13.394+0000] {processor.py:186} INFO - Started process (PID=3794) to work on /home/airflow/.local/lib/python3.12/site-packages/airflow/example_dags/example_display_name.py
[2024-11-15T00:05:13.395+0000] {processor.py:914} INFO - Processing file /home/airflow/.local/lib/python3.12/site-packages/airflow/example_dags/example_display_name.py for tasks to queue
[2024-11-15T00:05:13.397+0000] {logging_mixin.py:190} INFO - [2024-11-15T00:05:13.397+0000] {dagbag.py:588} INFO - Filling up the DagBag from /home/airflow/.local/lib/python3.12/site-packages/airflow/example_dags/example_display_name.py
[2024-11-15T00:05:13.404+0000] {processor.py:925} INFO - DAG(s) 'example_display_name' retrieved from /home/airflow/.local/lib/python3.12/site-packages/airflow/example_dags/example_display_name.py
[2024-11-15T00:05:13.421+0000] {logging_mixin.py:190} INFO - [2024-11-15T00:05:13.420+0000] {dag.py:3239} INFO - Sync 1 DAGs
[2024-11-15T00:05:13.432+0000] {logging_mixin.py:190} INFO - [2024-11-15T00:05:13.432+0000] {dag.py:4180} INFO - Setting next_dagrun for example_display_name to None, run_after=None
[2024-11-15T00:05:13.446+0000] {processor.py:208} INFO - Processing /home/airflow/.local/lib/python3.12/site-packages/airflow/example_dags/example_display_name.py took 0.057 seconds
[2024-11-15T00:05:43.960+0000] {processor.py:186} INFO - Started process (PID=3857) to work on /home/airflow/.local/lib/python3.12/site-packages/airflow/example_dags/example_display_name.py
[2024-11-15T00:05:43.961+0000] {processor.py:914} INFO - Processing file /home/airflow/.local/lib/python3.12/site-packages/airflow/example_dags/example_display_name.py for tasks to queue
[2024-11-15T00:05:43.963+0000] {logging_mixin.py:190} INFO - [2024-11-15T00:05:43.963+0000] {dagbag.py:588} INFO - Filling up the DagBag from /home/airflow/.local/lib/python3.12/site-packages/airflow/example_dags/example_display_name.py
[2024-11-15T00:05:43.970+0000] {processor.py:925} INFO - DAG(s) 'example_display_name' retrieved from /home/airflow/.local/lib/python3.12/site-packages/airflow/example_dags/example_display_name.py
[2024-11-15T00:05:43.986+0000] {logging_mixin.py:190} INFO - [2024-11-15T00:05:43.986+0000] {dag.py:3239} INFO - Sync 1 DAGs
[2024-11-15T00:05:43.997+0000] {logging_mixin.py:190} INFO - [2024-11-15T00:05:43.996+0000] {dag.py:4180} INFO - Setting next_dagrun for example_display_name to None, run_after=None
[2024-11-15T00:05:44.012+0000] {processor.py:208} INFO - Processing /home/airflow/.local/lib/python3.12/site-packages/airflow/example_dags/example_display_name.py took 0.057 seconds
[2024-11-15T00:06:14.464+0000] {processor.py:186} INFO - Started process (PID=3920) to work on /home/airflow/.local/lib/python3.12/site-packages/airflow/example_dags/example_display_name.py
[2024-11-15T00:06:14.465+0000] {processor.py:914} INFO - Processing file /home/airflow/.local/lib/python3.12/site-packages/airflow/example_dags/example_display_name.py for tasks to queue
[2024-11-15T00:06:14.467+0000] {logging_mixin.py:190} INFO - [2024-11-15T00:06:14.467+0000] {dagbag.py:588} INFO - Filling up the DagBag from /home/airflow/.local/lib/python3.12/site-packages/airflow/example_dags/example_display_name.py
[2024-11-15T00:06:14.474+0000] {processor.py:925} INFO - DAG(s) 'example_display_name' retrieved from /home/airflow/.local/lib/python3.12/site-packages/airflow/example_dags/example_display_name.py
[2024-11-15T00:06:14.489+0000] {logging_mixin.py:190} INFO - [2024-11-15T00:06:14.489+0000] {dag.py:3239} INFO - Sync 1 DAGs
[2024-11-15T00:06:14.501+0000] {logging_mixin.py:190} INFO - [2024-11-15T00:06:14.501+0000] {dag.py:4180} INFO - Setting next_dagrun for example_display_name to None, run_after=None
[2024-11-15T00:06:14.516+0000] {processor.py:208} INFO - Processing /home/airflow/.local/lib/python3.12/site-packages/airflow/example_dags/example_display_name.py took 0.057 seconds
[2024-11-15T00:06:44.658+0000] {processor.py:186} INFO - Started process (PID=3983) to work on /home/airflow/.local/lib/python3.12/site-packages/airflow/example_dags/example_display_name.py
[2024-11-15T00:06:44.658+0000] {processor.py:914} INFO - Processing file /home/airflow/.local/lib/python3.12/site-packages/airflow/example_dags/example_display_name.py for tasks to queue
[2024-11-15T00:06:44.660+0000] {logging_mixin.py:190} INFO - [2024-11-15T00:06:44.660+0000] {dagbag.py:588} INFO - Filling up the DagBag from /home/airflow/.local/lib/python3.12/site-packages/airflow/example_dags/example_display_name.py
[2024-11-15T00:06:44.666+0000] {processor.py:925} INFO - DAG(s) 'example_display_name' retrieved from /home/airflow/.local/lib/python3.12/site-packages/airflow/example_dags/example_display_name.py
[2024-11-15T00:06:44.682+0000] {logging_mixin.py:190} INFO - [2024-11-15T00:06:44.682+0000] {dag.py:3239} INFO - Sync 1 DAGs
[2024-11-15T00:06:44.694+0000] {logging_mixin.py:190} INFO - [2024-11-15T00:06:44.693+0000] {dag.py:4180} INFO - Setting next_dagrun for example_display_name to None, run_after=None
[2024-11-15T00:06:44.707+0000] {processor.py:208} INFO - Processing /home/airflow/.local/lib/python3.12/site-packages/airflow/example_dags/example_display_name.py took 0.055 seconds
[2024-11-15T00:07:15.588+0000] {processor.py:186} INFO - Started process (PID=4046) to work on /home/airflow/.local/lib/python3.12/site-packages/airflow/example_dags/example_display_name.py
[2024-11-15T00:07:15.589+0000] {processor.py:914} INFO - Processing file /home/airflow/.local/lib/python3.12/site-packages/airflow/example_dags/example_display_name.py for tasks to queue
[2024-11-15T00:07:15.591+0000] {logging_mixin.py:190} INFO - [2024-11-15T00:07:15.591+0000] {dagbag.py:588} INFO - Filling up the DagBag from /home/airflow/.local/lib/python3.12/site-packages/airflow/example_dags/example_display_name.py
[2024-11-15T00:07:15.598+0000] {processor.py:925} INFO - DAG(s) 'example_display_name' retrieved from /home/airflow/.local/lib/python3.12/site-packages/airflow/example_dags/example_display_name.py
[2024-11-15T00:07:15.614+0000] {logging_mixin.py:190} INFO - [2024-11-15T00:07:15.614+0000] {dag.py:3239} INFO - Sync 1 DAGs
[2024-11-15T00:07:15.626+0000] {logging_mixin.py:190} INFO - [2024-11-15T00:07:15.625+0000] {dag.py:4180} INFO - Setting next_dagrun for example_display_name to None, run_after=None
[2024-11-15T00:07:15.640+0000] {processor.py:208} INFO - Processing /home/airflow/.local/lib/python3.12/site-packages/airflow/example_dags/example_display_name.py took 0.056 seconds
[2024-11-15T00:07:45.893+0000] {processor.py:186} INFO - Started process (PID=4109) to work on /home/airflow/.local/lib/python3.12/site-packages/airflow/example_dags/example_display_name.py
[2024-11-15T00:07:45.894+0000] {processor.py:914} INFO - Processing file /home/airflow/.local/lib/python3.12/site-packages/airflow/example_dags/example_display_name.py for tasks to queue
[2024-11-15T00:07:45.896+0000] {logging_mixin.py:190} INFO - [2024-11-15T00:07:45.895+0000] {dagbag.py:588} INFO - Filling up the DagBag from /home/airflow/.local/lib/python3.12/site-packages/airflow/example_dags/example_display_name.py
[2024-11-15T00:07:45.904+0000] {processor.py:925} INFO - DAG(s) 'example_display_name' retrieved from /home/airflow/.local/lib/python3.12/site-packages/airflow/example_dags/example_display_name.py
[2024-11-15T00:07:45.922+0000] {logging_mixin.py:190} INFO - [2024-11-15T00:07:45.921+0000] {dag.py:3239} INFO - Sync 1 DAGs
[2024-11-15T00:07:45.934+0000] {logging_mixin.py:190} INFO - [2024-11-15T00:07:45.933+0000] {dag.py:4180} INFO - Setting next_dagrun for example_display_name to None, run_after=None
[2024-11-15T00:07:45.948+0000] {processor.py:208} INFO - Processing /home/airflow/.local/lib/python3.12/site-packages/airflow/example_dags/example_display_name.py took 0.061 seconds
[2024-11-15T00:08:16.051+0000] {processor.py:186} INFO - Started process (PID=4172) to work on /home/airflow/.local/lib/python3.12/site-packages/airflow/example_dags/example_display_name.py
[2024-11-15T00:08:16.052+0000] {processor.py:914} INFO - Processing file /home/airflow/.local/lib/python3.12/site-packages/airflow/example_dags/example_display_name.py for tasks to queue
[2024-11-15T00:08:16.054+0000] {logging_mixin.py:190} INFO - [2024-11-15T00:08:16.053+0000] {dagbag.py:588} INFO - Filling up the DagBag from /home/airflow/.local/lib/python3.12/site-packages/airflow/example_dags/example_display_name.py
[2024-11-15T00:08:16.062+0000] {processor.py:925} INFO - DAG(s) 'example_display_name' retrieved from /home/airflow/.local/lib/python3.12/site-packages/airflow/example_dags/example_display_name.py
[2024-11-15T00:08:16.078+0000] {logging_mixin.py:190} INFO - [2024-11-15T00:08:16.078+0000] {dag.py:3239} INFO - Sync 1 DAGs
[2024-11-15T00:08:16.090+0000] {logging_mixin.py:190} INFO - [2024-11-15T00:08:16.090+0000] {dag.py:4180} INFO - Setting next_dagrun for example_display_name to None, run_after=None
[2024-11-15T00:08:16.105+0000] {processor.py:208} INFO - Processing /home/airflow/.local/lib/python3.12/site-packages/airflow/example_dags/example_display_name.py took 0.059 seconds
[2024-11-15T00:08:46.273+0000] {processor.py:186} INFO - Started process (PID=4235) to work on /home/airflow/.local/lib/python3.12/site-packages/airflow/example_dags/example_display_name.py
[2024-11-15T00:08:46.274+0000] {processor.py:914} INFO - Processing file /home/airflow/.local/lib/python3.12/site-packages/airflow/example_dags/example_display_name.py for tasks to queue
[2024-11-15T00:08:46.276+0000] {logging_mixin.py:190} INFO - [2024-11-15T00:08:46.276+0000] {dagbag.py:588} INFO - Filling up the DagBag from /home/airflow/.local/lib/python3.12/site-packages/airflow/example_dags/example_display_name.py
[2024-11-15T00:08:46.283+0000] {processor.py:925} INFO - DAG(s) 'example_display_name' retrieved from /home/airflow/.local/lib/python3.12/site-packages/airflow/example_dags/example_display_name.py
[2024-11-15T00:08:46.301+0000] {logging_mixin.py:190} INFO - [2024-11-15T00:08:46.300+0000] {dag.py:3239} INFO - Sync 1 DAGs
[2024-11-15T00:08:46.314+0000] {logging_mixin.py:190} INFO - [2024-11-15T00:08:46.313+0000] {dag.py:4180} INFO - Setting next_dagrun for example_display_name to None, run_after=None
[2024-11-15T00:08:46.329+0000] {processor.py:208} INFO - Processing /home/airflow/.local/lib/python3.12/site-packages/airflow/example_dags/example_display_name.py took 0.062 seconds
[2024-11-15T00:09:16.387+0000] {processor.py:186} INFO - Started process (PID=4297) to work on /home/airflow/.local/lib/python3.12/site-packages/airflow/example_dags/example_display_name.py
[2024-11-15T00:09:16.387+0000] {processor.py:914} INFO - Processing file /home/airflow/.local/lib/python3.12/site-packages/airflow/example_dags/example_display_name.py for tasks to queue
[2024-11-15T00:09:16.389+0000] {logging_mixin.py:190} INFO - [2024-11-15T00:09:16.389+0000] {dagbag.py:588} INFO - Filling up the DagBag from /home/airflow/.local/lib/python3.12/site-packages/airflow/example_dags/example_display_name.py
[2024-11-15T00:09:16.396+0000] {processor.py:925} INFO - DAG(s) 'example_display_name' retrieved from /home/airflow/.local/lib/python3.12/site-packages/airflow/example_dags/example_display_name.py
[2024-11-15T00:09:16.412+0000] {logging_mixin.py:190} INFO - [2024-11-15T00:09:16.412+0000] {dag.py:3239} INFO - Sync 1 DAGs
[2024-11-15T00:09:16.424+0000] {logging_mixin.py:190} INFO - [2024-11-15T00:09:16.424+0000] {dag.py:4180} INFO - Setting next_dagrun for example_display_name to None, run_after=None
[2024-11-15T00:09:16.440+0000] {processor.py:208} INFO - Processing /home/airflow/.local/lib/python3.12/site-packages/airflow/example_dags/example_display_name.py took 0.058 seconds
[2024-11-15T00:09:46.489+0000] {processor.py:186} INFO - Started process (PID=4360) to work on /home/airflow/.local/lib/python3.12/site-packages/airflow/example_dags/example_display_name.py
[2024-11-15T00:09:46.490+0000] {processor.py:914} INFO - Processing file /home/airflow/.local/lib/python3.12/site-packages/airflow/example_dags/example_display_name.py for tasks to queue
[2024-11-15T00:09:46.492+0000] {logging_mixin.py:190} INFO - [2024-11-15T00:09:46.491+0000] {dagbag.py:588} INFO - Filling up the DagBag from /home/airflow/.local/lib/python3.12/site-packages/airflow/example_dags/example_display_name.py
[2024-11-15T00:09:46.498+0000] {processor.py:925} INFO - DAG(s) 'example_display_name' retrieved from /home/airflow/.local/lib/python3.12/site-packages/airflow/example_dags/example_display_name.py
[2024-11-15T00:09:46.513+0000] {logging_mixin.py:190} INFO - [2024-11-15T00:09:46.513+0000] {dag.py:3239} INFO - Sync 1 DAGs
[2024-11-15T00:09:46.525+0000] {logging_mixin.py:190} INFO - [2024-11-15T00:09:46.525+0000] {dag.py:4180} INFO - Setting next_dagrun for example_display_name to None, run_after=None
[2024-11-15T00:09:46.539+0000] {processor.py:208} INFO - Processing /home/airflow/.local/lib/python3.12/site-packages/airflow/example_dags/example_display_name.py took 0.055 seconds
[2024-11-15T00:10:16.760+0000] {processor.py:186} INFO - Started process (PID=4423) to work on /home/airflow/.local/lib/python3.12/site-packages/airflow/example_dags/example_display_name.py
[2024-11-15T00:10:16.761+0000] {processor.py:914} INFO - Processing file /home/airflow/.local/lib/python3.12/site-packages/airflow/example_dags/example_display_name.py for tasks to queue
[2024-11-15T00:10:16.763+0000] {logging_mixin.py:190} INFO - [2024-11-15T00:10:16.762+0000] {dagbag.py:588} INFO - Filling up the DagBag from /home/airflow/.local/lib/python3.12/site-packages/airflow/example_dags/example_display_name.py
[2024-11-15T00:10:16.769+0000] {processor.py:925} INFO - DAG(s) 'example_display_name' retrieved from /home/airflow/.local/lib/python3.12/site-packages/airflow/example_dags/example_display_name.py
[2024-11-15T00:10:16.784+0000] {logging_mixin.py:190} INFO - [2024-11-15T00:10:16.784+0000] {dag.py:3239} INFO - Sync 1 DAGs
[2024-11-15T00:10:16.796+0000] {logging_mixin.py:190} INFO - [2024-11-15T00:10:16.796+0000] {dag.py:4180} INFO - Setting next_dagrun for example_display_name to None, run_after=None
[2024-11-15T00:10:16.816+0000] {processor.py:208} INFO - Processing /home/airflow/.local/lib/python3.12/site-packages/airflow/example_dags/example_display_name.py took 0.061 seconds
[2024-11-15T00:10:47.436+0000] {processor.py:186} INFO - Started process (PID=4486) to work on /home/airflow/.local/lib/python3.12/site-packages/airflow/example_dags/example_display_name.py
[2024-11-15T00:10:47.437+0000] {processor.py:914} INFO - Processing file /home/airflow/.local/lib/python3.12/site-packages/airflow/example_dags/example_display_name.py for tasks to queue
[2024-11-15T00:10:47.438+0000] {logging_mixin.py:190} INFO - [2024-11-15T00:10:47.438+0000] {dagbag.py:588} INFO - Filling up the DagBag from /home/airflow/.local/lib/python3.12/site-packages/airflow/example_dags/example_display_name.py
[2024-11-15T00:10:47.445+0000] {processor.py:925} INFO - DAG(s) 'example_display_name' retrieved from /home/airflow/.local/lib/python3.12/site-packages/airflow/example_dags/example_display_name.py
[2024-11-15T00:10:47.461+0000] {logging_mixin.py:190} INFO - [2024-11-15T00:10:47.461+0000] {dag.py:3239} INFO - Sync 1 DAGs
[2024-11-15T00:10:47.473+0000] {logging_mixin.py:190} INFO - [2024-11-15T00:10:47.473+0000] {dag.py:4180} INFO - Setting next_dagrun for example_display_name to None, run_after=None
[2024-11-15T00:10:47.488+0000] {processor.py:208} INFO - Processing /home/airflow/.local/lib/python3.12/site-packages/airflow/example_dags/example_display_name.py took 0.058 seconds
[2024-11-15T00:16:46.076+0000] {processor.py:186} INFO - Started process (PID=4544) to work on /home/airflow/.local/lib/python3.12/site-packages/airflow/example_dags/example_display_name.py
[2024-11-15T00:16:46.077+0000] {processor.py:914} INFO - Processing file /home/airflow/.local/lib/python3.12/site-packages/airflow/example_dags/example_display_name.py for tasks to queue
[2024-11-15T00:16:46.079+0000] {logging_mixin.py:190} INFO - [2024-11-15T00:16:46.079+0000] {dagbag.py:588} INFO - Filling up the DagBag from /home/airflow/.local/lib/python3.12/site-packages/airflow/example_dags/example_display_name.py
[2024-11-15T00:16:46.087+0000] {processor.py:925} INFO - DAG(s) 'example_display_name' retrieved from /home/airflow/.local/lib/python3.12/site-packages/airflow/example_dags/example_display_name.py
[2024-11-15T00:16:46.107+0000] {logging_mixin.py:190} INFO - [2024-11-15T00:16:46.106+0000] {dag.py:3239} INFO - Sync 1 DAGs
[2024-11-15T00:16:46.120+0000] {logging_mixin.py:190} INFO - [2024-11-15T00:16:46.120+0000] {dag.py:4180} INFO - Setting next_dagrun for example_display_name to None, run_after=None
[2024-11-15T00:16:46.138+0000] {processor.py:208} INFO - Processing /home/airflow/.local/lib/python3.12/site-packages/airflow/example_dags/example_display_name.py took 0.069 seconds
