[2024-11-15T00:00:30.253+0000] {processor.py:186} INFO - Started process (PID=3195) to work on /home/airflow/.local/lib/python3.12/site-packages/airflow/example_dags/example_external_task_marker_dag.py
[2024-11-15T00:00:30.254+0000] {processor.py:914} INFO - Processing file /home/airflow/.local/lib/python3.12/site-packages/airflow/example_dags/example_external_task_marker_dag.py for tasks to queue
[2024-11-15T00:00:30.256+0000] {logging_mixin.py:190} INFO - [2024-11-15T00:00:30.256+0000] {dagbag.py:588} INFO - Filling up the DagBag from /home/airflow/.local/lib/python3.12/site-packages/airflow/example_dags/example_external_task_marker_dag.py
[2024-11-15T00:00:30.263+0000] {processor.py:925} INFO - DAG(s) 'example_external_task_marker_parent', 'example_external_task_marker_child' retrieved from /home/airflow/.local/lib/python3.12/site-packages/airflow/example_dags/example_external_task_marker_dag.py
[2024-11-15T00:00:30.282+0000] {logging_mixin.py:190} INFO - [2024-11-15T00:00:30.282+0000] {dag.py:3239} INFO - Sync 2 DAGs
[2024-11-15T00:00:30.467+0000] {logging_mixin.py:190} INFO - [2024-11-15T00:00:30.467+0000] {dag.py:4180} INFO - Setting next_dagrun for example_external_task_marker_child to None, run_after=None
[2024-11-15T00:00:30.470+0000] {logging_mixin.py:190} INFO - [2024-11-15T00:00:30.470+0000] {dag.py:4180} INFO - Setting next_dagrun for example_external_task_marker_parent to None, run_after=None
[2024-11-15T00:00:30.484+0000] {processor.py:208} INFO - Processing /home/airflow/.local/lib/python3.12/site-packages/airflow/example_dags/example_external_task_marker_dag.py took 0.236 seconds
[2024-11-15T00:01:00.627+0000] {processor.py:186} INFO - Started process (PID=3258) to work on /home/airflow/.local/lib/python3.12/site-packages/airflow/example_dags/example_external_task_marker_dag.py
[2024-11-15T00:01:00.627+0000] {processor.py:914} INFO - Processing file /home/airflow/.local/lib/python3.12/site-packages/airflow/example_dags/example_external_task_marker_dag.py for tasks to queue
[2024-11-15T00:01:00.629+0000] {logging_mixin.py:190} INFO - [2024-11-15T00:01:00.629+0000] {dagbag.py:588} INFO - Filling up the DagBag from /home/airflow/.local/lib/python3.12/site-packages/airflow/example_dags/example_external_task_marker_dag.py
[2024-11-15T00:01:00.638+0000] {processor.py:925} INFO - DAG(s) 'example_external_task_marker_parent', 'example_external_task_marker_child' retrieved from /home/airflow/.local/lib/python3.12/site-packages/airflow/example_dags/example_external_task_marker_dag.py
[2024-11-15T00:01:00.657+0000] {logging_mixin.py:190} INFO - [2024-11-15T00:01:00.657+0000] {dag.py:3239} INFO - Sync 2 DAGs
[2024-11-15T00:01:00.670+0000] {logging_mixin.py:190} INFO - [2024-11-15T00:01:00.669+0000] {dag.py:4180} INFO - Setting next_dagrun for example_external_task_marker_child to None, run_after=None
[2024-11-15T00:01:00.673+0000] {logging_mixin.py:190} INFO - [2024-11-15T00:01:00.673+0000] {dag.py:4180} INFO - Setting next_dagrun for example_external_task_marker_parent to None, run_after=None
[2024-11-15T00:01:00.687+0000] {processor.py:208} INFO - Processing /home/airflow/.local/lib/python3.12/site-packages/airflow/example_dags/example_external_task_marker_dag.py took 0.065 seconds
[2024-11-15T00:01:31.446+0000] {processor.py:186} INFO - Started process (PID=3321) to work on /home/airflow/.local/lib/python3.12/site-packages/airflow/example_dags/example_external_task_marker_dag.py
[2024-11-15T00:01:31.447+0000] {processor.py:914} INFO - Processing file /home/airflow/.local/lib/python3.12/site-packages/airflow/example_dags/example_external_task_marker_dag.py for tasks to queue
[2024-11-15T00:01:31.449+0000] {logging_mixin.py:190} INFO - [2024-11-15T00:01:31.448+0000] {dagbag.py:588} INFO - Filling up the DagBag from /home/airflow/.local/lib/python3.12/site-packages/airflow/example_dags/example_external_task_marker_dag.py
[2024-11-15T00:01:31.456+0000] {processor.py:925} INFO - DAG(s) 'example_external_task_marker_parent', 'example_external_task_marker_child' retrieved from /home/airflow/.local/lib/python3.12/site-packages/airflow/example_dags/example_external_task_marker_dag.py
[2024-11-15T00:01:31.473+0000] {logging_mixin.py:190} INFO - [2024-11-15T00:01:31.473+0000] {dag.py:3239} INFO - Sync 2 DAGs
[2024-11-15T00:01:31.485+0000] {logging_mixin.py:190} INFO - [2024-11-15T00:01:31.485+0000] {dag.py:4180} INFO - Setting next_dagrun for example_external_task_marker_child to None, run_after=None
[2024-11-15T00:01:31.488+0000] {logging_mixin.py:190} INFO - [2024-11-15T00:01:31.488+0000] {dag.py:4180} INFO - Setting next_dagrun for example_external_task_marker_parent to None, run_after=None
[2024-11-15T00:01:31.501+0000] {processor.py:208} INFO - Processing /home/airflow/.local/lib/python3.12/site-packages/airflow/example_dags/example_external_task_marker_dag.py took 0.060 seconds
[2024-11-15T00:02:01.664+0000] {processor.py:186} INFO - Started process (PID=3384) to work on /home/airflow/.local/lib/python3.12/site-packages/airflow/example_dags/example_external_task_marker_dag.py
[2024-11-15T00:02:01.665+0000] {processor.py:914} INFO - Processing file /home/airflow/.local/lib/python3.12/site-packages/airflow/example_dags/example_external_task_marker_dag.py for tasks to queue
[2024-11-15T00:02:01.667+0000] {logging_mixin.py:190} INFO - [2024-11-15T00:02:01.666+0000] {dagbag.py:588} INFO - Filling up the DagBag from /home/airflow/.local/lib/python3.12/site-packages/airflow/example_dags/example_external_task_marker_dag.py
[2024-11-15T00:02:01.674+0000] {processor.py:925} INFO - DAG(s) 'example_external_task_marker_parent', 'example_external_task_marker_child' retrieved from /home/airflow/.local/lib/python3.12/site-packages/airflow/example_dags/example_external_task_marker_dag.py
[2024-11-15T00:02:01.691+0000] {logging_mixin.py:190} INFO - [2024-11-15T00:02:01.691+0000] {dag.py:3239} INFO - Sync 2 DAGs
[2024-11-15T00:02:01.865+0000] {logging_mixin.py:190} INFO - [2024-11-15T00:02:01.865+0000] {dag.py:4180} INFO - Setting next_dagrun for example_external_task_marker_child to None, run_after=None
[2024-11-15T00:02:01.868+0000] {logging_mixin.py:190} INFO - [2024-11-15T00:02:01.868+0000] {dag.py:4180} INFO - Setting next_dagrun for example_external_task_marker_parent to None, run_after=None
[2024-11-15T00:02:01.881+0000] {processor.py:208} INFO - Processing /home/airflow/.local/lib/python3.12/site-packages/airflow/example_dags/example_external_task_marker_dag.py took 0.222 seconds
[2024-11-15T00:02:32.394+0000] {processor.py:186} INFO - Started process (PID=3447) to work on /home/airflow/.local/lib/python3.12/site-packages/airflow/example_dags/example_external_task_marker_dag.py
[2024-11-15T00:02:32.395+0000] {processor.py:914} INFO - Processing file /home/airflow/.local/lib/python3.12/site-packages/airflow/example_dags/example_external_task_marker_dag.py for tasks to queue
[2024-11-15T00:02:32.397+0000] {logging_mixin.py:190} INFO - [2024-11-15T00:02:32.397+0000] {dagbag.py:588} INFO - Filling up the DagBag from /home/airflow/.local/lib/python3.12/site-packages/airflow/example_dags/example_external_task_marker_dag.py
[2024-11-15T00:02:32.404+0000] {processor.py:925} INFO - DAG(s) 'example_external_task_marker_parent', 'example_external_task_marker_child' retrieved from /home/airflow/.local/lib/python3.12/site-packages/airflow/example_dags/example_external_task_marker_dag.py
[2024-11-15T00:02:32.421+0000] {logging_mixin.py:190} INFO - [2024-11-15T00:02:32.421+0000] {dag.py:3239} INFO - Sync 2 DAGs
[2024-11-15T00:02:32.433+0000] {logging_mixin.py:190} INFO - [2024-11-15T00:02:32.433+0000] {dag.py:4180} INFO - Setting next_dagrun for example_external_task_marker_child to None, run_after=None
[2024-11-15T00:02:32.436+0000] {logging_mixin.py:190} INFO - [2024-11-15T00:02:32.436+0000] {dag.py:4180} INFO - Setting next_dagrun for example_external_task_marker_parent to None, run_after=None
[2024-11-15T00:02:32.448+0000] {processor.py:208} INFO - Processing /home/airflow/.local/lib/python3.12/site-packages/airflow/example_dags/example_external_task_marker_dag.py took 0.059 seconds
[2024-11-15T00:03:02.673+0000] {processor.py:186} INFO - Started process (PID=3510) to work on /home/airflow/.local/lib/python3.12/site-packages/airflow/example_dags/example_external_task_marker_dag.py
[2024-11-15T00:03:02.675+0000] {processor.py:914} INFO - Processing file /home/airflow/.local/lib/python3.12/site-packages/airflow/example_dags/example_external_task_marker_dag.py for tasks to queue
[2024-11-15T00:03:02.677+0000] {logging_mixin.py:190} INFO - [2024-11-15T00:03:02.676+0000] {dagbag.py:588} INFO - Filling up the DagBag from /home/airflow/.local/lib/python3.12/site-packages/airflow/example_dags/example_external_task_marker_dag.py
[2024-11-15T00:03:02.683+0000] {processor.py:925} INFO - DAG(s) 'example_external_task_marker_child', 'example_external_task_marker_parent' retrieved from /home/airflow/.local/lib/python3.12/site-packages/airflow/example_dags/example_external_task_marker_dag.py
[2024-11-15T00:03:02.702+0000] {logging_mixin.py:190} INFO - [2024-11-15T00:03:02.702+0000] {dag.py:3239} INFO - Sync 2 DAGs
[2024-11-15T00:03:02.714+0000] {logging_mixin.py:190} INFO - [2024-11-15T00:03:02.713+0000] {dag.py:4180} INFO - Setting next_dagrun for example_external_task_marker_child to None, run_after=None
[2024-11-15T00:03:02.717+0000] {logging_mixin.py:190} INFO - [2024-11-15T00:03:02.717+0000] {dag.py:4180} INFO - Setting next_dagrun for example_external_task_marker_parent to None, run_after=None
[2024-11-15T00:03:02.729+0000] {processor.py:208} INFO - Processing /home/airflow/.local/lib/python3.12/site-packages/airflow/example_dags/example_external_task_marker_dag.py took 0.060 seconds
[2024-11-15T00:03:33.188+0000] {processor.py:186} INFO - Started process (PID=3573) to work on /home/airflow/.local/lib/python3.12/site-packages/airflow/example_dags/example_external_task_marker_dag.py
[2024-11-15T00:03:33.191+0000] {processor.py:914} INFO - Processing file /home/airflow/.local/lib/python3.12/site-packages/airflow/example_dags/example_external_task_marker_dag.py for tasks to queue
[2024-11-15T00:03:33.193+0000] {logging_mixin.py:190} INFO - [2024-11-15T00:03:33.193+0000] {dagbag.py:588} INFO - Filling up the DagBag from /home/airflow/.local/lib/python3.12/site-packages/airflow/example_dags/example_external_task_marker_dag.py
[2024-11-15T00:03:33.200+0000] {processor.py:925} INFO - DAG(s) 'example_external_task_marker_parent', 'example_external_task_marker_child' retrieved from /home/airflow/.local/lib/python3.12/site-packages/airflow/example_dags/example_external_task_marker_dag.py
[2024-11-15T00:03:33.219+0000] {logging_mixin.py:190} INFO - [2024-11-15T00:03:33.218+0000] {dag.py:3239} INFO - Sync 2 DAGs
[2024-11-15T00:03:33.232+0000] {logging_mixin.py:190} INFO - [2024-11-15T00:03:33.231+0000] {dag.py:4180} INFO - Setting next_dagrun for example_external_task_marker_child to None, run_after=None
[2024-11-15T00:03:33.235+0000] {logging_mixin.py:190} INFO - [2024-11-15T00:03:33.235+0000] {dag.py:4180} INFO - Setting next_dagrun for example_external_task_marker_parent to None, run_after=None
[2024-11-15T00:03:33.247+0000] {processor.py:208} INFO - Processing /home/airflow/.local/lib/python3.12/site-packages/airflow/example_dags/example_external_task_marker_dag.py took 0.064 seconds
[2024-11-15T00:04:03.751+0000] {processor.py:186} INFO - Started process (PID=3636) to work on /home/airflow/.local/lib/python3.12/site-packages/airflow/example_dags/example_external_task_marker_dag.py
[2024-11-15T00:04:03.753+0000] {processor.py:914} INFO - Processing file /home/airflow/.local/lib/python3.12/site-packages/airflow/example_dags/example_external_task_marker_dag.py for tasks to queue
[2024-11-15T00:04:03.755+0000] {logging_mixin.py:190} INFO - [2024-11-15T00:04:03.755+0000] {dagbag.py:588} INFO - Filling up the DagBag from /home/airflow/.local/lib/python3.12/site-packages/airflow/example_dags/example_external_task_marker_dag.py
[2024-11-15T00:04:03.762+0000] {processor.py:925} INFO - DAG(s) 'example_external_task_marker_child', 'example_external_task_marker_parent' retrieved from /home/airflow/.local/lib/python3.12/site-packages/airflow/example_dags/example_external_task_marker_dag.py
[2024-11-15T00:04:03.781+0000] {logging_mixin.py:190} INFO - [2024-11-15T00:04:03.780+0000] {dag.py:3239} INFO - Sync 2 DAGs
[2024-11-15T00:04:03.793+0000] {logging_mixin.py:190} INFO - [2024-11-15T00:04:03.793+0000] {dag.py:4180} INFO - Setting next_dagrun for example_external_task_marker_child to None, run_after=None
[2024-11-15T00:04:03.796+0000] {logging_mixin.py:190} INFO - [2024-11-15T00:04:03.796+0000] {dag.py:4180} INFO - Setting next_dagrun for example_external_task_marker_parent to None, run_after=None
[2024-11-15T00:04:03.810+0000] {processor.py:208} INFO - Processing /home/airflow/.local/lib/python3.12/site-packages/airflow/example_dags/example_external_task_marker_dag.py took 0.064 seconds
[2024-11-15T00:04:34.349+0000] {processor.py:186} INFO - Started process (PID=3699) to work on /home/airflow/.local/lib/python3.12/site-packages/airflow/example_dags/example_external_task_marker_dag.py
[2024-11-15T00:04:34.350+0000] {processor.py:914} INFO - Processing file /home/airflow/.local/lib/python3.12/site-packages/airflow/example_dags/example_external_task_marker_dag.py for tasks to queue
[2024-11-15T00:04:34.352+0000] {logging_mixin.py:190} INFO - [2024-11-15T00:04:34.351+0000] {dagbag.py:588} INFO - Filling up the DagBag from /home/airflow/.local/lib/python3.12/site-packages/airflow/example_dags/example_external_task_marker_dag.py
[2024-11-15T00:04:34.359+0000] {processor.py:925} INFO - DAG(s) 'example_external_task_marker_child', 'example_external_task_marker_parent' retrieved from /home/airflow/.local/lib/python3.12/site-packages/airflow/example_dags/example_external_task_marker_dag.py
[2024-11-15T00:04:34.378+0000] {logging_mixin.py:190} INFO - [2024-11-15T00:04:34.378+0000] {dag.py:3239} INFO - Sync 2 DAGs
[2024-11-15T00:04:34.390+0000] {logging_mixin.py:190} INFO - [2024-11-15T00:04:34.390+0000] {dag.py:4180} INFO - Setting next_dagrun for example_external_task_marker_child to None, run_after=None
[2024-11-15T00:04:34.393+0000] {logging_mixin.py:190} INFO - [2024-11-15T00:04:34.393+0000] {dag.py:4180} INFO - Setting next_dagrun for example_external_task_marker_parent to None, run_after=None
[2024-11-15T00:04:34.406+0000] {processor.py:208} INFO - Processing /home/airflow/.local/lib/python3.12/site-packages/airflow/example_dags/example_external_task_marker_dag.py took 0.062 seconds
[2024-11-15T00:05:04.767+0000] {processor.py:186} INFO - Started process (PID=3762) to work on /home/airflow/.local/lib/python3.12/site-packages/airflow/example_dags/example_external_task_marker_dag.py
[2024-11-15T00:05:04.770+0000] {processor.py:914} INFO - Processing file /home/airflow/.local/lib/python3.12/site-packages/airflow/example_dags/example_external_task_marker_dag.py for tasks to queue
[2024-11-15T00:05:04.772+0000] {logging_mixin.py:190} INFO - [2024-11-15T00:05:04.772+0000] {dagbag.py:588} INFO - Filling up the DagBag from /home/airflow/.local/lib/python3.12/site-packages/airflow/example_dags/example_external_task_marker_dag.py
[2024-11-15T00:05:04.780+0000] {processor.py:925} INFO - DAG(s) 'example_external_task_marker_child', 'example_external_task_marker_parent' retrieved from /home/airflow/.local/lib/python3.12/site-packages/airflow/example_dags/example_external_task_marker_dag.py
[2024-11-15T00:05:04.798+0000] {logging_mixin.py:190} INFO - [2024-11-15T00:05:04.798+0000] {dag.py:3239} INFO - Sync 2 DAGs
[2024-11-15T00:05:04.810+0000] {logging_mixin.py:190} INFO - [2024-11-15T00:05:04.810+0000] {dag.py:4180} INFO - Setting next_dagrun for example_external_task_marker_child to None, run_after=None
[2024-11-15T00:05:04.813+0000] {logging_mixin.py:190} INFO - [2024-11-15T00:05:04.813+0000] {dag.py:4180} INFO - Setting next_dagrun for example_external_task_marker_parent to None, run_after=None
[2024-11-15T00:05:04.825+0000] {processor.py:208} INFO - Processing /home/airflow/.local/lib/python3.12/site-packages/airflow/example_dags/example_external_task_marker_dag.py took 0.062 seconds
[2024-11-15T00:05:35.373+0000] {processor.py:186} INFO - Started process (PID=3825) to work on /home/airflow/.local/lib/python3.12/site-packages/airflow/example_dags/example_external_task_marker_dag.py
[2024-11-15T00:05:35.373+0000] {processor.py:914} INFO - Processing file /home/airflow/.local/lib/python3.12/site-packages/airflow/example_dags/example_external_task_marker_dag.py for tasks to queue
[2024-11-15T00:05:35.375+0000] {logging_mixin.py:190} INFO - [2024-11-15T00:05:35.375+0000] {dagbag.py:588} INFO - Filling up the DagBag from /home/airflow/.local/lib/python3.12/site-packages/airflow/example_dags/example_external_task_marker_dag.py
[2024-11-15T00:05:35.382+0000] {processor.py:925} INFO - DAG(s) 'example_external_task_marker_child', 'example_external_task_marker_parent' retrieved from /home/airflow/.local/lib/python3.12/site-packages/airflow/example_dags/example_external_task_marker_dag.py
[2024-11-15T00:05:35.400+0000] {logging_mixin.py:190} INFO - [2024-11-15T00:05:35.400+0000] {dag.py:3239} INFO - Sync 2 DAGs
[2024-11-15T00:05:35.413+0000] {logging_mixin.py:190} INFO - [2024-11-15T00:05:35.413+0000] {dag.py:4180} INFO - Setting next_dagrun for example_external_task_marker_child to None, run_after=None
[2024-11-15T00:05:35.416+0000] {logging_mixin.py:190} INFO - [2024-11-15T00:05:35.416+0000] {dag.py:4180} INFO - Setting next_dagrun for example_external_task_marker_parent to None, run_after=None
[2024-11-15T00:05:35.429+0000] {processor.py:208} INFO - Processing /home/airflow/.local/lib/python3.12/site-packages/airflow/example_dags/example_external_task_marker_dag.py took 0.062 seconds
[2024-11-15T00:06:05.870+0000] {processor.py:186} INFO - Started process (PID=3888) to work on /home/airflow/.local/lib/python3.12/site-packages/airflow/example_dags/example_external_task_marker_dag.py
[2024-11-15T00:06:05.871+0000] {processor.py:914} INFO - Processing file /home/airflow/.local/lib/python3.12/site-packages/airflow/example_dags/example_external_task_marker_dag.py for tasks to queue
[2024-11-15T00:06:05.873+0000] {logging_mixin.py:190} INFO - [2024-11-15T00:06:05.873+0000] {dagbag.py:588} INFO - Filling up the DagBag from /home/airflow/.local/lib/python3.12/site-packages/airflow/example_dags/example_external_task_marker_dag.py
[2024-11-15T00:06:05.881+0000] {processor.py:925} INFO - DAG(s) 'example_external_task_marker_child', 'example_external_task_marker_parent' retrieved from /home/airflow/.local/lib/python3.12/site-packages/airflow/example_dags/example_external_task_marker_dag.py
[2024-11-15T00:06:05.900+0000] {logging_mixin.py:190} INFO - [2024-11-15T00:06:05.900+0000] {dag.py:3239} INFO - Sync 2 DAGs
[2024-11-15T00:06:05.912+0000] {logging_mixin.py:190} INFO - [2024-11-15T00:06:05.912+0000] {dag.py:4180} INFO - Setting next_dagrun for example_external_task_marker_child to None, run_after=None
[2024-11-15T00:06:05.915+0000] {logging_mixin.py:190} INFO - [2024-11-15T00:06:05.915+0000] {dag.py:4180} INFO - Setting next_dagrun for example_external_task_marker_parent to None, run_after=None
[2024-11-15T00:06:05.929+0000] {processor.py:208} INFO - Processing /home/airflow/.local/lib/python3.12/site-packages/airflow/example_dags/example_external_task_marker_dag.py took 0.063 seconds
[2024-11-15T00:06:36.436+0000] {processor.py:186} INFO - Started process (PID=3951) to work on /home/airflow/.local/lib/python3.12/site-packages/airflow/example_dags/example_external_task_marker_dag.py
[2024-11-15T00:06:36.437+0000] {processor.py:914} INFO - Processing file /home/airflow/.local/lib/python3.12/site-packages/airflow/example_dags/example_external_task_marker_dag.py for tasks to queue
[2024-11-15T00:06:36.439+0000] {logging_mixin.py:190} INFO - [2024-11-15T00:06:36.439+0000] {dagbag.py:588} INFO - Filling up the DagBag from /home/airflow/.local/lib/python3.12/site-packages/airflow/example_dags/example_external_task_marker_dag.py
[2024-11-15T00:06:36.447+0000] {processor.py:925} INFO - DAG(s) 'example_external_task_marker_child', 'example_external_task_marker_parent' retrieved from /home/airflow/.local/lib/python3.12/site-packages/airflow/example_dags/example_external_task_marker_dag.py
[2024-11-15T00:06:36.468+0000] {logging_mixin.py:190} INFO - [2024-11-15T00:06:36.468+0000] {dag.py:3239} INFO - Sync 2 DAGs
[2024-11-15T00:06:36.482+0000] {logging_mixin.py:190} INFO - [2024-11-15T00:06:36.481+0000] {dag.py:4180} INFO - Setting next_dagrun for example_external_task_marker_child to None, run_after=None
[2024-11-15T00:06:36.486+0000] {logging_mixin.py:190} INFO - [2024-11-15T00:06:36.485+0000] {dag.py:4180} INFO - Setting next_dagrun for example_external_task_marker_parent to None, run_after=None
[2024-11-15T00:06:36.501+0000] {processor.py:208} INFO - Processing /home/airflow/.local/lib/python3.12/site-packages/airflow/example_dags/example_external_task_marker_dag.py took 0.070 seconds
[2024-11-15T00:07:06.657+0000] {processor.py:186} INFO - Started process (PID=4014) to work on /home/airflow/.local/lib/python3.12/site-packages/airflow/example_dags/example_external_task_marker_dag.py
[2024-11-15T00:07:06.657+0000] {processor.py:914} INFO - Processing file /home/airflow/.local/lib/python3.12/site-packages/airflow/example_dags/example_external_task_marker_dag.py for tasks to queue
[2024-11-15T00:07:06.659+0000] {logging_mixin.py:190} INFO - [2024-11-15T00:07:06.659+0000] {dagbag.py:588} INFO - Filling up the DagBag from /home/airflow/.local/lib/python3.12/site-packages/airflow/example_dags/example_external_task_marker_dag.py
[2024-11-15T00:07:06.667+0000] {processor.py:925} INFO - DAG(s) 'example_external_task_marker_child', 'example_external_task_marker_parent' retrieved from /home/airflow/.local/lib/python3.12/site-packages/airflow/example_dags/example_external_task_marker_dag.py
[2024-11-15T00:07:06.687+0000] {logging_mixin.py:190} INFO - [2024-11-15T00:07:06.687+0000] {dag.py:3239} INFO - Sync 2 DAGs
[2024-11-15T00:07:06.701+0000] {logging_mixin.py:190} INFO - [2024-11-15T00:07:06.701+0000] {dag.py:4180} INFO - Setting next_dagrun for example_external_task_marker_child to None, run_after=None
[2024-11-15T00:07:06.705+0000] {logging_mixin.py:190} INFO - [2024-11-15T00:07:06.705+0000] {dag.py:4180} INFO - Setting next_dagrun for example_external_task_marker_parent to None, run_after=None
[2024-11-15T00:07:06.721+0000] {processor.py:208} INFO - Processing /home/airflow/.local/lib/python3.12/site-packages/airflow/example_dags/example_external_task_marker_dag.py took 0.070 seconds
[2024-11-15T00:07:37.671+0000] {processor.py:186} INFO - Started process (PID=4077) to work on /home/airflow/.local/lib/python3.12/site-packages/airflow/example_dags/example_external_task_marker_dag.py
[2024-11-15T00:07:37.672+0000] {processor.py:914} INFO - Processing file /home/airflow/.local/lib/python3.12/site-packages/airflow/example_dags/example_external_task_marker_dag.py for tasks to queue
[2024-11-15T00:07:37.674+0000] {logging_mixin.py:190} INFO - [2024-11-15T00:07:37.673+0000] {dagbag.py:588} INFO - Filling up the DagBag from /home/airflow/.local/lib/python3.12/site-packages/airflow/example_dags/example_external_task_marker_dag.py
[2024-11-15T00:07:37.682+0000] {processor.py:925} INFO - DAG(s) 'example_external_task_marker_child', 'example_external_task_marker_parent' retrieved from /home/airflow/.local/lib/python3.12/site-packages/airflow/example_dags/example_external_task_marker_dag.py
[2024-11-15T00:07:37.702+0000] {logging_mixin.py:190} INFO - [2024-11-15T00:07:37.702+0000] {dag.py:3239} INFO - Sync 2 DAGs
[2024-11-15T00:07:37.714+0000] {logging_mixin.py:190} INFO - [2024-11-15T00:07:37.714+0000] {dag.py:4180} INFO - Setting next_dagrun for example_external_task_marker_child to None, run_after=None
[2024-11-15T00:07:37.718+0000] {logging_mixin.py:190} INFO - [2024-11-15T00:07:37.717+0000] {dag.py:4180} INFO - Setting next_dagrun for example_external_task_marker_parent to None, run_after=None
[2024-11-15T00:07:37.732+0000] {processor.py:208} INFO - Processing /home/airflow/.local/lib/python3.12/site-packages/airflow/example_dags/example_external_task_marker_dag.py took 0.066 seconds
[2024-11-15T00:08:07.926+0000] {processor.py:186} INFO - Started process (PID=4140) to work on /home/airflow/.local/lib/python3.12/site-packages/airflow/example_dags/example_external_task_marker_dag.py
[2024-11-15T00:08:07.927+0000] {processor.py:914} INFO - Processing file /home/airflow/.local/lib/python3.12/site-packages/airflow/example_dags/example_external_task_marker_dag.py for tasks to queue
[2024-11-15T00:08:07.929+0000] {logging_mixin.py:190} INFO - [2024-11-15T00:08:07.929+0000] {dagbag.py:588} INFO - Filling up the DagBag from /home/airflow/.local/lib/python3.12/site-packages/airflow/example_dags/example_external_task_marker_dag.py
[2024-11-15T00:08:07.938+0000] {processor.py:925} INFO - DAG(s) 'example_external_task_marker_parent', 'example_external_task_marker_child' retrieved from /home/airflow/.local/lib/python3.12/site-packages/airflow/example_dags/example_external_task_marker_dag.py
[2024-11-15T00:08:07.957+0000] {logging_mixin.py:190} INFO - [2024-11-15T00:08:07.957+0000] {dag.py:3239} INFO - Sync 2 DAGs
[2024-11-15T00:08:07.969+0000] {logging_mixin.py:190} INFO - [2024-11-15T00:08:07.969+0000] {dag.py:4180} INFO - Setting next_dagrun for example_external_task_marker_child to None, run_after=None
[2024-11-15T00:08:07.973+0000] {logging_mixin.py:190} INFO - [2024-11-15T00:08:07.973+0000] {dag.py:4180} INFO - Setting next_dagrun for example_external_task_marker_parent to None, run_after=None
[2024-11-15T00:08:07.987+0000] {processor.py:208} INFO - Processing /home/airflow/.local/lib/python3.12/site-packages/airflow/example_dags/example_external_task_marker_dag.py took 0.067 seconds
[2024-11-15T00:08:38.160+0000] {processor.py:186} INFO - Started process (PID=4203) to work on /home/airflow/.local/lib/python3.12/site-packages/airflow/example_dags/example_external_task_marker_dag.py
[2024-11-15T00:08:38.161+0000] {processor.py:914} INFO - Processing file /home/airflow/.local/lib/python3.12/site-packages/airflow/example_dags/example_external_task_marker_dag.py for tasks to queue
[2024-11-15T00:08:38.163+0000] {logging_mixin.py:190} INFO - [2024-11-15T00:08:38.162+0000] {dagbag.py:588} INFO - Filling up the DagBag from /home/airflow/.local/lib/python3.12/site-packages/airflow/example_dags/example_external_task_marker_dag.py
[2024-11-15T00:08:38.170+0000] {processor.py:925} INFO - DAG(s) 'example_external_task_marker_parent', 'example_external_task_marker_child' retrieved from /home/airflow/.local/lib/python3.12/site-packages/airflow/example_dags/example_external_task_marker_dag.py
[2024-11-15T00:08:38.190+0000] {logging_mixin.py:190} INFO - [2024-11-15T00:08:38.189+0000] {dag.py:3239} INFO - Sync 2 DAGs
[2024-11-15T00:08:38.202+0000] {logging_mixin.py:190} INFO - [2024-11-15T00:08:38.202+0000] {dag.py:4180} INFO - Setting next_dagrun for example_external_task_marker_child to None, run_after=None
[2024-11-15T00:08:38.206+0000] {logging_mixin.py:190} INFO - [2024-11-15T00:08:38.206+0000] {dag.py:4180} INFO - Setting next_dagrun for example_external_task_marker_parent to None, run_after=None
[2024-11-15T00:08:38.219+0000] {processor.py:208} INFO - Processing /home/airflow/.local/lib/python3.12/site-packages/airflow/example_dags/example_external_task_marker_dag.py took 0.065 seconds
[2024-11-15T00:09:08.381+0000] {processor.py:186} INFO - Started process (PID=4266) to work on /home/airflow/.local/lib/python3.12/site-packages/airflow/example_dags/example_external_task_marker_dag.py
[2024-11-15T00:09:08.381+0000] {processor.py:914} INFO - Processing file /home/airflow/.local/lib/python3.12/site-packages/airflow/example_dags/example_external_task_marker_dag.py for tasks to queue
[2024-11-15T00:09:08.383+0000] {logging_mixin.py:190} INFO - [2024-11-15T00:09:08.383+0000] {dagbag.py:588} INFO - Filling up the DagBag from /home/airflow/.local/lib/python3.12/site-packages/airflow/example_dags/example_external_task_marker_dag.py
[2024-11-15T00:09:08.390+0000] {processor.py:925} INFO - DAG(s) 'example_external_task_marker_parent', 'example_external_task_marker_child' retrieved from /home/airflow/.local/lib/python3.12/site-packages/airflow/example_dags/example_external_task_marker_dag.py
[2024-11-15T00:09:08.408+0000] {logging_mixin.py:190} INFO - [2024-11-15T00:09:08.408+0000] {dag.py:3239} INFO - Sync 2 DAGs
[2024-11-15T00:09:08.421+0000] {logging_mixin.py:190} INFO - [2024-11-15T00:09:08.421+0000] {dag.py:4180} INFO - Setting next_dagrun for example_external_task_marker_child to None, run_after=None
[2024-11-15T00:09:08.424+0000] {logging_mixin.py:190} INFO - [2024-11-15T00:09:08.424+0000] {dag.py:4180} INFO - Setting next_dagrun for example_external_task_marker_parent to None, run_after=None
[2024-11-15T00:09:08.437+0000] {processor.py:208} INFO - Processing /home/airflow/.local/lib/python3.12/site-packages/airflow/example_dags/example_external_task_marker_dag.py took 0.061 seconds
[2024-11-15T00:09:38.516+0000] {processor.py:186} INFO - Started process (PID=4329) to work on /home/airflow/.local/lib/python3.12/site-packages/airflow/example_dags/example_external_task_marker_dag.py
[2024-11-15T00:09:38.518+0000] {processor.py:914} INFO - Processing file /home/airflow/.local/lib/python3.12/site-packages/airflow/example_dags/example_external_task_marker_dag.py for tasks to queue
[2024-11-15T00:09:38.520+0000] {logging_mixin.py:190} INFO - [2024-11-15T00:09:38.520+0000] {dagbag.py:588} INFO - Filling up the DagBag from /home/airflow/.local/lib/python3.12/site-packages/airflow/example_dags/example_external_task_marker_dag.py
[2024-11-15T00:09:38.528+0000] {processor.py:925} INFO - DAG(s) 'example_external_task_marker_parent', 'example_external_task_marker_child' retrieved from /home/airflow/.local/lib/python3.12/site-packages/airflow/example_dags/example_external_task_marker_dag.py
[2024-11-15T00:09:38.546+0000] {logging_mixin.py:190} INFO - [2024-11-15T00:09:38.546+0000] {dag.py:3239} INFO - Sync 2 DAGs
[2024-11-15T00:09:38.559+0000] {logging_mixin.py:190} INFO - [2024-11-15T00:09:38.559+0000] {dag.py:4180} INFO - Setting next_dagrun for example_external_task_marker_child to None, run_after=None
[2024-11-15T00:09:38.562+0000] {logging_mixin.py:190} INFO - [2024-11-15T00:09:38.562+0000] {dag.py:4180} INFO - Setting next_dagrun for example_external_task_marker_parent to None, run_after=None
[2024-11-15T00:09:38.575+0000] {processor.py:208} INFO - Processing /home/airflow/.local/lib/python3.12/site-packages/airflow/example_dags/example_external_task_marker_dag.py took 0.064 seconds
[2024-11-15T00:10:09.100+0000] {processor.py:186} INFO - Started process (PID=4392) to work on /home/airflow/.local/lib/python3.12/site-packages/airflow/example_dags/example_external_task_marker_dag.py
[2024-11-15T00:10:09.101+0000] {processor.py:914} INFO - Processing file /home/airflow/.local/lib/python3.12/site-packages/airflow/example_dags/example_external_task_marker_dag.py for tasks to queue
[2024-11-15T00:10:09.102+0000] {logging_mixin.py:190} INFO - [2024-11-15T00:10:09.102+0000] {dagbag.py:588} INFO - Filling up the DagBag from /home/airflow/.local/lib/python3.12/site-packages/airflow/example_dags/example_external_task_marker_dag.py
[2024-11-15T00:10:09.109+0000] {processor.py:925} INFO - DAG(s) 'example_external_task_marker_parent', 'example_external_task_marker_child' retrieved from /home/airflow/.local/lib/python3.12/site-packages/airflow/example_dags/example_external_task_marker_dag.py
[2024-11-15T00:10:09.127+0000] {logging_mixin.py:190} INFO - [2024-11-15T00:10:09.127+0000] {dag.py:3239} INFO - Sync 2 DAGs
[2024-11-15T00:10:09.140+0000] {logging_mixin.py:190} INFO - [2024-11-15T00:10:09.140+0000] {dag.py:4180} INFO - Setting next_dagrun for example_external_task_marker_child to None, run_after=None
[2024-11-15T00:10:09.143+0000] {logging_mixin.py:190} INFO - [2024-11-15T00:10:09.142+0000] {dag.py:4180} INFO - Setting next_dagrun for example_external_task_marker_parent to None, run_after=None
[2024-11-15T00:10:09.156+0000] {processor.py:208} INFO - Processing /home/airflow/.local/lib/python3.12/site-packages/airflow/example_dags/example_external_task_marker_dag.py took 0.061 seconds
[2024-11-15T00:10:39.702+0000] {processor.py:186} INFO - Started process (PID=4455) to work on /home/airflow/.local/lib/python3.12/site-packages/airflow/example_dags/example_external_task_marker_dag.py
[2024-11-15T00:10:39.703+0000] {processor.py:914} INFO - Processing file /home/airflow/.local/lib/python3.12/site-packages/airflow/example_dags/example_external_task_marker_dag.py for tasks to queue
[2024-11-15T00:10:39.707+0000] {logging_mixin.py:190} INFO - [2024-11-15T00:10:39.706+0000] {dagbag.py:588} INFO - Filling up the DagBag from /home/airflow/.local/lib/python3.12/site-packages/airflow/example_dags/example_external_task_marker_dag.py
[2024-11-15T00:10:39.716+0000] {processor.py:925} INFO - DAG(s) 'example_external_task_marker_parent', 'example_external_task_marker_child' retrieved from /home/airflow/.local/lib/python3.12/site-packages/airflow/example_dags/example_external_task_marker_dag.py
[2024-11-15T00:10:39.740+0000] {logging_mixin.py:190} INFO - [2024-11-15T00:10:39.740+0000] {dag.py:3239} INFO - Sync 2 DAGs
[2024-11-15T00:10:39.753+0000] {logging_mixin.py:190} INFO - [2024-11-15T00:10:39.753+0000] {dag.py:4180} INFO - Setting next_dagrun for example_external_task_marker_child to None, run_after=None
[2024-11-15T00:10:39.758+0000] {logging_mixin.py:190} INFO - [2024-11-15T00:10:39.757+0000] {dag.py:4180} INFO - Setting next_dagrun for example_external_task_marker_parent to None, run_after=None
[2024-11-15T00:10:39.778+0000] {processor.py:208} INFO - Processing /home/airflow/.local/lib/python3.12/site-packages/airflow/example_dags/example_external_task_marker_dag.py took 0.082 seconds
[2024-11-15T00:16:43.650+0000] {processor.py:186} INFO - Started process (PID=4506) to work on /home/airflow/.local/lib/python3.12/site-packages/airflow/example_dags/example_external_task_marker_dag.py
[2024-11-15T00:16:43.651+0000] {processor.py:914} INFO - Processing file /home/airflow/.local/lib/python3.12/site-packages/airflow/example_dags/example_external_task_marker_dag.py for tasks to queue
[2024-11-15T00:16:43.653+0000] {logging_mixin.py:190} INFO - [2024-11-15T00:16:43.653+0000] {dagbag.py:588} INFO - Filling up the DagBag from /home/airflow/.local/lib/python3.12/site-packages/airflow/example_dags/example_external_task_marker_dag.py
[2024-11-15T00:16:43.662+0000] {processor.py:925} INFO - DAG(s) 'example_external_task_marker_parent', 'example_external_task_marker_child' retrieved from /home/airflow/.local/lib/python3.12/site-packages/airflow/example_dags/example_external_task_marker_dag.py
[2024-11-15T00:16:43.683+0000] {logging_mixin.py:190} INFO - [2024-11-15T00:16:43.682+0000] {dag.py:3239} INFO - Sync 2 DAGs
[2024-11-15T00:16:43.696+0000] {logging_mixin.py:190} INFO - [2024-11-15T00:16:43.696+0000] {dag.py:4180} INFO - Setting next_dagrun for example_external_task_marker_child to None, run_after=None
[2024-11-15T00:16:43.699+0000] {logging_mixin.py:190} INFO - [2024-11-15T00:16:43.699+0000] {dag.py:4180} INFO - Setting next_dagrun for example_external_task_marker_parent to None, run_after=None
[2024-11-15T00:16:43.714+0000] {processor.py:208} INFO - Processing /home/airflow/.local/lib/python3.12/site-packages/airflow/example_dags/example_external_task_marker_dag.py took 0.070 seconds
