[2024-11-15T00:00:05.753+0000] {processor.py:186} INFO - Started process (PID=3167) to work on /home/airflow/.local/lib/python3.12/site-packages/airflow/example_dags/example_xcomargs.py
[2024-11-15T00:00:05.754+0000] {processor.py:914} INFO - Processing file /home/airflow/.local/lib/python3.12/site-packages/airflow/example_dags/example_xcomargs.py for tasks to queue
[2024-11-15T00:00:05.756+0000] {logging_mixin.py:190} INFO - [2024-11-15T00:00:05.756+0000] {dagbag.py:588} INFO - Filling up the DagBag from /home/airflow/.local/lib/python3.12/site-packages/airflow/example_dags/example_xcomargs.py
[2024-11-15T00:00:05.766+0000] {processor.py:925} INFO - DAG(s) 'example_xcom_args_with_operators', 'example_xcom_args' retrieved from /home/airflow/.local/lib/python3.12/site-packages/airflow/example_dags/example_xcomargs.py
[2024-11-15T00:00:05.788+0000] {logging_mixin.py:190} INFO - [2024-11-15T00:00:05.787+0000] {dag.py:3239} INFO - Sync 2 DAGs
[2024-11-15T00:00:05.800+0000] {logging_mixin.py:190} INFO - [2024-11-15T00:00:05.800+0000] {dag.py:4180} INFO - Setting next_dagrun for example_xcom_args to None, run_after=None
[2024-11-15T00:00:05.803+0000] {logging_mixin.py:190} INFO - [2024-11-15T00:00:05.803+0000] {dag.py:4180} INFO - Setting next_dagrun for example_xcom_args_with_operators to None, run_after=None
[2024-11-15T00:00:05.817+0000] {processor.py:208} INFO - Processing /home/airflow/.local/lib/python3.12/site-packages/airflow/example_dags/example_xcomargs.py took 0.071 seconds
[2024-11-15T00:00:36.549+0000] {processor.py:186} INFO - Started process (PID=3228) to work on /home/airflow/.local/lib/python3.12/site-packages/airflow/example_dags/example_xcomargs.py
[2024-11-15T00:00:36.551+0000] {processor.py:914} INFO - Processing file /home/airflow/.local/lib/python3.12/site-packages/airflow/example_dags/example_xcomargs.py for tasks to queue
[2024-11-15T00:00:36.554+0000] {logging_mixin.py:190} INFO - [2024-11-15T00:00:36.554+0000] {dagbag.py:588} INFO - Filling up the DagBag from /home/airflow/.local/lib/python3.12/site-packages/airflow/example_dags/example_xcomargs.py
[2024-11-15T00:00:36.570+0000] {processor.py:925} INFO - DAG(s) 'example_xcom_args_with_operators', 'example_xcom_args' retrieved from /home/airflow/.local/lib/python3.12/site-packages/airflow/example_dags/example_xcomargs.py
[2024-11-15T00:00:36.596+0000] {logging_mixin.py:190} INFO - [2024-11-15T00:00:36.596+0000] {dag.py:3239} INFO - Sync 2 DAGs
[2024-11-15T00:00:36.612+0000] {logging_mixin.py:190} INFO - [2024-11-15T00:00:36.611+0000] {dag.py:4180} INFO - Setting next_dagrun for example_xcom_args to None, run_after=None
[2024-11-15T00:00:36.616+0000] {logging_mixin.py:190} INFO - [2024-11-15T00:00:36.615+0000] {dag.py:4180} INFO - Setting next_dagrun for example_xcom_args_with_operators to None, run_after=None
[2024-11-15T00:00:36.639+0000] {processor.py:208} INFO - Processing /home/airflow/.local/lib/python3.12/site-packages/airflow/example_dags/example_xcomargs.py took 0.098 seconds
[2024-11-15T00:01:08.456+0000] {processor.py:186} INFO - Started process (PID=3291) to work on /home/airflow/.local/lib/python3.12/site-packages/airflow/example_dags/example_xcomargs.py
[2024-11-15T00:01:08.457+0000] {processor.py:914} INFO - Processing file /home/airflow/.local/lib/python3.12/site-packages/airflow/example_dags/example_xcomargs.py for tasks to queue
[2024-11-15T00:01:08.460+0000] {logging_mixin.py:190} INFO - [2024-11-15T00:01:08.459+0000] {dagbag.py:588} INFO - Filling up the DagBag from /home/airflow/.local/lib/python3.12/site-packages/airflow/example_dags/example_xcomargs.py
[2024-11-15T00:01:08.470+0000] {processor.py:925} INFO - DAG(s) 'example_xcom_args_with_operators', 'example_xcom_args' retrieved from /home/airflow/.local/lib/python3.12/site-packages/airflow/example_dags/example_xcomargs.py
[2024-11-15T00:01:08.601+0000] {logging_mixin.py:190} INFO - [2024-11-15T00:01:08.601+0000] {dag.py:3239} INFO - Sync 2 DAGs
[2024-11-15T00:01:08.794+0000] {logging_mixin.py:190} INFO - [2024-11-15T00:01:08.794+0000] {dag.py:4180} INFO - Setting next_dagrun for example_xcom_args to None, run_after=None
[2024-11-15T00:01:08.797+0000] {logging_mixin.py:190} INFO - [2024-11-15T00:01:08.797+0000] {dag.py:4180} INFO - Setting next_dagrun for example_xcom_args_with_operators to None, run_after=None
[2024-11-15T00:01:08.810+0000] {processor.py:208} INFO - Processing /home/airflow/.local/lib/python3.12/site-packages/airflow/example_dags/example_xcomargs.py took 0.361 seconds
[2024-11-15T00:01:39.429+0000] {processor.py:186} INFO - Started process (PID=3354) to work on /home/airflow/.local/lib/python3.12/site-packages/airflow/example_dags/example_xcomargs.py
[2024-11-15T00:01:39.430+0000] {processor.py:914} INFO - Processing file /home/airflow/.local/lib/python3.12/site-packages/airflow/example_dags/example_xcomargs.py for tasks to queue
[2024-11-15T00:01:39.432+0000] {logging_mixin.py:190} INFO - [2024-11-15T00:01:39.431+0000] {dagbag.py:588} INFO - Filling up the DagBag from /home/airflow/.local/lib/python3.12/site-packages/airflow/example_dags/example_xcomargs.py
[2024-11-15T00:01:39.441+0000] {processor.py:925} INFO - DAG(s) 'example_xcom_args', 'example_xcom_args_with_operators' retrieved from /home/airflow/.local/lib/python3.12/site-packages/airflow/example_dags/example_xcomargs.py
[2024-11-15T00:01:39.462+0000] {logging_mixin.py:190} INFO - [2024-11-15T00:01:39.462+0000] {dag.py:3239} INFO - Sync 2 DAGs
[2024-11-15T00:01:39.475+0000] {logging_mixin.py:190} INFO - [2024-11-15T00:01:39.475+0000] {dag.py:4180} INFO - Setting next_dagrun for example_xcom_args to None, run_after=None
[2024-11-15T00:01:39.479+0000] {logging_mixin.py:190} INFO - [2024-11-15T00:01:39.478+0000] {dag.py:4180} INFO - Setting next_dagrun for example_xcom_args_with_operators to None, run_after=None
[2024-11-15T00:01:39.492+0000] {processor.py:208} INFO - Processing /home/airflow/.local/lib/python3.12/site-packages/airflow/example_dags/example_xcomargs.py took 0.068 seconds
[2024-11-15T00:02:10.414+0000] {processor.py:186} INFO - Started process (PID=3417) to work on /home/airflow/.local/lib/python3.12/site-packages/airflow/example_dags/example_xcomargs.py
[2024-11-15T00:02:10.415+0000] {processor.py:914} INFO - Processing file /home/airflow/.local/lib/python3.12/site-packages/airflow/example_dags/example_xcomargs.py for tasks to queue
[2024-11-15T00:02:10.417+0000] {logging_mixin.py:190} INFO - [2024-11-15T00:02:10.417+0000] {dagbag.py:588} INFO - Filling up the DagBag from /home/airflow/.local/lib/python3.12/site-packages/airflow/example_dags/example_xcomargs.py
[2024-11-15T00:02:10.426+0000] {processor.py:925} INFO - DAG(s) 'example_xcom_args', 'example_xcom_args_with_operators' retrieved from /home/airflow/.local/lib/python3.12/site-packages/airflow/example_dags/example_xcomargs.py
[2024-11-15T00:02:10.446+0000] {logging_mixin.py:190} INFO - [2024-11-15T00:02:10.446+0000] {dag.py:3239} INFO - Sync 2 DAGs
[2024-11-15T00:02:10.458+0000] {logging_mixin.py:190} INFO - [2024-11-15T00:02:10.458+0000] {dag.py:4180} INFO - Setting next_dagrun for example_xcom_args to None, run_after=None
[2024-11-15T00:02:10.462+0000] {logging_mixin.py:190} INFO - [2024-11-15T00:02:10.461+0000] {dag.py:4180} INFO - Setting next_dagrun for example_xcom_args_with_operators to None, run_after=None
[2024-11-15T00:02:10.474+0000] {processor.py:208} INFO - Processing /home/airflow/.local/lib/python3.12/site-packages/airflow/example_dags/example_xcomargs.py took 0.065 seconds
[2024-11-15T00:02:41.015+0000] {processor.py:186} INFO - Started process (PID=3478) to work on /home/airflow/.local/lib/python3.12/site-packages/airflow/example_dags/example_xcomargs.py
[2024-11-15T00:02:41.017+0000] {processor.py:914} INFO - Processing file /home/airflow/.local/lib/python3.12/site-packages/airflow/example_dags/example_xcomargs.py for tasks to queue
[2024-11-15T00:02:41.018+0000] {logging_mixin.py:190} INFO - [2024-11-15T00:02:41.018+0000] {dagbag.py:588} INFO - Filling up the DagBag from /home/airflow/.local/lib/python3.12/site-packages/airflow/example_dags/example_xcomargs.py
[2024-11-15T00:02:41.027+0000] {processor.py:925} INFO - DAG(s) 'example_xcom_args', 'example_xcom_args_with_operators' retrieved from /home/airflow/.local/lib/python3.12/site-packages/airflow/example_dags/example_xcomargs.py
[2024-11-15T00:02:41.046+0000] {logging_mixin.py:190} INFO - [2024-11-15T00:02:41.046+0000] {dag.py:3239} INFO - Sync 2 DAGs
[2024-11-15T00:02:41.059+0000] {logging_mixin.py:190} INFO - [2024-11-15T00:02:41.059+0000] {dag.py:4180} INFO - Setting next_dagrun for example_xcom_args to None, run_after=None
[2024-11-15T00:02:41.062+0000] {logging_mixin.py:190} INFO - [2024-11-15T00:02:41.062+0000] {dag.py:4180} INFO - Setting next_dagrun for example_xcom_args_with_operators to None, run_after=None
[2024-11-15T00:02:41.075+0000] {processor.py:208} INFO - Processing /home/airflow/.local/lib/python3.12/site-packages/airflow/example_dags/example_xcomargs.py took 0.065 seconds
[2024-11-15T00:03:11.245+0000] {processor.py:186} INFO - Started process (PID=3541) to work on /home/airflow/.local/lib/python3.12/site-packages/airflow/example_dags/example_xcomargs.py
[2024-11-15T00:03:11.247+0000] {processor.py:914} INFO - Processing file /home/airflow/.local/lib/python3.12/site-packages/airflow/example_dags/example_xcomargs.py for tasks to queue
[2024-11-15T00:03:11.249+0000] {logging_mixin.py:190} INFO - [2024-11-15T00:03:11.249+0000] {dagbag.py:588} INFO - Filling up the DagBag from /home/airflow/.local/lib/python3.12/site-packages/airflow/example_dags/example_xcomargs.py
[2024-11-15T00:03:11.258+0000] {processor.py:925} INFO - DAG(s) 'example_xcom_args', 'example_xcom_args_with_operators' retrieved from /home/airflow/.local/lib/python3.12/site-packages/airflow/example_dags/example_xcomargs.py
[2024-11-15T00:03:11.277+0000] {logging_mixin.py:190} INFO - [2024-11-15T00:03:11.276+0000] {dag.py:3239} INFO - Sync 2 DAGs
[2024-11-15T00:03:11.289+0000] {logging_mixin.py:190} INFO - [2024-11-15T00:03:11.288+0000] {dag.py:4180} INFO - Setting next_dagrun for example_xcom_args to None, run_after=None
[2024-11-15T00:03:11.292+0000] {logging_mixin.py:190} INFO - [2024-11-15T00:03:11.292+0000] {dag.py:4180} INFO - Setting next_dagrun for example_xcom_args_with_operators to None, run_after=None
[2024-11-15T00:03:11.305+0000] {processor.py:208} INFO - Processing /home/airflow/.local/lib/python3.12/site-packages/airflow/example_dags/example_xcomargs.py took 0.065 seconds
[2024-11-15T00:03:41.810+0000] {processor.py:186} INFO - Started process (PID=3604) to work on /home/airflow/.local/lib/python3.12/site-packages/airflow/example_dags/example_xcomargs.py
[2024-11-15T00:03:41.812+0000] {processor.py:914} INFO - Processing file /home/airflow/.local/lib/python3.12/site-packages/airflow/example_dags/example_xcomargs.py for tasks to queue
[2024-11-15T00:03:41.815+0000] {logging_mixin.py:190} INFO - [2024-11-15T00:03:41.814+0000] {dagbag.py:588} INFO - Filling up the DagBag from /home/airflow/.local/lib/python3.12/site-packages/airflow/example_dags/example_xcomargs.py
[2024-11-15T00:03:41.824+0000] {processor.py:925} INFO - DAG(s) 'example_xcom_args_with_operators', 'example_xcom_args' retrieved from /home/airflow/.local/lib/python3.12/site-packages/airflow/example_dags/example_xcomargs.py
[2024-11-15T00:03:41.845+0000] {logging_mixin.py:190} INFO - [2024-11-15T00:03:41.845+0000] {dag.py:3239} INFO - Sync 2 DAGs
[2024-11-15T00:03:41.860+0000] {logging_mixin.py:190} INFO - [2024-11-15T00:03:41.860+0000] {dag.py:4180} INFO - Setting next_dagrun for example_xcom_args to None, run_after=None
[2024-11-15T00:03:41.864+0000] {logging_mixin.py:190} INFO - [2024-11-15T00:03:41.864+0000] {dag.py:4180} INFO - Setting next_dagrun for example_xcom_args_with_operators to None, run_after=None
[2024-11-15T00:03:41.880+0000] {processor.py:208} INFO - Processing /home/airflow/.local/lib/python3.12/site-packages/airflow/example_dags/example_xcomargs.py took 0.075 seconds
[2024-11-15T00:04:12.300+0000] {processor.py:186} INFO - Started process (PID=3667) to work on /home/airflow/.local/lib/python3.12/site-packages/airflow/example_dags/example_xcomargs.py
[2024-11-15T00:04:12.303+0000] {processor.py:914} INFO - Processing file /home/airflow/.local/lib/python3.12/site-packages/airflow/example_dags/example_xcomargs.py for tasks to queue
[2024-11-15T00:04:12.305+0000] {logging_mixin.py:190} INFO - [2024-11-15T00:04:12.305+0000] {dagbag.py:588} INFO - Filling up the DagBag from /home/airflow/.local/lib/python3.12/site-packages/airflow/example_dags/example_xcomargs.py
[2024-11-15T00:04:12.313+0000] {processor.py:925} INFO - DAG(s) 'example_xcom_args_with_operators', 'example_xcom_args' retrieved from /home/airflow/.local/lib/python3.12/site-packages/airflow/example_dags/example_xcomargs.py
[2024-11-15T00:04:12.334+0000] {logging_mixin.py:190} INFO - [2024-11-15T00:04:12.334+0000] {dag.py:3239} INFO - Sync 2 DAGs
[2024-11-15T00:04:12.347+0000] {logging_mixin.py:190} INFO - [2024-11-15T00:04:12.347+0000] {dag.py:4180} INFO - Setting next_dagrun for example_xcom_args to None, run_after=None
[2024-11-15T00:04:12.351+0000] {logging_mixin.py:190} INFO - [2024-11-15T00:04:12.351+0000] {dag.py:4180} INFO - Setting next_dagrun for example_xcom_args_with_operators to None, run_after=None
[2024-11-15T00:04:12.365+0000] {processor.py:208} INFO - Processing /home/airflow/.local/lib/python3.12/site-packages/airflow/example_dags/example_xcomargs.py took 0.070 seconds
[2024-11-15T00:04:42.778+0000] {processor.py:186} INFO - Started process (PID=3730) to work on /home/airflow/.local/lib/python3.12/site-packages/airflow/example_dags/example_xcomargs.py
[2024-11-15T00:04:42.779+0000] {processor.py:914} INFO - Processing file /home/airflow/.local/lib/python3.12/site-packages/airflow/example_dags/example_xcomargs.py for tasks to queue
[2024-11-15T00:04:42.781+0000] {logging_mixin.py:190} INFO - [2024-11-15T00:04:42.781+0000] {dagbag.py:588} INFO - Filling up the DagBag from /home/airflow/.local/lib/python3.12/site-packages/airflow/example_dags/example_xcomargs.py
[2024-11-15T00:04:42.789+0000] {processor.py:925} INFO - DAG(s) 'example_xcom_args_with_operators', 'example_xcom_args' retrieved from /home/airflow/.local/lib/python3.12/site-packages/airflow/example_dags/example_xcomargs.py
[2024-11-15T00:04:42.814+0000] {logging_mixin.py:190} INFO - [2024-11-15T00:04:42.814+0000] {dag.py:3239} INFO - Sync 2 DAGs
[2024-11-15T00:04:42.829+0000] {logging_mixin.py:190} INFO - [2024-11-15T00:04:42.829+0000] {dag.py:4180} INFO - Setting next_dagrun for example_xcom_args to None, run_after=None
[2024-11-15T00:04:42.833+0000] {logging_mixin.py:190} INFO - [2024-11-15T00:04:42.833+0000] {dag.py:4180} INFO - Setting next_dagrun for example_xcom_args_with_operators to None, run_after=None
[2024-11-15T00:04:42.850+0000] {processor.py:208} INFO - Processing /home/airflow/.local/lib/python3.12/site-packages/airflow/example_dags/example_xcomargs.py took 0.078 seconds
[2024-11-15T00:05:13.296+0000] {processor.py:186} INFO - Started process (PID=3793) to work on /home/airflow/.local/lib/python3.12/site-packages/airflow/example_dags/example_xcomargs.py
[2024-11-15T00:05:13.297+0000] {processor.py:914} INFO - Processing file /home/airflow/.local/lib/python3.12/site-packages/airflow/example_dags/example_xcomargs.py for tasks to queue
[2024-11-15T00:05:13.299+0000] {logging_mixin.py:190} INFO - [2024-11-15T00:05:13.299+0000] {dagbag.py:588} INFO - Filling up the DagBag from /home/airflow/.local/lib/python3.12/site-packages/airflow/example_dags/example_xcomargs.py
[2024-11-15T00:05:13.309+0000] {processor.py:925} INFO - DAG(s) 'example_xcom_args_with_operators', 'example_xcom_args' retrieved from /home/airflow/.local/lib/python3.12/site-packages/airflow/example_dags/example_xcomargs.py
[2024-11-15T00:05:13.330+0000] {logging_mixin.py:190} INFO - [2024-11-15T00:05:13.330+0000] {dag.py:3239} INFO - Sync 2 DAGs
[2024-11-15T00:05:13.344+0000] {logging_mixin.py:190} INFO - [2024-11-15T00:05:13.344+0000] {dag.py:4180} INFO - Setting next_dagrun for example_xcom_args to None, run_after=None
[2024-11-15T00:05:13.348+0000] {logging_mixin.py:190} INFO - [2024-11-15T00:05:13.347+0000] {dag.py:4180} INFO - Setting next_dagrun for example_xcom_args_with_operators to None, run_after=None
[2024-11-15T00:05:13.362+0000] {processor.py:208} INFO - Processing /home/airflow/.local/lib/python3.12/site-packages/airflow/example_dags/example_xcomargs.py took 0.072 seconds
[2024-11-15T00:05:43.874+0000] {processor.py:186} INFO - Started process (PID=3856) to work on /home/airflow/.local/lib/python3.12/site-packages/airflow/example_dags/example_xcomargs.py
[2024-11-15T00:05:43.876+0000] {processor.py:914} INFO - Processing file /home/airflow/.local/lib/python3.12/site-packages/airflow/example_dags/example_xcomargs.py for tasks to queue
[2024-11-15T00:05:43.877+0000] {logging_mixin.py:190} INFO - [2024-11-15T00:05:43.877+0000] {dagbag.py:588} INFO - Filling up the DagBag from /home/airflow/.local/lib/python3.12/site-packages/airflow/example_dags/example_xcomargs.py
[2024-11-15T00:05:43.886+0000] {processor.py:925} INFO - DAG(s) 'example_xcom_args', 'example_xcom_args_with_operators' retrieved from /home/airflow/.local/lib/python3.12/site-packages/airflow/example_dags/example_xcomargs.py
[2024-11-15T00:05:43.905+0000] {logging_mixin.py:190} INFO - [2024-11-15T00:05:43.905+0000] {dag.py:3239} INFO - Sync 2 DAGs
[2024-11-15T00:05:43.917+0000] {logging_mixin.py:190} INFO - [2024-11-15T00:05:43.917+0000] {dag.py:4180} INFO - Setting next_dagrun for example_xcom_args to None, run_after=None
[2024-11-15T00:05:43.920+0000] {logging_mixin.py:190} INFO - [2024-11-15T00:05:43.920+0000] {dag.py:4180} INFO - Setting next_dagrun for example_xcom_args_with_operators to None, run_after=None
[2024-11-15T00:05:43.932+0000] {processor.py:208} INFO - Processing /home/airflow/.local/lib/python3.12/site-packages/airflow/example_dags/example_xcomargs.py took 0.063 seconds
[2024-11-15T00:06:14.372+0000] {processor.py:186} INFO - Started process (PID=3919) to work on /home/airflow/.local/lib/python3.12/site-packages/airflow/example_dags/example_xcomargs.py
[2024-11-15T00:06:14.373+0000] {processor.py:914} INFO - Processing file /home/airflow/.local/lib/python3.12/site-packages/airflow/example_dags/example_xcomargs.py for tasks to queue
[2024-11-15T00:06:14.376+0000] {logging_mixin.py:190} INFO - [2024-11-15T00:06:14.375+0000] {dagbag.py:588} INFO - Filling up the DagBag from /home/airflow/.local/lib/python3.12/site-packages/airflow/example_dags/example_xcomargs.py
[2024-11-15T00:06:14.386+0000] {processor.py:925} INFO - DAG(s) 'example_xcom_args_with_operators', 'example_xcom_args' retrieved from /home/airflow/.local/lib/python3.12/site-packages/airflow/example_dags/example_xcomargs.py
[2024-11-15T00:06:14.405+0000] {logging_mixin.py:190} INFO - [2024-11-15T00:06:14.405+0000] {dag.py:3239} INFO - Sync 2 DAGs
[2024-11-15T00:06:14.420+0000] {logging_mixin.py:190} INFO - [2024-11-15T00:06:14.420+0000] {dag.py:4180} INFO - Setting next_dagrun for example_xcom_args to None, run_after=None
[2024-11-15T00:06:14.423+0000] {logging_mixin.py:190} INFO - [2024-11-15T00:06:14.423+0000] {dag.py:4180} INFO - Setting next_dagrun for example_xcom_args_with_operators to None, run_after=None
[2024-11-15T00:06:14.436+0000] {processor.py:208} INFO - Processing /home/airflow/.local/lib/python3.12/site-packages/airflow/example_dags/example_xcomargs.py took 0.070 seconds
[2024-11-15T00:06:44.564+0000] {processor.py:186} INFO - Started process (PID=3982) to work on /home/airflow/.local/lib/python3.12/site-packages/airflow/example_dags/example_xcomargs.py
[2024-11-15T00:06:44.567+0000] {processor.py:914} INFO - Processing file /home/airflow/.local/lib/python3.12/site-packages/airflow/example_dags/example_xcomargs.py for tasks to queue
[2024-11-15T00:06:44.570+0000] {logging_mixin.py:190} INFO - [2024-11-15T00:06:44.570+0000] {dagbag.py:588} INFO - Filling up the DagBag from /home/airflow/.local/lib/python3.12/site-packages/airflow/example_dags/example_xcomargs.py
[2024-11-15T00:06:44.579+0000] {processor.py:925} INFO - DAG(s) 'example_xcom_args_with_operators', 'example_xcom_args' retrieved from /home/airflow/.local/lib/python3.12/site-packages/airflow/example_dags/example_xcomargs.py
[2024-11-15T00:06:44.598+0000] {logging_mixin.py:190} INFO - [2024-11-15T00:06:44.598+0000] {dag.py:3239} INFO - Sync 2 DAGs
[2024-11-15T00:06:44.611+0000] {logging_mixin.py:190} INFO - [2024-11-15T00:06:44.611+0000] {dag.py:4180} INFO - Setting next_dagrun for example_xcom_args to None, run_after=None
[2024-11-15T00:06:44.614+0000] {logging_mixin.py:190} INFO - [2024-11-15T00:06:44.614+0000] {dag.py:4180} INFO - Setting next_dagrun for example_xcom_args_with_operators to None, run_after=None
[2024-11-15T00:06:44.627+0000] {processor.py:208} INFO - Processing /home/airflow/.local/lib/python3.12/site-packages/airflow/example_dags/example_xcomargs.py took 0.068 seconds
[2024-11-15T00:07:15.501+0000] {processor.py:186} INFO - Started process (PID=4045) to work on /home/airflow/.local/lib/python3.12/site-packages/airflow/example_dags/example_xcomargs.py
[2024-11-15T00:07:15.502+0000] {processor.py:914} INFO - Processing file /home/airflow/.local/lib/python3.12/site-packages/airflow/example_dags/example_xcomargs.py for tasks to queue
[2024-11-15T00:07:15.504+0000] {logging_mixin.py:190} INFO - [2024-11-15T00:07:15.504+0000] {dagbag.py:588} INFO - Filling up the DagBag from /home/airflow/.local/lib/python3.12/site-packages/airflow/example_dags/example_xcomargs.py
[2024-11-15T00:07:15.513+0000] {processor.py:925} INFO - DAG(s) 'example_xcom_args', 'example_xcom_args_with_operators' retrieved from /home/airflow/.local/lib/python3.12/site-packages/airflow/example_dags/example_xcomargs.py
[2024-11-15T00:07:15.532+0000] {logging_mixin.py:190} INFO - [2024-11-15T00:07:15.532+0000] {dag.py:3239} INFO - Sync 2 DAGs
[2024-11-15T00:07:15.545+0000] {logging_mixin.py:190} INFO - [2024-11-15T00:07:15.544+0000] {dag.py:4180} INFO - Setting next_dagrun for example_xcom_args to None, run_after=None
[2024-11-15T00:07:15.548+0000] {logging_mixin.py:190} INFO - [2024-11-15T00:07:15.548+0000] {dag.py:4180} INFO - Setting next_dagrun for example_xcom_args_with_operators to None, run_after=None
[2024-11-15T00:07:15.561+0000] {processor.py:208} INFO - Processing /home/airflow/.local/lib/python3.12/site-packages/airflow/example_dags/example_xcomargs.py took 0.065 seconds
[2024-11-15T00:07:45.800+0000] {processor.py:186} INFO - Started process (PID=4108) to work on /home/airflow/.local/lib/python3.12/site-packages/airflow/example_dags/example_xcomargs.py
[2024-11-15T00:07:45.801+0000] {processor.py:914} INFO - Processing file /home/airflow/.local/lib/python3.12/site-packages/airflow/example_dags/example_xcomargs.py for tasks to queue
[2024-11-15T00:07:45.803+0000] {logging_mixin.py:190} INFO - [2024-11-15T00:07:45.803+0000] {dagbag.py:588} INFO - Filling up the DagBag from /home/airflow/.local/lib/python3.12/site-packages/airflow/example_dags/example_xcomargs.py
[2024-11-15T00:07:45.812+0000] {processor.py:925} INFO - DAG(s) 'example_xcom_args_with_operators', 'example_xcom_args' retrieved from /home/airflow/.local/lib/python3.12/site-packages/airflow/example_dags/example_xcomargs.py
[2024-11-15T00:07:45.832+0000] {logging_mixin.py:190} INFO - [2024-11-15T00:07:45.832+0000] {dag.py:3239} INFO - Sync 2 DAGs
[2024-11-15T00:07:45.844+0000] {logging_mixin.py:190} INFO - [2024-11-15T00:07:45.843+0000] {dag.py:4180} INFO - Setting next_dagrun for example_xcom_args to None, run_after=None
[2024-11-15T00:07:45.847+0000] {logging_mixin.py:190} INFO - [2024-11-15T00:07:45.847+0000] {dag.py:4180} INFO - Setting next_dagrun for example_xcom_args_with_operators to None, run_after=None
[2024-11-15T00:07:45.861+0000] {processor.py:208} INFO - Processing /home/airflow/.local/lib/python3.12/site-packages/airflow/example_dags/example_xcomargs.py took 0.066 seconds
[2024-11-15T00:08:15.961+0000] {processor.py:186} INFO - Started process (PID=4171) to work on /home/airflow/.local/lib/python3.12/site-packages/airflow/example_dags/example_xcomargs.py
[2024-11-15T00:08:15.962+0000] {processor.py:914} INFO - Processing file /home/airflow/.local/lib/python3.12/site-packages/airflow/example_dags/example_xcomargs.py for tasks to queue
[2024-11-15T00:08:15.963+0000] {logging_mixin.py:190} INFO - [2024-11-15T00:08:15.963+0000] {dagbag.py:588} INFO - Filling up the DagBag from /home/airflow/.local/lib/python3.12/site-packages/airflow/example_dags/example_xcomargs.py
[2024-11-15T00:08:15.972+0000] {processor.py:925} INFO - DAG(s) 'example_xcom_args', 'example_xcom_args_with_operators' retrieved from /home/airflow/.local/lib/python3.12/site-packages/airflow/example_dags/example_xcomargs.py
[2024-11-15T00:08:15.992+0000] {logging_mixin.py:190} INFO - [2024-11-15T00:08:15.992+0000] {dag.py:3239} INFO - Sync 2 DAGs
[2024-11-15T00:08:16.005+0000] {logging_mixin.py:190} INFO - [2024-11-15T00:08:16.005+0000] {dag.py:4180} INFO - Setting next_dagrun for example_xcom_args to None, run_after=None
[2024-11-15T00:08:16.008+0000] {logging_mixin.py:190} INFO - [2024-11-15T00:08:16.008+0000] {dag.py:4180} INFO - Setting next_dagrun for example_xcom_args_with_operators to None, run_after=None
[2024-11-15T00:08:16.021+0000] {processor.py:208} INFO - Processing /home/airflow/.local/lib/python3.12/site-packages/airflow/example_dags/example_xcomargs.py took 0.065 seconds
[2024-11-15T00:08:46.059+0000] {processor.py:186} INFO - Started process (PID=4233) to work on /home/airflow/.local/lib/python3.12/site-packages/airflow/example_dags/example_xcomargs.py
[2024-11-15T00:08:46.060+0000] {processor.py:914} INFO - Processing file /home/airflow/.local/lib/python3.12/site-packages/airflow/example_dags/example_xcomargs.py for tasks to queue
[2024-11-15T00:08:46.062+0000] {logging_mixin.py:190} INFO - [2024-11-15T00:08:46.062+0000] {dagbag.py:588} INFO - Filling up the DagBag from /home/airflow/.local/lib/python3.12/site-packages/airflow/example_dags/example_xcomargs.py
[2024-11-15T00:08:46.071+0000] {processor.py:925} INFO - DAG(s) 'example_xcom_args_with_operators', 'example_xcom_args' retrieved from /home/airflow/.local/lib/python3.12/site-packages/airflow/example_dags/example_xcomargs.py
[2024-11-15T00:08:46.092+0000] {logging_mixin.py:190} INFO - [2024-11-15T00:08:46.091+0000] {dag.py:3239} INFO - Sync 2 DAGs
[2024-11-15T00:08:46.105+0000] {logging_mixin.py:190} INFO - [2024-11-15T00:08:46.105+0000] {dag.py:4180} INFO - Setting next_dagrun for example_xcom_args to None, run_after=None
[2024-11-15T00:08:46.109+0000] {logging_mixin.py:190} INFO - [2024-11-15T00:08:46.109+0000] {dag.py:4180} INFO - Setting next_dagrun for example_xcom_args_with_operators to None, run_after=None
[2024-11-15T00:08:46.124+0000] {processor.py:208} INFO - Processing /home/airflow/.local/lib/python3.12/site-packages/airflow/example_dags/example_xcomargs.py took 0.070 seconds
[2024-11-15T00:09:16.177+0000] {processor.py:186} INFO - Started process (PID=4295) to work on /home/airflow/.local/lib/python3.12/site-packages/airflow/example_dags/example_xcomargs.py
[2024-11-15T00:09:16.188+0000] {processor.py:914} INFO - Processing file /home/airflow/.local/lib/python3.12/site-packages/airflow/example_dags/example_xcomargs.py for tasks to queue
[2024-11-15T00:09:16.191+0000] {logging_mixin.py:190} INFO - [2024-11-15T00:09:16.191+0000] {dagbag.py:588} INFO - Filling up the DagBag from /home/airflow/.local/lib/python3.12/site-packages/airflow/example_dags/example_xcomargs.py
[2024-11-15T00:09:16.199+0000] {processor.py:925} INFO - DAG(s) 'example_xcom_args_with_operators', 'example_xcom_args' retrieved from /home/airflow/.local/lib/python3.12/site-packages/airflow/example_dags/example_xcomargs.py
[2024-11-15T00:09:16.219+0000] {logging_mixin.py:190} INFO - [2024-11-15T00:09:16.219+0000] {dag.py:3239} INFO - Sync 2 DAGs
[2024-11-15T00:09:16.233+0000] {logging_mixin.py:190} INFO - [2024-11-15T00:09:16.233+0000] {dag.py:4180} INFO - Setting next_dagrun for example_xcom_args to None, run_after=None
[2024-11-15T00:09:16.237+0000] {logging_mixin.py:190} INFO - [2024-11-15T00:09:16.236+0000] {dag.py:4180} INFO - Setting next_dagrun for example_xcom_args_with_operators to None, run_after=None
[2024-11-15T00:09:16.250+0000] {processor.py:208} INFO - Processing /home/airflow/.local/lib/python3.12/site-packages/airflow/example_dags/example_xcomargs.py took 0.078 seconds
[2024-11-15T00:09:46.294+0000] {processor.py:186} INFO - Started process (PID=4358) to work on /home/airflow/.local/lib/python3.12/site-packages/airflow/example_dags/example_xcomargs.py
[2024-11-15T00:09:46.295+0000] {processor.py:914} INFO - Processing file /home/airflow/.local/lib/python3.12/site-packages/airflow/example_dags/example_xcomargs.py for tasks to queue
[2024-11-15T00:09:46.297+0000] {logging_mixin.py:190} INFO - [2024-11-15T00:09:46.296+0000] {dagbag.py:588} INFO - Filling up the DagBag from /home/airflow/.local/lib/python3.12/site-packages/airflow/example_dags/example_xcomargs.py
[2024-11-15T00:09:46.305+0000] {processor.py:925} INFO - DAG(s) 'example_xcom_args', 'example_xcom_args_with_operators' retrieved from /home/airflow/.local/lib/python3.12/site-packages/airflow/example_dags/example_xcomargs.py
[2024-11-15T00:09:46.326+0000] {logging_mixin.py:190} INFO - [2024-11-15T00:09:46.325+0000] {dag.py:3239} INFO - Sync 2 DAGs
[2024-11-15T00:09:46.338+0000] {logging_mixin.py:190} INFO - [2024-11-15T00:09:46.338+0000] {dag.py:4180} INFO - Setting next_dagrun for example_xcom_args to None, run_after=None
[2024-11-15T00:09:46.341+0000] {logging_mixin.py:190} INFO - [2024-11-15T00:09:46.341+0000] {dag.py:4180} INFO - Setting next_dagrun for example_xcom_args_with_operators to None, run_after=None
[2024-11-15T00:09:46.354+0000] {processor.py:208} INFO - Processing /home/airflow/.local/lib/python3.12/site-packages/airflow/example_dags/example_xcomargs.py took 0.065 seconds
[2024-11-15T00:10:16.665+0000] {processor.py:186} INFO - Started process (PID=4422) to work on /home/airflow/.local/lib/python3.12/site-packages/airflow/example_dags/example_xcomargs.py
[2024-11-15T00:10:16.667+0000] {processor.py:914} INFO - Processing file /home/airflow/.local/lib/python3.12/site-packages/airflow/example_dags/example_xcomargs.py for tasks to queue
[2024-11-15T00:10:16.670+0000] {logging_mixin.py:190} INFO - [2024-11-15T00:10:16.669+0000] {dagbag.py:588} INFO - Filling up the DagBag from /home/airflow/.local/lib/python3.12/site-packages/airflow/example_dags/example_xcomargs.py
[2024-11-15T00:10:16.678+0000] {processor.py:925} INFO - DAG(s) 'example_xcom_args_with_operators', 'example_xcom_args' retrieved from /home/airflow/.local/lib/python3.12/site-packages/airflow/example_dags/example_xcomargs.py
[2024-11-15T00:10:16.698+0000] {logging_mixin.py:190} INFO - [2024-11-15T00:10:16.698+0000] {dag.py:3239} INFO - Sync 2 DAGs
[2024-11-15T00:10:16.710+0000] {logging_mixin.py:190} INFO - [2024-11-15T00:10:16.710+0000] {dag.py:4180} INFO - Setting next_dagrun for example_xcom_args to None, run_after=None
[2024-11-15T00:10:16.714+0000] {logging_mixin.py:190} INFO - [2024-11-15T00:10:16.713+0000] {dag.py:4180} INFO - Setting next_dagrun for example_xcom_args_with_operators to None, run_after=None
[2024-11-15T00:10:16.727+0000] {processor.py:208} INFO - Processing /home/airflow/.local/lib/python3.12/site-packages/airflow/example_dags/example_xcomargs.py took 0.068 seconds
[2024-11-15T00:10:47.342+0000] {processor.py:186} INFO - Started process (PID=4485) to work on /home/airflow/.local/lib/python3.12/site-packages/airflow/example_dags/example_xcomargs.py
[2024-11-15T00:10:47.343+0000] {processor.py:914} INFO - Processing file /home/airflow/.local/lib/python3.12/site-packages/airflow/example_dags/example_xcomargs.py for tasks to queue
[2024-11-15T00:10:47.345+0000] {logging_mixin.py:190} INFO - [2024-11-15T00:10:47.345+0000] {dagbag.py:588} INFO - Filling up the DagBag from /home/airflow/.local/lib/python3.12/site-packages/airflow/example_dags/example_xcomargs.py
[2024-11-15T00:10:47.354+0000] {processor.py:925} INFO - DAG(s) 'example_xcom_args', 'example_xcom_args_with_operators' retrieved from /home/airflow/.local/lib/python3.12/site-packages/airflow/example_dags/example_xcomargs.py
[2024-11-15T00:10:47.374+0000] {logging_mixin.py:190} INFO - [2024-11-15T00:10:47.374+0000] {dag.py:3239} INFO - Sync 2 DAGs
[2024-11-15T00:10:47.387+0000] {logging_mixin.py:190} INFO - [2024-11-15T00:10:47.387+0000] {dag.py:4180} INFO - Setting next_dagrun for example_xcom_args to None, run_after=None
[2024-11-15T00:10:47.390+0000] {logging_mixin.py:190} INFO - [2024-11-15T00:10:47.390+0000] {dag.py:4180} INFO - Setting next_dagrun for example_xcom_args_with_operators to None, run_after=None
[2024-11-15T00:10:47.404+0000] {processor.py:208} INFO - Processing /home/airflow/.local/lib/python3.12/site-packages/airflow/example_dags/example_xcomargs.py took 0.067 seconds
[2024-11-15T00:16:46.019+0000] {processor.py:186} INFO - Started process (PID=4543) to work on /home/airflow/.local/lib/python3.12/site-packages/airflow/example_dags/example_xcomargs.py
[2024-11-15T00:16:46.020+0000] {processor.py:914} INFO - Processing file /home/airflow/.local/lib/python3.12/site-packages/airflow/example_dags/example_xcomargs.py for tasks to queue
[2024-11-15T00:16:46.022+0000] {logging_mixin.py:190} INFO - [2024-11-15T00:16:46.022+0000] {dagbag.py:588} INFO - Filling up the DagBag from /home/airflow/.local/lib/python3.12/site-packages/airflow/example_dags/example_xcomargs.py
[2024-11-15T00:16:46.032+0000] {processor.py:925} INFO - DAG(s) 'example_xcom_args', 'example_xcom_args_with_operators' retrieved from /home/airflow/.local/lib/python3.12/site-packages/airflow/example_dags/example_xcomargs.py
[2024-11-15T00:16:46.056+0000] {logging_mixin.py:190} INFO - [2024-11-15T00:16:46.055+0000] {dag.py:3239} INFO - Sync 2 DAGs
[2024-11-15T00:16:46.070+0000] {logging_mixin.py:190} INFO - [2024-11-15T00:16:46.069+0000] {dag.py:4180} INFO - Setting next_dagrun for example_xcom_args to None, run_after=None
[2024-11-15T00:16:46.073+0000] {logging_mixin.py:190} INFO - [2024-11-15T00:16:46.073+0000] {dag.py:4180} INFO - Setting next_dagrun for example_xcom_args_with_operators to None, run_after=None
[2024-11-15T00:16:46.087+0000] {processor.py:208} INFO - Processing /home/airflow/.local/lib/python3.12/site-packages/airflow/example_dags/example_xcomargs.py took 0.074 seconds
