[2024-11-16T22:25:46.195+0000] {local_task_job_runner.py:123} INFO - ::group::Pre task execution logs
[2024-11-16T22:25:46.380+0000] {taskinstance.py:2613} INFO - Dependencies all met for dep_context=non-requeueable deps ti=<TaskInstance: conditional_dataset_and_time_based_timetable.conditional_dataset_and_time_based_timetable scheduled__2024-11-13T01:00:00+00:00 [queued]>
[2024-11-16T22:25:46.395+0000] {taskinstance.py:2613} INFO - Dependencies all met for dep_context=requeueable deps ti=<TaskInstance: conditional_dataset_and_time_based_timetable.conditional_dataset_and_time_based_timetable scheduled__2024-11-13T01:00:00+00:00 [queued]>
[2024-11-16T22:25:46.395+0000] {taskinstance.py:2866} INFO - Starting attempt 1 of 1
[2024-11-16T22:25:46.424+0000] {taskinstance.py:2889} INFO - Executing <Task(BashOperator): conditional_dataset_and_time_based_timetable> on 2024-11-13 01:00:00+00:00
[2024-11-16T22:25:46.438+0000] {warnings.py:112} WARNING - /home/***/.local/lib/python3.12/site-packages/***/task/task_runner/standard_task_runner.py:70: DeprecationWarning: This process (pid=203) is multi-threaded, use of fork() may lead to deadlocks in the child.
  pid = os.fork()

[2024-11-16T22:25:46.439+0000] {standard_task_runner.py:72} INFO - Started process 212 to run task
[2024-11-16T22:25:46.441+0000] {standard_task_runner.py:104} INFO - Running: ['***', 'tasks', 'run', 'conditional_dataset_and_time_based_timetable', 'conditional_dataset_and_time_based_timetable', 'scheduled__2024-11-13T01:00:00+00:00', '--job-id', '103', '--raw', '--subdir', '/home/***/.local/lib/python3.12/site-packages/***/example_dags/example_datasets.py', '--cfg-path', '/tmp/tmpqie46bq4']
[2024-11-16T22:25:46.442+0000] {standard_task_runner.py:105} INFO - Job 103: Subtask conditional_dataset_and_time_based_timetable
[2024-11-16T22:25:46.682+0000] {task_command.py:467} INFO - Running <TaskInstance: conditional_dataset_and_time_based_timetable.conditional_dataset_and_time_based_timetable scheduled__2024-11-13T01:00:00+00:00 [running]> on host 1d6a28d5eb9c
[2024-11-16T22:25:47.838+0000] {taskinstance.py:3132} INFO - Exporting env vars: AIRFLOW_CTX_DAG_OWNER='***' AIRFLOW_CTX_DAG_ID='conditional_dataset_and_time_based_timetable' AIRFLOW_CTX_TASK_ID='conditional_dataset_and_time_based_timetable' AIRFLOW_CTX_EXECUTION_DATE='2024-11-13T01:00:00+00:00' AIRFLOW_CTX_TRY_NUMBER='1' AIRFLOW_CTX_DAG_RUN_ID='scheduled__2024-11-13T01:00:00+00:00'
[2024-11-16T22:25:47.839+0000] {logging_mixin.py:190} INFO - Task instance is in running state
[2024-11-16T22:25:47.839+0000] {logging_mixin.py:190} INFO -  Previous state of the Task instance: queued
[2024-11-16T22:25:47.840+0000] {logging_mixin.py:190} INFO - Current task name:conditional_dataset_and_time_based_timetable state:running start_date:2024-11-16 22:25:46.381416+00:00
[2024-11-16T22:25:47.840+0000] {logging_mixin.py:190} INFO - Dag name:conditional_dataset_and_time_based_timetable and current dag run status:running
[2024-11-16T22:25:47.840+0000] {taskinstance.py:731} INFO - ::endgroup::
[2024-11-16T22:25:47.841+0000] {subprocess.py:78} INFO - Tmp dir root location: /tmp
[2024-11-16T22:25:47.842+0000] {subprocess.py:88} INFO - Running command: ['/usr/bin/bash', '-c', 'sleep 5']
[2024-11-16T22:25:47.866+0000] {subprocess.py:99} INFO - Output:
[2024-11-16T22:25:52.901+0000] {subprocess.py:110} INFO - Command exited with return code 0
[2024-11-16T22:25:53.143+0000] {taskinstance.py:340} INFO - ::group::Post task execution logs
[2024-11-16T22:25:53.144+0000] {taskinstance.py:352} INFO - Marking task as SUCCESS. dag_id=conditional_dataset_and_time_based_timetable, task_id=conditional_dataset_and_time_based_timetable, run_id=scheduled__2024-11-13T01:00:00+00:00, execution_date=20241113T010000, start_date=20241116T222546, end_date=20241116T222553
[2024-11-16T22:25:53.175+0000] {logging_mixin.py:190} INFO - Task instance in success state
[2024-11-16T22:25:53.176+0000] {logging_mixin.py:190} INFO -  Previous state of the Task instance: running
[2024-11-16T22:25:53.176+0000] {logging_mixin.py:190} INFO - Dag name:conditional_dataset_and_time_based_timetable queued_at:2024-11-16 22:25:34.428719+00:00
[2024-11-16T22:25:53.176+0000] {logging_mixin.py:190} INFO - Task hostname:1d6a28d5eb9c operator:BashOperator
[2024-11-16T22:25:53.261+0000] {local_task_job_runner.py:266} INFO - Task exited with return code 0
[2024-11-16T22:25:53.965+0000] {taskinstance.py:3895} INFO - 0 downstream tasks scheduled from follow-on schedule check
[2024-11-16T22:25:53.971+0000] {local_task_job_runner.py:245} INFO - ::endgroup::
