[2024-11-17T03:14:46.663+0000] {local_task_job_runner.py:123} INFO - ::group::Pre task execution logs
[2024-11-17T03:14:46.681+0000] {taskinstance.py:2613} INFO - Dependencies all met for dep_context=non-requeueable deps ti=<TaskInstance: criar_tabelas.inserir_dados_summary manual__2024-11-17T03:14:23.637186+00:00 [queued]>
[2024-11-17T03:14:46.689+0000] {taskinstance.py:2613} INFO - Dependencies all met for dep_context=requeueable deps ti=<TaskInstance: criar_tabelas.inserir_dados_summary manual__2024-11-17T03:14:23.637186+00:00 [queued]>
[2024-11-17T03:14:46.689+0000] {taskinstance.py:2866} INFO - Starting attempt 1 of 2
[2024-11-17T03:14:46.700+0000] {taskinstance.py:2889} INFO - Executing <Task(PythonOperator): inserir_dados_summary> on 2024-11-17 03:14:23.637186+00:00
[2024-11-17T03:14:46.711+0000] {warnings.py:112} WARNING - /home/***/.local/lib/python3.12/site-packages/***/task/task_runner/standard_task_runner.py:70: DeprecationWarning: This process (pid=700) is multi-threaded, use of fork() may lead to deadlocks in the child.
  pid = os.fork()

[2024-11-17T03:14:46.712+0000] {standard_task_runner.py:72} INFO - Started process 702 to run task
[2024-11-17T03:14:46.713+0000] {standard_task_runner.py:104} INFO - Running: ['***', 'tasks', 'run', 'criar_tabelas', 'inserir_dados_summary', 'manual__2024-11-17T03:14:23.637186+00:00', '--job-id', '229', '--raw', '--subdir', 'DAGS_FOLDER/etl.py', '--cfg-path', '/tmp/tmp3h6slqzq']
[2024-11-17T03:14:46.713+0000] {standard_task_runner.py:105} INFO - Job 229: Subtask inserir_dados_summary
[2024-11-17T03:14:46.755+0000] {task_command.py:467} INFO - Running <TaskInstance: criar_tabelas.inserir_dados_summary manual__2024-11-17T03:14:23.637186+00:00 [running]> on host bfeda1f9cf11
[2024-11-17T03:14:47.029+0000] {taskinstance.py:3132} INFO - Exporting env vars: AIRFLOW_CTX_DAG_OWNER='***' AIRFLOW_CTX_DAG_ID='criar_tabelas' AIRFLOW_CTX_TASK_ID='inserir_dados_summary' AIRFLOW_CTX_EXECUTION_DATE='2024-11-17T03:14:23.637186+00:00' AIRFLOW_CTX_TRY_NUMBER='1' AIRFLOW_CTX_DAG_RUN_ID='manual__2024-11-17T03:14:23.637186+00:00'
[2024-11-17T03:14:47.030+0000] {logging_mixin.py:190} INFO - Task instance is in running state
[2024-11-17T03:14:47.030+0000] {logging_mixin.py:190} INFO -  Previous state of the Task instance: queued
[2024-11-17T03:14:47.030+0000] {logging_mixin.py:190} INFO - Current task name:inserir_dados_summary state:running start_date:2024-11-17 03:14:46.681830+00:00
[2024-11-17T03:14:47.031+0000] {logging_mixin.py:190} INFO - Dag name:criar_tabelas and current dag run status:running
[2024-11-17T03:14:47.031+0000] {taskinstance.py:731} INFO - ::endgroup::
[2024-11-17T03:14:53.043+0000] {logging_mixin.py:190} INFO - Dados do SummaryProfile inseridos com sucesso!
[2024-11-17T03:14:53.045+0000] {python.py:240} INFO - Done. Returned value was: None
[2024-11-17T03:14:53.057+0000] {taskinstance.py:340} INFO - ::group::Post task execution logs
[2024-11-17T03:14:53.057+0000] {taskinstance.py:352} INFO - Marking task as SUCCESS. dag_id=criar_tabelas, task_id=inserir_dados_summary, run_id=manual__2024-11-17T03:14:23.637186+00:00, execution_date=20241117T031423, start_date=20241117T031446, end_date=20241117T031453
[2024-11-17T03:14:53.065+0000] {logging_mixin.py:190} INFO - Task instance in success state
[2024-11-17T03:14:53.066+0000] {logging_mixin.py:190} INFO -  Previous state of the Task instance: running
[2024-11-17T03:14:53.066+0000] {logging_mixin.py:190} INFO - Dag name:criar_tabelas queued_at:2024-11-17 03:14:23.645340+00:00
[2024-11-17T03:14:53.066+0000] {logging_mixin.py:190} INFO - Task hostname:bfeda1f9cf11 operator:PythonOperator
[2024-11-17T03:14:53.116+0000] {local_task_job_runner.py:266} INFO - Task exited with return code 0
[2024-11-17T03:14:53.141+0000] {taskinstance.py:3895} INFO - 1 downstream tasks scheduled from follow-on schedule check
[2024-11-17T03:14:53.142+0000] {local_task_job_runner.py:245} INFO - ::endgroup::
