[2024-11-11T01:14:46.974+0000] {local_task_job_runner.py:123} INFO - ::group::Pre task execution logs
[2024-11-11T01:14:46.993+0000] {taskinstance.py:2613} INFO - Dependencies all met for dep_context=non-requeueable deps ti=<TaskInstance: api_inserir_dadosH.create_table_historico_precos manual__2024-11-11T01:14:42.441624+00:00 [queued]>
[2024-11-11T01:14:47.000+0000] {taskinstance.py:2613} INFO - Dependencies all met for dep_context=requeueable deps ti=<TaskInstance: api_inserir_dadosH.create_table_historico_precos manual__2024-11-11T01:14:42.441624+00:00 [queued]>
[2024-11-11T01:14:47.000+0000] {taskinstance.py:2866} INFO - Starting attempt 1 of 2
[2024-11-11T01:14:47.011+0000] {taskinstance.py:2889} INFO - Executing <Task(PostgresOperator): create_table_historico_precos> on 2024-11-11 01:14:42.441624+00:00
[2024-11-11T01:14:47.021+0000] {warnings.py:112} WARNING - /home/***/.local/lib/python3.12/site-packages/***/task/task_runner/standard_task_runner.py:70: DeprecationWarning: This process (pid=88) is multi-threaded, use of fork() may lead to deadlocks in the child.
  pid = os.fork()

[2024-11-11T01:14:47.023+0000] {standard_task_runner.py:72} INFO - Started process 90 to run task
[2024-11-11T01:14:47.023+0000] {standard_task_runner.py:104} INFO - Running: ['***', 'tasks', 'run', 'api_inserir_dadosH', 'create_table_historico_precos', 'manual__2024-11-11T01:14:42.441624+00:00', '--job-id', '5', '--raw', '--subdir', 'DAGS_FOLDER/etl.py', '--cfg-path', '/tmp/tmp15ov3cuy']
[2024-11-11T01:14:47.024+0000] {standard_task_runner.py:105} INFO - Job 5: Subtask create_table_historico_precos
[2024-11-11T01:14:47.067+0000] {task_command.py:467} INFO - Running <TaskInstance: api_inserir_dadosH.create_table_historico_precos manual__2024-11-11T01:14:42.441624+00:00 [running]> on host 27a25819ab17
[2024-11-11T01:14:47.140+0000] {taskinstance.py:3132} INFO - Exporting env vars: AIRFLOW_CTX_DAG_OWNER='***' AIRFLOW_CTX_DAG_ID='api_inserir_dadosH' AIRFLOW_CTX_TASK_ID='create_table_historico_precos' AIRFLOW_CTX_EXECUTION_DATE='2024-11-11T01:14:42.441624+00:00' AIRFLOW_CTX_TRY_NUMBER='1' AIRFLOW_CTX_DAG_RUN_ID='manual__2024-11-11T01:14:42.441624+00:00'
[2024-11-11T01:14:47.141+0000] {logging_mixin.py:190} INFO - Task instance is in running state
[2024-11-11T01:14:47.141+0000] {logging_mixin.py:190} INFO -  Previous state of the Task instance: queued
[2024-11-11T01:14:47.141+0000] {logging_mixin.py:190} INFO - Current task name:create_table_historico_precos state:running start_date:2024-11-11 01:14:46.994234+00:00
[2024-11-11T01:14:47.142+0000] {logging_mixin.py:190} INFO - Dag name:api_inserir_dadosH and current dag run status:running
[2024-11-11T01:14:47.142+0000] {taskinstance.py:731} INFO - ::endgroup::
[2024-11-11T01:14:47.142+0000] {sql.py:278} INFO - Executing: 
CREATE TABLE IF NOT EXISTS historico_precos (
    id INT,
    name VARCHAR(10),
    date TIMESTAMP,
    open DECIMAL(10, 2),
    high DECIMAL(10, 2),
    low DECIMAL(10, 2),
    close DECIMAL(10, 2),
    volume BIGINT,
    adjusted_close DECIMAL(10, 2)
);
[2024-11-11T01:14:47.151+0000] {base.py:84} INFO - Retrieving connection 'postgres-***'
[2024-11-11T01:14:47.165+0000] {base.py:84} INFO - Retrieving connection 'postgres-***'
[2024-11-11T01:14:47.170+0000] {sql.py:544} INFO - Running statement: 
CREATE TABLE IF NOT EXISTS historico_precos (
    id INT,
    name VARCHAR(10),
    date TIMESTAMP,
    open DECIMAL(10, 2),
    high DECIMAL(10, 2),
    low DECIMAL(10, 2),
    close DECIMAL(10, 2),
    volume BIGINT,
    adjusted_close DECIMAL(10, 2)
);, parameters: None
[2024-11-11T01:14:47.188+0000] {taskinstance.py:340} INFO - ::group::Post task execution logs
[2024-11-11T01:14:47.188+0000] {taskinstance.py:352} INFO - Marking task as SUCCESS. dag_id=api_inserir_dadosH, task_id=create_table_historico_precos, run_id=manual__2024-11-11T01:14:42.441624+00:00, execution_date=20241111T011442, start_date=20241111T011446, end_date=20241111T011447
[2024-11-11T01:14:47.197+0000] {logging_mixin.py:190} INFO - Task instance in success state
[2024-11-11T01:14:47.197+0000] {logging_mixin.py:190} INFO -  Previous state of the Task instance: running
[2024-11-11T01:14:47.198+0000] {logging_mixin.py:190} INFO - Dag name:api_inserir_dadosH queued_at:2024-11-11 01:14:42.474776+00:00
[2024-11-11T01:14:47.198+0000] {logging_mixin.py:190} INFO - Task hostname:27a25819ab17 operator:PostgresOperator
[2024-11-11T01:14:47.237+0000] {local_task_job_runner.py:266} INFO - Task exited with return code 0
[2024-11-11T01:14:47.259+0000] {taskinstance.py:3895} INFO - 1 downstream tasks scheduled from follow-on schedule check
[2024-11-11T01:14:47.260+0000] {local_task_job_runner.py:245} INFO - ::endgroup::
