[2024-11-17T02:56:54.922+0000] {local_task_job_runner.py:123} INFO - ::group::Pre task execution logs
[2024-11-17T02:56:54.940+0000] {taskinstance.py:2613} INFO - Dependencies all met for dep_context=non-requeueable deps ti=<TaskInstance: criar_tabelas.create_schema manual__2024-11-17T02:56:44.438736+00:00 [queued]>
[2024-11-17T02:56:54.946+0000] {taskinstance.py:2613} INFO - Dependencies all met for dep_context=requeueable deps ti=<TaskInstance: criar_tabelas.create_schema manual__2024-11-17T02:56:44.438736+00:00 [queued]>
[2024-11-17T02:56:54.947+0000] {taskinstance.py:2866} INFO - Starting attempt 1 of 2
[2024-11-17T02:56:54.957+0000] {taskinstance.py:2889} INFO - Executing <Task(PostgresOperator): create_schema> on 2024-11-17 02:56:44.438736+00:00
[2024-11-17T02:56:54.967+0000] {warnings.py:112} WARNING - /home/***/.local/lib/python3.12/site-packages/***/task/task_runner/standard_task_runner.py:70: DeprecationWarning: This process (pid=309) is multi-threaded, use of fork() may lead to deadlocks in the child.
  pid = os.fork()

[2024-11-17T02:56:54.968+0000] {standard_task_runner.py:72} INFO - Started process 311 to run task
[2024-11-17T02:56:54.970+0000] {standard_task_runner.py:104} INFO - Running: ['***', 'tasks', 'run', 'criar_tabelas', 'create_schema', 'manual__2024-11-17T02:56:44.438736+00:00', '--job-id', '189', '--raw', '--subdir', 'DAGS_FOLDER/etl.py', '--cfg-path', '/tmp/tmpjfof38ga']
[2024-11-17T02:56:54.970+0000] {standard_task_runner.py:105} INFO - Job 189: Subtask create_schema
[2024-11-17T02:56:55.011+0000] {task_command.py:467} INFO - Running <TaskInstance: criar_tabelas.create_schema manual__2024-11-17T02:56:44.438736+00:00 [running]> on host bfeda1f9cf11
[2024-11-17T02:56:55.279+0000] {taskinstance.py:3132} INFO - Exporting env vars: AIRFLOW_CTX_DAG_OWNER='***' AIRFLOW_CTX_DAG_ID='criar_tabelas' AIRFLOW_CTX_TASK_ID='create_schema' AIRFLOW_CTX_EXECUTION_DATE='2024-11-17T02:56:44.438736+00:00' AIRFLOW_CTX_TRY_NUMBER='1' AIRFLOW_CTX_DAG_RUN_ID='manual__2024-11-17T02:56:44.438736+00:00'
[2024-11-17T02:56:55.280+0000] {logging_mixin.py:190} INFO - Task instance is in running state
[2024-11-17T02:56:55.280+0000] {logging_mixin.py:190} INFO -  Previous state of the Task instance: queued
[2024-11-17T02:56:55.280+0000] {logging_mixin.py:190} INFO - Current task name:create_schema state:running start_date:2024-11-17 02:56:54.940390+00:00
[2024-11-17T02:56:55.280+0000] {logging_mixin.py:190} INFO - Dag name:criar_tabelas and current dag run status:running
[2024-11-17T02:56:55.280+0000] {taskinstance.py:731} INFO - ::endgroup::
[2024-11-17T02:56:55.281+0000] {sql.py:278} INFO - Executing: 
CREATE SCHEMA IF NOT EXISTS dw;

[2024-11-17T02:56:55.288+0000] {base.py:84} INFO - Retrieving connection 'postgres-***'
[2024-11-17T02:56:55.297+0000] {base.py:84} INFO - Retrieving connection 'postgres-***'
[2024-11-17T02:56:55.301+0000] {sql.py:544} INFO - Running statement: 
CREATE SCHEMA IF NOT EXISTS dw;
, parameters: None
[2024-11-17T02:56:55.312+0000] {taskinstance.py:340} INFO - ::group::Post task execution logs
[2024-11-17T02:56:55.313+0000] {taskinstance.py:352} INFO - Marking task as SUCCESS. dag_id=criar_tabelas, task_id=create_schema, run_id=manual__2024-11-17T02:56:44.438736+00:00, execution_date=20241117T025644, start_date=20241117T025654, end_date=20241117T025655
[2024-11-17T02:56:55.320+0000] {logging_mixin.py:190} INFO - Task instance in success state
[2024-11-17T02:56:55.321+0000] {logging_mixin.py:190} INFO -  Previous state of the Task instance: running
[2024-11-17T02:56:55.321+0000] {logging_mixin.py:190} INFO - Dag name:criar_tabelas queued_at:2024-11-17 02:56:44.449449+00:00
[2024-11-17T02:56:55.321+0000] {logging_mixin.py:190} INFO - Task hostname:bfeda1f9cf11 operator:PostgresOperator
[2024-11-17T02:56:55.343+0000] {local_task_job_runner.py:266} INFO - Task exited with return code 0
[2024-11-17T02:56:55.370+0000] {taskinstance.py:3895} INFO - 1 downstream tasks scheduled from follow-on schedule check
[2024-11-17T02:56:55.372+0000] {local_task_job_runner.py:245} INFO - ::endgroup::
