[2024-11-12T00:25:31.719+0000] {processor.py:186} INFO - Started process (PID=85) to work on /home/airflow/.local/lib/python3.12/site-packages/airflow/example_dags/example_inlet_event_extra.py
[2024-11-12T00:25:31.720+0000] {processor.py:914} INFO - Processing file /home/airflow/.local/lib/python3.12/site-packages/airflow/example_dags/example_inlet_event_extra.py for tasks to queue
[2024-11-12T00:25:31.722+0000] {logging_mixin.py:190} INFO - [2024-11-12T00:25:31.722+0000] {dagbag.py:588} INFO - Filling up the DagBag from /home/airflow/.local/lib/python3.12/site-packages/airflow/example_dags/example_inlet_event_extra.py
[2024-11-12T00:25:32.387+0000] {processor.py:925} INFO - DAG(s) 'read_dataset_event_from_classic', 'read_dataset_event' retrieved from /home/airflow/.local/lib/python3.12/site-packages/airflow/example_dags/example_inlet_event_extra.py
[2024-11-12T00:25:32.404+0000] {logging_mixin.py:190} INFO - [2024-11-12T00:25:32.404+0000] {dag.py:3239} INFO - Sync 2 DAGs
[2024-11-12T00:25:32.426+0000] {logging_mixin.py:190} INFO - [2024-11-12T00:25:32.426+0000] {dag.py:4180} INFO - Setting next_dagrun for read_dataset_event to 2024-11-11 00:00:00+00:00, run_after=2024-11-12 00:00:00+00:00
[2024-11-12T00:25:32.430+0000] {logging_mixin.py:190} INFO - [2024-11-12T00:25:32.430+0000] {dag.py:4180} INFO - Setting next_dagrun for read_dataset_event_from_classic to 2024-11-11 00:00:00+00:00, run_after=2024-11-12 00:00:00+00:00
[2024-11-12T00:25:32.447+0000] {processor.py:208} INFO - Processing /home/airflow/.local/lib/python3.12/site-packages/airflow/example_dags/example_inlet_event_extra.py took 0.732 seconds
[2024-11-12T00:26:03.678+0000] {processor.py:186} INFO - Started process (PID=155) to work on /home/airflow/.local/lib/python3.12/site-packages/airflow/example_dags/example_inlet_event_extra.py
[2024-11-12T00:26:03.678+0000] {processor.py:914} INFO - Processing file /home/airflow/.local/lib/python3.12/site-packages/airflow/example_dags/example_inlet_event_extra.py for tasks to queue
[2024-11-12T00:26:03.680+0000] {logging_mixin.py:190} INFO - [2024-11-12T00:26:03.680+0000] {dagbag.py:588} INFO - Filling up the DagBag from /home/airflow/.local/lib/python3.12/site-packages/airflow/example_dags/example_inlet_event_extra.py
[2024-11-12T00:26:04.198+0000] {processor.py:925} INFO - DAG(s) 'read_dataset_event_from_classic', 'read_dataset_event' retrieved from /home/airflow/.local/lib/python3.12/site-packages/airflow/example_dags/example_inlet_event_extra.py
[2024-11-12T00:26:04.217+0000] {logging_mixin.py:190} INFO - [2024-11-12T00:26:04.217+0000] {dag.py:3239} INFO - Sync 2 DAGs
[2024-11-12T00:26:04.238+0000] {logging_mixin.py:190} INFO - [2024-11-12T00:26:04.238+0000] {dag.py:4180} INFO - Setting next_dagrun for read_dataset_event to 2024-11-11 00:00:00+00:00, run_after=2024-11-12 00:00:00+00:00
[2024-11-12T00:26:04.242+0000] {logging_mixin.py:190} INFO - [2024-11-12T00:26:04.242+0000] {dag.py:4180} INFO - Setting next_dagrun for read_dataset_event_from_classic to 2024-11-11 00:00:00+00:00, run_after=2024-11-12 00:00:00+00:00
[2024-11-12T00:26:04.255+0000] {processor.py:208} INFO - Processing /home/airflow/.local/lib/python3.12/site-packages/airflow/example_dags/example_inlet_event_extra.py took 0.582 seconds
[2024-11-12T00:26:35.452+0000] {processor.py:186} INFO - Started process (PID=222) to work on /home/airflow/.local/lib/python3.12/site-packages/airflow/example_dags/example_inlet_event_extra.py
[2024-11-12T00:26:35.452+0000] {processor.py:914} INFO - Processing file /home/airflow/.local/lib/python3.12/site-packages/airflow/example_dags/example_inlet_event_extra.py for tasks to queue
[2024-11-12T00:26:35.454+0000] {logging_mixin.py:190} INFO - [2024-11-12T00:26:35.454+0000] {dagbag.py:588} INFO - Filling up the DagBag from /home/airflow/.local/lib/python3.12/site-packages/airflow/example_dags/example_inlet_event_extra.py
[2024-11-12T00:26:36.055+0000] {processor.py:925} INFO - DAG(s) 'read_dataset_event', 'read_dataset_event_from_classic' retrieved from /home/airflow/.local/lib/python3.12/site-packages/airflow/example_dags/example_inlet_event_extra.py
[2024-11-12T00:26:36.076+0000] {logging_mixin.py:190} INFO - [2024-11-12T00:26:36.076+0000] {dag.py:3239} INFO - Sync 2 DAGs
[2024-11-12T00:26:36.102+0000] {logging_mixin.py:190} INFO - [2024-11-12T00:26:36.102+0000] {dag.py:4180} INFO - Setting next_dagrun for read_dataset_event to 2024-11-11 00:00:00+00:00, run_after=2024-11-12 00:00:00+00:00
[2024-11-12T00:26:36.117+0000] {logging_mixin.py:190} INFO - [2024-11-12T00:26:36.117+0000] {dag.py:4180} INFO - Setting next_dagrun for read_dataset_event_from_classic to 2024-11-11 00:00:00+00:00, run_after=2024-11-12 00:00:00+00:00
[2024-11-12T00:26:36.134+0000] {processor.py:208} INFO - Processing /home/airflow/.local/lib/python3.12/site-packages/airflow/example_dags/example_inlet_event_extra.py took 0.687 seconds
