[2024-11-12T00:25:05.472+0000] {processor.py:186} INFO - Started process (PID=54) to work on /home/airflow/.local/lib/python3.12/site-packages/airflow/example_dags/example_skip_dag.py
[2024-11-12T00:25:05.473+0000] {processor.py:914} INFO - Processing file /home/airflow/.local/lib/python3.12/site-packages/airflow/example_dags/example_skip_dag.py for tasks to queue
[2024-11-12T00:25:05.475+0000] {logging_mixin.py:190} INFO - [2024-11-12T00:25:05.475+0000] {dagbag.py:588} INFO - Filling up the DagBag from /home/airflow/.local/lib/python3.12/site-packages/airflow/example_dags/example_skip_dag.py
[2024-11-12T00:25:05.484+0000] {processor.py:925} INFO - DAG(s) 'example_skip_dag' retrieved from /home/airflow/.local/lib/python3.12/site-packages/airflow/example_dags/example_skip_dag.py
[2024-11-12T00:25:05.505+0000] {logging_mixin.py:190} INFO - [2024-11-12T00:25:05.504+0000] {dag.py:3239} INFO - Sync 1 DAGs
[2024-11-12T00:25:05.542+0000] {logging_mixin.py:190} INFO - [2024-11-12T00:25:05.541+0000] {dag.py:4180} INFO - Setting next_dagrun for example_skip_dag to 2024-11-11 00:00:00+00:00, run_after=2024-11-12 00:00:00+00:00
[2024-11-12T00:25:05.561+0000] {processor.py:208} INFO - Processing /home/airflow/.local/lib/python3.12/site-packages/airflow/example_dags/example_skip_dag.py took 0.094 seconds
[2024-11-12T00:25:29.230+0000] {processor.py:186} INFO - Started process (PID=54) to work on /home/airflow/.local/lib/python3.12/site-packages/airflow/example_dags/example_skip_dag.py
[2024-11-12T00:25:29.231+0000] {processor.py:914} INFO - Processing file /home/airflow/.local/lib/python3.12/site-packages/airflow/example_dags/example_skip_dag.py for tasks to queue
[2024-11-12T00:25:29.233+0000] {logging_mixin.py:190} INFO - [2024-11-12T00:25:29.233+0000] {dagbag.py:588} INFO - Filling up the DagBag from /home/airflow/.local/lib/python3.12/site-packages/airflow/example_dags/example_skip_dag.py
[2024-11-12T00:25:29.240+0000] {processor.py:925} INFO - DAG(s) 'example_skip_dag' retrieved from /home/airflow/.local/lib/python3.12/site-packages/airflow/example_dags/example_skip_dag.py
[2024-11-12T00:25:29.264+0000] {logging_mixin.py:190} INFO - [2024-11-12T00:25:29.264+0000] {dag.py:3239} INFO - Sync 1 DAGs
[2024-11-12T00:25:29.290+0000] {logging_mixin.py:190} INFO - [2024-11-12T00:25:29.290+0000] {dag.py:4180} INFO - Setting next_dagrun for example_skip_dag to 2024-11-11 00:00:00+00:00, run_after=2024-11-12 00:00:00+00:00
[2024-11-12T00:25:29.309+0000] {processor.py:208} INFO - Processing /home/airflow/.local/lib/python3.12/site-packages/airflow/example_dags/example_skip_dag.py took 0.083 seconds
[2024-11-12T00:25:59.534+0000] {processor.py:186} INFO - Started process (PID=117) to work on /home/airflow/.local/lib/python3.12/site-packages/airflow/example_dags/example_skip_dag.py
[2024-11-12T00:25:59.535+0000] {processor.py:914} INFO - Processing file /home/airflow/.local/lib/python3.12/site-packages/airflow/example_dags/example_skip_dag.py for tasks to queue
[2024-11-12T00:25:59.537+0000] {logging_mixin.py:190} INFO - [2024-11-12T00:25:59.536+0000] {dagbag.py:588} INFO - Filling up the DagBag from /home/airflow/.local/lib/python3.12/site-packages/airflow/example_dags/example_skip_dag.py
[2024-11-12T00:25:59.544+0000] {processor.py:925} INFO - DAG(s) 'example_skip_dag' retrieved from /home/airflow/.local/lib/python3.12/site-packages/airflow/example_dags/example_skip_dag.py
[2024-11-12T00:25:59.562+0000] {logging_mixin.py:190} INFO - [2024-11-12T00:25:59.562+0000] {dag.py:3239} INFO - Sync 1 DAGs
[2024-11-12T00:25:59.582+0000] {logging_mixin.py:190} INFO - [2024-11-12T00:25:59.582+0000] {dag.py:4180} INFO - Setting next_dagrun for example_skip_dag to 2024-11-11 00:00:00+00:00, run_after=2024-11-12 00:00:00+00:00
[2024-11-12T00:25:59.595+0000] {processor.py:208} INFO - Processing /home/airflow/.local/lib/python3.12/site-packages/airflow/example_dags/example_skip_dag.py took 0.066 seconds
[2024-11-12T00:26:30.281+0000] {processor.py:186} INFO - Started process (PID=180) to work on /home/airflow/.local/lib/python3.12/site-packages/airflow/example_dags/example_skip_dag.py
[2024-11-12T00:26:30.282+0000] {processor.py:914} INFO - Processing file /home/airflow/.local/lib/python3.12/site-packages/airflow/example_dags/example_skip_dag.py for tasks to queue
[2024-11-12T00:26:30.284+0000] {logging_mixin.py:190} INFO - [2024-11-12T00:26:30.284+0000] {dagbag.py:588} INFO - Filling up the DagBag from /home/airflow/.local/lib/python3.12/site-packages/airflow/example_dags/example_skip_dag.py
[2024-11-12T00:26:30.292+0000] {processor.py:925} INFO - DAG(s) 'example_skip_dag' retrieved from /home/airflow/.local/lib/python3.12/site-packages/airflow/example_dags/example_skip_dag.py
[2024-11-12T00:26:30.311+0000] {logging_mixin.py:190} INFO - [2024-11-12T00:26:30.311+0000] {dag.py:3239} INFO - Sync 1 DAGs
[2024-11-12T00:26:30.331+0000] {logging_mixin.py:190} INFO - [2024-11-12T00:26:30.330+0000] {dag.py:4180} INFO - Setting next_dagrun for example_skip_dag to 2024-11-11 00:00:00+00:00, run_after=2024-11-12 00:00:00+00:00
[2024-11-12T00:26:30.347+0000] {processor.py:208} INFO - Processing /home/airflow/.local/lib/python3.12/site-packages/airflow/example_dags/example_skip_dag.py took 0.071 seconds
