[2024-11-12T00:25:06.346+0000] {processor.py:186} INFO - Started process (PID=64) to work on /home/airflow/.local/lib/python3.12/site-packages/airflow/example_dags/example_branch_labels.py
[2024-11-12T00:25:06.347+0000] {processor.py:914} INFO - Processing file /home/airflow/.local/lib/python3.12/site-packages/airflow/example_dags/example_branch_labels.py for tasks to queue
[2024-11-12T00:25:06.349+0000] {logging_mixin.py:190} INFO - [2024-11-12T00:25:06.349+0000] {dagbag.py:588} INFO - Filling up the DagBag from /home/airflow/.local/lib/python3.12/site-packages/airflow/example_dags/example_branch_labels.py
[2024-11-12T00:25:06.358+0000] {processor.py:925} INFO - DAG(s) 'example_branch_labels' retrieved from /home/airflow/.local/lib/python3.12/site-packages/airflow/example_dags/example_branch_labels.py
[2024-11-12T00:25:06.377+0000] {logging_mixin.py:190} INFO - [2024-11-12T00:25:06.377+0000] {dag.py:3239} INFO - Sync 1 DAGs
[2024-11-12T00:25:06.400+0000] {logging_mixin.py:190} INFO - [2024-11-12T00:25:06.399+0000] {dag.py:4180} INFO - Setting next_dagrun for example_branch_labels to 2024-11-11 00:00:00+00:00, run_after=2024-11-12 00:00:00+00:00
[2024-11-12T00:25:06.415+0000] {processor.py:208} INFO - Processing /home/airflow/.local/lib/python3.12/site-packages/airflow/example_dags/example_branch_labels.py took 0.074 seconds
[2024-11-12T00:25:30.054+0000] {processor.py:186} INFO - Started process (PID=64) to work on /home/airflow/.local/lib/python3.12/site-packages/airflow/example_dags/example_branch_labels.py
[2024-11-12T00:25:30.055+0000] {processor.py:914} INFO - Processing file /home/airflow/.local/lib/python3.12/site-packages/airflow/example_dags/example_branch_labels.py for tasks to queue
[2024-11-12T00:25:30.057+0000] {logging_mixin.py:190} INFO - [2024-11-12T00:25:30.057+0000] {dagbag.py:588} INFO - Filling up the DagBag from /home/airflow/.local/lib/python3.12/site-packages/airflow/example_dags/example_branch_labels.py
[2024-11-12T00:25:30.065+0000] {processor.py:925} INFO - DAG(s) 'example_branch_labels' retrieved from /home/airflow/.local/lib/python3.12/site-packages/airflow/example_dags/example_branch_labels.py
[2024-11-12T00:25:30.084+0000] {logging_mixin.py:190} INFO - [2024-11-12T00:25:30.084+0000] {dag.py:3239} INFO - Sync 1 DAGs
[2024-11-12T00:25:30.104+0000] {logging_mixin.py:190} INFO - [2024-11-12T00:25:30.104+0000] {dag.py:4180} INFO - Setting next_dagrun for example_branch_labels to 2024-11-11 00:00:00+00:00, run_after=2024-11-12 00:00:00+00:00
[2024-11-12T00:25:30.119+0000] {processor.py:208} INFO - Processing /home/airflow/.local/lib/python3.12/site-packages/airflow/example_dags/example_branch_labels.py took 0.069 seconds
[2024-11-12T00:26:00.500+0000] {processor.py:186} INFO - Started process (PID=128) to work on /home/airflow/.local/lib/python3.12/site-packages/airflow/example_dags/example_branch_labels.py
[2024-11-12T00:26:00.501+0000] {processor.py:914} INFO - Processing file /home/airflow/.local/lib/python3.12/site-packages/airflow/example_dags/example_branch_labels.py for tasks to queue
[2024-11-12T00:26:00.503+0000] {logging_mixin.py:190} INFO - [2024-11-12T00:26:00.503+0000] {dagbag.py:588} INFO - Filling up the DagBag from /home/airflow/.local/lib/python3.12/site-packages/airflow/example_dags/example_branch_labels.py
[2024-11-12T00:26:00.512+0000] {processor.py:925} INFO - DAG(s) 'example_branch_labels' retrieved from /home/airflow/.local/lib/python3.12/site-packages/airflow/example_dags/example_branch_labels.py
[2024-11-12T00:26:00.530+0000] {logging_mixin.py:190} INFO - [2024-11-12T00:26:00.530+0000] {dag.py:3239} INFO - Sync 1 DAGs
[2024-11-12T00:26:00.551+0000] {logging_mixin.py:190} INFO - [2024-11-12T00:26:00.551+0000] {dag.py:4180} INFO - Setting next_dagrun for example_branch_labels to 2024-11-11 00:00:00+00:00, run_after=2024-11-12 00:00:00+00:00
[2024-11-12T00:26:00.565+0000] {processor.py:208} INFO - Processing /home/airflow/.local/lib/python3.12/site-packages/airflow/example_dags/example_branch_labels.py took 0.070 seconds
[2024-11-12T00:26:31.010+0000] {processor.py:186} INFO - Started process (PID=192) to work on /home/airflow/.local/lib/python3.12/site-packages/airflow/example_dags/example_branch_labels.py
[2024-11-12T00:26:31.010+0000] {processor.py:914} INFO - Processing file /home/airflow/.local/lib/python3.12/site-packages/airflow/example_dags/example_branch_labels.py for tasks to queue
[2024-11-12T00:26:31.012+0000] {logging_mixin.py:190} INFO - [2024-11-12T00:26:31.012+0000] {dagbag.py:588} INFO - Filling up the DagBag from /home/airflow/.local/lib/python3.12/site-packages/airflow/example_dags/example_branch_labels.py
[2024-11-12T00:26:31.020+0000] {processor.py:925} INFO - DAG(s) 'example_branch_labels' retrieved from /home/airflow/.local/lib/python3.12/site-packages/airflow/example_dags/example_branch_labels.py
[2024-11-12T00:26:31.037+0000] {logging_mixin.py:190} INFO - [2024-11-12T00:26:31.037+0000] {dag.py:3239} INFO - Sync 1 DAGs
[2024-11-12T00:26:31.057+0000] {logging_mixin.py:190} INFO - [2024-11-12T00:26:31.057+0000] {dag.py:4180} INFO - Setting next_dagrun for example_branch_labels to 2024-11-11 00:00:00+00:00, run_after=2024-11-12 00:00:00+00:00
[2024-11-12T00:26:31.071+0000] {processor.py:208} INFO - Processing /home/airflow/.local/lib/python3.12/site-packages/airflow/example_dags/example_branch_labels.py took 0.066 seconds
