[2024-11-12T00:25:07.130+0000] {processor.py:186} INFO - Started process (PID=82) to work on /home/airflow/.local/lib/python3.12/site-packages/airflow/example_dags/example_xcomargs.py
[2024-11-12T00:25:07.130+0000] {processor.py:914} INFO - Processing file /home/airflow/.local/lib/python3.12/site-packages/airflow/example_dags/example_xcomargs.py for tasks to queue
[2024-11-12T00:25:07.133+0000] {logging_mixin.py:190} INFO - [2024-11-12T00:25:07.132+0000] {dagbag.py:588} INFO - Filling up the DagBag from /home/airflow/.local/lib/python3.12/site-packages/airflow/example_dags/example_xcomargs.py
[2024-11-12T00:25:07.142+0000] {processor.py:925} INFO - DAG(s) 'example_xcom_args_with_operators', 'example_xcom_args' retrieved from /home/airflow/.local/lib/python3.12/site-packages/airflow/example_dags/example_xcomargs.py
[2024-11-12T00:25:07.165+0000] {logging_mixin.py:190} INFO - [2024-11-12T00:25:07.165+0000] {dag.py:3239} INFO - Sync 2 DAGs
[2024-11-12T00:25:07.179+0000] {logging_mixin.py:190} INFO - [2024-11-12T00:25:07.179+0000] {dag.py:4180} INFO - Setting next_dagrun for example_xcom_args to None, run_after=None
[2024-11-12T00:25:07.183+0000] {logging_mixin.py:190} INFO - [2024-11-12T00:25:07.183+0000] {dag.py:4180} INFO - Setting next_dagrun for example_xcom_args_with_operators to None, run_after=None
[2024-11-12T00:25:07.198+0000] {processor.py:208} INFO - Processing /home/airflow/.local/lib/python3.12/site-packages/airflow/example_dags/example_xcomargs.py took 0.073 seconds
[2024-11-12T00:25:30.625+0000] {processor.py:186} INFO - Started process (PID=76) to work on /home/airflow/.local/lib/python3.12/site-packages/airflow/example_dags/example_xcomargs.py
[2024-11-12T00:25:30.626+0000] {processor.py:914} INFO - Processing file /home/airflow/.local/lib/python3.12/site-packages/airflow/example_dags/example_xcomargs.py for tasks to queue
[2024-11-12T00:25:30.628+0000] {logging_mixin.py:190} INFO - [2024-11-12T00:25:30.628+0000] {dagbag.py:588} INFO - Filling up the DagBag from /home/airflow/.local/lib/python3.12/site-packages/airflow/example_dags/example_xcomargs.py
[2024-11-12T00:25:30.636+0000] {processor.py:925} INFO - DAG(s) 'example_xcom_args_with_operators', 'example_xcom_args' retrieved from /home/airflow/.local/lib/python3.12/site-packages/airflow/example_dags/example_xcomargs.py
[2024-11-12T00:25:30.657+0000] {logging_mixin.py:190} INFO - [2024-11-12T00:25:30.657+0000] {dag.py:3239} INFO - Sync 2 DAGs
[2024-11-12T00:25:30.670+0000] {logging_mixin.py:190} INFO - [2024-11-12T00:25:30.670+0000] {dag.py:4180} INFO - Setting next_dagrun for example_xcom_args to None, run_after=None
[2024-11-12T00:25:30.673+0000] {logging_mixin.py:190} INFO - [2024-11-12T00:25:30.673+0000] {dag.py:4180} INFO - Setting next_dagrun for example_xcom_args_with_operators to None, run_after=None
[2024-11-12T00:25:30.686+0000] {processor.py:208} INFO - Processing /home/airflow/.local/lib/python3.12/site-packages/airflow/example_dags/example_xcomargs.py took 0.066 seconds
[2024-11-12T00:26:01.214+0000] {processor.py:186} INFO - Started process (PID=140) to work on /home/airflow/.local/lib/python3.12/site-packages/airflow/example_dags/example_xcomargs.py
[2024-11-12T00:26:01.215+0000] {processor.py:914} INFO - Processing file /home/airflow/.local/lib/python3.12/site-packages/airflow/example_dags/example_xcomargs.py for tasks to queue
[2024-11-12T00:26:01.217+0000] {logging_mixin.py:190} INFO - [2024-11-12T00:26:01.217+0000] {dagbag.py:588} INFO - Filling up the DagBag from /home/airflow/.local/lib/python3.12/site-packages/airflow/example_dags/example_xcomargs.py
[2024-11-12T00:26:01.226+0000] {processor.py:925} INFO - DAG(s) 'example_xcom_args_with_operators', 'example_xcom_args' retrieved from /home/airflow/.local/lib/python3.12/site-packages/airflow/example_dags/example_xcomargs.py
[2024-11-12T00:26:01.244+0000] {logging_mixin.py:190} INFO - [2024-11-12T00:26:01.244+0000] {dag.py:3239} INFO - Sync 2 DAGs
[2024-11-12T00:26:01.257+0000] {logging_mixin.py:190} INFO - [2024-11-12T00:26:01.257+0000] {dag.py:4180} INFO - Setting next_dagrun for example_xcom_args to None, run_after=None
[2024-11-12T00:26:01.260+0000] {logging_mixin.py:190} INFO - [2024-11-12T00:26:01.260+0000] {dag.py:4180} INFO - Setting next_dagrun for example_xcom_args_with_operators to None, run_after=None
[2024-11-12T00:26:01.273+0000] {processor.py:208} INFO - Processing /home/airflow/.local/lib/python3.12/site-packages/airflow/example_dags/example_xcomargs.py took 0.063 seconds
[2024-11-12T00:26:31.862+0000] {processor.py:186} INFO - Started process (PID=204) to work on /home/airflow/.local/lib/python3.12/site-packages/airflow/example_dags/example_xcomargs.py
[2024-11-12T00:26:31.862+0000] {processor.py:914} INFO - Processing file /home/airflow/.local/lib/python3.12/site-packages/airflow/example_dags/example_xcomargs.py for tasks to queue
[2024-11-12T00:26:31.865+0000] {logging_mixin.py:190} INFO - [2024-11-12T00:26:31.864+0000] {dagbag.py:588} INFO - Filling up the DagBag from /home/airflow/.local/lib/python3.12/site-packages/airflow/example_dags/example_xcomargs.py
[2024-11-12T00:26:31.875+0000] {processor.py:925} INFO - DAG(s) 'example_xcom_args_with_operators', 'example_xcom_args' retrieved from /home/airflow/.local/lib/python3.12/site-packages/airflow/example_dags/example_xcomargs.py
[2024-11-12T00:26:31.896+0000] {logging_mixin.py:190} INFO - [2024-11-12T00:26:31.896+0000] {dag.py:3239} INFO - Sync 2 DAGs
[2024-11-12T00:26:31.908+0000] {logging_mixin.py:190} INFO - [2024-11-12T00:26:31.908+0000] {dag.py:4180} INFO - Setting next_dagrun for example_xcom_args to None, run_after=None
[2024-11-12T00:26:31.912+0000] {logging_mixin.py:190} INFO - [2024-11-12T00:26:31.912+0000] {dag.py:4180} INFO - Setting next_dagrun for example_xcom_args_with_operators to None, run_after=None
[2024-11-12T00:26:31.927+0000] {processor.py:208} INFO - Processing /home/airflow/.local/lib/python3.12/site-packages/airflow/example_dags/example_xcomargs.py took 0.070 seconds
