[2024-11-12T00:25:07.163+0000] {processor.py:186} INFO - Started process (PID=83) to work on /home/airflow/.local/lib/python3.12/site-packages/airflow/example_dags/example_display_name.py
[2024-11-12T00:25:07.163+0000] {processor.py:914} INFO - Processing file /home/airflow/.local/lib/python3.12/site-packages/airflow/example_dags/example_display_name.py for tasks to queue
[2024-11-12T00:25:07.166+0000] {logging_mixin.py:190} INFO - [2024-11-12T00:25:07.165+0000] {dagbag.py:588} INFO - Filling up the DagBag from /home/airflow/.local/lib/python3.12/site-packages/airflow/example_dags/example_display_name.py
[2024-11-12T00:25:07.173+0000] {processor.py:925} INFO - DAG(s) 'example_display_name' retrieved from /home/airflow/.local/lib/python3.12/site-packages/airflow/example_dags/example_display_name.py
[2024-11-12T00:25:07.193+0000] {logging_mixin.py:190} INFO - [2024-11-12T00:25:07.193+0000] {dag.py:3239} INFO - Sync 1 DAGs
[2024-11-12T00:25:07.206+0000] {logging_mixin.py:190} INFO - [2024-11-12T00:25:07.206+0000] {dag.py:4180} INFO - Setting next_dagrun for example_display_name to None, run_after=None
[2024-11-12T00:25:07.224+0000] {processor.py:208} INFO - Processing /home/airflow/.local/lib/python3.12/site-packages/airflow/example_dags/example_display_name.py took 0.066 seconds
[2024-11-12T00:25:30.698+0000] {processor.py:186} INFO - Started process (PID=77) to work on /home/airflow/.local/lib/python3.12/site-packages/airflow/example_dags/example_display_name.py
[2024-11-12T00:25:30.699+0000] {processor.py:914} INFO - Processing file /home/airflow/.local/lib/python3.12/site-packages/airflow/example_dags/example_display_name.py for tasks to queue
[2024-11-12T00:25:30.701+0000] {logging_mixin.py:190} INFO - [2024-11-12T00:25:30.701+0000] {dagbag.py:588} INFO - Filling up the DagBag from /home/airflow/.local/lib/python3.12/site-packages/airflow/example_dags/example_display_name.py
[2024-11-12T00:25:30.707+0000] {processor.py:925} INFO - DAG(s) 'example_display_name' retrieved from /home/airflow/.local/lib/python3.12/site-packages/airflow/example_dags/example_display_name.py
[2024-11-12T00:25:30.724+0000] {logging_mixin.py:190} INFO - [2024-11-12T00:25:30.724+0000] {dag.py:3239} INFO - Sync 1 DAGs
[2024-11-12T00:25:30.736+0000] {logging_mixin.py:190} INFO - [2024-11-12T00:25:30.736+0000] {dag.py:4180} INFO - Setting next_dagrun for example_display_name to None, run_after=None
[2024-11-12T00:25:30.751+0000] {processor.py:208} INFO - Processing /home/airflow/.local/lib/python3.12/site-packages/airflow/example_dags/example_display_name.py took 0.057 seconds
[2024-11-12T00:26:01.302+0000] {processor.py:186} INFO - Started process (PID=141) to work on /home/airflow/.local/lib/python3.12/site-packages/airflow/example_dags/example_display_name.py
[2024-11-12T00:26:01.302+0000] {processor.py:914} INFO - Processing file /home/airflow/.local/lib/python3.12/site-packages/airflow/example_dags/example_display_name.py for tasks to queue
[2024-11-12T00:26:01.304+0000] {logging_mixin.py:190} INFO - [2024-11-12T00:26:01.304+0000] {dagbag.py:588} INFO - Filling up the DagBag from /home/airflow/.local/lib/python3.12/site-packages/airflow/example_dags/example_display_name.py
[2024-11-12T00:26:01.311+0000] {processor.py:925} INFO - DAG(s) 'example_display_name' retrieved from /home/airflow/.local/lib/python3.12/site-packages/airflow/example_dags/example_display_name.py
[2024-11-12T00:26:01.326+0000] {logging_mixin.py:190} INFO - [2024-11-12T00:26:01.326+0000] {dag.py:3239} INFO - Sync 1 DAGs
[2024-11-12T00:26:01.339+0000] {logging_mixin.py:190} INFO - [2024-11-12T00:26:01.339+0000] {dag.py:4180} INFO - Setting next_dagrun for example_display_name to None, run_after=None
[2024-11-12T00:26:01.353+0000] {processor.py:208} INFO - Processing /home/airflow/.local/lib/python3.12/site-packages/airflow/example_dags/example_display_name.py took 0.056 seconds
[2024-11-12T00:26:31.943+0000] {processor.py:186} INFO - Started process (PID=205) to work on /home/airflow/.local/lib/python3.12/site-packages/airflow/example_dags/example_display_name.py
[2024-11-12T00:26:31.944+0000] {processor.py:914} INFO - Processing file /home/airflow/.local/lib/python3.12/site-packages/airflow/example_dags/example_display_name.py for tasks to queue
[2024-11-12T00:26:31.946+0000] {logging_mixin.py:190} INFO - [2024-11-12T00:26:31.946+0000] {dagbag.py:588} INFO - Filling up the DagBag from /home/airflow/.local/lib/python3.12/site-packages/airflow/example_dags/example_display_name.py
[2024-11-12T00:26:31.953+0000] {processor.py:925} INFO - DAG(s) 'example_display_name' retrieved from /home/airflow/.local/lib/python3.12/site-packages/airflow/example_dags/example_display_name.py
[2024-11-12T00:26:31.969+0000] {logging_mixin.py:190} INFO - [2024-11-12T00:26:31.969+0000] {dag.py:3239} INFO - Sync 1 DAGs
[2024-11-12T00:26:31.981+0000] {logging_mixin.py:190} INFO - [2024-11-12T00:26:31.981+0000] {dag.py:4180} INFO - Setting next_dagrun for example_display_name to None, run_after=None
[2024-11-12T00:26:31.997+0000] {processor.py:208} INFO - Processing /home/airflow/.local/lib/python3.12/site-packages/airflow/example_dags/example_display_name.py took 0.059 seconds
