[2024-11-12T00:25:05.125+0000] {processor.py:186} INFO - Started process (PID=52) to work on /home/airflow/.local/lib/python3.12/site-packages/airflow/example_dags/example_sensors.py
[2024-11-12T00:25:05.126+0000] {processor.py:914} INFO - Processing file /home/airflow/.local/lib/python3.12/site-packages/airflow/example_dags/example_sensors.py for tasks to queue
[2024-11-12T00:25:05.128+0000] {logging_mixin.py:190} INFO - [2024-11-12T00:25:05.128+0000] {dagbag.py:588} INFO - Filling up the DagBag from /home/airflow/.local/lib/python3.12/site-packages/airflow/example_dags/example_sensors.py
[2024-11-12T00:25:05.137+0000] {processor.py:925} INFO - DAG(s) 'example_sensors' retrieved from /home/airflow/.local/lib/python3.12/site-packages/airflow/example_dags/example_sensors.py
[2024-11-12T00:25:05.162+0000] {logging_mixin.py:190} INFO - [2024-11-12T00:25:05.162+0000] {dag.py:3239} INFO - Sync 1 DAGs
[2024-11-12T00:25:05.175+0000] {logging_mixin.py:190} INFO - [2024-11-12T00:25:05.175+0000] {dag.py:4180} INFO - Setting next_dagrun for example_sensors to None, run_after=None
[2024-11-12T00:25:05.191+0000] {processor.py:208} INFO - Processing /home/airflow/.local/lib/python3.12/site-packages/airflow/example_dags/example_sensors.py took 0.071 seconds
[2024-11-12T00:25:29.032+0000] {processor.py:186} INFO - Started process (PID=52) to work on /home/airflow/.local/lib/python3.12/site-packages/airflow/example_dags/example_sensors.py
[2024-11-12T00:25:29.032+0000] {processor.py:914} INFO - Processing file /home/airflow/.local/lib/python3.12/site-packages/airflow/example_dags/example_sensors.py for tasks to queue
[2024-11-12T00:25:29.034+0000] {logging_mixin.py:190} INFO - [2024-11-12T00:25:29.034+0000] {dagbag.py:588} INFO - Filling up the DagBag from /home/airflow/.local/lib/python3.12/site-packages/airflow/example_dags/example_sensors.py
[2024-11-12T00:25:29.044+0000] {processor.py:925} INFO - DAG(s) 'example_sensors' retrieved from /home/airflow/.local/lib/python3.12/site-packages/airflow/example_dags/example_sensors.py
[2024-11-12T00:25:29.067+0000] {logging_mixin.py:190} INFO - [2024-11-12T00:25:29.067+0000] {dag.py:3239} INFO - Sync 1 DAGs
[2024-11-12T00:25:29.080+0000] {logging_mixin.py:190} INFO - [2024-11-12T00:25:29.080+0000] {dag.py:4180} INFO - Setting next_dagrun for example_sensors to None, run_after=None
[2024-11-12T00:25:29.096+0000] {processor.py:208} INFO - Processing /home/airflow/.local/lib/python3.12/site-packages/airflow/example_dags/example_sensors.py took 0.069 seconds
[2024-11-12T00:25:59.431+0000] {processor.py:186} INFO - Started process (PID=115) to work on /home/airflow/.local/lib/python3.12/site-packages/airflow/example_dags/example_sensors.py
[2024-11-12T00:25:59.432+0000] {processor.py:914} INFO - Processing file /home/airflow/.local/lib/python3.12/site-packages/airflow/example_dags/example_sensors.py for tasks to queue
[2024-11-12T00:25:59.434+0000] {logging_mixin.py:190} INFO - [2024-11-12T00:25:59.433+0000] {dagbag.py:588} INFO - Filling up the DagBag from /home/airflow/.local/lib/python3.12/site-packages/airflow/example_dags/example_sensors.py
[2024-11-12T00:25:59.443+0000] {processor.py:925} INFO - DAG(s) 'example_sensors' retrieved from /home/airflow/.local/lib/python3.12/site-packages/airflow/example_dags/example_sensors.py
[2024-11-12T00:25:59.463+0000] {logging_mixin.py:190} INFO - [2024-11-12T00:25:59.463+0000] {dag.py:3239} INFO - Sync 1 DAGs
[2024-11-12T00:25:59.475+0000] {logging_mixin.py:190} INFO - [2024-11-12T00:25:59.475+0000] {dag.py:4180} INFO - Setting next_dagrun for example_sensors to None, run_after=None
[2024-11-12T00:25:59.489+0000] {processor.py:208} INFO - Processing /home/airflow/.local/lib/python3.12/site-packages/airflow/example_dags/example_sensors.py took 0.063 seconds
[2024-11-12T00:26:30.271+0000] {processor.py:186} INFO - Started process (PID=179) to work on /home/airflow/.local/lib/python3.12/site-packages/airflow/example_dags/example_sensors.py
[2024-11-12T00:26:30.272+0000] {processor.py:914} INFO - Processing file /home/airflow/.local/lib/python3.12/site-packages/airflow/example_dags/example_sensors.py for tasks to queue
[2024-11-12T00:26:30.273+0000] {logging_mixin.py:190} INFO - [2024-11-12T00:26:30.273+0000] {dagbag.py:588} INFO - Filling up the DagBag from /home/airflow/.local/lib/python3.12/site-packages/airflow/example_dags/example_sensors.py
[2024-11-12T00:26:30.282+0000] {processor.py:925} INFO - DAG(s) 'example_sensors' retrieved from /home/airflow/.local/lib/python3.12/site-packages/airflow/example_dags/example_sensors.py
[2024-11-12T00:26:30.304+0000] {logging_mixin.py:190} INFO - [2024-11-12T00:26:30.304+0000] {dag.py:3239} INFO - Sync 1 DAGs
[2024-11-12T00:26:30.315+0000] {logging_mixin.py:190} INFO - [2024-11-12T00:26:30.315+0000] {dag.py:4180} INFO - Setting next_dagrun for example_sensors to None, run_after=None
[2024-11-12T00:26:30.331+0000] {processor.py:208} INFO - Processing /home/airflow/.local/lib/python3.12/site-packages/airflow/example_dags/example_sensors.py took 0.065 seconds
