[2024-11-12T00:25:06.321+0000] {processor.py:186} INFO - Started process (PID=63) to work on /home/airflow/.local/lib/python3.12/site-packages/airflow/example_dags/example_branch_day_of_week_operator.py
[2024-11-12T00:25:06.322+0000] {processor.py:914} INFO - Processing file /home/airflow/.local/lib/python3.12/site-packages/airflow/example_dags/example_branch_day_of_week_operator.py for tasks to queue
[2024-11-12T00:25:06.324+0000] {logging_mixin.py:190} INFO - [2024-11-12T00:25:06.324+0000] {dagbag.py:588} INFO - Filling up the DagBag from /home/airflow/.local/lib/python3.12/site-packages/airflow/example_dags/example_branch_day_of_week_operator.py
[2024-11-12T00:25:06.333+0000] {processor.py:925} INFO - DAG(s) 'example_weekday_branch_operator' retrieved from /home/airflow/.local/lib/python3.12/site-packages/airflow/example_dags/example_branch_day_of_week_operator.py
[2024-11-12T00:25:06.352+0000] {logging_mixin.py:190} INFO - [2024-11-12T00:25:06.351+0000] {dag.py:3239} INFO - Sync 1 DAGs
[2024-11-12T00:25:06.377+0000] {logging_mixin.py:190} INFO - [2024-11-12T00:25:06.377+0000] {dag.py:4180} INFO - Setting next_dagrun for example_weekday_branch_operator to 2024-11-11 00:00:00+00:00, run_after=2024-11-12 00:00:00+00:00
[2024-11-12T00:25:06.394+0000] {processor.py:208} INFO - Processing /home/airflow/.local/lib/python3.12/site-packages/airflow/example_dags/example_branch_day_of_week_operator.py took 0.078 seconds
[2024-11-12T00:25:30.030+0000] {processor.py:186} INFO - Started process (PID=63) to work on /home/airflow/.local/lib/python3.12/site-packages/airflow/example_dags/example_branch_day_of_week_operator.py
[2024-11-12T00:25:30.031+0000] {processor.py:914} INFO - Processing file /home/airflow/.local/lib/python3.12/site-packages/airflow/example_dags/example_branch_day_of_week_operator.py for tasks to queue
[2024-11-12T00:25:30.033+0000] {logging_mixin.py:190} INFO - [2024-11-12T00:25:30.033+0000] {dagbag.py:588} INFO - Filling up the DagBag from /home/airflow/.local/lib/python3.12/site-packages/airflow/example_dags/example_branch_day_of_week_operator.py
[2024-11-12T00:25:30.042+0000] {processor.py:925} INFO - DAG(s) 'example_weekday_branch_operator' retrieved from /home/airflow/.local/lib/python3.12/site-packages/airflow/example_dags/example_branch_day_of_week_operator.py
[2024-11-12T00:25:30.060+0000] {logging_mixin.py:190} INFO - [2024-11-12T00:25:30.060+0000] {dag.py:3239} INFO - Sync 1 DAGs
[2024-11-12T00:25:30.081+0000] {logging_mixin.py:190} INFO - [2024-11-12T00:25:30.081+0000] {dag.py:4180} INFO - Setting next_dagrun for example_weekday_branch_operator to 2024-11-11 00:00:00+00:00, run_after=2024-11-12 00:00:00+00:00
[2024-11-12T00:25:30.095+0000] {processor.py:208} INFO - Processing /home/airflow/.local/lib/python3.12/site-packages/airflow/example_dags/example_branch_day_of_week_operator.py took 0.069 seconds
[2024-11-12T00:26:00.396+0000] {processor.py:186} INFO - Started process (PID=127) to work on /home/airflow/.local/lib/python3.12/site-packages/airflow/example_dags/example_branch_day_of_week_operator.py
[2024-11-12T00:26:00.397+0000] {processor.py:914} INFO - Processing file /home/airflow/.local/lib/python3.12/site-packages/airflow/example_dags/example_branch_day_of_week_operator.py for tasks to queue
[2024-11-12T00:26:00.400+0000] {logging_mixin.py:190} INFO - [2024-11-12T00:26:00.400+0000] {dagbag.py:588} INFO - Filling up the DagBag from /home/airflow/.local/lib/python3.12/site-packages/airflow/example_dags/example_branch_day_of_week_operator.py
[2024-11-12T00:26:00.415+0000] {processor.py:925} INFO - DAG(s) 'example_weekday_branch_operator' retrieved from /home/airflow/.local/lib/python3.12/site-packages/airflow/example_dags/example_branch_day_of_week_operator.py
[2024-11-12T00:26:00.434+0000] {logging_mixin.py:190} INFO - [2024-11-12T00:26:00.434+0000] {dag.py:3239} INFO - Sync 1 DAGs
[2024-11-12T00:26:00.456+0000] {logging_mixin.py:190} INFO - [2024-11-12T00:26:00.455+0000] {dag.py:4180} INFO - Setting next_dagrun for example_weekday_branch_operator to 2024-11-11 00:00:00+00:00, run_after=2024-11-12 00:00:00+00:00
[2024-11-12T00:26:00.470+0000] {processor.py:208} INFO - Processing /home/airflow/.local/lib/python3.12/site-packages/airflow/example_dags/example_branch_day_of_week_operator.py took 0.082 seconds
[2024-11-12T00:26:30.919+0000] {processor.py:186} INFO - Started process (PID=191) to work on /home/airflow/.local/lib/python3.12/site-packages/airflow/example_dags/example_branch_day_of_week_operator.py
[2024-11-12T00:26:30.919+0000] {processor.py:914} INFO - Processing file /home/airflow/.local/lib/python3.12/site-packages/airflow/example_dags/example_branch_day_of_week_operator.py for tasks to queue
[2024-11-12T00:26:30.921+0000] {logging_mixin.py:190} INFO - [2024-11-12T00:26:30.921+0000] {dagbag.py:588} INFO - Filling up the DagBag from /home/airflow/.local/lib/python3.12/site-packages/airflow/example_dags/example_branch_day_of_week_operator.py
[2024-11-12T00:26:30.929+0000] {processor.py:925} INFO - DAG(s) 'example_weekday_branch_operator' retrieved from /home/airflow/.local/lib/python3.12/site-packages/airflow/example_dags/example_branch_day_of_week_operator.py
[2024-11-12T00:26:30.946+0000] {logging_mixin.py:190} INFO - [2024-11-12T00:26:30.945+0000] {dag.py:3239} INFO - Sync 1 DAGs
[2024-11-12T00:26:30.966+0000] {logging_mixin.py:190} INFO - [2024-11-12T00:26:30.966+0000] {dag.py:4180} INFO - Setting next_dagrun for example_weekday_branch_operator to 2024-11-11 00:00:00+00:00, run_after=2024-11-12 00:00:00+00:00
[2024-11-12T00:26:30.980+0000] {processor.py:208} INFO - Processing /home/airflow/.local/lib/python3.12/site-packages/airflow/example_dags/example_branch_day_of_week_operator.py took 0.067 seconds
