[2024-11-12T00:25:04.878+0000] {processor.py:186} INFO - Started process (PID=48) to work on /home/airflow/.local/lib/python3.12/site-packages/airflow/example_dags/example_latest_only.py
[2024-11-12T00:25:04.879+0000] {processor.py:914} INFO - Processing file /home/airflow/.local/lib/python3.12/site-packages/airflow/example_dags/example_latest_only.py for tasks to queue
[2024-11-12T00:25:04.881+0000] {logging_mixin.py:190} INFO - [2024-11-12T00:25:04.881+0000] {dagbag.py:588} INFO - Filling up the DagBag from /home/airflow/.local/lib/python3.12/site-packages/airflow/example_dags/example_latest_only.py
[2024-11-12T00:25:04.889+0000] {processor.py:925} INFO - DAG(s) 'latest_only' retrieved from /home/airflow/.local/lib/python3.12/site-packages/airflow/example_dags/example_latest_only.py
[2024-11-12T00:25:04.907+0000] {logging_mixin.py:190} INFO - [2024-11-12T00:25:04.907+0000] {dag.py:3239} INFO - Sync 1 DAGs
[2024-11-12T00:25:04.931+0000] {logging_mixin.py:190} INFO - [2024-11-12T00:25:04.931+0000] {dag.py:4180} INFO - Setting next_dagrun for latest_only to 2024-11-11 20:00:00+00:00, run_after=2024-11-12 00:00:00+00:00
[2024-11-12T00:25:04.950+0000] {processor.py:208} INFO - Processing /home/airflow/.local/lib/python3.12/site-packages/airflow/example_dags/example_latest_only.py took 0.077 seconds
[2024-11-12T00:25:28.813+0000] {processor.py:186} INFO - Started process (PID=48) to work on /home/airflow/.local/lib/python3.12/site-packages/airflow/example_dags/example_latest_only.py
[2024-11-12T00:25:28.814+0000] {processor.py:914} INFO - Processing file /home/airflow/.local/lib/python3.12/site-packages/airflow/example_dags/example_latest_only.py for tasks to queue
[2024-11-12T00:25:28.817+0000] {logging_mixin.py:190} INFO - [2024-11-12T00:25:28.817+0000] {dagbag.py:588} INFO - Filling up the DagBag from /home/airflow/.local/lib/python3.12/site-packages/airflow/example_dags/example_latest_only.py
[2024-11-12T00:25:28.824+0000] {processor.py:925} INFO - DAG(s) 'latest_only' retrieved from /home/airflow/.local/lib/python3.12/site-packages/airflow/example_dags/example_latest_only.py
[2024-11-12T00:25:28.842+0000] {logging_mixin.py:190} INFO - [2024-11-12T00:25:28.842+0000] {dag.py:3239} INFO - Sync 1 DAGs
[2024-11-12T00:25:28.863+0000] {logging_mixin.py:190} INFO - [2024-11-12T00:25:28.863+0000] {dag.py:4180} INFO - Setting next_dagrun for latest_only to 2024-11-11 20:00:00+00:00, run_after=2024-11-12 00:00:00+00:00
[2024-11-12T00:25:28.879+0000] {processor.py:208} INFO - Processing /home/airflow/.local/lib/python3.12/site-packages/airflow/example_dags/example_latest_only.py took 0.071 seconds
[2024-11-12T00:25:59.247+0000] {processor.py:186} INFO - Started process (PID=112) to work on /home/airflow/.local/lib/python3.12/site-packages/airflow/example_dags/example_latest_only.py
[2024-11-12T00:25:59.248+0000] {processor.py:914} INFO - Processing file /home/airflow/.local/lib/python3.12/site-packages/airflow/example_dags/example_latest_only.py for tasks to queue
[2024-11-12T00:25:59.250+0000] {logging_mixin.py:190} INFO - [2024-11-12T00:25:59.250+0000] {dagbag.py:588} INFO - Filling up the DagBag from /home/airflow/.local/lib/python3.12/site-packages/airflow/example_dags/example_latest_only.py
[2024-11-12T00:25:59.256+0000] {processor.py:925} INFO - DAG(s) 'latest_only' retrieved from /home/airflow/.local/lib/python3.12/site-packages/airflow/example_dags/example_latest_only.py
[2024-11-12T00:25:59.273+0000] {logging_mixin.py:190} INFO - [2024-11-12T00:25:59.273+0000] {dag.py:3239} INFO - Sync 1 DAGs
[2024-11-12T00:25:59.293+0000] {logging_mixin.py:190} INFO - [2024-11-12T00:25:59.293+0000] {dag.py:4180} INFO - Setting next_dagrun for latest_only to 2024-11-11 20:00:00+00:00, run_after=2024-11-12 00:00:00+00:00
[2024-11-12T00:25:59.308+0000] {processor.py:208} INFO - Processing /home/airflow/.local/lib/python3.12/site-packages/airflow/example_dags/example_latest_only.py took 0.065 seconds
[2024-11-12T00:26:30.059+0000] {processor.py:186} INFO - Started process (PID=176) to work on /home/airflow/.local/lib/python3.12/site-packages/airflow/example_dags/example_latest_only.py
[2024-11-12T00:26:30.060+0000] {processor.py:914} INFO - Processing file /home/airflow/.local/lib/python3.12/site-packages/airflow/example_dags/example_latest_only.py for tasks to queue
[2024-11-12T00:26:30.062+0000] {logging_mixin.py:190} INFO - [2024-11-12T00:26:30.062+0000] {dagbag.py:588} INFO - Filling up the DagBag from /home/airflow/.local/lib/python3.12/site-packages/airflow/example_dags/example_latest_only.py
[2024-11-12T00:26:30.069+0000] {processor.py:925} INFO - DAG(s) 'latest_only' retrieved from /home/airflow/.local/lib/python3.12/site-packages/airflow/example_dags/example_latest_only.py
[2024-11-12T00:26:30.086+0000] {logging_mixin.py:190} INFO - [2024-11-12T00:26:30.085+0000] {dag.py:3239} INFO - Sync 1 DAGs
[2024-11-12T00:26:30.107+0000] {logging_mixin.py:190} INFO - [2024-11-12T00:26:30.107+0000] {dag.py:4180} INFO - Setting next_dagrun for latest_only to 2024-11-11 20:00:00+00:00, run_after=2024-11-12 00:00:00+00:00
[2024-11-12T00:26:30.123+0000] {processor.py:208} INFO - Processing /home/airflow/.local/lib/python3.12/site-packages/airflow/example_dags/example_latest_only.py took 0.069 seconds
