[2024-11-12T00:25:07.338+0000] {processor.py:186} INFO - Started process (PID=86) to work on /home/airflow/.local/lib/python3.12/site-packages/airflow/example_dags/example_params_ui_tutorial.py
[2024-11-12T00:25:07.339+0000] {processor.py:914} INFO - Processing file /home/airflow/.local/lib/python3.12/site-packages/airflow/example_dags/example_params_ui_tutorial.py for tasks to queue
[2024-11-12T00:25:07.342+0000] {logging_mixin.py:190} INFO - [2024-11-12T00:25:07.341+0000] {dagbag.py:588} INFO - Filling up the DagBag from /home/airflow/.local/lib/python3.12/site-packages/airflow/example_dags/example_params_ui_tutorial.py
[2024-11-12T00:25:07.351+0000] {processor.py:925} INFO - DAG(s) 'example_params_ui_tutorial' retrieved from /home/airflow/.local/lib/python3.12/site-packages/airflow/example_dags/example_params_ui_tutorial.py
[2024-11-12T00:25:07.478+0000] {logging_mixin.py:190} INFO - [2024-11-12T00:25:07.477+0000] {dag.py:3239} INFO - Sync 1 DAGs
[2024-11-12T00:25:07.488+0000] {logging_mixin.py:190} INFO - [2024-11-12T00:25:07.488+0000] {dag.py:4180} INFO - Setting next_dagrun for example_params_ui_tutorial to None, run_after=None
[2024-11-12T00:25:07.507+0000] {processor.py:208} INFO - Processing /home/airflow/.local/lib/python3.12/site-packages/airflow/example_dags/example_params_ui_tutorial.py took 0.174 seconds
[2024-11-12T00:25:30.815+0000] {processor.py:186} INFO - Started process (PID=80) to work on /home/airflow/.local/lib/python3.12/site-packages/airflow/example_dags/example_params_ui_tutorial.py
[2024-11-12T00:25:30.815+0000] {processor.py:914} INFO - Processing file /home/airflow/.local/lib/python3.12/site-packages/airflow/example_dags/example_params_ui_tutorial.py for tasks to queue
[2024-11-12T00:25:30.817+0000] {logging_mixin.py:190} INFO - [2024-11-12T00:25:30.817+0000] {dagbag.py:588} INFO - Filling up the DagBag from /home/airflow/.local/lib/python3.12/site-packages/airflow/example_dags/example_params_ui_tutorial.py
[2024-11-12T00:25:30.825+0000] {processor.py:925} INFO - DAG(s) 'example_params_ui_tutorial' retrieved from /home/airflow/.local/lib/python3.12/site-packages/airflow/example_dags/example_params_ui_tutorial.py
[2024-11-12T00:25:30.835+0000] {logging_mixin.py:190} INFO - [2024-11-12T00:25:30.835+0000] {dag.py:3239} INFO - Sync 1 DAGs
[2024-11-12T00:25:30.848+0000] {logging_mixin.py:190} INFO - [2024-11-12T00:25:30.847+0000] {dag.py:4180} INFO - Setting next_dagrun for example_params_ui_tutorial to None, run_after=None
[2024-11-12T00:25:30.862+0000] {processor.py:208} INFO - Processing /home/airflow/.local/lib/python3.12/site-packages/airflow/example_dags/example_params_ui_tutorial.py took 0.052 seconds
[2024-11-12T00:26:01.392+0000] {processor.py:186} INFO - Started process (PID=143) to work on /home/airflow/.local/lib/python3.12/site-packages/airflow/example_dags/example_params_ui_tutorial.py
[2024-11-12T00:26:01.393+0000] {processor.py:914} INFO - Processing file /home/airflow/.local/lib/python3.12/site-packages/airflow/example_dags/example_params_ui_tutorial.py for tasks to queue
[2024-11-12T00:26:01.395+0000] {logging_mixin.py:190} INFO - [2024-11-12T00:26:01.395+0000] {dagbag.py:588} INFO - Filling up the DagBag from /home/airflow/.local/lib/python3.12/site-packages/airflow/example_dags/example_params_ui_tutorial.py
[2024-11-12T00:26:01.403+0000] {processor.py:925} INFO - DAG(s) 'example_params_ui_tutorial' retrieved from /home/airflow/.local/lib/python3.12/site-packages/airflow/example_dags/example_params_ui_tutorial.py
[2024-11-12T00:26:01.437+0000] {logging_mixin.py:190} INFO - [2024-11-12T00:26:01.437+0000] {dag.py:3239} INFO - Sync 1 DAGs
[2024-11-12T00:26:01.449+0000] {logging_mixin.py:190} INFO - [2024-11-12T00:26:01.449+0000] {dag.py:4180} INFO - Setting next_dagrun for example_params_ui_tutorial to None, run_after=None
[2024-11-12T00:26:01.463+0000] {processor.py:208} INFO - Processing /home/airflow/.local/lib/python3.12/site-packages/airflow/example_dags/example_params_ui_tutorial.py took 0.076 seconds
[2024-11-12T00:26:32.029+0000] {processor.py:186} INFO - Started process (PID=207) to work on /home/airflow/.local/lib/python3.12/site-packages/airflow/example_dags/example_params_ui_tutorial.py
[2024-11-12T00:26:32.030+0000] {processor.py:914} INFO - Processing file /home/airflow/.local/lib/python3.12/site-packages/airflow/example_dags/example_params_ui_tutorial.py for tasks to queue
[2024-11-12T00:26:32.032+0000] {logging_mixin.py:190} INFO - [2024-11-12T00:26:32.031+0000] {dagbag.py:588} INFO - Filling up the DagBag from /home/airflow/.local/lib/python3.12/site-packages/airflow/example_dags/example_params_ui_tutorial.py
[2024-11-12T00:26:32.040+0000] {processor.py:925} INFO - DAG(s) 'example_params_ui_tutorial' retrieved from /home/airflow/.local/lib/python3.12/site-packages/airflow/example_dags/example_params_ui_tutorial.py
[2024-11-12T00:26:32.073+0000] {logging_mixin.py:190} INFO - [2024-11-12T00:26:32.073+0000] {dag.py:3239} INFO - Sync 1 DAGs
[2024-11-12T00:26:32.085+0000] {logging_mixin.py:190} INFO - [2024-11-12T00:26:32.084+0000] {dag.py:4180} INFO - Setting next_dagrun for example_params_ui_tutorial to None, run_after=None
[2024-11-12T00:26:32.099+0000] {processor.py:208} INFO - Processing /home/airflow/.local/lib/python3.12/site-packages/airflow/example_dags/example_params_ui_tutorial.py took 0.075 seconds
