[2024-11-12T00:25:32.170+0000] {processor.py:186} INFO - Started process (PID=89) to work on /home/airflow/.local/lib/python3.12/site-packages/airflow/example_dags/example_latest_only_with_trigger.py
[2024-11-12T00:25:32.170+0000] {processor.py:914} INFO - Processing file /home/airflow/.local/lib/python3.12/site-packages/airflow/example_dags/example_latest_only_with_trigger.py for tasks to queue
[2024-11-12T00:25:32.172+0000] {logging_mixin.py:190} INFO - [2024-11-12T00:25:32.172+0000] {dagbag.py:588} INFO - Filling up the DagBag from /home/airflow/.local/lib/python3.12/site-packages/airflow/example_dags/example_latest_only_with_trigger.py
[2024-11-12T00:25:32.179+0000] {processor.py:925} INFO - DAG(s) 'latest_only_with_trigger' retrieved from /home/airflow/.local/lib/python3.12/site-packages/airflow/example_dags/example_latest_only_with_trigger.py
[2024-11-12T00:25:32.198+0000] {logging_mixin.py:190} INFO - [2024-11-12T00:25:32.197+0000] {dag.py:3239} INFO - Sync 1 DAGs
[2024-11-12T00:25:32.218+0000] {logging_mixin.py:190} INFO - [2024-11-12T00:25:32.217+0000] {dag.py:4180} INFO - Setting next_dagrun for latest_only_with_trigger to 2024-11-11 20:00:00+00:00, run_after=2024-11-12 00:00:00+00:00
[2024-11-12T00:25:32.233+0000] {processor.py:208} INFO - Processing /home/airflow/.local/lib/python3.12/site-packages/airflow/example_dags/example_latest_only_with_trigger.py took 0.068 seconds
[2024-11-12T00:26:03.537+0000] {processor.py:186} INFO - Started process (PID=152) to work on /home/airflow/.local/lib/python3.12/site-packages/airflow/example_dags/example_latest_only_with_trigger.py
[2024-11-12T00:26:03.538+0000] {processor.py:914} INFO - Processing file /home/airflow/.local/lib/python3.12/site-packages/airflow/example_dags/example_latest_only_with_trigger.py for tasks to queue
[2024-11-12T00:26:03.540+0000] {logging_mixin.py:190} INFO - [2024-11-12T00:26:03.540+0000] {dagbag.py:588} INFO - Filling up the DagBag from /home/airflow/.local/lib/python3.12/site-packages/airflow/example_dags/example_latest_only_with_trigger.py
[2024-11-12T00:26:03.547+0000] {processor.py:925} INFO - DAG(s) 'latest_only_with_trigger' retrieved from /home/airflow/.local/lib/python3.12/site-packages/airflow/example_dags/example_latest_only_with_trigger.py
[2024-11-12T00:26:03.564+0000] {logging_mixin.py:190} INFO - [2024-11-12T00:26:03.564+0000] {dag.py:3239} INFO - Sync 1 DAGs
[2024-11-12T00:26:03.585+0000] {logging_mixin.py:190} INFO - [2024-11-12T00:26:03.585+0000] {dag.py:4180} INFO - Setting next_dagrun for latest_only_with_trigger to 2024-11-11 20:00:00+00:00, run_after=2024-11-12 00:00:00+00:00
[2024-11-12T00:26:03.600+0000] {processor.py:208} INFO - Processing /home/airflow/.local/lib/python3.12/site-packages/airflow/example_dags/example_latest_only_with_trigger.py took 0.068 seconds
[2024-11-12T00:26:35.164+0000] {processor.py:186} INFO - Started process (PID=216) to work on /home/airflow/.local/lib/python3.12/site-packages/airflow/example_dags/example_latest_only_with_trigger.py
[2024-11-12T00:26:35.164+0000] {processor.py:914} INFO - Processing file /home/airflow/.local/lib/python3.12/site-packages/airflow/example_dags/example_latest_only_with_trigger.py for tasks to queue
[2024-11-12T00:26:35.166+0000] {logging_mixin.py:190} INFO - [2024-11-12T00:26:35.166+0000] {dagbag.py:588} INFO - Filling up the DagBag from /home/airflow/.local/lib/python3.12/site-packages/airflow/example_dags/example_latest_only_with_trigger.py
[2024-11-12T00:26:35.173+0000] {processor.py:925} INFO - DAG(s) 'latest_only_with_trigger' retrieved from /home/airflow/.local/lib/python3.12/site-packages/airflow/example_dags/example_latest_only_with_trigger.py
[2024-11-12T00:26:35.189+0000] {logging_mixin.py:190} INFO - [2024-11-12T00:26:35.189+0000] {dag.py:3239} INFO - Sync 1 DAGs
[2024-11-12T00:26:35.209+0000] {logging_mixin.py:190} INFO - [2024-11-12T00:26:35.209+0000] {dag.py:4180} INFO - Setting next_dagrun for latest_only_with_trigger to 2024-11-11 20:00:00+00:00, run_after=2024-11-12 00:00:00+00:00
[2024-11-12T00:26:35.224+0000] {processor.py:208} INFO - Processing /home/airflow/.local/lib/python3.12/site-packages/airflow/example_dags/example_latest_only_with_trigger.py took 0.065 seconds
