[2024-11-12T00:25:06.448+0000] {processor.py:186} INFO - Started process (PID=66) to work on /home/airflow/.local/lib/python3.12/site-packages/airflow/example_dags/tutorial.py
[2024-11-12T00:25:06.449+0000] {processor.py:914} INFO - Processing file /home/airflow/.local/lib/python3.12/site-packages/airflow/example_dags/tutorial.py for tasks to queue
[2024-11-12T00:25:06.451+0000] {logging_mixin.py:190} INFO - [2024-11-12T00:25:06.451+0000] {dagbag.py:588} INFO - Filling up the DagBag from /home/airflow/.local/lib/python3.12/site-packages/airflow/example_dags/tutorial.py
[2024-11-12T00:25:06.459+0000] {processor.py:925} INFO - DAG(s) 'tutorial' retrieved from /home/airflow/.local/lib/python3.12/site-packages/airflow/example_dags/tutorial.py
[2024-11-12T00:25:06.480+0000] {logging_mixin.py:190} INFO - [2024-11-12T00:25:06.480+0000] {dag.py:3239} INFO - Sync 1 DAGs
[2024-11-12T00:25:06.502+0000] {logging_mixin.py:190} INFO - [2024-11-12T00:25:06.501+0000] {dag.py:4180} INFO - Setting next_dagrun for tutorial to 2024-11-11 00:00:00+00:00, run_after=2024-11-12 00:00:00+00:00
[2024-11-12T00:25:06.519+0000] {processor.py:208} INFO - Processing /home/airflow/.local/lib/python3.12/site-packages/airflow/example_dags/tutorial.py took 0.075 seconds
[2024-11-12T00:25:30.152+0000] {processor.py:186} INFO - Started process (PID=66) to work on /home/airflow/.local/lib/python3.12/site-packages/airflow/example_dags/tutorial.py
[2024-11-12T00:25:30.153+0000] {processor.py:914} INFO - Processing file /home/airflow/.local/lib/python3.12/site-packages/airflow/example_dags/tutorial.py for tasks to queue
[2024-11-12T00:25:30.156+0000] {logging_mixin.py:190} INFO - [2024-11-12T00:25:30.155+0000] {dagbag.py:588} INFO - Filling up the DagBag from /home/airflow/.local/lib/python3.12/site-packages/airflow/example_dags/tutorial.py
[2024-11-12T00:25:30.164+0000] {processor.py:925} INFO - DAG(s) 'tutorial' retrieved from /home/airflow/.local/lib/python3.12/site-packages/airflow/example_dags/tutorial.py
[2024-11-12T00:25:30.186+0000] {logging_mixin.py:190} INFO - [2024-11-12T00:25:30.186+0000] {dag.py:3239} INFO - Sync 1 DAGs
[2024-11-12T00:25:30.207+0000] {logging_mixin.py:190} INFO - [2024-11-12T00:25:30.207+0000] {dag.py:4180} INFO - Setting next_dagrun for tutorial to 2024-11-11 00:00:00+00:00, run_after=2024-11-12 00:00:00+00:00
[2024-11-12T00:25:30.222+0000] {processor.py:208} INFO - Processing /home/airflow/.local/lib/python3.12/site-packages/airflow/example_dags/tutorial.py took 0.075 seconds
[2024-11-12T00:26:00.684+0000] {processor.py:186} INFO - Started process (PID=130) to work on /home/airflow/.local/lib/python3.12/site-packages/airflow/example_dags/tutorial.py
[2024-11-12T00:26:00.685+0000] {processor.py:914} INFO - Processing file /home/airflow/.local/lib/python3.12/site-packages/airflow/example_dags/tutorial.py for tasks to queue
[2024-11-12T00:26:00.687+0000] {logging_mixin.py:190} INFO - [2024-11-12T00:26:00.686+0000] {dagbag.py:588} INFO - Filling up the DagBag from /home/airflow/.local/lib/python3.12/site-packages/airflow/example_dags/tutorial.py
[2024-11-12T00:26:00.693+0000] {processor.py:925} INFO - DAG(s) 'tutorial' retrieved from /home/airflow/.local/lib/python3.12/site-packages/airflow/example_dags/tutorial.py
[2024-11-12T00:26:00.710+0000] {logging_mixin.py:190} INFO - [2024-11-12T00:26:00.710+0000] {dag.py:3239} INFO - Sync 1 DAGs
[2024-11-12T00:26:00.730+0000] {logging_mixin.py:190} INFO - [2024-11-12T00:26:00.730+0000] {dag.py:4180} INFO - Setting next_dagrun for tutorial to 2024-11-11 00:00:00+00:00, run_after=2024-11-12 00:00:00+00:00
[2024-11-12T00:26:00.745+0000] {processor.py:208} INFO - Processing /home/airflow/.local/lib/python3.12/site-packages/airflow/example_dags/tutorial.py took 0.066 seconds
[2024-11-12T00:26:31.182+0000] {processor.py:186} INFO - Started process (PID=194) to work on /home/airflow/.local/lib/python3.12/site-packages/airflow/example_dags/tutorial.py
[2024-11-12T00:26:31.183+0000] {processor.py:914} INFO - Processing file /home/airflow/.local/lib/python3.12/site-packages/airflow/example_dags/tutorial.py for tasks to queue
[2024-11-12T00:26:31.185+0000] {logging_mixin.py:190} INFO - [2024-11-12T00:26:31.184+0000] {dagbag.py:588} INFO - Filling up the DagBag from /home/airflow/.local/lib/python3.12/site-packages/airflow/example_dags/tutorial.py
[2024-11-12T00:26:31.192+0000] {processor.py:925} INFO - DAG(s) 'tutorial' retrieved from /home/airflow/.local/lib/python3.12/site-packages/airflow/example_dags/tutorial.py
[2024-11-12T00:26:31.208+0000] {logging_mixin.py:190} INFO - [2024-11-12T00:26:31.208+0000] {dag.py:3239} INFO - Sync 1 DAGs
[2024-11-12T00:26:31.227+0000] {logging_mixin.py:190} INFO - [2024-11-12T00:26:31.227+0000] {dag.py:4180} INFO - Setting next_dagrun for tutorial to 2024-11-11 00:00:00+00:00, run_after=2024-11-12 00:00:00+00:00
[2024-11-12T00:26:31.244+0000] {processor.py:208} INFO - Processing /home/airflow/.local/lib/python3.12/site-packages/airflow/example_dags/tutorial.py took 0.067 seconds
