[2024-11-17T02:43:34.880+0000] {local_task_job_runner.py:123} INFO - ::group::Pre task execution logs
[2024-11-17T02:43:34.899+0000] {taskinstance.py:2613} INFO - Dependencies all met for dep_context=non-requeueable deps ti=<TaskInstance: criar_tabelas.create_table_historicodw manual__2024-11-17T02:43:19.048249+00:00 [queued]>
[2024-11-17T02:43:34.907+0000] {taskinstance.py:2613} INFO - Dependencies all met for dep_context=requeueable deps ti=<TaskInstance: criar_tabelas.create_table_historicodw manual__2024-11-17T02:43:19.048249+00:00 [queued]>
[2024-11-17T02:43:34.907+0000] {taskinstance.py:2866} INFO - Starting attempt 1 of 2
[2024-11-17T02:43:34.918+0000] {taskinstance.py:2889} INFO - Executing <Task(PostgresOperator): create_table_historicodw> on 2024-11-17 02:43:19.048249+00:00
[2024-11-17T02:43:34.929+0000] {warnings.py:112} WARNING - /home/***/.local/lib/python3.12/site-packages/***/task/task_runner/standard_task_runner.py:70: DeprecationWarning: This process (pid=1260) is multi-threaded, use of fork() may lead to deadlocks in the child.
  pid = os.fork()

[2024-11-17T02:43:34.930+0000] {standard_task_runner.py:72} INFO - Started process 1262 to run task
[2024-11-17T02:43:34.931+0000] {standard_task_runner.py:104} INFO - Running: ['***', 'tasks', 'run', 'criar_tabelas', 'create_table_historicodw', 'manual__2024-11-17T02:43:19.048249+00:00', '--job-id', '155', '--raw', '--subdir', 'DAGS_FOLDER/etl.py', '--cfg-path', '/tmp/tmp1r9u3ale']
[2024-11-17T02:43:34.931+0000] {standard_task_runner.py:105} INFO - Job 155: Subtask create_table_historicodw
[2024-11-17T02:43:34.977+0000] {task_command.py:467} INFO - Running <TaskInstance: criar_tabelas.create_table_historicodw manual__2024-11-17T02:43:19.048249+00:00 [running]> on host bfeda1f9cf11
[2024-11-17T02:43:35.244+0000] {taskinstance.py:3132} INFO - Exporting env vars: AIRFLOW_CTX_DAG_OWNER='***' AIRFLOW_CTX_DAG_ID='criar_tabelas' AIRFLOW_CTX_TASK_ID='create_table_historicodw' AIRFLOW_CTX_EXECUTION_DATE='2024-11-17T02:43:19.048249+00:00' AIRFLOW_CTX_TRY_NUMBER='1' AIRFLOW_CTX_DAG_RUN_ID='manual__2024-11-17T02:43:19.048249+00:00'
[2024-11-17T02:43:35.245+0000] {logging_mixin.py:190} INFO - Task instance is in running state
[2024-11-17T02:43:35.246+0000] {logging_mixin.py:190} INFO -  Previous state of the Task instance: queued
[2024-11-17T02:43:35.246+0000] {logging_mixin.py:190} INFO - Current task name:create_table_historicodw state:running start_date:2024-11-17 02:43:34.899580+00:00
[2024-11-17T02:43:35.246+0000] {logging_mixin.py:190} INFO - Dag name:criar_tabelas and current dag run status:running
[2024-11-17T02:43:35.246+0000] {taskinstance.py:731} INFO - ::endgroup::
[2024-11-17T02:43:35.246+0000] {sql.py:278} INFO - Executing: 
CREATE TABLE IF NOT EXISTS dw.HistoricoPrecos (
    id INT,
    date BIGINT,  -- Armazena a data como um timestamp
    open DECIMAL(10, 2),
    high DECIMAL(10, 2),
    low DECIMAL(10, 2),
    close DECIMAL(10, 2),
    volume BIGINT,
    adjustedClose DECIMAL(10, 2),
    FOREIGN KEY (id) REFERENCES SummaryProfile(id)
);
[2024-11-17T02:43:35.254+0000] {base.py:84} INFO - Retrieving connection 'postgres-***'
[2024-11-17T02:43:35.262+0000] {base.py:84} INFO - Retrieving connection 'postgres-***'
[2024-11-17T02:43:35.265+0000] {sql.py:544} INFO - Running statement: 
CREATE TABLE IF NOT EXISTS dw.HistoricoPrecos (
    id INT,
    date BIGINT,  -- Armazena a data como um timestamp
    open DECIMAL(10, 2),
    high DECIMAL(10, 2),
    low DECIMAL(10, 2),
    close DECIMAL(10, 2),
    volume BIGINT,
    adjustedClose DECIMAL(10, 2),
    FOREIGN KEY (id) REFERENCES SummaryProfile(id)
);, parameters: None
[2024-11-17T02:43:35.277+0000] {taskinstance.py:340} INFO - ::group::Post task execution logs
[2024-11-17T02:43:35.277+0000] {taskinstance.py:352} INFO - Marking task as SUCCESS. dag_id=criar_tabelas, task_id=create_table_historicodw, run_id=manual__2024-11-17T02:43:19.048249+00:00, execution_date=20241117T024319, start_date=20241117T024334, end_date=20241117T024335
[2024-11-17T02:43:35.286+0000] {logging_mixin.py:190} INFO - Task instance in success state
[2024-11-17T02:43:35.286+0000] {logging_mixin.py:190} INFO -  Previous state of the Task instance: running
[2024-11-17T02:43:35.286+0000] {logging_mixin.py:190} INFO - Dag name:criar_tabelas queued_at:2024-11-17 02:43:19.056436+00:00
[2024-11-17T02:43:35.286+0000] {logging_mixin.py:190} INFO - Task hostname:bfeda1f9cf11 operator:PostgresOperator
[2024-11-17T02:43:35.345+0000] {local_task_job_runner.py:266} INFO - Task exited with return code 0
[2024-11-17T02:43:35.370+0000] {taskinstance.py:3895} INFO - 1 downstream tasks scheduled from follow-on schedule check
[2024-11-17T02:43:35.371+0000] {local_task_job_runner.py:245} INFO - ::endgroup::
