[2024-11-23T00:49:17.938+0000] {processor.py:186} INFO - Started process (PID=65) to work on /home/airflow/.local/lib/python3.12/site-packages/airflow/example_dags/example_sla_dag.py
[2024-11-23T00:49:17.939+0000] {processor.py:914} INFO - Processing file /home/airflow/.local/lib/python3.12/site-packages/airflow/example_dags/example_sla_dag.py for tasks to queue
[2024-11-23T00:49:17.941+0000] {logging_mixin.py:190} INFO - [2024-11-23T00:49:17.941+0000] {dagbag.py:588} INFO - Filling up the DagBag from /home/airflow/.local/lib/python3.12/site-packages/airflow/example_dags/example_sla_dag.py
[2024-11-23T00:49:17.951+0000] {processor.py:925} INFO - DAG(s) 'example_sla_dag' retrieved from /home/airflow/.local/lib/python3.12/site-packages/airflow/example_dags/example_sla_dag.py
[2024-11-23T00:49:18.057+0000] {logging_mixin.py:190} INFO - [2024-11-23T00:49:18.056+0000] {override.py:1911} INFO - Created Permission View: can delete on DAG:example_sla_dag
[2024-11-23T00:49:18.067+0000] {logging_mixin.py:190} INFO - [2024-11-23T00:49:18.067+0000] {override.py:1911} INFO - Created Permission View: can read on DAG:example_sla_dag
[2024-11-23T00:49:18.073+0000] {logging_mixin.py:190} INFO - [2024-11-23T00:49:18.073+0000] {override.py:1911} INFO - Created Permission View: can edit on DAG:example_sla_dag
[2024-11-23T00:49:18.081+0000] {logging_mixin.py:190} INFO - [2024-11-23T00:49:18.081+0000] {override.py:1911} INFO - Created Permission View: can create on DAG Run:example_sla_dag
[2024-11-23T00:49:18.088+0000] {logging_mixin.py:190} INFO - [2024-11-23T00:49:18.087+0000] {override.py:1911} INFO - Created Permission View: can delete on DAG Run:example_sla_dag
[2024-11-23T00:49:18.094+0000] {logging_mixin.py:190} INFO - [2024-11-23T00:49:18.094+0000] {override.py:1911} INFO - Created Permission View: can read on DAG Run:example_sla_dag
[2024-11-23T00:49:18.101+0000] {logging_mixin.py:190} INFO - [2024-11-23T00:49:18.100+0000] {override.py:1911} INFO - Created Permission View: menu access on DAG Run:example_sla_dag
[2024-11-23T00:49:18.101+0000] {logging_mixin.py:190} INFO - [2024-11-23T00:49:18.101+0000] {dag.py:3239} INFO - Sync 1 DAGs
[2024-11-23T00:49:18.113+0000] {logging_mixin.py:190} INFO - [2024-11-23T00:49:18.113+0000] {dag.py:3262} INFO - Creating ORM DAG for example_sla_dag
[2024-11-23T00:49:18.125+0000] {logging_mixin.py:190} INFO - [2024-11-23T00:49:18.124+0000] {dag.py:4180} INFO - Setting next_dagrun for example_sla_dag to 2024-11-23 00:46:00+00:00, run_after=2024-11-23 00:48:00+00:00
[2024-11-23T00:49:18.140+0000] {processor.py:208} INFO - Processing /home/airflow/.local/lib/python3.12/site-packages/airflow/example_dags/example_sla_dag.py took 0.207 seconds
[2024-11-23T00:49:48.712+0000] {processor.py:186} INFO - Started process (PID=134) to work on /home/airflow/.local/lib/python3.12/site-packages/airflow/example_dags/example_sla_dag.py
[2024-11-23T00:49:48.713+0000] {processor.py:914} INFO - Processing file /home/airflow/.local/lib/python3.12/site-packages/airflow/example_dags/example_sla_dag.py for tasks to queue
[2024-11-23T00:49:48.714+0000] {logging_mixin.py:190} INFO - [2024-11-23T00:49:48.714+0000] {dagbag.py:588} INFO - Filling up the DagBag from /home/airflow/.local/lib/python3.12/site-packages/airflow/example_dags/example_sla_dag.py
[2024-11-23T00:49:48.724+0000] {processor.py:925} INFO - DAG(s) 'example_sla_dag' retrieved from /home/airflow/.local/lib/python3.12/site-packages/airflow/example_dags/example_sla_dag.py
[2024-11-23T00:49:48.740+0000] {logging_mixin.py:190} INFO - [2024-11-23T00:49:48.740+0000] {dag.py:3239} INFO - Sync 1 DAGs
[2024-11-23T00:49:48.761+0000] {logging_mixin.py:190} INFO - [2024-11-23T00:49:48.761+0000] {dag.py:4180} INFO - Setting next_dagrun for example_sla_dag to 2024-11-23 00:46:00+00:00, run_after=2024-11-23 00:48:00+00:00
[2024-11-23T00:49:48.775+0000] {processor.py:208} INFO - Processing /home/airflow/.local/lib/python3.12/site-packages/airflow/example_dags/example_sla_dag.py took 0.068 seconds
[2024-11-23T00:50:18.810+0000] {processor.py:186} INFO - Started process (PID=196) to work on /home/airflow/.local/lib/python3.12/site-packages/airflow/example_dags/example_sla_dag.py
[2024-11-23T00:50:18.811+0000] {processor.py:914} INFO - Processing file /home/airflow/.local/lib/python3.12/site-packages/airflow/example_dags/example_sla_dag.py for tasks to queue
[2024-11-23T00:50:18.813+0000] {logging_mixin.py:190} INFO - [2024-11-23T00:50:18.813+0000] {dagbag.py:588} INFO - Filling up the DagBag from /home/airflow/.local/lib/python3.12/site-packages/airflow/example_dags/example_sla_dag.py
[2024-11-23T00:50:18.822+0000] {processor.py:925} INFO - DAG(s) 'example_sla_dag' retrieved from /home/airflow/.local/lib/python3.12/site-packages/airflow/example_dags/example_sla_dag.py
[2024-11-23T00:50:18.839+0000] {logging_mixin.py:190} INFO - [2024-11-23T00:50:18.838+0000] {dag.py:3239} INFO - Sync 1 DAGs
[2024-11-23T00:50:18.860+0000] {logging_mixin.py:190} INFO - [2024-11-23T00:50:18.860+0000] {dag.py:4180} INFO - Setting next_dagrun for example_sla_dag to 2024-11-23 00:48:00+00:00, run_after=2024-11-23 00:50:00+00:00
[2024-11-23T00:50:18.874+0000] {processor.py:208} INFO - Processing /home/airflow/.local/lib/python3.12/site-packages/airflow/example_dags/example_sla_dag.py took 0.069 seconds
[2024-11-23T00:50:48.955+0000] {processor.py:186} INFO - Started process (PID=259) to work on /home/airflow/.local/lib/python3.12/site-packages/airflow/example_dags/example_sla_dag.py
[2024-11-23T00:50:48.956+0000] {processor.py:914} INFO - Processing file /home/airflow/.local/lib/python3.12/site-packages/airflow/example_dags/example_sla_dag.py for tasks to queue
[2024-11-23T00:50:48.958+0000] {logging_mixin.py:190} INFO - [2024-11-23T00:50:48.958+0000] {dagbag.py:588} INFO - Filling up the DagBag from /home/airflow/.local/lib/python3.12/site-packages/airflow/example_dags/example_sla_dag.py
[2024-11-23T00:50:48.967+0000] {processor.py:925} INFO - DAG(s) 'example_sla_dag' retrieved from /home/airflow/.local/lib/python3.12/site-packages/airflow/example_dags/example_sla_dag.py
[2024-11-23T00:50:48.985+0000] {logging_mixin.py:190} INFO - [2024-11-23T00:50:48.984+0000] {dag.py:3239} INFO - Sync 1 DAGs
[2024-11-23T00:50:49.005+0000] {logging_mixin.py:190} INFO - [2024-11-23T00:50:49.005+0000] {dag.py:4180} INFO - Setting next_dagrun for example_sla_dag to 2024-11-23 00:48:00+00:00, run_after=2024-11-23 00:50:00+00:00
[2024-11-23T00:50:49.019+0000] {processor.py:208} INFO - Processing /home/airflow/.local/lib/python3.12/site-packages/airflow/example_dags/example_sla_dag.py took 0.070 seconds
[2024-11-23T00:51:19.538+0000] {processor.py:186} INFO - Started process (PID=322) to work on /home/airflow/.local/lib/python3.12/site-packages/airflow/example_dags/example_sla_dag.py
[2024-11-23T00:51:19.539+0000] {processor.py:914} INFO - Processing file /home/airflow/.local/lib/python3.12/site-packages/airflow/example_dags/example_sla_dag.py for tasks to queue
[2024-11-23T00:51:19.541+0000] {logging_mixin.py:190} INFO - [2024-11-23T00:51:19.540+0000] {dagbag.py:588} INFO - Filling up the DagBag from /home/airflow/.local/lib/python3.12/site-packages/airflow/example_dags/example_sla_dag.py
[2024-11-23T00:51:19.549+0000] {processor.py:925} INFO - DAG(s) 'example_sla_dag' retrieved from /home/airflow/.local/lib/python3.12/site-packages/airflow/example_dags/example_sla_dag.py
[2024-11-23T00:51:19.566+0000] {logging_mixin.py:190} INFO - [2024-11-23T00:51:19.566+0000] {dag.py:3239} INFO - Sync 1 DAGs
[2024-11-23T00:51:19.587+0000] {logging_mixin.py:190} INFO - [2024-11-23T00:51:19.587+0000] {dag.py:4180} INFO - Setting next_dagrun for example_sla_dag to 2024-11-23 00:48:00+00:00, run_after=2024-11-23 00:50:00+00:00
[2024-11-23T00:51:19.603+0000] {processor.py:208} INFO - Processing /home/airflow/.local/lib/python3.12/site-packages/airflow/example_dags/example_sla_dag.py took 0.070 seconds
[2024-11-23T00:51:49.739+0000] {processor.py:186} INFO - Started process (PID=385) to work on /home/airflow/.local/lib/python3.12/site-packages/airflow/example_dags/example_sla_dag.py
[2024-11-23T00:51:49.740+0000] {processor.py:914} INFO - Processing file /home/airflow/.local/lib/python3.12/site-packages/airflow/example_dags/example_sla_dag.py for tasks to queue
[2024-11-23T00:51:49.742+0000] {logging_mixin.py:190} INFO - [2024-11-23T00:51:49.741+0000] {dagbag.py:588} INFO - Filling up the DagBag from /home/airflow/.local/lib/python3.12/site-packages/airflow/example_dags/example_sla_dag.py
[2024-11-23T00:51:49.750+0000] {processor.py:925} INFO - DAG(s) 'example_sla_dag' retrieved from /home/airflow/.local/lib/python3.12/site-packages/airflow/example_dags/example_sla_dag.py
[2024-11-23T00:51:49.766+0000] {logging_mixin.py:190} INFO - [2024-11-23T00:51:49.766+0000] {dag.py:3239} INFO - Sync 1 DAGs
[2024-11-23T00:51:49.788+0000] {logging_mixin.py:190} INFO - [2024-11-23T00:51:49.788+0000] {dag.py:4180} INFO - Setting next_dagrun for example_sla_dag to 2024-11-23 00:48:00+00:00, run_after=2024-11-23 00:50:00+00:00
[2024-11-23T00:51:49.802+0000] {processor.py:208} INFO - Processing /home/airflow/.local/lib/python3.12/site-packages/airflow/example_dags/example_sla_dag.py took 0.068 seconds
[2024-11-23T00:52:20.191+0000] {processor.py:186} INFO - Started process (PID=448) to work on /home/airflow/.local/lib/python3.12/site-packages/airflow/example_dags/example_sla_dag.py
[2024-11-23T00:52:20.192+0000] {processor.py:914} INFO - Processing file /home/airflow/.local/lib/python3.12/site-packages/airflow/example_dags/example_sla_dag.py for tasks to queue
[2024-11-23T00:52:20.193+0000] {logging_mixin.py:190} INFO - [2024-11-23T00:52:20.193+0000] {dagbag.py:588} INFO - Filling up the DagBag from /home/airflow/.local/lib/python3.12/site-packages/airflow/example_dags/example_sla_dag.py
[2024-11-23T00:52:20.201+0000] {processor.py:925} INFO - DAG(s) 'example_sla_dag' retrieved from /home/airflow/.local/lib/python3.12/site-packages/airflow/example_dags/example_sla_dag.py
[2024-11-23T00:52:20.218+0000] {logging_mixin.py:190} INFO - [2024-11-23T00:52:20.218+0000] {dag.py:3239} INFO - Sync 1 DAGs
[2024-11-23T00:52:20.239+0000] {logging_mixin.py:190} INFO - [2024-11-23T00:52:20.238+0000] {dag.py:4180} INFO - Setting next_dagrun for example_sla_dag to 2024-11-23 00:50:00+00:00, run_after=2024-11-23 00:52:00+00:00
[2024-11-23T00:52:20.253+0000] {processor.py:208} INFO - Processing /home/airflow/.local/lib/python3.12/site-packages/airflow/example_dags/example_sla_dag.py took 0.067 seconds
[2024-11-23T00:52:51.044+0000] {processor.py:186} INFO - Started process (PID=511) to work on /home/airflow/.local/lib/python3.12/site-packages/airflow/example_dags/example_sla_dag.py
[2024-11-23T00:52:51.045+0000] {processor.py:914} INFO - Processing file /home/airflow/.local/lib/python3.12/site-packages/airflow/example_dags/example_sla_dag.py for tasks to queue
[2024-11-23T00:52:51.048+0000] {logging_mixin.py:190} INFO - [2024-11-23T00:52:51.047+0000] {dagbag.py:588} INFO - Filling up the DagBag from /home/airflow/.local/lib/python3.12/site-packages/airflow/example_dags/example_sla_dag.py
[2024-11-23T00:52:51.056+0000] {processor.py:925} INFO - DAG(s) 'example_sla_dag' retrieved from /home/airflow/.local/lib/python3.12/site-packages/airflow/example_dags/example_sla_dag.py
[2024-11-23T00:52:51.075+0000] {logging_mixin.py:190} INFO - [2024-11-23T00:52:51.075+0000] {dag.py:3239} INFO - Sync 1 DAGs
[2024-11-23T00:52:51.098+0000] {logging_mixin.py:190} INFO - [2024-11-23T00:52:51.097+0000] {dag.py:4180} INFO - Setting next_dagrun for example_sla_dag to 2024-11-23 00:50:00+00:00, run_after=2024-11-23 00:52:00+00:00
[2024-11-23T00:52:51.114+0000] {processor.py:208} INFO - Processing /home/airflow/.local/lib/python3.12/site-packages/airflow/example_dags/example_sla_dag.py took 0.075 seconds
[2024-11-23T00:53:21.321+0000] {processor.py:186} INFO - Started process (PID=574) to work on /home/airflow/.local/lib/python3.12/site-packages/airflow/example_dags/example_sla_dag.py
[2024-11-23T00:53:21.322+0000] {processor.py:914} INFO - Processing file /home/airflow/.local/lib/python3.12/site-packages/airflow/example_dags/example_sla_dag.py for tasks to queue
[2024-11-23T00:53:21.324+0000] {logging_mixin.py:190} INFO - [2024-11-23T00:53:21.324+0000] {dagbag.py:588} INFO - Filling up the DagBag from /home/airflow/.local/lib/python3.12/site-packages/airflow/example_dags/example_sla_dag.py
[2024-11-23T00:53:21.333+0000] {processor.py:925} INFO - DAG(s) 'example_sla_dag' retrieved from /home/airflow/.local/lib/python3.12/site-packages/airflow/example_dags/example_sla_dag.py
[2024-11-23T00:53:21.351+0000] {logging_mixin.py:190} INFO - [2024-11-23T00:53:21.351+0000] {dag.py:3239} INFO - Sync 1 DAGs
[2024-11-23T00:53:21.374+0000] {logging_mixin.py:190} INFO - [2024-11-23T00:53:21.374+0000] {dag.py:4180} INFO - Setting next_dagrun for example_sla_dag to 2024-11-23 00:50:00+00:00, run_after=2024-11-23 00:52:00+00:00
[2024-11-23T00:53:21.392+0000] {processor.py:208} INFO - Processing /home/airflow/.local/lib/python3.12/site-packages/airflow/example_dags/example_sla_dag.py took 0.076 seconds
