[2024-11-23T00:49:22.191+0000] {processor.py:186} INFO - Started process (PID=100) to work on /home/airflow/.local/lib/python3.12/site-packages/airflow/example_dags/example_latest_only_with_trigger.py
[2024-11-23T00:49:22.191+0000] {processor.py:914} INFO - Processing file /home/airflow/.local/lib/python3.12/site-packages/airflow/example_dags/example_latest_only_with_trigger.py for tasks to queue
[2024-11-23T00:49:22.193+0000] {logging_mixin.py:190} INFO - [2024-11-23T00:49:22.193+0000] {dagbag.py:588} INFO - Filling up the DagBag from /home/airflow/.local/lib/python3.12/site-packages/airflow/example_dags/example_latest_only_with_trigger.py
[2024-11-23T00:49:22.200+0000] {processor.py:925} INFO - DAG(s) 'latest_only_with_trigger' retrieved from /home/airflow/.local/lib/python3.12/site-packages/airflow/example_dags/example_latest_only_with_trigger.py
[2024-11-23T00:49:22.281+0000] {logging_mixin.py:190} INFO - [2024-11-23T00:49:22.280+0000] {override.py:1911} INFO - Created Permission View: can delete on DAG:latest_only_with_trigger
[2024-11-23T00:49:22.288+0000] {logging_mixin.py:190} INFO - [2024-11-23T00:49:22.287+0000] {override.py:1911} INFO - Created Permission View: can read on DAG:latest_only_with_trigger
[2024-11-23T00:49:22.292+0000] {logging_mixin.py:190} INFO - [2024-11-23T00:49:22.292+0000] {override.py:1911} INFO - Created Permission View: can edit on DAG:latest_only_with_trigger
[2024-11-23T00:49:22.297+0000] {logging_mixin.py:190} INFO - [2024-11-23T00:49:22.297+0000] {override.py:1911} INFO - Created Permission View: can create on DAG Run:latest_only_with_trigger
[2024-11-23T00:49:22.303+0000] {logging_mixin.py:190} INFO - [2024-11-23T00:49:22.302+0000] {override.py:1911} INFO - Created Permission View: can delete on DAG Run:latest_only_with_trigger
[2024-11-23T00:49:22.308+0000] {logging_mixin.py:190} INFO - [2024-11-23T00:49:22.307+0000] {override.py:1911} INFO - Created Permission View: can read on DAG Run:latest_only_with_trigger
[2024-11-23T00:49:22.312+0000] {logging_mixin.py:190} INFO - [2024-11-23T00:49:22.312+0000] {override.py:1911} INFO - Created Permission View: menu access on DAG Run:latest_only_with_trigger
[2024-11-23T00:49:22.313+0000] {logging_mixin.py:190} INFO - [2024-11-23T00:49:22.312+0000] {dag.py:3239} INFO - Sync 1 DAGs
[2024-11-23T00:49:22.325+0000] {logging_mixin.py:190} INFO - [2024-11-23T00:49:22.325+0000] {dag.py:3262} INFO - Creating ORM DAG for latest_only_with_trigger
[2024-11-23T00:49:22.333+0000] {logging_mixin.py:190} INFO - [2024-11-23T00:49:22.333+0000] {dag.py:4180} INFO - Setting next_dagrun for latest_only_with_trigger to 2024-11-22 20:00:00+00:00, run_after=2024-11-23 00:00:00+00:00
[2024-11-23T00:49:22.346+0000] {processor.py:208} INFO - Processing /home/airflow/.local/lib/python3.12/site-packages/airflow/example_dags/example_latest_only_with_trigger.py took 0.160 seconds
[2024-11-23T00:49:53.519+0000] {processor.py:186} INFO - Started process (PID=163) to work on /home/airflow/.local/lib/python3.12/site-packages/airflow/example_dags/example_latest_only_with_trigger.py
[2024-11-23T00:49:53.520+0000] {processor.py:914} INFO - Processing file /home/airflow/.local/lib/python3.12/site-packages/airflow/example_dags/example_latest_only_with_trigger.py for tasks to queue
[2024-11-23T00:49:53.522+0000] {logging_mixin.py:190} INFO - [2024-11-23T00:49:53.522+0000] {dagbag.py:588} INFO - Filling up the DagBag from /home/airflow/.local/lib/python3.12/site-packages/airflow/example_dags/example_latest_only_with_trigger.py
[2024-11-23T00:49:53.531+0000] {processor.py:925} INFO - DAG(s) 'latest_only_with_trigger' retrieved from /home/airflow/.local/lib/python3.12/site-packages/airflow/example_dags/example_latest_only_with_trigger.py
[2024-11-23T00:49:53.561+0000] {logging_mixin.py:190} INFO - [2024-11-23T00:49:53.561+0000] {dag.py:3239} INFO - Sync 1 DAGs
[2024-11-23T00:49:53.601+0000] {logging_mixin.py:190} INFO - [2024-11-23T00:49:53.601+0000] {dag.py:4180} INFO - Setting next_dagrun for latest_only_with_trigger to 2024-11-22 20:00:00+00:00, run_after=2024-11-23 00:00:00+00:00
[2024-11-23T00:49:53.630+0000] {processor.py:208} INFO - Processing /home/airflow/.local/lib/python3.12/site-packages/airflow/example_dags/example_latest_only_with_trigger.py took 0.117 seconds
[2024-11-23T00:50:24.276+0000] {processor.py:186} INFO - Started process (PID=225) to work on /home/airflow/.local/lib/python3.12/site-packages/airflow/example_dags/example_latest_only_with_trigger.py
[2024-11-23T00:50:24.277+0000] {processor.py:914} INFO - Processing file /home/airflow/.local/lib/python3.12/site-packages/airflow/example_dags/example_latest_only_with_trigger.py for tasks to queue
[2024-11-23T00:50:24.279+0000] {logging_mixin.py:190} INFO - [2024-11-23T00:50:24.279+0000] {dagbag.py:588} INFO - Filling up the DagBag from /home/airflow/.local/lib/python3.12/site-packages/airflow/example_dags/example_latest_only_with_trigger.py
[2024-11-23T00:50:24.287+0000] {processor.py:925} INFO - DAG(s) 'latest_only_with_trigger' retrieved from /home/airflow/.local/lib/python3.12/site-packages/airflow/example_dags/example_latest_only_with_trigger.py
[2024-11-23T00:50:24.309+0000] {logging_mixin.py:190} INFO - [2024-11-23T00:50:24.309+0000] {dag.py:3239} INFO - Sync 1 DAGs
[2024-11-23T00:50:24.334+0000] {logging_mixin.py:190} INFO - [2024-11-23T00:50:24.334+0000] {dag.py:4180} INFO - Setting next_dagrun for latest_only_with_trigger to 2024-11-22 20:00:00+00:00, run_after=2024-11-23 00:00:00+00:00
[2024-11-23T00:50:24.353+0000] {processor.py:208} INFO - Processing /home/airflow/.local/lib/python3.12/site-packages/airflow/example_dags/example_latest_only_with_trigger.py took 0.083 seconds
[2024-11-23T00:50:55.375+0000] {processor.py:186} INFO - Started process (PID=289) to work on /home/airflow/.local/lib/python3.12/site-packages/airflow/example_dags/example_latest_only_with_trigger.py
[2024-11-23T00:50:55.376+0000] {processor.py:914} INFO - Processing file /home/airflow/.local/lib/python3.12/site-packages/airflow/example_dags/example_latest_only_with_trigger.py for tasks to queue
[2024-11-23T00:50:55.377+0000] {logging_mixin.py:190} INFO - [2024-11-23T00:50:55.377+0000] {dagbag.py:588} INFO - Filling up the DagBag from /home/airflow/.local/lib/python3.12/site-packages/airflow/example_dags/example_latest_only_with_trigger.py
[2024-11-23T00:50:55.384+0000] {processor.py:925} INFO - DAG(s) 'latest_only_with_trigger' retrieved from /home/airflow/.local/lib/python3.12/site-packages/airflow/example_dags/example_latest_only_with_trigger.py
[2024-11-23T00:50:55.401+0000] {logging_mixin.py:190} INFO - [2024-11-23T00:50:55.401+0000] {dag.py:3239} INFO - Sync 1 DAGs
[2024-11-23T00:50:55.422+0000] {logging_mixin.py:190} INFO - [2024-11-23T00:50:55.422+0000] {dag.py:4180} INFO - Setting next_dagrun for latest_only_with_trigger to 2024-11-22 20:00:00+00:00, run_after=2024-11-23 00:00:00+00:00
[2024-11-23T00:50:55.437+0000] {processor.py:208} INFO - Processing /home/airflow/.local/lib/python3.12/site-packages/airflow/example_dags/example_latest_only_with_trigger.py took 0.068 seconds
[2024-11-23T00:51:26.308+0000] {processor.py:186} INFO - Started process (PID=352) to work on /home/airflow/.local/lib/python3.12/site-packages/airflow/example_dags/example_latest_only_with_trigger.py
[2024-11-23T00:51:26.309+0000] {processor.py:914} INFO - Processing file /home/airflow/.local/lib/python3.12/site-packages/airflow/example_dags/example_latest_only_with_trigger.py for tasks to queue
[2024-11-23T00:51:26.311+0000] {logging_mixin.py:190} INFO - [2024-11-23T00:51:26.311+0000] {dagbag.py:588} INFO - Filling up the DagBag from /home/airflow/.local/lib/python3.12/site-packages/airflow/example_dags/example_latest_only_with_trigger.py
[2024-11-23T00:51:26.318+0000] {processor.py:925} INFO - DAG(s) 'latest_only_with_trigger' retrieved from /home/airflow/.local/lib/python3.12/site-packages/airflow/example_dags/example_latest_only_with_trigger.py
[2024-11-23T00:51:26.335+0000] {logging_mixin.py:190} INFO - [2024-11-23T00:51:26.335+0000] {dag.py:3239} INFO - Sync 1 DAGs
[2024-11-23T00:51:26.356+0000] {logging_mixin.py:190} INFO - [2024-11-23T00:51:26.356+0000] {dag.py:4180} INFO - Setting next_dagrun for latest_only_with_trigger to 2024-11-22 20:00:00+00:00, run_after=2024-11-23 00:00:00+00:00
[2024-11-23T00:51:26.370+0000] {processor.py:208} INFO - Processing /home/airflow/.local/lib/python3.12/site-packages/airflow/example_dags/example_latest_only_with_trigger.py took 0.067 seconds
[2024-11-23T00:51:57.222+0000] {processor.py:186} INFO - Started process (PID=415) to work on /home/airflow/.local/lib/python3.12/site-packages/airflow/example_dags/example_latest_only_with_trigger.py
[2024-11-23T00:51:57.223+0000] {processor.py:914} INFO - Processing file /home/airflow/.local/lib/python3.12/site-packages/airflow/example_dags/example_latest_only_with_trigger.py for tasks to queue
[2024-11-23T00:51:57.225+0000] {logging_mixin.py:190} INFO - [2024-11-23T00:51:57.224+0000] {dagbag.py:588} INFO - Filling up the DagBag from /home/airflow/.local/lib/python3.12/site-packages/airflow/example_dags/example_latest_only_with_trigger.py
[2024-11-23T00:51:57.232+0000] {processor.py:925} INFO - DAG(s) 'latest_only_with_trigger' retrieved from /home/airflow/.local/lib/python3.12/site-packages/airflow/example_dags/example_latest_only_with_trigger.py
[2024-11-23T00:51:57.249+0000] {logging_mixin.py:190} INFO - [2024-11-23T00:51:57.248+0000] {dag.py:3239} INFO - Sync 1 DAGs
[2024-11-23T00:51:57.269+0000] {logging_mixin.py:190} INFO - [2024-11-23T00:51:57.269+0000] {dag.py:4180} INFO - Setting next_dagrun for latest_only_with_trigger to 2024-11-22 20:00:00+00:00, run_after=2024-11-23 00:00:00+00:00
[2024-11-23T00:51:57.283+0000] {processor.py:208} INFO - Processing /home/airflow/.local/lib/python3.12/site-packages/airflow/example_dags/example_latest_only_with_trigger.py took 0.066 seconds
[2024-11-23T00:52:28.292+0000] {processor.py:186} INFO - Started process (PID=477) to work on /home/airflow/.local/lib/python3.12/site-packages/airflow/example_dags/example_latest_only_with_trigger.py
[2024-11-23T00:52:28.293+0000] {processor.py:914} INFO - Processing file /home/airflow/.local/lib/python3.12/site-packages/airflow/example_dags/example_latest_only_with_trigger.py for tasks to queue
[2024-11-23T00:52:28.294+0000] {logging_mixin.py:190} INFO - [2024-11-23T00:52:28.294+0000] {dagbag.py:588} INFO - Filling up the DagBag from /home/airflow/.local/lib/python3.12/site-packages/airflow/example_dags/example_latest_only_with_trigger.py
[2024-11-23T00:52:28.302+0000] {processor.py:925} INFO - DAG(s) 'latest_only_with_trigger' retrieved from /home/airflow/.local/lib/python3.12/site-packages/airflow/example_dags/example_latest_only_with_trigger.py
[2024-11-23T00:52:28.320+0000] {logging_mixin.py:190} INFO - [2024-11-23T00:52:28.320+0000] {dag.py:3239} INFO - Sync 1 DAGs
[2024-11-23T00:52:28.342+0000] {logging_mixin.py:190} INFO - [2024-11-23T00:52:28.342+0000] {dag.py:4180} INFO - Setting next_dagrun for latest_only_with_trigger to 2024-11-22 20:00:00+00:00, run_after=2024-11-23 00:00:00+00:00
[2024-11-23T00:52:28.358+0000] {processor.py:208} INFO - Processing /home/airflow/.local/lib/python3.12/site-packages/airflow/example_dags/example_latest_only_with_trigger.py took 0.071 seconds
[2024-11-23T00:52:59.118+0000] {processor.py:186} INFO - Started process (PID=540) to work on /home/airflow/.local/lib/python3.12/site-packages/airflow/example_dags/example_latest_only_with_trigger.py
[2024-11-23T00:52:59.119+0000] {processor.py:914} INFO - Processing file /home/airflow/.local/lib/python3.12/site-packages/airflow/example_dags/example_latest_only_with_trigger.py for tasks to queue
[2024-11-23T00:52:59.121+0000] {logging_mixin.py:190} INFO - [2024-11-23T00:52:59.121+0000] {dagbag.py:588} INFO - Filling up the DagBag from /home/airflow/.local/lib/python3.12/site-packages/airflow/example_dags/example_latest_only_with_trigger.py
[2024-11-23T00:52:59.129+0000] {processor.py:925} INFO - DAG(s) 'latest_only_with_trigger' retrieved from /home/airflow/.local/lib/python3.12/site-packages/airflow/example_dags/example_latest_only_with_trigger.py
[2024-11-23T00:52:59.148+0000] {logging_mixin.py:190} INFO - [2024-11-23T00:52:59.148+0000] {dag.py:3239} INFO - Sync 1 DAGs
[2024-11-23T00:52:59.168+0000] {logging_mixin.py:190} INFO - [2024-11-23T00:52:59.168+0000] {dag.py:4180} INFO - Setting next_dagrun for latest_only_with_trigger to 2024-11-22 20:00:00+00:00, run_after=2024-11-23 00:00:00+00:00
[2024-11-23T00:52:59.185+0000] {processor.py:208} INFO - Processing /home/airflow/.local/lib/python3.12/site-packages/airflow/example_dags/example_latest_only_with_trigger.py took 0.072 seconds
[2024-11-23T00:53:30.240+0000] {processor.py:186} INFO - Started process (PID=604) to work on /home/airflow/.local/lib/python3.12/site-packages/airflow/example_dags/example_latest_only_with_trigger.py
[2024-11-23T00:53:30.241+0000] {processor.py:914} INFO - Processing file /home/airflow/.local/lib/python3.12/site-packages/airflow/example_dags/example_latest_only_with_trigger.py for tasks to queue
[2024-11-23T00:53:30.243+0000] {logging_mixin.py:190} INFO - [2024-11-23T00:53:30.243+0000] {dagbag.py:588} INFO - Filling up the DagBag from /home/airflow/.local/lib/python3.12/site-packages/airflow/example_dags/example_latest_only_with_trigger.py
[2024-11-23T00:53:30.249+0000] {processor.py:925} INFO - DAG(s) 'latest_only_with_trigger' retrieved from /home/airflow/.local/lib/python3.12/site-packages/airflow/example_dags/example_latest_only_with_trigger.py
[2024-11-23T00:53:30.267+0000] {logging_mixin.py:190} INFO - [2024-11-23T00:53:30.266+0000] {dag.py:3239} INFO - Sync 1 DAGs
[2024-11-23T00:53:30.288+0000] {logging_mixin.py:190} INFO - [2024-11-23T00:53:30.287+0000] {dag.py:4180} INFO - Setting next_dagrun for latest_only_with_trigger to 2024-11-22 20:00:00+00:00, run_after=2024-11-23 00:00:00+00:00
[2024-11-23T00:53:30.303+0000] {processor.py:208} INFO - Processing /home/airflow/.local/lib/python3.12/site-packages/airflow/example_dags/example_latest_only_with_trigger.py took 0.068 seconds
