[2024-11-23T00:49:19.492+0000] {processor.py:186} INFO - Started process (PID=84) to work on /home/airflow/.local/lib/python3.12/site-packages/airflow/example_dags/example_bash_operator.py
[2024-11-23T00:49:19.493+0000] {processor.py:914} INFO - Processing file /home/airflow/.local/lib/python3.12/site-packages/airflow/example_dags/example_bash_operator.py for tasks to queue
[2024-11-23T00:49:19.495+0000] {logging_mixin.py:190} INFO - [2024-11-23T00:49:19.495+0000] {dagbag.py:588} INFO - Filling up the DagBag from /home/airflow/.local/lib/python3.12/site-packages/airflow/example_dags/example_bash_operator.py
[2024-11-23T00:49:19.508+0000] {processor.py:925} INFO - DAG(s) 'example_bash_operator' retrieved from /home/airflow/.local/lib/python3.12/site-packages/airflow/example_dags/example_bash_operator.py
[2024-11-23T00:49:19.607+0000] {logging_mixin.py:190} INFO - [2024-11-23T00:49:19.606+0000] {override.py:1911} INFO - Created Permission View: can delete on DAG:example_bash_operator
[2024-11-23T00:49:19.616+0000] {logging_mixin.py:190} INFO - [2024-11-23T00:49:19.616+0000] {override.py:1911} INFO - Created Permission View: can read on DAG:example_bash_operator
[2024-11-23T00:49:19.623+0000] {logging_mixin.py:190} INFO - [2024-11-23T00:49:19.623+0000] {override.py:1911} INFO - Created Permission View: can edit on DAG:example_bash_operator
[2024-11-23T00:49:19.631+0000] {logging_mixin.py:190} INFO - [2024-11-23T00:49:19.630+0000] {override.py:1911} INFO - Created Permission View: can create on DAG Run:example_bash_operator
[2024-11-23T00:49:19.638+0000] {logging_mixin.py:190} INFO - [2024-11-23T00:49:19.638+0000] {override.py:1911} INFO - Created Permission View: can delete on DAG Run:example_bash_operator
[2024-11-23T00:49:19.645+0000] {logging_mixin.py:190} INFO - [2024-11-23T00:49:19.645+0000] {override.py:1911} INFO - Created Permission View: can read on DAG Run:example_bash_operator
[2024-11-23T00:49:19.652+0000] {logging_mixin.py:190} INFO - [2024-11-23T00:49:19.651+0000] {override.py:1911} INFO - Created Permission View: menu access on DAG Run:example_bash_operator
[2024-11-23T00:49:19.652+0000] {logging_mixin.py:190} INFO - [2024-11-23T00:49:19.652+0000] {dag.py:3239} INFO - Sync 1 DAGs
[2024-11-23T00:49:19.663+0000] {logging_mixin.py:190} INFO - [2024-11-23T00:49:19.662+0000] {dag.py:3262} INFO - Creating ORM DAG for example_bash_operator
[2024-11-23T00:49:19.672+0000] {logging_mixin.py:190} INFO - [2024-11-23T00:49:19.672+0000] {dag.py:4180} INFO - Setting next_dagrun for example_bash_operator to 2024-11-22 00:00:00+00:00, run_after=2024-11-23 00:00:00+00:00
[2024-11-23T00:49:19.690+0000] {processor.py:208} INFO - Processing /home/airflow/.local/lib/python3.12/site-packages/airflow/example_dags/example_bash_operator.py took 0.204 seconds
[2024-11-23T00:49:50.671+0000] {processor.py:186} INFO - Started process (PID=147) to work on /home/airflow/.local/lib/python3.12/site-packages/airflow/example_dags/example_bash_operator.py
[2024-11-23T00:49:50.672+0000] {processor.py:914} INFO - Processing file /home/airflow/.local/lib/python3.12/site-packages/airflow/example_dags/example_bash_operator.py for tasks to queue
[2024-11-23T00:49:50.674+0000] {logging_mixin.py:190} INFO - [2024-11-23T00:49:50.674+0000] {dagbag.py:588} INFO - Filling up the DagBag from /home/airflow/.local/lib/python3.12/site-packages/airflow/example_dags/example_bash_operator.py
[2024-11-23T00:49:50.687+0000] {processor.py:925} INFO - DAG(s) 'example_bash_operator' retrieved from /home/airflow/.local/lib/python3.12/site-packages/airflow/example_dags/example_bash_operator.py
[2024-11-23T00:49:50.712+0000] {logging_mixin.py:190} INFO - [2024-11-23T00:49:50.711+0000] {dag.py:3239} INFO - Sync 1 DAGs
[2024-11-23T00:49:50.734+0000] {logging_mixin.py:190} INFO - [2024-11-23T00:49:50.733+0000] {dag.py:4180} INFO - Setting next_dagrun for example_bash_operator to 2024-11-22 00:00:00+00:00, run_after=2024-11-23 00:00:00+00:00
[2024-11-23T00:49:50.750+0000] {processor.py:208} INFO - Processing /home/airflow/.local/lib/python3.12/site-packages/airflow/example_dags/example_bash_operator.py took 0.084 seconds
[2024-11-23T00:50:20.891+0000] {processor.py:186} INFO - Started process (PID=210) to work on /home/airflow/.local/lib/python3.12/site-packages/airflow/example_dags/example_bash_operator.py
[2024-11-23T00:50:20.892+0000] {processor.py:914} INFO - Processing file /home/airflow/.local/lib/python3.12/site-packages/airflow/example_dags/example_bash_operator.py for tasks to queue
[2024-11-23T00:50:20.894+0000] {logging_mixin.py:190} INFO - [2024-11-23T00:50:20.894+0000] {dagbag.py:588} INFO - Filling up the DagBag from /home/airflow/.local/lib/python3.12/site-packages/airflow/example_dags/example_bash_operator.py
[2024-11-23T00:50:20.905+0000] {processor.py:925} INFO - DAG(s) 'example_bash_operator' retrieved from /home/airflow/.local/lib/python3.12/site-packages/airflow/example_dags/example_bash_operator.py
[2024-11-23T00:50:20.927+0000] {logging_mixin.py:190} INFO - [2024-11-23T00:50:20.927+0000] {dag.py:3239} INFO - Sync 1 DAGs
[2024-11-23T00:50:20.948+0000] {logging_mixin.py:190} INFO - [2024-11-23T00:50:20.948+0000] {dag.py:4180} INFO - Setting next_dagrun for example_bash_operator to 2024-11-22 00:00:00+00:00, run_after=2024-11-23 00:00:00+00:00
[2024-11-23T00:50:20.964+0000] {processor.py:208} INFO - Processing /home/airflow/.local/lib/python3.12/site-packages/airflow/example_dags/example_bash_operator.py took 0.078 seconds
[2024-11-23T00:50:51.931+0000] {processor.py:186} INFO - Started process (PID=273) to work on /home/airflow/.local/lib/python3.12/site-packages/airflow/example_dags/example_bash_operator.py
[2024-11-23T00:50:51.931+0000] {processor.py:914} INFO - Processing file /home/airflow/.local/lib/python3.12/site-packages/airflow/example_dags/example_bash_operator.py for tasks to queue
[2024-11-23T00:50:51.933+0000] {logging_mixin.py:190} INFO - [2024-11-23T00:50:51.933+0000] {dagbag.py:588} INFO - Filling up the DagBag from /home/airflow/.local/lib/python3.12/site-packages/airflow/example_dags/example_bash_operator.py
[2024-11-23T00:50:51.944+0000] {processor.py:925} INFO - DAG(s) 'example_bash_operator' retrieved from /home/airflow/.local/lib/python3.12/site-packages/airflow/example_dags/example_bash_operator.py
[2024-11-23T00:50:51.965+0000] {logging_mixin.py:190} INFO - [2024-11-23T00:50:51.965+0000] {dag.py:3239} INFO - Sync 1 DAGs
[2024-11-23T00:50:51.986+0000] {logging_mixin.py:190} INFO - [2024-11-23T00:50:51.986+0000] {dag.py:4180} INFO - Setting next_dagrun for example_bash_operator to 2024-11-22 00:00:00+00:00, run_after=2024-11-23 00:00:00+00:00
[2024-11-23T00:50:52.001+0000] {processor.py:208} INFO - Processing /home/airflow/.local/lib/python3.12/site-packages/airflow/example_dags/example_bash_operator.py took 0.075 seconds
[2024-11-23T00:51:22.761+0000] {processor.py:186} INFO - Started process (PID=336) to work on /home/airflow/.local/lib/python3.12/site-packages/airflow/example_dags/example_bash_operator.py
[2024-11-23T00:51:22.762+0000] {processor.py:914} INFO - Processing file /home/airflow/.local/lib/python3.12/site-packages/airflow/example_dags/example_bash_operator.py for tasks to queue
[2024-11-23T00:51:22.764+0000] {logging_mixin.py:190} INFO - [2024-11-23T00:51:22.763+0000] {dagbag.py:588} INFO - Filling up the DagBag from /home/airflow/.local/lib/python3.12/site-packages/airflow/example_dags/example_bash_operator.py
[2024-11-23T00:51:22.775+0000] {processor.py:925} INFO - DAG(s) 'example_bash_operator' retrieved from /home/airflow/.local/lib/python3.12/site-packages/airflow/example_dags/example_bash_operator.py
[2024-11-23T00:51:22.796+0000] {logging_mixin.py:190} INFO - [2024-11-23T00:51:22.796+0000] {dag.py:3239} INFO - Sync 1 DAGs
[2024-11-23T00:51:22.818+0000] {logging_mixin.py:190} INFO - [2024-11-23T00:51:22.817+0000] {dag.py:4180} INFO - Setting next_dagrun for example_bash_operator to 2024-11-22 00:00:00+00:00, run_after=2024-11-23 00:00:00+00:00
[2024-11-23T00:51:22.832+0000] {processor.py:208} INFO - Processing /home/airflow/.local/lib/python3.12/site-packages/airflow/example_dags/example_bash_operator.py took 0.076 seconds
[2024-11-23T00:51:53.526+0000] {processor.py:186} INFO - Started process (PID=399) to work on /home/airflow/.local/lib/python3.12/site-packages/airflow/example_dags/example_bash_operator.py
[2024-11-23T00:51:53.527+0000] {processor.py:914} INFO - Processing file /home/airflow/.local/lib/python3.12/site-packages/airflow/example_dags/example_bash_operator.py for tasks to queue
[2024-11-23T00:51:53.529+0000] {logging_mixin.py:190} INFO - [2024-11-23T00:51:53.529+0000] {dagbag.py:588} INFO - Filling up the DagBag from /home/airflow/.local/lib/python3.12/site-packages/airflow/example_dags/example_bash_operator.py
[2024-11-23T00:51:53.541+0000] {processor.py:925} INFO - DAG(s) 'example_bash_operator' retrieved from /home/airflow/.local/lib/python3.12/site-packages/airflow/example_dags/example_bash_operator.py
[2024-11-23T00:51:53.563+0000] {logging_mixin.py:190} INFO - [2024-11-23T00:51:53.562+0000] {dag.py:3239} INFO - Sync 1 DAGs
[2024-11-23T00:51:53.583+0000] {logging_mixin.py:190} INFO - [2024-11-23T00:51:53.583+0000] {dag.py:4180} INFO - Setting next_dagrun for example_bash_operator to 2024-11-22 00:00:00+00:00, run_after=2024-11-23 00:00:00+00:00
[2024-11-23T00:51:53.597+0000] {processor.py:208} INFO - Processing /home/airflow/.local/lib/python3.12/site-packages/airflow/example_dags/example_bash_operator.py took 0.076 seconds
[2024-11-23T00:52:23.690+0000] {processor.py:186} INFO - Started process (PID=461) to work on /home/airflow/.local/lib/python3.12/site-packages/airflow/example_dags/example_bash_operator.py
[2024-11-23T00:52:23.691+0000] {processor.py:914} INFO - Processing file /home/airflow/.local/lib/python3.12/site-packages/airflow/example_dags/example_bash_operator.py for tasks to queue
[2024-11-23T00:52:23.693+0000] {logging_mixin.py:190} INFO - [2024-11-23T00:52:23.693+0000] {dagbag.py:588} INFO - Filling up the DagBag from /home/airflow/.local/lib/python3.12/site-packages/airflow/example_dags/example_bash_operator.py
[2024-11-23T00:52:23.703+0000] {processor.py:925} INFO - DAG(s) 'example_bash_operator' retrieved from /home/airflow/.local/lib/python3.12/site-packages/airflow/example_dags/example_bash_operator.py
[2024-11-23T00:52:23.726+0000] {logging_mixin.py:190} INFO - [2024-11-23T00:52:23.726+0000] {dag.py:3239} INFO - Sync 1 DAGs
[2024-11-23T00:52:23.745+0000] {logging_mixin.py:190} INFO - [2024-11-23T00:52:23.745+0000] {dag.py:4180} INFO - Setting next_dagrun for example_bash_operator to 2024-11-22 00:00:00+00:00, run_after=2024-11-23 00:00:00+00:00
[2024-11-23T00:52:23.760+0000] {processor.py:208} INFO - Processing /home/airflow/.local/lib/python3.12/site-packages/airflow/example_dags/example_bash_operator.py took 0.075 seconds
[2024-11-23T00:52:54.676+0000] {processor.py:186} INFO - Started process (PID=524) to work on /home/airflow/.local/lib/python3.12/site-packages/airflow/example_dags/example_bash_operator.py
[2024-11-23T00:52:54.677+0000] {processor.py:914} INFO - Processing file /home/airflow/.local/lib/python3.12/site-packages/airflow/example_dags/example_bash_operator.py for tasks to queue
[2024-11-23T00:52:54.679+0000] {logging_mixin.py:190} INFO - [2024-11-23T00:52:54.679+0000] {dagbag.py:588} INFO - Filling up the DagBag from /home/airflow/.local/lib/python3.12/site-packages/airflow/example_dags/example_bash_operator.py
[2024-11-23T00:52:54.689+0000] {processor.py:925} INFO - DAG(s) 'example_bash_operator' retrieved from /home/airflow/.local/lib/python3.12/site-packages/airflow/example_dags/example_bash_operator.py
[2024-11-23T00:52:54.712+0000] {logging_mixin.py:190} INFO - [2024-11-23T00:52:54.711+0000] {dag.py:3239} INFO - Sync 1 DAGs
[2024-11-23T00:52:54.731+0000] {logging_mixin.py:190} INFO - [2024-11-23T00:52:54.731+0000] {dag.py:4180} INFO - Setting next_dagrun for example_bash_operator to 2024-11-22 00:00:00+00:00, run_after=2024-11-23 00:00:00+00:00
[2024-11-23T00:52:54.746+0000] {processor.py:208} INFO - Processing /home/airflow/.local/lib/python3.12/site-packages/airflow/example_dags/example_bash_operator.py took 0.074 seconds
[2024-11-23T00:53:25.047+0000] {processor.py:186} INFO - Started process (PID=587) to work on /home/airflow/.local/lib/python3.12/site-packages/airflow/example_dags/example_bash_operator.py
[2024-11-23T00:53:25.048+0000] {processor.py:914} INFO - Processing file /home/airflow/.local/lib/python3.12/site-packages/airflow/example_dags/example_bash_operator.py for tasks to queue
[2024-11-23T00:53:25.050+0000] {logging_mixin.py:190} INFO - [2024-11-23T00:53:25.050+0000] {dagbag.py:588} INFO - Filling up the DagBag from /home/airflow/.local/lib/python3.12/site-packages/airflow/example_dags/example_bash_operator.py
[2024-11-23T00:53:25.061+0000] {processor.py:925} INFO - DAG(s) 'example_bash_operator' retrieved from /home/airflow/.local/lib/python3.12/site-packages/airflow/example_dags/example_bash_operator.py
[2024-11-23T00:53:25.083+0000] {logging_mixin.py:190} INFO - [2024-11-23T00:53:25.083+0000] {dag.py:3239} INFO - Sync 1 DAGs
[2024-11-23T00:53:25.104+0000] {logging_mixin.py:190} INFO - [2024-11-23T00:53:25.104+0000] {dag.py:4180} INFO - Setting next_dagrun for example_bash_operator to 2024-11-22 00:00:00+00:00, run_after=2024-11-23 00:00:00+00:00
[2024-11-23T00:53:25.118+0000] {processor.py:208} INFO - Processing /home/airflow/.local/lib/python3.12/site-packages/airflow/example_dags/example_bash_operator.py took 0.076 seconds
