[2024-11-23T00:49:16.641+0000] {processor.py:186} INFO - Started process (PID=59) to work on /home/airflow/.local/lib/python3.12/site-packages/airflow/example_dags/example_skip_dag.py
[2024-11-23T00:49:16.642+0000] {processor.py:914} INFO - Processing file /home/airflow/.local/lib/python3.12/site-packages/airflow/example_dags/example_skip_dag.py for tasks to queue
[2024-11-23T00:49:16.644+0000] {logging_mixin.py:190} INFO - [2024-11-23T00:49:16.644+0000] {dagbag.py:588} INFO - Filling up the DagBag from /home/airflow/.local/lib/python3.12/site-packages/airflow/example_dags/example_skip_dag.py
[2024-11-23T00:49:16.653+0000] {processor.py:925} INFO - DAG(s) 'example_skip_dag' retrieved from /home/airflow/.local/lib/python3.12/site-packages/airflow/example_dags/example_skip_dag.py
[2024-11-23T00:49:16.744+0000] {logging_mixin.py:190} INFO - [2024-11-23T00:49:16.744+0000] {override.py:1911} INFO - Created Permission View: can delete on DAG:example_skip_dag
[2024-11-23T00:49:16.753+0000] {logging_mixin.py:190} INFO - [2024-11-23T00:49:16.752+0000] {override.py:1911} INFO - Created Permission View: can read on DAG:example_skip_dag
[2024-11-23T00:49:16.758+0000] {logging_mixin.py:190} INFO - [2024-11-23T00:49:16.758+0000] {override.py:1911} INFO - Created Permission View: can edit on DAG:example_skip_dag
[2024-11-23T00:49:16.764+0000] {logging_mixin.py:190} INFO - [2024-11-23T00:49:16.764+0000] {override.py:1911} INFO - Created Permission View: can create on DAG Run:example_skip_dag
[2024-11-23T00:49:16.770+0000] {logging_mixin.py:190} INFO - [2024-11-23T00:49:16.769+0000] {override.py:1911} INFO - Created Permission View: can delete on DAG Run:example_skip_dag
[2024-11-23T00:49:16.775+0000] {logging_mixin.py:190} INFO - [2024-11-23T00:49:16.775+0000] {override.py:1911} INFO - Created Permission View: can read on DAG Run:example_skip_dag
[2024-11-23T00:49:16.780+0000] {logging_mixin.py:190} INFO - [2024-11-23T00:49:16.780+0000] {override.py:1911} INFO - Created Permission View: menu access on DAG Run:example_skip_dag
[2024-11-23T00:49:16.781+0000] {logging_mixin.py:190} INFO - [2024-11-23T00:49:16.781+0000] {dag.py:3239} INFO - Sync 1 DAGs
[2024-11-23T00:49:16.791+0000] {logging_mixin.py:190} INFO - [2024-11-23T00:49:16.790+0000] {dag.py:3262} INFO - Creating ORM DAG for example_skip_dag
[2024-11-23T00:49:16.800+0000] {logging_mixin.py:190} INFO - [2024-11-23T00:49:16.800+0000] {dag.py:4180} INFO - Setting next_dagrun for example_skip_dag to 2024-11-22 00:00:00+00:00, run_after=2024-11-23 00:00:00+00:00
[2024-11-23T00:49:16.814+0000] {processor.py:208} INFO - Processing /home/airflow/.local/lib/python3.12/site-packages/airflow/example_dags/example_skip_dag.py took 0.178 seconds
[2024-11-23T00:49:47.256+0000] {processor.py:186} INFO - Started process (PID=121) to work on /home/airflow/.local/lib/python3.12/site-packages/airflow/example_dags/example_skip_dag.py
[2024-11-23T00:49:47.257+0000] {processor.py:914} INFO - Processing file /home/airflow/.local/lib/python3.12/site-packages/airflow/example_dags/example_skip_dag.py for tasks to queue
[2024-11-23T00:49:47.259+0000] {logging_mixin.py:190} INFO - [2024-11-23T00:49:47.258+0000] {dagbag.py:588} INFO - Filling up the DagBag from /home/airflow/.local/lib/python3.12/site-packages/airflow/example_dags/example_skip_dag.py
[2024-11-23T00:49:47.271+0000] {processor.py:925} INFO - DAG(s) 'example_skip_dag' retrieved from /home/airflow/.local/lib/python3.12/site-packages/airflow/example_dags/example_skip_dag.py
[2024-11-23T00:49:47.293+0000] {logging_mixin.py:190} INFO - [2024-11-23T00:49:47.293+0000] {dag.py:3239} INFO - Sync 1 DAGs
[2024-11-23T00:49:47.320+0000] {logging_mixin.py:190} INFO - [2024-11-23T00:49:47.320+0000] {dag.py:4180} INFO - Setting next_dagrun for example_skip_dag to 2024-11-22 00:00:00+00:00, run_after=2024-11-23 00:00:00+00:00
[2024-11-23T00:49:47.342+0000] {processor.py:208} INFO - Processing /home/airflow/.local/lib/python3.12/site-packages/airflow/example_dags/example_skip_dag.py took 0.093 seconds
[2024-11-23T00:50:17.516+0000] {processor.py:186} INFO - Started process (PID=184) to work on /home/airflow/.local/lib/python3.12/site-packages/airflow/example_dags/example_skip_dag.py
[2024-11-23T00:50:17.517+0000] {processor.py:914} INFO - Processing file /home/airflow/.local/lib/python3.12/site-packages/airflow/example_dags/example_skip_dag.py for tasks to queue
[2024-11-23T00:50:17.519+0000] {logging_mixin.py:190} INFO - [2024-11-23T00:50:17.519+0000] {dagbag.py:588} INFO - Filling up the DagBag from /home/airflow/.local/lib/python3.12/site-packages/airflow/example_dags/example_skip_dag.py
[2024-11-23T00:50:17.526+0000] {processor.py:925} INFO - DAG(s) 'example_skip_dag' retrieved from /home/airflow/.local/lib/python3.12/site-packages/airflow/example_dags/example_skip_dag.py
[2024-11-23T00:50:17.544+0000] {logging_mixin.py:190} INFO - [2024-11-23T00:50:17.544+0000] {dag.py:3239} INFO - Sync 1 DAGs
[2024-11-23T00:50:17.564+0000] {logging_mixin.py:190} INFO - [2024-11-23T00:50:17.564+0000] {dag.py:4180} INFO - Setting next_dagrun for example_skip_dag to 2024-11-22 00:00:00+00:00, run_after=2024-11-23 00:00:00+00:00
[2024-11-23T00:50:17.578+0000] {processor.py:208} INFO - Processing /home/airflow/.local/lib/python3.12/site-packages/airflow/example_dags/example_skip_dag.py took 0.067 seconds
[2024-11-23T00:50:47.660+0000] {processor.py:186} INFO - Started process (PID=247) to work on /home/airflow/.local/lib/python3.12/site-packages/airflow/example_dags/example_skip_dag.py
[2024-11-23T00:50:47.661+0000] {processor.py:914} INFO - Processing file /home/airflow/.local/lib/python3.12/site-packages/airflow/example_dags/example_skip_dag.py for tasks to queue
[2024-11-23T00:50:47.663+0000] {logging_mixin.py:190} INFO - [2024-11-23T00:50:47.663+0000] {dagbag.py:588} INFO - Filling up the DagBag from /home/airflow/.local/lib/python3.12/site-packages/airflow/example_dags/example_skip_dag.py
[2024-11-23T00:50:47.670+0000] {processor.py:925} INFO - DAG(s) 'example_skip_dag' retrieved from /home/airflow/.local/lib/python3.12/site-packages/airflow/example_dags/example_skip_dag.py
[2024-11-23T00:50:47.688+0000] {logging_mixin.py:190} INFO - [2024-11-23T00:50:47.688+0000] {dag.py:3239} INFO - Sync 1 DAGs
[2024-11-23T00:50:47.709+0000] {logging_mixin.py:190} INFO - [2024-11-23T00:50:47.709+0000] {dag.py:4180} INFO - Setting next_dagrun for example_skip_dag to 2024-11-22 00:00:00+00:00, run_after=2024-11-23 00:00:00+00:00
[2024-11-23T00:50:47.724+0000] {processor.py:208} INFO - Processing /home/airflow/.local/lib/python3.12/site-packages/airflow/example_dags/example_skip_dag.py took 0.069 seconds
[2024-11-23T00:51:18.234+0000] {processor.py:186} INFO - Started process (PID=310) to work on /home/airflow/.local/lib/python3.12/site-packages/airflow/example_dags/example_skip_dag.py
[2024-11-23T00:51:18.235+0000] {processor.py:914} INFO - Processing file /home/airflow/.local/lib/python3.12/site-packages/airflow/example_dags/example_skip_dag.py for tasks to queue
[2024-11-23T00:51:18.237+0000] {logging_mixin.py:190} INFO - [2024-11-23T00:51:18.237+0000] {dagbag.py:588} INFO - Filling up the DagBag from /home/airflow/.local/lib/python3.12/site-packages/airflow/example_dags/example_skip_dag.py
[2024-11-23T00:51:18.245+0000] {processor.py:925} INFO - DAG(s) 'example_skip_dag' retrieved from /home/airflow/.local/lib/python3.12/site-packages/airflow/example_dags/example_skip_dag.py
[2024-11-23T00:51:18.263+0000] {logging_mixin.py:190} INFO - [2024-11-23T00:51:18.263+0000] {dag.py:3239} INFO - Sync 1 DAGs
[2024-11-23T00:51:18.283+0000] {logging_mixin.py:190} INFO - [2024-11-23T00:51:18.283+0000] {dag.py:4180} INFO - Setting next_dagrun for example_skip_dag to 2024-11-22 00:00:00+00:00, run_after=2024-11-23 00:00:00+00:00
[2024-11-23T00:51:18.297+0000] {processor.py:208} INFO - Processing /home/airflow/.local/lib/python3.12/site-packages/airflow/example_dags/example_skip_dag.py took 0.068 seconds
[2024-11-23T00:51:48.431+0000] {processor.py:186} INFO - Started process (PID=373) to work on /home/airflow/.local/lib/python3.12/site-packages/airflow/example_dags/example_skip_dag.py
[2024-11-23T00:51:48.432+0000] {processor.py:914} INFO - Processing file /home/airflow/.local/lib/python3.12/site-packages/airflow/example_dags/example_skip_dag.py for tasks to queue
[2024-11-23T00:51:48.434+0000] {logging_mixin.py:190} INFO - [2024-11-23T00:51:48.433+0000] {dagbag.py:588} INFO - Filling up the DagBag from /home/airflow/.local/lib/python3.12/site-packages/airflow/example_dags/example_skip_dag.py
[2024-11-23T00:51:48.441+0000] {processor.py:925} INFO - DAG(s) 'example_skip_dag' retrieved from /home/airflow/.local/lib/python3.12/site-packages/airflow/example_dags/example_skip_dag.py
[2024-11-23T00:51:48.459+0000] {logging_mixin.py:190} INFO - [2024-11-23T00:51:48.459+0000] {dag.py:3239} INFO - Sync 1 DAGs
[2024-11-23T00:51:48.479+0000] {logging_mixin.py:190} INFO - [2024-11-23T00:51:48.478+0000] {dag.py:4180} INFO - Setting next_dagrun for example_skip_dag to 2024-11-22 00:00:00+00:00, run_after=2024-11-23 00:00:00+00:00
[2024-11-23T00:51:48.493+0000] {processor.py:208} INFO - Processing /home/airflow/.local/lib/python3.12/site-packages/airflow/example_dags/example_skip_dag.py took 0.067 seconds
[2024-11-23T00:52:18.910+0000] {processor.py:186} INFO - Started process (PID=436) to work on /home/airflow/.local/lib/python3.12/site-packages/airflow/example_dags/example_skip_dag.py
[2024-11-23T00:52:18.911+0000] {processor.py:914} INFO - Processing file /home/airflow/.local/lib/python3.12/site-packages/airflow/example_dags/example_skip_dag.py for tasks to queue
[2024-11-23T00:52:18.912+0000] {logging_mixin.py:190} INFO - [2024-11-23T00:52:18.912+0000] {dagbag.py:588} INFO - Filling up the DagBag from /home/airflow/.local/lib/python3.12/site-packages/airflow/example_dags/example_skip_dag.py
[2024-11-23T00:52:18.919+0000] {processor.py:925} INFO - DAG(s) 'example_skip_dag' retrieved from /home/airflow/.local/lib/python3.12/site-packages/airflow/example_dags/example_skip_dag.py
[2024-11-23T00:52:18.935+0000] {logging_mixin.py:190} INFO - [2024-11-23T00:52:18.935+0000] {dag.py:3239} INFO - Sync 1 DAGs
[2024-11-23T00:52:18.955+0000] {logging_mixin.py:190} INFO - [2024-11-23T00:52:18.955+0000] {dag.py:4180} INFO - Setting next_dagrun for example_skip_dag to 2024-11-22 00:00:00+00:00, run_after=2024-11-23 00:00:00+00:00
[2024-11-23T00:52:18.969+0000] {processor.py:208} INFO - Processing /home/airflow/.local/lib/python3.12/site-packages/airflow/example_dags/example_skip_dag.py took 0.064 seconds
[2024-11-23T00:52:49.738+0000] {processor.py:186} INFO - Started process (PID=505) to work on /home/airflow/.local/lib/python3.12/site-packages/airflow/example_dags/example_skip_dag.py
[2024-11-23T00:52:49.739+0000] {processor.py:914} INFO - Processing file /home/airflow/.local/lib/python3.12/site-packages/airflow/example_dags/example_skip_dag.py for tasks to queue
[2024-11-23T00:52:49.741+0000] {logging_mixin.py:190} INFO - [2024-11-23T00:52:49.740+0000] {dagbag.py:588} INFO - Filling up the DagBag from /home/airflow/.local/lib/python3.12/site-packages/airflow/example_dags/example_skip_dag.py
[2024-11-23T00:52:49.747+0000] {processor.py:925} INFO - DAG(s) 'example_skip_dag' retrieved from /home/airflow/.local/lib/python3.12/site-packages/airflow/example_dags/example_skip_dag.py
[2024-11-23T00:52:49.767+0000] {logging_mixin.py:190} INFO - [2024-11-23T00:52:49.767+0000] {dag.py:3239} INFO - Sync 1 DAGs
[2024-11-23T00:52:49.788+0000] {logging_mixin.py:190} INFO - [2024-11-23T00:52:49.788+0000] {dag.py:4180} INFO - Setting next_dagrun for example_skip_dag to 2024-11-22 00:00:00+00:00, run_after=2024-11-23 00:00:00+00:00
[2024-11-23T00:52:49.803+0000] {processor.py:208} INFO - Processing /home/airflow/.local/lib/python3.12/site-packages/airflow/example_dags/example_skip_dag.py took 0.070 seconds
[2024-11-23T00:53:19.979+0000] {processor.py:186} INFO - Started process (PID=568) to work on /home/airflow/.local/lib/python3.12/site-packages/airflow/example_dags/example_skip_dag.py
[2024-11-23T00:53:19.979+0000] {processor.py:914} INFO - Processing file /home/airflow/.local/lib/python3.12/site-packages/airflow/example_dags/example_skip_dag.py for tasks to queue
[2024-11-23T00:53:19.981+0000] {logging_mixin.py:190} INFO - [2024-11-23T00:53:19.981+0000] {dagbag.py:588} INFO - Filling up the DagBag from /home/airflow/.local/lib/python3.12/site-packages/airflow/example_dags/example_skip_dag.py
[2024-11-23T00:53:19.988+0000] {processor.py:925} INFO - DAG(s) 'example_skip_dag' retrieved from /home/airflow/.local/lib/python3.12/site-packages/airflow/example_dags/example_skip_dag.py
[2024-11-23T00:53:20.008+0000] {logging_mixin.py:190} INFO - [2024-11-23T00:53:20.008+0000] {dag.py:3239} INFO - Sync 1 DAGs
[2024-11-23T00:53:20.030+0000] {logging_mixin.py:190} INFO - [2024-11-23T00:53:20.030+0000] {dag.py:4180} INFO - Setting next_dagrun for example_skip_dag to 2024-11-22 00:00:00+00:00, run_after=2024-11-23 00:00:00+00:00
[2024-11-23T00:53:20.047+0000] {processor.py:208} INFO - Processing /home/airflow/.local/lib/python3.12/site-packages/airflow/example_dags/example_skip_dag.py took 0.074 seconds
