[2024-11-23T00:49:16.404+0000] {processor.py:186} INFO - Started process (PID=58) to work on /home/airflow/.local/lib/python3.12/site-packages/airflow/example_dags/example_branch_operator.py
[2024-11-23T00:49:16.405+0000] {processor.py:914} INFO - Processing file /home/airflow/.local/lib/python3.12/site-packages/airflow/example_dags/example_branch_operator.py for tasks to queue
[2024-11-23T00:49:16.407+0000] {logging_mixin.py:190} INFO - [2024-11-23T00:49:16.406+0000] {dagbag.py:588} INFO - Filling up the DagBag from /home/airflow/.local/lib/python3.12/site-packages/airflow/example_dags/example_branch_operator.py
[2024-11-23T00:49:16.432+0000] {processor.py:925} INFO - DAG(s) 'example_branch_operator' retrieved from /home/airflow/.local/lib/python3.12/site-packages/airflow/example_dags/example_branch_operator.py
[2024-11-23T00:49:16.528+0000] {logging_mixin.py:190} INFO - [2024-11-23T00:49:16.528+0000] {override.py:1911} INFO - Created Permission View: can delete on DAG:example_branch_operator
[2024-11-23T00:49:16.536+0000] {logging_mixin.py:190} INFO - [2024-11-23T00:49:16.536+0000] {override.py:1911} INFO - Created Permission View: can read on DAG:example_branch_operator
[2024-11-23T00:49:16.541+0000] {logging_mixin.py:190} INFO - [2024-11-23T00:49:16.541+0000] {override.py:1911} INFO - Created Permission View: can edit on DAG:example_branch_operator
[2024-11-23T00:49:16.547+0000] {logging_mixin.py:190} INFO - [2024-11-23T00:49:16.547+0000] {override.py:1911} INFO - Created Permission View: can create on DAG Run:example_branch_operator
[2024-11-23T00:49:16.555+0000] {logging_mixin.py:190} INFO - [2024-11-23T00:49:16.554+0000] {override.py:1911} INFO - Created Permission View: can delete on DAG Run:example_branch_operator
[2024-11-23T00:49:16.560+0000] {logging_mixin.py:190} INFO - [2024-11-23T00:49:16.560+0000] {override.py:1911} INFO - Created Permission View: can read on DAG Run:example_branch_operator
[2024-11-23T00:49:16.566+0000] {logging_mixin.py:190} INFO - [2024-11-23T00:49:16.566+0000] {override.py:1911} INFO - Created Permission View: menu access on DAG Run:example_branch_operator
[2024-11-23T00:49:16.566+0000] {logging_mixin.py:190} INFO - [2024-11-23T00:49:16.566+0000] {dag.py:3239} INFO - Sync 1 DAGs
[2024-11-23T00:49:16.577+0000] {logging_mixin.py:190} INFO - [2024-11-23T00:49:16.577+0000] {dag.py:3262} INFO - Creating ORM DAG for example_branch_operator
[2024-11-23T00:49:16.587+0000] {logging_mixin.py:190} INFO - [2024-11-23T00:49:16.587+0000] {dag.py:4180} INFO - Setting next_dagrun for example_branch_operator to 2024-11-22 00:00:00+00:00, run_after=2024-11-23 00:00:00+00:00
[2024-11-23T00:49:16.605+0000] {processor.py:208} INFO - Processing /home/airflow/.local/lib/python3.12/site-packages/airflow/example_dags/example_branch_operator.py took 0.207 seconds
[2024-11-23T00:49:47.178+0000] {processor.py:186} INFO - Started process (PID=120) to work on /home/airflow/.local/lib/python3.12/site-packages/airflow/example_dags/example_branch_operator.py
[2024-11-23T00:49:47.179+0000] {processor.py:914} INFO - Processing file /home/airflow/.local/lib/python3.12/site-packages/airflow/example_dags/example_branch_operator.py for tasks to queue
[2024-11-23T00:49:47.182+0000] {logging_mixin.py:190} INFO - [2024-11-23T00:49:47.181+0000] {dagbag.py:588} INFO - Filling up the DagBag from /home/airflow/.local/lib/python3.12/site-packages/airflow/example_dags/example_branch_operator.py
[2024-11-23T00:49:47.204+0000] {processor.py:925} INFO - DAG(s) 'example_branch_operator' retrieved from /home/airflow/.local/lib/python3.12/site-packages/airflow/example_dags/example_branch_operator.py
[2024-11-23T00:49:47.237+0000] {logging_mixin.py:190} INFO - [2024-11-23T00:49:47.236+0000] {dag.py:3239} INFO - Sync 1 DAGs
[2024-11-23T00:49:47.266+0000] {logging_mixin.py:190} INFO - [2024-11-23T00:49:47.266+0000] {dag.py:4180} INFO - Setting next_dagrun for example_branch_operator to 2024-11-22 00:00:00+00:00, run_after=2024-11-23 00:00:00+00:00
[2024-11-23T00:49:47.289+0000] {processor.py:208} INFO - Processing /home/airflow/.local/lib/python3.12/site-packages/airflow/example_dags/example_branch_operator.py took 0.117 seconds
[2024-11-23T00:50:17.464+0000] {processor.py:186} INFO - Started process (PID=183) to work on /home/airflow/.local/lib/python3.12/site-packages/airflow/example_dags/example_branch_operator.py
[2024-11-23T00:50:17.465+0000] {processor.py:914} INFO - Processing file /home/airflow/.local/lib/python3.12/site-packages/airflow/example_dags/example_branch_operator.py for tasks to queue
[2024-11-23T00:50:17.467+0000] {logging_mixin.py:190} INFO - [2024-11-23T00:50:17.467+0000] {dagbag.py:588} INFO - Filling up the DagBag from /home/airflow/.local/lib/python3.12/site-packages/airflow/example_dags/example_branch_operator.py
[2024-11-23T00:50:17.481+0000] {processor.py:925} INFO - DAG(s) 'example_branch_operator' retrieved from /home/airflow/.local/lib/python3.12/site-packages/airflow/example_dags/example_branch_operator.py
[2024-11-23T00:50:17.504+0000] {logging_mixin.py:190} INFO - [2024-11-23T00:50:17.504+0000] {dag.py:3239} INFO - Sync 1 DAGs
[2024-11-23T00:50:17.526+0000] {logging_mixin.py:190} INFO - [2024-11-23T00:50:17.526+0000] {dag.py:4180} INFO - Setting next_dagrun for example_branch_operator to 2024-11-22 00:00:00+00:00, run_after=2024-11-23 00:00:00+00:00
[2024-11-23T00:50:17.541+0000] {processor.py:208} INFO - Processing /home/airflow/.local/lib/python3.12/site-packages/airflow/example_dags/example_branch_operator.py took 0.081 seconds
[2024-11-23T00:50:47.599+0000] {processor.py:186} INFO - Started process (PID=246) to work on /home/airflow/.local/lib/python3.12/site-packages/airflow/example_dags/example_branch_operator.py
[2024-11-23T00:50:47.600+0000] {processor.py:914} INFO - Processing file /home/airflow/.local/lib/python3.12/site-packages/airflow/example_dags/example_branch_operator.py for tasks to queue
[2024-11-23T00:50:47.602+0000] {logging_mixin.py:190} INFO - [2024-11-23T00:50:47.602+0000] {dagbag.py:588} INFO - Filling up the DagBag from /home/airflow/.local/lib/python3.12/site-packages/airflow/example_dags/example_branch_operator.py
[2024-11-23T00:50:47.620+0000] {processor.py:925} INFO - DAG(s) 'example_branch_operator' retrieved from /home/airflow/.local/lib/python3.12/site-packages/airflow/example_dags/example_branch_operator.py
[2024-11-23T00:50:47.643+0000] {logging_mixin.py:190} INFO - [2024-11-23T00:50:47.643+0000] {dag.py:3239} INFO - Sync 1 DAGs
[2024-11-23T00:50:47.663+0000] {logging_mixin.py:190} INFO - [2024-11-23T00:50:47.663+0000] {dag.py:4180} INFO - Setting next_dagrun for example_branch_operator to 2024-11-22 00:00:00+00:00, run_after=2024-11-23 00:00:00+00:00
[2024-11-23T00:50:47.679+0000] {processor.py:208} INFO - Processing /home/airflow/.local/lib/python3.12/site-packages/airflow/example_dags/example_branch_operator.py took 0.085 seconds
[2024-11-23T00:51:18.171+0000] {processor.py:186} INFO - Started process (PID=309) to work on /home/airflow/.local/lib/python3.12/site-packages/airflow/example_dags/example_branch_operator.py
[2024-11-23T00:51:18.172+0000] {processor.py:914} INFO - Processing file /home/airflow/.local/lib/python3.12/site-packages/airflow/example_dags/example_branch_operator.py for tasks to queue
[2024-11-23T00:51:18.174+0000] {logging_mixin.py:190} INFO - [2024-11-23T00:51:18.173+0000] {dagbag.py:588} INFO - Filling up the DagBag from /home/airflow/.local/lib/python3.12/site-packages/airflow/example_dags/example_branch_operator.py
[2024-11-23T00:51:18.193+0000] {processor.py:925} INFO - DAG(s) 'example_branch_operator' retrieved from /home/airflow/.local/lib/python3.12/site-packages/airflow/example_dags/example_branch_operator.py
[2024-11-23T00:51:18.218+0000] {logging_mixin.py:190} INFO - [2024-11-23T00:51:18.218+0000] {dag.py:3239} INFO - Sync 1 DAGs
[2024-11-23T00:51:18.241+0000] {logging_mixin.py:190} INFO - [2024-11-23T00:51:18.241+0000] {dag.py:4180} INFO - Setting next_dagrun for example_branch_operator to 2024-11-22 00:00:00+00:00, run_after=2024-11-23 00:00:00+00:00
[2024-11-23T00:51:18.256+0000] {processor.py:208} INFO - Processing /home/airflow/.local/lib/python3.12/site-packages/airflow/example_dags/example_branch_operator.py took 0.091 seconds
[2024-11-23T00:51:48.375+0000] {processor.py:186} INFO - Started process (PID=372) to work on /home/airflow/.local/lib/python3.12/site-packages/airflow/example_dags/example_branch_operator.py
[2024-11-23T00:51:48.375+0000] {processor.py:914} INFO - Processing file /home/airflow/.local/lib/python3.12/site-packages/airflow/example_dags/example_branch_operator.py for tasks to queue
[2024-11-23T00:51:48.377+0000] {logging_mixin.py:190} INFO - [2024-11-23T00:51:48.377+0000] {dagbag.py:588} INFO - Filling up the DagBag from /home/airflow/.local/lib/python3.12/site-packages/airflow/example_dags/example_branch_operator.py
[2024-11-23T00:51:48.393+0000] {processor.py:925} INFO - DAG(s) 'example_branch_operator' retrieved from /home/airflow/.local/lib/python3.12/site-packages/airflow/example_dags/example_branch_operator.py
[2024-11-23T00:51:48.429+0000] {logging_mixin.py:190} INFO - [2024-11-23T00:51:48.429+0000] {dag.py:3239} INFO - Sync 1 DAGs
[2024-11-23T00:51:48.450+0000] {logging_mixin.py:190} INFO - [2024-11-23T00:51:48.450+0000] {dag.py:4180} INFO - Setting next_dagrun for example_branch_operator to 2024-11-22 00:00:00+00:00, run_after=2024-11-23 00:00:00+00:00
[2024-11-23T00:51:48.465+0000] {processor.py:208} INFO - Processing /home/airflow/.local/lib/python3.12/site-packages/airflow/example_dags/example_branch_operator.py took 0.096 seconds
[2024-11-23T00:52:18.858+0000] {processor.py:186} INFO - Started process (PID=435) to work on /home/airflow/.local/lib/python3.12/site-packages/airflow/example_dags/example_branch_operator.py
[2024-11-23T00:52:18.859+0000] {processor.py:914} INFO - Processing file /home/airflow/.local/lib/python3.12/site-packages/airflow/example_dags/example_branch_operator.py for tasks to queue
[2024-11-23T00:52:18.861+0000] {logging_mixin.py:190} INFO - [2024-11-23T00:52:18.861+0000] {dagbag.py:588} INFO - Filling up the DagBag from /home/airflow/.local/lib/python3.12/site-packages/airflow/example_dags/example_branch_operator.py
[2024-11-23T00:52:18.875+0000] {processor.py:925} INFO - DAG(s) 'example_branch_operator' retrieved from /home/airflow/.local/lib/python3.12/site-packages/airflow/example_dags/example_branch_operator.py
[2024-11-23T00:52:18.897+0000] {logging_mixin.py:190} INFO - [2024-11-23T00:52:18.897+0000] {dag.py:3239} INFO - Sync 1 DAGs
[2024-11-23T00:52:18.918+0000] {logging_mixin.py:190} INFO - [2024-11-23T00:52:18.918+0000] {dag.py:4180} INFO - Setting next_dagrun for example_branch_operator to 2024-11-22 00:00:00+00:00, run_after=2024-11-23 00:00:00+00:00
[2024-11-23T00:52:18.931+0000] {processor.py:208} INFO - Processing /home/airflow/.local/lib/python3.12/site-packages/airflow/example_dags/example_branch_operator.py took 0.078 seconds
[2024-11-23T00:52:49.683+0000] {processor.py:186} INFO - Started process (PID=504) to work on /home/airflow/.local/lib/python3.12/site-packages/airflow/example_dags/example_branch_operator.py
[2024-11-23T00:52:49.684+0000] {processor.py:914} INFO - Processing file /home/airflow/.local/lib/python3.12/site-packages/airflow/example_dags/example_branch_operator.py for tasks to queue
[2024-11-23T00:52:49.685+0000] {logging_mixin.py:190} INFO - [2024-11-23T00:52:49.685+0000] {dagbag.py:588} INFO - Filling up the DagBag from /home/airflow/.local/lib/python3.12/site-packages/airflow/example_dags/example_branch_operator.py
[2024-11-23T00:52:49.699+0000] {processor.py:925} INFO - DAG(s) 'example_branch_operator' retrieved from /home/airflow/.local/lib/python3.12/site-packages/airflow/example_dags/example_branch_operator.py
[2024-11-23T00:52:49.721+0000] {logging_mixin.py:190} INFO - [2024-11-23T00:52:49.721+0000] {dag.py:3239} INFO - Sync 1 DAGs
[2024-11-23T00:52:49.743+0000] {logging_mixin.py:190} INFO - [2024-11-23T00:52:49.742+0000] {dag.py:4180} INFO - Setting next_dagrun for example_branch_operator to 2024-11-22 00:00:00+00:00, run_after=2024-11-23 00:00:00+00:00
[2024-11-23T00:52:49.758+0000] {processor.py:208} INFO - Processing /home/airflow/.local/lib/python3.12/site-packages/airflow/example_dags/example_branch_operator.py took 0.079 seconds
[2024-11-23T00:53:19.863+0000] {processor.py:186} INFO - Started process (PID=567) to work on /home/airflow/.local/lib/python3.12/site-packages/airflow/example_dags/example_branch_operator.py
[2024-11-23T00:53:19.864+0000] {processor.py:914} INFO - Processing file /home/airflow/.local/lib/python3.12/site-packages/airflow/example_dags/example_branch_operator.py for tasks to queue
[2024-11-23T00:53:19.866+0000] {logging_mixin.py:190} INFO - [2024-11-23T00:53:19.866+0000] {dagbag.py:588} INFO - Filling up the DagBag from /home/airflow/.local/lib/python3.12/site-packages/airflow/example_dags/example_branch_operator.py
[2024-11-23T00:53:19.882+0000] {processor.py:925} INFO - DAG(s) 'example_branch_operator' retrieved from /home/airflow/.local/lib/python3.12/site-packages/airflow/example_dags/example_branch_operator.py
[2024-11-23T00:53:19.906+0000] {logging_mixin.py:190} INFO - [2024-11-23T00:53:19.906+0000] {dag.py:3239} INFO - Sync 1 DAGs
[2024-11-23T00:53:19.928+0000] {logging_mixin.py:190} INFO - [2024-11-23T00:53:19.928+0000] {dag.py:4180} INFO - Setting next_dagrun for example_branch_operator to 2024-11-22 00:00:00+00:00, run_after=2024-11-23 00:00:00+00:00
[2024-11-23T00:53:19.945+0000] {processor.py:208} INFO - Processing /home/airflow/.local/lib/python3.12/site-packages/airflow/example_dags/example_branch_operator.py took 0.087 seconds
