[2024-11-23T00:49:22.756+0000] {processor.py:186} INFO - Started process (PID=106) to work on /home/airflow/.local/lib/python3.12/site-packages/airflow/example_dags/example_dataset_alias.py
[2024-11-23T00:49:22.757+0000] {processor.py:914} INFO - Processing file /home/airflow/.local/lib/python3.12/site-packages/airflow/example_dags/example_dataset_alias.py for tasks to queue
[2024-11-23T00:49:22.759+0000] {logging_mixin.py:190} INFO - [2024-11-23T00:49:22.759+0000] {dagbag.py:588} INFO - Filling up the DagBag from /home/airflow/.local/lib/python3.12/site-packages/airflow/example_dags/example_dataset_alias.py
[2024-11-23T00:49:23.278+0000] {processor.py:925} INFO - DAG(s) 'dataset_alias_example_alias_producer', 'dataset_s3_bucket_producer', 'dataset_s3_bucket_consumer', 'dataset_alias_example_alias_consumer' retrieved from /home/airflow/.local/lib/python3.12/site-packages/airflow/example_dags/example_dataset_alias.py
[2024-11-23T00:49:23.352+0000] {logging_mixin.py:190} INFO - [2024-11-23T00:49:23.351+0000] {override.py:1911} INFO - Created Permission View: can delete on DAG:dataset_alias_example_alias_producer
[2024-11-23T00:49:23.359+0000] {logging_mixin.py:190} INFO - [2024-11-23T00:49:23.359+0000] {override.py:1911} INFO - Created Permission View: can read on DAG:dataset_alias_example_alias_producer
[2024-11-23T00:49:23.364+0000] {logging_mixin.py:190} INFO - [2024-11-23T00:49:23.364+0000] {override.py:1911} INFO - Created Permission View: can edit on DAG:dataset_alias_example_alias_producer
[2024-11-23T00:49:23.369+0000] {logging_mixin.py:190} INFO - [2024-11-23T00:49:23.368+0000] {override.py:1911} INFO - Created Permission View: can create on DAG Run:dataset_alias_example_alias_producer
[2024-11-23T00:49:23.373+0000] {logging_mixin.py:190} INFO - [2024-11-23T00:49:23.373+0000] {override.py:1911} INFO - Created Permission View: can delete on DAG Run:dataset_alias_example_alias_producer
[2024-11-23T00:49:23.378+0000] {logging_mixin.py:190} INFO - [2024-11-23T00:49:23.378+0000] {override.py:1911} INFO - Created Permission View: can read on DAG Run:dataset_alias_example_alias_producer
[2024-11-23T00:49:23.383+0000] {logging_mixin.py:190} INFO - [2024-11-23T00:49:23.383+0000] {override.py:1911} INFO - Created Permission View: menu access on DAG Run:dataset_alias_example_alias_producer
[2024-11-23T00:49:23.392+0000] {logging_mixin.py:190} INFO - [2024-11-23T00:49:23.392+0000] {override.py:1911} INFO - Created Permission View: can delete on DAG:dataset_s3_bucket_producer
[2024-11-23T00:49:23.397+0000] {logging_mixin.py:190} INFO - [2024-11-23T00:49:23.397+0000] {override.py:1911} INFO - Created Permission View: can read on DAG:dataset_s3_bucket_producer
[2024-11-23T00:49:23.402+0000] {logging_mixin.py:190} INFO - [2024-11-23T00:49:23.402+0000] {override.py:1911} INFO - Created Permission View: can edit on DAG:dataset_s3_bucket_producer
[2024-11-23T00:49:23.407+0000] {logging_mixin.py:190} INFO - [2024-11-23T00:49:23.406+0000] {override.py:1911} INFO - Created Permission View: can create on DAG Run:dataset_s3_bucket_producer
[2024-11-23T00:49:23.411+0000] {logging_mixin.py:190} INFO - [2024-11-23T00:49:23.411+0000] {override.py:1911} INFO - Created Permission View: can delete on DAG Run:dataset_s3_bucket_producer
[2024-11-23T00:49:23.416+0000] {logging_mixin.py:190} INFO - [2024-11-23T00:49:23.416+0000] {override.py:1911} INFO - Created Permission View: can read on DAG Run:dataset_s3_bucket_producer
[2024-11-23T00:49:23.421+0000] {logging_mixin.py:190} INFO - [2024-11-23T00:49:23.420+0000] {override.py:1911} INFO - Created Permission View: menu access on DAG Run:dataset_s3_bucket_producer
[2024-11-23T00:49:23.429+0000] {logging_mixin.py:190} INFO - [2024-11-23T00:49:23.428+0000] {override.py:1911} INFO - Created Permission View: can delete on DAG:dataset_s3_bucket_consumer
[2024-11-23T00:49:23.433+0000] {logging_mixin.py:190} INFO - [2024-11-23T00:49:23.433+0000] {override.py:1911} INFO - Created Permission View: can read on DAG:dataset_s3_bucket_consumer
[2024-11-23T00:49:23.438+0000] {logging_mixin.py:190} INFO - [2024-11-23T00:49:23.437+0000] {override.py:1911} INFO - Created Permission View: can edit on DAG:dataset_s3_bucket_consumer
[2024-11-23T00:49:23.442+0000] {logging_mixin.py:190} INFO - [2024-11-23T00:49:23.442+0000] {override.py:1911} INFO - Created Permission View: can create on DAG Run:dataset_s3_bucket_consumer
[2024-11-23T00:49:23.447+0000] {logging_mixin.py:190} INFO - [2024-11-23T00:49:23.447+0000] {override.py:1911} INFO - Created Permission View: can delete on DAG Run:dataset_s3_bucket_consumer
[2024-11-23T00:49:23.452+0000] {logging_mixin.py:190} INFO - [2024-11-23T00:49:23.451+0000] {override.py:1911} INFO - Created Permission View: can read on DAG Run:dataset_s3_bucket_consumer
[2024-11-23T00:49:23.456+0000] {logging_mixin.py:190} INFO - [2024-11-23T00:49:23.456+0000] {override.py:1911} INFO - Created Permission View: menu access on DAG Run:dataset_s3_bucket_consumer
[2024-11-23T00:49:23.465+0000] {logging_mixin.py:190} INFO - [2024-11-23T00:49:23.464+0000] {override.py:1911} INFO - Created Permission View: can delete on DAG:dataset_alias_example_alias_consumer
[2024-11-23T00:49:23.469+0000] {logging_mixin.py:190} INFO - [2024-11-23T00:49:23.469+0000] {override.py:1911} INFO - Created Permission View: can read on DAG:dataset_alias_example_alias_consumer
[2024-11-23T00:49:23.475+0000] {logging_mixin.py:190} INFO - [2024-11-23T00:49:23.475+0000] {override.py:1911} INFO - Created Permission View: can edit on DAG:dataset_alias_example_alias_consumer
[2024-11-23T00:49:23.479+0000] {logging_mixin.py:190} INFO - [2024-11-23T00:49:23.479+0000] {override.py:1911} INFO - Created Permission View: can create on DAG Run:dataset_alias_example_alias_consumer
[2024-11-23T00:49:23.484+0000] {logging_mixin.py:190} INFO - [2024-11-23T00:49:23.483+0000] {override.py:1911} INFO - Created Permission View: can delete on DAG Run:dataset_alias_example_alias_consumer
[2024-11-23T00:49:23.488+0000] {logging_mixin.py:190} INFO - [2024-11-23T00:49:23.488+0000] {override.py:1911} INFO - Created Permission View: can read on DAG Run:dataset_alias_example_alias_consumer
[2024-11-23T00:49:23.492+0000] {logging_mixin.py:190} INFO - [2024-11-23T00:49:23.492+0000] {override.py:1911} INFO - Created Permission View: menu access on DAG Run:dataset_alias_example_alias_consumer
[2024-11-23T00:49:23.493+0000] {logging_mixin.py:190} INFO - [2024-11-23T00:49:23.492+0000] {dag.py:3239} INFO - Sync 4 DAGs
[2024-11-23T00:49:23.502+0000] {logging_mixin.py:190} INFO - [2024-11-23T00:49:23.502+0000] {dag.py:3262} INFO - Creating ORM DAG for dataset_alias_example_alias_producer
[2024-11-23T00:49:23.503+0000] {logging_mixin.py:190} INFO - [2024-11-23T00:49:23.503+0000] {dag.py:3262} INFO - Creating ORM DAG for dataset_s3_bucket_consumer
[2024-11-23T00:49:23.503+0000] {logging_mixin.py:190} INFO - [2024-11-23T00:49:23.503+0000] {dag.py:3262} INFO - Creating ORM DAG for dataset_s3_bucket_producer
[2024-11-23T00:49:23.504+0000] {logging_mixin.py:190} INFO - [2024-11-23T00:49:23.504+0000] {dag.py:3262} INFO - Creating ORM DAG for dataset_alias_example_alias_consumer
[2024-11-23T00:49:23.511+0000] {logging_mixin.py:190} INFO - [2024-11-23T00:49:23.511+0000] {dag.py:4180} INFO - Setting next_dagrun for dataset_alias_example_alias_consumer to None, run_after=None
[2024-11-23T00:49:23.511+0000] {logging_mixin.py:190} INFO - [2024-11-23T00:49:23.511+0000] {dag.py:4180} INFO - Setting next_dagrun for dataset_alias_example_alias_producer to None, run_after=None
[2024-11-23T00:49:23.512+0000] {logging_mixin.py:190} INFO - [2024-11-23T00:49:23.511+0000] {dag.py:4180} INFO - Setting next_dagrun for dataset_s3_bucket_consumer to None, run_after=None
[2024-11-23T00:49:23.512+0000] {logging_mixin.py:190} INFO - [2024-11-23T00:49:23.512+0000] {dag.py:4180} INFO - Setting next_dagrun for dataset_s3_bucket_producer to None, run_after=None
[2024-11-23T00:49:23.535+0000] {processor.py:208} INFO - Processing /home/airflow/.local/lib/python3.12/site-packages/airflow/example_dags/example_dataset_alias.py took 0.784 seconds
[2024-11-23T00:49:54.376+0000] {processor.py:186} INFO - Started process (PID=174) to work on /home/airflow/.local/lib/python3.12/site-packages/airflow/example_dags/example_dataset_alias.py
[2024-11-23T00:49:54.377+0000] {processor.py:914} INFO - Processing file /home/airflow/.local/lib/python3.12/site-packages/airflow/example_dags/example_dataset_alias.py for tasks to queue
[2024-11-23T00:49:54.379+0000] {logging_mixin.py:190} INFO - [2024-11-23T00:49:54.379+0000] {dagbag.py:588} INFO - Filling up the DagBag from /home/airflow/.local/lib/python3.12/site-packages/airflow/example_dags/example_dataset_alias.py
[2024-11-23T00:49:54.908+0000] {processor.py:925} INFO - DAG(s) 'dataset_s3_bucket_producer', 'dataset_alias_example_alias_consumer', 'dataset_alias_example_alias_producer', 'dataset_s3_bucket_consumer' retrieved from /home/airflow/.local/lib/python3.12/site-packages/airflow/example_dags/example_dataset_alias.py
[2024-11-23T00:49:54.929+0000] {logging_mixin.py:190} INFO - [2024-11-23T00:49:54.928+0000] {dag.py:3239} INFO - Sync 4 DAGs
[2024-11-23T00:49:54.949+0000] {logging_mixin.py:190} INFO - [2024-11-23T00:49:54.949+0000] {dag.py:4180} INFO - Setting next_dagrun for dataset_alias_example_alias_consumer to None, run_after=None
[2024-11-23T00:49:54.952+0000] {logging_mixin.py:190} INFO - [2024-11-23T00:49:54.952+0000] {dag.py:4180} INFO - Setting next_dagrun for dataset_alias_example_alias_producer to None, run_after=None
[2024-11-23T00:49:54.955+0000] {logging_mixin.py:190} INFO - [2024-11-23T00:49:54.954+0000] {dag.py:4180} INFO - Setting next_dagrun for dataset_s3_bucket_consumer to None, run_after=None
[2024-11-23T00:49:54.956+0000] {logging_mixin.py:190} INFO - [2024-11-23T00:49:54.956+0000] {dag.py:4180} INFO - Setting next_dagrun for dataset_s3_bucket_producer to None, run_after=None
[2024-11-23T00:49:54.975+0000] {processor.py:208} INFO - Processing /home/airflow/.local/lib/python3.12/site-packages/airflow/example_dags/example_dataset_alias.py took 0.604 seconds
[2024-11-23T00:50:25.142+0000] {processor.py:186} INFO - Started process (PID=237) to work on /home/airflow/.local/lib/python3.12/site-packages/airflow/example_dags/example_dataset_alias.py
[2024-11-23T00:50:25.143+0000] {processor.py:914} INFO - Processing file /home/airflow/.local/lib/python3.12/site-packages/airflow/example_dags/example_dataset_alias.py for tasks to queue
[2024-11-23T00:50:25.145+0000] {logging_mixin.py:190} INFO - [2024-11-23T00:50:25.145+0000] {dagbag.py:588} INFO - Filling up the DagBag from /home/airflow/.local/lib/python3.12/site-packages/airflow/example_dags/example_dataset_alias.py
[2024-11-23T00:50:25.664+0000] {processor.py:925} INFO - DAG(s) 'dataset_s3_bucket_producer', 'dataset_alias_example_alias_consumer', 'dataset_s3_bucket_consumer', 'dataset_alias_example_alias_producer' retrieved from /home/airflow/.local/lib/python3.12/site-packages/airflow/example_dags/example_dataset_alias.py
[2024-11-23T00:50:25.686+0000] {logging_mixin.py:190} INFO - [2024-11-23T00:50:25.686+0000] {dag.py:3239} INFO - Sync 4 DAGs
[2024-11-23T00:50:25.708+0000] {logging_mixin.py:190} INFO - [2024-11-23T00:50:25.708+0000] {dag.py:4180} INFO - Setting next_dagrun for dataset_alias_example_alias_consumer to None, run_after=None
[2024-11-23T00:50:25.711+0000] {logging_mixin.py:190} INFO - [2024-11-23T00:50:25.711+0000] {dag.py:4180} INFO - Setting next_dagrun for dataset_alias_example_alias_producer to None, run_after=None
[2024-11-23T00:50:25.713+0000] {logging_mixin.py:190} INFO - [2024-11-23T00:50:25.713+0000] {dag.py:4180} INFO - Setting next_dagrun for dataset_s3_bucket_consumer to None, run_after=None
[2024-11-23T00:50:25.714+0000] {logging_mixin.py:190} INFO - [2024-11-23T00:50:25.714+0000] {dag.py:4180} INFO - Setting next_dagrun for dataset_s3_bucket_producer to None, run_after=None
[2024-11-23T00:50:25.739+0000] {processor.py:208} INFO - Processing /home/airflow/.local/lib/python3.12/site-packages/airflow/example_dags/example_dataset_alias.py took 0.602 seconds
[2024-11-23T00:50:56.073+0000] {processor.py:186} INFO - Started process (PID=300) to work on /home/airflow/.local/lib/python3.12/site-packages/airflow/example_dags/example_dataset_alias.py
[2024-11-23T00:50:56.073+0000] {processor.py:914} INFO - Processing file /home/airflow/.local/lib/python3.12/site-packages/airflow/example_dags/example_dataset_alias.py for tasks to queue
[2024-11-23T00:50:56.075+0000] {logging_mixin.py:190} INFO - [2024-11-23T00:50:56.075+0000] {dagbag.py:588} INFO - Filling up the DagBag from /home/airflow/.local/lib/python3.12/site-packages/airflow/example_dags/example_dataset_alias.py
[2024-11-23T00:50:56.552+0000] {processor.py:925} INFO - DAG(s) 'dataset_s3_bucket_producer', 'dataset_s3_bucket_consumer', 'dataset_alias_example_alias_consumer', 'dataset_alias_example_alias_producer' retrieved from /home/airflow/.local/lib/python3.12/site-packages/airflow/example_dags/example_dataset_alias.py
[2024-11-23T00:50:56.570+0000] {logging_mixin.py:190} INFO - [2024-11-23T00:50:56.570+0000] {dag.py:3239} INFO - Sync 4 DAGs
[2024-11-23T00:50:56.589+0000] {logging_mixin.py:190} INFO - [2024-11-23T00:50:56.589+0000] {dag.py:4180} INFO - Setting next_dagrun for dataset_alias_example_alias_consumer to None, run_after=None
[2024-11-23T00:50:56.591+0000] {logging_mixin.py:190} INFO - [2024-11-23T00:50:56.591+0000] {dag.py:4180} INFO - Setting next_dagrun for dataset_alias_example_alias_producer to None, run_after=None
[2024-11-23T00:50:56.593+0000] {logging_mixin.py:190} INFO - [2024-11-23T00:50:56.592+0000] {dag.py:4180} INFO - Setting next_dagrun for dataset_s3_bucket_consumer to None, run_after=None
[2024-11-23T00:50:56.594+0000] {logging_mixin.py:190} INFO - [2024-11-23T00:50:56.594+0000] {dag.py:4180} INFO - Setting next_dagrun for dataset_s3_bucket_producer to None, run_after=None
[2024-11-23T00:50:56.611+0000] {processor.py:208} INFO - Processing /home/airflow/.local/lib/python3.12/site-packages/airflow/example_dags/example_dataset_alias.py took 0.544 seconds
[2024-11-23T00:51:26.825+0000] {processor.py:186} INFO - Started process (PID=363) to work on /home/airflow/.local/lib/python3.12/site-packages/airflow/example_dags/example_dataset_alias.py
[2024-11-23T00:51:26.826+0000] {processor.py:914} INFO - Processing file /home/airflow/.local/lib/python3.12/site-packages/airflow/example_dags/example_dataset_alias.py for tasks to queue
[2024-11-23T00:51:26.827+0000] {logging_mixin.py:190} INFO - [2024-11-23T00:51:26.827+0000] {dagbag.py:588} INFO - Filling up the DagBag from /home/airflow/.local/lib/python3.12/site-packages/airflow/example_dags/example_dataset_alias.py
[2024-11-23T00:51:27.316+0000] {processor.py:925} INFO - DAG(s) 'dataset_alias_example_alias_consumer', 'dataset_s3_bucket_consumer', 'dataset_s3_bucket_producer', 'dataset_alias_example_alias_producer' retrieved from /home/airflow/.local/lib/python3.12/site-packages/airflow/example_dags/example_dataset_alias.py
[2024-11-23T00:51:27.336+0000] {logging_mixin.py:190} INFO - [2024-11-23T00:51:27.336+0000] {dag.py:3239} INFO - Sync 4 DAGs
[2024-11-23T00:51:27.358+0000] {logging_mixin.py:190} INFO - [2024-11-23T00:51:27.358+0000] {dag.py:4180} INFO - Setting next_dagrun for dataset_alias_example_alias_consumer to None, run_after=None
[2024-11-23T00:51:27.361+0000] {logging_mixin.py:190} INFO - [2024-11-23T00:51:27.360+0000] {dag.py:4180} INFO - Setting next_dagrun for dataset_alias_example_alias_producer to None, run_after=None
[2024-11-23T00:51:27.362+0000] {logging_mixin.py:190} INFO - [2024-11-23T00:51:27.362+0000] {dag.py:4180} INFO - Setting next_dagrun for dataset_s3_bucket_consumer to None, run_after=None
[2024-11-23T00:51:27.363+0000] {logging_mixin.py:190} INFO - [2024-11-23T00:51:27.363+0000] {dag.py:4180} INFO - Setting next_dagrun for dataset_s3_bucket_producer to None, run_after=None
[2024-11-23T00:51:27.381+0000] {processor.py:208} INFO - Processing /home/airflow/.local/lib/python3.12/site-packages/airflow/example_dags/example_dataset_alias.py took 0.562 seconds
[2024-11-23T00:51:57.717+0000] {processor.py:186} INFO - Started process (PID=426) to work on /home/airflow/.local/lib/python3.12/site-packages/airflow/example_dags/example_dataset_alias.py
[2024-11-23T00:51:57.718+0000] {processor.py:914} INFO - Processing file /home/airflow/.local/lib/python3.12/site-packages/airflow/example_dags/example_dataset_alias.py for tasks to queue
[2024-11-23T00:51:57.720+0000] {logging_mixin.py:190} INFO - [2024-11-23T00:51:57.719+0000] {dagbag.py:588} INFO - Filling up the DagBag from /home/airflow/.local/lib/python3.12/site-packages/airflow/example_dags/example_dataset_alias.py
[2024-11-23T00:51:58.237+0000] {processor.py:925} INFO - DAG(s) 'dataset_s3_bucket_consumer', 'dataset_alias_example_alias_consumer', 'dataset_alias_example_alias_producer', 'dataset_s3_bucket_producer' retrieved from /home/airflow/.local/lib/python3.12/site-packages/airflow/example_dags/example_dataset_alias.py
[2024-11-23T00:51:58.255+0000] {logging_mixin.py:190} INFO - [2024-11-23T00:51:58.255+0000] {dag.py:3239} INFO - Sync 4 DAGs
[2024-11-23T00:51:58.276+0000] {logging_mixin.py:190} INFO - [2024-11-23T00:51:58.276+0000] {dag.py:4180} INFO - Setting next_dagrun for dataset_alias_example_alias_consumer to None, run_after=None
[2024-11-23T00:51:58.278+0000] {logging_mixin.py:190} INFO - [2024-11-23T00:51:58.278+0000] {dag.py:4180} INFO - Setting next_dagrun for dataset_alias_example_alias_producer to None, run_after=None
[2024-11-23T00:51:58.280+0000] {logging_mixin.py:190} INFO - [2024-11-23T00:51:58.279+0000] {dag.py:4180} INFO - Setting next_dagrun for dataset_s3_bucket_consumer to None, run_after=None
[2024-11-23T00:51:58.281+0000] {logging_mixin.py:190} INFO - [2024-11-23T00:51:58.281+0000] {dag.py:4180} INFO - Setting next_dagrun for dataset_s3_bucket_producer to None, run_after=None
[2024-11-23T00:51:58.298+0000] {processor.py:208} INFO - Processing /home/airflow/.local/lib/python3.12/site-packages/airflow/example_dags/example_dataset_alias.py took 0.586 seconds
[2024-11-23T00:52:28.840+0000] {processor.py:186} INFO - Started process (PID=484) to work on /home/airflow/.local/lib/python3.12/site-packages/airflow/example_dags/example_dataset_alias.py
[2024-11-23T00:52:28.840+0000] {processor.py:914} INFO - Processing file /home/airflow/.local/lib/python3.12/site-packages/airflow/example_dags/example_dataset_alias.py for tasks to queue
[2024-11-23T00:52:28.842+0000] {logging_mixin.py:190} INFO - [2024-11-23T00:52:28.842+0000] {dagbag.py:588} INFO - Filling up the DagBag from /home/airflow/.local/lib/python3.12/site-packages/airflow/example_dags/example_dataset_alias.py
[2024-11-23T00:52:29.346+0000] {processor.py:925} INFO - DAG(s) 'dataset_alias_example_alias_producer', 'dataset_s3_bucket_consumer', 'dataset_alias_example_alias_consumer', 'dataset_s3_bucket_producer' retrieved from /home/airflow/.local/lib/python3.12/site-packages/airflow/example_dags/example_dataset_alias.py
[2024-11-23T00:52:29.366+0000] {logging_mixin.py:190} INFO - [2024-11-23T00:52:29.366+0000] {dag.py:3239} INFO - Sync 4 DAGs
[2024-11-23T00:52:29.385+0000] {logging_mixin.py:190} INFO - [2024-11-23T00:52:29.385+0000] {dag.py:4180} INFO - Setting next_dagrun for dataset_alias_example_alias_consumer to None, run_after=None
[2024-11-23T00:52:29.388+0000] {logging_mixin.py:190} INFO - [2024-11-23T00:52:29.388+0000] {dag.py:4180} INFO - Setting next_dagrun for dataset_alias_example_alias_producer to None, run_after=None
[2024-11-23T00:52:29.390+0000] {logging_mixin.py:190} INFO - [2024-11-23T00:52:29.389+0000] {dag.py:4180} INFO - Setting next_dagrun for dataset_s3_bucket_consumer to None, run_after=None
[2024-11-23T00:52:29.391+0000] {logging_mixin.py:190} INFO - [2024-11-23T00:52:29.391+0000] {dag.py:4180} INFO - Setting next_dagrun for dataset_s3_bucket_producer to None, run_after=None
[2024-11-23T00:52:29.409+0000] {processor.py:208} INFO - Processing /home/airflow/.local/lib/python3.12/site-packages/airflow/example_dags/example_dataset_alias.py took 0.575 seconds
[2024-11-23T00:52:59.733+0000] {processor.py:186} INFO - Started process (PID=552) to work on /home/airflow/.local/lib/python3.12/site-packages/airflow/example_dags/example_dataset_alias.py
[2024-11-23T00:52:59.734+0000] {processor.py:914} INFO - Processing file /home/airflow/.local/lib/python3.12/site-packages/airflow/example_dags/example_dataset_alias.py for tasks to queue
[2024-11-23T00:52:59.736+0000] {logging_mixin.py:190} INFO - [2024-11-23T00:52:59.736+0000] {dagbag.py:588} INFO - Filling up the DagBag from /home/airflow/.local/lib/python3.12/site-packages/airflow/example_dags/example_dataset_alias.py
[2024-11-23T00:53:00.238+0000] {processor.py:925} INFO - DAG(s) 'dataset_s3_bucket_consumer', 'dataset_alias_example_alias_consumer', 'dataset_alias_example_alias_producer', 'dataset_s3_bucket_producer' retrieved from /home/airflow/.local/lib/python3.12/site-packages/airflow/example_dags/example_dataset_alias.py
[2024-11-23T00:53:00.257+0000] {logging_mixin.py:190} INFO - [2024-11-23T00:53:00.256+0000] {dag.py:3239} INFO - Sync 4 DAGs
[2024-11-23T00:53:00.275+0000] {logging_mixin.py:190} INFO - [2024-11-23T00:53:00.275+0000] {dag.py:4180} INFO - Setting next_dagrun for dataset_alias_example_alias_consumer to None, run_after=None
[2024-11-23T00:53:00.278+0000] {logging_mixin.py:190} INFO - [2024-11-23T00:53:00.277+0000] {dag.py:4180} INFO - Setting next_dagrun for dataset_alias_example_alias_producer to None, run_after=None
[2024-11-23T00:53:00.279+0000] {logging_mixin.py:190} INFO - [2024-11-23T00:53:00.279+0000] {dag.py:4180} INFO - Setting next_dagrun for dataset_s3_bucket_consumer to None, run_after=None
[2024-11-23T00:53:00.280+0000] {logging_mixin.py:190} INFO - [2024-11-23T00:53:00.280+0000] {dag.py:4180} INFO - Setting next_dagrun for dataset_s3_bucket_producer to None, run_after=None
[2024-11-23T00:53:00.298+0000] {processor.py:208} INFO - Processing /home/airflow/.local/lib/python3.12/site-packages/airflow/example_dags/example_dataset_alias.py took 0.570 seconds
[2024-11-23T00:53:30.933+0000] {processor.py:186} INFO - Started process (PID=615) to work on /home/airflow/.local/lib/python3.12/site-packages/airflow/example_dags/example_dataset_alias.py
[2024-11-23T00:53:30.934+0000] {processor.py:914} INFO - Processing file /home/airflow/.local/lib/python3.12/site-packages/airflow/example_dags/example_dataset_alias.py for tasks to queue
[2024-11-23T00:53:30.936+0000] {logging_mixin.py:190} INFO - [2024-11-23T00:53:30.936+0000] {dagbag.py:588} INFO - Filling up the DagBag from /home/airflow/.local/lib/python3.12/site-packages/airflow/example_dags/example_dataset_alias.py
[2024-11-23T00:53:31.421+0000] {processor.py:925} INFO - DAG(s) 'dataset_alias_example_alias_consumer', 'dataset_alias_example_alias_producer', 'dataset_s3_bucket_producer', 'dataset_s3_bucket_consumer' retrieved from /home/airflow/.local/lib/python3.12/site-packages/airflow/example_dags/example_dataset_alias.py
[2024-11-23T00:53:31.440+0000] {logging_mixin.py:190} INFO - [2024-11-23T00:53:31.440+0000] {dag.py:3239} INFO - Sync 4 DAGs
[2024-11-23T00:53:31.460+0000] {logging_mixin.py:190} INFO - [2024-11-23T00:53:31.460+0000] {dag.py:4180} INFO - Setting next_dagrun for dataset_alias_example_alias_consumer to None, run_after=None
[2024-11-23T00:53:31.463+0000] {logging_mixin.py:190} INFO - [2024-11-23T00:53:31.462+0000] {dag.py:4180} INFO - Setting next_dagrun for dataset_alias_example_alias_producer to None, run_after=None
[2024-11-23T00:53:31.464+0000] {logging_mixin.py:190} INFO - [2024-11-23T00:53:31.464+0000] {dag.py:4180} INFO - Setting next_dagrun for dataset_s3_bucket_consumer to None, run_after=None
[2024-11-23T00:53:31.465+0000] {logging_mixin.py:190} INFO - [2024-11-23T00:53:31.465+0000] {dag.py:4180} INFO - Setting next_dagrun for dataset_s3_bucket_producer to None, run_after=None
[2024-11-23T00:53:31.482+0000] {processor.py:208} INFO - Processing /home/airflow/.local/lib/python3.12/site-packages/airflow/example_dags/example_dataset_alias.py took 0.554 seconds
