[2024-11-23T00:49:18.123+0000] {processor.py:186} INFO - Started process (PID=72) to work on /home/airflow/.local/lib/python3.12/site-packages/airflow/example_dags/example_python_operator.py
[2024-11-23T00:49:18.124+0000] {processor.py:914} INFO - Processing file /home/airflow/.local/lib/python3.12/site-packages/airflow/example_dags/example_python_operator.py for tasks to queue
[2024-11-23T00:49:18.126+0000] {logging_mixin.py:190} INFO - [2024-11-23T00:49:18.125+0000] {dagbag.py:588} INFO - Filling up the DagBag from /home/airflow/.local/lib/python3.12/site-packages/airflow/example_dags/example_python_operator.py
[2024-11-23T00:49:18.139+0000] {processor.py:925} INFO - DAG(s) 'example_python_operator' retrieved from /home/airflow/.local/lib/python3.12/site-packages/airflow/example_dags/example_python_operator.py
[2024-11-23T00:49:18.237+0000] {logging_mixin.py:190} INFO - [2024-11-23T00:49:18.237+0000] {override.py:1911} INFO - Created Permission View: can delete on DAG:example_python_operator
[2024-11-23T00:49:18.246+0000] {logging_mixin.py:190} INFO - [2024-11-23T00:49:18.246+0000] {override.py:1911} INFO - Created Permission View: can read on DAG:example_python_operator
[2024-11-23T00:49:18.252+0000] {logging_mixin.py:190} INFO - [2024-11-23T00:49:18.252+0000] {override.py:1911} INFO - Created Permission View: can edit on DAG:example_python_operator
[2024-11-23T00:49:18.259+0000] {logging_mixin.py:190} INFO - [2024-11-23T00:49:18.258+0000] {override.py:1911} INFO - Created Permission View: can create on DAG Run:example_python_operator
[2024-11-23T00:49:18.265+0000] {logging_mixin.py:190} INFO - [2024-11-23T00:49:18.265+0000] {override.py:1911} INFO - Created Permission View: can delete on DAG Run:example_python_operator
[2024-11-23T00:49:18.272+0000] {logging_mixin.py:190} INFO - [2024-11-23T00:49:18.272+0000] {override.py:1911} INFO - Created Permission View: can read on DAG Run:example_python_operator
[2024-11-23T00:49:18.278+0000] {logging_mixin.py:190} INFO - [2024-11-23T00:49:18.278+0000] {override.py:1911} INFO - Created Permission View: menu access on DAG Run:example_python_operator
[2024-11-23T00:49:18.278+0000] {logging_mixin.py:190} INFO - [2024-11-23T00:49:18.278+0000] {dag.py:3239} INFO - Sync 1 DAGs
[2024-11-23T00:49:18.289+0000] {logging_mixin.py:190} INFO - [2024-11-23T00:49:18.289+0000] {dag.py:3262} INFO - Creating ORM DAG for example_python_operator
[2024-11-23T00:49:18.289+0000] {logging_mixin.py:190} INFO - [2024-11-23T00:49:18.289+0000] {dag.py:4180} INFO - Setting next_dagrun for example_python_operator to None, run_after=None
[2024-11-23T00:49:18.304+0000] {processor.py:208} INFO - Processing /home/airflow/.local/lib/python3.12/site-packages/airflow/example_dags/example_python_operator.py took 0.186 seconds
[2024-11-23T00:49:48.808+0000] {processor.py:186} INFO - Started process (PID=135) to work on /home/airflow/.local/lib/python3.12/site-packages/airflow/example_dags/example_python_operator.py
[2024-11-23T00:49:48.809+0000] {processor.py:914} INFO - Processing file /home/airflow/.local/lib/python3.12/site-packages/airflow/example_dags/example_python_operator.py for tasks to queue
[2024-11-23T00:49:48.811+0000] {logging_mixin.py:190} INFO - [2024-11-23T00:49:48.811+0000] {dagbag.py:588} INFO - Filling up the DagBag from /home/airflow/.local/lib/python3.12/site-packages/airflow/example_dags/example_python_operator.py
[2024-11-23T00:49:48.822+0000] {processor.py:925} INFO - DAG(s) 'example_python_operator' retrieved from /home/airflow/.local/lib/python3.12/site-packages/airflow/example_dags/example_python_operator.py
[2024-11-23T00:49:48.842+0000] {logging_mixin.py:190} INFO - [2024-11-23T00:49:48.842+0000] {dag.py:3239} INFO - Sync 1 DAGs
[2024-11-23T00:49:48.856+0000] {logging_mixin.py:190} INFO - [2024-11-23T00:49:48.855+0000] {dag.py:4180} INFO - Setting next_dagrun for example_python_operator to None, run_after=None
[2024-11-23T00:49:48.874+0000] {processor.py:208} INFO - Processing /home/airflow/.local/lib/python3.12/site-packages/airflow/example_dags/example_python_operator.py took 0.071 seconds
[2024-11-23T00:50:19.866+0000] {processor.py:186} INFO - Started process (PID=198) to work on /home/airflow/.local/lib/python3.12/site-packages/airflow/example_dags/example_python_operator.py
[2024-11-23T00:50:19.867+0000] {processor.py:914} INFO - Processing file /home/airflow/.local/lib/python3.12/site-packages/airflow/example_dags/example_python_operator.py for tasks to queue
[2024-11-23T00:50:19.869+0000] {logging_mixin.py:190} INFO - [2024-11-23T00:50:19.868+0000] {dagbag.py:588} INFO - Filling up the DagBag from /home/airflow/.local/lib/python3.12/site-packages/airflow/example_dags/example_python_operator.py
[2024-11-23T00:50:19.879+0000] {processor.py:925} INFO - DAG(s) 'example_python_operator' retrieved from /home/airflow/.local/lib/python3.12/site-packages/airflow/example_dags/example_python_operator.py
[2024-11-23T00:50:19.898+0000] {logging_mixin.py:190} INFO - [2024-11-23T00:50:19.898+0000] {dag.py:3239} INFO - Sync 1 DAGs
[2024-11-23T00:50:19.910+0000] {logging_mixin.py:190} INFO - [2024-11-23T00:50:19.909+0000] {dag.py:4180} INFO - Setting next_dagrun for example_python_operator to None, run_after=None
[2024-11-23T00:50:19.924+0000] {processor.py:208} INFO - Processing /home/airflow/.local/lib/python3.12/site-packages/airflow/example_dags/example_python_operator.py took 0.063 seconds
[2024-11-23T00:50:49.997+0000] {processor.py:186} INFO - Started process (PID=260) to work on /home/airflow/.local/lib/python3.12/site-packages/airflow/example_dags/example_python_operator.py
[2024-11-23T00:50:49.998+0000] {processor.py:914} INFO - Processing file /home/airflow/.local/lib/python3.12/site-packages/airflow/example_dags/example_python_operator.py for tasks to queue
[2024-11-23T00:50:49.999+0000] {logging_mixin.py:190} INFO - [2024-11-23T00:50:49.999+0000] {dagbag.py:588} INFO - Filling up the DagBag from /home/airflow/.local/lib/python3.12/site-packages/airflow/example_dags/example_python_operator.py
[2024-11-23T00:50:50.009+0000] {processor.py:925} INFO - DAG(s) 'example_python_operator' retrieved from /home/airflow/.local/lib/python3.12/site-packages/airflow/example_dags/example_python_operator.py
[2024-11-23T00:50:50.027+0000] {logging_mixin.py:190} INFO - [2024-11-23T00:50:50.027+0000] {dag.py:3239} INFO - Sync 1 DAGs
[2024-11-23T00:50:50.039+0000] {logging_mixin.py:190} INFO - [2024-11-23T00:50:50.039+0000] {dag.py:4180} INFO - Setting next_dagrun for example_python_operator to None, run_after=None
[2024-11-23T00:50:50.055+0000] {processor.py:208} INFO - Processing /home/airflow/.local/lib/python3.12/site-packages/airflow/example_dags/example_python_operator.py took 0.063 seconds
[2024-11-23T00:51:20.551+0000] {processor.py:186} INFO - Started process (PID=323) to work on /home/airflow/.local/lib/python3.12/site-packages/airflow/example_dags/example_python_operator.py
[2024-11-23T00:51:20.552+0000] {processor.py:914} INFO - Processing file /home/airflow/.local/lib/python3.12/site-packages/airflow/example_dags/example_python_operator.py for tasks to queue
[2024-11-23T00:51:20.554+0000] {logging_mixin.py:190} INFO - [2024-11-23T00:51:20.554+0000] {dagbag.py:588} INFO - Filling up the DagBag from /home/airflow/.local/lib/python3.12/site-packages/airflow/example_dags/example_python_operator.py
[2024-11-23T00:51:20.564+0000] {processor.py:925} INFO - DAG(s) 'example_python_operator' retrieved from /home/airflow/.local/lib/python3.12/site-packages/airflow/example_dags/example_python_operator.py
[2024-11-23T00:51:20.583+0000] {logging_mixin.py:190} INFO - [2024-11-23T00:51:20.583+0000] {dag.py:3239} INFO - Sync 1 DAGs
[2024-11-23T00:51:20.595+0000] {logging_mixin.py:190} INFO - [2024-11-23T00:51:20.595+0000] {dag.py:4180} INFO - Setting next_dagrun for example_python_operator to None, run_after=None
[2024-11-23T00:51:20.611+0000] {processor.py:208} INFO - Processing /home/airflow/.local/lib/python3.12/site-packages/airflow/example_dags/example_python_operator.py took 0.065 seconds
[2024-11-23T00:51:50.753+0000] {processor.py:186} INFO - Started process (PID=386) to work on /home/airflow/.local/lib/python3.12/site-packages/airflow/example_dags/example_python_operator.py
[2024-11-23T00:51:50.754+0000] {processor.py:914} INFO - Processing file /home/airflow/.local/lib/python3.12/site-packages/airflow/example_dags/example_python_operator.py for tasks to queue
[2024-11-23T00:51:50.756+0000] {logging_mixin.py:190} INFO - [2024-11-23T00:51:50.756+0000] {dagbag.py:588} INFO - Filling up the DagBag from /home/airflow/.local/lib/python3.12/site-packages/airflow/example_dags/example_python_operator.py
[2024-11-23T00:51:50.767+0000] {processor.py:925} INFO - DAG(s) 'example_python_operator' retrieved from /home/airflow/.local/lib/python3.12/site-packages/airflow/example_dags/example_python_operator.py
[2024-11-23T00:51:50.786+0000] {logging_mixin.py:190} INFO - [2024-11-23T00:51:50.785+0000] {dag.py:3239} INFO - Sync 1 DAGs
[2024-11-23T00:51:50.797+0000] {logging_mixin.py:190} INFO - [2024-11-23T00:51:50.797+0000] {dag.py:4180} INFO - Setting next_dagrun for example_python_operator to None, run_after=None
[2024-11-23T00:51:50.813+0000] {processor.py:208} INFO - Processing /home/airflow/.local/lib/python3.12/site-packages/airflow/example_dags/example_python_operator.py took 0.065 seconds
[2024-11-23T00:52:21.207+0000] {processor.py:186} INFO - Started process (PID=449) to work on /home/airflow/.local/lib/python3.12/site-packages/airflow/example_dags/example_python_operator.py
[2024-11-23T00:52:21.208+0000] {processor.py:914} INFO - Processing file /home/airflow/.local/lib/python3.12/site-packages/airflow/example_dags/example_python_operator.py for tasks to queue
[2024-11-23T00:52:21.211+0000] {logging_mixin.py:190} INFO - [2024-11-23T00:52:21.210+0000] {dagbag.py:588} INFO - Filling up the DagBag from /home/airflow/.local/lib/python3.12/site-packages/airflow/example_dags/example_python_operator.py
[2024-11-23T00:52:21.220+0000] {processor.py:925} INFO - DAG(s) 'example_python_operator' retrieved from /home/airflow/.local/lib/python3.12/site-packages/airflow/example_dags/example_python_operator.py
[2024-11-23T00:52:21.240+0000] {logging_mixin.py:190} INFO - [2024-11-23T00:52:21.240+0000] {dag.py:3239} INFO - Sync 1 DAGs
[2024-11-23T00:52:21.252+0000] {logging_mixin.py:190} INFO - [2024-11-23T00:52:21.252+0000] {dag.py:4180} INFO - Setting next_dagrun for example_python_operator to None, run_after=None
[2024-11-23T00:52:21.267+0000] {processor.py:208} INFO - Processing /home/airflow/.local/lib/python3.12/site-packages/airflow/example_dags/example_python_operator.py took 0.064 seconds
[2024-11-23T00:52:52.059+0000] {processor.py:186} INFO - Started process (PID=512) to work on /home/airflow/.local/lib/python3.12/site-packages/airflow/example_dags/example_python_operator.py
[2024-11-23T00:52:52.070+0000] {processor.py:914} INFO - Processing file /home/airflow/.local/lib/python3.12/site-packages/airflow/example_dags/example_python_operator.py for tasks to queue
[2024-11-23T00:52:52.072+0000] {logging_mixin.py:190} INFO - [2024-11-23T00:52:52.072+0000] {dagbag.py:588} INFO - Filling up the DagBag from /home/airflow/.local/lib/python3.12/site-packages/airflow/example_dags/example_python_operator.py
[2024-11-23T00:52:52.083+0000] {processor.py:925} INFO - DAG(s) 'example_python_operator' retrieved from /home/airflow/.local/lib/python3.12/site-packages/airflow/example_dags/example_python_operator.py
[2024-11-23T00:52:52.104+0000] {logging_mixin.py:190} INFO - [2024-11-23T00:52:52.104+0000] {dag.py:3239} INFO - Sync 1 DAGs
[2024-11-23T00:52:52.118+0000] {logging_mixin.py:190} INFO - [2024-11-23T00:52:52.118+0000] {dag.py:4180} INFO - Setting next_dagrun for example_python_operator to None, run_after=None
[2024-11-23T00:52:52.135+0000] {processor.py:208} INFO - Processing /home/airflow/.local/lib/python3.12/site-packages/airflow/example_dags/example_python_operator.py took 0.082 seconds
[2024-11-23T00:53:22.337+0000] {processor.py:186} INFO - Started process (PID=575) to work on /home/airflow/.local/lib/python3.12/site-packages/airflow/example_dags/example_python_operator.py
[2024-11-23T00:53:22.338+0000] {processor.py:914} INFO - Processing file /home/airflow/.local/lib/python3.12/site-packages/airflow/example_dags/example_python_operator.py for tasks to queue
[2024-11-23T00:53:22.341+0000] {logging_mixin.py:190} INFO - [2024-11-23T00:53:22.340+0000] {dagbag.py:588} INFO - Filling up the DagBag from /home/airflow/.local/lib/python3.12/site-packages/airflow/example_dags/example_python_operator.py
[2024-11-23T00:53:22.353+0000] {processor.py:925} INFO - DAG(s) 'example_python_operator' retrieved from /home/airflow/.local/lib/python3.12/site-packages/airflow/example_dags/example_python_operator.py
[2024-11-23T00:53:22.375+0000] {logging_mixin.py:190} INFO - [2024-11-23T00:53:22.374+0000] {dag.py:3239} INFO - Sync 1 DAGs
[2024-11-23T00:53:22.389+0000] {logging_mixin.py:190} INFO - [2024-11-23T00:53:22.388+0000] {dag.py:4180} INFO - Setting next_dagrun for example_python_operator to None, run_after=None
[2024-11-23T00:53:22.409+0000] {processor.py:208} INFO - Processing /home/airflow/.local/lib/python3.12/site-packages/airflow/example_dags/example_python_operator.py took 0.078 seconds
