[2024-11-23T00:49:20.220+0000] {processor.py:186} INFO - Started process (PID=90) to work on /home/airflow/.local/lib/python3.12/site-packages/airflow/example_dags/example_datasets.py
[2024-11-23T00:49:20.220+0000] {processor.py:914} INFO - Processing file /home/airflow/.local/lib/python3.12/site-packages/airflow/example_dags/example_datasets.py for tasks to queue
[2024-11-23T00:49:20.222+0000] {logging_mixin.py:190} INFO - [2024-11-23T00:49:20.222+0000] {dagbag.py:588} INFO - Filling up the DagBag from /home/airflow/.local/lib/python3.12/site-packages/airflow/example_dags/example_datasets.py
[2024-11-23T00:49:20.742+0000] {processor.py:925} INFO - DAG(s) 'dataset_consumes_unknown_never_scheduled', 'dataset_consumes_1_and_2', 'consume_1_and_2_with_dataset_expressions', 'consume_1_or_both_2_and_3_with_dataset_expressions', 'dataset_produces_2', 'dataset_consumes_1_never_scheduled', 'conditional_dataset_and_time_based_timetable', 'dataset_produces_1', 'dataset_consumes_1', 'consume_1_or_2_with_dataset_expressions' retrieved from /home/airflow/.local/lib/python3.12/site-packages/airflow/example_dags/example_datasets.py
[2024-11-23T00:49:20.833+0000] {logging_mixin.py:190} INFO - [2024-11-23T00:49:20.832+0000] {override.py:1911} INFO - Created Permission View: can delete on DAG:dataset_consumes_unknown_never_scheduled
[2024-11-23T00:49:20.842+0000] {logging_mixin.py:190} INFO - [2024-11-23T00:49:20.841+0000] {override.py:1911} INFO - Created Permission View: can read on DAG:dataset_consumes_unknown_never_scheduled
[2024-11-23T00:49:20.847+0000] {logging_mixin.py:190} INFO - [2024-11-23T00:49:20.847+0000] {override.py:1911} INFO - Created Permission View: can edit on DAG:dataset_consumes_unknown_never_scheduled
[2024-11-23T00:49:20.854+0000] {logging_mixin.py:190} INFO - [2024-11-23T00:49:20.854+0000] {override.py:1911} INFO - Created Permission View: can create on DAG Run:dataset_consumes_unknown_never_scheduled
[2024-11-23T00:49:20.860+0000] {logging_mixin.py:190} INFO - [2024-11-23T00:49:20.860+0000] {override.py:1911} INFO - Created Permission View: can delete on DAG Run:dataset_consumes_unknown_never_scheduled
[2024-11-23T00:49:20.866+0000] {logging_mixin.py:190} INFO - [2024-11-23T00:49:20.865+0000] {override.py:1911} INFO - Created Permission View: can read on DAG Run:dataset_consumes_unknown_never_scheduled
[2024-11-23T00:49:20.871+0000] {logging_mixin.py:190} INFO - [2024-11-23T00:49:20.871+0000] {override.py:1911} INFO - Created Permission View: menu access on DAG Run:dataset_consumes_unknown_never_scheduled
[2024-11-23T00:49:20.881+0000] {logging_mixin.py:190} INFO - [2024-11-23T00:49:20.881+0000] {override.py:1911} INFO - Created Permission View: can delete on DAG:dataset_consumes_1_and_2
[2024-11-23T00:49:20.886+0000] {logging_mixin.py:190} INFO - [2024-11-23T00:49:20.886+0000] {override.py:1911} INFO - Created Permission View: can read on DAG:dataset_consumes_1_and_2
[2024-11-23T00:49:20.892+0000] {logging_mixin.py:190} INFO - [2024-11-23T00:49:20.892+0000] {override.py:1911} INFO - Created Permission View: can edit on DAG:dataset_consumes_1_and_2
[2024-11-23T00:49:20.897+0000] {logging_mixin.py:190} INFO - [2024-11-23T00:49:20.897+0000] {override.py:1911} INFO - Created Permission View: can create on DAG Run:dataset_consumes_1_and_2
[2024-11-23T00:49:20.903+0000] {logging_mixin.py:190} INFO - [2024-11-23T00:49:20.902+0000] {override.py:1911} INFO - Created Permission View: can delete on DAG Run:dataset_consumes_1_and_2
[2024-11-23T00:49:20.908+0000] {logging_mixin.py:190} INFO - [2024-11-23T00:49:20.908+0000] {override.py:1911} INFO - Created Permission View: can read on DAG Run:dataset_consumes_1_and_2
[2024-11-23T00:49:20.913+0000] {logging_mixin.py:190} INFO - [2024-11-23T00:49:20.913+0000] {override.py:1911} INFO - Created Permission View: menu access on DAG Run:dataset_consumes_1_and_2
[2024-11-23T00:49:20.924+0000] {logging_mixin.py:190} INFO - [2024-11-23T00:49:20.924+0000] {override.py:1911} INFO - Created Permission View: can delete on DAG:consume_1_and_2_with_dataset_expressions
[2024-11-23T00:49:20.931+0000] {logging_mixin.py:190} INFO - [2024-11-23T00:49:20.931+0000] {override.py:1911} INFO - Created Permission View: can read on DAG:consume_1_and_2_with_dataset_expressions
[2024-11-23T00:49:20.937+0000] {logging_mixin.py:190} INFO - [2024-11-23T00:49:20.937+0000] {override.py:1911} INFO - Created Permission View: can edit on DAG:consume_1_and_2_with_dataset_expressions
[2024-11-23T00:49:20.943+0000] {logging_mixin.py:190} INFO - [2024-11-23T00:49:20.943+0000] {override.py:1911} INFO - Created Permission View: can create on DAG Run:consume_1_and_2_with_dataset_expressions
[2024-11-23T00:49:20.948+0000] {logging_mixin.py:190} INFO - [2024-11-23T00:49:20.948+0000] {override.py:1911} INFO - Created Permission View: can delete on DAG Run:consume_1_and_2_with_dataset_expressions
[2024-11-23T00:49:20.954+0000] {logging_mixin.py:190} INFO - [2024-11-23T00:49:20.954+0000] {override.py:1911} INFO - Created Permission View: can read on DAG Run:consume_1_and_2_with_dataset_expressions
[2024-11-23T00:49:20.959+0000] {logging_mixin.py:190} INFO - [2024-11-23T00:49:20.959+0000] {override.py:1911} INFO - Created Permission View: menu access on DAG Run:consume_1_and_2_with_dataset_expressions
[2024-11-23T00:49:20.969+0000] {logging_mixin.py:190} INFO - [2024-11-23T00:49:20.968+0000] {override.py:1911} INFO - Created Permission View: can delete on DAG:consume_1_or_both_2_and_3_with_dataset_expressions
[2024-11-23T00:49:20.973+0000] {logging_mixin.py:190} INFO - [2024-11-23T00:49:20.973+0000] {override.py:1911} INFO - Created Permission View: can read on DAG:consume_1_or_both_2_and_3_with_dataset_expressions
[2024-11-23T00:49:20.979+0000] {logging_mixin.py:190} INFO - [2024-11-23T00:49:20.979+0000] {override.py:1911} INFO - Created Permission View: can edit on DAG:consume_1_or_both_2_and_3_with_dataset_expressions
[2024-11-23T00:49:20.984+0000] {logging_mixin.py:190} INFO - [2024-11-23T00:49:20.984+0000] {override.py:1911} INFO - Created Permission View: can create on DAG Run:consume_1_or_both_2_and_3_with_dataset_expressions
[2024-11-23T00:49:20.990+0000] {logging_mixin.py:190} INFO - [2024-11-23T00:49:20.989+0000] {override.py:1911} INFO - Created Permission View: can delete on DAG Run:consume_1_or_both_2_and_3_with_dataset_expressions
[2024-11-23T00:49:20.995+0000] {logging_mixin.py:190} INFO - [2024-11-23T00:49:20.995+0000] {override.py:1911} INFO - Created Permission View: can read on DAG Run:consume_1_or_both_2_and_3_with_dataset_expressions
[2024-11-23T00:49:21.001+0000] {logging_mixin.py:190} INFO - [2024-11-23T00:49:21.000+0000] {override.py:1911} INFO - Created Permission View: menu access on DAG Run:consume_1_or_both_2_and_3_with_dataset_expressions
[2024-11-23T00:49:21.010+0000] {logging_mixin.py:190} INFO - [2024-11-23T00:49:21.010+0000] {override.py:1911} INFO - Created Permission View: can delete on DAG:dataset_produces_2
[2024-11-23T00:49:21.015+0000] {logging_mixin.py:190} INFO - [2024-11-23T00:49:21.015+0000] {override.py:1911} INFO - Created Permission View: can read on DAG:dataset_produces_2
[2024-11-23T00:49:21.021+0000] {logging_mixin.py:190} INFO - [2024-11-23T00:49:21.021+0000] {override.py:1911} INFO - Created Permission View: can edit on DAG:dataset_produces_2
[2024-11-23T00:49:21.027+0000] {logging_mixin.py:190} INFO - [2024-11-23T00:49:21.026+0000] {override.py:1911} INFO - Created Permission View: can create on DAG Run:dataset_produces_2
[2024-11-23T00:49:21.032+0000] {logging_mixin.py:190} INFO - [2024-11-23T00:49:21.032+0000] {override.py:1911} INFO - Created Permission View: can delete on DAG Run:dataset_produces_2
[2024-11-23T00:49:21.037+0000] {logging_mixin.py:190} INFO - [2024-11-23T00:49:21.037+0000] {override.py:1911} INFO - Created Permission View: can read on DAG Run:dataset_produces_2
[2024-11-23T00:49:21.042+0000] {logging_mixin.py:190} INFO - [2024-11-23T00:49:21.042+0000] {override.py:1911} INFO - Created Permission View: menu access on DAG Run:dataset_produces_2
[2024-11-23T00:49:21.051+0000] {logging_mixin.py:190} INFO - [2024-11-23T00:49:21.051+0000] {override.py:1911} INFO - Created Permission View: can delete on DAG:dataset_consumes_1_never_scheduled
[2024-11-23T00:49:21.057+0000] {logging_mixin.py:190} INFO - [2024-11-23T00:49:21.057+0000] {override.py:1911} INFO - Created Permission View: can read on DAG:dataset_consumes_1_never_scheduled
[2024-11-23T00:49:21.063+0000] {logging_mixin.py:190} INFO - [2024-11-23T00:49:21.062+0000] {override.py:1911} INFO - Created Permission View: can edit on DAG:dataset_consumes_1_never_scheduled
[2024-11-23T00:49:21.069+0000] {logging_mixin.py:190} INFO - [2024-11-23T00:49:21.069+0000] {override.py:1911} INFO - Created Permission View: can create on DAG Run:dataset_consumes_1_never_scheduled
[2024-11-23T00:49:21.075+0000] {logging_mixin.py:190} INFO - [2024-11-23T00:49:21.075+0000] {override.py:1911} INFO - Created Permission View: can delete on DAG Run:dataset_consumes_1_never_scheduled
[2024-11-23T00:49:21.081+0000] {logging_mixin.py:190} INFO - [2024-11-23T00:49:21.081+0000] {override.py:1911} INFO - Created Permission View: can read on DAG Run:dataset_consumes_1_never_scheduled
[2024-11-23T00:49:21.087+0000] {logging_mixin.py:190} INFO - [2024-11-23T00:49:21.086+0000] {override.py:1911} INFO - Created Permission View: menu access on DAG Run:dataset_consumes_1_never_scheduled
[2024-11-23T00:49:21.097+0000] {logging_mixin.py:190} INFO - [2024-11-23T00:49:21.097+0000] {override.py:1911} INFO - Created Permission View: can delete on DAG:conditional_dataset_and_time_based_timetable
[2024-11-23T00:49:21.103+0000] {logging_mixin.py:190} INFO - [2024-11-23T00:49:21.102+0000] {override.py:1911} INFO - Created Permission View: can read on DAG:conditional_dataset_and_time_based_timetable
[2024-11-23T00:49:21.108+0000] {logging_mixin.py:190} INFO - [2024-11-23T00:49:21.108+0000] {override.py:1911} INFO - Created Permission View: can edit on DAG:conditional_dataset_and_time_based_timetable
[2024-11-23T00:49:21.114+0000] {logging_mixin.py:190} INFO - [2024-11-23T00:49:21.114+0000] {override.py:1911} INFO - Created Permission View: can create on DAG Run:conditional_dataset_and_time_based_timetable
[2024-11-23T00:49:21.120+0000] {logging_mixin.py:190} INFO - [2024-11-23T00:49:21.120+0000] {override.py:1911} INFO - Created Permission View: can delete on DAG Run:conditional_dataset_and_time_based_timetable
[2024-11-23T00:49:21.126+0000] {logging_mixin.py:190} INFO - [2024-11-23T00:49:21.125+0000] {override.py:1911} INFO - Created Permission View: can read on DAG Run:conditional_dataset_and_time_based_timetable
[2024-11-23T00:49:21.131+0000] {logging_mixin.py:190} INFO - [2024-11-23T00:49:21.131+0000] {override.py:1911} INFO - Created Permission View: menu access on DAG Run:conditional_dataset_and_time_based_timetable
[2024-11-23T00:49:21.141+0000] {logging_mixin.py:190} INFO - [2024-11-23T00:49:21.141+0000] {override.py:1911} INFO - Created Permission View: can delete on DAG:dataset_produces_1
[2024-11-23T00:49:21.146+0000] {logging_mixin.py:190} INFO - [2024-11-23T00:49:21.146+0000] {override.py:1911} INFO - Created Permission View: can read on DAG:dataset_produces_1
[2024-11-23T00:49:21.152+0000] {logging_mixin.py:190} INFO - [2024-11-23T00:49:21.152+0000] {override.py:1911} INFO - Created Permission View: can edit on DAG:dataset_produces_1
[2024-11-23T00:49:21.158+0000] {logging_mixin.py:190} INFO - [2024-11-23T00:49:21.158+0000] {override.py:1911} INFO - Created Permission View: can create on DAG Run:dataset_produces_1
[2024-11-23T00:49:21.164+0000] {logging_mixin.py:190} INFO - [2024-11-23T00:49:21.163+0000] {override.py:1911} INFO - Created Permission View: can delete on DAG Run:dataset_produces_1
[2024-11-23T00:49:21.170+0000] {logging_mixin.py:190} INFO - [2024-11-23T00:49:21.170+0000] {override.py:1911} INFO - Created Permission View: can read on DAG Run:dataset_produces_1
[2024-11-23T00:49:21.175+0000] {logging_mixin.py:190} INFO - [2024-11-23T00:49:21.175+0000] {override.py:1911} INFO - Created Permission View: menu access on DAG Run:dataset_produces_1
[2024-11-23T00:49:21.186+0000] {logging_mixin.py:190} INFO - [2024-11-23T00:49:21.186+0000] {override.py:1911} INFO - Created Permission View: can delete on DAG:dataset_consumes_1
[2024-11-23T00:49:21.192+0000] {logging_mixin.py:190} INFO - [2024-11-23T00:49:21.192+0000] {override.py:1911} INFO - Created Permission View: can read on DAG:dataset_consumes_1
[2024-11-23T00:49:21.198+0000] {logging_mixin.py:190} INFO - [2024-11-23T00:49:21.197+0000] {override.py:1911} INFO - Created Permission View: can edit on DAG:dataset_consumes_1
[2024-11-23T00:49:21.204+0000] {logging_mixin.py:190} INFO - [2024-11-23T00:49:21.203+0000] {override.py:1911} INFO - Created Permission View: can create on DAG Run:dataset_consumes_1
[2024-11-23T00:49:21.210+0000] {logging_mixin.py:190} INFO - [2024-11-23T00:49:21.209+0000] {override.py:1911} INFO - Created Permission View: can delete on DAG Run:dataset_consumes_1
[2024-11-23T00:49:21.219+0000] {logging_mixin.py:190} INFO - [2024-11-23T00:49:21.218+0000] {override.py:1911} INFO - Created Permission View: can read on DAG Run:dataset_consumes_1
[2024-11-23T00:49:21.224+0000] {logging_mixin.py:190} INFO - [2024-11-23T00:49:21.224+0000] {override.py:1911} INFO - Created Permission View: menu access on DAG Run:dataset_consumes_1
[2024-11-23T00:49:21.234+0000] {logging_mixin.py:190} INFO - [2024-11-23T00:49:21.234+0000] {override.py:1911} INFO - Created Permission View: can delete on DAG:consume_1_or_2_with_dataset_expressions
[2024-11-23T00:49:21.239+0000] {logging_mixin.py:190} INFO - [2024-11-23T00:49:21.239+0000] {override.py:1911} INFO - Created Permission View: can read on DAG:consume_1_or_2_with_dataset_expressions
[2024-11-23T00:49:21.243+0000] {logging_mixin.py:190} INFO - [2024-11-23T00:49:21.243+0000] {override.py:1911} INFO - Created Permission View: can edit on DAG:consume_1_or_2_with_dataset_expressions
[2024-11-23T00:49:21.248+0000] {logging_mixin.py:190} INFO - [2024-11-23T00:49:21.248+0000] {override.py:1911} INFO - Created Permission View: can create on DAG Run:consume_1_or_2_with_dataset_expressions
[2024-11-23T00:49:21.253+0000] {logging_mixin.py:190} INFO - [2024-11-23T00:49:21.253+0000] {override.py:1911} INFO - Created Permission View: can delete on DAG Run:consume_1_or_2_with_dataset_expressions
[2024-11-23T00:49:21.258+0000] {logging_mixin.py:190} INFO - [2024-11-23T00:49:21.258+0000] {override.py:1911} INFO - Created Permission View: can read on DAG Run:consume_1_or_2_with_dataset_expressions
[2024-11-23T00:49:21.264+0000] {logging_mixin.py:190} INFO - [2024-11-23T00:49:21.263+0000] {override.py:1911} INFO - Created Permission View: menu access on DAG Run:consume_1_or_2_with_dataset_expressions
[2024-11-23T00:49:21.264+0000] {logging_mixin.py:190} INFO - [2024-11-23T00:49:21.264+0000] {dag.py:3239} INFO - Sync 10 DAGs
[2024-11-23T00:49:21.276+0000] {logging_mixin.py:190} INFO - [2024-11-23T00:49:21.276+0000] {dag.py:3262} INFO - Creating ORM DAG for dataset_consumes_1_never_scheduled
[2024-11-23T00:49:21.277+0000] {logging_mixin.py:190} INFO - [2024-11-23T00:49:21.277+0000] {dag.py:3262} INFO - Creating ORM DAG for consume_1_and_2_with_dataset_expressions
[2024-11-23T00:49:21.277+0000] {logging_mixin.py:190} INFO - [2024-11-23T00:49:21.277+0000] {dag.py:3262} INFO - Creating ORM DAG for dataset_consumes_1
[2024-11-23T00:49:21.278+0000] {logging_mixin.py:190} INFO - [2024-11-23T00:49:21.278+0000] {dag.py:3262} INFO - Creating ORM DAG for dataset_produces_2
[2024-11-23T00:49:21.278+0000] {logging_mixin.py:190} INFO - [2024-11-23T00:49:21.278+0000] {dag.py:3262} INFO - Creating ORM DAG for dataset_consumes_unknown_never_scheduled
[2024-11-23T00:49:21.278+0000] {logging_mixin.py:190} INFO - [2024-11-23T00:49:21.278+0000] {dag.py:3262} INFO - Creating ORM DAG for consume_1_or_both_2_and_3_with_dataset_expressions
[2024-11-23T00:49:21.279+0000] {logging_mixin.py:190} INFO - [2024-11-23T00:49:21.279+0000] {dag.py:3262} INFO - Creating ORM DAG for dataset_consumes_1_and_2
[2024-11-23T00:49:21.279+0000] {logging_mixin.py:190} INFO - [2024-11-23T00:49:21.279+0000] {dag.py:3262} INFO - Creating ORM DAG for conditional_dataset_and_time_based_timetable
[2024-11-23T00:49:21.279+0000] {logging_mixin.py:190} INFO - [2024-11-23T00:49:21.279+0000] {dag.py:3262} INFO - Creating ORM DAG for dataset_produces_1
[2024-11-23T00:49:21.280+0000] {logging_mixin.py:190} INFO - [2024-11-23T00:49:21.280+0000] {dag.py:3262} INFO - Creating ORM DAG for consume_1_or_2_with_dataset_expressions
[2024-11-23T00:49:21.289+0000] {logging_mixin.py:190} INFO - [2024-11-23T00:49:21.289+0000] {dag.py:4180} INFO - Setting next_dagrun for conditional_dataset_and_time_based_timetable to 2024-11-20 01:00:00+00:00, run_after=2024-11-20 01:00:00+00:00
[2024-11-23T00:49:21.290+0000] {logging_mixin.py:190} INFO - [2024-11-23T00:49:21.290+0000] {dag.py:4180} INFO - Setting next_dagrun for consume_1_and_2_with_dataset_expressions to None, run_after=None
[2024-11-23T00:49:21.290+0000] {logging_mixin.py:190} INFO - [2024-11-23T00:49:21.290+0000] {dag.py:4180} INFO - Setting next_dagrun for consume_1_or_2_with_dataset_expressions to None, run_after=None
[2024-11-23T00:49:21.290+0000] {logging_mixin.py:190} INFO - [2024-11-23T00:49:21.290+0000] {dag.py:4180} INFO - Setting next_dagrun for consume_1_or_both_2_and_3_with_dataset_expressions to None, run_after=None
[2024-11-23T00:49:21.291+0000] {logging_mixin.py:190} INFO - [2024-11-23T00:49:21.291+0000] {dag.py:4180} INFO - Setting next_dagrun for dataset_consumes_1 to None, run_after=None
[2024-11-23T00:49:21.291+0000] {logging_mixin.py:190} INFO - [2024-11-23T00:49:21.291+0000] {dag.py:4180} INFO - Setting next_dagrun for dataset_consumes_1_and_2 to None, run_after=None
[2024-11-23T00:49:21.291+0000] {logging_mixin.py:190} INFO - [2024-11-23T00:49:21.291+0000] {dag.py:4180} INFO - Setting next_dagrun for dataset_consumes_1_never_scheduled to None, run_after=None
[2024-11-23T00:49:21.292+0000] {logging_mixin.py:190} INFO - [2024-11-23T00:49:21.292+0000] {dag.py:4180} INFO - Setting next_dagrun for dataset_consumes_unknown_never_scheduled to None, run_after=None
[2024-11-23T00:49:21.293+0000] {logging_mixin.py:190} INFO - [2024-11-23T00:49:21.293+0000] {dag.py:4180} INFO - Setting next_dagrun for dataset_produces_1 to 2024-11-22 00:00:00+00:00, run_after=2024-11-23 00:00:00+00:00
[2024-11-23T00:49:21.293+0000] {logging_mixin.py:190} INFO - [2024-11-23T00:49:21.293+0000] {dag.py:4180} INFO - Setting next_dagrun for dataset_produces_2 to None, run_after=None
[2024-11-23T00:49:21.337+0000] {processor.py:208} INFO - Processing /home/airflow/.local/lib/python3.12/site-packages/airflow/example_dags/example_datasets.py took 1.122 seconds
[2024-11-23T00:49:52.043+0000] {processor.py:186} INFO - Started process (PID=154) to work on /home/airflow/.local/lib/python3.12/site-packages/airflow/example_dags/example_datasets.py
[2024-11-23T00:49:52.044+0000] {processor.py:914} INFO - Processing file /home/airflow/.local/lib/python3.12/site-packages/airflow/example_dags/example_datasets.py for tasks to queue
[2024-11-23T00:49:52.046+0000] {logging_mixin.py:190} INFO - [2024-11-23T00:49:52.046+0000] {dagbag.py:588} INFO - Filling up the DagBag from /home/airflow/.local/lib/python3.12/site-packages/airflow/example_dags/example_datasets.py
[2024-11-23T00:49:52.856+0000] {processor.py:925} INFO - DAG(s) 'consume_1_and_2_with_dataset_expressions', 'dataset_consumes_unknown_never_scheduled', 'dataset_consumes_1', 'consume_1_or_2_with_dataset_expressions', 'dataset_produces_2', 'dataset_consumes_1_never_scheduled', 'dataset_consumes_1_and_2', 'dataset_produces_1', 'consume_1_or_both_2_and_3_with_dataset_expressions', 'conditional_dataset_and_time_based_timetable' retrieved from /home/airflow/.local/lib/python3.12/site-packages/airflow/example_dags/example_datasets.py
[2024-11-23T00:49:52.915+0000] {logging_mixin.py:190} INFO - [2024-11-23T00:49:52.915+0000] {dag.py:3239} INFO - Sync 10 DAGs
[2024-11-23T00:49:52.944+0000] {logging_mixin.py:190} INFO - [2024-11-23T00:49:52.944+0000] {dag.py:4180} INFO - Setting next_dagrun for conditional_dataset_and_time_based_timetable to 2024-11-20 01:00:00+00:00, run_after=2024-11-20 01:00:00+00:00
[2024-11-23T00:49:52.948+0000] {logging_mixin.py:190} INFO - [2024-11-23T00:49:52.948+0000] {dag.py:4180} INFO - Setting next_dagrun for consume_1_and_2_with_dataset_expressions to None, run_after=None
[2024-11-23T00:49:52.950+0000] {logging_mixin.py:190} INFO - [2024-11-23T00:49:52.949+0000] {dag.py:4180} INFO - Setting next_dagrun for consume_1_or_2_with_dataset_expressions to None, run_after=None
[2024-11-23T00:49:52.951+0000] {logging_mixin.py:190} INFO - [2024-11-23T00:49:52.951+0000] {dag.py:4180} INFO - Setting next_dagrun for consume_1_or_both_2_and_3_with_dataset_expressions to None, run_after=None
[2024-11-23T00:49:52.953+0000] {logging_mixin.py:190} INFO - [2024-11-23T00:49:52.953+0000] {dag.py:4180} INFO - Setting next_dagrun for dataset_consumes_1 to None, run_after=None
[2024-11-23T00:49:52.955+0000] {logging_mixin.py:190} INFO - [2024-11-23T00:49:52.954+0000] {dag.py:4180} INFO - Setting next_dagrun for dataset_consumes_1_and_2 to None, run_after=None
[2024-11-23T00:49:52.956+0000] {logging_mixin.py:190} INFO - [2024-11-23T00:49:52.956+0000] {dag.py:4180} INFO - Setting next_dagrun for dataset_consumes_1_never_scheduled to None, run_after=None
[2024-11-23T00:49:52.958+0000] {logging_mixin.py:190} INFO - [2024-11-23T00:49:52.958+0000] {dag.py:4180} INFO - Setting next_dagrun for dataset_consumes_unknown_never_scheduled to None, run_after=None
[2024-11-23T00:49:52.960+0000] {logging_mixin.py:190} INFO - [2024-11-23T00:49:52.960+0000] {dag.py:4180} INFO - Setting next_dagrun for dataset_produces_1 to 2024-11-22 00:00:00+00:00, run_after=2024-11-23 00:00:00+00:00
[2024-11-23T00:49:52.962+0000] {logging_mixin.py:190} INFO - [2024-11-23T00:49:52.962+0000] {dag.py:4180} INFO - Setting next_dagrun for dataset_produces_2 to None, run_after=None
[2024-11-23T00:49:52.995+0000] {processor.py:208} INFO - Processing /home/airflow/.local/lib/python3.12/site-packages/airflow/example_dags/example_datasets.py took 0.958 seconds
[2024-11-23T00:50:23.314+0000] {processor.py:186} INFO - Started process (PID=217) to work on /home/airflow/.local/lib/python3.12/site-packages/airflow/example_dags/example_datasets.py
[2024-11-23T00:50:23.315+0000] {processor.py:914} INFO - Processing file /home/airflow/.local/lib/python3.12/site-packages/airflow/example_dags/example_datasets.py for tasks to queue
[2024-11-23T00:50:23.317+0000] {logging_mixin.py:190} INFO - [2024-11-23T00:50:23.317+0000] {dagbag.py:588} INFO - Filling up the DagBag from /home/airflow/.local/lib/python3.12/site-packages/airflow/example_dags/example_datasets.py
[2024-11-23T00:50:23.814+0000] {processor.py:925} INFO - DAG(s) 'consume_1_and_2_with_dataset_expressions', 'dataset_produces_1', 'dataset_consumes_1', 'consume_1_or_2_with_dataset_expressions', 'dataset_consumes_1_never_scheduled', 'dataset_produces_2', 'consume_1_or_both_2_and_3_with_dataset_expressions', 'dataset_consumes_unknown_never_scheduled', 'conditional_dataset_and_time_based_timetable', 'dataset_consumes_1_and_2' retrieved from /home/airflow/.local/lib/python3.12/site-packages/airflow/example_dags/example_datasets.py
[2024-11-23T00:50:23.853+0000] {logging_mixin.py:190} INFO - [2024-11-23T00:50:23.852+0000] {dag.py:3239} INFO - Sync 10 DAGs
[2024-11-23T00:50:23.875+0000] {logging_mixin.py:190} INFO - [2024-11-23T00:50:23.875+0000] {dag.py:4180} INFO - Setting next_dagrun for conditional_dataset_and_time_based_timetable to 2024-11-20 01:00:00+00:00, run_after=2024-11-20 01:00:00+00:00
[2024-11-23T00:50:23.879+0000] {logging_mixin.py:190} INFO - [2024-11-23T00:50:23.879+0000] {dag.py:4180} INFO - Setting next_dagrun for consume_1_and_2_with_dataset_expressions to None, run_after=None
[2024-11-23T00:50:23.880+0000] {logging_mixin.py:190} INFO - [2024-11-23T00:50:23.880+0000] {dag.py:4180} INFO - Setting next_dagrun for consume_1_or_2_with_dataset_expressions to None, run_after=None
[2024-11-23T00:50:23.881+0000] {logging_mixin.py:190} INFO - [2024-11-23T00:50:23.881+0000] {dag.py:4180} INFO - Setting next_dagrun for consume_1_or_both_2_and_3_with_dataset_expressions to None, run_after=None
[2024-11-23T00:50:23.882+0000] {logging_mixin.py:190} INFO - [2024-11-23T00:50:23.882+0000] {dag.py:4180} INFO - Setting next_dagrun for dataset_consumes_1 to None, run_after=None
[2024-11-23T00:50:23.883+0000] {logging_mixin.py:190} INFO - [2024-11-23T00:50:23.883+0000] {dag.py:4180} INFO - Setting next_dagrun for dataset_consumes_1_and_2 to None, run_after=None
[2024-11-23T00:50:23.884+0000] {logging_mixin.py:190} INFO - [2024-11-23T00:50:23.884+0000] {dag.py:4180} INFO - Setting next_dagrun for dataset_consumes_1_never_scheduled to None, run_after=None
[2024-11-23T00:50:23.885+0000] {logging_mixin.py:190} INFO - [2024-11-23T00:50:23.885+0000] {dag.py:4180} INFO - Setting next_dagrun for dataset_consumes_unknown_never_scheduled to None, run_after=None
[2024-11-23T00:50:23.887+0000] {logging_mixin.py:190} INFO - [2024-11-23T00:50:23.887+0000] {dag.py:4180} INFO - Setting next_dagrun for dataset_produces_1 to 2024-11-22 00:00:00+00:00, run_after=2024-11-23 00:00:00+00:00
[2024-11-23T00:50:23.889+0000] {logging_mixin.py:190} INFO - [2024-11-23T00:50:23.888+0000] {dag.py:4180} INFO - Setting next_dagrun for dataset_produces_2 to None, run_after=None
[2024-11-23T00:50:23.918+0000] {processor.py:208} INFO - Processing /home/airflow/.local/lib/python3.12/site-packages/airflow/example_dags/example_datasets.py took 0.608 seconds
[2024-11-23T00:50:54.277+0000] {processor.py:186} INFO - Started process (PID=280) to work on /home/airflow/.local/lib/python3.12/site-packages/airflow/example_dags/example_datasets.py
[2024-11-23T00:50:54.278+0000] {processor.py:914} INFO - Processing file /home/airflow/.local/lib/python3.12/site-packages/airflow/example_dags/example_datasets.py for tasks to queue
[2024-11-23T00:50:54.280+0000] {logging_mixin.py:190} INFO - [2024-11-23T00:50:54.280+0000] {dagbag.py:588} INFO - Filling up the DagBag from /home/airflow/.local/lib/python3.12/site-packages/airflow/example_dags/example_datasets.py
[2024-11-23T00:50:54.828+0000] {processor.py:925} INFO - DAG(s) 'dataset_consumes_1_never_scheduled', 'conditional_dataset_and_time_based_timetable', 'dataset_produces_2', 'consume_1_or_both_2_and_3_with_dataset_expressions', 'dataset_produces_1', 'dataset_consumes_unknown_never_scheduled', 'dataset_consumes_1', 'consume_1_and_2_with_dataset_expressions', 'dataset_consumes_1_and_2', 'consume_1_or_2_with_dataset_expressions' retrieved from /home/airflow/.local/lib/python3.12/site-packages/airflow/example_dags/example_datasets.py
[2024-11-23T00:50:54.870+0000] {logging_mixin.py:190} INFO - [2024-11-23T00:50:54.870+0000] {dag.py:3239} INFO - Sync 10 DAGs
[2024-11-23T00:50:54.891+0000] {logging_mixin.py:190} INFO - [2024-11-23T00:50:54.891+0000] {dag.py:4180} INFO - Setting next_dagrun for conditional_dataset_and_time_based_timetable to 2024-11-20 01:00:00+00:00, run_after=2024-11-20 01:00:00+00:00
[2024-11-23T00:50:54.895+0000] {logging_mixin.py:190} INFO - [2024-11-23T00:50:54.894+0000] {dag.py:4180} INFO - Setting next_dagrun for consume_1_and_2_with_dataset_expressions to None, run_after=None
[2024-11-23T00:50:54.896+0000] {logging_mixin.py:190} INFO - [2024-11-23T00:50:54.896+0000] {dag.py:4180} INFO - Setting next_dagrun for consume_1_or_2_with_dataset_expressions to None, run_after=None
[2024-11-23T00:50:54.897+0000] {logging_mixin.py:190} INFO - [2024-11-23T00:50:54.897+0000] {dag.py:4180} INFO - Setting next_dagrun for consume_1_or_both_2_and_3_with_dataset_expressions to None, run_after=None
[2024-11-23T00:50:54.899+0000] {logging_mixin.py:190} INFO - [2024-11-23T00:50:54.899+0000] {dag.py:4180} INFO - Setting next_dagrun for dataset_consumes_1 to None, run_after=None
[2024-11-23T00:50:54.900+0000] {logging_mixin.py:190} INFO - [2024-11-23T00:50:54.900+0000] {dag.py:4180} INFO - Setting next_dagrun for dataset_consumes_1_and_2 to None, run_after=None
[2024-11-23T00:50:54.902+0000] {logging_mixin.py:190} INFO - [2024-11-23T00:50:54.901+0000] {dag.py:4180} INFO - Setting next_dagrun for dataset_consumes_1_never_scheduled to None, run_after=None
[2024-11-23T00:50:54.903+0000] {logging_mixin.py:190} INFO - [2024-11-23T00:50:54.903+0000] {dag.py:4180} INFO - Setting next_dagrun for dataset_consumes_unknown_never_scheduled to None, run_after=None
[2024-11-23T00:50:54.905+0000] {logging_mixin.py:190} INFO - [2024-11-23T00:50:54.905+0000] {dag.py:4180} INFO - Setting next_dagrun for dataset_produces_1 to 2024-11-22 00:00:00+00:00, run_after=2024-11-23 00:00:00+00:00
[2024-11-23T00:50:54.906+0000] {logging_mixin.py:190} INFO - [2024-11-23T00:50:54.906+0000] {dag.py:4180} INFO - Setting next_dagrun for dataset_produces_2 to None, run_after=None
[2024-11-23T00:50:54.936+0000] {processor.py:208} INFO - Processing /home/airflow/.local/lib/python3.12/site-packages/airflow/example_dags/example_datasets.py took 0.663 seconds
[2024-11-23T00:51:25.141+0000] {processor.py:186} INFO - Started process (PID=343) to work on /home/airflow/.local/lib/python3.12/site-packages/airflow/example_dags/example_datasets.py
[2024-11-23T00:51:25.142+0000] {processor.py:914} INFO - Processing file /home/airflow/.local/lib/python3.12/site-packages/airflow/example_dags/example_datasets.py for tasks to queue
[2024-11-23T00:51:25.144+0000] {logging_mixin.py:190} INFO - [2024-11-23T00:51:25.144+0000] {dagbag.py:588} INFO - Filling up the DagBag from /home/airflow/.local/lib/python3.12/site-packages/airflow/example_dags/example_datasets.py
[2024-11-23T00:51:25.663+0000] {processor.py:925} INFO - DAG(s) 'dataset_produces_1', 'dataset_consumes_unknown_never_scheduled', 'consume_1_or_both_2_and_3_with_dataset_expressions', 'conditional_dataset_and_time_based_timetable', 'dataset_consumes_1', 'dataset_produces_2', 'dataset_consumes_1_never_scheduled', 'consume_1_or_2_with_dataset_expressions', 'dataset_consumes_1_and_2', 'consume_1_and_2_with_dataset_expressions' retrieved from /home/airflow/.local/lib/python3.12/site-packages/airflow/example_dags/example_datasets.py
[2024-11-23T00:51:25.701+0000] {logging_mixin.py:190} INFO - [2024-11-23T00:51:25.701+0000] {dag.py:3239} INFO - Sync 10 DAGs
[2024-11-23T00:51:25.723+0000] {logging_mixin.py:190} INFO - [2024-11-23T00:51:25.723+0000] {dag.py:4180} INFO - Setting next_dagrun for conditional_dataset_and_time_based_timetable to 2024-11-20 01:00:00+00:00, run_after=2024-11-20 01:00:00+00:00
[2024-11-23T00:51:25.726+0000] {logging_mixin.py:190} INFO - [2024-11-23T00:51:25.726+0000] {dag.py:4180} INFO - Setting next_dagrun for consume_1_and_2_with_dataset_expressions to None, run_after=None
[2024-11-23T00:51:25.728+0000] {logging_mixin.py:190} INFO - [2024-11-23T00:51:25.727+0000] {dag.py:4180} INFO - Setting next_dagrun for consume_1_or_2_with_dataset_expressions to None, run_after=None
[2024-11-23T00:51:25.729+0000] {logging_mixin.py:190} INFO - [2024-11-23T00:51:25.729+0000] {dag.py:4180} INFO - Setting next_dagrun for consume_1_or_both_2_and_3_with_dataset_expressions to None, run_after=None
[2024-11-23T00:51:25.730+0000] {logging_mixin.py:190} INFO - [2024-11-23T00:51:25.730+0000] {dag.py:4180} INFO - Setting next_dagrun for dataset_consumes_1 to None, run_after=None
[2024-11-23T00:51:25.731+0000] {logging_mixin.py:190} INFO - [2024-11-23T00:51:25.731+0000] {dag.py:4180} INFO - Setting next_dagrun for dataset_consumes_1_and_2 to None, run_after=None
[2024-11-23T00:51:25.733+0000] {logging_mixin.py:190} INFO - [2024-11-23T00:51:25.732+0000] {dag.py:4180} INFO - Setting next_dagrun for dataset_consumes_1_never_scheduled to None, run_after=None
[2024-11-23T00:51:25.734+0000] {logging_mixin.py:190} INFO - [2024-11-23T00:51:25.734+0000] {dag.py:4180} INFO - Setting next_dagrun for dataset_consumes_unknown_never_scheduled to None, run_after=None
[2024-11-23T00:51:25.736+0000] {logging_mixin.py:190} INFO - [2024-11-23T00:51:25.736+0000] {dag.py:4180} INFO - Setting next_dagrun for dataset_produces_1 to 2024-11-22 00:00:00+00:00, run_after=2024-11-23 00:00:00+00:00
[2024-11-23T00:51:25.737+0000] {logging_mixin.py:190} INFO - [2024-11-23T00:51:25.737+0000] {dag.py:4180} INFO - Setting next_dagrun for dataset_produces_2 to None, run_after=None
[2024-11-23T00:51:25.768+0000] {processor.py:208} INFO - Processing /home/airflow/.local/lib/python3.12/site-packages/airflow/example_dags/example_datasets.py took 0.631 seconds
[2024-11-23T00:51:56.110+0000] {processor.py:186} INFO - Started process (PID=406) to work on /home/airflow/.local/lib/python3.12/site-packages/airflow/example_dags/example_datasets.py
[2024-11-23T00:51:56.111+0000] {processor.py:914} INFO - Processing file /home/airflow/.local/lib/python3.12/site-packages/airflow/example_dags/example_datasets.py for tasks to queue
[2024-11-23T00:51:56.113+0000] {logging_mixin.py:190} INFO - [2024-11-23T00:51:56.113+0000] {dagbag.py:588} INFO - Filling up the DagBag from /home/airflow/.local/lib/python3.12/site-packages/airflow/example_dags/example_datasets.py
[2024-11-23T00:51:56.600+0000] {processor.py:925} INFO - DAG(s) 'consume_1_or_both_2_and_3_with_dataset_expressions', 'dataset_consumes_1_and_2', 'consume_1_or_2_with_dataset_expressions', 'dataset_consumes_1', 'dataset_produces_2', 'conditional_dataset_and_time_based_timetable', 'dataset_consumes_unknown_never_scheduled', 'dataset_produces_1', 'consume_1_and_2_with_dataset_expressions', 'dataset_consumes_1_never_scheduled' retrieved from /home/airflow/.local/lib/python3.12/site-packages/airflow/example_dags/example_datasets.py
[2024-11-23T00:51:56.634+0000] {logging_mixin.py:190} INFO - [2024-11-23T00:51:56.634+0000] {dag.py:3239} INFO - Sync 10 DAGs
[2024-11-23T00:51:56.656+0000] {logging_mixin.py:190} INFO - [2024-11-23T00:51:56.655+0000] {dag.py:4180} INFO - Setting next_dagrun for conditional_dataset_and_time_based_timetable to 2024-11-20 01:00:00+00:00, run_after=2024-11-20 01:00:00+00:00
[2024-11-23T00:51:56.659+0000] {logging_mixin.py:190} INFO - [2024-11-23T00:51:56.659+0000] {dag.py:4180} INFO - Setting next_dagrun for consume_1_and_2_with_dataset_expressions to None, run_after=None
[2024-11-23T00:51:56.660+0000] {logging_mixin.py:190} INFO - [2024-11-23T00:51:56.660+0000] {dag.py:4180} INFO - Setting next_dagrun for consume_1_or_2_with_dataset_expressions to None, run_after=None
[2024-11-23T00:51:56.661+0000] {logging_mixin.py:190} INFO - [2024-11-23T00:51:56.661+0000] {dag.py:4180} INFO - Setting next_dagrun for consume_1_or_both_2_and_3_with_dataset_expressions to None, run_after=None
[2024-11-23T00:51:56.662+0000] {logging_mixin.py:190} INFO - [2024-11-23T00:51:56.662+0000] {dag.py:4180} INFO - Setting next_dagrun for dataset_consumes_1 to None, run_after=None
[2024-11-23T00:51:56.664+0000] {logging_mixin.py:190} INFO - [2024-11-23T00:51:56.663+0000] {dag.py:4180} INFO - Setting next_dagrun for dataset_consumes_1_and_2 to None, run_after=None
[2024-11-23T00:51:56.665+0000] {logging_mixin.py:190} INFO - [2024-11-23T00:51:56.665+0000] {dag.py:4180} INFO - Setting next_dagrun for dataset_consumes_1_never_scheduled to None, run_after=None
[2024-11-23T00:51:56.666+0000] {logging_mixin.py:190} INFO - [2024-11-23T00:51:56.666+0000] {dag.py:4180} INFO - Setting next_dagrun for dataset_consumes_unknown_never_scheduled to None, run_after=None
[2024-11-23T00:51:56.668+0000] {logging_mixin.py:190} INFO - [2024-11-23T00:51:56.668+0000] {dag.py:4180} INFO - Setting next_dagrun for dataset_produces_1 to 2024-11-22 00:00:00+00:00, run_after=2024-11-23 00:00:00+00:00
[2024-11-23T00:51:56.669+0000] {logging_mixin.py:190} INFO - [2024-11-23T00:51:56.669+0000] {dag.py:4180} INFO - Setting next_dagrun for dataset_produces_2 to None, run_after=None
[2024-11-23T00:51:56.698+0000] {processor.py:208} INFO - Processing /home/airflow/.local/lib/python3.12/site-packages/airflow/example_dags/example_datasets.py took 0.592 seconds
[2024-11-23T00:52:27.360+0000] {processor.py:186} INFO - Started process (PID=469) to work on /home/airflow/.local/lib/python3.12/site-packages/airflow/example_dags/example_datasets.py
[2024-11-23T00:52:27.371+0000] {processor.py:914} INFO - Processing file /home/airflow/.local/lib/python3.12/site-packages/airflow/example_dags/example_datasets.py for tasks to queue
[2024-11-23T00:52:27.373+0000] {logging_mixin.py:190} INFO - [2024-11-23T00:52:27.373+0000] {dagbag.py:588} INFO - Filling up the DagBag from /home/airflow/.local/lib/python3.12/site-packages/airflow/example_dags/example_datasets.py
[2024-11-23T00:52:27.862+0000] {processor.py:925} INFO - DAG(s) 'dataset_consumes_1_never_scheduled', 'conditional_dataset_and_time_based_timetable', 'dataset_consumes_1_and_2', 'consume_1_or_2_with_dataset_expressions', 'consume_1_and_2_with_dataset_expressions', 'dataset_consumes_unknown_never_scheduled', 'dataset_produces_2', 'consume_1_or_both_2_and_3_with_dataset_expressions', 'dataset_consumes_1', 'dataset_produces_1' retrieved from /home/airflow/.local/lib/python3.12/site-packages/airflow/example_dags/example_datasets.py
[2024-11-23T00:52:27.898+0000] {logging_mixin.py:190} INFO - [2024-11-23T00:52:27.898+0000] {dag.py:3239} INFO - Sync 10 DAGs
[2024-11-23T00:52:27.917+0000] {logging_mixin.py:190} INFO - [2024-11-23T00:52:27.917+0000] {dag.py:4180} INFO - Setting next_dagrun for conditional_dataset_and_time_based_timetable to 2024-11-20 01:00:00+00:00, run_after=2024-11-20 01:00:00+00:00
[2024-11-23T00:52:27.921+0000] {logging_mixin.py:190} INFO - [2024-11-23T00:52:27.921+0000] {dag.py:4180} INFO - Setting next_dagrun for consume_1_and_2_with_dataset_expressions to None, run_after=None
[2024-11-23T00:52:27.922+0000] {logging_mixin.py:190} INFO - [2024-11-23T00:52:27.922+0000] {dag.py:4180} INFO - Setting next_dagrun for consume_1_or_2_with_dataset_expressions to None, run_after=None
[2024-11-23T00:52:27.923+0000] {logging_mixin.py:190} INFO - [2024-11-23T00:52:27.923+0000] {dag.py:4180} INFO - Setting next_dagrun for consume_1_or_both_2_and_3_with_dataset_expressions to None, run_after=None
[2024-11-23T00:52:27.924+0000] {logging_mixin.py:190} INFO - [2024-11-23T00:52:27.924+0000] {dag.py:4180} INFO - Setting next_dagrun for dataset_consumes_1 to None, run_after=None
[2024-11-23T00:52:27.925+0000] {logging_mixin.py:190} INFO - [2024-11-23T00:52:27.925+0000] {dag.py:4180} INFO - Setting next_dagrun for dataset_consumes_1_and_2 to None, run_after=None
[2024-11-23T00:52:27.926+0000] {logging_mixin.py:190} INFO - [2024-11-23T00:52:27.926+0000] {dag.py:4180} INFO - Setting next_dagrun for dataset_consumes_1_never_scheduled to None, run_after=None
[2024-11-23T00:52:27.927+0000] {logging_mixin.py:190} INFO - [2024-11-23T00:52:27.927+0000] {dag.py:4180} INFO - Setting next_dagrun for dataset_consumes_unknown_never_scheduled to None, run_after=None
[2024-11-23T00:52:27.929+0000] {logging_mixin.py:190} INFO - [2024-11-23T00:52:27.929+0000] {dag.py:4180} INFO - Setting next_dagrun for dataset_produces_1 to 2024-11-22 00:00:00+00:00, run_after=2024-11-23 00:00:00+00:00
[2024-11-23T00:52:27.930+0000] {logging_mixin.py:190} INFO - [2024-11-23T00:52:27.930+0000] {dag.py:4180} INFO - Setting next_dagrun for dataset_produces_2 to None, run_after=None
[2024-11-23T00:52:27.956+0000] {processor.py:208} INFO - Processing /home/airflow/.local/lib/python3.12/site-packages/airflow/example_dags/example_datasets.py took 0.601 seconds
[2024-11-23T00:52:58.135+0000] {processor.py:186} INFO - Started process (PID=532) to work on /home/airflow/.local/lib/python3.12/site-packages/airflow/example_dags/example_datasets.py
[2024-11-23T00:52:58.146+0000] {processor.py:914} INFO - Processing file /home/airflow/.local/lib/python3.12/site-packages/airflow/example_dags/example_datasets.py for tasks to queue
[2024-11-23T00:52:58.148+0000] {logging_mixin.py:190} INFO - [2024-11-23T00:52:58.148+0000] {dagbag.py:588} INFO - Filling up the DagBag from /home/airflow/.local/lib/python3.12/site-packages/airflow/example_dags/example_datasets.py
[2024-11-23T00:52:58.651+0000] {processor.py:925} INFO - DAG(s) 'consume_1_or_2_with_dataset_expressions', 'consume_1_and_2_with_dataset_expressions', 'dataset_consumes_1', 'dataset_consumes_unknown_never_scheduled', 'dataset_produces_1', 'dataset_produces_2', 'conditional_dataset_and_time_based_timetable', 'dataset_consumes_1_and_2', 'consume_1_or_both_2_and_3_with_dataset_expressions', 'dataset_consumes_1_never_scheduled' retrieved from /home/airflow/.local/lib/python3.12/site-packages/airflow/example_dags/example_datasets.py
[2024-11-23T00:52:58.693+0000] {logging_mixin.py:190} INFO - [2024-11-23T00:52:58.692+0000] {dag.py:3239} INFO - Sync 10 DAGs
[2024-11-23T00:52:58.714+0000] {logging_mixin.py:190} INFO - [2024-11-23T00:52:58.713+0000] {dag.py:4180} INFO - Setting next_dagrun for conditional_dataset_and_time_based_timetable to 2024-11-20 01:00:00+00:00, run_after=2024-11-20 01:00:00+00:00
[2024-11-23T00:52:58.717+0000] {logging_mixin.py:190} INFO - [2024-11-23T00:52:58.717+0000] {dag.py:4180} INFO - Setting next_dagrun for consume_1_and_2_with_dataset_expressions to None, run_after=None
[2024-11-23T00:52:58.718+0000] {logging_mixin.py:190} INFO - [2024-11-23T00:52:58.718+0000] {dag.py:4180} INFO - Setting next_dagrun for consume_1_or_2_with_dataset_expressions to None, run_after=None
[2024-11-23T00:52:58.719+0000] {logging_mixin.py:190} INFO - [2024-11-23T00:52:58.719+0000] {dag.py:4180} INFO - Setting next_dagrun for consume_1_or_both_2_and_3_with_dataset_expressions to None, run_after=None
[2024-11-23T00:52:58.720+0000] {logging_mixin.py:190} INFO - [2024-11-23T00:52:58.720+0000] {dag.py:4180} INFO - Setting next_dagrun for dataset_consumes_1 to None, run_after=None
[2024-11-23T00:52:58.722+0000] {logging_mixin.py:190} INFO - [2024-11-23T00:52:58.721+0000] {dag.py:4180} INFO - Setting next_dagrun for dataset_consumes_1_and_2 to None, run_after=None
[2024-11-23T00:52:58.723+0000] {logging_mixin.py:190} INFO - [2024-11-23T00:52:58.723+0000] {dag.py:4180} INFO - Setting next_dagrun for dataset_consumes_1_never_scheduled to None, run_after=None
[2024-11-23T00:52:58.724+0000] {logging_mixin.py:190} INFO - [2024-11-23T00:52:58.724+0000] {dag.py:4180} INFO - Setting next_dagrun for dataset_consumes_unknown_never_scheduled to None, run_after=None
[2024-11-23T00:52:58.726+0000] {logging_mixin.py:190} INFO - [2024-11-23T00:52:58.726+0000] {dag.py:4180} INFO - Setting next_dagrun for dataset_produces_1 to 2024-11-22 00:00:00+00:00, run_after=2024-11-23 00:00:00+00:00
[2024-11-23T00:52:58.728+0000] {logging_mixin.py:190} INFO - [2024-11-23T00:52:58.727+0000] {dag.py:4180} INFO - Setting next_dagrun for dataset_produces_2 to None, run_after=None
[2024-11-23T00:52:58.757+0000] {processor.py:208} INFO - Processing /home/airflow/.local/lib/python3.12/site-packages/airflow/example_dags/example_datasets.py took 0.627 seconds
[2024-11-23T00:53:29.162+0000] {processor.py:186} INFO - Started process (PID=595) to work on /home/airflow/.local/lib/python3.12/site-packages/airflow/example_dags/example_datasets.py
[2024-11-23T00:53:29.163+0000] {processor.py:914} INFO - Processing file /home/airflow/.local/lib/python3.12/site-packages/airflow/example_dags/example_datasets.py for tasks to queue
[2024-11-23T00:53:29.165+0000] {logging_mixin.py:190} INFO - [2024-11-23T00:53:29.165+0000] {dagbag.py:588} INFO - Filling up the DagBag from /home/airflow/.local/lib/python3.12/site-packages/airflow/example_dags/example_datasets.py
[2024-11-23T00:53:29.696+0000] {processor.py:925} INFO - DAG(s) 'dataset_consumes_1_never_scheduled', 'dataset_consumes_unknown_never_scheduled', 'consume_1_and_2_with_dataset_expressions', 'consume_1_or_2_with_dataset_expressions', 'consume_1_or_both_2_and_3_with_dataset_expressions', 'dataset_produces_2', 'dataset_consumes_1', 'dataset_consumes_1_and_2', 'dataset_produces_1', 'conditional_dataset_and_time_based_timetable' retrieved from /home/airflow/.local/lib/python3.12/site-packages/airflow/example_dags/example_datasets.py
[2024-11-23T00:53:29.734+0000] {logging_mixin.py:190} INFO - [2024-11-23T00:53:29.733+0000] {dag.py:3239} INFO - Sync 10 DAGs
[2024-11-23T00:53:29.758+0000] {logging_mixin.py:190} INFO - [2024-11-23T00:53:29.758+0000] {dag.py:4180} INFO - Setting next_dagrun for conditional_dataset_and_time_based_timetable to 2024-11-20 01:00:00+00:00, run_after=2024-11-20 01:00:00+00:00
[2024-11-23T00:53:29.762+0000] {logging_mixin.py:190} INFO - [2024-11-23T00:53:29.762+0000] {dag.py:4180} INFO - Setting next_dagrun for consume_1_and_2_with_dataset_expressions to None, run_after=None
[2024-11-23T00:53:29.763+0000] {logging_mixin.py:190} INFO - [2024-11-23T00:53:29.763+0000] {dag.py:4180} INFO - Setting next_dagrun for consume_1_or_2_with_dataset_expressions to None, run_after=None
[2024-11-23T00:53:29.765+0000] {logging_mixin.py:190} INFO - [2024-11-23T00:53:29.764+0000] {dag.py:4180} INFO - Setting next_dagrun for consume_1_or_both_2_and_3_with_dataset_expressions to None, run_after=None
[2024-11-23T00:53:29.766+0000] {logging_mixin.py:190} INFO - [2024-11-23T00:53:29.766+0000] {dag.py:4180} INFO - Setting next_dagrun for dataset_consumes_1 to None, run_after=None
[2024-11-23T00:53:29.767+0000] {logging_mixin.py:190} INFO - [2024-11-23T00:53:29.767+0000] {dag.py:4180} INFO - Setting next_dagrun for dataset_consumes_1_and_2 to None, run_after=None
[2024-11-23T00:53:29.768+0000] {logging_mixin.py:190} INFO - [2024-11-23T00:53:29.768+0000] {dag.py:4180} INFO - Setting next_dagrun for dataset_consumes_1_never_scheduled to None, run_after=None
[2024-11-23T00:53:29.770+0000] {logging_mixin.py:190} INFO - [2024-11-23T00:53:29.769+0000] {dag.py:4180} INFO - Setting next_dagrun for dataset_consumes_unknown_never_scheduled to None, run_after=None
[2024-11-23T00:53:29.772+0000] {logging_mixin.py:190} INFO - [2024-11-23T00:53:29.772+0000] {dag.py:4180} INFO - Setting next_dagrun for dataset_produces_1 to 2024-11-22 00:00:00+00:00, run_after=2024-11-23 00:00:00+00:00
[2024-11-23T00:53:29.773+0000] {logging_mixin.py:190} INFO - [2024-11-23T00:53:29.773+0000] {dag.py:4180} INFO - Setting next_dagrun for dataset_produces_2 to None, run_after=None
[2024-11-23T00:53:29.802+0000] {processor.py:208} INFO - Processing /home/airflow/.local/lib/python3.12/site-packages/airflow/example_dags/example_datasets.py took 0.645 seconds
