[2024-11-23T00:49:16.109+0000] {processor.py:186} INFO - Started process (PID=56) to work on /home/airflow/.local/lib/python3.12/site-packages/airflow/example_dags/example_dataset_alias_with_no_taskflow.py
[2024-11-23T00:49:16.110+0000] {processor.py:914} INFO - Processing file /home/airflow/.local/lib/python3.12/site-packages/airflow/example_dags/example_dataset_alias_with_no_taskflow.py for tasks to queue
[2024-11-23T00:49:16.112+0000] {logging_mixin.py:190} INFO - [2024-11-23T00:49:16.111+0000] {dagbag.py:588} INFO - Filling up the DagBag from /home/airflow/.local/lib/python3.12/site-packages/airflow/example_dags/example_dataset_alias_with_no_taskflow.py
[2024-11-23T00:49:17.715+0000] {processor.py:925} INFO - DAG(s) 'dataset_alias_example_alias_consumer_with_no_taskflow', 'dataset_s3_bucket_producer_with_no_taskflow', 'dataset_alias_example_alias_producer_with_no_taskflow', 'dataset_s3_bucket_consumer_with_no_taskflow' retrieved from /home/airflow/.local/lib/python3.12/site-packages/airflow/example_dags/example_dataset_alias_with_no_taskflow.py
[2024-11-23T00:49:17.816+0000] {logging_mixin.py:190} INFO - [2024-11-23T00:49:17.815+0000] {override.py:1911} INFO - Created Permission View: can delete on DAG:dataset_alias_example_alias_consumer_with_no_taskflow
[2024-11-23T00:49:17.825+0000] {logging_mixin.py:190} INFO - [2024-11-23T00:49:17.825+0000] {override.py:1911} INFO - Created Permission View: can read on DAG:dataset_alias_example_alias_consumer_with_no_taskflow
[2024-11-23T00:49:17.831+0000] {logging_mixin.py:190} INFO - [2024-11-23T00:49:17.831+0000] {override.py:1911} INFO - Created Permission View: can edit on DAG:dataset_alias_example_alias_consumer_with_no_taskflow
[2024-11-23T00:49:17.837+0000] {logging_mixin.py:190} INFO - [2024-11-23T00:49:17.837+0000] {override.py:1911} INFO - Created Permission View: can create on DAG Run:dataset_alias_example_alias_consumer_with_no_taskflow
[2024-11-23T00:49:17.843+0000] {logging_mixin.py:190} INFO - [2024-11-23T00:49:17.843+0000] {override.py:1911} INFO - Created Permission View: can delete on DAG Run:dataset_alias_example_alias_consumer_with_no_taskflow
[2024-11-23T00:49:17.850+0000] {logging_mixin.py:190} INFO - [2024-11-23T00:49:17.849+0000] {override.py:1911} INFO - Created Permission View: can read on DAG Run:dataset_alias_example_alias_consumer_with_no_taskflow
[2024-11-23T00:49:17.856+0000] {logging_mixin.py:190} INFO - [2024-11-23T00:49:17.855+0000] {override.py:1911} INFO - Created Permission View: menu access on DAG Run:dataset_alias_example_alias_consumer_with_no_taskflow
[2024-11-23T00:49:17.865+0000] {logging_mixin.py:190} INFO - [2024-11-23T00:49:17.865+0000] {override.py:1911} INFO - Created Permission View: can delete on DAG:dataset_s3_bucket_producer_with_no_taskflow
[2024-11-23T00:49:17.870+0000] {logging_mixin.py:190} INFO - [2024-11-23T00:49:17.870+0000] {override.py:1911} INFO - Created Permission View: can read on DAG:dataset_s3_bucket_producer_with_no_taskflow
[2024-11-23T00:49:17.876+0000] {logging_mixin.py:190} INFO - [2024-11-23T00:49:17.876+0000] {override.py:1911} INFO - Created Permission View: can edit on DAG:dataset_s3_bucket_producer_with_no_taskflow
[2024-11-23T00:49:17.882+0000] {logging_mixin.py:190} INFO - [2024-11-23T00:49:17.881+0000] {override.py:1911} INFO - Created Permission View: can create on DAG Run:dataset_s3_bucket_producer_with_no_taskflow
[2024-11-23T00:49:17.888+0000] {logging_mixin.py:190} INFO - [2024-11-23T00:49:17.887+0000] {override.py:1911} INFO - Created Permission View: can delete on DAG Run:dataset_s3_bucket_producer_with_no_taskflow
[2024-11-23T00:49:17.894+0000] {logging_mixin.py:190} INFO - [2024-11-23T00:49:17.893+0000] {override.py:1911} INFO - Created Permission View: can read on DAG Run:dataset_s3_bucket_producer_with_no_taskflow
[2024-11-23T00:49:17.899+0000] {logging_mixin.py:190} INFO - [2024-11-23T00:49:17.899+0000] {override.py:1911} INFO - Created Permission View: menu access on DAG Run:dataset_s3_bucket_producer_with_no_taskflow
[2024-11-23T00:49:17.911+0000] {logging_mixin.py:190} INFO - [2024-11-23T00:49:17.910+0000] {override.py:1911} INFO - Created Permission View: can delete on DAG:dataset_alias_example_alias_producer_with_no_taskflow
[2024-11-23T00:49:17.917+0000] {logging_mixin.py:190} INFO - [2024-11-23T00:49:17.916+0000] {override.py:1911} INFO - Created Permission View: can read on DAG:dataset_alias_example_alias_producer_with_no_taskflow
[2024-11-23T00:49:17.923+0000] {logging_mixin.py:190} INFO - [2024-11-23T00:49:17.922+0000] {override.py:1911} INFO - Created Permission View: can edit on DAG:dataset_alias_example_alias_producer_with_no_taskflow
[2024-11-23T00:49:17.929+0000] {logging_mixin.py:190} INFO - [2024-11-23T00:49:17.929+0000] {override.py:1911} INFO - Created Permission View: can create on DAG Run:dataset_alias_example_alias_producer_with_no_taskflow
[2024-11-23T00:49:17.935+0000] {logging_mixin.py:190} INFO - [2024-11-23T00:49:17.934+0000] {override.py:1911} INFO - Created Permission View: can delete on DAG Run:dataset_alias_example_alias_producer_with_no_taskflow
[2024-11-23T00:49:17.941+0000] {logging_mixin.py:190} INFO - [2024-11-23T00:49:17.941+0000] {override.py:1911} INFO - Created Permission View: can read on DAG Run:dataset_alias_example_alias_producer_with_no_taskflow
[2024-11-23T00:49:17.947+0000] {logging_mixin.py:190} INFO - [2024-11-23T00:49:17.946+0000] {override.py:1911} INFO - Created Permission View: menu access on DAG Run:dataset_alias_example_alias_producer_with_no_taskflow
[2024-11-23T00:49:17.958+0000] {logging_mixin.py:190} INFO - [2024-11-23T00:49:17.958+0000] {override.py:1911} INFO - Created Permission View: can delete on DAG:dataset_s3_bucket_consumer_with_no_taskflow
[2024-11-23T00:49:17.966+0000] {logging_mixin.py:190} INFO - [2024-11-23T00:49:17.966+0000] {override.py:1911} INFO - Created Permission View: can read on DAG:dataset_s3_bucket_consumer_with_no_taskflow
[2024-11-23T00:49:17.975+0000] {logging_mixin.py:190} INFO - [2024-11-23T00:49:17.974+0000] {override.py:1911} INFO - Created Permission View: can edit on DAG:dataset_s3_bucket_consumer_with_no_taskflow
[2024-11-23T00:49:17.983+0000] {logging_mixin.py:190} INFO - [2024-11-23T00:49:17.983+0000] {override.py:1911} INFO - Created Permission View: can create on DAG Run:dataset_s3_bucket_consumer_with_no_taskflow
[2024-11-23T00:49:17.991+0000] {logging_mixin.py:190} INFO - [2024-11-23T00:49:17.991+0000] {override.py:1911} INFO - Created Permission View: can delete on DAG Run:dataset_s3_bucket_consumer_with_no_taskflow
[2024-11-23T00:49:17.999+0000] {logging_mixin.py:190} INFO - [2024-11-23T00:49:17.999+0000] {override.py:1911} INFO - Created Permission View: can read on DAG Run:dataset_s3_bucket_consumer_with_no_taskflow
[2024-11-23T00:49:18.008+0000] {logging_mixin.py:190} INFO - [2024-11-23T00:49:18.008+0000] {override.py:1911} INFO - Created Permission View: menu access on DAG Run:dataset_s3_bucket_consumer_with_no_taskflow
[2024-11-23T00:49:18.009+0000] {logging_mixin.py:190} INFO - [2024-11-23T00:49:18.008+0000] {dag.py:3239} INFO - Sync 4 DAGs
[2024-11-23T00:49:18.025+0000] {logging_mixin.py:190} INFO - [2024-11-23T00:49:18.024+0000] {dag.py:3262} INFO - Creating ORM DAG for dataset_s3_bucket_consumer_with_no_taskflow
[2024-11-23T00:49:18.026+0000] {logging_mixin.py:190} INFO - [2024-11-23T00:49:18.025+0000] {dag.py:3262} INFO - Creating ORM DAG for dataset_alias_example_alias_producer_with_no_taskflow
[2024-11-23T00:49:18.027+0000] {logging_mixin.py:190} INFO - [2024-11-23T00:49:18.026+0000] {dag.py:3262} INFO - Creating ORM DAG for dataset_alias_example_alias_consumer_with_no_taskflow
[2024-11-23T00:49:18.027+0000] {logging_mixin.py:190} INFO - [2024-11-23T00:49:18.027+0000] {dag.py:3262} INFO - Creating ORM DAG for dataset_s3_bucket_producer_with_no_taskflow
[2024-11-23T00:49:18.038+0000] {logging_mixin.py:190} INFO - [2024-11-23T00:49:18.038+0000] {dag.py:4180} INFO - Setting next_dagrun for dataset_alias_example_alias_consumer_with_no_taskflow to None, run_after=None
[2024-11-23T00:49:18.039+0000] {logging_mixin.py:190} INFO - [2024-11-23T00:49:18.039+0000] {dag.py:4180} INFO - Setting next_dagrun for dataset_alias_example_alias_producer_with_no_taskflow to None, run_after=None
[2024-11-23T00:49:18.040+0000] {logging_mixin.py:190} INFO - [2024-11-23T00:49:18.039+0000] {dag.py:4180} INFO - Setting next_dagrun for dataset_s3_bucket_consumer_with_no_taskflow to None, run_after=None
[2024-11-23T00:49:18.040+0000] {logging_mixin.py:190} INFO - [2024-11-23T00:49:18.040+0000] {dag.py:4180} INFO - Setting next_dagrun for dataset_s3_bucket_producer_with_no_taskflow to None, run_after=None
[2024-11-23T00:49:18.074+0000] {processor.py:208} INFO - Processing /home/airflow/.local/lib/python3.12/site-packages/airflow/example_dags/example_dataset_alias_with_no_taskflow.py took 1.970 seconds
[2024-11-23T00:49:48.495+0000] {processor.py:186} INFO - Started process (PID=131) to work on /home/airflow/.local/lib/python3.12/site-packages/airflow/example_dags/example_dataset_alias_with_no_taskflow.py
[2024-11-23T00:49:48.496+0000] {processor.py:914} INFO - Processing file /home/airflow/.local/lib/python3.12/site-packages/airflow/example_dags/example_dataset_alias_with_no_taskflow.py for tasks to queue
[2024-11-23T00:49:48.498+0000] {logging_mixin.py:190} INFO - [2024-11-23T00:49:48.498+0000] {dagbag.py:588} INFO - Filling up the DagBag from /home/airflow/.local/lib/python3.12/site-packages/airflow/example_dags/example_dataset_alias_with_no_taskflow.py
[2024-11-23T00:49:49.164+0000] {processor.py:925} INFO - DAG(s) 'dataset_s3_bucket_producer_with_no_taskflow', 'dataset_s3_bucket_consumer_with_no_taskflow', 'dataset_alias_example_alias_consumer_with_no_taskflow', 'dataset_alias_example_alias_producer_with_no_taskflow' retrieved from /home/airflow/.local/lib/python3.12/site-packages/airflow/example_dags/example_dataset_alias_with_no_taskflow.py
[2024-11-23T00:49:49.188+0000] {logging_mixin.py:190} INFO - [2024-11-23T00:49:49.187+0000] {dag.py:3239} INFO - Sync 4 DAGs
[2024-11-23T00:49:49.208+0000] {logging_mixin.py:190} INFO - [2024-11-23T00:49:49.208+0000] {dag.py:4180} INFO - Setting next_dagrun for dataset_alias_example_alias_consumer_with_no_taskflow to None, run_after=None
[2024-11-23T00:49:49.211+0000] {logging_mixin.py:190} INFO - [2024-11-23T00:49:49.211+0000] {dag.py:4180} INFO - Setting next_dagrun for dataset_alias_example_alias_producer_with_no_taskflow to None, run_after=None
[2024-11-23T00:49:49.212+0000] {logging_mixin.py:190} INFO - [2024-11-23T00:49:49.212+0000] {dag.py:4180} INFO - Setting next_dagrun for dataset_s3_bucket_consumer_with_no_taskflow to None, run_after=None
[2024-11-23T00:49:49.214+0000] {logging_mixin.py:190} INFO - [2024-11-23T00:49:49.213+0000] {dag.py:4180} INFO - Setting next_dagrun for dataset_s3_bucket_producer_with_no_taskflow to None, run_after=None
[2024-11-23T00:49:49.236+0000] {processor.py:208} INFO - Processing /home/airflow/.local/lib/python3.12/site-packages/airflow/example_dags/example_dataset_alias_with_no_taskflow.py took 0.745 seconds
[2024-11-23T00:50:19.857+0000] {processor.py:186} INFO - Started process (PID=197) to work on /home/airflow/.local/lib/python3.12/site-packages/airflow/example_dags/example_dataset_alias_with_no_taskflow.py
[2024-11-23T00:50:19.857+0000] {processor.py:914} INFO - Processing file /home/airflow/.local/lib/python3.12/site-packages/airflow/example_dags/example_dataset_alias_with_no_taskflow.py for tasks to queue
[2024-11-23T00:50:19.859+0000] {logging_mixin.py:190} INFO - [2024-11-23T00:50:19.859+0000] {dagbag.py:588} INFO - Filling up the DagBag from /home/airflow/.local/lib/python3.12/site-packages/airflow/example_dags/example_dataset_alias_with_no_taskflow.py
[2024-11-23T00:50:20.437+0000] {processor.py:925} INFO - DAG(s) 'dataset_s3_bucket_consumer_with_no_taskflow', 'dataset_alias_example_alias_consumer_with_no_taskflow', 'dataset_alias_example_alias_producer_with_no_taskflow', 'dataset_s3_bucket_producer_with_no_taskflow' retrieved from /home/airflow/.local/lib/python3.12/site-packages/airflow/example_dags/example_dataset_alias_with_no_taskflow.py
[2024-11-23T00:50:20.457+0000] {logging_mixin.py:190} INFO - [2024-11-23T00:50:20.456+0000] {dag.py:3239} INFO - Sync 4 DAGs
[2024-11-23T00:50:20.478+0000] {logging_mixin.py:190} INFO - [2024-11-23T00:50:20.478+0000] {dag.py:4180} INFO - Setting next_dagrun for dataset_alias_example_alias_consumer_with_no_taskflow to None, run_after=None
[2024-11-23T00:50:20.480+0000] {logging_mixin.py:190} INFO - [2024-11-23T00:50:20.480+0000] {dag.py:4180} INFO - Setting next_dagrun for dataset_alias_example_alias_producer_with_no_taskflow to None, run_after=None
[2024-11-23T00:50:20.482+0000] {logging_mixin.py:190} INFO - [2024-11-23T00:50:20.482+0000] {dag.py:4180} INFO - Setting next_dagrun for dataset_s3_bucket_consumer_with_no_taskflow to None, run_after=None
[2024-11-23T00:50:20.483+0000] {logging_mixin.py:190} INFO - [2024-11-23T00:50:20.483+0000] {dag.py:4180} INFO - Setting next_dagrun for dataset_s3_bucket_producer_with_no_taskflow to None, run_after=None
[2024-11-23T00:50:20.501+0000] {processor.py:208} INFO - Processing /home/airflow/.local/lib/python3.12/site-packages/airflow/example_dags/example_dataset_alias_with_no_taskflow.py took 0.650 seconds
[2024-11-23T00:50:51.163+0000] {processor.py:186} INFO - Started process (PID=263) to work on /home/airflow/.local/lib/python3.12/site-packages/airflow/example_dags/example_dataset_alias_with_no_taskflow.py
[2024-11-23T00:50:51.163+0000] {processor.py:914} INFO - Processing file /home/airflow/.local/lib/python3.12/site-packages/airflow/example_dags/example_dataset_alias_with_no_taskflow.py for tasks to queue
[2024-11-23T00:50:51.165+0000] {logging_mixin.py:190} INFO - [2024-11-23T00:50:51.165+0000] {dagbag.py:588} INFO - Filling up the DagBag from /home/airflow/.local/lib/python3.12/site-packages/airflow/example_dags/example_dataset_alias_with_no_taskflow.py
[2024-11-23T00:50:51.778+0000] {processor.py:925} INFO - DAG(s) 'dataset_s3_bucket_producer_with_no_taskflow', 'dataset_s3_bucket_consumer_with_no_taskflow', 'dataset_alias_example_alias_consumer_with_no_taskflow', 'dataset_alias_example_alias_producer_with_no_taskflow' retrieved from /home/airflow/.local/lib/python3.12/site-packages/airflow/example_dags/example_dataset_alias_with_no_taskflow.py
[2024-11-23T00:50:51.797+0000] {logging_mixin.py:190} INFO - [2024-11-23T00:50:51.797+0000] {dag.py:3239} INFO - Sync 4 DAGs
[2024-11-23T00:50:51.819+0000] {logging_mixin.py:190} INFO - [2024-11-23T00:50:51.819+0000] {dag.py:4180} INFO - Setting next_dagrun for dataset_alias_example_alias_consumer_with_no_taskflow to None, run_after=None
[2024-11-23T00:50:51.822+0000] {logging_mixin.py:190} INFO - [2024-11-23T00:50:51.822+0000] {dag.py:4180} INFO - Setting next_dagrun for dataset_alias_example_alias_producer_with_no_taskflow to None, run_after=None
[2024-11-23T00:50:51.823+0000] {logging_mixin.py:190} INFO - [2024-11-23T00:50:51.823+0000] {dag.py:4180} INFO - Setting next_dagrun for dataset_s3_bucket_consumer_with_no_taskflow to None, run_after=None
[2024-11-23T00:50:51.825+0000] {logging_mixin.py:190} INFO - [2024-11-23T00:50:51.825+0000] {dag.py:4180} INFO - Setting next_dagrun for dataset_s3_bucket_producer_with_no_taskflow to None, run_after=None
[2024-11-23T00:50:51.844+0000] {processor.py:208} INFO - Processing /home/airflow/.local/lib/python3.12/site-packages/airflow/example_dags/example_dataset_alias_with_no_taskflow.py took 0.687 seconds
[2024-11-23T00:51:21.946+0000] {processor.py:186} INFO - Started process (PID=331) to work on /home/airflow/.local/lib/python3.12/site-packages/airflow/example_dags/example_dataset_alias_with_no_taskflow.py
[2024-11-23T00:51:21.946+0000] {processor.py:914} INFO - Processing file /home/airflow/.local/lib/python3.12/site-packages/airflow/example_dags/example_dataset_alias_with_no_taskflow.py for tasks to queue
[2024-11-23T00:51:21.948+0000] {logging_mixin.py:190} INFO - [2024-11-23T00:51:21.948+0000] {dagbag.py:588} INFO - Filling up the DagBag from /home/airflow/.local/lib/python3.12/site-packages/airflow/example_dags/example_dataset_alias_with_no_taskflow.py
[2024-11-23T00:51:22.469+0000] {processor.py:925} INFO - DAG(s) 'dataset_alias_example_alias_consumer_with_no_taskflow', 'dataset_s3_bucket_producer_with_no_taskflow', 'dataset_alias_example_alias_producer_with_no_taskflow', 'dataset_s3_bucket_consumer_with_no_taskflow' retrieved from /home/airflow/.local/lib/python3.12/site-packages/airflow/example_dags/example_dataset_alias_with_no_taskflow.py
[2024-11-23T00:51:22.487+0000] {logging_mixin.py:190} INFO - [2024-11-23T00:51:22.487+0000] {dag.py:3239} INFO - Sync 4 DAGs
[2024-11-23T00:51:22.507+0000] {logging_mixin.py:190} INFO - [2024-11-23T00:51:22.507+0000] {dag.py:4180} INFO - Setting next_dagrun for dataset_alias_example_alias_consumer_with_no_taskflow to None, run_after=None
[2024-11-23T00:51:22.510+0000] {logging_mixin.py:190} INFO - [2024-11-23T00:51:22.510+0000] {dag.py:4180} INFO - Setting next_dagrun for dataset_alias_example_alias_producer_with_no_taskflow to None, run_after=None
[2024-11-23T00:51:22.512+0000] {logging_mixin.py:190} INFO - [2024-11-23T00:51:22.512+0000] {dag.py:4180} INFO - Setting next_dagrun for dataset_s3_bucket_consumer_with_no_taskflow to None, run_after=None
[2024-11-23T00:51:22.514+0000] {logging_mixin.py:190} INFO - [2024-11-23T00:51:22.514+0000] {dag.py:4180} INFO - Setting next_dagrun for dataset_s3_bucket_producer_with_no_taskflow to None, run_after=None
[2024-11-23T00:51:22.531+0000] {processor.py:208} INFO - Processing /home/airflow/.local/lib/python3.12/site-packages/airflow/example_dags/example_dataset_alias_with_no_taskflow.py took 0.590 seconds
[2024-11-23T00:51:53.153+0000] {processor.py:186} INFO - Started process (PID=394) to work on /home/airflow/.local/lib/python3.12/site-packages/airflow/example_dags/example_dataset_alias_with_no_taskflow.py
[2024-11-23T00:51:53.154+0000] {processor.py:914} INFO - Processing file /home/airflow/.local/lib/python3.12/site-packages/airflow/example_dags/example_dataset_alias_with_no_taskflow.py for tasks to queue
[2024-11-23T00:51:53.156+0000] {logging_mixin.py:190} INFO - [2024-11-23T00:51:53.156+0000] {dagbag.py:588} INFO - Filling up the DagBag from /home/airflow/.local/lib/python3.12/site-packages/airflow/example_dags/example_dataset_alias_with_no_taskflow.py
[2024-11-23T00:51:53.811+0000] {processor.py:925} INFO - DAG(s) 'dataset_s3_bucket_producer_with_no_taskflow', 'dataset_alias_example_alias_consumer_with_no_taskflow', 'dataset_alias_example_alias_producer_with_no_taskflow', 'dataset_s3_bucket_consumer_with_no_taskflow' retrieved from /home/airflow/.local/lib/python3.12/site-packages/airflow/example_dags/example_dataset_alias_with_no_taskflow.py
[2024-11-23T00:51:53.828+0000] {logging_mixin.py:190} INFO - [2024-11-23T00:51:53.828+0000] {dag.py:3239} INFO - Sync 4 DAGs
[2024-11-23T00:51:53.847+0000] {logging_mixin.py:190} INFO - [2024-11-23T00:51:53.846+0000] {dag.py:4180} INFO - Setting next_dagrun for dataset_alias_example_alias_consumer_with_no_taskflow to None, run_after=None
[2024-11-23T00:51:53.849+0000] {logging_mixin.py:190} INFO - [2024-11-23T00:51:53.849+0000] {dag.py:4180} INFO - Setting next_dagrun for dataset_alias_example_alias_producer_with_no_taskflow to None, run_after=None
[2024-11-23T00:51:53.850+0000] {logging_mixin.py:190} INFO - [2024-11-23T00:51:53.850+0000] {dag.py:4180} INFO - Setting next_dagrun for dataset_s3_bucket_consumer_with_no_taskflow to None, run_after=None
[2024-11-23T00:51:53.851+0000] {logging_mixin.py:190} INFO - [2024-11-23T00:51:53.851+0000] {dag.py:4180} INFO - Setting next_dagrun for dataset_s3_bucket_producer_with_no_taskflow to None, run_after=None
[2024-11-23T00:51:53.868+0000] {processor.py:208} INFO - Processing /home/airflow/.local/lib/python3.12/site-packages/airflow/example_dags/example_dataset_alias_with_no_taskflow.py took 0.721 seconds
[2024-11-23T00:52:23.970+0000] {processor.py:186} INFO - Started process (PID=464) to work on /home/airflow/.local/lib/python3.12/site-packages/airflow/example_dags/example_dataset_alias_with_no_taskflow.py
[2024-11-23T00:52:23.971+0000] {processor.py:914} INFO - Processing file /home/airflow/.local/lib/python3.12/site-packages/airflow/example_dags/example_dataset_alias_with_no_taskflow.py for tasks to queue
[2024-11-23T00:52:23.972+0000] {logging_mixin.py:190} INFO - [2024-11-23T00:52:23.972+0000] {dagbag.py:588} INFO - Filling up the DagBag from /home/airflow/.local/lib/python3.12/site-packages/airflow/example_dags/example_dataset_alias_with_no_taskflow.py
[2024-11-23T00:52:24.455+0000] {processor.py:925} INFO - DAG(s) 'dataset_alias_example_alias_consumer_with_no_taskflow', 'dataset_s3_bucket_producer_with_no_taskflow', 'dataset_s3_bucket_consumer_with_no_taskflow', 'dataset_alias_example_alias_producer_with_no_taskflow' retrieved from /home/airflow/.local/lib/python3.12/site-packages/airflow/example_dags/example_dataset_alias_with_no_taskflow.py
[2024-11-23T00:52:24.474+0000] {logging_mixin.py:190} INFO - [2024-11-23T00:52:24.474+0000] {dag.py:3239} INFO - Sync 4 DAGs
[2024-11-23T00:52:24.493+0000] {logging_mixin.py:190} INFO - [2024-11-23T00:52:24.493+0000] {dag.py:4180} INFO - Setting next_dagrun for dataset_alias_example_alias_consumer_with_no_taskflow to None, run_after=None
[2024-11-23T00:52:24.495+0000] {logging_mixin.py:190} INFO - [2024-11-23T00:52:24.495+0000] {dag.py:4180} INFO - Setting next_dagrun for dataset_alias_example_alias_producer_with_no_taskflow to None, run_after=None
[2024-11-23T00:52:24.497+0000] {logging_mixin.py:190} INFO - [2024-11-23T00:52:24.497+0000] {dag.py:4180} INFO - Setting next_dagrun for dataset_s3_bucket_consumer_with_no_taskflow to None, run_after=None
[2024-11-23T00:52:24.498+0000] {logging_mixin.py:190} INFO - [2024-11-23T00:52:24.498+0000] {dag.py:4180} INFO - Setting next_dagrun for dataset_s3_bucket_producer_with_no_taskflow to None, run_after=None
[2024-11-23T00:52:24.517+0000] {processor.py:208} INFO - Processing /home/airflow/.local/lib/python3.12/site-packages/airflow/example_dags/example_dataset_alias_with_no_taskflow.py took 0.552 seconds
[2024-11-23T00:52:55.059+0000] {processor.py:186} INFO - Started process (PID=531) to work on /home/airflow/.local/lib/python3.12/site-packages/airflow/example_dags/example_dataset_alias_with_no_taskflow.py
[2024-11-23T00:52:55.060+0000] {processor.py:914} INFO - Processing file /home/airflow/.local/lib/python3.12/site-packages/airflow/example_dags/example_dataset_alias_with_no_taskflow.py for tasks to queue
[2024-11-23T00:52:55.062+0000] {logging_mixin.py:190} INFO - [2024-11-23T00:52:55.062+0000] {dagbag.py:588} INFO - Filling up the DagBag from /home/airflow/.local/lib/python3.12/site-packages/airflow/example_dags/example_dataset_alias_with_no_taskflow.py
[2024-11-23T00:52:55.560+0000] {processor.py:925} INFO - DAG(s) 'dataset_s3_bucket_producer_with_no_taskflow', 'dataset_s3_bucket_consumer_with_no_taskflow', 'dataset_alias_example_alias_producer_with_no_taskflow', 'dataset_alias_example_alias_consumer_with_no_taskflow' retrieved from /home/airflow/.local/lib/python3.12/site-packages/airflow/example_dags/example_dataset_alias_with_no_taskflow.py
[2024-11-23T00:52:55.578+0000] {logging_mixin.py:190} INFO - [2024-11-23T00:52:55.577+0000] {dag.py:3239} INFO - Sync 4 DAGs
[2024-11-23T00:52:55.600+0000] {logging_mixin.py:190} INFO - [2024-11-23T00:52:55.600+0000] {dag.py:4180} INFO - Setting next_dagrun for dataset_alias_example_alias_consumer_with_no_taskflow to None, run_after=None
[2024-11-23T00:52:55.602+0000] {logging_mixin.py:190} INFO - [2024-11-23T00:52:55.602+0000] {dag.py:4180} INFO - Setting next_dagrun for dataset_alias_example_alias_producer_with_no_taskflow to None, run_after=None
[2024-11-23T00:52:55.604+0000] {logging_mixin.py:190} INFO - [2024-11-23T00:52:55.604+0000] {dag.py:4180} INFO - Setting next_dagrun for dataset_s3_bucket_consumer_with_no_taskflow to None, run_after=None
[2024-11-23T00:52:55.605+0000] {logging_mixin.py:190} INFO - [2024-11-23T00:52:55.605+0000] {dag.py:4180} INFO - Setting next_dagrun for dataset_s3_bucket_producer_with_no_taskflow to None, run_after=None
[2024-11-23T00:52:55.634+0000] {processor.py:208} INFO - Processing /home/airflow/.local/lib/python3.12/site-packages/airflow/example_dags/example_dataset_alias_with_no_taskflow.py took 0.581 seconds
[2024-11-23T00:53:26.456+0000] {processor.py:186} INFO - Started process (PID=594) to work on /home/airflow/.local/lib/python3.12/site-packages/airflow/example_dags/example_dataset_alias_with_no_taskflow.py
[2024-11-23T00:53:26.457+0000] {processor.py:914} INFO - Processing file /home/airflow/.local/lib/python3.12/site-packages/airflow/example_dags/example_dataset_alias_with_no_taskflow.py for tasks to queue
[2024-11-23T00:53:26.459+0000] {logging_mixin.py:190} INFO - [2024-11-23T00:53:26.459+0000] {dagbag.py:588} INFO - Filling up the DagBag from /home/airflow/.local/lib/python3.12/site-packages/airflow/example_dags/example_dataset_alias_with_no_taskflow.py
[2024-11-23T00:53:27.052+0000] {processor.py:925} INFO - DAG(s) 'dataset_s3_bucket_producer_with_no_taskflow', 'dataset_s3_bucket_consumer_with_no_taskflow', 'dataset_alias_example_alias_producer_with_no_taskflow', 'dataset_alias_example_alias_consumer_with_no_taskflow' retrieved from /home/airflow/.local/lib/python3.12/site-packages/airflow/example_dags/example_dataset_alias_with_no_taskflow.py
[2024-11-23T00:53:27.071+0000] {logging_mixin.py:190} INFO - [2024-11-23T00:53:27.070+0000] {dag.py:3239} INFO - Sync 4 DAGs
[2024-11-23T00:53:27.091+0000] {logging_mixin.py:190} INFO - [2024-11-23T00:53:27.091+0000] {dag.py:4180} INFO - Setting next_dagrun for dataset_alias_example_alias_consumer_with_no_taskflow to None, run_after=None
[2024-11-23T00:53:27.093+0000] {logging_mixin.py:190} INFO - [2024-11-23T00:53:27.093+0000] {dag.py:4180} INFO - Setting next_dagrun for dataset_alias_example_alias_producer_with_no_taskflow to None, run_after=None
[2024-11-23T00:53:27.095+0000] {logging_mixin.py:190} INFO - [2024-11-23T00:53:27.095+0000] {dag.py:4180} INFO - Setting next_dagrun for dataset_s3_bucket_consumer_with_no_taskflow to None, run_after=None
[2024-11-23T00:53:27.096+0000] {logging_mixin.py:190} INFO - [2024-11-23T00:53:27.096+0000] {dag.py:4180} INFO - Setting next_dagrun for dataset_s3_bucket_producer_with_no_taskflow to None, run_after=None
[2024-11-23T00:53:27.113+0000] {processor.py:208} INFO - Processing /home/airflow/.local/lib/python3.12/site-packages/airflow/example_dags/example_dataset_alias_with_no_taskflow.py took 0.662 seconds
