[2024-11-23T00:49:17.475+0000] {processor.py:186} INFO - Started process (PID=63) to work on /home/airflow/.local/lib/python3.12/site-packages/airflow/example_dags/example_kubernetes_executor.py
[2024-11-23T00:49:17.476+0000] {processor.py:914} INFO - Processing file /home/airflow/.local/lib/python3.12/site-packages/airflow/example_dags/example_kubernetes_executor.py for tasks to queue
[2024-11-23T00:49:17.478+0000] {logging_mixin.py:190} INFO - [2024-11-23T00:49:17.478+0000] {dagbag.py:588} INFO - Filling up the DagBag from /home/airflow/.local/lib/python3.12/site-packages/airflow/example_dags/example_kubernetes_executor.py
[2024-11-23T00:49:17.498+0000] {processor.py:925} INFO - DAG(s) 'example_kubernetes_executor' retrieved from /home/airflow/.local/lib/python3.12/site-packages/airflow/example_dags/example_kubernetes_executor.py
[2024-11-23T00:49:17.611+0000] {logging_mixin.py:190} INFO - [2024-11-23T00:49:17.611+0000] {override.py:1911} INFO - Created Permission View: can delete on DAG:example_kubernetes_executor
[2024-11-23T00:49:17.621+0000] {logging_mixin.py:190} INFO - [2024-11-23T00:49:17.621+0000] {override.py:1911} INFO - Created Permission View: can read on DAG:example_kubernetes_executor
[2024-11-23T00:49:17.626+0000] {logging_mixin.py:190} INFO - [2024-11-23T00:49:17.626+0000] {override.py:1911} INFO - Created Permission View: can edit on DAG:example_kubernetes_executor
[2024-11-23T00:49:17.632+0000] {logging_mixin.py:190} INFO - [2024-11-23T00:49:17.632+0000] {override.py:1911} INFO - Created Permission View: can create on DAG Run:example_kubernetes_executor
[2024-11-23T00:49:17.639+0000] {logging_mixin.py:190} INFO - [2024-11-23T00:49:17.639+0000] {override.py:1911} INFO - Created Permission View: can delete on DAG Run:example_kubernetes_executor
[2024-11-23T00:49:17.645+0000] {logging_mixin.py:190} INFO - [2024-11-23T00:49:17.645+0000] {override.py:1911} INFO - Created Permission View: can read on DAG Run:example_kubernetes_executor
[2024-11-23T00:49:17.652+0000] {logging_mixin.py:190} INFO - [2024-11-23T00:49:17.651+0000] {override.py:1911} INFO - Created Permission View: menu access on DAG Run:example_kubernetes_executor
[2024-11-23T00:49:17.652+0000] {logging_mixin.py:190} INFO - [2024-11-23T00:49:17.652+0000] {dag.py:3239} INFO - Sync 1 DAGs
[2024-11-23T00:49:17.663+0000] {logging_mixin.py:190} INFO - [2024-11-23T00:49:17.663+0000] {dag.py:3262} INFO - Creating ORM DAG for example_kubernetes_executor
[2024-11-23T00:49:17.664+0000] {logging_mixin.py:190} INFO - [2024-11-23T00:49:17.664+0000] {dag.py:4180} INFO - Setting next_dagrun for example_kubernetes_executor to None, run_after=None
[2024-11-23T00:49:17.681+0000] {processor.py:208} INFO - Processing /home/airflow/.local/lib/python3.12/site-packages/airflow/example_dags/example_kubernetes_executor.py took 0.212 seconds
[2024-11-23T00:49:48.505+0000] {processor.py:186} INFO - Started process (PID=132) to work on /home/airflow/.local/lib/python3.12/site-packages/airflow/example_dags/example_kubernetes_executor.py
[2024-11-23T00:49:48.505+0000] {processor.py:914} INFO - Processing file /home/airflow/.local/lib/python3.12/site-packages/airflow/example_dags/example_kubernetes_executor.py for tasks to queue
[2024-11-23T00:49:48.507+0000] {logging_mixin.py:190} INFO - [2024-11-23T00:49:48.507+0000] {dagbag.py:588} INFO - Filling up the DagBag from /home/airflow/.local/lib/python3.12/site-packages/airflow/example_dags/example_kubernetes_executor.py
[2024-11-23T00:49:48.520+0000] {processor.py:925} INFO - DAG(s) 'example_kubernetes_executor' retrieved from /home/airflow/.local/lib/python3.12/site-packages/airflow/example_dags/example_kubernetes_executor.py
[2024-11-23T00:49:48.552+0000] {logging_mixin.py:190} INFO - [2024-11-23T00:49:48.552+0000] {dag.py:3239} INFO - Sync 1 DAGs
[2024-11-23T00:49:48.565+0000] {logging_mixin.py:190} INFO - [2024-11-23T00:49:48.565+0000] {dag.py:4180} INFO - Setting next_dagrun for example_kubernetes_executor to None, run_after=None
[2024-11-23T00:49:48.581+0000] {processor.py:208} INFO - Processing /home/airflow/.local/lib/python3.12/site-packages/airflow/example_dags/example_kubernetes_executor.py took 0.082 seconds
[2024-11-23T00:50:18.707+0000] {processor.py:186} INFO - Started process (PID=194) to work on /home/airflow/.local/lib/python3.12/site-packages/airflow/example_dags/example_kubernetes_executor.py
[2024-11-23T00:50:18.708+0000] {processor.py:914} INFO - Processing file /home/airflow/.local/lib/python3.12/site-packages/airflow/example_dags/example_kubernetes_executor.py for tasks to queue
[2024-11-23T00:50:18.710+0000] {logging_mixin.py:190} INFO - [2024-11-23T00:50:18.709+0000] {dagbag.py:588} INFO - Filling up the DagBag from /home/airflow/.local/lib/python3.12/site-packages/airflow/example_dags/example_kubernetes_executor.py
[2024-11-23T00:50:18.720+0000] {processor.py:925} INFO - DAG(s) 'example_kubernetes_executor' retrieved from /home/airflow/.local/lib/python3.12/site-packages/airflow/example_dags/example_kubernetes_executor.py
[2024-11-23T00:50:18.752+0000] {logging_mixin.py:190} INFO - [2024-11-23T00:50:18.752+0000] {dag.py:3239} INFO - Sync 1 DAGs
[2024-11-23T00:50:18.763+0000] {logging_mixin.py:190} INFO - [2024-11-23T00:50:18.763+0000] {dag.py:4180} INFO - Setting next_dagrun for example_kubernetes_executor to None, run_after=None
[2024-11-23T00:50:18.778+0000] {processor.py:208} INFO - Processing /home/airflow/.local/lib/python3.12/site-packages/airflow/example_dags/example_kubernetes_executor.py took 0.076 seconds
[2024-11-23T00:50:48.847+0000] {processor.py:186} INFO - Started process (PID=257) to work on /home/airflow/.local/lib/python3.12/site-packages/airflow/example_dags/example_kubernetes_executor.py
[2024-11-23T00:50:48.848+0000] {processor.py:914} INFO - Processing file /home/airflow/.local/lib/python3.12/site-packages/airflow/example_dags/example_kubernetes_executor.py for tasks to queue
[2024-11-23T00:50:48.850+0000] {logging_mixin.py:190} INFO - [2024-11-23T00:50:48.850+0000] {dagbag.py:588} INFO - Filling up the DagBag from /home/airflow/.local/lib/python3.12/site-packages/airflow/example_dags/example_kubernetes_executor.py
[2024-11-23T00:50:48.861+0000] {processor.py:925} INFO - DAG(s) 'example_kubernetes_executor' retrieved from /home/airflow/.local/lib/python3.12/site-packages/airflow/example_dags/example_kubernetes_executor.py
[2024-11-23T00:50:48.893+0000] {logging_mixin.py:190} INFO - [2024-11-23T00:50:48.893+0000] {dag.py:3239} INFO - Sync 1 DAGs
[2024-11-23T00:50:48.905+0000] {logging_mixin.py:190} INFO - [2024-11-23T00:50:48.905+0000] {dag.py:4180} INFO - Setting next_dagrun for example_kubernetes_executor to None, run_after=None
[2024-11-23T00:50:48.920+0000] {processor.py:208} INFO - Processing /home/airflow/.local/lib/python3.12/site-packages/airflow/example_dags/example_kubernetes_executor.py took 0.078 seconds
[2024-11-23T00:51:19.424+0000] {processor.py:186} INFO - Started process (PID=320) to work on /home/airflow/.local/lib/python3.12/site-packages/airflow/example_dags/example_kubernetes_executor.py
[2024-11-23T00:51:19.425+0000] {processor.py:914} INFO - Processing file /home/airflow/.local/lib/python3.12/site-packages/airflow/example_dags/example_kubernetes_executor.py for tasks to queue
[2024-11-23T00:51:19.427+0000] {logging_mixin.py:190} INFO - [2024-11-23T00:51:19.427+0000] {dagbag.py:588} INFO - Filling up the DagBag from /home/airflow/.local/lib/python3.12/site-packages/airflow/example_dags/example_kubernetes_executor.py
[2024-11-23T00:51:19.438+0000] {processor.py:925} INFO - DAG(s) 'example_kubernetes_executor' retrieved from /home/airflow/.local/lib/python3.12/site-packages/airflow/example_dags/example_kubernetes_executor.py
[2024-11-23T00:51:19.473+0000] {logging_mixin.py:190} INFO - [2024-11-23T00:51:19.473+0000] {dag.py:3239} INFO - Sync 1 DAGs
[2024-11-23T00:51:19.488+0000] {logging_mixin.py:190} INFO - [2024-11-23T00:51:19.487+0000] {dag.py:4180} INFO - Setting next_dagrun for example_kubernetes_executor to None, run_after=None
[2024-11-23T00:51:19.505+0000] {processor.py:208} INFO - Processing /home/airflow/.local/lib/python3.12/site-packages/airflow/example_dags/example_kubernetes_executor.py took 0.086 seconds
[2024-11-23T00:51:49.636+0000] {processor.py:186} INFO - Started process (PID=383) to work on /home/airflow/.local/lib/python3.12/site-packages/airflow/example_dags/example_kubernetes_executor.py
[2024-11-23T00:51:49.637+0000] {processor.py:914} INFO - Processing file /home/airflow/.local/lib/python3.12/site-packages/airflow/example_dags/example_kubernetes_executor.py for tasks to queue
[2024-11-23T00:51:49.639+0000] {logging_mixin.py:190} INFO - [2024-11-23T00:51:49.638+0000] {dagbag.py:588} INFO - Filling up the DagBag from /home/airflow/.local/lib/python3.12/site-packages/airflow/example_dags/example_kubernetes_executor.py
[2024-11-23T00:51:49.649+0000] {processor.py:925} INFO - DAG(s) 'example_kubernetes_executor' retrieved from /home/airflow/.local/lib/python3.12/site-packages/airflow/example_dags/example_kubernetes_executor.py
[2024-11-23T00:51:49.682+0000] {logging_mixin.py:190} INFO - [2024-11-23T00:51:49.682+0000] {dag.py:3239} INFO - Sync 1 DAGs
[2024-11-23T00:51:49.694+0000] {logging_mixin.py:190} INFO - [2024-11-23T00:51:49.694+0000] {dag.py:4180} INFO - Setting next_dagrun for example_kubernetes_executor to None, run_after=None
[2024-11-23T00:51:49.708+0000] {processor.py:208} INFO - Processing /home/airflow/.local/lib/python3.12/site-packages/airflow/example_dags/example_kubernetes_executor.py took 0.077 seconds
[2024-11-23T00:52:20.092+0000] {processor.py:186} INFO - Started process (PID=446) to work on /home/airflow/.local/lib/python3.12/site-packages/airflow/example_dags/example_kubernetes_executor.py
[2024-11-23T00:52:20.093+0000] {processor.py:914} INFO - Processing file /home/airflow/.local/lib/python3.12/site-packages/airflow/example_dags/example_kubernetes_executor.py for tasks to queue
[2024-11-23T00:52:20.095+0000] {logging_mixin.py:190} INFO - [2024-11-23T00:52:20.095+0000] {dagbag.py:588} INFO - Filling up the DagBag from /home/airflow/.local/lib/python3.12/site-packages/airflow/example_dags/example_kubernetes_executor.py
[2024-11-23T00:52:20.107+0000] {processor.py:925} INFO - DAG(s) 'example_kubernetes_executor' retrieved from /home/airflow/.local/lib/python3.12/site-packages/airflow/example_dags/example_kubernetes_executor.py
[2024-11-23T00:52:20.136+0000] {logging_mixin.py:190} INFO - [2024-11-23T00:52:20.136+0000] {dag.py:3239} INFO - Sync 1 DAGs
[2024-11-23T00:52:20.147+0000] {logging_mixin.py:190} INFO - [2024-11-23T00:52:20.147+0000] {dag.py:4180} INFO - Setting next_dagrun for example_kubernetes_executor to None, run_after=None
[2024-11-23T00:52:20.162+0000] {processor.py:208} INFO - Processing /home/airflow/.local/lib/python3.12/site-packages/airflow/example_dags/example_kubernetes_executor.py took 0.074 seconds
[2024-11-23T00:52:50.936+0000] {processor.py:186} INFO - Started process (PID=509) to work on /home/airflow/.local/lib/python3.12/site-packages/airflow/example_dags/example_kubernetes_executor.py
[2024-11-23T00:52:50.947+0000] {processor.py:914} INFO - Processing file /home/airflow/.local/lib/python3.12/site-packages/airflow/example_dags/example_kubernetes_executor.py for tasks to queue
[2024-11-23T00:52:50.948+0000] {logging_mixin.py:190} INFO - [2024-11-23T00:52:50.948+0000] {dagbag.py:588} INFO - Filling up the DagBag from /home/airflow/.local/lib/python3.12/site-packages/airflow/example_dags/example_kubernetes_executor.py
[2024-11-23T00:52:50.960+0000] {processor.py:925} INFO - DAG(s) 'example_kubernetes_executor' retrieved from /home/airflow/.local/lib/python3.12/site-packages/airflow/example_dags/example_kubernetes_executor.py
[2024-11-23T00:52:50.989+0000] {logging_mixin.py:190} INFO - [2024-11-23T00:52:50.988+0000] {dag.py:3239} INFO - Sync 1 DAGs
[2024-11-23T00:52:51.001+0000] {logging_mixin.py:190} INFO - [2024-11-23T00:52:51.001+0000] {dag.py:4180} INFO - Setting next_dagrun for example_kubernetes_executor to None, run_after=None
[2024-11-23T00:52:51.018+0000] {processor.py:208} INFO - Processing /home/airflow/.local/lib/python3.12/site-packages/airflow/example_dags/example_kubernetes_executor.py took 0.087 seconds
[2024-11-23T00:53:21.193+0000] {processor.py:186} INFO - Started process (PID=572) to work on /home/airflow/.local/lib/python3.12/site-packages/airflow/example_dags/example_kubernetes_executor.py
[2024-11-23T00:53:21.194+0000] {processor.py:914} INFO - Processing file /home/airflow/.local/lib/python3.12/site-packages/airflow/example_dags/example_kubernetes_executor.py for tasks to queue
[2024-11-23T00:53:21.196+0000] {logging_mixin.py:190} INFO - [2024-11-23T00:53:21.196+0000] {dagbag.py:588} INFO - Filling up the DagBag from /home/airflow/.local/lib/python3.12/site-packages/airflow/example_dags/example_kubernetes_executor.py
[2024-11-23T00:53:21.209+0000] {processor.py:925} INFO - DAG(s) 'example_kubernetes_executor' retrieved from /home/airflow/.local/lib/python3.12/site-packages/airflow/example_dags/example_kubernetes_executor.py
[2024-11-23T00:53:21.249+0000] {logging_mixin.py:190} INFO - [2024-11-23T00:53:21.249+0000] {dag.py:3239} INFO - Sync 1 DAGs
[2024-11-23T00:53:21.265+0000] {logging_mixin.py:190} INFO - [2024-11-23T00:53:21.265+0000] {dag.py:4180} INFO - Setting next_dagrun for example_kubernetes_executor to None, run_after=None
[2024-11-23T00:53:21.283+0000] {processor.py:208} INFO - Processing /home/airflow/.local/lib/python3.12/site-packages/airflow/example_dags/example_kubernetes_executor.py took 0.096 seconds
