[2024-11-23T00:49:19.767+0000] {processor.py:186} INFO - Started process (PID=87) to work on /home/airflow/.local/lib/python3.12/site-packages/airflow/example_dags/example_xcomargs.py
[2024-11-23T00:49:19.768+0000] {processor.py:914} INFO - Processing file /home/airflow/.local/lib/python3.12/site-packages/airflow/example_dags/example_xcomargs.py for tasks to queue
[2024-11-23T00:49:19.770+0000] {logging_mixin.py:190} INFO - [2024-11-23T00:49:19.769+0000] {dagbag.py:588} INFO - Filling up the DagBag from /home/airflow/.local/lib/python3.12/site-packages/airflow/example_dags/example_xcomargs.py
[2024-11-23T00:49:19.779+0000] {processor.py:925} INFO - DAG(s) 'example_xcom_args_with_operators', 'example_xcom_args' retrieved from /home/airflow/.local/lib/python3.12/site-packages/airflow/example_dags/example_xcomargs.py
[2024-11-23T00:49:19.873+0000] {logging_mixin.py:190} INFO - [2024-11-23T00:49:19.872+0000] {override.py:1911} INFO - Created Permission View: can delete on DAG:example_xcom_args_with_operators
[2024-11-23T00:49:19.881+0000] {logging_mixin.py:190} INFO - [2024-11-23T00:49:19.881+0000] {override.py:1911} INFO - Created Permission View: can read on DAG:example_xcom_args_with_operators
[2024-11-23T00:49:19.887+0000] {logging_mixin.py:190} INFO - [2024-11-23T00:49:19.886+0000] {override.py:1911} INFO - Created Permission View: can edit on DAG:example_xcom_args_with_operators
[2024-11-23T00:49:19.893+0000] {logging_mixin.py:190} INFO - [2024-11-23T00:49:19.893+0000] {override.py:1911} INFO - Created Permission View: can create on DAG Run:example_xcom_args_with_operators
[2024-11-23T00:49:19.900+0000] {logging_mixin.py:190} INFO - [2024-11-23T00:49:19.899+0000] {override.py:1911} INFO - Created Permission View: can delete on DAG Run:example_xcom_args_with_operators
[2024-11-23T00:49:19.907+0000] {logging_mixin.py:190} INFO - [2024-11-23T00:49:19.906+0000] {override.py:1911} INFO - Created Permission View: can read on DAG Run:example_xcom_args_with_operators
[2024-11-23T00:49:19.913+0000] {logging_mixin.py:190} INFO - [2024-11-23T00:49:19.913+0000] {override.py:1911} INFO - Created Permission View: menu access on DAG Run:example_xcom_args_with_operators
[2024-11-23T00:49:19.924+0000] {logging_mixin.py:190} INFO - [2024-11-23T00:49:19.924+0000] {override.py:1911} INFO - Created Permission View: can delete on DAG:example_xcom_args
[2024-11-23T00:49:19.930+0000] {logging_mixin.py:190} INFO - [2024-11-23T00:49:19.930+0000] {override.py:1911} INFO - Created Permission View: can read on DAG:example_xcom_args
[2024-11-23T00:49:19.936+0000] {logging_mixin.py:190} INFO - [2024-11-23T00:49:19.936+0000] {override.py:1911} INFO - Created Permission View: can edit on DAG:example_xcom_args
[2024-11-23T00:49:19.941+0000] {logging_mixin.py:190} INFO - [2024-11-23T00:49:19.941+0000] {override.py:1911} INFO - Created Permission View: can create on DAG Run:example_xcom_args
[2024-11-23T00:49:19.947+0000] {logging_mixin.py:190} INFO - [2024-11-23T00:49:19.947+0000] {override.py:1911} INFO - Created Permission View: can delete on DAG Run:example_xcom_args
[2024-11-23T00:49:19.953+0000] {logging_mixin.py:190} INFO - [2024-11-23T00:49:19.953+0000] {override.py:1911} INFO - Created Permission View: can read on DAG Run:example_xcom_args
[2024-11-23T00:49:19.958+0000] {logging_mixin.py:190} INFO - [2024-11-23T00:49:19.958+0000] {override.py:1911} INFO - Created Permission View: menu access on DAG Run:example_xcom_args
[2024-11-23T00:49:19.959+0000] {logging_mixin.py:190} INFO - [2024-11-23T00:49:19.959+0000] {dag.py:3239} INFO - Sync 2 DAGs
[2024-11-23T00:49:19.971+0000] {logging_mixin.py:190} INFO - [2024-11-23T00:49:19.971+0000] {dag.py:3262} INFO - Creating ORM DAG for example_xcom_args
[2024-11-23T00:49:19.972+0000] {logging_mixin.py:190} INFO - [2024-11-23T00:49:19.972+0000] {dag.py:3262} INFO - Creating ORM DAG for example_xcom_args_with_operators
[2024-11-23T00:49:19.973+0000] {logging_mixin.py:190} INFO - [2024-11-23T00:49:19.973+0000] {dag.py:4180} INFO - Setting next_dagrun for example_xcom_args to None, run_after=None
[2024-11-23T00:49:19.973+0000] {logging_mixin.py:190} INFO - [2024-11-23T00:49:19.973+0000] {dag.py:4180} INFO - Setting next_dagrun for example_xcom_args_with_operators to None, run_after=None
[2024-11-23T00:49:19.990+0000] {processor.py:208} INFO - Processing /home/airflow/.local/lib/python3.12/site-packages/airflow/example_dags/example_xcomargs.py took 0.229 seconds
[2024-11-23T00:49:50.802+0000] {processor.py:186} INFO - Started process (PID=150) to work on /home/airflow/.local/lib/python3.12/site-packages/airflow/example_dags/example_xcomargs.py
[2024-11-23T00:49:50.803+0000] {processor.py:914} INFO - Processing file /home/airflow/.local/lib/python3.12/site-packages/airflow/example_dags/example_xcomargs.py for tasks to queue
[2024-11-23T00:49:50.805+0000] {logging_mixin.py:190} INFO - [2024-11-23T00:49:50.804+0000] {dagbag.py:588} INFO - Filling up the DagBag from /home/airflow/.local/lib/python3.12/site-packages/airflow/example_dags/example_xcomargs.py
[2024-11-23T00:49:50.814+0000] {processor.py:925} INFO - DAG(s) 'example_xcom_args_with_operators', 'example_xcom_args' retrieved from /home/airflow/.local/lib/python3.12/site-packages/airflow/example_dags/example_xcomargs.py
[2024-11-23T00:49:50.838+0000] {logging_mixin.py:190} INFO - [2024-11-23T00:49:50.837+0000] {dag.py:3239} INFO - Sync 2 DAGs
[2024-11-23T00:49:50.852+0000] {logging_mixin.py:190} INFO - [2024-11-23T00:49:50.851+0000] {dag.py:4180} INFO - Setting next_dagrun for example_xcom_args to None, run_after=None
[2024-11-23T00:49:50.855+0000] {logging_mixin.py:190} INFO - [2024-11-23T00:49:50.855+0000] {dag.py:4180} INFO - Setting next_dagrun for example_xcom_args_with_operators to None, run_after=None
[2024-11-23T00:49:50.872+0000] {processor.py:208} INFO - Processing /home/airflow/.local/lib/python3.12/site-packages/airflow/example_dags/example_xcomargs.py took 0.076 seconds
[2024-11-23T00:50:21.112+0000] {processor.py:186} INFO - Started process (PID=213) to work on /home/airflow/.local/lib/python3.12/site-packages/airflow/example_dags/example_xcomargs.py
[2024-11-23T00:50:21.113+0000] {processor.py:914} INFO - Processing file /home/airflow/.local/lib/python3.12/site-packages/airflow/example_dags/example_xcomargs.py for tasks to queue
[2024-11-23T00:50:21.115+0000] {logging_mixin.py:190} INFO - [2024-11-23T00:50:21.114+0000] {dagbag.py:588} INFO - Filling up the DagBag from /home/airflow/.local/lib/python3.12/site-packages/airflow/example_dags/example_xcomargs.py
[2024-11-23T00:50:21.123+0000] {processor.py:925} INFO - DAG(s) 'example_xcom_args', 'example_xcom_args_with_operators' retrieved from /home/airflow/.local/lib/python3.12/site-packages/airflow/example_dags/example_xcomargs.py
[2024-11-23T00:50:21.143+0000] {logging_mixin.py:190} INFO - [2024-11-23T00:50:21.142+0000] {dag.py:3239} INFO - Sync 2 DAGs
[2024-11-23T00:50:21.155+0000] {logging_mixin.py:190} INFO - [2024-11-23T00:50:21.155+0000] {dag.py:4180} INFO - Setting next_dagrun for example_xcom_args to None, run_after=None
[2024-11-23T00:50:21.158+0000] {logging_mixin.py:190} INFO - [2024-11-23T00:50:21.158+0000] {dag.py:4180} INFO - Setting next_dagrun for example_xcom_args_with_operators to None, run_after=None
[2024-11-23T00:50:21.171+0000] {processor.py:208} INFO - Processing /home/airflow/.local/lib/python3.12/site-packages/airflow/example_dags/example_xcomargs.py took 0.064 seconds
[2024-11-23T00:50:52.080+0000] {processor.py:186} INFO - Started process (PID=276) to work on /home/airflow/.local/lib/python3.12/site-packages/airflow/example_dags/example_xcomargs.py
[2024-11-23T00:50:52.081+0000] {processor.py:914} INFO - Processing file /home/airflow/.local/lib/python3.12/site-packages/airflow/example_dags/example_xcomargs.py for tasks to queue
[2024-11-23T00:50:52.083+0000] {logging_mixin.py:190} INFO - [2024-11-23T00:50:52.082+0000] {dagbag.py:588} INFO - Filling up the DagBag from /home/airflow/.local/lib/python3.12/site-packages/airflow/example_dags/example_xcomargs.py
[2024-11-23T00:50:52.091+0000] {processor.py:925} INFO - DAG(s) 'example_xcom_args_with_operators', 'example_xcom_args' retrieved from /home/airflow/.local/lib/python3.12/site-packages/airflow/example_dags/example_xcomargs.py
[2024-11-23T00:50:52.111+0000] {logging_mixin.py:190} INFO - [2024-11-23T00:50:52.111+0000] {dag.py:3239} INFO - Sync 2 DAGs
[2024-11-23T00:50:52.124+0000] {logging_mixin.py:190} INFO - [2024-11-23T00:50:52.124+0000] {dag.py:4180} INFO - Setting next_dagrun for example_xcom_args to None, run_after=None
[2024-11-23T00:50:52.127+0000] {logging_mixin.py:190} INFO - [2024-11-23T00:50:52.127+0000] {dag.py:4180} INFO - Setting next_dagrun for example_xcom_args_with_operators to None, run_after=None
[2024-11-23T00:50:52.140+0000] {processor.py:208} INFO - Processing /home/airflow/.local/lib/python3.12/site-packages/airflow/example_dags/example_xcomargs.py took 0.065 seconds
[2024-11-23T00:51:22.944+0000] {processor.py:186} INFO - Started process (PID=339) to work on /home/airflow/.local/lib/python3.12/site-packages/airflow/example_dags/example_xcomargs.py
[2024-11-23T00:51:22.945+0000] {processor.py:914} INFO - Processing file /home/airflow/.local/lib/python3.12/site-packages/airflow/example_dags/example_xcomargs.py for tasks to queue
[2024-11-23T00:51:22.947+0000] {logging_mixin.py:190} INFO - [2024-11-23T00:51:22.946+0000] {dagbag.py:588} INFO - Filling up the DagBag from /home/airflow/.local/lib/python3.12/site-packages/airflow/example_dags/example_xcomargs.py
[2024-11-23T00:51:22.955+0000] {processor.py:925} INFO - DAG(s) 'example_xcom_args_with_operators', 'example_xcom_args' retrieved from /home/airflow/.local/lib/python3.12/site-packages/airflow/example_dags/example_xcomargs.py
[2024-11-23T00:51:22.975+0000] {logging_mixin.py:190} INFO - [2024-11-23T00:51:22.975+0000] {dag.py:3239} INFO - Sync 2 DAGs
[2024-11-23T00:51:22.989+0000] {logging_mixin.py:190} INFO - [2024-11-23T00:51:22.988+0000] {dag.py:4180} INFO - Setting next_dagrun for example_xcom_args to None, run_after=None
[2024-11-23T00:51:22.992+0000] {logging_mixin.py:190} INFO - [2024-11-23T00:51:22.991+0000] {dag.py:4180} INFO - Setting next_dagrun for example_xcom_args_with_operators to None, run_after=None
[2024-11-23T00:51:23.004+0000] {processor.py:208} INFO - Processing /home/airflow/.local/lib/python3.12/site-packages/airflow/example_dags/example_xcomargs.py took 0.065 seconds
[2024-11-23T00:51:53.823+0000] {processor.py:186} INFO - Started process (PID=402) to work on /home/airflow/.local/lib/python3.12/site-packages/airflow/example_dags/example_xcomargs.py
[2024-11-23T00:51:53.824+0000] {processor.py:914} INFO - Processing file /home/airflow/.local/lib/python3.12/site-packages/airflow/example_dags/example_xcomargs.py for tasks to queue
[2024-11-23T00:51:53.826+0000] {logging_mixin.py:190} INFO - [2024-11-23T00:51:53.825+0000] {dagbag.py:588} INFO - Filling up the DagBag from /home/airflow/.local/lib/python3.12/site-packages/airflow/example_dags/example_xcomargs.py
[2024-11-23T00:51:53.834+0000] {processor.py:925} INFO - DAG(s) 'example_xcom_args', 'example_xcom_args_with_operators' retrieved from /home/airflow/.local/lib/python3.12/site-packages/airflow/example_dags/example_xcomargs.py
[2024-11-23T00:51:53.854+0000] {logging_mixin.py:190} INFO - [2024-11-23T00:51:53.854+0000] {dag.py:3239} INFO - Sync 2 DAGs
[2024-11-23T00:51:53.866+0000] {logging_mixin.py:190} INFO - [2024-11-23T00:51:53.866+0000] {dag.py:4180} INFO - Setting next_dagrun for example_xcom_args to None, run_after=None
[2024-11-23T00:51:53.869+0000] {logging_mixin.py:190} INFO - [2024-11-23T00:51:53.869+0000] {dag.py:4180} INFO - Setting next_dagrun for example_xcom_args_with_operators to None, run_after=None
[2024-11-23T00:51:53.882+0000] {processor.py:208} INFO - Processing /home/airflow/.local/lib/python3.12/site-packages/airflow/example_dags/example_xcomargs.py took 0.064 seconds
[2024-11-23T00:52:23.979+0000] {processor.py:186} INFO - Started process (PID=465) to work on /home/airflow/.local/lib/python3.12/site-packages/airflow/example_dags/example_xcomargs.py
[2024-11-23T00:52:23.979+0000] {processor.py:914} INFO - Processing file /home/airflow/.local/lib/python3.12/site-packages/airflow/example_dags/example_xcomargs.py for tasks to queue
[2024-11-23T00:52:23.981+0000] {logging_mixin.py:190} INFO - [2024-11-23T00:52:23.981+0000] {dagbag.py:588} INFO - Filling up the DagBag from /home/airflow/.local/lib/python3.12/site-packages/airflow/example_dags/example_xcomargs.py
[2024-11-23T00:52:23.989+0000] {processor.py:925} INFO - DAG(s) 'example_xcom_args_with_operators', 'example_xcom_args' retrieved from /home/airflow/.local/lib/python3.12/site-packages/airflow/example_dags/example_xcomargs.py
[2024-11-23T00:52:24.009+0000] {logging_mixin.py:190} INFO - [2024-11-23T00:52:24.009+0000] {dag.py:3239} INFO - Sync 2 DAGs
[2024-11-23T00:52:24.021+0000] {logging_mixin.py:190} INFO - [2024-11-23T00:52:24.021+0000] {dag.py:4180} INFO - Setting next_dagrun for example_xcom_args to None, run_after=None
[2024-11-23T00:52:24.024+0000] {logging_mixin.py:190} INFO - [2024-11-23T00:52:24.024+0000] {dag.py:4180} INFO - Setting next_dagrun for example_xcom_args_with_operators to None, run_after=None
[2024-11-23T00:52:24.036+0000] {processor.py:208} INFO - Processing /home/airflow/.local/lib/python3.12/site-packages/airflow/example_dags/example_xcomargs.py took 0.063 seconds
[2024-11-23T00:52:54.854+0000] {processor.py:186} INFO - Started process (PID=527) to work on /home/airflow/.local/lib/python3.12/site-packages/airflow/example_dags/example_xcomargs.py
[2024-11-23T00:52:54.855+0000] {processor.py:914} INFO - Processing file /home/airflow/.local/lib/python3.12/site-packages/airflow/example_dags/example_xcomargs.py for tasks to queue
[2024-11-23T00:52:54.856+0000] {logging_mixin.py:190} INFO - [2024-11-23T00:52:54.856+0000] {dagbag.py:588} INFO - Filling up the DagBag from /home/airflow/.local/lib/python3.12/site-packages/airflow/example_dags/example_xcomargs.py
[2024-11-23T00:52:54.865+0000] {processor.py:925} INFO - DAG(s) 'example_xcom_args_with_operators', 'example_xcom_args' retrieved from /home/airflow/.local/lib/python3.12/site-packages/airflow/example_dags/example_xcomargs.py
[2024-11-23T00:52:54.888+0000] {logging_mixin.py:190} INFO - [2024-11-23T00:52:54.888+0000] {dag.py:3239} INFO - Sync 2 DAGs
[2024-11-23T00:52:54.902+0000] {logging_mixin.py:190} INFO - [2024-11-23T00:52:54.901+0000] {dag.py:4180} INFO - Setting next_dagrun for example_xcom_args to None, run_after=None
[2024-11-23T00:52:54.905+0000] {logging_mixin.py:190} INFO - [2024-11-23T00:52:54.905+0000] {dag.py:4180} INFO - Setting next_dagrun for example_xcom_args_with_operators to None, run_after=None
[2024-11-23T00:52:54.919+0000] {processor.py:208} INFO - Processing /home/airflow/.local/lib/python3.12/site-packages/airflow/example_dags/example_xcomargs.py took 0.071 seconds
[2024-11-23T00:53:25.257+0000] {processor.py:186} INFO - Started process (PID=590) to work on /home/airflow/.local/lib/python3.12/site-packages/airflow/example_dags/example_xcomargs.py
[2024-11-23T00:53:25.257+0000] {processor.py:914} INFO - Processing file /home/airflow/.local/lib/python3.12/site-packages/airflow/example_dags/example_xcomargs.py for tasks to queue
[2024-11-23T00:53:25.260+0000] {logging_mixin.py:190} INFO - [2024-11-23T00:53:25.259+0000] {dagbag.py:588} INFO - Filling up the DagBag from /home/airflow/.local/lib/python3.12/site-packages/airflow/example_dags/example_xcomargs.py
[2024-11-23T00:53:25.269+0000] {processor.py:925} INFO - DAG(s) 'example_xcom_args', 'example_xcom_args_with_operators' retrieved from /home/airflow/.local/lib/python3.12/site-packages/airflow/example_dags/example_xcomargs.py
[2024-11-23T00:53:25.289+0000] {logging_mixin.py:190} INFO - [2024-11-23T00:53:25.289+0000] {dag.py:3239} INFO - Sync 2 DAGs
[2024-11-23T00:53:25.303+0000] {logging_mixin.py:190} INFO - [2024-11-23T00:53:25.303+0000] {dag.py:4180} INFO - Setting next_dagrun for example_xcom_args to None, run_after=None
[2024-11-23T00:53:25.306+0000] {logging_mixin.py:190} INFO - [2024-11-23T00:53:25.306+0000] {dag.py:4180} INFO - Setting next_dagrun for example_xcom_args_with_operators to None, run_after=None
[2024-11-23T00:53:25.319+0000] {processor.py:208} INFO - Processing /home/airflow/.local/lib/python3.12/site-packages/airflow/example_dags/example_xcomargs.py took 0.068 seconds
