[2024-11-23T00:49:21.244+0000] {processor.py:186} INFO - Started process (PID=93) to work on /home/airflow/.local/lib/python3.12/site-packages/airflow/example_dags/example_dag_decorator.py
[2024-11-23T00:49:21.244+0000] {processor.py:914} INFO - Processing file /home/airflow/.local/lib/python3.12/site-packages/airflow/example_dags/example_dag_decorator.py for tasks to queue
[2024-11-23T00:49:21.246+0000] {logging_mixin.py:190} INFO - [2024-11-23T00:49:21.246+0000] {dagbag.py:588} INFO - Filling up the DagBag from /home/airflow/.local/lib/python3.12/site-packages/airflow/example_dags/example_dag_decorator.py
[2024-11-23T00:49:21.256+0000] {processor.py:925} INFO - DAG(s) 'example_dag_decorator' retrieved from /home/airflow/.local/lib/python3.12/site-packages/airflow/example_dags/example_dag_decorator.py
[2024-11-23T00:49:21.345+0000] {logging_mixin.py:190} INFO - [2024-11-23T00:49:21.345+0000] {override.py:1911} INFO - Created Permission View: can delete on DAG:example_dag_decorator
[2024-11-23T00:49:21.353+0000] {logging_mixin.py:190} INFO - [2024-11-23T00:49:21.353+0000] {override.py:1911} INFO - Created Permission View: can read on DAG:example_dag_decorator
[2024-11-23T00:49:21.358+0000] {logging_mixin.py:190} INFO - [2024-11-23T00:49:21.358+0000] {override.py:1911} INFO - Created Permission View: can edit on DAG:example_dag_decorator
[2024-11-23T00:49:21.363+0000] {logging_mixin.py:190} INFO - [2024-11-23T00:49:21.363+0000] {override.py:1911} INFO - Created Permission View: can create on DAG Run:example_dag_decorator
[2024-11-23T00:49:21.368+0000] {logging_mixin.py:190} INFO - [2024-11-23T00:49:21.368+0000] {override.py:1911} INFO - Created Permission View: can delete on DAG Run:example_dag_decorator
[2024-11-23T00:49:21.374+0000] {logging_mixin.py:190} INFO - [2024-11-23T00:49:21.374+0000] {override.py:1911} INFO - Created Permission View: can read on DAG Run:example_dag_decorator
[2024-11-23T00:49:21.378+0000] {logging_mixin.py:190} INFO - [2024-11-23T00:49:21.378+0000] {override.py:1911} INFO - Created Permission View: menu access on DAG Run:example_dag_decorator
[2024-11-23T00:49:21.379+0000] {logging_mixin.py:190} INFO - [2024-11-23T00:49:21.379+0000] {dag.py:3239} INFO - Sync 1 DAGs
[2024-11-23T00:49:21.390+0000] {logging_mixin.py:190} INFO - [2024-11-23T00:49:21.390+0000] {dag.py:3262} INFO - Creating ORM DAG for example_dag_decorator
[2024-11-23T00:49:21.391+0000] {logging_mixin.py:190} INFO - [2024-11-23T00:49:21.390+0000] {dag.py:4180} INFO - Setting next_dagrun for example_dag_decorator to None, run_after=None
[2024-11-23T00:49:21.402+0000] {processor.py:208} INFO - Processing /home/airflow/.local/lib/python3.12/site-packages/airflow/example_dags/example_dag_decorator.py took 0.164 seconds
[2024-11-23T00:49:52.995+0000] {processor.py:186} INFO - Started process (PID=156) to work on /home/airflow/.local/lib/python3.12/site-packages/airflow/example_dags/example_dag_decorator.py
[2024-11-23T00:49:52.996+0000] {processor.py:914} INFO - Processing file /home/airflow/.local/lib/python3.12/site-packages/airflow/example_dags/example_dag_decorator.py for tasks to queue
[2024-11-23T00:49:52.999+0000] {logging_mixin.py:190} INFO - [2024-11-23T00:49:52.999+0000] {dagbag.py:588} INFO - Filling up the DagBag from /home/airflow/.local/lib/python3.12/site-packages/airflow/example_dags/example_dag_decorator.py
[2024-11-23T00:49:53.012+0000] {processor.py:925} INFO - DAG(s) 'example_dag_decorator' retrieved from /home/airflow/.local/lib/python3.12/site-packages/airflow/example_dags/example_dag_decorator.py
[2024-11-23T00:49:53.148+0000] {logging_mixin.py:190} INFO - [2024-11-23T00:49:53.148+0000] {dag.py:3239} INFO - Sync 1 DAGs
[2024-11-23T00:49:53.159+0000] {logging_mixin.py:190} INFO - [2024-11-23T00:49:53.159+0000] {dag.py:4180} INFO - Setting next_dagrun for example_dag_decorator to None, run_after=None
[2024-11-23T00:49:53.178+0000] {processor.py:208} INFO - Processing /home/airflow/.local/lib/python3.12/site-packages/airflow/example_dags/example_dag_decorator.py took 0.189 seconds
[2024-11-23T00:50:23.915+0000] {processor.py:186} INFO - Started process (PID=219) to work on /home/airflow/.local/lib/python3.12/site-packages/airflow/example_dags/example_dag_decorator.py
[2024-11-23T00:50:23.915+0000] {processor.py:914} INFO - Processing file /home/airflow/.local/lib/python3.12/site-packages/airflow/example_dags/example_dag_decorator.py for tasks to queue
[2024-11-23T00:50:23.917+0000] {logging_mixin.py:190} INFO - [2024-11-23T00:50:23.917+0000] {dagbag.py:588} INFO - Filling up the DagBag from /home/airflow/.local/lib/python3.12/site-packages/airflow/example_dags/example_dag_decorator.py
[2024-11-23T00:50:23.927+0000] {processor.py:925} INFO - DAG(s) 'example_dag_decorator' retrieved from /home/airflow/.local/lib/python3.12/site-packages/airflow/example_dags/example_dag_decorator.py
[2024-11-23T00:50:24.034+0000] {logging_mixin.py:190} INFO - [2024-11-23T00:50:24.034+0000] {dag.py:3239} INFO - Sync 1 DAGs
[2024-11-23T00:50:24.044+0000] {logging_mixin.py:190} INFO - [2024-11-23T00:50:24.044+0000] {dag.py:4180} INFO - Setting next_dagrun for example_dag_decorator to None, run_after=None
[2024-11-23T00:50:24.059+0000] {processor.py:208} INFO - Processing /home/airflow/.local/lib/python3.12/site-packages/airflow/example_dags/example_dag_decorator.py took 0.149 seconds
[2024-11-23T00:50:54.938+0000] {processor.py:186} INFO - Started process (PID=282) to work on /home/airflow/.local/lib/python3.12/site-packages/airflow/example_dags/example_dag_decorator.py
[2024-11-23T00:50:54.939+0000] {processor.py:914} INFO - Processing file /home/airflow/.local/lib/python3.12/site-packages/airflow/example_dags/example_dag_decorator.py for tasks to queue
[2024-11-23T00:50:54.941+0000] {logging_mixin.py:190} INFO - [2024-11-23T00:50:54.941+0000] {dagbag.py:588} INFO - Filling up the DagBag from /home/airflow/.local/lib/python3.12/site-packages/airflow/example_dags/example_dag_decorator.py
[2024-11-23T00:50:54.951+0000] {processor.py:925} INFO - DAG(s) 'example_dag_decorator' retrieved from /home/airflow/.local/lib/python3.12/site-packages/airflow/example_dags/example_dag_decorator.py
[2024-11-23T00:50:55.069+0000] {logging_mixin.py:190} INFO - [2024-11-23T00:50:55.068+0000] {dag.py:3239} INFO - Sync 1 DAGs
[2024-11-23T00:50:55.079+0000] {logging_mixin.py:190} INFO - [2024-11-23T00:50:55.079+0000] {dag.py:4180} INFO - Setting next_dagrun for example_dag_decorator to None, run_after=None
[2024-11-23T00:50:55.094+0000] {processor.py:208} INFO - Processing /home/airflow/.local/lib/python3.12/site-packages/airflow/example_dags/example_dag_decorator.py took 0.161 seconds
[2024-11-23T00:51:25.766+0000] {processor.py:186} INFO - Started process (PID=345) to work on /home/airflow/.local/lib/python3.12/site-packages/airflow/example_dags/example_dag_decorator.py
[2024-11-23T00:51:25.767+0000] {processor.py:914} INFO - Processing file /home/airflow/.local/lib/python3.12/site-packages/airflow/example_dags/example_dag_decorator.py for tasks to queue
[2024-11-23T00:51:25.769+0000] {logging_mixin.py:190} INFO - [2024-11-23T00:51:25.768+0000] {dagbag.py:588} INFO - Filling up the DagBag from /home/airflow/.local/lib/python3.12/site-packages/airflow/example_dags/example_dag_decorator.py
[2024-11-23T00:51:25.779+0000] {processor.py:925} INFO - DAG(s) 'example_dag_decorator' retrieved from /home/airflow/.local/lib/python3.12/site-packages/airflow/example_dags/example_dag_decorator.py
[2024-11-23T00:51:25.893+0000] {logging_mixin.py:190} INFO - [2024-11-23T00:51:25.893+0000] {dag.py:3239} INFO - Sync 1 DAGs
[2024-11-23T00:51:25.903+0000] {logging_mixin.py:190} INFO - [2024-11-23T00:51:25.903+0000] {dag.py:4180} INFO - Setting next_dagrun for example_dag_decorator to None, run_after=None
[2024-11-23T00:51:25.918+0000] {processor.py:208} INFO - Processing /home/airflow/.local/lib/python3.12/site-packages/airflow/example_dags/example_dag_decorator.py took 0.158 seconds
[2024-11-23T00:51:56.708+0000] {processor.py:186} INFO - Started process (PID=408) to work on /home/airflow/.local/lib/python3.12/site-packages/airflow/example_dags/example_dag_decorator.py
[2024-11-23T00:51:56.708+0000] {processor.py:914} INFO - Processing file /home/airflow/.local/lib/python3.12/site-packages/airflow/example_dags/example_dag_decorator.py for tasks to queue
[2024-11-23T00:51:56.710+0000] {logging_mixin.py:190} INFO - [2024-11-23T00:51:56.710+0000] {dagbag.py:588} INFO - Filling up the DagBag from /home/airflow/.local/lib/python3.12/site-packages/airflow/example_dags/example_dag_decorator.py
[2024-11-23T00:51:56.720+0000] {processor.py:925} INFO - DAG(s) 'example_dag_decorator' retrieved from /home/airflow/.local/lib/python3.12/site-packages/airflow/example_dags/example_dag_decorator.py
[2024-11-23T00:51:56.825+0000] {logging_mixin.py:190} INFO - [2024-11-23T00:51:56.825+0000] {dag.py:3239} INFO - Sync 1 DAGs
[2024-11-23T00:51:56.837+0000] {logging_mixin.py:190} INFO - [2024-11-23T00:51:56.837+0000] {dag.py:4180} INFO - Setting next_dagrun for example_dag_decorator to None, run_after=None
[2024-11-23T00:51:56.854+0000] {processor.py:208} INFO - Processing /home/airflow/.local/lib/python3.12/site-packages/airflow/example_dags/example_dag_decorator.py took 0.151 seconds
[2024-11-23T00:52:27.972+0000] {processor.py:186} INFO - Started process (PID=471) to work on /home/airflow/.local/lib/python3.12/site-packages/airflow/example_dags/example_dag_decorator.py
[2024-11-23T00:52:27.972+0000] {processor.py:914} INFO - Processing file /home/airflow/.local/lib/python3.12/site-packages/airflow/example_dags/example_dag_decorator.py for tasks to queue
[2024-11-23T00:52:27.974+0000] {logging_mixin.py:190} INFO - [2024-11-23T00:52:27.974+0000] {dagbag.py:588} INFO - Filling up the DagBag from /home/airflow/.local/lib/python3.12/site-packages/airflow/example_dags/example_dag_decorator.py
[2024-11-23T00:52:27.983+0000] {processor.py:925} INFO - DAG(s) 'example_dag_decorator' retrieved from /home/airflow/.local/lib/python3.12/site-packages/airflow/example_dags/example_dag_decorator.py
[2024-11-23T00:52:28.072+0000] {logging_mixin.py:190} INFO - [2024-11-23T00:52:28.072+0000] {dag.py:3239} INFO - Sync 1 DAGs
[2024-11-23T00:52:28.082+0000] {logging_mixin.py:190} INFO - [2024-11-23T00:52:28.081+0000] {dag.py:4180} INFO - Setting next_dagrun for example_dag_decorator to None, run_after=None
[2024-11-23T00:52:28.097+0000] {processor.py:208} INFO - Processing /home/airflow/.local/lib/python3.12/site-packages/airflow/example_dags/example_dag_decorator.py took 0.130 seconds
[2024-11-23T00:52:58.755+0000] {processor.py:186} INFO - Started process (PID=534) to work on /home/airflow/.local/lib/python3.12/site-packages/airflow/example_dags/example_dag_decorator.py
[2024-11-23T00:52:58.756+0000] {processor.py:914} INFO - Processing file /home/airflow/.local/lib/python3.12/site-packages/airflow/example_dags/example_dag_decorator.py for tasks to queue
[2024-11-23T00:52:58.759+0000] {logging_mixin.py:190} INFO - [2024-11-23T00:52:58.758+0000] {dagbag.py:588} INFO - Filling up the DagBag from /home/airflow/.local/lib/python3.12/site-packages/airflow/example_dags/example_dag_decorator.py
[2024-11-23T00:52:58.769+0000] {processor.py:925} INFO - DAG(s) 'example_dag_decorator' retrieved from /home/airflow/.local/lib/python3.12/site-packages/airflow/example_dags/example_dag_decorator.py
[2024-11-23T00:52:58.884+0000] {logging_mixin.py:190} INFO - [2024-11-23T00:52:58.884+0000] {dag.py:3239} INFO - Sync 1 DAGs
[2024-11-23T00:52:58.895+0000] {logging_mixin.py:190} INFO - [2024-11-23T00:52:58.895+0000] {dag.py:4180} INFO - Setting next_dagrun for example_dag_decorator to None, run_after=None
[2024-11-23T00:52:58.912+0000] {processor.py:208} INFO - Processing /home/airflow/.local/lib/python3.12/site-packages/airflow/example_dags/example_dag_decorator.py took 0.162 seconds
[2024-11-23T00:53:29.817+0000] {processor.py:186} INFO - Started process (PID=597) to work on /home/airflow/.local/lib/python3.12/site-packages/airflow/example_dags/example_dag_decorator.py
[2024-11-23T00:53:29.818+0000] {processor.py:914} INFO - Processing file /home/airflow/.local/lib/python3.12/site-packages/airflow/example_dags/example_dag_decorator.py for tasks to queue
[2024-11-23T00:53:29.819+0000] {logging_mixin.py:190} INFO - [2024-11-23T00:53:29.819+0000] {dagbag.py:588} INFO - Filling up the DagBag from /home/airflow/.local/lib/python3.12/site-packages/airflow/example_dags/example_dag_decorator.py
[2024-11-23T00:53:29.830+0000] {processor.py:925} INFO - DAG(s) 'example_dag_decorator' retrieved from /home/airflow/.local/lib/python3.12/site-packages/airflow/example_dags/example_dag_decorator.py
[2024-11-23T00:53:29.965+0000] {logging_mixin.py:190} INFO - [2024-11-23T00:53:29.964+0000] {dag.py:3239} INFO - Sync 1 DAGs
[2024-11-23T00:53:29.976+0000] {logging_mixin.py:190} INFO - [2024-11-23T00:53:29.975+0000] {dag.py:4180} INFO - Setting next_dagrun for example_dag_decorator to None, run_after=None
[2024-11-23T00:53:29.992+0000] {processor.py:208} INFO - Processing /home/airflow/.local/lib/python3.12/site-packages/airflow/example_dags/example_dag_decorator.py took 0.180 seconds
