[2024-11-23T00:49:22.004+0000] {processor.py:186} INFO - Started process (PID=99) to work on /home/airflow/.local/lib/python3.12/site-packages/airflow/example_dags/example_python_decorator.py
[2024-11-23T00:49:22.005+0000] {processor.py:914} INFO - Processing file /home/airflow/.local/lib/python3.12/site-packages/airflow/example_dags/example_python_decorator.py for tasks to queue
[2024-11-23T00:49:22.006+0000] {logging_mixin.py:190} INFO - [2024-11-23T00:49:22.006+0000] {dagbag.py:588} INFO - Filling up the DagBag from /home/airflow/.local/lib/python3.12/site-packages/airflow/example_dags/example_python_decorator.py
[2024-11-23T00:49:22.019+0000] {processor.py:925} INFO - DAG(s) 'example_python_decorator' retrieved from /home/airflow/.local/lib/python3.12/site-packages/airflow/example_dags/example_python_decorator.py
[2024-11-23T00:49:22.104+0000] {logging_mixin.py:190} INFO - [2024-11-23T00:49:22.103+0000] {override.py:1911} INFO - Created Permission View: can delete on DAG:example_python_decorator
[2024-11-23T00:49:22.112+0000] {logging_mixin.py:190} INFO - [2024-11-23T00:49:22.111+0000] {override.py:1911} INFO - Created Permission View: can read on DAG:example_python_decorator
[2024-11-23T00:49:22.116+0000] {logging_mixin.py:190} INFO - [2024-11-23T00:49:22.116+0000] {override.py:1911} INFO - Created Permission View: can edit on DAG:example_python_decorator
[2024-11-23T00:49:22.121+0000] {logging_mixin.py:190} INFO - [2024-11-23T00:49:22.120+0000] {override.py:1911} INFO - Created Permission View: can create on DAG Run:example_python_decorator
[2024-11-23T00:49:22.125+0000] {logging_mixin.py:190} INFO - [2024-11-23T00:49:22.125+0000] {override.py:1911} INFO - Created Permission View: can delete on DAG Run:example_python_decorator
[2024-11-23T00:49:22.131+0000] {logging_mixin.py:190} INFO - [2024-11-23T00:49:22.130+0000] {override.py:1911} INFO - Created Permission View: can read on DAG Run:example_python_decorator
[2024-11-23T00:49:22.135+0000] {logging_mixin.py:190} INFO - [2024-11-23T00:49:22.135+0000] {override.py:1911} INFO - Created Permission View: menu access on DAG Run:example_python_decorator
[2024-11-23T00:49:22.136+0000] {logging_mixin.py:190} INFO - [2024-11-23T00:49:22.136+0000] {dag.py:3239} INFO - Sync 1 DAGs
[2024-11-23T00:49:22.147+0000] {logging_mixin.py:190} INFO - [2024-11-23T00:49:22.147+0000] {dag.py:3262} INFO - Creating ORM DAG for example_python_decorator
[2024-11-23T00:49:22.147+0000] {logging_mixin.py:190} INFO - [2024-11-23T00:49:22.147+0000] {dag.py:4180} INFO - Setting next_dagrun for example_python_decorator to None, run_after=None
[2024-11-23T00:49:22.160+0000] {processor.py:208} INFO - Processing /home/airflow/.local/lib/python3.12/site-packages/airflow/example_dags/example_python_decorator.py took 0.162 seconds
[2024-11-23T00:49:53.408+0000] {processor.py:186} INFO - Started process (PID=162) to work on /home/airflow/.local/lib/python3.12/site-packages/airflow/example_dags/example_python_decorator.py
[2024-11-23T00:49:53.409+0000] {processor.py:914} INFO - Processing file /home/airflow/.local/lib/python3.12/site-packages/airflow/example_dags/example_python_decorator.py for tasks to queue
[2024-11-23T00:49:53.411+0000] {logging_mixin.py:190} INFO - [2024-11-23T00:49:53.411+0000] {dagbag.py:588} INFO - Filling up the DagBag from /home/airflow/.local/lib/python3.12/site-packages/airflow/example_dags/example_python_decorator.py
[2024-11-23T00:49:53.426+0000] {processor.py:925} INFO - DAG(s) 'example_python_decorator' retrieved from /home/airflow/.local/lib/python3.12/site-packages/airflow/example_dags/example_python_decorator.py
[2024-11-23T00:49:53.447+0000] {logging_mixin.py:190} INFO - [2024-11-23T00:49:53.446+0000] {dag.py:3239} INFO - Sync 1 DAGs
[2024-11-23T00:49:53.460+0000] {logging_mixin.py:190} INFO - [2024-11-23T00:49:53.460+0000] {dag.py:4180} INFO - Setting next_dagrun for example_python_decorator to None, run_after=None
[2024-11-23T00:49:53.480+0000] {processor.py:208} INFO - Processing /home/airflow/.local/lib/python3.12/site-packages/airflow/example_dags/example_python_decorator.py took 0.078 seconds
[2024-11-23T00:50:24.212+0000] {processor.py:186} INFO - Started process (PID=224) to work on /home/airflow/.local/lib/python3.12/site-packages/airflow/example_dags/example_python_decorator.py
[2024-11-23T00:50:24.213+0000] {processor.py:914} INFO - Processing file /home/airflow/.local/lib/python3.12/site-packages/airflow/example_dags/example_python_decorator.py for tasks to queue
[2024-11-23T00:50:24.215+0000] {logging_mixin.py:190} INFO - [2024-11-23T00:50:24.215+0000] {dagbag.py:588} INFO - Filling up the DagBag from /home/airflow/.local/lib/python3.12/site-packages/airflow/example_dags/example_python_decorator.py
[2024-11-23T00:50:24.230+0000] {processor.py:925} INFO - DAG(s) 'example_python_decorator' retrieved from /home/airflow/.local/lib/python3.12/site-packages/airflow/example_dags/example_python_decorator.py
[2024-11-23T00:50:24.251+0000] {logging_mixin.py:190} INFO - [2024-11-23T00:50:24.251+0000] {dag.py:3239} INFO - Sync 1 DAGs
[2024-11-23T00:50:24.265+0000] {logging_mixin.py:190} INFO - [2024-11-23T00:50:24.265+0000] {dag.py:4180} INFO - Setting next_dagrun for example_python_decorator to None, run_after=None
[2024-11-23T00:50:24.283+0000] {processor.py:208} INFO - Processing /home/airflow/.local/lib/python3.12/site-packages/airflow/example_dags/example_python_decorator.py took 0.076 seconds
[2024-11-23T00:50:55.282+0000] {processor.py:186} INFO - Started process (PID=288) to work on /home/airflow/.local/lib/python3.12/site-packages/airflow/example_dags/example_python_decorator.py
[2024-11-23T00:50:55.283+0000] {processor.py:914} INFO - Processing file /home/airflow/.local/lib/python3.12/site-packages/airflow/example_dags/example_python_decorator.py for tasks to queue
[2024-11-23T00:50:55.285+0000] {logging_mixin.py:190} INFO - [2024-11-23T00:50:55.284+0000] {dagbag.py:588} INFO - Filling up the DagBag from /home/airflow/.local/lib/python3.12/site-packages/airflow/example_dags/example_python_decorator.py
[2024-11-23T00:50:55.296+0000] {processor.py:925} INFO - DAG(s) 'example_python_decorator' retrieved from /home/airflow/.local/lib/python3.12/site-packages/airflow/example_dags/example_python_decorator.py
[2024-11-23T00:50:55.315+0000] {logging_mixin.py:190} INFO - [2024-11-23T00:50:55.315+0000] {dag.py:3239} INFO - Sync 1 DAGs
[2024-11-23T00:50:55.328+0000] {logging_mixin.py:190} INFO - [2024-11-23T00:50:55.327+0000] {dag.py:4180} INFO - Setting next_dagrun for example_python_decorator to None, run_after=None
[2024-11-23T00:50:55.344+0000] {processor.py:208} INFO - Processing /home/airflow/.local/lib/python3.12/site-packages/airflow/example_dags/example_python_decorator.py took 0.067 seconds
[2024-11-23T00:51:26.215+0000] {processor.py:186} INFO - Started process (PID=351) to work on /home/airflow/.local/lib/python3.12/site-packages/airflow/example_dags/example_python_decorator.py
[2024-11-23T00:51:26.215+0000] {processor.py:914} INFO - Processing file /home/airflow/.local/lib/python3.12/site-packages/airflow/example_dags/example_python_decorator.py for tasks to queue
[2024-11-23T00:51:26.217+0000] {logging_mixin.py:190} INFO - [2024-11-23T00:51:26.217+0000] {dagbag.py:588} INFO - Filling up the DagBag from /home/airflow/.local/lib/python3.12/site-packages/airflow/example_dags/example_python_decorator.py
[2024-11-23T00:51:26.229+0000] {processor.py:925} INFO - DAG(s) 'example_python_decorator' retrieved from /home/airflow/.local/lib/python3.12/site-packages/airflow/example_dags/example_python_decorator.py
[2024-11-23T00:51:26.249+0000] {logging_mixin.py:190} INFO - [2024-11-23T00:51:26.249+0000] {dag.py:3239} INFO - Sync 1 DAGs
[2024-11-23T00:51:26.262+0000] {logging_mixin.py:190} INFO - [2024-11-23T00:51:26.262+0000] {dag.py:4180} INFO - Setting next_dagrun for example_python_decorator to None, run_after=None
[2024-11-23T00:51:26.278+0000] {processor.py:208} INFO - Processing /home/airflow/.local/lib/python3.12/site-packages/airflow/example_dags/example_python_decorator.py took 0.068 seconds
[2024-11-23T00:51:57.132+0000] {processor.py:186} INFO - Started process (PID=414) to work on /home/airflow/.local/lib/python3.12/site-packages/airflow/example_dags/example_python_decorator.py
[2024-11-23T00:51:57.133+0000] {processor.py:914} INFO - Processing file /home/airflow/.local/lib/python3.12/site-packages/airflow/example_dags/example_python_decorator.py for tasks to queue
[2024-11-23T00:51:57.134+0000] {logging_mixin.py:190} INFO - [2024-11-23T00:51:57.134+0000] {dagbag.py:588} INFO - Filling up the DagBag from /home/airflow/.local/lib/python3.12/site-packages/airflow/example_dags/example_python_decorator.py
[2024-11-23T00:51:57.146+0000] {processor.py:925} INFO - DAG(s) 'example_python_decorator' retrieved from /home/airflow/.local/lib/python3.12/site-packages/airflow/example_dags/example_python_decorator.py
[2024-11-23T00:51:57.164+0000] {logging_mixin.py:190} INFO - [2024-11-23T00:51:57.164+0000] {dag.py:3239} INFO - Sync 1 DAGs
[2024-11-23T00:51:57.176+0000] {logging_mixin.py:190} INFO - [2024-11-23T00:51:57.176+0000] {dag.py:4180} INFO - Setting next_dagrun for example_python_decorator to None, run_after=None
[2024-11-23T00:51:57.191+0000] {processor.py:208} INFO - Processing /home/airflow/.local/lib/python3.12/site-packages/airflow/example_dags/example_python_decorator.py took 0.064 seconds
[2024-11-23T00:52:28.247+0000] {processor.py:186} INFO - Started process (PID=476) to work on /home/airflow/.local/lib/python3.12/site-packages/airflow/example_dags/example_python_decorator.py
[2024-11-23T00:52:28.249+0000] {processor.py:914} INFO - Processing file /home/airflow/.local/lib/python3.12/site-packages/airflow/example_dags/example_python_decorator.py for tasks to queue
[2024-11-23T00:52:28.251+0000] {logging_mixin.py:190} INFO - [2024-11-23T00:52:28.251+0000] {dagbag.py:588} INFO - Filling up the DagBag from /home/airflow/.local/lib/python3.12/site-packages/airflow/example_dags/example_python_decorator.py
[2024-11-23T00:52:28.267+0000] {processor.py:925} INFO - DAG(s) 'example_python_decorator' retrieved from /home/airflow/.local/lib/python3.12/site-packages/airflow/example_dags/example_python_decorator.py
[2024-11-23T00:52:28.286+0000] {logging_mixin.py:190} INFO - [2024-11-23T00:52:28.285+0000] {dag.py:3239} INFO - Sync 1 DAGs
[2024-11-23T00:52:28.299+0000] {logging_mixin.py:190} INFO - [2024-11-23T00:52:28.298+0000] {dag.py:4180} INFO - Setting next_dagrun for example_python_decorator to None, run_after=None
[2024-11-23T00:52:28.314+0000] {processor.py:208} INFO - Processing /home/airflow/.local/lib/python3.12/site-packages/airflow/example_dags/example_python_decorator.py took 0.075 seconds
[2024-11-23T00:52:59.067+0000] {processor.py:186} INFO - Started process (PID=539) to work on /home/airflow/.local/lib/python3.12/site-packages/airflow/example_dags/example_python_decorator.py
[2024-11-23T00:52:59.068+0000] {processor.py:914} INFO - Processing file /home/airflow/.local/lib/python3.12/site-packages/airflow/example_dags/example_python_decorator.py for tasks to queue
[2024-11-23T00:52:59.070+0000] {logging_mixin.py:190} INFO - [2024-11-23T00:52:59.069+0000] {dagbag.py:588} INFO - Filling up the DagBag from /home/airflow/.local/lib/python3.12/site-packages/airflow/example_dags/example_python_decorator.py
[2024-11-23T00:52:59.083+0000] {processor.py:925} INFO - DAG(s) 'example_python_decorator' retrieved from /home/airflow/.local/lib/python3.12/site-packages/airflow/example_dags/example_python_decorator.py
[2024-11-23T00:52:59.102+0000] {logging_mixin.py:190} INFO - [2024-11-23T00:52:59.102+0000] {dag.py:3239} INFO - Sync 1 DAGs
[2024-11-23T00:52:59.115+0000] {logging_mixin.py:190} INFO - [2024-11-23T00:52:59.115+0000] {dag.py:4180} INFO - Setting next_dagrun for example_python_decorator to None, run_after=None
[2024-11-23T00:52:59.132+0000] {processor.py:208} INFO - Processing /home/airflow/.local/lib/python3.12/site-packages/airflow/example_dags/example_python_decorator.py took 0.070 seconds
[2024-11-23T00:53:30.149+0000] {processor.py:186} INFO - Started process (PID=603) to work on /home/airflow/.local/lib/python3.12/site-packages/airflow/example_dags/example_python_decorator.py
[2024-11-23T00:53:30.150+0000] {processor.py:914} INFO - Processing file /home/airflow/.local/lib/python3.12/site-packages/airflow/example_dags/example_python_decorator.py for tasks to queue
[2024-11-23T00:53:30.151+0000] {logging_mixin.py:190} INFO - [2024-11-23T00:53:30.151+0000] {dagbag.py:588} INFO - Filling up the DagBag from /home/airflow/.local/lib/python3.12/site-packages/airflow/example_dags/example_python_decorator.py
[2024-11-23T00:53:30.163+0000] {processor.py:925} INFO - DAG(s) 'example_python_decorator' retrieved from /home/airflow/.local/lib/python3.12/site-packages/airflow/example_dags/example_python_decorator.py
[2024-11-23T00:53:30.182+0000] {logging_mixin.py:190} INFO - [2024-11-23T00:53:30.182+0000] {dag.py:3239} INFO - Sync 1 DAGs
[2024-11-23T00:53:30.195+0000] {logging_mixin.py:190} INFO - [2024-11-23T00:53:30.195+0000] {dag.py:4180} INFO - Setting next_dagrun for example_python_decorator to None, run_after=None
[2024-11-23T00:53:30.210+0000] {processor.py:208} INFO - Processing /home/airflow/.local/lib/python3.12/site-packages/airflow/example_dags/example_python_decorator.py took 0.066 seconds
