[2024-11-23T00:49:14.924+0000] {processor.py:186} INFO - Started process (PID=50) to work on /home/airflow/.local/lib/python3.12/site-packages/airflow/example_dags/example_external_task_marker_dag.py
[2024-11-23T00:49:14.925+0000] {processor.py:914} INFO - Processing file /home/airflow/.local/lib/python3.12/site-packages/airflow/example_dags/example_external_task_marker_dag.py for tasks to queue
[2024-11-23T00:49:14.931+0000] {logging_mixin.py:190} INFO - [2024-11-23T00:49:14.930+0000] {dagbag.py:588} INFO - Filling up the DagBag from /home/airflow/.local/lib/python3.12/site-packages/airflow/example_dags/example_external_task_marker_dag.py
[2024-11-23T00:49:14.954+0000] {processor.py:925} INFO - DAG(s) 'example_external_task_marker_child', 'example_external_task_marker_parent' retrieved from /home/airflow/.local/lib/python3.12/site-packages/airflow/example_dags/example_external_task_marker_dag.py
[2024-11-23T00:49:15.207+0000] {logging_mixin.py:190} INFO - [2024-11-23T00:49:15.206+0000] {override.py:1911} INFO - Created Permission View: can delete on DAG:example_external_task_marker_child
[2024-11-23T00:49:15.216+0000] {logging_mixin.py:190} INFO - [2024-11-23T00:49:15.216+0000] {override.py:1911} INFO - Created Permission View: can read on DAG:example_external_task_marker_child
[2024-11-23T00:49:15.222+0000] {logging_mixin.py:190} INFO - [2024-11-23T00:49:15.222+0000] {override.py:1911} INFO - Created Permission View: can edit on DAG:example_external_task_marker_child
[2024-11-23T00:49:15.230+0000] {logging_mixin.py:190} INFO - [2024-11-23T00:49:15.229+0000] {override.py:1911} INFO - Created Permission View: can create on DAG Run:example_external_task_marker_child
[2024-11-23T00:49:15.238+0000] {logging_mixin.py:190} INFO - [2024-11-23T00:49:15.237+0000] {override.py:1911} INFO - Created Permission View: can delete on DAG Run:example_external_task_marker_child
[2024-11-23T00:49:15.245+0000] {logging_mixin.py:190} INFO - [2024-11-23T00:49:15.244+0000] {override.py:1911} INFO - Created Permission View: can read on DAG Run:example_external_task_marker_child
[2024-11-23T00:49:15.254+0000] {logging_mixin.py:190} INFO - [2024-11-23T00:49:15.253+0000] {override.py:1911} INFO - Created Permission View: menu access on DAG Run:example_external_task_marker_child
[2024-11-23T00:49:15.269+0000] {logging_mixin.py:190} INFO - [2024-11-23T00:49:15.268+0000] {override.py:1911} INFO - Created Permission View: can delete on DAG:example_external_task_marker_parent
[2024-11-23T00:49:15.277+0000] {logging_mixin.py:190} INFO - [2024-11-23T00:49:15.276+0000] {override.py:1911} INFO - Created Permission View: can read on DAG:example_external_task_marker_parent
[2024-11-23T00:49:15.284+0000] {logging_mixin.py:190} INFO - [2024-11-23T00:49:15.284+0000] {override.py:1911} INFO - Created Permission View: can edit on DAG:example_external_task_marker_parent
[2024-11-23T00:49:15.292+0000] {logging_mixin.py:190} INFO - [2024-11-23T00:49:15.291+0000] {override.py:1911} INFO - Created Permission View: can create on DAG Run:example_external_task_marker_parent
[2024-11-23T00:49:15.302+0000] {logging_mixin.py:190} INFO - [2024-11-23T00:49:15.301+0000] {override.py:1911} INFO - Created Permission View: can delete on DAG Run:example_external_task_marker_parent
[2024-11-23T00:49:15.310+0000] {logging_mixin.py:190} INFO - [2024-11-23T00:49:15.309+0000] {override.py:1911} INFO - Created Permission View: can read on DAG Run:example_external_task_marker_parent
[2024-11-23T00:49:15.317+0000] {logging_mixin.py:190} INFO - [2024-11-23T00:49:15.317+0000] {override.py:1911} INFO - Created Permission View: menu access on DAG Run:example_external_task_marker_parent
[2024-11-23T00:49:15.317+0000] {logging_mixin.py:190} INFO - [2024-11-23T00:49:15.317+0000] {dag.py:3239} INFO - Sync 2 DAGs
[2024-11-23T00:49:15.334+0000] {logging_mixin.py:190} INFO - [2024-11-23T00:49:15.333+0000] {dag.py:3262} INFO - Creating ORM DAG for example_external_task_marker_child
[2024-11-23T00:49:15.334+0000] {logging_mixin.py:190} INFO - [2024-11-23T00:49:15.334+0000] {dag.py:3262} INFO - Creating ORM DAG for example_external_task_marker_parent
[2024-11-23T00:49:15.335+0000] {logging_mixin.py:190} INFO - [2024-11-23T00:49:15.335+0000] {dag.py:4180} INFO - Setting next_dagrun for example_external_task_marker_child to None, run_after=None
[2024-11-23T00:49:15.335+0000] {logging_mixin.py:190} INFO - [2024-11-23T00:49:15.335+0000] {dag.py:4180} INFO - Setting next_dagrun for example_external_task_marker_parent to None, run_after=None
[2024-11-23T00:49:15.358+0000] {processor.py:208} INFO - Processing /home/airflow/.local/lib/python3.12/site-packages/airflow/example_dags/example_external_task_marker_dag.py took 0.446 seconds
[2024-11-23T00:49:45.712+0000] {processor.py:186} INFO - Started process (PID=113) to work on /home/airflow/.local/lib/python3.12/site-packages/airflow/example_dags/example_external_task_marker_dag.py
[2024-11-23T00:49:45.713+0000] {processor.py:914} INFO - Processing file /home/airflow/.local/lib/python3.12/site-packages/airflow/example_dags/example_external_task_marker_dag.py for tasks to queue
[2024-11-23T00:49:45.716+0000] {logging_mixin.py:190} INFO - [2024-11-23T00:49:45.716+0000] {dagbag.py:588} INFO - Filling up the DagBag from /home/airflow/.local/lib/python3.12/site-packages/airflow/example_dags/example_external_task_marker_dag.py
[2024-11-23T00:49:45.726+0000] {processor.py:925} INFO - DAG(s) 'example_external_task_marker_child', 'example_external_task_marker_parent' retrieved from /home/airflow/.local/lib/python3.12/site-packages/airflow/example_dags/example_external_task_marker_dag.py
[2024-11-23T00:49:45.758+0000] {logging_mixin.py:190} INFO - [2024-11-23T00:49:45.758+0000] {dag.py:3239} INFO - Sync 2 DAGs
[2024-11-23T00:49:45.775+0000] {logging_mixin.py:190} INFO - [2024-11-23T00:49:45.774+0000] {dag.py:4180} INFO - Setting next_dagrun for example_external_task_marker_child to None, run_after=None
[2024-11-23T00:49:45.780+0000] {logging_mixin.py:190} INFO - [2024-11-23T00:49:45.780+0000] {dag.py:4180} INFO - Setting next_dagrun for example_external_task_marker_parent to None, run_after=None
[2024-11-23T00:49:45.808+0000] {processor.py:208} INFO - Processing /home/airflow/.local/lib/python3.12/site-packages/airflow/example_dags/example_external_task_marker_dag.py took 0.102 seconds
[2024-11-23T00:50:16.135+0000] {processor.py:186} INFO - Started process (PID=176) to work on /home/airflow/.local/lib/python3.12/site-packages/airflow/example_dags/example_external_task_marker_dag.py
[2024-11-23T00:50:16.136+0000] {processor.py:914} INFO - Processing file /home/airflow/.local/lib/python3.12/site-packages/airflow/example_dags/example_external_task_marker_dag.py for tasks to queue
[2024-11-23T00:50:16.138+0000] {logging_mixin.py:190} INFO - [2024-11-23T00:50:16.138+0000] {dagbag.py:588} INFO - Filling up the DagBag from /home/airflow/.local/lib/python3.12/site-packages/airflow/example_dags/example_external_task_marker_dag.py
[2024-11-23T00:50:16.147+0000] {processor.py:925} INFO - DAG(s) 'example_external_task_marker_child', 'example_external_task_marker_parent' retrieved from /home/airflow/.local/lib/python3.12/site-packages/airflow/example_dags/example_external_task_marker_dag.py
[2024-11-23T00:50:16.170+0000] {logging_mixin.py:190} INFO - [2024-11-23T00:50:16.170+0000] {dag.py:3239} INFO - Sync 2 DAGs
[2024-11-23T00:50:16.185+0000] {logging_mixin.py:190} INFO - [2024-11-23T00:50:16.185+0000] {dag.py:4180} INFO - Setting next_dagrun for example_external_task_marker_child to None, run_after=None
[2024-11-23T00:50:16.189+0000] {logging_mixin.py:190} INFO - [2024-11-23T00:50:16.189+0000] {dag.py:4180} INFO - Setting next_dagrun for example_external_task_marker_parent to None, run_after=None
[2024-11-23T00:50:16.202+0000] {processor.py:208} INFO - Processing /home/airflow/.local/lib/python3.12/site-packages/airflow/example_dags/example_external_task_marker_dag.py took 0.073 seconds
[2024-11-23T00:50:46.257+0000] {processor.py:186} INFO - Started process (PID=239) to work on /home/airflow/.local/lib/python3.12/site-packages/airflow/example_dags/example_external_task_marker_dag.py
[2024-11-23T00:50:46.258+0000] {processor.py:914} INFO - Processing file /home/airflow/.local/lib/python3.12/site-packages/airflow/example_dags/example_external_task_marker_dag.py for tasks to queue
[2024-11-23T00:50:46.259+0000] {logging_mixin.py:190} INFO - [2024-11-23T00:50:46.259+0000] {dagbag.py:588} INFO - Filling up the DagBag from /home/airflow/.local/lib/python3.12/site-packages/airflow/example_dags/example_external_task_marker_dag.py
[2024-11-23T00:50:46.266+0000] {processor.py:925} INFO - DAG(s) 'example_external_task_marker_parent', 'example_external_task_marker_child' retrieved from /home/airflow/.local/lib/python3.12/site-packages/airflow/example_dags/example_external_task_marker_dag.py
[2024-11-23T00:50:46.286+0000] {logging_mixin.py:190} INFO - [2024-11-23T00:50:46.286+0000] {dag.py:3239} INFO - Sync 2 DAGs
[2024-11-23T00:50:46.298+0000] {logging_mixin.py:190} INFO - [2024-11-23T00:50:46.298+0000] {dag.py:4180} INFO - Setting next_dagrun for example_external_task_marker_child to None, run_after=None
[2024-11-23T00:50:46.302+0000] {logging_mixin.py:190} INFO - [2024-11-23T00:50:46.302+0000] {dag.py:4180} INFO - Setting next_dagrun for example_external_task_marker_parent to None, run_after=None
[2024-11-23T00:50:46.315+0000] {processor.py:208} INFO - Processing /home/airflow/.local/lib/python3.12/site-packages/airflow/example_dags/example_external_task_marker_dag.py took 0.063 seconds
[2024-11-23T00:51:16.757+0000] {processor.py:186} INFO - Started process (PID=302) to work on /home/airflow/.local/lib/python3.12/site-packages/airflow/example_dags/example_external_task_marker_dag.py
[2024-11-23T00:51:16.758+0000] {processor.py:914} INFO - Processing file /home/airflow/.local/lib/python3.12/site-packages/airflow/example_dags/example_external_task_marker_dag.py for tasks to queue
[2024-11-23T00:51:16.760+0000] {logging_mixin.py:190} INFO - [2024-11-23T00:51:16.760+0000] {dagbag.py:588} INFO - Filling up the DagBag from /home/airflow/.local/lib/python3.12/site-packages/airflow/example_dags/example_external_task_marker_dag.py
[2024-11-23T00:51:16.767+0000] {processor.py:925} INFO - DAG(s) 'example_external_task_marker_parent', 'example_external_task_marker_child' retrieved from /home/airflow/.local/lib/python3.12/site-packages/airflow/example_dags/example_external_task_marker_dag.py
[2024-11-23T00:51:16.785+0000] {logging_mixin.py:190} INFO - [2024-11-23T00:51:16.785+0000] {dag.py:3239} INFO - Sync 2 DAGs
[2024-11-23T00:51:16.798+0000] {logging_mixin.py:190} INFO - [2024-11-23T00:51:16.798+0000] {dag.py:4180} INFO - Setting next_dagrun for example_external_task_marker_child to None, run_after=None
[2024-11-23T00:51:16.801+0000] {logging_mixin.py:190} INFO - [2024-11-23T00:51:16.801+0000] {dag.py:4180} INFO - Setting next_dagrun for example_external_task_marker_parent to None, run_after=None
[2024-11-23T00:51:16.813+0000] {processor.py:208} INFO - Processing /home/airflow/.local/lib/python3.12/site-packages/airflow/example_dags/example_external_task_marker_dag.py took 0.062 seconds
[2024-11-23T00:51:46.950+0000] {processor.py:186} INFO - Started process (PID=365) to work on /home/airflow/.local/lib/python3.12/site-packages/airflow/example_dags/example_external_task_marker_dag.py
[2024-11-23T00:51:46.950+0000] {processor.py:914} INFO - Processing file /home/airflow/.local/lib/python3.12/site-packages/airflow/example_dags/example_external_task_marker_dag.py for tasks to queue
[2024-11-23T00:51:46.953+0000] {logging_mixin.py:190} INFO - [2024-11-23T00:51:46.952+0000] {dagbag.py:588} INFO - Filling up the DagBag from /home/airflow/.local/lib/python3.12/site-packages/airflow/example_dags/example_external_task_marker_dag.py
[2024-11-23T00:51:46.959+0000] {processor.py:925} INFO - DAG(s) 'example_external_task_marker_parent', 'example_external_task_marker_child' retrieved from /home/airflow/.local/lib/python3.12/site-packages/airflow/example_dags/example_external_task_marker_dag.py
[2024-11-23T00:51:46.978+0000] {logging_mixin.py:190} INFO - [2024-11-23T00:51:46.978+0000] {dag.py:3239} INFO - Sync 2 DAGs
[2024-11-23T00:51:46.992+0000] {logging_mixin.py:190} INFO - [2024-11-23T00:51:46.991+0000] {dag.py:4180} INFO - Setting next_dagrun for example_external_task_marker_child to None, run_after=None
[2024-11-23T00:51:46.995+0000] {logging_mixin.py:190} INFO - [2024-11-23T00:51:46.995+0000] {dag.py:4180} INFO - Setting next_dagrun for example_external_task_marker_parent to None, run_after=None
[2024-11-23T00:51:47.009+0000] {processor.py:208} INFO - Processing /home/airflow/.local/lib/python3.12/site-packages/airflow/example_dags/example_external_task_marker_dag.py took 0.064 seconds
[2024-11-23T00:52:17.456+0000] {processor.py:186} INFO - Started process (PID=428) to work on /home/airflow/.local/lib/python3.12/site-packages/airflow/example_dags/example_external_task_marker_dag.py
[2024-11-23T00:52:17.457+0000] {processor.py:914} INFO - Processing file /home/airflow/.local/lib/python3.12/site-packages/airflow/example_dags/example_external_task_marker_dag.py for tasks to queue
[2024-11-23T00:52:17.460+0000] {logging_mixin.py:190} INFO - [2024-11-23T00:52:17.459+0000] {dagbag.py:588} INFO - Filling up the DagBag from /home/airflow/.local/lib/python3.12/site-packages/airflow/example_dags/example_external_task_marker_dag.py
[2024-11-23T00:52:17.466+0000] {processor.py:925} INFO - DAG(s) 'example_external_task_marker_child', 'example_external_task_marker_parent' retrieved from /home/airflow/.local/lib/python3.12/site-packages/airflow/example_dags/example_external_task_marker_dag.py
[2024-11-23T00:52:17.485+0000] {logging_mixin.py:190} INFO - [2024-11-23T00:52:17.485+0000] {dag.py:3239} INFO - Sync 2 DAGs
[2024-11-23T00:52:17.497+0000] {logging_mixin.py:190} INFO - [2024-11-23T00:52:17.497+0000] {dag.py:4180} INFO - Setting next_dagrun for example_external_task_marker_child to None, run_after=None
[2024-11-23T00:52:17.500+0000] {logging_mixin.py:190} INFO - [2024-11-23T00:52:17.500+0000] {dag.py:4180} INFO - Setting next_dagrun for example_external_task_marker_parent to None, run_after=None
[2024-11-23T00:52:17.512+0000] {processor.py:208} INFO - Processing /home/airflow/.local/lib/python3.12/site-packages/airflow/example_dags/example_external_task_marker_dag.py took 0.061 seconds
[2024-11-23T00:52:48.291+0000] {processor.py:186} INFO - Started process (PID=491) to work on /home/airflow/.local/lib/python3.12/site-packages/airflow/example_dags/example_external_task_marker_dag.py
[2024-11-23T00:52:48.291+0000] {processor.py:914} INFO - Processing file /home/airflow/.local/lib/python3.12/site-packages/airflow/example_dags/example_external_task_marker_dag.py for tasks to queue
[2024-11-23T00:52:48.294+0000] {logging_mixin.py:190} INFO - [2024-11-23T00:52:48.294+0000] {dagbag.py:588} INFO - Filling up the DagBag from /home/airflow/.local/lib/python3.12/site-packages/airflow/example_dags/example_external_task_marker_dag.py
[2024-11-23T00:52:48.301+0000] {processor.py:925} INFO - DAG(s) 'example_external_task_marker_child', 'example_external_task_marker_parent' retrieved from /home/airflow/.local/lib/python3.12/site-packages/airflow/example_dags/example_external_task_marker_dag.py
[2024-11-23T00:52:48.323+0000] {logging_mixin.py:190} INFO - [2024-11-23T00:52:48.322+0000] {dag.py:3239} INFO - Sync 2 DAGs
[2024-11-23T00:52:48.336+0000] {logging_mixin.py:190} INFO - [2024-11-23T00:52:48.336+0000] {dag.py:4180} INFO - Setting next_dagrun for example_external_task_marker_child to None, run_after=None
[2024-11-23T00:52:48.340+0000] {logging_mixin.py:190} INFO - [2024-11-23T00:52:48.340+0000] {dag.py:4180} INFO - Setting next_dagrun for example_external_task_marker_parent to None, run_after=None
[2024-11-23T00:52:48.356+0000] {processor.py:208} INFO - Processing /home/airflow/.local/lib/python3.12/site-packages/airflow/example_dags/example_external_task_marker_dag.py took 0.071 seconds
[2024-11-23T00:53:18.448+0000] {processor.py:186} INFO - Started process (PID=554) to work on /home/airflow/.local/lib/python3.12/site-packages/airflow/example_dags/example_external_task_marker_dag.py
[2024-11-23T00:53:18.449+0000] {processor.py:914} INFO - Processing file /home/airflow/.local/lib/python3.12/site-packages/airflow/example_dags/example_external_task_marker_dag.py for tasks to queue
[2024-11-23T00:53:18.452+0000] {logging_mixin.py:190} INFO - [2024-11-23T00:53:18.451+0000] {dagbag.py:588} INFO - Filling up the DagBag from /home/airflow/.local/lib/python3.12/site-packages/airflow/example_dags/example_external_task_marker_dag.py
[2024-11-23T00:53:18.460+0000] {processor.py:925} INFO - DAG(s) 'example_external_task_marker_parent', 'example_external_task_marker_child' retrieved from /home/airflow/.local/lib/python3.12/site-packages/airflow/example_dags/example_external_task_marker_dag.py
[2024-11-23T00:53:18.480+0000] {logging_mixin.py:190} INFO - [2024-11-23T00:53:18.480+0000] {dag.py:3239} INFO - Sync 2 DAGs
[2024-11-23T00:53:18.493+0000] {logging_mixin.py:190} INFO - [2024-11-23T00:53:18.493+0000] {dag.py:4180} INFO - Setting next_dagrun for example_external_task_marker_child to None, run_after=None
[2024-11-23T00:53:18.496+0000] {logging_mixin.py:190} INFO - [2024-11-23T00:53:18.496+0000] {dag.py:4180} INFO - Setting next_dagrun for example_external_task_marker_parent to None, run_after=None
[2024-11-23T00:53:18.509+0000] {processor.py:208} INFO - Processing /home/airflow/.local/lib/python3.12/site-packages/airflow/example_dags/example_external_task_marker_dag.py took 0.066 seconds
[2024-11-23T00:53:48.693+0000] {processor.py:186} INFO - Started process (PID=617) to work on /home/airflow/.local/lib/python3.12/site-packages/airflow/example_dags/example_external_task_marker_dag.py
[2024-11-23T00:53:48.694+0000] {processor.py:914} INFO - Processing file /home/airflow/.local/lib/python3.12/site-packages/airflow/example_dags/example_external_task_marker_dag.py for tasks to queue
[2024-11-23T00:53:48.698+0000] {logging_mixin.py:190} INFO - [2024-11-23T00:53:48.697+0000] {dagbag.py:588} INFO - Filling up the DagBag from /home/airflow/.local/lib/python3.12/site-packages/airflow/example_dags/example_external_task_marker_dag.py
[2024-11-23T00:53:48.799+0000] {processor.py:925} INFO - DAG(s) 'example_external_task_marker_parent', 'example_external_task_marker_child' retrieved from /home/airflow/.local/lib/python3.12/site-packages/airflow/example_dags/example_external_task_marker_dag.py
