[2024-11-23T00:49:17.261+0000] {processor.py:186} INFO - Started process (PID=62) to work on /home/airflow/.local/lib/python3.12/site-packages/airflow/example_dags/example_short_circuit_decorator.py
[2024-11-23T00:49:17.262+0000] {processor.py:914} INFO - Processing file /home/airflow/.local/lib/python3.12/site-packages/airflow/example_dags/example_short_circuit_decorator.py for tasks to queue
[2024-11-23T00:49:17.264+0000] {logging_mixin.py:190} INFO - [2024-11-23T00:49:17.263+0000] {dagbag.py:588} INFO - Filling up the DagBag from /home/airflow/.local/lib/python3.12/site-packages/airflow/example_dags/example_short_circuit_decorator.py
[2024-11-23T00:49:17.274+0000] {processor.py:925} INFO - DAG(s) 'example_short_circuit_decorator' retrieved from /home/airflow/.local/lib/python3.12/site-packages/airflow/example_dags/example_short_circuit_decorator.py
[2024-11-23T00:49:17.372+0000] {logging_mixin.py:190} INFO - [2024-11-23T00:49:17.371+0000] {override.py:1911} INFO - Created Permission View: can delete on DAG:example_short_circuit_decorator
[2024-11-23T00:49:17.382+0000] {logging_mixin.py:190} INFO - [2024-11-23T00:49:17.381+0000] {override.py:1911} INFO - Created Permission View: can read on DAG:example_short_circuit_decorator
[2024-11-23T00:49:17.389+0000] {logging_mixin.py:190} INFO - [2024-11-23T00:49:17.389+0000] {override.py:1911} INFO - Created Permission View: can edit on DAG:example_short_circuit_decorator
[2024-11-23T00:49:17.395+0000] {logging_mixin.py:190} INFO - [2024-11-23T00:49:17.395+0000] {override.py:1911} INFO - Created Permission View: can create on DAG Run:example_short_circuit_decorator
[2024-11-23T00:49:17.401+0000] {logging_mixin.py:190} INFO - [2024-11-23T00:49:17.401+0000] {override.py:1911} INFO - Created Permission View: can delete on DAG Run:example_short_circuit_decorator
[2024-11-23T00:49:17.407+0000] {logging_mixin.py:190} INFO - [2024-11-23T00:49:17.406+0000] {override.py:1911} INFO - Created Permission View: can read on DAG Run:example_short_circuit_decorator
[2024-11-23T00:49:17.413+0000] {logging_mixin.py:190} INFO - [2024-11-23T00:49:17.412+0000] {override.py:1911} INFO - Created Permission View: menu access on DAG Run:example_short_circuit_decorator
[2024-11-23T00:49:17.413+0000] {logging_mixin.py:190} INFO - [2024-11-23T00:49:17.413+0000] {dag.py:3239} INFO - Sync 1 DAGs
[2024-11-23T00:49:17.424+0000] {logging_mixin.py:190} INFO - [2024-11-23T00:49:17.423+0000] {dag.py:3262} INFO - Creating ORM DAG for example_short_circuit_decorator
[2024-11-23T00:49:17.424+0000] {logging_mixin.py:190} INFO - [2024-11-23T00:49:17.424+0000] {dag.py:4180} INFO - Setting next_dagrun for example_short_circuit_decorator to None, run_after=None
[2024-11-23T00:49:17.438+0000] {processor.py:208} INFO - Processing /home/airflow/.local/lib/python3.12/site-packages/airflow/example_dags/example_short_circuit_decorator.py took 0.183 seconds
[2024-11-23T00:49:47.484+0000] {processor.py:186} INFO - Started process (PID=124) to work on /home/airflow/.local/lib/python3.12/site-packages/airflow/example_dags/example_short_circuit_decorator.py
[2024-11-23T00:49:47.485+0000] {processor.py:914} INFO - Processing file /home/airflow/.local/lib/python3.12/site-packages/airflow/example_dags/example_short_circuit_decorator.py for tasks to queue
[2024-11-23T00:49:47.487+0000] {logging_mixin.py:190} INFO - [2024-11-23T00:49:47.487+0000] {dagbag.py:588} INFO - Filling up the DagBag from /home/airflow/.local/lib/python3.12/site-packages/airflow/example_dags/example_short_circuit_decorator.py
[2024-11-23T00:49:47.496+0000] {processor.py:925} INFO - DAG(s) 'example_short_circuit_decorator' retrieved from /home/airflow/.local/lib/python3.12/site-packages/airflow/example_dags/example_short_circuit_decorator.py
[2024-11-23T00:49:47.519+0000] {logging_mixin.py:190} INFO - [2024-11-23T00:49:47.519+0000] {dag.py:3239} INFO - Sync 1 DAGs
[2024-11-23T00:49:47.531+0000] {logging_mixin.py:190} INFO - [2024-11-23T00:49:47.531+0000] {dag.py:4180} INFO - Setting next_dagrun for example_short_circuit_decorator to None, run_after=None
[2024-11-23T00:49:47.551+0000] {processor.py:208} INFO - Processing /home/airflow/.local/lib/python3.12/site-packages/airflow/example_dags/example_short_circuit_decorator.py took 0.073 seconds
[2024-11-23T00:50:17.663+0000] {processor.py:186} INFO - Started process (PID=187) to work on /home/airflow/.local/lib/python3.12/site-packages/airflow/example_dags/example_short_circuit_decorator.py
[2024-11-23T00:50:17.664+0000] {processor.py:914} INFO - Processing file /home/airflow/.local/lib/python3.12/site-packages/airflow/example_dags/example_short_circuit_decorator.py for tasks to queue
[2024-11-23T00:50:17.666+0000] {logging_mixin.py:190} INFO - [2024-11-23T00:50:17.666+0000] {dagbag.py:588} INFO - Filling up the DagBag from /home/airflow/.local/lib/python3.12/site-packages/airflow/example_dags/example_short_circuit_decorator.py
[2024-11-23T00:50:17.674+0000] {processor.py:925} INFO - DAG(s) 'example_short_circuit_decorator' retrieved from /home/airflow/.local/lib/python3.12/site-packages/airflow/example_dags/example_short_circuit_decorator.py
[2024-11-23T00:50:17.693+0000] {logging_mixin.py:190} INFO - [2024-11-23T00:50:17.693+0000] {dag.py:3239} INFO - Sync 1 DAGs
[2024-11-23T00:50:17.705+0000] {logging_mixin.py:190} INFO - [2024-11-23T00:50:17.705+0000] {dag.py:4180} INFO - Setting next_dagrun for example_short_circuit_decorator to None, run_after=None
[2024-11-23T00:50:17.718+0000] {processor.py:208} INFO - Processing /home/airflow/.local/lib/python3.12/site-packages/airflow/example_dags/example_short_circuit_decorator.py took 0.060 seconds
[2024-11-23T00:50:47.799+0000] {processor.py:186} INFO - Started process (PID=250) to work on /home/airflow/.local/lib/python3.12/site-packages/airflow/example_dags/example_short_circuit_decorator.py
[2024-11-23T00:50:47.800+0000] {processor.py:914} INFO - Processing file /home/airflow/.local/lib/python3.12/site-packages/airflow/example_dags/example_short_circuit_decorator.py for tasks to queue
[2024-11-23T00:50:47.801+0000] {logging_mixin.py:190} INFO - [2024-11-23T00:50:47.801+0000] {dagbag.py:588} INFO - Filling up the DagBag from /home/airflow/.local/lib/python3.12/site-packages/airflow/example_dags/example_short_circuit_decorator.py
[2024-11-23T00:50:47.809+0000] {processor.py:925} INFO - DAG(s) 'example_short_circuit_decorator' retrieved from /home/airflow/.local/lib/python3.12/site-packages/airflow/example_dags/example_short_circuit_decorator.py
[2024-11-23T00:50:47.828+0000] {logging_mixin.py:190} INFO - [2024-11-23T00:50:47.828+0000] {dag.py:3239} INFO - Sync 1 DAGs
[2024-11-23T00:50:47.840+0000] {logging_mixin.py:190} INFO - [2024-11-23T00:50:47.840+0000] {dag.py:4180} INFO - Setting next_dagrun for example_short_circuit_decorator to None, run_after=None
[2024-11-23T00:50:47.856+0000] {processor.py:208} INFO - Processing /home/airflow/.local/lib/python3.12/site-packages/airflow/example_dags/example_short_circuit_decorator.py took 0.062 seconds
[2024-11-23T00:51:18.380+0000] {processor.py:186} INFO - Started process (PID=319) to work on /home/airflow/.local/lib/python3.12/site-packages/airflow/example_dags/example_short_circuit_decorator.py
[2024-11-23T00:51:18.381+0000] {processor.py:914} INFO - Processing file /home/airflow/.local/lib/python3.12/site-packages/airflow/example_dags/example_short_circuit_decorator.py for tasks to queue
[2024-11-23T00:51:18.383+0000] {logging_mixin.py:190} INFO - [2024-11-23T00:51:18.383+0000] {dagbag.py:588} INFO - Filling up the DagBag from /home/airflow/.local/lib/python3.12/site-packages/airflow/example_dags/example_short_circuit_decorator.py
[2024-11-23T00:51:18.393+0000] {processor.py:925} INFO - DAG(s) 'example_short_circuit_decorator' retrieved from /home/airflow/.local/lib/python3.12/site-packages/airflow/example_dags/example_short_circuit_decorator.py
[2024-11-23T00:51:18.413+0000] {logging_mixin.py:190} INFO - [2024-11-23T00:51:18.412+0000] {dag.py:3239} INFO - Sync 1 DAGs
[2024-11-23T00:51:18.425+0000] {logging_mixin.py:190} INFO - [2024-11-23T00:51:18.425+0000] {dag.py:4180} INFO - Setting next_dagrun for example_short_circuit_decorator to None, run_after=None
[2024-11-23T00:51:18.442+0000] {processor.py:208} INFO - Processing /home/airflow/.local/lib/python3.12/site-packages/airflow/example_dags/example_short_circuit_decorator.py took 0.067 seconds
[2024-11-23T00:51:48.591+0000] {processor.py:186} INFO - Started process (PID=376) to work on /home/airflow/.local/lib/python3.12/site-packages/airflow/example_dags/example_short_circuit_decorator.py
[2024-11-23T00:51:48.592+0000] {processor.py:914} INFO - Processing file /home/airflow/.local/lib/python3.12/site-packages/airflow/example_dags/example_short_circuit_decorator.py for tasks to queue
[2024-11-23T00:51:48.594+0000] {logging_mixin.py:190} INFO - [2024-11-23T00:51:48.593+0000] {dagbag.py:588} INFO - Filling up the DagBag from /home/airflow/.local/lib/python3.12/site-packages/airflow/example_dags/example_short_circuit_decorator.py
[2024-11-23T00:51:48.602+0000] {processor.py:925} INFO - DAG(s) 'example_short_circuit_decorator' retrieved from /home/airflow/.local/lib/python3.12/site-packages/airflow/example_dags/example_short_circuit_decorator.py
[2024-11-23T00:51:48.621+0000] {logging_mixin.py:190} INFO - [2024-11-23T00:51:48.621+0000] {dag.py:3239} INFO - Sync 1 DAGs
[2024-11-23T00:51:48.634+0000] {logging_mixin.py:190} INFO - [2024-11-23T00:51:48.633+0000] {dag.py:4180} INFO - Setting next_dagrun for example_short_circuit_decorator to None, run_after=None
[2024-11-23T00:51:48.649+0000] {processor.py:208} INFO - Processing /home/airflow/.local/lib/python3.12/site-packages/airflow/example_dags/example_short_circuit_decorator.py took 0.063 seconds
[2024-11-23T00:52:19.048+0000] {processor.py:186} INFO - Started process (PID=439) to work on /home/airflow/.local/lib/python3.12/site-packages/airflow/example_dags/example_short_circuit_decorator.py
[2024-11-23T00:52:19.048+0000] {processor.py:914} INFO - Processing file /home/airflow/.local/lib/python3.12/site-packages/airflow/example_dags/example_short_circuit_decorator.py for tasks to queue
[2024-11-23T00:52:19.050+0000] {logging_mixin.py:190} INFO - [2024-11-23T00:52:19.050+0000] {dagbag.py:588} INFO - Filling up the DagBag from /home/airflow/.local/lib/python3.12/site-packages/airflow/example_dags/example_short_circuit_decorator.py
[2024-11-23T00:52:19.058+0000] {processor.py:925} INFO - DAG(s) 'example_short_circuit_decorator' retrieved from /home/airflow/.local/lib/python3.12/site-packages/airflow/example_dags/example_short_circuit_decorator.py
[2024-11-23T00:52:19.078+0000] {logging_mixin.py:190} INFO - [2024-11-23T00:52:19.077+0000] {dag.py:3239} INFO - Sync 1 DAGs
[2024-11-23T00:52:19.089+0000] {logging_mixin.py:190} INFO - [2024-11-23T00:52:19.088+0000] {dag.py:4180} INFO - Setting next_dagrun for example_short_circuit_decorator to None, run_after=None
[2024-11-23T00:52:19.104+0000] {processor.py:208} INFO - Processing /home/airflow/.local/lib/python3.12/site-packages/airflow/example_dags/example_short_circuit_decorator.py took 0.061 seconds
[2024-11-23T00:52:49.882+0000] {processor.py:186} INFO - Started process (PID=508) to work on /home/airflow/.local/lib/python3.12/site-packages/airflow/example_dags/example_short_circuit_decorator.py
[2024-11-23T00:52:49.883+0000] {processor.py:914} INFO - Processing file /home/airflow/.local/lib/python3.12/site-packages/airflow/example_dags/example_short_circuit_decorator.py for tasks to queue
[2024-11-23T00:52:49.884+0000] {logging_mixin.py:190} INFO - [2024-11-23T00:52:49.884+0000] {dagbag.py:588} INFO - Filling up the DagBag from /home/airflow/.local/lib/python3.12/site-packages/airflow/example_dags/example_short_circuit_decorator.py
[2024-11-23T00:52:49.892+0000] {processor.py:925} INFO - DAG(s) 'example_short_circuit_decorator' retrieved from /home/airflow/.local/lib/python3.12/site-packages/airflow/example_dags/example_short_circuit_decorator.py
[2024-11-23T00:52:49.913+0000] {logging_mixin.py:190} INFO - [2024-11-23T00:52:49.913+0000] {dag.py:3239} INFO - Sync 1 DAGs
[2024-11-23T00:52:49.925+0000] {logging_mixin.py:190} INFO - [2024-11-23T00:52:49.924+0000] {dag.py:4180} INFO - Setting next_dagrun for example_short_circuit_decorator to None, run_after=None
[2024-11-23T00:52:49.939+0000] {processor.py:208} INFO - Processing /home/airflow/.local/lib/python3.12/site-packages/airflow/example_dags/example_short_circuit_decorator.py took 0.062 seconds
[2024-11-23T00:53:20.175+0000] {processor.py:186} INFO - Started process (PID=571) to work on /home/airflow/.local/lib/python3.12/site-packages/airflow/example_dags/example_short_circuit_decorator.py
[2024-11-23T00:53:20.176+0000] {processor.py:914} INFO - Processing file /home/airflow/.local/lib/python3.12/site-packages/airflow/example_dags/example_short_circuit_decorator.py for tasks to queue
[2024-11-23T00:53:20.178+0000] {logging_mixin.py:190} INFO - [2024-11-23T00:53:20.178+0000] {dagbag.py:588} INFO - Filling up the DagBag from /home/airflow/.local/lib/python3.12/site-packages/airflow/example_dags/example_short_circuit_decorator.py
[2024-11-23T00:53:20.186+0000] {processor.py:925} INFO - DAG(s) 'example_short_circuit_decorator' retrieved from /home/airflow/.local/lib/python3.12/site-packages/airflow/example_dags/example_short_circuit_decorator.py
[2024-11-23T00:53:20.207+0000] {logging_mixin.py:190} INFO - [2024-11-23T00:53:20.207+0000] {dag.py:3239} INFO - Sync 1 DAGs
[2024-11-23T00:53:20.220+0000] {logging_mixin.py:190} INFO - [2024-11-23T00:53:20.220+0000] {dag.py:4180} INFO - Setting next_dagrun for example_short_circuit_decorator to None, run_after=None
[2024-11-23T00:53:20.237+0000] {processor.py:208} INFO - Processing /home/airflow/.local/lib/python3.12/site-packages/airflow/example_dags/example_short_circuit_decorator.py took 0.067 seconds
