[2024-11-23T00:49:19.729+0000] {processor.py:186} INFO - Started process (PID=86) to work on /home/airflow/.local/lib/python3.12/site-packages/airflow/example_dags/example_branch_datetime_operator.py
[2024-11-23T00:49:19.730+0000] {processor.py:914} INFO - Processing file /home/airflow/.local/lib/python3.12/site-packages/airflow/example_dags/example_branch_datetime_operator.py for tasks to queue
[2024-11-23T00:49:19.732+0000] {logging_mixin.py:190} INFO - [2024-11-23T00:49:19.732+0000] {dagbag.py:588} INFO - Filling up the DagBag from /home/airflow/.local/lib/python3.12/site-packages/airflow/example_dags/example_branch_datetime_operator.py
[2024-11-23T00:49:19.744+0000] {processor.py:925} INFO - DAG(s) 'example_branch_datetime_operator', 'example_branch_datetime_operator_2', 'example_branch_datetime_operator_3' retrieved from /home/airflow/.local/lib/python3.12/site-packages/airflow/example_dags/example_branch_datetime_operator.py
[2024-11-23T00:49:19.834+0000] {logging_mixin.py:190} INFO - [2024-11-23T00:49:19.833+0000] {override.py:1911} INFO - Created Permission View: can delete on DAG:example_branch_datetime_operator
[2024-11-23T00:49:19.843+0000] {logging_mixin.py:190} INFO - [2024-11-23T00:49:19.843+0000] {override.py:1911} INFO - Created Permission View: can read on DAG:example_branch_datetime_operator
[2024-11-23T00:49:19.850+0000] {logging_mixin.py:190} INFO - [2024-11-23T00:49:19.850+0000] {override.py:1911} INFO - Created Permission View: can edit on DAG:example_branch_datetime_operator
[2024-11-23T00:49:19.857+0000] {logging_mixin.py:190} INFO - [2024-11-23T00:49:19.856+0000] {override.py:1911} INFO - Created Permission View: can create on DAG Run:example_branch_datetime_operator
[2024-11-23T00:49:19.863+0000] {logging_mixin.py:190} INFO - [2024-11-23T00:49:19.863+0000] {override.py:1911} INFO - Created Permission View: can delete on DAG Run:example_branch_datetime_operator
[2024-11-23T00:49:19.869+0000] {logging_mixin.py:190} INFO - [2024-11-23T00:49:19.869+0000] {override.py:1911} INFO - Created Permission View: can read on DAG Run:example_branch_datetime_operator
[2024-11-23T00:49:19.875+0000] {logging_mixin.py:190} INFO - [2024-11-23T00:49:19.875+0000] {override.py:1911} INFO - Created Permission View: menu access on DAG Run:example_branch_datetime_operator
[2024-11-23T00:49:19.885+0000] {logging_mixin.py:190} INFO - [2024-11-23T00:49:19.885+0000] {override.py:1911} INFO - Created Permission View: can delete on DAG:example_branch_datetime_operator_2
[2024-11-23T00:49:19.891+0000] {logging_mixin.py:190} INFO - [2024-11-23T00:49:19.891+0000] {override.py:1911} INFO - Created Permission View: can read on DAG:example_branch_datetime_operator_2
[2024-11-23T00:49:19.898+0000] {logging_mixin.py:190} INFO - [2024-11-23T00:49:19.898+0000] {override.py:1911} INFO - Created Permission View: can edit on DAG:example_branch_datetime_operator_2
[2024-11-23T00:49:19.905+0000] {logging_mixin.py:190} INFO - [2024-11-23T00:49:19.904+0000] {override.py:1911} INFO - Created Permission View: can create on DAG Run:example_branch_datetime_operator_2
[2024-11-23T00:49:19.911+0000] {logging_mixin.py:190} INFO - [2024-11-23T00:49:19.911+0000] {override.py:1911} INFO - Created Permission View: can delete on DAG Run:example_branch_datetime_operator_2
[2024-11-23T00:49:19.917+0000] {logging_mixin.py:190} INFO - [2024-11-23T00:49:19.917+0000] {override.py:1911} INFO - Created Permission View: can read on DAG Run:example_branch_datetime_operator_2
[2024-11-23T00:49:19.923+0000] {logging_mixin.py:190} INFO - [2024-11-23T00:49:19.922+0000] {override.py:1911} INFO - Created Permission View: menu access on DAG Run:example_branch_datetime_operator_2
[2024-11-23T00:49:19.934+0000] {logging_mixin.py:190} INFO - [2024-11-23T00:49:19.933+0000] {override.py:1911} INFO - Created Permission View: can delete on DAG:example_branch_datetime_operator_3
[2024-11-23T00:49:19.939+0000] {logging_mixin.py:190} INFO - [2024-11-23T00:49:19.939+0000] {override.py:1911} INFO - Created Permission View: can read on DAG:example_branch_datetime_operator_3
[2024-11-23T00:49:19.945+0000] {logging_mixin.py:190} INFO - [2024-11-23T00:49:19.944+0000] {override.py:1911} INFO - Created Permission View: can edit on DAG:example_branch_datetime_operator_3
[2024-11-23T00:49:19.950+0000] {logging_mixin.py:190} INFO - [2024-11-23T00:49:19.950+0000] {override.py:1911} INFO - Created Permission View: can create on DAG Run:example_branch_datetime_operator_3
[2024-11-23T00:49:19.956+0000] {logging_mixin.py:190} INFO - [2024-11-23T00:49:19.955+0000] {override.py:1911} INFO - Created Permission View: can delete on DAG Run:example_branch_datetime_operator_3
[2024-11-23T00:49:19.962+0000] {logging_mixin.py:190} INFO - [2024-11-23T00:49:19.961+0000] {override.py:1911} INFO - Created Permission View: can read on DAG Run:example_branch_datetime_operator_3
[2024-11-23T00:49:19.968+0000] {logging_mixin.py:190} INFO - [2024-11-23T00:49:19.968+0000] {override.py:1911} INFO - Created Permission View: menu access on DAG Run:example_branch_datetime_operator_3
[2024-11-23T00:49:19.968+0000] {logging_mixin.py:190} INFO - [2024-11-23T00:49:19.968+0000] {dag.py:3239} INFO - Sync 3 DAGs
[2024-11-23T00:49:19.981+0000] {logging_mixin.py:190} INFO - [2024-11-23T00:49:19.980+0000] {dag.py:3262} INFO - Creating ORM DAG for example_branch_datetime_operator
[2024-11-23T00:49:19.981+0000] {logging_mixin.py:190} INFO - [2024-11-23T00:49:19.981+0000] {dag.py:3262} INFO - Creating ORM DAG for example_branch_datetime_operator_3
[2024-11-23T00:49:19.982+0000] {logging_mixin.py:190} INFO - [2024-11-23T00:49:19.982+0000] {dag.py:3262} INFO - Creating ORM DAG for example_branch_datetime_operator_2
[2024-11-23T00:49:19.992+0000] {logging_mixin.py:190} INFO - [2024-11-23T00:49:19.992+0000] {dag.py:4180} INFO - Setting next_dagrun for example_branch_datetime_operator to 2024-11-22 00:00:00+00:00, run_after=2024-11-23 00:00:00+00:00
[2024-11-23T00:49:19.994+0000] {logging_mixin.py:190} INFO - [2024-11-23T00:49:19.993+0000] {dag.py:4180} INFO - Setting next_dagrun for example_branch_datetime_operator_2 to 2024-11-22 00:00:00+00:00, run_after=2024-11-23 00:00:00+00:00
[2024-11-23T00:49:19.995+0000] {logging_mixin.py:190} INFO - [2024-11-23T00:49:19.995+0000] {dag.py:4180} INFO - Setting next_dagrun for example_branch_datetime_operator_3 to 2024-11-22 00:00:00+00:00, run_after=2024-11-23 00:00:00+00:00
[2024-11-23T00:49:20.013+0000] {processor.py:208} INFO - Processing /home/airflow/.local/lib/python3.12/site-packages/airflow/example_dags/example_branch_datetime_operator.py took 0.290 seconds
[2024-11-23T00:49:50.783+0000] {processor.py:186} INFO - Started process (PID=149) to work on /home/airflow/.local/lib/python3.12/site-packages/airflow/example_dags/example_branch_datetime_operator.py
[2024-11-23T00:49:50.784+0000] {processor.py:914} INFO - Processing file /home/airflow/.local/lib/python3.12/site-packages/airflow/example_dags/example_branch_datetime_operator.py for tasks to queue
[2024-11-23T00:49:50.786+0000] {logging_mixin.py:190} INFO - [2024-11-23T00:49:50.786+0000] {dagbag.py:588} INFO - Filling up the DagBag from /home/airflow/.local/lib/python3.12/site-packages/airflow/example_dags/example_branch_datetime_operator.py
[2024-11-23T00:49:50.799+0000] {processor.py:925} INFO - DAG(s) 'example_branch_datetime_operator_3', 'example_branch_datetime_operator_2', 'example_branch_datetime_operator' retrieved from /home/airflow/.local/lib/python3.12/site-packages/airflow/example_dags/example_branch_datetime_operator.py
[2024-11-23T00:49:50.828+0000] {logging_mixin.py:190} INFO - [2024-11-23T00:49:50.828+0000] {dag.py:3239} INFO - Sync 3 DAGs
[2024-11-23T00:49:50.851+0000] {logging_mixin.py:190} INFO - [2024-11-23T00:49:50.851+0000] {dag.py:4180} INFO - Setting next_dagrun for example_branch_datetime_operator to 2024-11-22 00:00:00+00:00, run_after=2024-11-23 00:00:00+00:00
[2024-11-23T00:49:50.855+0000] {logging_mixin.py:190} INFO - [2024-11-23T00:49:50.855+0000] {dag.py:4180} INFO - Setting next_dagrun for example_branch_datetime_operator_2 to 2024-11-22 00:00:00+00:00, run_after=2024-11-23 00:00:00+00:00
[2024-11-23T00:49:50.857+0000] {logging_mixin.py:190} INFO - [2024-11-23T00:49:50.857+0000] {dag.py:4180} INFO - Setting next_dagrun for example_branch_datetime_operator_3 to 2024-11-22 00:00:00+00:00, run_after=2024-11-23 00:00:00+00:00
[2024-11-23T00:49:50.873+0000] {processor.py:208} INFO - Processing /home/airflow/.local/lib/python3.12/site-packages/airflow/example_dags/example_branch_datetime_operator.py took 0.095 seconds
[2024-11-23T00:50:21.002+0000] {processor.py:186} INFO - Started process (PID=212) to work on /home/airflow/.local/lib/python3.12/site-packages/airflow/example_dags/example_branch_datetime_operator.py
[2024-11-23T00:50:21.003+0000] {processor.py:914} INFO - Processing file /home/airflow/.local/lib/python3.12/site-packages/airflow/example_dags/example_branch_datetime_operator.py for tasks to queue
[2024-11-23T00:50:21.005+0000] {logging_mixin.py:190} INFO - [2024-11-23T00:50:21.005+0000] {dagbag.py:588} INFO - Filling up the DagBag from /home/airflow/.local/lib/python3.12/site-packages/airflow/example_dags/example_branch_datetime_operator.py
[2024-11-23T00:50:21.015+0000] {processor.py:925} INFO - DAG(s) 'example_branch_datetime_operator_2', 'example_branch_datetime_operator_3', 'example_branch_datetime_operator' retrieved from /home/airflow/.local/lib/python3.12/site-packages/airflow/example_dags/example_branch_datetime_operator.py
[2024-11-23T00:50:21.040+0000] {logging_mixin.py:190} INFO - [2024-11-23T00:50:21.040+0000] {dag.py:3239} INFO - Sync 3 DAGs
[2024-11-23T00:50:21.061+0000] {logging_mixin.py:190} INFO - [2024-11-23T00:50:21.060+0000] {dag.py:4180} INFO - Setting next_dagrun for example_branch_datetime_operator to 2024-11-22 00:00:00+00:00, run_after=2024-11-23 00:00:00+00:00
[2024-11-23T00:50:21.065+0000] {logging_mixin.py:190} INFO - [2024-11-23T00:50:21.064+0000] {dag.py:4180} INFO - Setting next_dagrun for example_branch_datetime_operator_2 to 2024-11-22 00:00:00+00:00, run_after=2024-11-23 00:00:00+00:00
[2024-11-23T00:50:21.067+0000] {logging_mixin.py:190} INFO - [2024-11-23T00:50:21.066+0000] {dag.py:4180} INFO - Setting next_dagrun for example_branch_datetime_operator_3 to 2024-11-22 00:00:00+00:00, run_after=2024-11-23 00:00:00+00:00
[2024-11-23T00:50:21.080+0000] {processor.py:208} INFO - Processing /home/airflow/.local/lib/python3.12/site-packages/airflow/example_dags/example_branch_datetime_operator.py took 0.083 seconds
[2024-11-23T00:50:52.033+0000] {processor.py:186} INFO - Started process (PID=275) to work on /home/airflow/.local/lib/python3.12/site-packages/airflow/example_dags/example_branch_datetime_operator.py
[2024-11-23T00:50:52.034+0000] {processor.py:914} INFO - Processing file /home/airflow/.local/lib/python3.12/site-packages/airflow/example_dags/example_branch_datetime_operator.py for tasks to queue
[2024-11-23T00:50:52.036+0000] {logging_mixin.py:190} INFO - [2024-11-23T00:50:52.036+0000] {dagbag.py:588} INFO - Filling up the DagBag from /home/airflow/.local/lib/python3.12/site-packages/airflow/example_dags/example_branch_datetime_operator.py
[2024-11-23T00:50:52.047+0000] {processor.py:925} INFO - DAG(s) 'example_branch_datetime_operator_2', 'example_branch_datetime_operator_3', 'example_branch_datetime_operator' retrieved from /home/airflow/.local/lib/python3.12/site-packages/airflow/example_dags/example_branch_datetime_operator.py
[2024-11-23T00:50:52.069+0000] {logging_mixin.py:190} INFO - [2024-11-23T00:50:52.069+0000] {dag.py:3239} INFO - Sync 3 DAGs
[2024-11-23T00:50:52.091+0000] {logging_mixin.py:190} INFO - [2024-11-23T00:50:52.091+0000] {dag.py:4180} INFO - Setting next_dagrun for example_branch_datetime_operator to 2024-11-22 00:00:00+00:00, run_after=2024-11-23 00:00:00+00:00
[2024-11-23T00:50:52.096+0000] {logging_mixin.py:190} INFO - [2024-11-23T00:50:52.095+0000] {dag.py:4180} INFO - Setting next_dagrun for example_branch_datetime_operator_2 to 2024-11-22 00:00:00+00:00, run_after=2024-11-23 00:00:00+00:00
[2024-11-23T00:50:52.098+0000] {logging_mixin.py:190} INFO - [2024-11-23T00:50:52.097+0000] {dag.py:4180} INFO - Setting next_dagrun for example_branch_datetime_operator_3 to 2024-11-22 00:00:00+00:00, run_after=2024-11-23 00:00:00+00:00
[2024-11-23T00:50:52.111+0000] {processor.py:208} INFO - Processing /home/airflow/.local/lib/python3.12/site-packages/airflow/example_dags/example_branch_datetime_operator.py took 0.083 seconds
[2024-11-23T00:51:22.865+0000] {processor.py:186} INFO - Started process (PID=338) to work on /home/airflow/.local/lib/python3.12/site-packages/airflow/example_dags/example_branch_datetime_operator.py
[2024-11-23T00:51:22.866+0000] {processor.py:914} INFO - Processing file /home/airflow/.local/lib/python3.12/site-packages/airflow/example_dags/example_branch_datetime_operator.py for tasks to queue
[2024-11-23T00:51:22.867+0000] {logging_mixin.py:190} INFO - [2024-11-23T00:51:22.867+0000] {dagbag.py:588} INFO - Filling up the DagBag from /home/airflow/.local/lib/python3.12/site-packages/airflow/example_dags/example_branch_datetime_operator.py
[2024-11-23T00:51:22.877+0000] {processor.py:925} INFO - DAG(s) 'example_branch_datetime_operator', 'example_branch_datetime_operator_3', 'example_branch_datetime_operator_2' retrieved from /home/airflow/.local/lib/python3.12/site-packages/airflow/example_dags/example_branch_datetime_operator.py
[2024-11-23T00:51:22.902+0000] {logging_mixin.py:190} INFO - [2024-11-23T00:51:22.902+0000] {dag.py:3239} INFO - Sync 3 DAGs
[2024-11-23T00:51:22.926+0000] {logging_mixin.py:190} INFO - [2024-11-23T00:51:22.926+0000] {dag.py:4180} INFO - Setting next_dagrun for example_branch_datetime_operator to 2024-11-22 00:00:00+00:00, run_after=2024-11-23 00:00:00+00:00
[2024-11-23T00:51:22.930+0000] {logging_mixin.py:190} INFO - [2024-11-23T00:51:22.930+0000] {dag.py:4180} INFO - Setting next_dagrun for example_branch_datetime_operator_2 to 2024-11-22 00:00:00+00:00, run_after=2024-11-23 00:00:00+00:00
[2024-11-23T00:51:22.932+0000] {logging_mixin.py:190} INFO - [2024-11-23T00:51:22.932+0000] {dag.py:4180} INFO - Setting next_dagrun for example_branch_datetime_operator_3 to 2024-11-22 00:00:00+00:00, run_after=2024-11-23 00:00:00+00:00
[2024-11-23T00:51:22.945+0000] {processor.py:208} INFO - Processing /home/airflow/.local/lib/python3.12/site-packages/airflow/example_dags/example_branch_datetime_operator.py took 0.085 seconds
[2024-11-23T00:51:53.722+0000] {processor.py:186} INFO - Started process (PID=401) to work on /home/airflow/.local/lib/python3.12/site-packages/airflow/example_dags/example_branch_datetime_operator.py
[2024-11-23T00:51:53.722+0000] {processor.py:914} INFO - Processing file /home/airflow/.local/lib/python3.12/site-packages/airflow/example_dags/example_branch_datetime_operator.py for tasks to queue
[2024-11-23T00:51:53.724+0000] {logging_mixin.py:190} INFO - [2024-11-23T00:51:53.724+0000] {dagbag.py:588} INFO - Filling up the DagBag from /home/airflow/.local/lib/python3.12/site-packages/airflow/example_dags/example_branch_datetime_operator.py
[2024-11-23T00:51:53.734+0000] {processor.py:925} INFO - DAG(s) 'example_branch_datetime_operator', 'example_branch_datetime_operator_3', 'example_branch_datetime_operator_2' retrieved from /home/airflow/.local/lib/python3.12/site-packages/airflow/example_dags/example_branch_datetime_operator.py
[2024-11-23T00:51:53.756+0000] {logging_mixin.py:190} INFO - [2024-11-23T00:51:53.755+0000] {dag.py:3239} INFO - Sync 3 DAGs
[2024-11-23T00:51:53.774+0000] {logging_mixin.py:190} INFO - [2024-11-23T00:51:53.774+0000] {dag.py:4180} INFO - Setting next_dagrun for example_branch_datetime_operator to 2024-11-22 00:00:00+00:00, run_after=2024-11-23 00:00:00+00:00
[2024-11-23T00:51:53.778+0000] {logging_mixin.py:190} INFO - [2024-11-23T00:51:53.778+0000] {dag.py:4180} INFO - Setting next_dagrun for example_branch_datetime_operator_2 to 2024-11-22 00:00:00+00:00, run_after=2024-11-23 00:00:00+00:00
[2024-11-23T00:51:53.780+0000] {logging_mixin.py:190} INFO - [2024-11-23T00:51:53.780+0000] {dag.py:4180} INFO - Setting next_dagrun for example_branch_datetime_operator_3 to 2024-11-22 00:00:00+00:00, run_after=2024-11-23 00:00:00+00:00
[2024-11-23T00:51:53.793+0000] {processor.py:208} INFO - Processing /home/airflow/.local/lib/python3.12/site-packages/airflow/example_dags/example_branch_datetime_operator.py took 0.076 seconds
[2024-11-23T00:52:23.866+0000] {processor.py:186} INFO - Started process (PID=463) to work on /home/airflow/.local/lib/python3.12/site-packages/airflow/example_dags/example_branch_datetime_operator.py
[2024-11-23T00:52:23.866+0000] {processor.py:914} INFO - Processing file /home/airflow/.local/lib/python3.12/site-packages/airflow/example_dags/example_branch_datetime_operator.py for tasks to queue
[2024-11-23T00:52:23.868+0000] {logging_mixin.py:190} INFO - [2024-11-23T00:52:23.868+0000] {dagbag.py:588} INFO - Filling up the DagBag from /home/airflow/.local/lib/python3.12/site-packages/airflow/example_dags/example_branch_datetime_operator.py
[2024-11-23T00:52:23.877+0000] {processor.py:925} INFO - DAG(s) 'example_branch_datetime_operator_2', 'example_branch_datetime_operator', 'example_branch_datetime_operator_3' retrieved from /home/airflow/.local/lib/python3.12/site-packages/airflow/example_dags/example_branch_datetime_operator.py
[2024-11-23T00:52:23.899+0000] {logging_mixin.py:190} INFO - [2024-11-23T00:52:23.899+0000] {dag.py:3239} INFO - Sync 3 DAGs
[2024-11-23T00:52:23.921+0000] {logging_mixin.py:190} INFO - [2024-11-23T00:52:23.921+0000] {dag.py:4180} INFO - Setting next_dagrun for example_branch_datetime_operator to 2024-11-22 00:00:00+00:00, run_after=2024-11-23 00:00:00+00:00
[2024-11-23T00:52:23.925+0000] {logging_mixin.py:190} INFO - [2024-11-23T00:52:23.924+0000] {dag.py:4180} INFO - Setting next_dagrun for example_branch_datetime_operator_2 to 2024-11-22 00:00:00+00:00, run_after=2024-11-23 00:00:00+00:00
[2024-11-23T00:52:23.926+0000] {logging_mixin.py:190} INFO - [2024-11-23T00:52:23.926+0000] {dag.py:4180} INFO - Setting next_dagrun for example_branch_datetime_operator_3 to 2024-11-22 00:00:00+00:00, run_after=2024-11-23 00:00:00+00:00
[2024-11-23T00:52:23.940+0000] {processor.py:208} INFO - Processing /home/airflow/.local/lib/python3.12/site-packages/airflow/example_dags/example_branch_datetime_operator.py took 0.079 seconds
[2024-11-23T00:52:54.778+0000] {processor.py:186} INFO - Started process (PID=526) to work on /home/airflow/.local/lib/python3.12/site-packages/airflow/example_dags/example_branch_datetime_operator.py
[2024-11-23T00:52:54.779+0000] {processor.py:914} INFO - Processing file /home/airflow/.local/lib/python3.12/site-packages/airflow/example_dags/example_branch_datetime_operator.py for tasks to queue
[2024-11-23T00:52:54.781+0000] {logging_mixin.py:190} INFO - [2024-11-23T00:52:54.780+0000] {dagbag.py:588} INFO - Filling up the DagBag from /home/airflow/.local/lib/python3.12/site-packages/airflow/example_dags/example_branch_datetime_operator.py
[2024-11-23T00:52:54.791+0000] {processor.py:925} INFO - DAG(s) 'example_branch_datetime_operator_2', 'example_branch_datetime_operator_3', 'example_branch_datetime_operator' retrieved from /home/airflow/.local/lib/python3.12/site-packages/airflow/example_dags/example_branch_datetime_operator.py
[2024-11-23T00:52:54.813+0000] {logging_mixin.py:190} INFO - [2024-11-23T00:52:54.813+0000] {dag.py:3239} INFO - Sync 3 DAGs
[2024-11-23T00:52:54.832+0000] {logging_mixin.py:190} INFO - [2024-11-23T00:52:54.832+0000] {dag.py:4180} INFO - Setting next_dagrun for example_branch_datetime_operator to 2024-11-22 00:00:00+00:00, run_after=2024-11-23 00:00:00+00:00
[2024-11-23T00:52:54.836+0000] {logging_mixin.py:190} INFO - [2024-11-23T00:52:54.836+0000] {dag.py:4180} INFO - Setting next_dagrun for example_branch_datetime_operator_2 to 2024-11-22 00:00:00+00:00, run_after=2024-11-23 00:00:00+00:00
[2024-11-23T00:52:54.838+0000] {logging_mixin.py:190} INFO - [2024-11-23T00:52:54.838+0000] {dag.py:4180} INFO - Setting next_dagrun for example_branch_datetime_operator_3 to 2024-11-22 00:00:00+00:00, run_after=2024-11-23 00:00:00+00:00
[2024-11-23T00:52:54.851+0000] {processor.py:208} INFO - Processing /home/airflow/.local/lib/python3.12/site-packages/airflow/example_dags/example_branch_datetime_operator.py took 0.078 seconds
[2024-11-23T00:53:25.151+0000] {processor.py:186} INFO - Started process (PID=589) to work on /home/airflow/.local/lib/python3.12/site-packages/airflow/example_dags/example_branch_datetime_operator.py
[2024-11-23T00:53:25.152+0000] {processor.py:914} INFO - Processing file /home/airflow/.local/lib/python3.12/site-packages/airflow/example_dags/example_branch_datetime_operator.py for tasks to queue
[2024-11-23T00:53:25.154+0000] {logging_mixin.py:190} INFO - [2024-11-23T00:53:25.153+0000] {dagbag.py:588} INFO - Filling up the DagBag from /home/airflow/.local/lib/python3.12/site-packages/airflow/example_dags/example_branch_datetime_operator.py
[2024-11-23T00:53:25.163+0000] {processor.py:925} INFO - DAG(s) 'example_branch_datetime_operator_2', 'example_branch_datetime_operator', 'example_branch_datetime_operator_3' retrieved from /home/airflow/.local/lib/python3.12/site-packages/airflow/example_dags/example_branch_datetime_operator.py
[2024-11-23T00:53:25.186+0000] {logging_mixin.py:190} INFO - [2024-11-23T00:53:25.185+0000] {dag.py:3239} INFO - Sync 3 DAGs
[2024-11-23T00:53:25.207+0000] {logging_mixin.py:190} INFO - [2024-11-23T00:53:25.207+0000] {dag.py:4180} INFO - Setting next_dagrun for example_branch_datetime_operator to 2024-11-22 00:00:00+00:00, run_after=2024-11-23 00:00:00+00:00
[2024-11-23T00:53:25.211+0000] {logging_mixin.py:190} INFO - [2024-11-23T00:53:25.211+0000] {dag.py:4180} INFO - Setting next_dagrun for example_branch_datetime_operator_2 to 2024-11-22 00:00:00+00:00, run_after=2024-11-23 00:00:00+00:00
[2024-11-23T00:53:25.213+0000] {logging_mixin.py:190} INFO - [2024-11-23T00:53:25.213+0000] {dag.py:4180} INFO - Setting next_dagrun for example_branch_datetime_operator_3 to 2024-11-22 00:00:00+00:00, run_after=2024-11-23 00:00:00+00:00
[2024-11-23T00:53:25.226+0000] {processor.py:208} INFO - Processing /home/airflow/.local/lib/python3.12/site-packages/airflow/example_dags/example_branch_datetime_operator.py took 0.080 seconds
