[2024-11-23T00:49:15.685+0000] {processor.py:186} INFO - Started process (PID=53) to work on /home/airflow/.local/lib/python3.12/site-packages/airflow/example_dags/example_latest_only.py
[2024-11-23T00:49:15.686+0000] {processor.py:914} INFO - Processing file /home/airflow/.local/lib/python3.12/site-packages/airflow/example_dags/example_latest_only.py for tasks to queue
[2024-11-23T00:49:15.688+0000] {logging_mixin.py:190} INFO - [2024-11-23T00:49:15.688+0000] {dagbag.py:588} INFO - Filling up the DagBag from /home/airflow/.local/lib/python3.12/site-packages/airflow/example_dags/example_latest_only.py
[2024-11-23T00:49:15.698+0000] {processor.py:925} INFO - DAG(s) 'latest_only' retrieved from /home/airflow/.local/lib/python3.12/site-packages/airflow/example_dags/example_latest_only.py
[2024-11-23T00:49:15.789+0000] {logging_mixin.py:190} INFO - [2024-11-23T00:49:15.788+0000] {override.py:1911} INFO - Created Permission View: can delete on DAG:latest_only
[2024-11-23T00:49:15.797+0000] {logging_mixin.py:190} INFO - [2024-11-23T00:49:15.796+0000] {override.py:1911} INFO - Created Permission View: can read on DAG:latest_only
[2024-11-23T00:49:15.803+0000] {logging_mixin.py:190} INFO - [2024-11-23T00:49:15.802+0000] {override.py:1911} INFO - Created Permission View: can edit on DAG:latest_only
[2024-11-23T00:49:15.807+0000] {logging_mixin.py:190} INFO - [2024-11-23T00:49:15.807+0000] {override.py:1911} INFO - Created Permission View: can create on DAG Run:latest_only
[2024-11-23T00:49:15.812+0000] {logging_mixin.py:190} INFO - [2024-11-23T00:49:15.812+0000] {override.py:1911} INFO - Created Permission View: can delete on DAG Run:latest_only
[2024-11-23T00:49:15.818+0000] {logging_mixin.py:190} INFO - [2024-11-23T00:49:15.817+0000] {override.py:1911} INFO - Created Permission View: can read on DAG Run:latest_only
[2024-11-23T00:49:15.823+0000] {logging_mixin.py:190} INFO - [2024-11-23T00:49:15.822+0000] {override.py:1911} INFO - Created Permission View: menu access on DAG Run:latest_only
[2024-11-23T00:49:15.823+0000] {logging_mixin.py:190} INFO - [2024-11-23T00:49:15.823+0000] {dag.py:3239} INFO - Sync 1 DAGs
[2024-11-23T00:49:15.832+0000] {logging_mixin.py:190} INFO - [2024-11-23T00:49:15.832+0000] {dag.py:3262} INFO - Creating ORM DAG for latest_only
[2024-11-23T00:49:15.841+0000] {logging_mixin.py:190} INFO - [2024-11-23T00:49:15.841+0000] {dag.py:4180} INFO - Setting next_dagrun for latest_only to 2024-11-22 20:00:00+00:00, run_after=2024-11-23 00:00:00+00:00
[2024-11-23T00:49:15.855+0000] {processor.py:208} INFO - Processing /home/airflow/.local/lib/python3.12/site-packages/airflow/example_dags/example_latest_only.py took 0.176 seconds
[2024-11-23T00:49:45.993+0000] {processor.py:186} INFO - Started process (PID=116) to work on /home/airflow/.local/lib/python3.12/site-packages/airflow/example_dags/example_latest_only.py
[2024-11-23T00:49:45.994+0000] {processor.py:914} INFO - Processing file /home/airflow/.local/lib/python3.12/site-packages/airflow/example_dags/example_latest_only.py for tasks to queue
[2024-11-23T00:49:45.997+0000] {logging_mixin.py:190} INFO - [2024-11-23T00:49:45.996+0000] {dagbag.py:588} INFO - Filling up the DagBag from /home/airflow/.local/lib/python3.12/site-packages/airflow/example_dags/example_latest_only.py
[2024-11-23T00:49:46.004+0000] {processor.py:925} INFO - DAG(s) 'latest_only' retrieved from /home/airflow/.local/lib/python3.12/site-packages/airflow/example_dags/example_latest_only.py
[2024-11-23T00:49:46.027+0000] {logging_mixin.py:190} INFO - [2024-11-23T00:49:46.026+0000] {dag.py:3239} INFO - Sync 1 DAGs
[2024-11-23T00:49:46.047+0000] {logging_mixin.py:190} INFO - [2024-11-23T00:49:46.047+0000] {dag.py:4180} INFO - Setting next_dagrun for latest_only to 2024-11-22 20:00:00+00:00, run_after=2024-11-23 00:00:00+00:00
[2024-11-23T00:49:46.063+0000] {processor.py:208} INFO - Processing /home/airflow/.local/lib/python3.12/site-packages/airflow/example_dags/example_latest_only.py took 0.077 seconds
[2024-11-23T00:50:16.322+0000] {processor.py:186} INFO - Started process (PID=179) to work on /home/airflow/.local/lib/python3.12/site-packages/airflow/example_dags/example_latest_only.py
[2024-11-23T00:50:16.322+0000] {processor.py:914} INFO - Processing file /home/airflow/.local/lib/python3.12/site-packages/airflow/example_dags/example_latest_only.py for tasks to queue
[2024-11-23T00:50:16.324+0000] {logging_mixin.py:190} INFO - [2024-11-23T00:50:16.324+0000] {dagbag.py:588} INFO - Filling up the DagBag from /home/airflow/.local/lib/python3.12/site-packages/airflow/example_dags/example_latest_only.py
[2024-11-23T00:50:16.330+0000] {processor.py:925} INFO - DAG(s) 'latest_only' retrieved from /home/airflow/.local/lib/python3.12/site-packages/airflow/example_dags/example_latest_only.py
[2024-11-23T00:50:16.347+0000] {logging_mixin.py:190} INFO - [2024-11-23T00:50:16.346+0000] {dag.py:3239} INFO - Sync 1 DAGs
[2024-11-23T00:50:16.366+0000] {logging_mixin.py:190} INFO - [2024-11-23T00:50:16.366+0000] {dag.py:4180} INFO - Setting next_dagrun for latest_only to 2024-11-22 20:00:00+00:00, run_after=2024-11-23 00:00:00+00:00
[2024-11-23T00:50:16.379+0000] {processor.py:208} INFO - Processing /home/airflow/.local/lib/python3.12/site-packages/airflow/example_dags/example_latest_only.py took 0.063 seconds
[2024-11-23T00:50:46.433+0000] {processor.py:186} INFO - Started process (PID=242) to work on /home/airflow/.local/lib/python3.12/site-packages/airflow/example_dags/example_latest_only.py
[2024-11-23T00:50:46.434+0000] {processor.py:914} INFO - Processing file /home/airflow/.local/lib/python3.12/site-packages/airflow/example_dags/example_latest_only.py for tasks to queue
[2024-11-23T00:50:46.435+0000] {logging_mixin.py:190} INFO - [2024-11-23T00:50:46.435+0000] {dagbag.py:588} INFO - Filling up the DagBag from /home/airflow/.local/lib/python3.12/site-packages/airflow/example_dags/example_latest_only.py
[2024-11-23T00:50:46.442+0000] {processor.py:925} INFO - DAG(s) 'latest_only' retrieved from /home/airflow/.local/lib/python3.12/site-packages/airflow/example_dags/example_latest_only.py
[2024-11-23T00:50:46.457+0000] {logging_mixin.py:190} INFO - [2024-11-23T00:50:46.457+0000] {dag.py:3239} INFO - Sync 1 DAGs
[2024-11-23T00:50:46.479+0000] {logging_mixin.py:190} INFO - [2024-11-23T00:50:46.479+0000] {dag.py:4180} INFO - Setting next_dagrun for latest_only to 2024-11-22 20:00:00+00:00, run_after=2024-11-23 00:00:00+00:00
[2024-11-23T00:50:46.493+0000] {processor.py:208} INFO - Processing /home/airflow/.local/lib/python3.12/site-packages/airflow/example_dags/example_latest_only.py took 0.065 seconds
[2024-11-23T00:51:16.962+0000] {processor.py:186} INFO - Started process (PID=305) to work on /home/airflow/.local/lib/python3.12/site-packages/airflow/example_dags/example_latest_only.py
[2024-11-23T00:51:16.962+0000] {processor.py:914} INFO - Processing file /home/airflow/.local/lib/python3.12/site-packages/airflow/example_dags/example_latest_only.py for tasks to queue
[2024-11-23T00:51:16.965+0000] {logging_mixin.py:190} INFO - [2024-11-23T00:51:16.964+0000] {dagbag.py:588} INFO - Filling up the DagBag from /home/airflow/.local/lib/python3.12/site-packages/airflow/example_dags/example_latest_only.py
[2024-11-23T00:51:16.971+0000] {processor.py:925} INFO - DAG(s) 'latest_only' retrieved from /home/airflow/.local/lib/python3.12/site-packages/airflow/example_dags/example_latest_only.py
[2024-11-23T00:51:16.987+0000] {logging_mixin.py:190} INFO - [2024-11-23T00:51:16.987+0000] {dag.py:3239} INFO - Sync 1 DAGs
[2024-11-23T00:51:17.007+0000] {logging_mixin.py:190} INFO - [2024-11-23T00:51:17.007+0000] {dag.py:4180} INFO - Setting next_dagrun for latest_only to 2024-11-22 20:00:00+00:00, run_after=2024-11-23 00:00:00+00:00
[2024-11-23T00:51:17.022+0000] {processor.py:208} INFO - Processing /home/airflow/.local/lib/python3.12/site-packages/airflow/example_dags/example_latest_only.py took 0.066 seconds
[2024-11-23T00:51:47.167+0000] {processor.py:186} INFO - Started process (PID=368) to work on /home/airflow/.local/lib/python3.12/site-packages/airflow/example_dags/example_latest_only.py
[2024-11-23T00:51:47.168+0000] {processor.py:914} INFO - Processing file /home/airflow/.local/lib/python3.12/site-packages/airflow/example_dags/example_latest_only.py for tasks to queue
[2024-11-23T00:51:47.170+0000] {logging_mixin.py:190} INFO - [2024-11-23T00:51:47.170+0000] {dagbag.py:588} INFO - Filling up the DagBag from /home/airflow/.local/lib/python3.12/site-packages/airflow/example_dags/example_latest_only.py
[2024-11-23T00:51:47.177+0000] {processor.py:925} INFO - DAG(s) 'latest_only' retrieved from /home/airflow/.local/lib/python3.12/site-packages/airflow/example_dags/example_latest_only.py
[2024-11-23T00:51:47.193+0000] {logging_mixin.py:190} INFO - [2024-11-23T00:51:47.193+0000] {dag.py:3239} INFO - Sync 1 DAGs
[2024-11-23T00:51:47.213+0000] {logging_mixin.py:190} INFO - [2024-11-23T00:51:47.213+0000] {dag.py:4180} INFO - Setting next_dagrun for latest_only to 2024-11-22 20:00:00+00:00, run_after=2024-11-23 00:00:00+00:00
[2024-11-23T00:51:47.229+0000] {processor.py:208} INFO - Processing /home/airflow/.local/lib/python3.12/site-packages/airflow/example_dags/example_latest_only.py took 0.066 seconds
[2024-11-23T00:52:17.659+0000] {processor.py:186} INFO - Started process (PID=431) to work on /home/airflow/.local/lib/python3.12/site-packages/airflow/example_dags/example_latest_only.py
[2024-11-23T00:52:17.660+0000] {processor.py:914} INFO - Processing file /home/airflow/.local/lib/python3.12/site-packages/airflow/example_dags/example_latest_only.py for tasks to queue
[2024-11-23T00:52:17.663+0000] {logging_mixin.py:190} INFO - [2024-11-23T00:52:17.662+0000] {dagbag.py:588} INFO - Filling up the DagBag from /home/airflow/.local/lib/python3.12/site-packages/airflow/example_dags/example_latest_only.py
[2024-11-23T00:52:17.668+0000] {processor.py:925} INFO - DAG(s) 'latest_only' retrieved from /home/airflow/.local/lib/python3.12/site-packages/airflow/example_dags/example_latest_only.py
[2024-11-23T00:52:17.684+0000] {logging_mixin.py:190} INFO - [2024-11-23T00:52:17.684+0000] {dag.py:3239} INFO - Sync 1 DAGs
[2024-11-23T00:52:17.703+0000] {logging_mixin.py:190} INFO - [2024-11-23T00:52:17.703+0000] {dag.py:4180} INFO - Setting next_dagrun for latest_only to 2024-11-22 20:00:00+00:00, run_after=2024-11-23 00:00:00+00:00
[2024-11-23T00:52:17.717+0000] {processor.py:208} INFO - Processing /home/airflow/.local/lib/python3.12/site-packages/airflow/example_dags/example_latest_only.py took 0.063 seconds
[2024-11-23T00:52:48.482+0000] {processor.py:186} INFO - Started process (PID=494) to work on /home/airflow/.local/lib/python3.12/site-packages/airflow/example_dags/example_latest_only.py
[2024-11-23T00:52:48.483+0000] {processor.py:914} INFO - Processing file /home/airflow/.local/lib/python3.12/site-packages/airflow/example_dags/example_latest_only.py for tasks to queue
[2024-11-23T00:52:48.486+0000] {logging_mixin.py:190} INFO - [2024-11-23T00:52:48.486+0000] {dagbag.py:588} INFO - Filling up the DagBag from /home/airflow/.local/lib/python3.12/site-packages/airflow/example_dags/example_latest_only.py
[2024-11-23T00:52:48.492+0000] {processor.py:925} INFO - DAG(s) 'latest_only' retrieved from /home/airflow/.local/lib/python3.12/site-packages/airflow/example_dags/example_latest_only.py
[2024-11-23T00:52:48.509+0000] {logging_mixin.py:190} INFO - [2024-11-23T00:52:48.508+0000] {dag.py:3239} INFO - Sync 1 DAGs
[2024-11-23T00:52:48.529+0000] {logging_mixin.py:190} INFO - [2024-11-23T00:52:48.529+0000] {dag.py:4180} INFO - Setting next_dagrun for latest_only to 2024-11-22 20:00:00+00:00, run_after=2024-11-23 00:00:00+00:00
[2024-11-23T00:52:48.544+0000] {processor.py:208} INFO - Processing /home/airflow/.local/lib/python3.12/site-packages/airflow/example_dags/example_latest_only.py took 0.067 seconds
[2024-11-23T00:53:18.631+0000] {processor.py:186} INFO - Started process (PID=557) to work on /home/airflow/.local/lib/python3.12/site-packages/airflow/example_dags/example_latest_only.py
[2024-11-23T00:53:18.631+0000] {processor.py:914} INFO - Processing file /home/airflow/.local/lib/python3.12/site-packages/airflow/example_dags/example_latest_only.py for tasks to queue
[2024-11-23T00:53:18.634+0000] {logging_mixin.py:190} INFO - [2024-11-23T00:53:18.633+0000] {dagbag.py:588} INFO - Filling up the DagBag from /home/airflow/.local/lib/python3.12/site-packages/airflow/example_dags/example_latest_only.py
[2024-11-23T00:53:18.639+0000] {processor.py:925} INFO - DAG(s) 'latest_only' retrieved from /home/airflow/.local/lib/python3.12/site-packages/airflow/example_dags/example_latest_only.py
[2024-11-23T00:53:18.655+0000] {logging_mixin.py:190} INFO - [2024-11-23T00:53:18.654+0000] {dag.py:3239} INFO - Sync 1 DAGs
[2024-11-23T00:53:18.674+0000] {logging_mixin.py:190} INFO - [2024-11-23T00:53:18.674+0000] {dag.py:4180} INFO - Setting next_dagrun for latest_only to 2024-11-22 20:00:00+00:00, run_after=2024-11-23 00:00:00+00:00
[2024-11-23T00:53:18.687+0000] {processor.py:208} INFO - Processing /home/airflow/.local/lib/python3.12/site-packages/airflow/example_dags/example_latest_only.py took 0.062 seconds
