[2024-11-23T00:49:20.027+0000] {processor.py:186} INFO - Started process (PID=88) to work on /home/airflow/.local/lib/python3.12/site-packages/airflow/example_dags/example_display_name.py
[2024-11-23T00:49:20.028+0000] {processor.py:914} INFO - Processing file /home/airflow/.local/lib/python3.12/site-packages/airflow/example_dags/example_display_name.py for tasks to queue
[2024-11-23T00:49:20.030+0000] {logging_mixin.py:190} INFO - [2024-11-23T00:49:20.029+0000] {dagbag.py:588} INFO - Filling up the DagBag from /home/airflow/.local/lib/python3.12/site-packages/airflow/example_dags/example_display_name.py
[2024-11-23T00:49:20.037+0000] {processor.py:925} INFO - DAG(s) 'example_display_name' retrieved from /home/airflow/.local/lib/python3.12/site-packages/airflow/example_dags/example_display_name.py
[2024-11-23T00:49:20.124+0000] {logging_mixin.py:190} INFO - [2024-11-23T00:49:20.123+0000] {override.py:1911} INFO - Created Permission View: can delete on DAG:example_display_name
[2024-11-23T00:49:20.132+0000] {logging_mixin.py:190} INFO - [2024-11-23T00:49:20.132+0000] {override.py:1911} INFO - Created Permission View: can read on DAG:example_display_name
[2024-11-23T00:49:20.138+0000] {logging_mixin.py:190} INFO - [2024-11-23T00:49:20.138+0000] {override.py:1911} INFO - Created Permission View: can edit on DAG:example_display_name
[2024-11-23T00:49:20.144+0000] {logging_mixin.py:190} INFO - [2024-11-23T00:49:20.144+0000] {override.py:1911} INFO - Created Permission View: can create on DAG Run:example_display_name
[2024-11-23T00:49:20.150+0000] {logging_mixin.py:190} INFO - [2024-11-23T00:49:20.150+0000] {override.py:1911} INFO - Created Permission View: can delete on DAG Run:example_display_name
[2024-11-23T00:49:20.156+0000] {logging_mixin.py:190} INFO - [2024-11-23T00:49:20.155+0000] {override.py:1911} INFO - Created Permission View: can read on DAG Run:example_display_name
[2024-11-23T00:49:20.161+0000] {logging_mixin.py:190} INFO - [2024-11-23T00:49:20.161+0000] {override.py:1911} INFO - Created Permission View: menu access on DAG Run:example_display_name
[2024-11-23T00:49:20.162+0000] {logging_mixin.py:190} INFO - [2024-11-23T00:49:20.161+0000] {dag.py:3239} INFO - Sync 1 DAGs
[2024-11-23T00:49:20.172+0000] {logging_mixin.py:190} INFO - [2024-11-23T00:49:20.171+0000] {dag.py:3262} INFO - Creating ORM DAG for example_display_name
[2024-11-23T00:49:20.172+0000] {logging_mixin.py:190} INFO - [2024-11-23T00:49:20.172+0000] {dag.py:4180} INFO - Setting next_dagrun for example_display_name to None, run_after=None
[2024-11-23T00:49:20.185+0000] {processor.py:208} INFO - Processing /home/airflow/.local/lib/python3.12/site-packages/airflow/example_dags/example_display_name.py took 0.163 seconds
[2024-11-23T00:49:50.904+0000] {processor.py:186} INFO - Started process (PID=151) to work on /home/airflow/.local/lib/python3.12/site-packages/airflow/example_dags/example_display_name.py
[2024-11-23T00:49:50.904+0000] {processor.py:914} INFO - Processing file /home/airflow/.local/lib/python3.12/site-packages/airflow/example_dags/example_display_name.py for tasks to queue
[2024-11-23T00:49:50.906+0000] {logging_mixin.py:190} INFO - [2024-11-23T00:49:50.906+0000] {dagbag.py:588} INFO - Filling up the DagBag from /home/airflow/.local/lib/python3.12/site-packages/airflow/example_dags/example_display_name.py
[2024-11-23T00:49:50.914+0000] {processor.py:925} INFO - DAG(s) 'example_display_name' retrieved from /home/airflow/.local/lib/python3.12/site-packages/airflow/example_dags/example_display_name.py
[2024-11-23T00:49:50.932+0000] {logging_mixin.py:190} INFO - [2024-11-23T00:49:50.932+0000] {dag.py:3239} INFO - Sync 1 DAGs
[2024-11-23T00:49:50.946+0000] {logging_mixin.py:190} INFO - [2024-11-23T00:49:50.946+0000] {dag.py:4180} INFO - Setting next_dagrun for example_display_name to None, run_after=None
[2024-11-23T00:49:50.969+0000] {processor.py:208} INFO - Processing /home/airflow/.local/lib/python3.12/site-packages/airflow/example_dags/example_display_name.py took 0.070 seconds
[2024-11-23T00:50:21.200+0000] {processor.py:186} INFO - Started process (PID=214) to work on /home/airflow/.local/lib/python3.12/site-packages/airflow/example_dags/example_display_name.py
[2024-11-23T00:50:21.201+0000] {processor.py:914} INFO - Processing file /home/airflow/.local/lib/python3.12/site-packages/airflow/example_dags/example_display_name.py for tasks to queue
[2024-11-23T00:50:21.203+0000] {logging_mixin.py:190} INFO - [2024-11-23T00:50:21.203+0000] {dagbag.py:588} INFO - Filling up the DagBag from /home/airflow/.local/lib/python3.12/site-packages/airflow/example_dags/example_display_name.py
[2024-11-23T00:50:21.209+0000] {processor.py:925} INFO - DAG(s) 'example_display_name' retrieved from /home/airflow/.local/lib/python3.12/site-packages/airflow/example_dags/example_display_name.py
[2024-11-23T00:50:21.225+0000] {logging_mixin.py:190} INFO - [2024-11-23T00:50:21.225+0000] {dag.py:3239} INFO - Sync 1 DAGs
[2024-11-23T00:50:21.237+0000] {logging_mixin.py:190} INFO - [2024-11-23T00:50:21.237+0000] {dag.py:4180} INFO - Setting next_dagrun for example_display_name to None, run_after=None
[2024-11-23T00:50:21.251+0000] {processor.py:208} INFO - Processing /home/airflow/.local/lib/python3.12/site-packages/airflow/example_dags/example_display_name.py took 0.056 seconds
[2024-11-23T00:50:52.144+0000] {processor.py:186} INFO - Started process (PID=277) to work on /home/airflow/.local/lib/python3.12/site-packages/airflow/example_dags/example_display_name.py
[2024-11-23T00:50:52.145+0000] {processor.py:914} INFO - Processing file /home/airflow/.local/lib/python3.12/site-packages/airflow/example_dags/example_display_name.py for tasks to queue
[2024-11-23T00:50:52.146+0000] {logging_mixin.py:190} INFO - [2024-11-23T00:50:52.146+0000] {dagbag.py:588} INFO - Filling up the DagBag from /home/airflow/.local/lib/python3.12/site-packages/airflow/example_dags/example_display_name.py
[2024-11-23T00:50:52.153+0000] {processor.py:925} INFO - DAG(s) 'example_display_name' retrieved from /home/airflow/.local/lib/python3.12/site-packages/airflow/example_dags/example_display_name.py
[2024-11-23T00:50:52.169+0000] {logging_mixin.py:190} INFO - [2024-11-23T00:50:52.168+0000] {dag.py:3239} INFO - Sync 1 DAGs
[2024-11-23T00:50:52.181+0000] {logging_mixin.py:190} INFO - [2024-11-23T00:50:52.181+0000] {dag.py:4180} INFO - Setting next_dagrun for example_display_name to None, run_after=None
[2024-11-23T00:50:52.194+0000] {processor.py:208} INFO - Processing /home/airflow/.local/lib/python3.12/site-packages/airflow/example_dags/example_display_name.py took 0.056 seconds
[2024-11-23T00:51:22.977+0000] {processor.py:186} INFO - Started process (PID=340) to work on /home/airflow/.local/lib/python3.12/site-packages/airflow/example_dags/example_display_name.py
[2024-11-23T00:51:22.978+0000] {processor.py:914} INFO - Processing file /home/airflow/.local/lib/python3.12/site-packages/airflow/example_dags/example_display_name.py for tasks to queue
[2024-11-23T00:51:22.979+0000] {logging_mixin.py:190} INFO - [2024-11-23T00:51:22.979+0000] {dagbag.py:588} INFO - Filling up the DagBag from /home/airflow/.local/lib/python3.12/site-packages/airflow/example_dags/example_display_name.py
[2024-11-23T00:51:22.986+0000] {processor.py:925} INFO - DAG(s) 'example_display_name' retrieved from /home/airflow/.local/lib/python3.12/site-packages/airflow/example_dags/example_display_name.py
[2024-11-23T00:51:23.002+0000] {logging_mixin.py:190} INFO - [2024-11-23T00:51:23.002+0000] {dag.py:3239} INFO - Sync 1 DAGs
[2024-11-23T00:51:23.015+0000] {logging_mixin.py:190} INFO - [2024-11-23T00:51:23.014+0000] {dag.py:4180} INFO - Setting next_dagrun for example_display_name to None, run_after=None
[2024-11-23T00:51:23.030+0000] {processor.py:208} INFO - Processing /home/airflow/.local/lib/python3.12/site-packages/airflow/example_dags/example_display_name.py took 0.058 seconds
[2024-11-23T00:51:53.910+0000] {processor.py:186} INFO - Started process (PID=403) to work on /home/airflow/.local/lib/python3.12/site-packages/airflow/example_dags/example_display_name.py
[2024-11-23T00:51:53.910+0000] {processor.py:914} INFO - Processing file /home/airflow/.local/lib/python3.12/site-packages/airflow/example_dags/example_display_name.py for tasks to queue
[2024-11-23T00:51:53.912+0000] {logging_mixin.py:190} INFO - [2024-11-23T00:51:53.912+0000] {dagbag.py:588} INFO - Filling up the DagBag from /home/airflow/.local/lib/python3.12/site-packages/airflow/example_dags/example_display_name.py
[2024-11-23T00:51:53.919+0000] {processor.py:925} INFO - DAG(s) 'example_display_name' retrieved from /home/airflow/.local/lib/python3.12/site-packages/airflow/example_dags/example_display_name.py
[2024-11-23T00:51:53.934+0000] {logging_mixin.py:190} INFO - [2024-11-23T00:51:53.934+0000] {dag.py:3239} INFO - Sync 1 DAGs
[2024-11-23T00:51:53.946+0000] {logging_mixin.py:190} INFO - [2024-11-23T00:51:53.946+0000] {dag.py:4180} INFO - Setting next_dagrun for example_display_name to None, run_after=None
[2024-11-23T00:51:53.961+0000] {processor.py:208} INFO - Processing /home/airflow/.local/lib/python3.12/site-packages/airflow/example_dags/example_display_name.py took 0.056 seconds
[2024-11-23T00:52:24.068+0000] {processor.py:186} INFO - Started process (PID=466) to work on /home/airflow/.local/lib/python3.12/site-packages/airflow/example_dags/example_display_name.py
[2024-11-23T00:52:24.069+0000] {processor.py:914} INFO - Processing file /home/airflow/.local/lib/python3.12/site-packages/airflow/example_dags/example_display_name.py for tasks to queue
[2024-11-23T00:52:24.071+0000] {logging_mixin.py:190} INFO - [2024-11-23T00:52:24.071+0000] {dagbag.py:588} INFO - Filling up the DagBag from /home/airflow/.local/lib/python3.12/site-packages/airflow/example_dags/example_display_name.py
[2024-11-23T00:52:24.077+0000] {processor.py:925} INFO - DAG(s) 'example_display_name' retrieved from /home/airflow/.local/lib/python3.12/site-packages/airflow/example_dags/example_display_name.py
[2024-11-23T00:52:24.092+0000] {logging_mixin.py:190} INFO - [2024-11-23T00:52:24.092+0000] {dag.py:3239} INFO - Sync 1 DAGs
[2024-11-23T00:52:24.104+0000] {logging_mixin.py:190} INFO - [2024-11-23T00:52:24.104+0000] {dag.py:4180} INFO - Setting next_dagrun for example_display_name to None, run_after=None
[2024-11-23T00:52:24.117+0000] {processor.py:208} INFO - Processing /home/airflow/.local/lib/python3.12/site-packages/airflow/example_dags/example_display_name.py took 0.054 seconds
[2024-11-23T00:52:54.888+0000] {processor.py:186} INFO - Started process (PID=528) to work on /home/airflow/.local/lib/python3.12/site-packages/airflow/example_dags/example_display_name.py
[2024-11-23T00:52:54.889+0000] {processor.py:914} INFO - Processing file /home/airflow/.local/lib/python3.12/site-packages/airflow/example_dags/example_display_name.py for tasks to queue
[2024-11-23T00:52:54.891+0000] {logging_mixin.py:190} INFO - [2024-11-23T00:52:54.891+0000] {dagbag.py:588} INFO - Filling up the DagBag from /home/airflow/.local/lib/python3.12/site-packages/airflow/example_dags/example_display_name.py
[2024-11-23T00:52:54.899+0000] {processor.py:925} INFO - DAG(s) 'example_display_name' retrieved from /home/airflow/.local/lib/python3.12/site-packages/airflow/example_dags/example_display_name.py
[2024-11-23T00:52:54.919+0000] {logging_mixin.py:190} INFO - [2024-11-23T00:52:54.918+0000] {dag.py:3239} INFO - Sync 1 DAGs
[2024-11-23T00:52:54.933+0000] {logging_mixin.py:190} INFO - [2024-11-23T00:52:54.932+0000] {dag.py:4180} INFO - Setting next_dagrun for example_display_name to None, run_after=None
[2024-11-23T00:52:54.953+0000] {processor.py:208} INFO - Processing /home/airflow/.local/lib/python3.12/site-packages/airflow/example_dags/example_display_name.py took 0.072 seconds
[2024-11-23T00:53:25.265+0000] {processor.py:186} INFO - Started process (PID=591) to work on /home/airflow/.local/lib/python3.12/site-packages/airflow/example_dags/example_display_name.py
[2024-11-23T00:53:25.266+0000] {processor.py:914} INFO - Processing file /home/airflow/.local/lib/python3.12/site-packages/airflow/example_dags/example_display_name.py for tasks to queue
[2024-11-23T00:53:25.268+0000] {logging_mixin.py:190} INFO - [2024-11-23T00:53:25.268+0000] {dagbag.py:588} INFO - Filling up the DagBag from /home/airflow/.local/lib/python3.12/site-packages/airflow/example_dags/example_display_name.py
[2024-11-23T00:53:25.275+0000] {processor.py:925} INFO - DAG(s) 'example_display_name' retrieved from /home/airflow/.local/lib/python3.12/site-packages/airflow/example_dags/example_display_name.py
[2024-11-23T00:53:25.292+0000] {logging_mixin.py:190} INFO - [2024-11-23T00:53:25.291+0000] {dag.py:3239} INFO - Sync 1 DAGs
[2024-11-23T00:53:25.303+0000] {logging_mixin.py:190} INFO - [2024-11-23T00:53:25.303+0000] {dag.py:4180} INFO - Setting next_dagrun for example_display_name to None, run_after=None
[2024-11-23T00:53:25.318+0000] {processor.py:208} INFO - Processing /home/airflow/.local/lib/python3.12/site-packages/airflow/example_dags/example_display_name.py took 0.058 seconds
