[2024-11-23T00:49:21.589+0000] {processor.py:186} INFO - Started process (PID=96) to work on /home/airflow/.local/lib/python3.12/site-packages/airflow/example_dags/example_inlet_event_extra.py
[2024-11-23T00:49:21.589+0000] {processor.py:914} INFO - Processing file /home/airflow/.local/lib/python3.12/site-packages/airflow/example_dags/example_inlet_event_extra.py for tasks to queue
[2024-11-23T00:49:21.591+0000] {logging_mixin.py:190} INFO - [2024-11-23T00:49:21.591+0000] {dagbag.py:588} INFO - Filling up the DagBag from /home/airflow/.local/lib/python3.12/site-packages/airflow/example_dags/example_inlet_event_extra.py
[2024-11-23T00:49:22.093+0000] {processor.py:925} INFO - DAG(s) 'read_dataset_event', 'read_dataset_event_from_classic' retrieved from /home/airflow/.local/lib/python3.12/site-packages/airflow/example_dags/example_inlet_event_extra.py
[2024-11-23T00:49:22.175+0000] {logging_mixin.py:190} INFO - [2024-11-23T00:49:22.174+0000] {override.py:1911} INFO - Created Permission View: can delete on DAG:read_dataset_event
[2024-11-23T00:49:22.184+0000] {logging_mixin.py:190} INFO - [2024-11-23T00:49:22.184+0000] {override.py:1911} INFO - Created Permission View: can read on DAG:read_dataset_event
[2024-11-23T00:49:22.190+0000] {logging_mixin.py:190} INFO - [2024-11-23T00:49:22.189+0000] {override.py:1911} INFO - Created Permission View: can edit on DAG:read_dataset_event
[2024-11-23T00:49:22.195+0000] {logging_mixin.py:190} INFO - [2024-11-23T00:49:22.195+0000] {override.py:1911} INFO - Created Permission View: can create on DAG Run:read_dataset_event
[2024-11-23T00:49:22.201+0000] {logging_mixin.py:190} INFO - [2024-11-23T00:49:22.201+0000] {override.py:1911} INFO - Created Permission View: can delete on DAG Run:read_dataset_event
[2024-11-23T00:49:22.207+0000] {logging_mixin.py:190} INFO - [2024-11-23T00:49:22.207+0000] {override.py:1911} INFO - Created Permission View: can read on DAG Run:read_dataset_event
[2024-11-23T00:49:22.213+0000] {logging_mixin.py:190} INFO - [2024-11-23T00:49:22.213+0000] {override.py:1911} INFO - Created Permission View: menu access on DAG Run:read_dataset_event
[2024-11-23T00:49:22.222+0000] {logging_mixin.py:190} INFO - [2024-11-23T00:49:22.222+0000] {override.py:1911} INFO - Created Permission View: can delete on DAG:read_dataset_event_from_classic
[2024-11-23T00:49:22.228+0000] {logging_mixin.py:190} INFO - [2024-11-23T00:49:22.227+0000] {override.py:1911} INFO - Created Permission View: can read on DAG:read_dataset_event_from_classic
[2024-11-23T00:49:22.233+0000] {logging_mixin.py:190} INFO - [2024-11-23T00:49:22.233+0000] {override.py:1911} INFO - Created Permission View: can edit on DAG:read_dataset_event_from_classic
[2024-11-23T00:49:22.238+0000] {logging_mixin.py:190} INFO - [2024-11-23T00:49:22.238+0000] {override.py:1911} INFO - Created Permission View: can create on DAG Run:read_dataset_event_from_classic
[2024-11-23T00:49:22.244+0000] {logging_mixin.py:190} INFO - [2024-11-23T00:49:22.243+0000] {override.py:1911} INFO - Created Permission View: can delete on DAG Run:read_dataset_event_from_classic
[2024-11-23T00:49:22.248+0000] {logging_mixin.py:190} INFO - [2024-11-23T00:49:22.248+0000] {override.py:1911} INFO - Created Permission View: can read on DAG Run:read_dataset_event_from_classic
[2024-11-23T00:49:22.254+0000] {logging_mixin.py:190} INFO - [2024-11-23T00:49:22.254+0000] {override.py:1911} INFO - Created Permission View: menu access on DAG Run:read_dataset_event_from_classic
[2024-11-23T00:49:22.254+0000] {logging_mixin.py:190} INFO - [2024-11-23T00:49:22.254+0000] {dag.py:3239} INFO - Sync 2 DAGs
[2024-11-23T00:49:22.267+0000] {logging_mixin.py:190} INFO - [2024-11-23T00:49:22.267+0000] {dag.py:3262} INFO - Creating ORM DAG for read_dataset_event_from_classic
[2024-11-23T00:49:22.268+0000] {logging_mixin.py:190} INFO - [2024-11-23T00:49:22.267+0000] {dag.py:3262} INFO - Creating ORM DAG for read_dataset_event
[2024-11-23T00:49:22.276+0000] {logging_mixin.py:190} INFO - [2024-11-23T00:49:22.276+0000] {dag.py:4180} INFO - Setting next_dagrun for read_dataset_event to 2024-11-22 00:00:00+00:00, run_after=2024-11-23 00:00:00+00:00
[2024-11-23T00:49:22.278+0000] {logging_mixin.py:190} INFO - [2024-11-23T00:49:22.277+0000] {dag.py:4180} INFO - Setting next_dagrun for read_dataset_event_from_classic to 2024-11-22 00:00:00+00:00, run_after=2024-11-23 00:00:00+00:00
[2024-11-23T00:49:22.293+0000] {processor.py:208} INFO - Processing /home/airflow/.local/lib/python3.12/site-packages/airflow/example_dags/example_inlet_event_extra.py took 0.709 seconds
[2024-11-23T00:49:53.350+0000] {processor.py:186} INFO - Started process (PID=161) to work on /home/airflow/.local/lib/python3.12/site-packages/airflow/example_dags/example_inlet_event_extra.py
[2024-11-23T00:49:53.351+0000] {processor.py:914} INFO - Processing file /home/airflow/.local/lib/python3.12/site-packages/airflow/example_dags/example_inlet_event_extra.py for tasks to queue
[2024-11-23T00:49:53.353+0000] {logging_mixin.py:190} INFO - [2024-11-23T00:49:53.352+0000] {dagbag.py:588} INFO - Filling up the DagBag from /home/airflow/.local/lib/python3.12/site-packages/airflow/example_dags/example_inlet_event_extra.py
[2024-11-23T00:49:54.036+0000] {processor.py:925} INFO - DAG(s) 'read_dataset_event', 'read_dataset_event_from_classic' retrieved from /home/airflow/.local/lib/python3.12/site-packages/airflow/example_dags/example_inlet_event_extra.py
[2024-11-23T00:49:54.054+0000] {logging_mixin.py:190} INFO - [2024-11-23T00:49:54.054+0000] {dag.py:3239} INFO - Sync 2 DAGs
[2024-11-23T00:49:54.081+0000] {logging_mixin.py:190} INFO - [2024-11-23T00:49:54.081+0000] {dag.py:4180} INFO - Setting next_dagrun for read_dataset_event to 2024-11-22 00:00:00+00:00, run_after=2024-11-23 00:00:00+00:00
[2024-11-23T00:49:54.086+0000] {logging_mixin.py:190} INFO - [2024-11-23T00:49:54.086+0000] {dag.py:4180} INFO - Setting next_dagrun for read_dataset_event_from_classic to 2024-11-22 00:00:00+00:00, run_after=2024-11-23 00:00:00+00:00
[2024-11-23T00:49:54.103+0000] {processor.py:208} INFO - Processing /home/airflow/.local/lib/python3.12/site-packages/airflow/example_dags/example_inlet_event_extra.py took 0.758 seconds
[2024-11-23T00:50:24.489+0000] {processor.py:186} INFO - Started process (PID=229) to work on /home/airflow/.local/lib/python3.12/site-packages/airflow/example_dags/example_inlet_event_extra.py
[2024-11-23T00:50:24.490+0000] {processor.py:914} INFO - Processing file /home/airflow/.local/lib/python3.12/site-packages/airflow/example_dags/example_inlet_event_extra.py for tasks to queue
[2024-11-23T00:50:24.492+0000] {logging_mixin.py:190} INFO - [2024-11-23T00:50:24.491+0000] {dagbag.py:588} INFO - Filling up the DagBag from /home/airflow/.local/lib/python3.12/site-packages/airflow/example_dags/example_inlet_event_extra.py
[2024-11-23T00:50:25.039+0000] {processor.py:925} INFO - DAG(s) 'read_dataset_event_from_classic', 'read_dataset_event' retrieved from /home/airflow/.local/lib/python3.12/site-packages/airflow/example_dags/example_inlet_event_extra.py
[2024-11-23T00:50:25.057+0000] {logging_mixin.py:190} INFO - [2024-11-23T00:50:25.057+0000] {dag.py:3239} INFO - Sync 2 DAGs
[2024-11-23T00:50:25.080+0000] {logging_mixin.py:190} INFO - [2024-11-23T00:50:25.079+0000] {dag.py:4180} INFO - Setting next_dagrun for read_dataset_event to 2024-11-22 00:00:00+00:00, run_after=2024-11-23 00:00:00+00:00
[2024-11-23T00:50:25.084+0000] {logging_mixin.py:190} INFO - [2024-11-23T00:50:25.084+0000] {dag.py:4180} INFO - Setting next_dagrun for read_dataset_event_from_classic to 2024-11-22 00:00:00+00:00, run_after=2024-11-23 00:00:00+00:00
[2024-11-23T00:50:25.099+0000] {processor.py:208} INFO - Processing /home/airflow/.local/lib/python3.12/site-packages/airflow/example_dags/example_inlet_event_extra.py took 0.616 seconds
[2024-11-23T00:50:55.236+0000] {processor.py:186} INFO - Started process (PID=287) to work on /home/airflow/.local/lib/python3.12/site-packages/airflow/example_dags/example_inlet_event_extra.py
[2024-11-23T00:50:55.237+0000] {processor.py:914} INFO - Processing file /home/airflow/.local/lib/python3.12/site-packages/airflow/example_dags/example_inlet_event_extra.py for tasks to queue
[2024-11-23T00:50:55.240+0000] {logging_mixin.py:190} INFO - [2024-11-23T00:50:55.239+0000] {dagbag.py:588} INFO - Filling up the DagBag from /home/airflow/.local/lib/python3.12/site-packages/airflow/example_dags/example_inlet_event_extra.py
[2024-11-23T00:50:55.790+0000] {processor.py:925} INFO - DAG(s) 'read_dataset_event_from_classic', 'read_dataset_event' retrieved from /home/airflow/.local/lib/python3.12/site-packages/airflow/example_dags/example_inlet_event_extra.py
[2024-11-23T00:50:55.809+0000] {logging_mixin.py:190} INFO - [2024-11-23T00:50:55.809+0000] {dag.py:3239} INFO - Sync 2 DAGs
[2024-11-23T00:50:55.830+0000] {logging_mixin.py:190} INFO - [2024-11-23T00:50:55.829+0000] {dag.py:4180} INFO - Setting next_dagrun for read_dataset_event to 2024-11-22 00:00:00+00:00, run_after=2024-11-23 00:00:00+00:00
[2024-11-23T00:50:55.834+0000] {logging_mixin.py:190} INFO - [2024-11-23T00:50:55.834+0000] {dag.py:4180} INFO - Setting next_dagrun for read_dataset_event_from_classic to 2024-11-22 00:00:00+00:00, run_after=2024-11-23 00:00:00+00:00
[2024-11-23T00:50:55.849+0000] {processor.py:208} INFO - Processing /home/airflow/.local/lib/python3.12/site-packages/airflow/example_dags/example_inlet_event_extra.py took 0.619 seconds
[2024-11-23T00:51:25.951+0000] {processor.py:186} INFO - Started process (PID=348) to work on /home/airflow/.local/lib/python3.12/site-packages/airflow/example_dags/example_inlet_event_extra.py
[2024-11-23T00:51:25.952+0000] {processor.py:914} INFO - Processing file /home/airflow/.local/lib/python3.12/site-packages/airflow/example_dags/example_inlet_event_extra.py for tasks to queue
[2024-11-23T00:51:25.954+0000] {logging_mixin.py:190} INFO - [2024-11-23T00:51:25.953+0000] {dagbag.py:588} INFO - Filling up the DagBag from /home/airflow/.local/lib/python3.12/site-packages/airflow/example_dags/example_inlet_event_extra.py
[2024-11-23T00:51:26.461+0000] {processor.py:925} INFO - DAG(s) 'read_dataset_event_from_classic', 'read_dataset_event' retrieved from /home/airflow/.local/lib/python3.12/site-packages/airflow/example_dags/example_inlet_event_extra.py
[2024-11-23T00:51:26.478+0000] {logging_mixin.py:190} INFO - [2024-11-23T00:51:26.477+0000] {dag.py:3239} INFO - Sync 2 DAGs
[2024-11-23T00:51:26.501+0000] {logging_mixin.py:190} INFO - [2024-11-23T00:51:26.501+0000] {dag.py:4180} INFO - Setting next_dagrun for read_dataset_event to 2024-11-22 00:00:00+00:00, run_after=2024-11-23 00:00:00+00:00
[2024-11-23T00:51:26.505+0000] {logging_mixin.py:190} INFO - [2024-11-23T00:51:26.505+0000] {dag.py:4180} INFO - Setting next_dagrun for read_dataset_event_from_classic to 2024-11-22 00:00:00+00:00, run_after=2024-11-23 00:00:00+00:00
[2024-11-23T00:51:26.518+0000] {processor.py:208} INFO - Processing /home/airflow/.local/lib/python3.12/site-packages/airflow/example_dags/example_inlet_event_extra.py took 0.571 seconds
[2024-11-23T00:51:56.888+0000] {processor.py:186} INFO - Started process (PID=411) to work on /home/airflow/.local/lib/python3.12/site-packages/airflow/example_dags/example_inlet_event_extra.py
[2024-11-23T00:51:56.888+0000] {processor.py:914} INFO - Processing file /home/airflow/.local/lib/python3.12/site-packages/airflow/example_dags/example_inlet_event_extra.py for tasks to queue
[2024-11-23T00:51:56.890+0000] {logging_mixin.py:190} INFO - [2024-11-23T00:51:56.890+0000] {dagbag.py:588} INFO - Filling up the DagBag from /home/airflow/.local/lib/python3.12/site-packages/airflow/example_dags/example_inlet_event_extra.py
[2024-11-23T00:51:57.366+0000] {processor.py:925} INFO - DAG(s) 'read_dataset_event_from_classic', 'read_dataset_event' retrieved from /home/airflow/.local/lib/python3.12/site-packages/airflow/example_dags/example_inlet_event_extra.py
[2024-11-23T00:51:57.383+0000] {logging_mixin.py:190} INFO - [2024-11-23T00:51:57.382+0000] {dag.py:3239} INFO - Sync 2 DAGs
[2024-11-23T00:51:57.405+0000] {logging_mixin.py:190} INFO - [2024-11-23T00:51:57.404+0000] {dag.py:4180} INFO - Setting next_dagrun for read_dataset_event to 2024-11-22 00:00:00+00:00, run_after=2024-11-23 00:00:00+00:00
[2024-11-23T00:51:57.409+0000] {logging_mixin.py:190} INFO - [2024-11-23T00:51:57.408+0000] {dag.py:4180} INFO - Setting next_dagrun for read_dataset_event_from_classic to 2024-11-22 00:00:00+00:00, run_after=2024-11-23 00:00:00+00:00
[2024-11-23T00:51:57.421+0000] {processor.py:208} INFO - Processing /home/airflow/.local/lib/python3.12/site-packages/airflow/example_dags/example_inlet_event_extra.py took 0.538 seconds
[2024-11-23T00:52:28.350+0000] {processor.py:186} INFO - Started process (PID=478) to work on /home/airflow/.local/lib/python3.12/site-packages/airflow/example_dags/example_inlet_event_extra.py
[2024-11-23T00:52:28.351+0000] {processor.py:914} INFO - Processing file /home/airflow/.local/lib/python3.12/site-packages/airflow/example_dags/example_inlet_event_extra.py for tasks to queue
[2024-11-23T00:52:28.352+0000] {logging_mixin.py:190} INFO - [2024-11-23T00:52:28.352+0000] {dagbag.py:588} INFO - Filling up the DagBag from /home/airflow/.local/lib/python3.12/site-packages/airflow/example_dags/example_inlet_event_extra.py
[2024-11-23T00:52:28.837+0000] {processor.py:925} INFO - DAG(s) 'read_dataset_event', 'read_dataset_event_from_classic' retrieved from /home/airflow/.local/lib/python3.12/site-packages/airflow/example_dags/example_inlet_event_extra.py
[2024-11-23T00:52:28.856+0000] {logging_mixin.py:190} INFO - [2024-11-23T00:52:28.856+0000] {dag.py:3239} INFO - Sync 2 DAGs
[2024-11-23T00:52:28.875+0000] {logging_mixin.py:190} INFO - [2024-11-23T00:52:28.875+0000] {dag.py:4180} INFO - Setting next_dagrun for read_dataset_event to 2024-11-22 00:00:00+00:00, run_after=2024-11-23 00:00:00+00:00
[2024-11-23T00:52:28.879+0000] {logging_mixin.py:190} INFO - [2024-11-23T00:52:28.879+0000] {dag.py:4180} INFO - Setting next_dagrun for read_dataset_event_from_classic to 2024-11-22 00:00:00+00:00, run_after=2024-11-23 00:00:00+00:00
[2024-11-23T00:52:28.892+0000] {processor.py:208} INFO - Processing /home/airflow/.local/lib/python3.12/site-packages/airflow/example_dags/example_inlet_event_extra.py took 0.547 seconds
[2024-11-23T00:52:59.409+0000] {processor.py:186} INFO - Started process (PID=546) to work on /home/airflow/.local/lib/python3.12/site-packages/airflow/example_dags/example_inlet_event_extra.py
[2024-11-23T00:52:59.410+0000] {processor.py:914} INFO - Processing file /home/airflow/.local/lib/python3.12/site-packages/airflow/example_dags/example_inlet_event_extra.py for tasks to queue
[2024-11-23T00:52:59.412+0000] {logging_mixin.py:190} INFO - [2024-11-23T00:52:59.411+0000] {dagbag.py:588} INFO - Filling up the DagBag from /home/airflow/.local/lib/python3.12/site-packages/airflow/example_dags/example_inlet_event_extra.py
[2024-11-23T00:52:59.935+0000] {processor.py:925} INFO - DAG(s) 'read_dataset_event', 'read_dataset_event_from_classic' retrieved from /home/airflow/.local/lib/python3.12/site-packages/airflow/example_dags/example_inlet_event_extra.py
[2024-11-23T00:52:59.952+0000] {logging_mixin.py:190} INFO - [2024-11-23T00:52:59.952+0000] {dag.py:3239} INFO - Sync 2 DAGs
[2024-11-23T00:52:59.973+0000] {logging_mixin.py:190} INFO - [2024-11-23T00:52:59.973+0000] {dag.py:4180} INFO - Setting next_dagrun for read_dataset_event to 2024-11-22 00:00:00+00:00, run_after=2024-11-23 00:00:00+00:00
[2024-11-23T00:52:59.977+0000] {logging_mixin.py:190} INFO - [2024-11-23T00:52:59.977+0000] {dag.py:4180} INFO - Setting next_dagrun for read_dataset_event_from_classic to 2024-11-22 00:00:00+00:00, run_after=2024-11-23 00:00:00+00:00
[2024-11-23T00:53:00.002+0000] {processor.py:208} INFO - Processing /home/airflow/.local/lib/python3.12/site-packages/airflow/example_dags/example_inlet_event_extra.py took 0.599 seconds
[2024-11-23T00:53:30.132+0000] {processor.py:186} INFO - Started process (PID=602) to work on /home/airflow/.local/lib/python3.12/site-packages/airflow/example_dags/example_inlet_event_extra.py
[2024-11-23T00:53:30.133+0000] {processor.py:914} INFO - Processing file /home/airflow/.local/lib/python3.12/site-packages/airflow/example_dags/example_inlet_event_extra.py for tasks to queue
[2024-11-23T00:53:30.135+0000] {logging_mixin.py:190} INFO - [2024-11-23T00:53:30.135+0000] {dagbag.py:588} INFO - Filling up the DagBag from /home/airflow/.local/lib/python3.12/site-packages/airflow/example_dags/example_inlet_event_extra.py
[2024-11-23T00:53:30.653+0000] {processor.py:925} INFO - DAG(s) 'read_dataset_event_from_classic', 'read_dataset_event' retrieved from /home/airflow/.local/lib/python3.12/site-packages/airflow/example_dags/example_inlet_event_extra.py
[2024-11-23T00:53:30.671+0000] {logging_mixin.py:190} INFO - [2024-11-23T00:53:30.670+0000] {dag.py:3239} INFO - Sync 2 DAGs
[2024-11-23T00:53:30.693+0000] {logging_mixin.py:190} INFO - [2024-11-23T00:53:30.693+0000] {dag.py:4180} INFO - Setting next_dagrun for read_dataset_event to 2024-11-22 00:00:00+00:00, run_after=2024-11-23 00:00:00+00:00
[2024-11-23T00:53:30.697+0000] {logging_mixin.py:190} INFO - [2024-11-23T00:53:30.697+0000] {dag.py:4180} INFO - Setting next_dagrun for read_dataset_event_from_classic to 2024-11-22 00:00:00+00:00, run_after=2024-11-23 00:00:00+00:00
[2024-11-23T00:53:30.709+0000] {processor.py:208} INFO - Processing /home/airflow/.local/lib/python3.12/site-packages/airflow/example_dags/example_inlet_event_extra.py took 0.582 seconds
