[2024-11-23T00:49:19.306+0000] {processor.py:186} INFO - Started process (PID=83) to work on /home/airflow/.local/lib/python3.12/site-packages/airflow/example_dags/example_bash_decorator.py
[2024-11-23T00:49:19.306+0000] {processor.py:914} INFO - Processing file /home/airflow/.local/lib/python3.12/site-packages/airflow/example_dags/example_bash_decorator.py for tasks to queue
[2024-11-23T00:49:19.309+0000] {logging_mixin.py:190} INFO - [2024-11-23T00:49:19.308+0000] {dagbag.py:588} INFO - Filling up the DagBag from /home/airflow/.local/lib/python3.12/site-packages/airflow/example_dags/example_bash_decorator.py
[2024-11-23T00:49:19.323+0000] {processor.py:925} INFO - DAG(s) 'example_bash_decorator' retrieved from /home/airflow/.local/lib/python3.12/site-packages/airflow/example_dags/example_bash_decorator.py
[2024-11-23T00:49:19.418+0000] {logging_mixin.py:190} INFO - [2024-11-23T00:49:19.418+0000] {override.py:1911} INFO - Created Permission View: can delete on DAG:example_bash_decorator
[2024-11-23T00:49:19.427+0000] {logging_mixin.py:190} INFO - [2024-11-23T00:49:19.427+0000] {override.py:1911} INFO - Created Permission View: can read on DAG:example_bash_decorator
[2024-11-23T00:49:19.434+0000] {logging_mixin.py:190} INFO - [2024-11-23T00:49:19.433+0000] {override.py:1911} INFO - Created Permission View: can edit on DAG:example_bash_decorator
[2024-11-23T00:49:19.440+0000] {logging_mixin.py:190} INFO - [2024-11-23T00:49:19.440+0000] {override.py:1911} INFO - Created Permission View: can create on DAG Run:example_bash_decorator
[2024-11-23T00:49:19.446+0000] {logging_mixin.py:190} INFO - [2024-11-23T00:49:19.446+0000] {override.py:1911} INFO - Created Permission View: can delete on DAG Run:example_bash_decorator
[2024-11-23T00:49:19.452+0000] {logging_mixin.py:190} INFO - [2024-11-23T00:49:19.452+0000] {override.py:1911} INFO - Created Permission View: can read on DAG Run:example_bash_decorator
[2024-11-23T00:49:19.459+0000] {logging_mixin.py:190} INFO - [2024-11-23T00:49:19.458+0000] {override.py:1911} INFO - Created Permission View: menu access on DAG Run:example_bash_decorator
[2024-11-23T00:49:19.459+0000] {logging_mixin.py:190} INFO - [2024-11-23T00:49:19.459+0000] {dag.py:3239} INFO - Sync 1 DAGs
[2024-11-23T00:49:19.470+0000] {logging_mixin.py:190} INFO - [2024-11-23T00:49:19.470+0000] {dag.py:3262} INFO - Creating ORM DAG for example_bash_decorator
[2024-11-23T00:49:19.471+0000] {logging_mixin.py:190} INFO - [2024-11-23T00:49:19.471+0000] {dag.py:4180} INFO - Setting next_dagrun for example_bash_decorator to None, run_after=None
[2024-11-23T00:49:19.486+0000] {processor.py:208} INFO - Processing /home/airflow/.local/lib/python3.12/site-packages/airflow/example_dags/example_bash_decorator.py took 0.186 seconds
[2024-11-23T00:49:49.598+0000] {processor.py:186} INFO - Started process (PID=146) to work on /home/airflow/.local/lib/python3.12/site-packages/airflow/example_dags/example_bash_decorator.py
[2024-11-23T00:49:49.600+0000] {processor.py:914} INFO - Processing file /home/airflow/.local/lib/python3.12/site-packages/airflow/example_dags/example_bash_decorator.py for tasks to queue
[2024-11-23T00:49:49.604+0000] {logging_mixin.py:190} INFO - [2024-11-23T00:49:49.603+0000] {dagbag.py:588} INFO - Filling up the DagBag from /home/airflow/.local/lib/python3.12/site-packages/airflow/example_dags/example_bash_decorator.py
[2024-11-23T00:49:49.620+0000] {processor.py:925} INFO - DAG(s) 'example_bash_decorator' retrieved from /home/airflow/.local/lib/python3.12/site-packages/airflow/example_dags/example_bash_decorator.py
[2024-11-23T00:49:49.644+0000] {logging_mixin.py:190} INFO - [2024-11-23T00:49:49.643+0000] {dag.py:3239} INFO - Sync 1 DAGs
[2024-11-23T00:49:49.656+0000] {logging_mixin.py:190} INFO - [2024-11-23T00:49:49.656+0000] {dag.py:4180} INFO - Setting next_dagrun for example_bash_decorator to None, run_after=None
[2024-11-23T00:49:49.669+0000] {processor.py:208} INFO - Processing /home/airflow/.local/lib/python3.12/site-packages/airflow/example_dags/example_bash_decorator.py took 0.078 seconds
[2024-11-23T00:50:20.801+0000] {processor.py:186} INFO - Started process (PID=209) to work on /home/airflow/.local/lib/python3.12/site-packages/airflow/example_dags/example_bash_decorator.py
[2024-11-23T00:50:20.802+0000] {processor.py:914} INFO - Processing file /home/airflow/.local/lib/python3.12/site-packages/airflow/example_dags/example_bash_decorator.py for tasks to queue
[2024-11-23T00:50:20.804+0000] {logging_mixin.py:190} INFO - [2024-11-23T00:50:20.804+0000] {dagbag.py:588} INFO - Filling up the DagBag from /home/airflow/.local/lib/python3.12/site-packages/airflow/example_dags/example_bash_decorator.py
[2024-11-23T00:50:20.815+0000] {processor.py:925} INFO - DAG(s) 'example_bash_decorator' retrieved from /home/airflow/.local/lib/python3.12/site-packages/airflow/example_dags/example_bash_decorator.py
[2024-11-23T00:50:20.835+0000] {logging_mixin.py:190} INFO - [2024-11-23T00:50:20.835+0000] {dag.py:3239} INFO - Sync 1 DAGs
[2024-11-23T00:50:20.846+0000] {logging_mixin.py:190} INFO - [2024-11-23T00:50:20.846+0000] {dag.py:4180} INFO - Setting next_dagrun for example_bash_decorator to None, run_after=None
[2024-11-23T00:50:20.861+0000] {processor.py:208} INFO - Processing /home/airflow/.local/lib/python3.12/site-packages/airflow/example_dags/example_bash_decorator.py took 0.064 seconds
[2024-11-23T00:50:51.887+0000] {processor.py:186} INFO - Started process (PID=272) to work on /home/airflow/.local/lib/python3.12/site-packages/airflow/example_dags/example_bash_decorator.py
[2024-11-23T00:50:51.888+0000] {processor.py:914} INFO - Processing file /home/airflow/.local/lib/python3.12/site-packages/airflow/example_dags/example_bash_decorator.py for tasks to queue
[2024-11-23T00:50:51.890+0000] {logging_mixin.py:190} INFO - [2024-11-23T00:50:51.890+0000] {dagbag.py:588} INFO - Filling up the DagBag from /home/airflow/.local/lib/python3.12/site-packages/airflow/example_dags/example_bash_decorator.py
[2024-11-23T00:50:51.902+0000] {processor.py:925} INFO - DAG(s) 'example_bash_decorator' retrieved from /home/airflow/.local/lib/python3.12/site-packages/airflow/example_dags/example_bash_decorator.py
[2024-11-23T00:50:51.921+0000] {logging_mixin.py:190} INFO - [2024-11-23T00:50:51.921+0000] {dag.py:3239} INFO - Sync 1 DAGs
[2024-11-23T00:50:51.933+0000] {logging_mixin.py:190} INFO - [2024-11-23T00:50:51.933+0000] {dag.py:4180} INFO - Setting next_dagrun for example_bash_decorator to None, run_after=None
[2024-11-23T00:50:51.947+0000] {processor.py:208} INFO - Processing /home/airflow/.local/lib/python3.12/site-packages/airflow/example_dags/example_bash_decorator.py took 0.065 seconds
[2024-11-23T00:51:22.752+0000] {processor.py:186} INFO - Started process (PID=335) to work on /home/airflow/.local/lib/python3.12/site-packages/airflow/example_dags/example_bash_decorator.py
[2024-11-23T00:51:22.753+0000] {processor.py:914} INFO - Processing file /home/airflow/.local/lib/python3.12/site-packages/airflow/example_dags/example_bash_decorator.py for tasks to queue
[2024-11-23T00:51:22.755+0000] {logging_mixin.py:190} INFO - [2024-11-23T00:51:22.754+0000] {dagbag.py:588} INFO - Filling up the DagBag from /home/airflow/.local/lib/python3.12/site-packages/airflow/example_dags/example_bash_decorator.py
[2024-11-23T00:51:22.766+0000] {processor.py:925} INFO - DAG(s) 'example_bash_decorator' retrieved from /home/airflow/.local/lib/python3.12/site-packages/airflow/example_dags/example_bash_decorator.py
[2024-11-23T00:51:22.787+0000] {logging_mixin.py:190} INFO - [2024-11-23T00:51:22.786+0000] {dag.py:3239} INFO - Sync 1 DAGs
[2024-11-23T00:51:22.798+0000] {logging_mixin.py:190} INFO - [2024-11-23T00:51:22.798+0000] {dag.py:4180} INFO - Setting next_dagrun for example_bash_decorator to None, run_after=None
[2024-11-23T00:51:22.812+0000] {processor.py:208} INFO - Processing /home/airflow/.local/lib/python3.12/site-packages/airflow/example_dags/example_bash_decorator.py took 0.066 seconds
[2024-11-23T00:51:53.431+0000] {processor.py:186} INFO - Started process (PID=398) to work on /home/airflow/.local/lib/python3.12/site-packages/airflow/example_dags/example_bash_decorator.py
[2024-11-23T00:51:53.431+0000] {processor.py:914} INFO - Processing file /home/airflow/.local/lib/python3.12/site-packages/airflow/example_dags/example_bash_decorator.py for tasks to queue
[2024-11-23T00:51:53.433+0000] {logging_mixin.py:190} INFO - [2024-11-23T00:51:53.433+0000] {dagbag.py:588} INFO - Filling up the DagBag from /home/airflow/.local/lib/python3.12/site-packages/airflow/example_dags/example_bash_decorator.py
[2024-11-23T00:51:53.445+0000] {processor.py:925} INFO - DAG(s) 'example_bash_decorator' retrieved from /home/airflow/.local/lib/python3.12/site-packages/airflow/example_dags/example_bash_decorator.py
[2024-11-23T00:51:53.467+0000] {logging_mixin.py:190} INFO - [2024-11-23T00:51:53.466+0000] {dag.py:3239} INFO - Sync 1 DAGs
[2024-11-23T00:51:53.480+0000] {logging_mixin.py:190} INFO - [2024-11-23T00:51:53.480+0000] {dag.py:4180} INFO - Setting next_dagrun for example_bash_decorator to None, run_after=None
[2024-11-23T00:51:53.496+0000] {processor.py:208} INFO - Processing /home/airflow/.local/lib/python3.12/site-packages/airflow/example_dags/example_bash_decorator.py took 0.071 seconds
[2024-11-23T00:52:23.681+0000] {processor.py:186} INFO - Started process (PID=460) to work on /home/airflow/.local/lib/python3.12/site-packages/airflow/example_dags/example_bash_decorator.py
[2024-11-23T00:52:23.682+0000] {processor.py:914} INFO - Processing file /home/airflow/.local/lib/python3.12/site-packages/airflow/example_dags/example_bash_decorator.py for tasks to queue
[2024-11-23T00:52:23.685+0000] {logging_mixin.py:190} INFO - [2024-11-23T00:52:23.684+0000] {dagbag.py:588} INFO - Filling up the DagBag from /home/airflow/.local/lib/python3.12/site-packages/airflow/example_dags/example_bash_decorator.py
[2024-11-23T00:52:23.696+0000] {processor.py:925} INFO - DAG(s) 'example_bash_decorator' retrieved from /home/airflow/.local/lib/python3.12/site-packages/airflow/example_dags/example_bash_decorator.py
[2024-11-23T00:52:23.716+0000] {logging_mixin.py:190} INFO - [2024-11-23T00:52:23.716+0000] {dag.py:3239} INFO - Sync 1 DAGs
[2024-11-23T00:52:23.728+0000] {logging_mixin.py:190} INFO - [2024-11-23T00:52:23.728+0000] {dag.py:4180} INFO - Setting next_dagrun for example_bash_decorator to None, run_after=None
[2024-11-23T00:52:23.742+0000] {processor.py:208} INFO - Processing /home/airflow/.local/lib/python3.12/site-packages/airflow/example_dags/example_bash_decorator.py took 0.065 seconds
[2024-11-23T00:52:54.667+0000] {processor.py:186} INFO - Started process (PID=523) to work on /home/airflow/.local/lib/python3.12/site-packages/airflow/example_dags/example_bash_decorator.py
[2024-11-23T00:52:54.668+0000] {processor.py:914} INFO - Processing file /home/airflow/.local/lib/python3.12/site-packages/airflow/example_dags/example_bash_decorator.py for tasks to queue
[2024-11-23T00:52:54.670+0000] {logging_mixin.py:190} INFO - [2024-11-23T00:52:54.670+0000] {dagbag.py:588} INFO - Filling up the DagBag from /home/airflow/.local/lib/python3.12/site-packages/airflow/example_dags/example_bash_decorator.py
[2024-11-23T00:52:54.682+0000] {processor.py:925} INFO - DAG(s) 'example_bash_decorator' retrieved from /home/airflow/.local/lib/python3.12/site-packages/airflow/example_dags/example_bash_decorator.py
[2024-11-23T00:52:54.702+0000] {logging_mixin.py:190} INFO - [2024-11-23T00:52:54.702+0000] {dag.py:3239} INFO - Sync 1 DAGs
[2024-11-23T00:52:54.714+0000] {logging_mixin.py:190} INFO - [2024-11-23T00:52:54.714+0000] {dag.py:4180} INFO - Setting next_dagrun for example_bash_decorator to None, run_after=None
[2024-11-23T00:52:54.728+0000] {processor.py:208} INFO - Processing /home/airflow/.local/lib/python3.12/site-packages/airflow/example_dags/example_bash_decorator.py took 0.066 seconds
[2024-11-23T00:53:24.957+0000] {processor.py:186} INFO - Started process (PID=586) to work on /home/airflow/.local/lib/python3.12/site-packages/airflow/example_dags/example_bash_decorator.py
[2024-11-23T00:53:24.958+0000] {processor.py:914} INFO - Processing file /home/airflow/.local/lib/python3.12/site-packages/airflow/example_dags/example_bash_decorator.py for tasks to queue
[2024-11-23T00:53:24.960+0000] {logging_mixin.py:190} INFO - [2024-11-23T00:53:24.959+0000] {dagbag.py:588} INFO - Filling up the DagBag from /home/airflow/.local/lib/python3.12/site-packages/airflow/example_dags/example_bash_decorator.py
[2024-11-23T00:53:24.971+0000] {processor.py:925} INFO - DAG(s) 'example_bash_decorator' retrieved from /home/airflow/.local/lib/python3.12/site-packages/airflow/example_dags/example_bash_decorator.py
[2024-11-23T00:53:24.989+0000] {logging_mixin.py:190} INFO - [2024-11-23T00:53:24.989+0000] {dag.py:3239} INFO - Sync 1 DAGs
[2024-11-23T00:53:25.002+0000] {logging_mixin.py:190} INFO - [2024-11-23T00:53:25.002+0000] {dag.py:4180} INFO - Setting next_dagrun for example_bash_decorator to None, run_after=None
[2024-11-23T00:53:25.016+0000] {processor.py:208} INFO - Processing /home/airflow/.local/lib/python3.12/site-packages/airflow/example_dags/example_bash_decorator.py took 0.064 seconds
