[2024-11-23T00:49:14.854+0000] {processor.py:186} INFO - Started process (PID=49) to work on /home/airflow/.local/lib/python3.12/site-packages/airflow/example_dags/tutorial_dag.py
[2024-11-23T00:49:14.855+0000] {processor.py:914} INFO - Processing file /home/airflow/.local/lib/python3.12/site-packages/airflow/example_dags/tutorial_dag.py for tasks to queue
[2024-11-23T00:49:14.862+0000] {logging_mixin.py:190} INFO - [2024-11-23T00:49:14.860+0000] {dagbag.py:588} INFO - Filling up the DagBag from /home/airflow/.local/lib/python3.12/site-packages/airflow/example_dags/tutorial_dag.py
[2024-11-23T00:49:14.891+0000] {processor.py:925} INFO - DAG(s) 'tutorial_dag' retrieved from /home/airflow/.local/lib/python3.12/site-packages/airflow/example_dags/tutorial_dag.py
[2024-11-23T00:49:15.207+0000] {logging_mixin.py:190} INFO - [2024-11-23T00:49:15.206+0000] {override.py:1911} INFO - Created Permission View: can delete on DAG:tutorial_dag
[2024-11-23T00:49:15.216+0000] {logging_mixin.py:190} INFO - [2024-11-23T00:49:15.215+0000] {override.py:1911} INFO - Created Permission View: can read on DAG:tutorial_dag
[2024-11-23T00:49:15.222+0000] {logging_mixin.py:190} INFO - [2024-11-23T00:49:15.221+0000] {override.py:1911} INFO - Created Permission View: can edit on DAG:tutorial_dag
[2024-11-23T00:49:15.228+0000] {logging_mixin.py:190} INFO - [2024-11-23T00:49:15.228+0000] {override.py:1911} INFO - Created Permission View: can create on DAG Run:tutorial_dag
[2024-11-23T00:49:15.235+0000] {logging_mixin.py:190} INFO - [2024-11-23T00:49:15.235+0000] {override.py:1911} INFO - Created Permission View: can delete on DAG Run:tutorial_dag
[2024-11-23T00:49:15.243+0000] {logging_mixin.py:190} INFO - [2024-11-23T00:49:15.243+0000] {override.py:1911} INFO - Created Permission View: can read on DAG Run:tutorial_dag
[2024-11-23T00:49:15.251+0000] {logging_mixin.py:190} INFO - [2024-11-23T00:49:15.250+0000] {override.py:1911} INFO - Created Permission View: menu access on DAG Run:tutorial_dag
[2024-11-23T00:49:15.251+0000] {logging_mixin.py:190} INFO - [2024-11-23T00:49:15.251+0000] {dag.py:3239} INFO - Sync 1 DAGs
[2024-11-23T00:49:15.270+0000] {logging_mixin.py:190} INFO - [2024-11-23T00:49:15.269+0000] {dag.py:3262} INFO - Creating ORM DAG for tutorial_dag
[2024-11-23T00:49:15.270+0000] {logging_mixin.py:190} INFO - [2024-11-23T00:49:15.270+0000] {dag.py:4180} INFO - Setting next_dagrun for tutorial_dag to None, run_after=None
[2024-11-23T00:49:15.289+0000] {processor.py:208} INFO - Processing /home/airflow/.local/lib/python3.12/site-packages/airflow/example_dags/tutorial_dag.py took 0.449 seconds
[2024-11-23T00:49:45.699+0000] {processor.py:186} INFO - Started process (PID=112) to work on /home/airflow/.local/lib/python3.12/site-packages/airflow/example_dags/tutorial_dag.py
[2024-11-23T00:49:45.700+0000] {processor.py:914} INFO - Processing file /home/airflow/.local/lib/python3.12/site-packages/airflow/example_dags/tutorial_dag.py for tasks to queue
[2024-11-23T00:49:45.703+0000] {logging_mixin.py:190} INFO - [2024-11-23T00:49:45.702+0000] {dagbag.py:588} INFO - Filling up the DagBag from /home/airflow/.local/lib/python3.12/site-packages/airflow/example_dags/tutorial_dag.py
[2024-11-23T00:49:45.711+0000] {processor.py:925} INFO - DAG(s) 'tutorial_dag' retrieved from /home/airflow/.local/lib/python3.12/site-packages/airflow/example_dags/tutorial_dag.py
[2024-11-23T00:49:45.738+0000] {logging_mixin.py:190} INFO - [2024-11-23T00:49:45.738+0000] {dag.py:3239} INFO - Sync 1 DAGs
[2024-11-23T00:49:45.758+0000] {logging_mixin.py:190} INFO - [2024-11-23T00:49:45.758+0000] {dag.py:4180} INFO - Setting next_dagrun for tutorial_dag to None, run_after=None
[2024-11-23T00:49:45.782+0000] {processor.py:208} INFO - Processing /home/airflow/.local/lib/python3.12/site-packages/airflow/example_dags/tutorial_dag.py took 0.090 seconds
[2024-11-23T00:50:16.126+0000] {processor.py:186} INFO - Started process (PID=175) to work on /home/airflow/.local/lib/python3.12/site-packages/airflow/example_dags/tutorial_dag.py
[2024-11-23T00:50:16.126+0000] {processor.py:914} INFO - Processing file /home/airflow/.local/lib/python3.12/site-packages/airflow/example_dags/tutorial_dag.py for tasks to queue
[2024-11-23T00:50:16.128+0000] {logging_mixin.py:190} INFO - [2024-11-23T00:50:16.128+0000] {dagbag.py:588} INFO - Filling up the DagBag from /home/airflow/.local/lib/python3.12/site-packages/airflow/example_dags/tutorial_dag.py
[2024-11-23T00:50:16.135+0000] {processor.py:925} INFO - DAG(s) 'tutorial_dag' retrieved from /home/airflow/.local/lib/python3.12/site-packages/airflow/example_dags/tutorial_dag.py
[2024-11-23T00:50:16.152+0000] {logging_mixin.py:190} INFO - [2024-11-23T00:50:16.151+0000] {dag.py:3239} INFO - Sync 1 DAGs
[2024-11-23T00:50:16.165+0000] {logging_mixin.py:190} INFO - [2024-11-23T00:50:16.165+0000] {dag.py:4180} INFO - Setting next_dagrun for tutorial_dag to None, run_after=None
[2024-11-23T00:50:16.180+0000] {processor.py:208} INFO - Processing /home/airflow/.local/lib/python3.12/site-packages/airflow/example_dags/tutorial_dag.py took 0.059 seconds
[2024-11-23T00:50:46.248+0000] {processor.py:186} INFO - Started process (PID=238) to work on /home/airflow/.local/lib/python3.12/site-packages/airflow/example_dags/tutorial_dag.py
[2024-11-23T00:50:46.250+0000] {processor.py:914} INFO - Processing file /home/airflow/.local/lib/python3.12/site-packages/airflow/example_dags/tutorial_dag.py for tasks to queue
[2024-11-23T00:50:46.252+0000] {logging_mixin.py:190} INFO - [2024-11-23T00:50:46.251+0000] {dagbag.py:588} INFO - Filling up the DagBag from /home/airflow/.local/lib/python3.12/site-packages/airflow/example_dags/tutorial_dag.py
[2024-11-23T00:50:46.258+0000] {processor.py:925} INFO - DAG(s) 'tutorial_dag' retrieved from /home/airflow/.local/lib/python3.12/site-packages/airflow/example_dags/tutorial_dag.py
[2024-11-23T00:50:46.277+0000] {logging_mixin.py:190} INFO - [2024-11-23T00:50:46.277+0000] {dag.py:3239} INFO - Sync 1 DAGs
[2024-11-23T00:50:46.289+0000] {logging_mixin.py:190} INFO - [2024-11-23T00:50:46.289+0000] {dag.py:4180} INFO - Setting next_dagrun for tutorial_dag to None, run_after=None
[2024-11-23T00:50:46.304+0000] {processor.py:208} INFO - Processing /home/airflow/.local/lib/python3.12/site-packages/airflow/example_dags/tutorial_dag.py took 0.061 seconds
[2024-11-23T00:51:16.748+0000] {processor.py:186} INFO - Started process (PID=301) to work on /home/airflow/.local/lib/python3.12/site-packages/airflow/example_dags/tutorial_dag.py
[2024-11-23T00:51:16.750+0000] {processor.py:914} INFO - Processing file /home/airflow/.local/lib/python3.12/site-packages/airflow/example_dags/tutorial_dag.py for tasks to queue
[2024-11-23T00:51:16.752+0000] {logging_mixin.py:190} INFO - [2024-11-23T00:51:16.752+0000] {dagbag.py:588} INFO - Filling up the DagBag from /home/airflow/.local/lib/python3.12/site-packages/airflow/example_dags/tutorial_dag.py
[2024-11-23T00:51:16.759+0000] {processor.py:925} INFO - DAG(s) 'tutorial_dag' retrieved from /home/airflow/.local/lib/python3.12/site-packages/airflow/example_dags/tutorial_dag.py
[2024-11-23T00:51:16.776+0000] {logging_mixin.py:190} INFO - [2024-11-23T00:51:16.776+0000] {dag.py:3239} INFO - Sync 1 DAGs
[2024-11-23T00:51:16.788+0000] {logging_mixin.py:190} INFO - [2024-11-23T00:51:16.788+0000] {dag.py:4180} INFO - Setting next_dagrun for tutorial_dag to None, run_after=None
[2024-11-23T00:51:16.803+0000] {processor.py:208} INFO - Processing /home/airflow/.local/lib/python3.12/site-packages/airflow/example_dags/tutorial_dag.py took 0.059 seconds
[2024-11-23T00:51:46.941+0000] {processor.py:186} INFO - Started process (PID=364) to work on /home/airflow/.local/lib/python3.12/site-packages/airflow/example_dags/tutorial_dag.py
[2024-11-23T00:51:46.942+0000] {processor.py:914} INFO - Processing file /home/airflow/.local/lib/python3.12/site-packages/airflow/example_dags/tutorial_dag.py for tasks to queue
[2024-11-23T00:51:46.945+0000] {logging_mixin.py:190} INFO - [2024-11-23T00:51:46.944+0000] {dagbag.py:588} INFO - Filling up the DagBag from /home/airflow/.local/lib/python3.12/site-packages/airflow/example_dags/tutorial_dag.py
[2024-11-23T00:51:46.952+0000] {processor.py:925} INFO - DAG(s) 'tutorial_dag' retrieved from /home/airflow/.local/lib/python3.12/site-packages/airflow/example_dags/tutorial_dag.py
[2024-11-23T00:51:46.969+0000] {logging_mixin.py:190} INFO - [2024-11-23T00:51:46.969+0000] {dag.py:3239} INFO - Sync 1 DAGs
[2024-11-23T00:51:46.981+0000] {logging_mixin.py:190} INFO - [2024-11-23T00:51:46.981+0000] {dag.py:4180} INFO - Setting next_dagrun for tutorial_dag to None, run_after=None
[2024-11-23T00:51:46.998+0000] {processor.py:208} INFO - Processing /home/airflow/.local/lib/python3.12/site-packages/airflow/example_dags/tutorial_dag.py took 0.061 seconds
[2024-11-23T00:52:17.447+0000] {processor.py:186} INFO - Started process (PID=427) to work on /home/airflow/.local/lib/python3.12/site-packages/airflow/example_dags/tutorial_dag.py
[2024-11-23T00:52:17.458+0000] {processor.py:914} INFO - Processing file /home/airflow/.local/lib/python3.12/site-packages/airflow/example_dags/tutorial_dag.py for tasks to queue
[2024-11-23T00:52:17.461+0000] {logging_mixin.py:190} INFO - [2024-11-23T00:52:17.460+0000] {dagbag.py:588} INFO - Filling up the DagBag from /home/airflow/.local/lib/python3.12/site-packages/airflow/example_dags/tutorial_dag.py
[2024-11-23T00:52:17.466+0000] {processor.py:925} INFO - DAG(s) 'tutorial_dag' retrieved from /home/airflow/.local/lib/python3.12/site-packages/airflow/example_dags/tutorial_dag.py
[2024-11-23T00:52:17.483+0000] {logging_mixin.py:190} INFO - [2024-11-23T00:52:17.482+0000] {dag.py:3239} INFO - Sync 1 DAGs
[2024-11-23T00:52:17.494+0000] {logging_mixin.py:190} INFO - [2024-11-23T00:52:17.494+0000] {dag.py:4180} INFO - Setting next_dagrun for tutorial_dag to None, run_after=None
[2024-11-23T00:52:17.507+0000] {processor.py:208} INFO - Processing /home/airflow/.local/lib/python3.12/site-packages/airflow/example_dags/tutorial_dag.py took 0.066 seconds
[2024-11-23T00:52:48.281+0000] {processor.py:186} INFO - Started process (PID=490) to work on /home/airflow/.local/lib/python3.12/site-packages/airflow/example_dags/tutorial_dag.py
[2024-11-23T00:52:48.282+0000] {processor.py:914} INFO - Processing file /home/airflow/.local/lib/python3.12/site-packages/airflow/example_dags/tutorial_dag.py for tasks to queue
[2024-11-23T00:52:48.284+0000] {logging_mixin.py:190} INFO - [2024-11-23T00:52:48.284+0000] {dagbag.py:588} INFO - Filling up the DagBag from /home/airflow/.local/lib/python3.12/site-packages/airflow/example_dags/tutorial_dag.py
[2024-11-23T00:52:48.292+0000] {processor.py:925} INFO - DAG(s) 'tutorial_dag' retrieved from /home/airflow/.local/lib/python3.12/site-packages/airflow/example_dags/tutorial_dag.py
[2024-11-23T00:52:48.310+0000] {logging_mixin.py:190} INFO - [2024-11-23T00:52:48.310+0000] {dag.py:3239} INFO - Sync 1 DAGs
[2024-11-23T00:52:48.322+0000] {logging_mixin.py:190} INFO - [2024-11-23T00:52:48.322+0000] {dag.py:4180} INFO - Setting next_dagrun for tutorial_dag to None, run_after=None
[2024-11-23T00:52:48.340+0000] {processor.py:208} INFO - Processing /home/airflow/.local/lib/python3.12/site-packages/airflow/example_dags/tutorial_dag.py took 0.065 seconds
[2024-11-23T00:53:18.440+0000] {processor.py:186} INFO - Started process (PID=553) to work on /home/airflow/.local/lib/python3.12/site-packages/airflow/example_dags/tutorial_dag.py
[2024-11-23T00:53:18.441+0000] {processor.py:914} INFO - Processing file /home/airflow/.local/lib/python3.12/site-packages/airflow/example_dags/tutorial_dag.py for tasks to queue
[2024-11-23T00:53:18.443+0000] {logging_mixin.py:190} INFO - [2024-11-23T00:53:18.443+0000] {dagbag.py:588} INFO - Filling up the DagBag from /home/airflow/.local/lib/python3.12/site-packages/airflow/example_dags/tutorial_dag.py
[2024-11-23T00:53:18.451+0000] {processor.py:925} INFO - DAG(s) 'tutorial_dag' retrieved from /home/airflow/.local/lib/python3.12/site-packages/airflow/example_dags/tutorial_dag.py
[2024-11-23T00:53:18.468+0000] {logging_mixin.py:190} INFO - [2024-11-23T00:53:18.468+0000] {dag.py:3239} INFO - Sync 1 DAGs
[2024-11-23T00:53:18.481+0000] {logging_mixin.py:190} INFO - [2024-11-23T00:53:18.481+0000] {dag.py:4180} INFO - Setting next_dagrun for tutorial_dag to None, run_after=None
[2024-11-23T00:53:18.495+0000] {processor.py:208} INFO - Processing /home/airflow/.local/lib/python3.12/site-packages/airflow/example_dags/tutorial_dag.py took 0.060 seconds
[2024-11-23T00:53:48.679+0000] {processor.py:186} INFO - Started process (PID=616) to work on /home/airflow/.local/lib/python3.12/site-packages/airflow/example_dags/tutorial_dag.py
[2024-11-23T00:53:48.684+0000] {processor.py:914} INFO - Processing file /home/airflow/.local/lib/python3.12/site-packages/airflow/example_dags/tutorial_dag.py for tasks to queue
[2024-11-23T00:53:48.690+0000] {logging_mixin.py:190} INFO - [2024-11-23T00:53:48.687+0000] {dagbag.py:588} INFO - Filling up the DagBag from /home/airflow/.local/lib/python3.12/site-packages/airflow/example_dags/tutorial_dag.py
[2024-11-23T00:53:48.840+0000] {processor.py:925} INFO - DAG(s) 'tutorial_dag' retrieved from /home/airflow/.local/lib/python3.12/site-packages/airflow/example_dags/tutorial_dag.py
