[2024-11-14T22:30:58.921+0000] {processor.py:186} INFO - Started process (PID=43) to work on /opt/airflow/dags/inserir_indicadores.py
[2024-11-14T22:30:58.921+0000] {processor.py:914} INFO - Processing file /opt/airflow/dags/inserir_indicadores.py for tasks to queue
[2024-11-14T22:30:58.923+0000] {logging_mixin.py:190} INFO - [2024-11-14T22:30:58.923+0000] {dagbag.py:588} INFO - Filling up the DagBag from /opt/airflow/dags/inserir_indicadores.py
[2024-11-14T22:30:58.927+0000] {logging_mixin.py:190} INFO - [2024-11-14T22:30:58.925+0000] {dagbag.py:387} ERROR - Failed to import: /opt/airflow/dags/inserir_indicadores.py
Traceback (most recent call last):
  File "/home/airflow/.local/lib/python3.12/site-packages/airflow/models/dagbag.py", line 383, in parse
    loader.exec_module(new_module)
  File "<frozen importlib._bootstrap_external>", line 991, in exec_module
  File "<frozen importlib._bootstrap_external>", line 1129, in get_code
  File "<frozen importlib._bootstrap_external>", line 1059, in source_to_code
  File "<frozen importlib._bootstrap>", line 488, in _call_with_frames_removed
  File "/opt/airflow/dags/inserir_indicadores.py", line 19
    response = requests.get(url, params=params)
IndentationError: unexpected indent
[2024-11-14T22:30:58.927+0000] {processor.py:927} WARNING - No viable dags retrieved from /opt/airflow/dags/inserir_indicadores.py
[2024-11-14T22:30:58.946+0000] {processor.py:208} INFO - Processing /opt/airflow/dags/inserir_indicadores.py took 0.030 seconds
[2024-11-14T22:31:29.224+0000] {processor.py:186} INFO - Started process (PID=108) to work on /opt/airflow/dags/inserir_indicadores.py
[2024-11-14T22:31:29.226+0000] {processor.py:914} INFO - Processing file /opt/airflow/dags/inserir_indicadores.py for tasks to queue
[2024-11-14T22:31:29.231+0000] {logging_mixin.py:190} INFO - [2024-11-14T22:31:29.230+0000] {dagbag.py:588} INFO - Filling up the DagBag from /opt/airflow/dags/inserir_indicadores.py
[2024-11-14T22:31:29.237+0000] {logging_mixin.py:190} INFO - [2024-11-14T22:31:29.234+0000] {dagbag.py:387} ERROR - Failed to import: /opt/airflow/dags/inserir_indicadores.py
Traceback (most recent call last):
  File "/home/airflow/.local/lib/python3.12/site-packages/airflow/models/dagbag.py", line 383, in parse
    loader.exec_module(new_module)
  File "<frozen importlib._bootstrap_external>", line 991, in exec_module
  File "<frozen importlib._bootstrap_external>", line 1129, in get_code
  File "<frozen importlib._bootstrap_external>", line 1059, in source_to_code
  File "<frozen importlib._bootstrap>", line 488, in _call_with_frames_removed
  File "/opt/airflow/dags/inserir_indicadores.py", line 19
    response = requests.get(url, params=params)
IndentationError: unexpected indent
[2024-11-14T22:31:29.238+0000] {processor.py:927} WARNING - No viable dags retrieved from /opt/airflow/dags/inserir_indicadores.py
[2024-11-14T22:31:29.266+0000] {processor.py:208} INFO - Processing /opt/airflow/dags/inserir_indicadores.py took 0.049 seconds
[2024-11-14T22:31:59.352+0000] {processor.py:186} INFO - Started process (PID=173) to work on /opt/airflow/dags/inserir_indicadores.py
[2024-11-14T22:31:59.353+0000] {processor.py:914} INFO - Processing file /opt/airflow/dags/inserir_indicadores.py for tasks to queue
[2024-11-14T22:31:59.355+0000] {logging_mixin.py:190} INFO - [2024-11-14T22:31:59.355+0000] {dagbag.py:588} INFO - Filling up the DagBag from /opt/airflow/dags/inserir_indicadores.py
[2024-11-14T22:31:59.360+0000] {logging_mixin.py:190} INFO - [2024-11-14T22:31:59.358+0000] {dagbag.py:387} ERROR - Failed to import: /opt/airflow/dags/inserir_indicadores.py
Traceback (most recent call last):
  File "/home/airflow/.local/lib/python3.12/site-packages/airflow/models/dagbag.py", line 383, in parse
    loader.exec_module(new_module)
  File "<frozen importlib._bootstrap_external>", line 991, in exec_module
  File "<frozen importlib._bootstrap_external>", line 1129, in get_code
  File "<frozen importlib._bootstrap_external>", line 1059, in source_to_code
  File "<frozen importlib._bootstrap>", line 488, in _call_with_frames_removed
  File "/opt/airflow/dags/inserir_indicadores.py", line 11
    url = "https://brapi.dev/api/quote/PETR4,^BVSP"
    ^^^
IndentationError: expected an indented block after function definition on line 9
[2024-11-14T22:31:59.361+0000] {processor.py:927} WARNING - No viable dags retrieved from /opt/airflow/dags/inserir_indicadores.py
[2024-11-14T22:31:59.390+0000] {processor.py:208} INFO - Processing /opt/airflow/dags/inserir_indicadores.py took 0.046 seconds
[2024-11-14T22:32:29.606+0000] {processor.py:186} INFO - Started process (PID=238) to work on /opt/airflow/dags/inserir_indicadores.py
[2024-11-14T22:32:29.608+0000] {processor.py:914} INFO - Processing file /opt/airflow/dags/inserir_indicadores.py for tasks to queue
[2024-11-14T22:32:29.615+0000] {logging_mixin.py:190} INFO - [2024-11-14T22:32:29.613+0000] {dagbag.py:588} INFO - Filling up the DagBag from /opt/airflow/dags/inserir_indicadores.py
[2024-11-14T22:32:29.625+0000] {logging_mixin.py:190} INFO - [2024-11-14T22:32:29.620+0000] {dagbag.py:387} ERROR - Failed to import: /opt/airflow/dags/inserir_indicadores.py
Traceback (most recent call last):
  File "/home/airflow/.local/lib/python3.12/site-packages/airflow/models/dagbag.py", line 383, in parse
    loader.exec_module(new_module)
  File "<frozen importlib._bootstrap_external>", line 991, in exec_module
  File "<frozen importlib._bootstrap_external>", line 1129, in get_code
  File "<frozen importlib._bootstrap_external>", line 1059, in source_to_code
  File "<frozen importlib._bootstrap>", line 488, in _call_with_frames_removed
  File "/opt/airflow/dags/inserir_indicadores.py", line 11
    url = "https://brapi.dev/api/quote/PETR4,^BVSP"
    ^^^
IndentationError: expected an indented block after function definition on line 9
[2024-11-14T22:32:29.626+0000] {processor.py:927} WARNING - No viable dags retrieved from /opt/airflow/dags/inserir_indicadores.py
[2024-11-14T22:32:29.666+0000] {processor.py:208} INFO - Processing /opt/airflow/dags/inserir_indicadores.py took 0.070 seconds
[2024-11-14T22:32:54.031+0000] {processor.py:186} INFO - Started process (PID=303) to work on /opt/airflow/dags/inserir_indicadores.py
[2024-11-14T22:32:54.032+0000] {processor.py:914} INFO - Processing file /opt/airflow/dags/inserir_indicadores.py for tasks to queue
[2024-11-14T22:32:54.035+0000] {logging_mixin.py:190} INFO - [2024-11-14T22:32:54.035+0000] {dagbag.py:588} INFO - Filling up the DagBag from /opt/airflow/dags/inserir_indicadores.py
[2024-11-14T22:32:54.047+0000] {logging_mixin.py:190} INFO - [2024-11-14T22:32:54.041+0000] {dagbag.py:387} ERROR - Failed to import: /opt/airflow/dags/inserir_indicadores.py
Traceback (most recent call last):
  File "/home/airflow/.local/lib/python3.12/site-packages/airflow/models/dagbag.py", line 383, in parse
    loader.exec_module(new_module)
  File "<frozen importlib._bootstrap_external>", line 995, in exec_module
  File "<frozen importlib._bootstrap>", line 488, in _call_with_frames_removed
  File "/opt/airflow/dags/inserir_indicadores.py", line 110, in <module>
    dag = DAG(
          ^^^^
  File "/home/airflow/.local/lib/python3.12/site-packages/airflow/models/dag.py", line 593, in __init__
    validate_key(dag_id)
  File "/home/airflow/.local/lib/python3.12/site-packages/airflow/utils/helpers.py", line 57, in validate_key
    raise AirflowException(
airflow.exceptions.AirflowException: The key 'inserir em indicadores' has to be made of alphanumeric characters, dashes, dots and underscores exclusively
[2024-11-14T22:32:54.048+0000] {processor.py:927} WARNING - No viable dags retrieved from /opt/airflow/dags/inserir_indicadores.py
[2024-11-14T22:32:54.096+0000] {processor.py:208} INFO - Processing /opt/airflow/dags/inserir_indicadores.py took 0.074 seconds
[2024-11-14T22:33:24.348+0000] {processor.py:186} INFO - Started process (PID=368) to work on /opt/airflow/dags/inserir_indicadores.py
[2024-11-14T22:33:24.349+0000] {processor.py:914} INFO - Processing file /opt/airflow/dags/inserir_indicadores.py for tasks to queue
[2024-11-14T22:33:24.352+0000] {logging_mixin.py:190} INFO - [2024-11-14T22:33:24.351+0000] {dagbag.py:588} INFO - Filling up the DagBag from /opt/airflow/dags/inserir_indicadores.py
[2024-11-14T22:33:24.360+0000] {logging_mixin.py:190} INFO - [2024-11-14T22:33:24.355+0000] {dagbag.py:387} ERROR - Failed to import: /opt/airflow/dags/inserir_indicadores.py
Traceback (most recent call last):
  File "/home/airflow/.local/lib/python3.12/site-packages/airflow/models/dagbag.py", line 383, in parse
    loader.exec_module(new_module)
  File "<frozen importlib._bootstrap_external>", line 995, in exec_module
  File "<frozen importlib._bootstrap>", line 488, in _call_with_frames_removed
  File "/opt/airflow/dags/inserir_indicadores.py", line 110, in <module>
    dag = DAG(
          ^^^^
  File "/home/airflow/.local/lib/python3.12/site-packages/airflow/models/dag.py", line 593, in __init__
    validate_key(dag_id)
  File "/home/airflow/.local/lib/python3.12/site-packages/airflow/utils/helpers.py", line 57, in validate_key
    raise AirflowException(
airflow.exceptions.AirflowException: The key 'inserir em indicadores' has to be made of alphanumeric characters, dashes, dots and underscores exclusively
[2024-11-14T22:33:24.360+0000] {processor.py:927} WARNING - No viable dags retrieved from /opt/airflow/dags/inserir_indicadores.py
[2024-11-14T22:33:24.386+0000] {processor.py:208} INFO - Processing /opt/airflow/dags/inserir_indicadores.py took 0.046 seconds
[2024-11-14T22:33:52.304+0000] {processor.py:186} INFO - Started process (PID=433) to work on /opt/airflow/dags/inserir_indicadores.py
[2024-11-14T22:33:52.305+0000] {processor.py:914} INFO - Processing file /opt/airflow/dags/inserir_indicadores.py for tasks to queue
[2024-11-14T22:33:52.307+0000] {logging_mixin.py:190} INFO - [2024-11-14T22:33:52.307+0000] {dagbag.py:588} INFO - Filling up the DagBag from /opt/airflow/dags/inserir_indicadores.py
[2024-11-14T22:33:52.317+0000] {logging_mixin.py:190} INFO - [2024-11-14T22:33:52.313+0000] {dagbag.py:387} ERROR - Failed to import: /opt/airflow/dags/inserir_indicadores.py
Traceback (most recent call last):
  File "/home/airflow/.local/lib/python3.12/site-packages/airflow/models/dagbag.py", line 383, in parse
    loader.exec_module(new_module)
  File "<frozen importlib._bootstrap_external>", line 995, in exec_module
  File "<frozen importlib._bootstrap>", line 488, in _call_with_frames_removed
  File "/opt/airflow/dags/inserir_indicadores.py", line 110, in <module>
    dag = DAG(
          ^^^^
  File "/home/airflow/.local/lib/python3.12/site-packages/airflow/models/dag.py", line 593, in __init__
    validate_key(dag_id)
  File "/home/airflow/.local/lib/python3.12/site-packages/airflow/utils/helpers.py", line 57, in validate_key
    raise AirflowException(
airflow.exceptions.AirflowException: The key 'inserir_em _ndicadores' has to be made of alphanumeric characters, dashes, dots and underscores exclusively
[2024-11-14T22:33:52.317+0000] {processor.py:927} WARNING - No viable dags retrieved from /opt/airflow/dags/inserir_indicadores.py
[2024-11-14T22:33:52.344+0000] {processor.py:208} INFO - Processing /opt/airflow/dags/inserir_indicadores.py took 0.047 seconds
[2024-11-14T22:34:22.592+0000] {processor.py:186} INFO - Started process (PID=498) to work on /opt/airflow/dags/inserir_indicadores.py
[2024-11-14T22:34:22.594+0000] {processor.py:914} INFO - Processing file /opt/airflow/dags/inserir_indicadores.py for tasks to queue
[2024-11-14T22:34:22.596+0000] {logging_mixin.py:190} INFO - [2024-11-14T22:34:22.596+0000] {dagbag.py:588} INFO - Filling up the DagBag from /opt/airflow/dags/inserir_indicadores.py
[2024-11-14T22:34:22.607+0000] {logging_mixin.py:190} INFO - [2024-11-14T22:34:22.600+0000] {dagbag.py:387} ERROR - Failed to import: /opt/airflow/dags/inserir_indicadores.py
Traceback (most recent call last):
  File "/home/airflow/.local/lib/python3.12/site-packages/airflow/models/dagbag.py", line 383, in parse
    loader.exec_module(new_module)
  File "<frozen importlib._bootstrap_external>", line 995, in exec_module
  File "<frozen importlib._bootstrap>", line 488, in _call_with_frames_removed
  File "/opt/airflow/dags/inserir_indicadores.py", line 110, in <module>
    dag = DAG(
          ^^^^
  File "/home/airflow/.local/lib/python3.12/site-packages/airflow/models/dag.py", line 593, in __init__
    validate_key(dag_id)
  File "/home/airflow/.local/lib/python3.12/site-packages/airflow/utils/helpers.py", line 57, in validate_key
    raise AirflowException(
airflow.exceptions.AirflowException: The key 'inserir_em _ndicadores' has to be made of alphanumeric characters, dashes, dots and underscores exclusively
[2024-11-14T22:34:22.608+0000] {processor.py:927} WARNING - No viable dags retrieved from /opt/airflow/dags/inserir_indicadores.py
[2024-11-14T22:34:22.634+0000] {processor.py:208} INFO - Processing /opt/airflow/dags/inserir_indicadores.py took 0.050 seconds
[2024-11-14T22:34:52.967+0000] {processor.py:186} INFO - Started process (PID=563) to work on /opt/airflow/dags/inserir_indicadores.py
[2024-11-14T22:34:52.969+0000] {processor.py:914} INFO - Processing file /opt/airflow/dags/inserir_indicadores.py for tasks to queue
[2024-11-14T22:34:52.971+0000] {logging_mixin.py:190} INFO - [2024-11-14T22:34:52.971+0000] {dagbag.py:588} INFO - Filling up the DagBag from /opt/airflow/dags/inserir_indicadores.py
[2024-11-14T22:34:52.979+0000] {logging_mixin.py:190} INFO - [2024-11-14T22:34:52.975+0000] {dagbag.py:387} ERROR - Failed to import: /opt/airflow/dags/inserir_indicadores.py
Traceback (most recent call last):
  File "/home/airflow/.local/lib/python3.12/site-packages/airflow/models/dagbag.py", line 383, in parse
    loader.exec_module(new_module)
  File "<frozen importlib._bootstrap_external>", line 995, in exec_module
  File "<frozen importlib._bootstrap>", line 488, in _call_with_frames_removed
  File "/opt/airflow/dags/inserir_indicadores.py", line 110, in <module>
    dag = DAG(
          ^^^^
  File "/home/airflow/.local/lib/python3.12/site-packages/airflow/models/dag.py", line 593, in __init__
    validate_key(dag_id)
  File "/home/airflow/.local/lib/python3.12/site-packages/airflow/utils/helpers.py", line 57, in validate_key
    raise AirflowException(
airflow.exceptions.AirflowException: The key 'inserir_em _ndicadores' has to be made of alphanumeric characters, dashes, dots and underscores exclusively
[2024-11-14T22:34:52.980+0000] {processor.py:927} WARNING - No viable dags retrieved from /opt/airflow/dags/inserir_indicadores.py
[2024-11-14T22:34:53.011+0000] {processor.py:208} INFO - Processing /opt/airflow/dags/inserir_indicadores.py took 0.052 seconds
[2024-11-14T22:35:00.096+0000] {processor.py:186} INFO - Started process (PID=564) to work on /opt/airflow/dags/inserir_indicadores.py
[2024-11-14T22:35:00.097+0000] {processor.py:914} INFO - Processing file /opt/airflow/dags/inserir_indicadores.py for tasks to queue
[2024-11-14T22:35:00.099+0000] {logging_mixin.py:190} INFO - [2024-11-14T22:35:00.099+0000] {dagbag.py:588} INFO - Filling up the DagBag from /opt/airflow/dags/inserir_indicadores.py
[2024-11-14T22:35:00.113+0000] {processor.py:925} INFO - DAG(s) 'inserirIndicadores' retrieved from /opt/airflow/dags/inserir_indicadores.py
[2024-11-14T22:35:00.288+0000] {logging_mixin.py:190} INFO - [2024-11-14T22:35:00.287+0000] {override.py:1911} INFO - Created Permission View: can delete on DAG:inserirIndicadores
[2024-11-14T22:35:00.306+0000] {logging_mixin.py:190} INFO - [2024-11-14T22:35:00.306+0000] {override.py:1911} INFO - Created Permission View: can edit on DAG:inserirIndicadores
[2024-11-14T22:35:00.314+0000] {logging_mixin.py:190} INFO - [2024-11-14T22:35:00.313+0000] {override.py:1911} INFO - Created Permission View: can read on DAG:inserirIndicadores
[2024-11-14T22:35:00.322+0000] {logging_mixin.py:190} INFO - [2024-11-14T22:35:00.322+0000] {override.py:1911} INFO - Created Permission View: can create on DAG Run:inserirIndicadores
[2024-11-14T22:35:00.330+0000] {logging_mixin.py:190} INFO - [2024-11-14T22:35:00.329+0000] {override.py:1911} INFO - Created Permission View: can delete on DAG Run:inserirIndicadores
[2024-11-14T22:35:00.337+0000] {logging_mixin.py:190} INFO - [2024-11-14T22:35:00.337+0000] {override.py:1911} INFO - Created Permission View: menu access on DAG Run:inserirIndicadores
[2024-11-14T22:35:00.345+0000] {logging_mixin.py:190} INFO - [2024-11-14T22:35:00.344+0000] {override.py:1911} INFO - Created Permission View: can read on DAG Run:inserirIndicadores
[2024-11-14T22:35:00.345+0000] {logging_mixin.py:190} INFO - [2024-11-14T22:35:00.345+0000] {dag.py:3239} INFO - Sync 1 DAGs
[2024-11-14T22:35:00.362+0000] {logging_mixin.py:190} INFO - [2024-11-14T22:35:00.362+0000] {dag.py:3262} INFO - Creating ORM DAG for inserirIndicadores
[2024-11-14T22:35:00.363+0000] {logging_mixin.py:190} INFO - [2024-11-14T22:35:00.363+0000] {dag.py:4180} INFO - Setting next_dagrun for inserirIndicadores to None, run_after=None
[2024-11-14T22:35:00.383+0000] {processor.py:208} INFO - Processing /opt/airflow/dags/inserir_indicadores.py took 0.294 seconds
[2024-11-14T22:35:31.269+0000] {processor.py:186} INFO - Started process (PID=629) to work on /opt/airflow/dags/inserir_indicadores.py
[2024-11-14T22:35:31.271+0000] {processor.py:914} INFO - Processing file /opt/airflow/dags/inserir_indicadores.py for tasks to queue
[2024-11-14T22:35:31.273+0000] {logging_mixin.py:190} INFO - [2024-11-14T22:35:31.273+0000] {dagbag.py:588} INFO - Filling up the DagBag from /opt/airflow/dags/inserir_indicadores.py
[2024-11-14T22:35:31.286+0000] {processor.py:925} INFO - DAG(s) 'inserirIndicadores' retrieved from /opt/airflow/dags/inserir_indicadores.py
[2024-11-14T22:35:31.316+0000] {logging_mixin.py:190} INFO - [2024-11-14T22:35:31.316+0000] {dag.py:3239} INFO - Sync 1 DAGs
[2024-11-14T22:35:31.335+0000] {logging_mixin.py:190} INFO - [2024-11-14T22:35:31.335+0000] {dag.py:4180} INFO - Setting next_dagrun for inserirIndicadores to None, run_after=None
[2024-11-14T22:35:31.362+0000] {processor.py:208} INFO - Processing /opt/airflow/dags/inserir_indicadores.py took 0.102 seconds
[2024-11-14T22:36:17.058+0000] {processor.py:186} INFO - Started process (PID=687) to work on /opt/airflow/dags/inserir_indicadores.py
[2024-11-14T22:36:17.059+0000] {processor.py:914} INFO - Processing file /opt/airflow/dags/inserir_indicadores.py for tasks to queue
[2024-11-14T22:36:17.061+0000] {logging_mixin.py:190} INFO - [2024-11-14T22:36:17.061+0000] {dagbag.py:588} INFO - Filling up the DagBag from /opt/airflow/dags/inserir_indicadores.py
[2024-11-14T22:36:17.069+0000] {processor.py:925} INFO - DAG(s) 'inserirIndicadores' retrieved from /opt/airflow/dags/inserir_indicadores.py
[2024-11-14T22:36:17.088+0000] {logging_mixin.py:190} INFO - [2024-11-14T22:36:17.087+0000] {dag.py:3239} INFO - Sync 1 DAGs
[2024-11-14T22:36:17.102+0000] {logging_mixin.py:190} INFO - [2024-11-14T22:36:17.101+0000] {dag.py:4180} INFO - Setting next_dagrun for inserirIndicadores to None, run_after=None
[2024-11-14T22:36:17.120+0000] {processor.py:208} INFO - Processing /opt/airflow/dags/inserir_indicadores.py took 0.067 seconds
[2024-11-14T22:36:59.341+0000] {processor.py:186} INFO - Started process (PID=736) to work on /opt/airflow/dags/inserir_indicadores.py
[2024-11-14T22:36:59.343+0000] {processor.py:914} INFO - Processing file /opt/airflow/dags/inserir_indicadores.py for tasks to queue
[2024-11-14T22:36:59.345+0000] {logging_mixin.py:190} INFO - [2024-11-14T22:36:59.345+0000] {dagbag.py:588} INFO - Filling up the DagBag from /opt/airflow/dags/inserir_indicadores.py
[2024-11-14T22:36:59.352+0000] {processor.py:925} INFO - DAG(s) 'inserirIndicadores' retrieved from /opt/airflow/dags/inserir_indicadores.py
[2024-11-14T22:36:59.384+0000] {logging_mixin.py:190} INFO - [2024-11-14T22:36:59.384+0000] {dag.py:3239} INFO - Sync 1 DAGs
[2024-11-14T22:36:59.410+0000] {logging_mixin.py:190} INFO - [2024-11-14T22:36:59.409+0000] {dag.py:4180} INFO - Setting next_dagrun for inserirIndicadores to None, run_after=None
[2024-11-14T22:36:59.430+0000] {processor.py:208} INFO - Processing /opt/airflow/dags/inserir_indicadores.py took 0.095 seconds
[2024-11-14T22:37:55.248+0000] {processor.py:186} INFO - Started process (PID=787) to work on /opt/airflow/dags/inserir_indicadores.py
[2024-11-14T22:37:55.251+0000] {processor.py:914} INFO - Processing file /opt/airflow/dags/inserir_indicadores.py for tasks to queue
[2024-11-14T22:37:55.259+0000] {logging_mixin.py:190} INFO - [2024-11-14T22:37:55.257+0000] {dagbag.py:588} INFO - Filling up the DagBag from /opt/airflow/dags/inserir_indicadores.py
[2024-11-14T22:37:55.273+0000] {processor.py:925} INFO - DAG(s) 'inserirIndicadores' retrieved from /opt/airflow/dags/inserir_indicadores.py
[2024-11-14T22:37:57.222+0000] {logging_mixin.py:190} INFO - [2024-11-14T22:37:57.222+0000] {dag.py:3239} INFO - Sync 1 DAGs
[2024-11-14T22:37:57.251+0000] {logging_mixin.py:190} INFO - [2024-11-14T22:37:57.251+0000] {dag.py:4180} INFO - Setting next_dagrun for inserirIndicadores to None, run_after=None
[2024-11-14T22:37:57.283+0000] {processor.py:208} INFO - Processing /opt/airflow/dags/inserir_indicadores.py took 2.044 seconds
[2024-11-14T22:38:27.889+0000] {processor.py:186} INFO - Started process (PID=851) to work on /opt/airflow/dags/inserir_indicadores.py
[2024-11-14T22:38:27.890+0000] {processor.py:914} INFO - Processing file /opt/airflow/dags/inserir_indicadores.py for tasks to queue
[2024-11-14T22:38:27.891+0000] {logging_mixin.py:190} INFO - [2024-11-14T22:38:27.891+0000] {dagbag.py:588} INFO - Filling up the DagBag from /opt/airflow/dags/inserir_indicadores.py
[2024-11-14T22:38:27.904+0000] {processor.py:925} INFO - DAG(s) 'inserirIndicadores' retrieved from /opt/airflow/dags/inserir_indicadores.py
[2024-11-14T22:38:27.940+0000] {logging_mixin.py:190} INFO - [2024-11-14T22:38:27.940+0000] {dag.py:3239} INFO - Sync 1 DAGs
[2024-11-14T22:38:27.959+0000] {logging_mixin.py:190} INFO - [2024-11-14T22:38:27.959+0000] {dag.py:4180} INFO - Setting next_dagrun for inserirIndicadores to None, run_after=None
[2024-11-14T22:38:27.981+0000] {processor.py:208} INFO - Processing /opt/airflow/dags/inserir_indicadores.py took 0.101 seconds
[2024-11-14T22:38:56.123+0000] {processor.py:186} INFO - Started process (PID=914) to work on /opt/airflow/dags/inserir_indicadores.py
[2024-11-14T22:38:56.125+0000] {processor.py:914} INFO - Processing file /opt/airflow/dags/inserir_indicadores.py for tasks to queue
[2024-11-14T22:38:56.126+0000] {logging_mixin.py:190} INFO - [2024-11-14T22:38:56.126+0000] {dagbag.py:588} INFO - Filling up the DagBag from /opt/airflow/dags/inserir_indicadores.py
[2024-11-14T22:38:56.141+0000] {processor.py:925} INFO - DAG(s) 'inserirIndicadores' retrieved from /opt/airflow/dags/inserir_indicadores.py
[2024-11-14T22:38:56.314+0000] {logging_mixin.py:190} INFO - [2024-11-14T22:38:56.314+0000] {dag.py:3239} INFO - Sync 1 DAGs
[2024-11-14T22:38:56.336+0000] {logging_mixin.py:190} INFO - [2024-11-14T22:38:56.336+0000] {dag.py:4180} INFO - Setting next_dagrun for inserirIndicadores to None, run_after=None
[2024-11-14T22:38:56.364+0000] {processor.py:208} INFO - Processing /opt/airflow/dags/inserir_indicadores.py took 0.250 seconds
[2024-11-14T22:39:26.990+0000] {processor.py:186} INFO - Started process (PID=979) to work on /opt/airflow/dags/inserir_indicadores.py
[2024-11-14T22:39:26.991+0000] {processor.py:914} INFO - Processing file /opt/airflow/dags/inserir_indicadores.py for tasks to queue
[2024-11-14T22:39:26.992+0000] {logging_mixin.py:190} INFO - [2024-11-14T22:39:26.992+0000] {dagbag.py:588} INFO - Filling up the DagBag from /opt/airflow/dags/inserir_indicadores.py
[2024-11-14T22:39:27.002+0000] {processor.py:925} INFO - DAG(s) 'inserirIndicadores' retrieved from /opt/airflow/dags/inserir_indicadores.py
[2024-11-14T22:39:27.028+0000] {logging_mixin.py:190} INFO - [2024-11-14T22:39:27.027+0000] {dag.py:3239} INFO - Sync 1 DAGs
[2024-11-14T22:39:27.047+0000] {logging_mixin.py:190} INFO - [2024-11-14T22:39:27.047+0000] {dag.py:4180} INFO - Setting next_dagrun for inserirIndicadores to None, run_after=None
[2024-11-14T22:39:27.070+0000] {processor.py:208} INFO - Processing /opt/airflow/dags/inserir_indicadores.py took 0.088 seconds
[2024-11-14T22:39:57.205+0000] {processor.py:186} INFO - Started process (PID=1044) to work on /opt/airflow/dags/inserir_indicadores.py
[2024-11-14T22:39:57.207+0000] {processor.py:914} INFO - Processing file /opt/airflow/dags/inserir_indicadores.py for tasks to queue
[2024-11-14T22:39:57.208+0000] {logging_mixin.py:190} INFO - [2024-11-14T22:39:57.208+0000] {dagbag.py:588} INFO - Filling up the DagBag from /opt/airflow/dags/inserir_indicadores.py
[2024-11-14T22:39:57.219+0000] {processor.py:925} INFO - DAG(s) 'inserirIndicadores' retrieved from /opt/airflow/dags/inserir_indicadores.py
[2024-11-14T22:39:57.251+0000] {logging_mixin.py:190} INFO - [2024-11-14T22:39:57.250+0000] {dag.py:3239} INFO - Sync 1 DAGs
[2024-11-14T22:39:57.270+0000] {logging_mixin.py:190} INFO - [2024-11-14T22:39:57.270+0000] {dag.py:4180} INFO - Setting next_dagrun for inserirIndicadores to None, run_after=None
[2024-11-14T22:39:57.296+0000] {processor.py:208} INFO - Processing /opt/airflow/dags/inserir_indicadores.py took 0.098 seconds
[2024-11-14T22:40:27.519+0000] {processor.py:186} INFO - Started process (PID=1109) to work on /opt/airflow/dags/inserir_indicadores.py
[2024-11-14T22:40:27.521+0000] {processor.py:914} INFO - Processing file /opt/airflow/dags/inserir_indicadores.py for tasks to queue
[2024-11-14T22:40:27.522+0000] {logging_mixin.py:190} INFO - [2024-11-14T22:40:27.522+0000] {dagbag.py:588} INFO - Filling up the DagBag from /opt/airflow/dags/inserir_indicadores.py
[2024-11-14T22:40:27.534+0000] {processor.py:925} INFO - DAG(s) 'inserirIndicadores' retrieved from /opt/airflow/dags/inserir_indicadores.py
[2024-11-14T22:40:27.561+0000] {logging_mixin.py:190} INFO - [2024-11-14T22:40:27.561+0000] {dag.py:3239} INFO - Sync 1 DAGs
[2024-11-14T22:40:27.580+0000] {logging_mixin.py:190} INFO - [2024-11-14T22:40:27.580+0000] {dag.py:4180} INFO - Setting next_dagrun for inserirIndicadores to None, run_after=None
[2024-11-14T22:40:27.603+0000] {processor.py:208} INFO - Processing /opt/airflow/dags/inserir_indicadores.py took 0.092 seconds
[2024-11-14T22:40:58.209+0000] {processor.py:186} INFO - Started process (PID=1175) to work on /opt/airflow/dags/inserir_indicadores.py
[2024-11-14T22:40:58.211+0000] {processor.py:914} INFO - Processing file /opt/airflow/dags/inserir_indicadores.py for tasks to queue
[2024-11-14T22:40:58.213+0000] {logging_mixin.py:190} INFO - [2024-11-14T22:40:58.212+0000] {dagbag.py:588} INFO - Filling up the DagBag from /opt/airflow/dags/inserir_indicadores.py
[2024-11-14T22:40:58.226+0000] {processor.py:925} INFO - DAG(s) 'inserirIndicadores' retrieved from /opt/airflow/dags/inserir_indicadores.py
[2024-11-14T22:40:58.249+0000] {logging_mixin.py:190} INFO - [2024-11-14T22:40:58.248+0000] {dag.py:3239} INFO - Sync 1 DAGs
[2024-11-14T22:40:58.266+0000] {logging_mixin.py:190} INFO - [2024-11-14T22:40:58.266+0000] {dag.py:4180} INFO - Setting next_dagrun for inserirIndicadores to None, run_after=None
[2024-11-14T22:40:58.287+0000] {processor.py:208} INFO - Processing /opt/airflow/dags/inserir_indicadores.py took 0.086 seconds
[2024-11-14T22:43:17.035+0000] {processor.py:186} INFO - Started process (PID=43) to work on /opt/airflow/dags/inserir_indicadores.py
[2024-11-14T22:43:17.036+0000] {processor.py:914} INFO - Processing file /opt/airflow/dags/inserir_indicadores.py for tasks to queue
[2024-11-14T22:43:17.038+0000] {logging_mixin.py:190} INFO - [2024-11-14T22:43:17.038+0000] {dagbag.py:588} INFO - Filling up the DagBag from /opt/airflow/dags/inserir_indicadores.py
[2024-11-14T22:43:17.050+0000] {processor.py:925} INFO - DAG(s) 'inserirIndicadores' retrieved from /opt/airflow/dags/inserir_indicadores.py
[2024-11-14T22:43:17.074+0000] {logging_mixin.py:190} INFO - [2024-11-14T22:43:17.074+0000] {dag.py:3239} INFO - Sync 1 DAGs
[2024-11-14T22:43:17.089+0000] {logging_mixin.py:190} INFO - [2024-11-14T22:43:17.088+0000] {dag.py:4180} INFO - Setting next_dagrun for inserirIndicadores to None, run_after=None
[2024-11-14T22:43:17.106+0000] {processor.py:208} INFO - Processing /opt/airflow/dags/inserir_indicadores.py took 0.075 seconds
[2024-11-14T22:43:47.337+0000] {processor.py:186} INFO - Started process (PID=108) to work on /opt/airflow/dags/inserir_indicadores.py
[2024-11-14T22:43:47.349+0000] {processor.py:914} INFO - Processing file /opt/airflow/dags/inserir_indicadores.py for tasks to queue
[2024-11-14T22:43:47.352+0000] {logging_mixin.py:190} INFO - [2024-11-14T22:43:47.352+0000] {dagbag.py:588} INFO - Filling up the DagBag from /opt/airflow/dags/inserir_indicadores.py
[2024-11-14T22:43:47.362+0000] {processor.py:925} INFO - DAG(s) 'inserirIndicadores' retrieved from /opt/airflow/dags/inserir_indicadores.py
[2024-11-14T22:43:47.389+0000] {logging_mixin.py:190} INFO - [2024-11-14T22:43:47.389+0000] {dag.py:3239} INFO - Sync 1 DAGs
[2024-11-14T22:43:47.408+0000] {logging_mixin.py:190} INFO - [2024-11-14T22:43:47.408+0000] {dag.py:4180} INFO - Setting next_dagrun for inserirIndicadores to None, run_after=None
[2024-11-14T22:43:47.434+0000] {processor.py:208} INFO - Processing /opt/airflow/dags/inserir_indicadores.py took 0.105 seconds
[2024-11-14T22:44:17.576+0000] {processor.py:186} INFO - Started process (PID=173) to work on /opt/airflow/dags/inserir_indicadores.py
[2024-11-14T22:44:17.577+0000] {processor.py:914} INFO - Processing file /opt/airflow/dags/inserir_indicadores.py for tasks to queue
[2024-11-14T22:44:17.580+0000] {logging_mixin.py:190} INFO - [2024-11-14T22:44:17.579+0000] {dagbag.py:588} INFO - Filling up the DagBag from /opt/airflow/dags/inserir_indicadores.py
[2024-11-14T22:44:17.588+0000] {processor.py:925} INFO - DAG(s) 'inserirIndicadores' retrieved from /opt/airflow/dags/inserir_indicadores.py
[2024-11-14T22:44:17.614+0000] {logging_mixin.py:190} INFO - [2024-11-14T22:44:17.614+0000] {dag.py:3239} INFO - Sync 1 DAGs
[2024-11-14T22:44:17.633+0000] {logging_mixin.py:190} INFO - [2024-11-14T22:44:17.633+0000] {dag.py:4180} INFO - Setting next_dagrun for inserirIndicadores to None, run_after=None
[2024-11-14T22:44:17.659+0000] {processor.py:208} INFO - Processing /opt/airflow/dags/inserir_indicadores.py took 0.091 seconds
[2024-11-14T22:44:47.930+0000] {processor.py:186} INFO - Started process (PID=238) to work on /opt/airflow/dags/inserir_indicadores.py
[2024-11-14T22:44:47.942+0000] {processor.py:914} INFO - Processing file /opt/airflow/dags/inserir_indicadores.py for tasks to queue
[2024-11-14T22:44:47.946+0000] {logging_mixin.py:190} INFO - [2024-11-14T22:44:47.945+0000] {dagbag.py:588} INFO - Filling up the DagBag from /opt/airflow/dags/inserir_indicadores.py
[2024-11-14T22:44:47.954+0000] {processor.py:925} INFO - DAG(s) 'inserirIndicadores' retrieved from /opt/airflow/dags/inserir_indicadores.py
[2024-11-14T22:44:47.979+0000] {logging_mixin.py:190} INFO - [2024-11-14T22:44:47.978+0000] {dag.py:3239} INFO - Sync 1 DAGs
[2024-11-14T22:44:47.996+0000] {logging_mixin.py:190} INFO - [2024-11-14T22:44:47.995+0000] {dag.py:4180} INFO - Setting next_dagrun for inserirIndicadores to None, run_after=None
[2024-11-14T22:44:48.021+0000] {processor.py:208} INFO - Processing /opt/airflow/dags/inserir_indicadores.py took 0.097 seconds
[2024-11-14T22:45:18.365+0000] {processor.py:186} INFO - Started process (PID=303) to work on /opt/airflow/dags/inserir_indicadores.py
[2024-11-14T22:45:18.376+0000] {processor.py:914} INFO - Processing file /opt/airflow/dags/inserir_indicadores.py for tasks to queue
[2024-11-14T22:45:18.380+0000] {logging_mixin.py:190} INFO - [2024-11-14T22:45:18.380+0000] {dagbag.py:588} INFO - Filling up the DagBag from /opt/airflow/dags/inserir_indicadores.py
[2024-11-14T22:45:18.389+0000] {processor.py:925} INFO - DAG(s) 'inserirIndicadores' retrieved from /opt/airflow/dags/inserir_indicadores.py
[2024-11-14T22:45:18.417+0000] {logging_mixin.py:190} INFO - [2024-11-14T22:45:18.417+0000] {dag.py:3239} INFO - Sync 1 DAGs
[2024-11-14T22:45:18.438+0000] {logging_mixin.py:190} INFO - [2024-11-14T22:45:18.438+0000] {dag.py:4180} INFO - Setting next_dagrun for inserirIndicadores to None, run_after=None
[2024-11-14T22:45:18.467+0000] {processor.py:208} INFO - Processing /opt/airflow/dags/inserir_indicadores.py took 0.110 seconds
[2024-11-14T22:46:35.221+0000] {processor.py:186} INFO - Started process (PID=43) to work on /opt/airflow/dags/inserir_indicadores.py
[2024-11-14T22:46:35.222+0000] {processor.py:914} INFO - Processing file /opt/airflow/dags/inserir_indicadores.py for tasks to queue
[2024-11-14T22:46:35.224+0000] {logging_mixin.py:190} INFO - [2024-11-14T22:46:35.223+0000] {dagbag.py:588} INFO - Filling up the DagBag from /opt/airflow/dags/inserir_indicadores.py
[2024-11-14T22:46:35.237+0000] {processor.py:925} INFO - DAG(s) 'inserirIndicadores' retrieved from /opt/airflow/dags/inserir_indicadores.py
[2024-11-14T22:46:35.265+0000] {logging_mixin.py:190} INFO - [2024-11-14T22:46:35.265+0000] {dag.py:3239} INFO - Sync 1 DAGs
[2024-11-14T22:46:35.281+0000] {logging_mixin.py:190} INFO - [2024-11-14T22:46:35.280+0000] {dag.py:4180} INFO - Setting next_dagrun for inserirIndicadores to None, run_after=None
[2024-11-14T22:46:35.301+0000] {processor.py:208} INFO - Processing /opt/airflow/dags/inserir_indicadores.py took 0.085 seconds
[2024-11-14T22:47:05.629+0000] {processor.py:186} INFO - Started process (PID=108) to work on /opt/airflow/dags/inserir_indicadores.py
[2024-11-14T22:47:05.641+0000] {processor.py:914} INFO - Processing file /opt/airflow/dags/inserir_indicadores.py for tasks to queue
[2024-11-14T22:47:05.644+0000] {logging_mixin.py:190} INFO - [2024-11-14T22:47:05.644+0000] {dagbag.py:588} INFO - Filling up the DagBag from /opt/airflow/dags/inserir_indicadores.py
[2024-11-14T22:47:05.652+0000] {processor.py:925} INFO - DAG(s) 'inserirIndicadores' retrieved from /opt/airflow/dags/inserir_indicadores.py
[2024-11-14T22:47:05.679+0000] {logging_mixin.py:190} INFO - [2024-11-14T22:47:05.679+0000] {dag.py:3239} INFO - Sync 1 DAGs
[2024-11-14T22:47:05.698+0000] {logging_mixin.py:190} INFO - [2024-11-14T22:47:05.697+0000] {dag.py:4180} INFO - Setting next_dagrun for inserirIndicadores to None, run_after=None
[2024-11-14T22:47:05.722+0000] {processor.py:208} INFO - Processing /opt/airflow/dags/inserir_indicadores.py took 0.100 seconds
[2024-11-14T22:47:35.783+0000] {processor.py:186} INFO - Started process (PID=173) to work on /opt/airflow/dags/inserir_indicadores.py
[2024-11-14T22:47:35.795+0000] {processor.py:914} INFO - Processing file /opt/airflow/dags/inserir_indicadores.py for tasks to queue
[2024-11-14T22:47:35.800+0000] {logging_mixin.py:190} INFO - [2024-11-14T22:47:35.799+0000] {dagbag.py:588} INFO - Filling up the DagBag from /opt/airflow/dags/inserir_indicadores.py
[2024-11-14T22:47:35.814+0000] {processor.py:925} INFO - DAG(s) 'inserirIndicadores' retrieved from /opt/airflow/dags/inserir_indicadores.py
[2024-11-14T22:47:35.853+0000] {logging_mixin.py:190} INFO - [2024-11-14T22:47:35.853+0000] {dag.py:3239} INFO - Sync 1 DAGs
[2024-11-14T22:47:35.884+0000] {logging_mixin.py:190} INFO - [2024-11-14T22:47:35.884+0000] {dag.py:4180} INFO - Setting next_dagrun for inserirIndicadores to None, run_after=None
[2024-11-14T22:47:35.921+0000] {processor.py:208} INFO - Processing /opt/airflow/dags/inserir_indicadores.py took 0.150 seconds
[2024-11-14T22:48:06.237+0000] {processor.py:186} INFO - Started process (PID=238) to work on /opt/airflow/dags/inserir_indicadores.py
[2024-11-14T22:48:06.239+0000] {processor.py:914} INFO - Processing file /opt/airflow/dags/inserir_indicadores.py for tasks to queue
[2024-11-14T22:48:06.244+0000] {logging_mixin.py:190} INFO - [2024-11-14T22:48:06.243+0000] {dagbag.py:588} INFO - Filling up the DagBag from /opt/airflow/dags/inserir_indicadores.py
[2024-11-14T22:48:06.257+0000] {processor.py:925} INFO - DAG(s) 'inserirIndicadores' retrieved from /opt/airflow/dags/inserir_indicadores.py
[2024-11-14T22:48:06.294+0000] {logging_mixin.py:190} INFO - [2024-11-14T22:48:06.294+0000] {dag.py:3239} INFO - Sync 1 DAGs
[2024-11-14T22:48:06.321+0000] {logging_mixin.py:190} INFO - [2024-11-14T22:48:06.321+0000] {dag.py:4180} INFO - Setting next_dagrun for inserirIndicadores to None, run_after=None
[2024-11-14T22:48:06.355+0000] {processor.py:208} INFO - Processing /opt/airflow/dags/inserir_indicadores.py took 0.129 seconds
[2024-11-14T22:48:36.863+0000] {processor.py:186} INFO - Started process (PID=303) to work on /opt/airflow/dags/inserir_indicadores.py
[2024-11-14T22:48:36.874+0000] {processor.py:914} INFO - Processing file /opt/airflow/dags/inserir_indicadores.py for tasks to queue
[2024-11-14T22:48:36.877+0000] {logging_mixin.py:190} INFO - [2024-11-14T22:48:36.876+0000] {dagbag.py:588} INFO - Filling up the DagBag from /opt/airflow/dags/inserir_indicadores.py
[2024-11-14T22:48:36.884+0000] {processor.py:925} INFO - DAG(s) 'inserirIndicadores' retrieved from /opt/airflow/dags/inserir_indicadores.py
[2024-11-14T22:48:36.906+0000] {logging_mixin.py:190} INFO - [2024-11-14T22:48:36.906+0000] {dag.py:3239} INFO - Sync 1 DAGs
[2024-11-14T22:48:36.920+0000] {logging_mixin.py:190} INFO - [2024-11-14T22:48:36.920+0000] {dag.py:4180} INFO - Setting next_dagrun for inserirIndicadores to None, run_after=None
[2024-11-14T22:48:36.938+0000] {processor.py:208} INFO - Processing /opt/airflow/dags/inserir_indicadores.py took 0.081 seconds
[2024-11-14T22:49:07.276+0000] {processor.py:186} INFO - Started process (PID=368) to work on /opt/airflow/dags/inserir_indicadores.py
[2024-11-14T22:49:07.278+0000] {processor.py:914} INFO - Processing file /opt/airflow/dags/inserir_indicadores.py for tasks to queue
[2024-11-14T22:49:07.283+0000] {logging_mixin.py:190} INFO - [2024-11-14T22:49:07.282+0000] {dagbag.py:588} INFO - Filling up the DagBag from /opt/airflow/dags/inserir_indicadores.py
[2024-11-14T22:49:07.297+0000] {processor.py:925} INFO - DAG(s) 'inserirIndicadores' retrieved from /opt/airflow/dags/inserir_indicadores.py
[2024-11-14T22:49:07.336+0000] {logging_mixin.py:190} INFO - [2024-11-14T22:49:07.336+0000] {dag.py:3239} INFO - Sync 1 DAGs
[2024-11-14T22:49:07.368+0000] {logging_mixin.py:190} INFO - [2024-11-14T22:49:07.367+0000] {dag.py:4180} INFO - Setting next_dagrun for inserirIndicadores to None, run_after=None
[2024-11-14T22:49:07.409+0000] {processor.py:208} INFO - Processing /opt/airflow/dags/inserir_indicadores.py took 0.146 seconds
[2024-11-14T22:49:37.518+0000] {processor.py:186} INFO - Started process (PID=433) to work on /opt/airflow/dags/inserir_indicadores.py
[2024-11-14T22:49:37.520+0000] {processor.py:914} INFO - Processing file /opt/airflow/dags/inserir_indicadores.py for tasks to queue
[2024-11-14T22:49:37.525+0000] {logging_mixin.py:190} INFO - [2024-11-14T22:49:37.524+0000] {dagbag.py:588} INFO - Filling up the DagBag from /opt/airflow/dags/inserir_indicadores.py
[2024-11-14T22:49:37.539+0000] {processor.py:925} INFO - DAG(s) 'inserirIndicadores' retrieved from /opt/airflow/dags/inserir_indicadores.py
[2024-11-14T22:49:37.580+0000] {logging_mixin.py:190} INFO - [2024-11-14T22:49:37.579+0000] {dag.py:3239} INFO - Sync 1 DAGs
[2024-11-14T22:49:37.609+0000] {logging_mixin.py:190} INFO - [2024-11-14T22:49:37.608+0000] {dag.py:4180} INFO - Setting next_dagrun for inserirIndicadores to None, run_after=None
[2024-11-14T22:49:37.645+0000] {processor.py:208} INFO - Processing /opt/airflow/dags/inserir_indicadores.py took 0.140 seconds
[2024-11-14T22:50:00.672+0000] {processor.py:186} INFO - Started process (PID=498) to work on /opt/airflow/dags/inserir_indicadores.py
[2024-11-14T22:50:00.683+0000] {processor.py:914} INFO - Processing file /opt/airflow/dags/inserir_indicadores.py for tasks to queue
[2024-11-14T22:50:00.688+0000] {logging_mixin.py:190} INFO - [2024-11-14T22:50:00.688+0000] {dagbag.py:588} INFO - Filling up the DagBag from /opt/airflow/dags/inserir_indicadores.py
[2024-11-14T22:50:00.706+0000] {processor.py:925} INFO - DAG(s) 'inserirIndicadores' retrieved from /opt/airflow/dags/inserir_indicadores.py
[2024-11-14T22:50:00.746+0000] {logging_mixin.py:190} INFO - [2024-11-14T22:50:00.745+0000] {dag.py:3239} INFO - Sync 1 DAGs
[2024-11-14T22:50:00.776+0000] {logging_mixin.py:190} INFO - [2024-11-14T22:50:00.775+0000] {dag.py:4180} INFO - Setting next_dagrun for inserirIndicadores to None, run_after=None
[2024-11-14T22:50:00.816+0000] {processor.py:208} INFO - Processing /opt/airflow/dags/inserir_indicadores.py took 0.157 seconds
[2024-11-14T22:50:06.747+0000] {processor.py:186} INFO - Started process (PID=499) to work on /opt/airflow/dags/inserir_indicadores.py
[2024-11-14T22:50:06.748+0000] {processor.py:914} INFO - Processing file /opt/airflow/dags/inserir_indicadores.py for tasks to queue
[2024-11-14T22:50:06.753+0000] {logging_mixin.py:190} INFO - [2024-11-14T22:50:06.752+0000] {dagbag.py:588} INFO - Filling up the DagBag from /opt/airflow/dags/inserir_indicadores.py
[2024-11-14T22:50:06.770+0000] {processor.py:925} INFO - DAG(s) 'inserirIndicadores' retrieved from /opt/airflow/dags/inserir_indicadores.py
[2024-11-14T22:50:06.809+0000] {logging_mixin.py:190} INFO - [2024-11-14T22:50:06.809+0000] {dag.py:3239} INFO - Sync 1 DAGs
[2024-11-14T22:50:06.837+0000] {logging_mixin.py:190} INFO - [2024-11-14T22:50:06.837+0000] {dag.py:4180} INFO - Setting next_dagrun for inserirIndicadores to None, run_after=None
[2024-11-14T22:50:06.875+0000] {processor.py:208} INFO - Processing /opt/airflow/dags/inserir_indicadores.py took 0.142 seconds
[2024-11-14T22:50:36.965+0000] {processor.py:186} INFO - Started process (PID=565) to work on /opt/airflow/dags/inserir_indicadores.py
[2024-11-14T22:50:36.978+0000] {processor.py:914} INFO - Processing file /opt/airflow/dags/inserir_indicadores.py for tasks to queue
[2024-11-14T22:50:36.982+0000] {logging_mixin.py:190} INFO - [2024-11-14T22:50:36.982+0000] {dagbag.py:588} INFO - Filling up the DagBag from /opt/airflow/dags/inserir_indicadores.py
[2024-11-14T22:50:36.997+0000] {processor.py:925} INFO - DAG(s) 'inserirIndicadores' retrieved from /opt/airflow/dags/inserir_indicadores.py
[2024-11-14T22:50:37.034+0000] {logging_mixin.py:190} INFO - [2024-11-14T22:50:37.034+0000] {dag.py:3239} INFO - Sync 1 DAGs
[2024-11-14T22:50:37.064+0000] {logging_mixin.py:190} INFO - [2024-11-14T22:50:37.063+0000] {dag.py:4180} INFO - Setting next_dagrun for inserirIndicadores to None, run_after=None
[2024-11-14T22:50:37.099+0000] {processor.py:208} INFO - Processing /opt/airflow/dags/inserir_indicadores.py took 0.146 seconds
[2024-11-14T22:51:00.072+0000] {processor.py:186} INFO - Started process (PID=630) to work on /opt/airflow/dags/inserir_indicadores.py
[2024-11-14T22:51:00.073+0000] {processor.py:914} INFO - Processing file /opt/airflow/dags/inserir_indicadores.py for tasks to queue
[2024-11-14T22:51:00.077+0000] {logging_mixin.py:190} INFO - [2024-11-14T22:51:00.077+0000] {dagbag.py:588} INFO - Filling up the DagBag from /opt/airflow/dags/inserir_indicadores.py
[2024-11-14T22:51:00.093+0000] {processor.py:925} INFO - DAG(s) 'inserirIndicadores' retrieved from /opt/airflow/dags/inserir_indicadores.py
[2024-11-14T22:51:00.332+0000] {logging_mixin.py:190} INFO - [2024-11-14T22:51:00.331+0000] {dag.py:3239} INFO - Sync 1 DAGs
[2024-11-14T22:51:00.355+0000] {logging_mixin.py:190} INFO - [2024-11-14T22:51:00.355+0000] {dag.py:4180} INFO - Setting next_dagrun for inserirIndicadores to None, run_after=None
[2024-11-14T22:51:00.393+0000] {processor.py:208} INFO - Processing /opt/airflow/dags/inserir_indicadores.py took 0.335 seconds
[2024-11-14T22:51:30.463+0000] {processor.py:186} INFO - Started process (PID=695) to work on /opt/airflow/dags/inserir_indicadores.py
[2024-11-14T22:51:30.465+0000] {processor.py:914} INFO - Processing file /opt/airflow/dags/inserir_indicadores.py for tasks to queue
[2024-11-14T22:51:30.471+0000] {logging_mixin.py:190} INFO - [2024-11-14T22:51:30.469+0000] {dagbag.py:588} INFO - Filling up the DagBag from /opt/airflow/dags/inserir_indicadores.py
[2024-11-14T22:51:30.487+0000] {processor.py:925} INFO - DAG(s) 'inserirIndicadores' retrieved from /opt/airflow/dags/inserir_indicadores.py
[2024-11-14T22:51:30.525+0000] {logging_mixin.py:190} INFO - [2024-11-14T22:51:30.524+0000] {dag.py:3239} INFO - Sync 1 DAGs
[2024-11-14T22:51:30.553+0000] {logging_mixin.py:190} INFO - [2024-11-14T22:51:30.553+0000] {dag.py:4180} INFO - Setting next_dagrun for inserirIndicadores to None, run_after=None
[2024-11-14T22:51:30.587+0000] {processor.py:208} INFO - Processing /opt/airflow/dags/inserir_indicadores.py took 0.137 seconds
[2024-11-14T22:52:01.466+0000] {processor.py:186} INFO - Started process (PID=759) to work on /opt/airflow/dags/inserir_indicadores.py
[2024-11-14T22:52:01.468+0000] {processor.py:914} INFO - Processing file /opt/airflow/dags/inserir_indicadores.py for tasks to queue
[2024-11-14T22:52:01.472+0000] {logging_mixin.py:190} INFO - [2024-11-14T22:52:01.472+0000] {dagbag.py:588} INFO - Filling up the DagBag from /opt/airflow/dags/inserir_indicadores.py
[2024-11-14T22:52:01.485+0000] {processor.py:925} INFO - DAG(s) 'inserirIndicadores' retrieved from /opt/airflow/dags/inserir_indicadores.py
[2024-11-14T22:52:01.520+0000] {logging_mixin.py:190} INFO - [2024-11-14T22:52:01.519+0000] {dag.py:3239} INFO - Sync 1 DAGs
[2024-11-14T22:52:01.552+0000] {logging_mixin.py:190} INFO - [2024-11-14T22:52:01.551+0000] {dag.py:4180} INFO - Setting next_dagrun for inserirIndicadores to None, run_after=None
[2024-11-14T22:52:01.584+0000] {processor.py:208} INFO - Processing /opt/airflow/dags/inserir_indicadores.py took 0.129 seconds
[2024-11-14T22:52:32.320+0000] {processor.py:186} INFO - Started process (PID=823) to work on /opt/airflow/dags/inserir_indicadores.py
[2024-11-14T22:52:32.322+0000] {processor.py:914} INFO - Processing file /opt/airflow/dags/inserir_indicadores.py for tasks to queue
[2024-11-14T22:52:32.326+0000] {logging_mixin.py:190} INFO - [2024-11-14T22:52:32.326+0000] {dagbag.py:588} INFO - Filling up the DagBag from /opt/airflow/dags/inserir_indicadores.py
[2024-11-14T22:52:32.339+0000] {processor.py:925} INFO - DAG(s) 'inserirIndicadores' retrieved from /opt/airflow/dags/inserir_indicadores.py
[2024-11-14T22:52:32.376+0000] {logging_mixin.py:190} INFO - [2024-11-14T22:52:32.376+0000] {dag.py:3239} INFO - Sync 1 DAGs
[2024-11-14T22:52:32.403+0000] {logging_mixin.py:190} INFO - [2024-11-14T22:52:32.403+0000] {dag.py:4180} INFO - Setting next_dagrun for inserirIndicadores to None, run_after=None
[2024-11-14T22:52:32.441+0000] {processor.py:208} INFO - Processing /opt/airflow/dags/inserir_indicadores.py took 0.132 seconds
[2024-11-14T22:53:03.537+0000] {processor.py:186} INFO - Started process (PID=888) to work on /opt/airflow/dags/inserir_indicadores.py
[2024-11-14T22:53:03.538+0000] {processor.py:914} INFO - Processing file /opt/airflow/dags/inserir_indicadores.py for tasks to queue
[2024-11-14T22:53:03.542+0000] {logging_mixin.py:190} INFO - [2024-11-14T22:53:03.541+0000] {dagbag.py:588} INFO - Filling up the DagBag from /opt/airflow/dags/inserir_indicadores.py
[2024-11-14T22:53:03.554+0000] {processor.py:925} INFO - DAG(s) 'inserirIndicadores' retrieved from /opt/airflow/dags/inserir_indicadores.py
[2024-11-14T22:53:03.587+0000] {logging_mixin.py:190} INFO - [2024-11-14T22:53:03.587+0000] {dag.py:3239} INFO - Sync 1 DAGs
[2024-11-14T22:53:03.615+0000] {logging_mixin.py:190} INFO - [2024-11-14T22:53:03.614+0000] {dag.py:4180} INFO - Setting next_dagrun for inserirIndicadores to None, run_after=None
[2024-11-14T22:53:03.647+0000] {processor.py:208} INFO - Processing /opt/airflow/dags/inserir_indicadores.py took 0.121 seconds
[2024-11-14T22:53:34.150+0000] {processor.py:186} INFO - Started process (PID=938) to work on /opt/airflow/dags/inserir_indicadores.py
[2024-11-14T22:53:34.152+0000] {processor.py:914} INFO - Processing file /opt/airflow/dags/inserir_indicadores.py for tasks to queue
[2024-11-14T22:53:34.156+0000] {logging_mixin.py:190} INFO - [2024-11-14T22:53:34.155+0000] {dagbag.py:588} INFO - Filling up the DagBag from /opt/airflow/dags/inserir_indicadores.py
[2024-11-14T22:53:34.169+0000] {processor.py:925} INFO - DAG(s) 'inserirIndicadores' retrieved from /opt/airflow/dags/inserir_indicadores.py
[2024-11-14T22:53:34.202+0000] {logging_mixin.py:190} INFO - [2024-11-14T22:53:34.201+0000] {dag.py:3239} INFO - Sync 1 DAGs
[2024-11-14T22:53:34.229+0000] {logging_mixin.py:190} INFO - [2024-11-14T22:53:34.228+0000] {dag.py:4180} INFO - Setting next_dagrun for inserirIndicadores to None, run_after=None
[2024-11-14T22:53:34.261+0000] {processor.py:208} INFO - Processing /opt/airflow/dags/inserir_indicadores.py took 0.123 seconds
[2024-11-14T22:54:05.573+0000] {processor.py:186} INFO - Started process (PID=1001) to work on /opt/airflow/dags/inserir_indicadores.py
[2024-11-14T22:54:05.575+0000] {processor.py:914} INFO - Processing file /opt/airflow/dags/inserir_indicadores.py for tasks to queue
[2024-11-14T22:54:05.579+0000] {logging_mixin.py:190} INFO - [2024-11-14T22:54:05.578+0000] {dagbag.py:588} INFO - Filling up the DagBag from /opt/airflow/dags/inserir_indicadores.py
[2024-11-14T22:54:05.592+0000] {processor.py:925} INFO - DAG(s) 'inserirIndicadores' retrieved from /opt/airflow/dags/inserir_indicadores.py
[2024-11-14T22:54:05.629+0000] {logging_mixin.py:190} INFO - [2024-11-14T22:54:05.628+0000] {dag.py:3239} INFO - Sync 1 DAGs
[2024-11-14T22:54:05.658+0000] {logging_mixin.py:190} INFO - [2024-11-14T22:54:05.657+0000] {dag.py:4180} INFO - Setting next_dagrun for inserirIndicadores to None, run_after=None
[2024-11-14T22:54:05.693+0000] {processor.py:208} INFO - Processing /opt/airflow/dags/inserir_indicadores.py took 0.132 seconds
[2024-11-14T22:54:36.114+0000] {processor.py:186} INFO - Started process (PID=1065) to work on /opt/airflow/dags/inserir_indicadores.py
[2024-11-14T22:54:36.115+0000] {processor.py:914} INFO - Processing file /opt/airflow/dags/inserir_indicadores.py for tasks to queue
[2024-11-14T22:54:36.120+0000] {logging_mixin.py:190} INFO - [2024-11-14T22:54:36.119+0000] {dagbag.py:588} INFO - Filling up the DagBag from /opt/airflow/dags/inserir_indicadores.py
[2024-11-14T22:54:36.132+0000] {processor.py:925} INFO - DAG(s) 'inserirIndicadores' retrieved from /opt/airflow/dags/inserir_indicadores.py
[2024-11-14T22:54:36.169+0000] {logging_mixin.py:190} INFO - [2024-11-14T22:54:36.168+0000] {dag.py:3239} INFO - Sync 1 DAGs
[2024-11-14T22:54:36.196+0000] {logging_mixin.py:190} INFO - [2024-11-14T22:54:36.196+0000] {dag.py:4180} INFO - Setting next_dagrun for inserirIndicadores to None, run_after=None
[2024-11-14T22:54:36.230+0000] {processor.py:208} INFO - Processing /opt/airflow/dags/inserir_indicadores.py took 0.127 seconds
[2024-11-14T22:56:31.298+0000] {processor.py:186} INFO - Started process (PID=43) to work on /opt/airflow/dags/inserir_indicadores.py
[2024-11-14T22:56:31.299+0000] {processor.py:914} INFO - Processing file /opt/airflow/dags/inserir_indicadores.py for tasks to queue
[2024-11-14T22:56:31.302+0000] {logging_mixin.py:190} INFO - [2024-11-14T22:56:31.301+0000] {dagbag.py:588} INFO - Filling up the DagBag from /opt/airflow/dags/inserir_indicadores.py
[2024-11-14T22:56:31.320+0000] {processor.py:925} INFO - DAG(s) 'inserirIndicadores' retrieved from /opt/airflow/dags/inserir_indicadores.py
[2024-11-14T22:56:31.528+0000] {logging_mixin.py:190} INFO - [2024-11-14T22:56:31.527+0000] {override.py:1911} INFO - Created Permission View: can edit on DAG:inserirIndicadores
[2024-11-14T22:56:31.539+0000] {logging_mixin.py:190} INFO - [2024-11-14T22:56:31.538+0000] {override.py:1911} INFO - Created Permission View: can read on DAG:inserirIndicadores
[2024-11-14T22:56:31.545+0000] {logging_mixin.py:190} INFO - [2024-11-14T22:56:31.544+0000] {override.py:1911} INFO - Created Permission View: can delete on DAG:inserirIndicadores
[2024-11-14T22:56:31.551+0000] {logging_mixin.py:190} INFO - [2024-11-14T22:56:31.551+0000] {override.py:1911} INFO - Created Permission View: can delete on DAG Run:inserirIndicadores
[2024-11-14T22:56:31.557+0000] {logging_mixin.py:190} INFO - [2024-11-14T22:56:31.556+0000] {override.py:1911} INFO - Created Permission View: can read on DAG Run:inserirIndicadores
[2024-11-14T22:56:31.563+0000] {logging_mixin.py:190} INFO - [2024-11-14T22:56:31.563+0000] {override.py:1911} INFO - Created Permission View: can create on DAG Run:inserirIndicadores
[2024-11-14T22:56:31.569+0000] {logging_mixin.py:190} INFO - [2024-11-14T22:56:31.569+0000] {override.py:1911} INFO - Created Permission View: menu access on DAG Run:inserirIndicadores
[2024-11-14T22:56:31.570+0000] {logging_mixin.py:190} INFO - [2024-11-14T22:56:31.570+0000] {dag.py:3239} INFO - Sync 1 DAGs
[2024-11-14T22:56:31.583+0000] {logging_mixin.py:190} INFO - [2024-11-14T22:56:31.583+0000] {dag.py:3262} INFO - Creating ORM DAG for inserirIndicadores
[2024-11-14T22:56:31.584+0000] {logging_mixin.py:190} INFO - [2024-11-14T22:56:31.584+0000] {dag.py:4180} INFO - Setting next_dagrun for inserirIndicadores to None, run_after=None
[2024-11-14T22:56:31.599+0000] {processor.py:208} INFO - Processing /opt/airflow/dags/inserir_indicadores.py took 0.306 seconds
[2024-11-14T22:57:02.005+0000] {processor.py:186} INFO - Started process (PID=108) to work on /opt/airflow/dags/inserir_indicadores.py
[2024-11-14T22:57:02.005+0000] {processor.py:914} INFO - Processing file /opt/airflow/dags/inserir_indicadores.py for tasks to queue
[2024-11-14T22:57:02.008+0000] {logging_mixin.py:190} INFO - [2024-11-14T22:57:02.007+0000] {dagbag.py:588} INFO - Filling up the DagBag from /opt/airflow/dags/inserir_indicadores.py
[2024-11-14T22:57:02.014+0000] {processor.py:925} INFO - DAG(s) 'inserirIndicadores' retrieved from /opt/airflow/dags/inserir_indicadores.py
[2024-11-14T22:57:02.030+0000] {logging_mixin.py:190} INFO - [2024-11-14T22:57:02.030+0000] {dag.py:3239} INFO - Sync 1 DAGs
[2024-11-14T22:57:02.043+0000] {logging_mixin.py:190} INFO - [2024-11-14T22:57:02.043+0000] {dag.py:4180} INFO - Setting next_dagrun for inserirIndicadores to None, run_after=None
[2024-11-14T22:57:02.058+0000] {processor.py:208} INFO - Processing /opt/airflow/dags/inserir_indicadores.py took 0.059 seconds
[2024-11-14T22:57:32.401+0000] {processor.py:186} INFO - Started process (PID=173) to work on /opt/airflow/dags/inserir_indicadores.py
[2024-11-14T22:57:32.402+0000] {processor.py:914} INFO - Processing file /opt/airflow/dags/inserir_indicadores.py for tasks to queue
[2024-11-14T22:57:32.404+0000] {logging_mixin.py:190} INFO - [2024-11-14T22:57:32.404+0000] {dagbag.py:588} INFO - Filling up the DagBag from /opt/airflow/dags/inserir_indicadores.py
[2024-11-14T22:57:32.409+0000] {processor.py:925} INFO - DAG(s) 'inserirIndicadores' retrieved from /opt/airflow/dags/inserir_indicadores.py
[2024-11-14T22:57:32.425+0000] {logging_mixin.py:190} INFO - [2024-11-14T22:57:32.425+0000] {dag.py:3239} INFO - Sync 1 DAGs
[2024-11-14T22:57:32.437+0000] {logging_mixin.py:190} INFO - [2024-11-14T22:57:32.436+0000] {dag.py:4180} INFO - Setting next_dagrun for inserirIndicadores to None, run_after=None
[2024-11-14T22:57:32.453+0000] {processor.py:208} INFO - Processing /opt/airflow/dags/inserir_indicadores.py took 0.056 seconds
[2024-11-14T22:58:03.023+0000] {processor.py:186} INFO - Started process (PID=238) to work on /opt/airflow/dags/inserir_indicadores.py
[2024-11-14T22:58:03.034+0000] {processor.py:914} INFO - Processing file /opt/airflow/dags/inserir_indicadores.py for tasks to queue
[2024-11-14T22:58:03.038+0000] {logging_mixin.py:190} INFO - [2024-11-14T22:58:03.037+0000] {dagbag.py:588} INFO - Filling up the DagBag from /opt/airflow/dags/inserir_indicadores.py
[2024-11-14T22:58:03.044+0000] {processor.py:925} INFO - DAG(s) 'inserirIndicadores' retrieved from /opt/airflow/dags/inserir_indicadores.py
[2024-11-14T22:58:03.063+0000] {logging_mixin.py:190} INFO - [2024-11-14T22:58:03.063+0000] {dag.py:3239} INFO - Sync 1 DAGs
[2024-11-14T22:58:03.077+0000] {logging_mixin.py:190} INFO - [2024-11-14T22:58:03.076+0000] {dag.py:4180} INFO - Setting next_dagrun for inserirIndicadores to None, run_after=None
[2024-11-14T22:58:03.092+0000] {processor.py:208} INFO - Processing /opt/airflow/dags/inserir_indicadores.py took 0.073 seconds
[2024-11-14T22:58:33.145+0000] {processor.py:186} INFO - Started process (PID=303) to work on /opt/airflow/dags/inserir_indicadores.py
[2024-11-14T22:58:33.156+0000] {processor.py:914} INFO - Processing file /opt/airflow/dags/inserir_indicadores.py for tasks to queue
[2024-11-14T22:58:33.158+0000] {logging_mixin.py:190} INFO - [2024-11-14T22:58:33.158+0000] {dagbag.py:588} INFO - Filling up the DagBag from /opt/airflow/dags/inserir_indicadores.py
[2024-11-14T22:58:33.164+0000] {processor.py:925} INFO - DAG(s) 'inserirIndicadores' retrieved from /opt/airflow/dags/inserir_indicadores.py
[2024-11-14T22:58:33.181+0000] {logging_mixin.py:190} INFO - [2024-11-14T22:58:33.180+0000] {dag.py:3239} INFO - Sync 1 DAGs
[2024-11-14T22:58:33.192+0000] {logging_mixin.py:190} INFO - [2024-11-14T22:58:33.192+0000] {dag.py:4180} INFO - Setting next_dagrun for inserirIndicadores to None, run_after=None
[2024-11-14T22:58:33.207+0000] {processor.py:208} INFO - Processing /opt/airflow/dags/inserir_indicadores.py took 0.067 seconds
[2024-11-14T22:59:03.562+0000] {processor.py:186} INFO - Started process (PID=368) to work on /opt/airflow/dags/inserir_indicadores.py
[2024-11-14T22:59:03.573+0000] {processor.py:914} INFO - Processing file /opt/airflow/dags/inserir_indicadores.py for tasks to queue
[2024-11-14T22:59:03.575+0000] {logging_mixin.py:190} INFO - [2024-11-14T22:59:03.574+0000] {dagbag.py:588} INFO - Filling up the DagBag from /opt/airflow/dags/inserir_indicadores.py
[2024-11-14T22:59:03.581+0000] {processor.py:925} INFO - DAG(s) 'inserirIndicadores' retrieved from /opt/airflow/dags/inserir_indicadores.py
[2024-11-14T22:59:03.598+0000] {logging_mixin.py:190} INFO - [2024-11-14T22:59:03.598+0000] {dag.py:3239} INFO - Sync 1 DAGs
[2024-11-14T22:59:03.610+0000] {logging_mixin.py:190} INFO - [2024-11-14T22:59:03.610+0000] {dag.py:4180} INFO - Setting next_dagrun for inserirIndicadores to None, run_after=None
[2024-11-14T22:59:03.624+0000] {processor.py:208} INFO - Processing /opt/airflow/dags/inserir_indicadores.py took 0.068 seconds
[2024-11-14T23:00:35.581+0000] {processor.py:186} INFO - Started process (PID=49) to work on /opt/airflow/dags/inserir_indicadores.py
[2024-11-14T23:00:35.582+0000] {processor.py:914} INFO - Processing file /opt/airflow/dags/inserir_indicadores.py for tasks to queue
[2024-11-14T23:00:35.584+0000] {logging_mixin.py:190} INFO - [2024-11-14T23:00:35.584+0000] {dagbag.py:588} INFO - Filling up the DagBag from /opt/airflow/dags/inserir_indicadores.py
[2024-11-14T23:00:35.596+0000] {processor.py:925} INFO - DAG(s) 'inserirIndicadores' retrieved from /opt/airflow/dags/inserir_indicadores.py
[2024-11-14T23:00:35.724+0000] {logging_mixin.py:190} INFO - [2024-11-14T23:00:35.722+0000] {dag.py:3239} INFO - Sync 1 DAGs
[2024-11-14T23:00:35.830+0000] {logging_mixin.py:190} INFO - [2024-11-14T23:00:35.829+0000] {dag.py:4180} INFO - Setting next_dagrun for inserirIndicadores to None, run_after=None
[2024-11-14T23:00:35.862+0000] {processor.py:208} INFO - Processing /opt/airflow/dags/inserir_indicadores.py took 0.287 seconds
[2024-11-14T23:01:06.299+0000] {processor.py:186} INFO - Started process (PID=114) to work on /opt/airflow/dags/inserir_indicadores.py
[2024-11-14T23:01:06.300+0000] {processor.py:914} INFO - Processing file /opt/airflow/dags/inserir_indicadores.py for tasks to queue
[2024-11-14T23:01:06.302+0000] {logging_mixin.py:190} INFO - [2024-11-14T23:01:06.301+0000] {dagbag.py:588} INFO - Filling up the DagBag from /opt/airflow/dags/inserir_indicadores.py
[2024-11-14T23:01:06.307+0000] {processor.py:925} INFO - DAG(s) 'inserirIndicadores' retrieved from /opt/airflow/dags/inserir_indicadores.py
[2024-11-14T23:01:06.322+0000] {logging_mixin.py:190} INFO - [2024-11-14T23:01:06.322+0000] {dag.py:3239} INFO - Sync 1 DAGs
[2024-11-14T23:01:06.334+0000] {logging_mixin.py:190} INFO - [2024-11-14T23:01:06.333+0000] {dag.py:4180} INFO - Setting next_dagrun for inserirIndicadores to None, run_after=None
[2024-11-14T23:01:06.348+0000] {processor.py:208} INFO - Processing /opt/airflow/dags/inserir_indicadores.py took 0.054 seconds
[2024-11-14T23:01:36.881+0000] {processor.py:186} INFO - Started process (PID=179) to work on /opt/airflow/dags/inserir_indicadores.py
[2024-11-14T23:01:36.882+0000] {processor.py:914} INFO - Processing file /opt/airflow/dags/inserir_indicadores.py for tasks to queue
[2024-11-14T23:01:36.884+0000] {logging_mixin.py:190} INFO - [2024-11-14T23:01:36.883+0000] {dagbag.py:588} INFO - Filling up the DagBag from /opt/airflow/dags/inserir_indicadores.py
[2024-11-14T23:01:36.889+0000] {processor.py:925} INFO - DAG(s) 'inserirIndicadores' retrieved from /opt/airflow/dags/inserir_indicadores.py
[2024-11-14T23:01:36.905+0000] {logging_mixin.py:190} INFO - [2024-11-14T23:01:36.905+0000] {dag.py:3239} INFO - Sync 1 DAGs
[2024-11-14T23:01:36.917+0000] {logging_mixin.py:190} INFO - [2024-11-14T23:01:36.916+0000] {dag.py:4180} INFO - Setting next_dagrun for inserirIndicadores to None, run_after=None
[2024-11-14T23:01:36.930+0000] {processor.py:208} INFO - Processing /opt/airflow/dags/inserir_indicadores.py took 0.054 seconds
[2024-11-14T23:02:07.467+0000] {processor.py:186} INFO - Started process (PID=244) to work on /opt/airflow/dags/inserir_indicadores.py
[2024-11-14T23:02:07.478+0000] {processor.py:914} INFO - Processing file /opt/airflow/dags/inserir_indicadores.py for tasks to queue
[2024-11-14T23:02:07.480+0000] {logging_mixin.py:190} INFO - [2024-11-14T23:02:07.480+0000] {dagbag.py:588} INFO - Filling up the DagBag from /opt/airflow/dags/inserir_indicadores.py
[2024-11-14T23:02:07.485+0000] {processor.py:925} INFO - DAG(s) 'inserirIndicadores' retrieved from /opt/airflow/dags/inserir_indicadores.py
[2024-11-14T23:02:07.502+0000] {logging_mixin.py:190} INFO - [2024-11-14T23:02:07.501+0000] {dag.py:3239} INFO - Sync 1 DAGs
[2024-11-14T23:02:07.514+0000] {logging_mixin.py:190} INFO - [2024-11-14T23:02:07.514+0000] {dag.py:4180} INFO - Setting next_dagrun for inserirIndicadores to None, run_after=None
[2024-11-14T23:02:07.529+0000] {processor.py:208} INFO - Processing /opt/airflow/dags/inserir_indicadores.py took 0.066 seconds
[2024-11-14T23:02:38.003+0000] {processor.py:186} INFO - Started process (PID=309) to work on /opt/airflow/dags/inserir_indicadores.py
[2024-11-14T23:02:38.014+0000] {processor.py:914} INFO - Processing file /opt/airflow/dags/inserir_indicadores.py for tasks to queue
[2024-11-14T23:02:38.016+0000] {logging_mixin.py:190} INFO - [2024-11-14T23:02:38.016+0000] {dagbag.py:588} INFO - Filling up the DagBag from /opt/airflow/dags/inserir_indicadores.py
[2024-11-14T23:02:38.021+0000] {processor.py:925} INFO - DAG(s) 'inserirIndicadores' retrieved from /opt/airflow/dags/inserir_indicadores.py
[2024-11-14T23:02:38.036+0000] {logging_mixin.py:190} INFO - [2024-11-14T23:02:38.036+0000] {dag.py:3239} INFO - Sync 1 DAGs
[2024-11-14T23:02:38.048+0000] {logging_mixin.py:190} INFO - [2024-11-14T23:02:38.048+0000] {dag.py:4180} INFO - Setting next_dagrun for inserirIndicadores to None, run_after=None
[2024-11-14T23:02:38.062+0000] {processor.py:208} INFO - Processing /opt/airflow/dags/inserir_indicadores.py took 0.064 seconds
[2024-11-14T23:03:08.474+0000] {processor.py:186} INFO - Started process (PID=374) to work on /opt/airflow/dags/inserir_indicadores.py
[2024-11-14T23:03:08.485+0000] {processor.py:914} INFO - Processing file /opt/airflow/dags/inserir_indicadores.py for tasks to queue
[2024-11-14T23:03:08.487+0000] {logging_mixin.py:190} INFO - [2024-11-14T23:03:08.487+0000] {dagbag.py:588} INFO - Filling up the DagBag from /opt/airflow/dags/inserir_indicadores.py
[2024-11-14T23:03:08.493+0000] {processor.py:925} INFO - DAG(s) 'inserirIndicadores' retrieved from /opt/airflow/dags/inserir_indicadores.py
[2024-11-14T23:03:08.509+0000] {logging_mixin.py:190} INFO - [2024-11-14T23:03:08.509+0000] {dag.py:3239} INFO - Sync 1 DAGs
[2024-11-14T23:03:08.520+0000] {logging_mixin.py:190} INFO - [2024-11-14T23:03:08.520+0000] {dag.py:4180} INFO - Setting next_dagrun for inserirIndicadores to None, run_after=None
[2024-11-14T23:03:08.535+0000] {processor.py:208} INFO - Processing /opt/airflow/dags/inserir_indicadores.py took 0.067 seconds
[2024-11-14T23:03:39.088+0000] {processor.py:186} INFO - Started process (PID=439) to work on /opt/airflow/dags/inserir_indicadores.py
[2024-11-14T23:03:39.089+0000] {processor.py:914} INFO - Processing file /opt/airflow/dags/inserir_indicadores.py for tasks to queue
[2024-11-14T23:03:39.091+0000] {logging_mixin.py:190} INFO - [2024-11-14T23:03:39.090+0000] {dagbag.py:588} INFO - Filling up the DagBag from /opt/airflow/dags/inserir_indicadores.py
[2024-11-14T23:03:39.096+0000] {processor.py:925} INFO - DAG(s) 'inserirIndicadores' retrieved from /opt/airflow/dags/inserir_indicadores.py
[2024-11-14T23:03:39.113+0000] {logging_mixin.py:190} INFO - [2024-11-14T23:03:39.113+0000] {dag.py:3239} INFO - Sync 1 DAGs
[2024-11-14T23:03:39.124+0000] {logging_mixin.py:190} INFO - [2024-11-14T23:03:39.124+0000] {dag.py:4180} INFO - Setting next_dagrun for inserirIndicadores to None, run_after=None
[2024-11-14T23:03:39.138+0000] {processor.py:208} INFO - Processing /opt/airflow/dags/inserir_indicadores.py took 0.055 seconds
[2024-11-14T23:04:09.889+0000] {processor.py:186} INFO - Started process (PID=504) to work on /opt/airflow/dags/inserir_indicadores.py
[2024-11-14T23:04:09.900+0000] {processor.py:914} INFO - Processing file /opt/airflow/dags/inserir_indicadores.py for tasks to queue
[2024-11-14T23:04:09.903+0000] {logging_mixin.py:190} INFO - [2024-11-14T23:04:09.903+0000] {dagbag.py:588} INFO - Filling up the DagBag from /opt/airflow/dags/inserir_indicadores.py
[2024-11-14T23:04:09.908+0000] {processor.py:925} INFO - DAG(s) 'inserirIndicadores' retrieved from /opt/airflow/dags/inserir_indicadores.py
[2024-11-14T23:04:09.926+0000] {logging_mixin.py:190} INFO - [2024-11-14T23:04:09.925+0000] {dag.py:3239} INFO - Sync 1 DAGs
[2024-11-14T23:04:09.939+0000] {logging_mixin.py:190} INFO - [2024-11-14T23:04:09.939+0000] {dag.py:4180} INFO - Setting next_dagrun for inserirIndicadores to None, run_after=None
[2024-11-14T23:04:09.955+0000] {processor.py:208} INFO - Processing /opt/airflow/dags/inserir_indicadores.py took 0.071 seconds
[2024-11-14T23:04:40.821+0000] {processor.py:186} INFO - Started process (PID=569) to work on /opt/airflow/dags/inserir_indicadores.py
[2024-11-14T23:04:40.822+0000] {processor.py:914} INFO - Processing file /opt/airflow/dags/inserir_indicadores.py for tasks to queue
[2024-11-14T23:04:40.823+0000] {logging_mixin.py:190} INFO - [2024-11-14T23:04:40.823+0000] {dagbag.py:588} INFO - Filling up the DagBag from /opt/airflow/dags/inserir_indicadores.py
[2024-11-14T23:04:40.829+0000] {processor.py:925} INFO - DAG(s) 'inserirIndicadores' retrieved from /opt/airflow/dags/inserir_indicadores.py
[2024-11-14T23:04:40.847+0000] {logging_mixin.py:190} INFO - [2024-11-14T23:04:40.847+0000] {dag.py:3239} INFO - Sync 1 DAGs
[2024-11-14T23:04:40.859+0000] {logging_mixin.py:190} INFO - [2024-11-14T23:04:40.859+0000] {dag.py:4180} INFO - Setting next_dagrun for inserirIndicadores to None, run_after=None
[2024-11-14T23:04:40.878+0000] {processor.py:208} INFO - Processing /opt/airflow/dags/inserir_indicadores.py took 0.062 seconds
[2024-11-14T23:05:11.204+0000] {processor.py:186} INFO - Started process (PID=634) to work on /opt/airflow/dags/inserir_indicadores.py
[2024-11-14T23:05:11.215+0000] {processor.py:914} INFO - Processing file /opt/airflow/dags/inserir_indicadores.py for tasks to queue
[2024-11-14T23:05:11.218+0000] {logging_mixin.py:190} INFO - [2024-11-14T23:05:11.217+0000] {dagbag.py:588} INFO - Filling up the DagBag from /opt/airflow/dags/inserir_indicadores.py
[2024-11-14T23:05:11.223+0000] {processor.py:925} INFO - DAG(s) 'inserirIndicadores' retrieved from /opt/airflow/dags/inserir_indicadores.py
[2024-11-14T23:05:11.239+0000] {logging_mixin.py:190} INFO - [2024-11-14T23:05:11.239+0000] {dag.py:3239} INFO - Sync 1 DAGs
[2024-11-14T23:05:11.251+0000] {logging_mixin.py:190} INFO - [2024-11-14T23:05:11.251+0000] {dag.py:4180} INFO - Setting next_dagrun for inserirIndicadores to None, run_after=None
[2024-11-14T23:05:11.264+0000] {processor.py:208} INFO - Processing /opt/airflow/dags/inserir_indicadores.py took 0.064 seconds
[2024-11-14T23:05:41.375+0000] {processor.py:186} INFO - Started process (PID=699) to work on /opt/airflow/dags/inserir_indicadores.py
[2024-11-14T23:05:41.376+0000] {processor.py:914} INFO - Processing file /opt/airflow/dags/inserir_indicadores.py for tasks to queue
[2024-11-14T23:05:41.378+0000] {logging_mixin.py:190} INFO - [2024-11-14T23:05:41.378+0000] {dagbag.py:588} INFO - Filling up the DagBag from /opt/airflow/dags/inserir_indicadores.py
[2024-11-14T23:05:41.384+0000] {processor.py:925} INFO - DAG(s) 'inserirIndicadores' retrieved from /opt/airflow/dags/inserir_indicadores.py
[2024-11-14T23:05:41.401+0000] {logging_mixin.py:190} INFO - [2024-11-14T23:05:41.401+0000] {dag.py:3239} INFO - Sync 1 DAGs
[2024-11-14T23:05:41.413+0000] {logging_mixin.py:190} INFO - [2024-11-14T23:05:41.413+0000] {dag.py:4180} INFO - Setting next_dagrun for inserirIndicadores to None, run_after=None
[2024-11-14T23:05:41.426+0000] {processor.py:208} INFO - Processing /opt/airflow/dags/inserir_indicadores.py took 0.057 seconds
[2024-11-14T23:06:12.075+0000] {processor.py:186} INFO - Started process (PID=764) to work on /opt/airflow/dags/inserir_indicadores.py
[2024-11-14T23:06:12.086+0000] {processor.py:914} INFO - Processing file /opt/airflow/dags/inserir_indicadores.py for tasks to queue
[2024-11-14T23:06:12.088+0000] {logging_mixin.py:190} INFO - [2024-11-14T23:06:12.088+0000] {dagbag.py:588} INFO - Filling up the DagBag from /opt/airflow/dags/inserir_indicadores.py
[2024-11-14T23:06:12.094+0000] {processor.py:925} INFO - DAG(s) 'inserirIndicadores' retrieved from /opt/airflow/dags/inserir_indicadores.py
[2024-11-14T23:06:12.110+0000] {logging_mixin.py:190} INFO - [2024-11-14T23:06:12.110+0000] {dag.py:3239} INFO - Sync 1 DAGs
[2024-11-14T23:06:12.122+0000] {logging_mixin.py:190} INFO - [2024-11-14T23:06:12.121+0000] {dag.py:4180} INFO - Setting next_dagrun for inserirIndicadores to None, run_after=None
[2024-11-14T23:06:12.135+0000] {processor.py:208} INFO - Processing /opt/airflow/dags/inserir_indicadores.py took 0.065 seconds
[2024-11-14T23:06:42.943+0000] {processor.py:186} INFO - Started process (PID=829) to work on /opt/airflow/dags/inserir_indicadores.py
[2024-11-14T23:06:42.954+0000] {processor.py:914} INFO - Processing file /opt/airflow/dags/inserir_indicadores.py for tasks to queue
[2024-11-14T23:06:42.956+0000] {logging_mixin.py:190} INFO - [2024-11-14T23:06:42.955+0000] {dagbag.py:588} INFO - Filling up the DagBag from /opt/airflow/dags/inserir_indicadores.py
[2024-11-14T23:06:42.962+0000] {processor.py:925} INFO - DAG(s) 'inserirIndicadores' retrieved from /opt/airflow/dags/inserir_indicadores.py
[2024-11-14T23:06:42.981+0000] {logging_mixin.py:190} INFO - [2024-11-14T23:06:42.981+0000] {dag.py:3239} INFO - Sync 1 DAGs
[2024-11-14T23:06:42.993+0000] {logging_mixin.py:190} INFO - [2024-11-14T23:06:42.993+0000] {dag.py:4180} INFO - Setting next_dagrun for inserirIndicadores to None, run_after=None
[2024-11-14T23:06:43.009+0000] {processor.py:208} INFO - Processing /opt/airflow/dags/inserir_indicadores.py took 0.072 seconds
[2024-11-14T23:07:13.050+0000] {processor.py:186} INFO - Started process (PID=894) to work on /opt/airflow/dags/inserir_indicadores.py
[2024-11-14T23:07:13.061+0000] {processor.py:914} INFO - Processing file /opt/airflow/dags/inserir_indicadores.py for tasks to queue
[2024-11-14T23:07:13.063+0000] {logging_mixin.py:190} INFO - [2024-11-14T23:07:13.063+0000] {dagbag.py:588} INFO - Filling up the DagBag from /opt/airflow/dags/inserir_indicadores.py
[2024-11-14T23:07:13.069+0000] {processor.py:925} INFO - DAG(s) 'inserirIndicadores' retrieved from /opt/airflow/dags/inserir_indicadores.py
[2024-11-14T23:07:13.085+0000] {logging_mixin.py:190} INFO - [2024-11-14T23:07:13.085+0000] {dag.py:3239} INFO - Sync 1 DAGs
[2024-11-14T23:07:13.096+0000] {logging_mixin.py:190} INFO - [2024-11-14T23:07:13.095+0000] {dag.py:4180} INFO - Setting next_dagrun for inserirIndicadores to None, run_after=None
[2024-11-14T23:07:13.109+0000] {processor.py:208} INFO - Processing /opt/airflow/dags/inserir_indicadores.py took 0.063 seconds
[2024-11-14T23:10:37.262+0000] {processor.py:186} INFO - Started process (PID=49) to work on /opt/airflow/dags/inserir_indicadores.py
[2024-11-14T23:10:37.264+0000] {processor.py:914} INFO - Processing file /opt/airflow/dags/inserir_indicadores.py for tasks to queue
[2024-11-14T23:10:37.268+0000] {logging_mixin.py:190} INFO - [2024-11-14T23:10:37.267+0000] {dagbag.py:588} INFO - Filling up the DagBag from /opt/airflow/dags/inserir_indicadores.py
[2024-11-14T23:10:37.285+0000] {processor.py:925} INFO - DAG(s) 'inserirIndicadores' retrieved from /opt/airflow/dags/inserir_indicadores.py
[2024-11-14T23:10:38.154+0000] {logging_mixin.py:190} INFO - [2024-11-14T23:10:38.153+0000] {override.py:1911} INFO - Created Permission View: can edit on DAG:inserirIndicadores
[2024-11-14T23:10:38.168+0000] {logging_mixin.py:190} INFO - [2024-11-14T23:10:38.167+0000] {override.py:1911} INFO - Created Permission View: can delete on DAG:inserirIndicadores
[2024-11-14T23:10:38.175+0000] {logging_mixin.py:190} INFO - [2024-11-14T23:10:38.175+0000] {override.py:1911} INFO - Created Permission View: can read on DAG:inserirIndicadores
[2024-11-14T23:10:38.183+0000] {logging_mixin.py:190} INFO - [2024-11-14T23:10:38.182+0000] {override.py:1911} INFO - Created Permission View: can create on DAG Run:inserirIndicadores
[2024-11-14T23:10:38.190+0000] {logging_mixin.py:190} INFO - [2024-11-14T23:10:38.190+0000] {override.py:1911} INFO - Created Permission View: can delete on DAG Run:inserirIndicadores
[2024-11-14T23:10:38.197+0000] {logging_mixin.py:190} INFO - [2024-11-14T23:10:38.197+0000] {override.py:1911} INFO - Created Permission View: menu access on DAG Run:inserirIndicadores
[2024-11-14T23:10:38.204+0000] {logging_mixin.py:190} INFO - [2024-11-14T23:10:38.204+0000] {override.py:1911} INFO - Created Permission View: can read on DAG Run:inserirIndicadores
[2024-11-14T23:10:38.204+0000] {logging_mixin.py:190} INFO - [2024-11-14T23:10:38.204+0000] {dag.py:3239} INFO - Sync 1 DAGs
[2024-11-14T23:10:38.222+0000] {logging_mixin.py:190} INFO - [2024-11-14T23:10:38.221+0000] {dag.py:3262} INFO - Creating ORM DAG for inserirIndicadores
[2024-11-14T23:10:38.226+0000] {logging_mixin.py:190} INFO - [2024-11-14T23:10:38.225+0000] {dag.py:4180} INFO - Setting next_dagrun for inserirIndicadores to None, run_after=None
[2024-11-14T23:10:38.333+0000] {processor.py:208} INFO - Processing /opt/airflow/dags/inserir_indicadores.py took 1.111 seconds
[2024-11-14T23:11:09.319+0000] {processor.py:186} INFO - Started process (PID=120) to work on /opt/airflow/dags/inserir_indicadores.py
[2024-11-14T23:11:09.320+0000] {processor.py:914} INFO - Processing file /opt/airflow/dags/inserir_indicadores.py for tasks to queue
[2024-11-14T23:11:09.322+0000] {logging_mixin.py:190} INFO - [2024-11-14T23:11:09.322+0000] {dagbag.py:588} INFO - Filling up the DagBag from /opt/airflow/dags/inserir_indicadores.py
[2024-11-14T23:11:09.328+0000] {processor.py:925} INFO - DAG(s) 'inserirIndicadores' retrieved from /opt/airflow/dags/inserir_indicadores.py
[2024-11-14T23:11:09.345+0000] {logging_mixin.py:190} INFO - [2024-11-14T23:11:09.345+0000] {dag.py:3239} INFO - Sync 1 DAGs
[2024-11-14T23:11:09.357+0000] {logging_mixin.py:190} INFO - [2024-11-14T23:11:09.357+0000] {dag.py:4180} INFO - Setting next_dagrun for inserirIndicadores to None, run_after=None
[2024-11-14T23:11:09.371+0000] {processor.py:208} INFO - Processing /opt/airflow/dags/inserir_indicadores.py took 0.057 seconds
[2024-11-14T23:11:39.876+0000] {processor.py:186} INFO - Started process (PID=185) to work on /opt/airflow/dags/inserir_indicadores.py
[2024-11-14T23:11:39.877+0000] {processor.py:914} INFO - Processing file /opt/airflow/dags/inserir_indicadores.py for tasks to queue
[2024-11-14T23:11:39.879+0000] {logging_mixin.py:190} INFO - [2024-11-14T23:11:39.878+0000] {dagbag.py:588} INFO - Filling up the DagBag from /opt/airflow/dags/inserir_indicadores.py
[2024-11-14T23:11:39.884+0000] {processor.py:925} INFO - DAG(s) 'inserirIndicadores' retrieved from /opt/airflow/dags/inserir_indicadores.py
[2024-11-14T23:11:39.901+0000] {logging_mixin.py:190} INFO - [2024-11-14T23:11:39.901+0000] {dag.py:3239} INFO - Sync 1 DAGs
[2024-11-14T23:11:39.912+0000] {logging_mixin.py:190} INFO - [2024-11-14T23:11:39.912+0000] {dag.py:4180} INFO - Setting next_dagrun for inserirIndicadores to None, run_after=None
[2024-11-14T23:11:39.927+0000] {processor.py:208} INFO - Processing /opt/airflow/dags/inserir_indicadores.py took 0.055 seconds
[2024-11-14T23:12:10.465+0000] {processor.py:186} INFO - Started process (PID=250) to work on /opt/airflow/dags/inserir_indicadores.py
[2024-11-14T23:12:10.466+0000] {processor.py:914} INFO - Processing file /opt/airflow/dags/inserir_indicadores.py for tasks to queue
[2024-11-14T23:12:10.468+0000] {logging_mixin.py:190} INFO - [2024-11-14T23:12:10.468+0000] {dagbag.py:588} INFO - Filling up the DagBag from /opt/airflow/dags/inserir_indicadores.py
[2024-11-14T23:12:10.475+0000] {processor.py:925} INFO - DAG(s) 'inserirIndicadores' retrieved from /opt/airflow/dags/inserir_indicadores.py
[2024-11-14T23:12:10.493+0000] {logging_mixin.py:190} INFO - [2024-11-14T23:12:10.493+0000] {dag.py:3239} INFO - Sync 1 DAGs
[2024-11-14T23:12:10.507+0000] {logging_mixin.py:190} INFO - [2024-11-14T23:12:10.507+0000] {dag.py:4180} INFO - Setting next_dagrun for inserirIndicadores to None, run_after=None
[2024-11-14T23:12:10.524+0000] {processor.py:208} INFO - Processing /opt/airflow/dags/inserir_indicadores.py took 0.064 seconds
[2024-11-14T23:12:41.089+0000] {processor.py:186} INFO - Started process (PID=315) to work on /opt/airflow/dags/inserir_indicadores.py
[2024-11-14T23:12:41.090+0000] {processor.py:914} INFO - Processing file /opt/airflow/dags/inserir_indicadores.py for tasks to queue
[2024-11-14T23:12:41.092+0000] {logging_mixin.py:190} INFO - [2024-11-14T23:12:41.091+0000] {dagbag.py:588} INFO - Filling up the DagBag from /opt/airflow/dags/inserir_indicadores.py
[2024-11-14T23:12:41.098+0000] {processor.py:925} INFO - DAG(s) 'inserirIndicadores' retrieved from /opt/airflow/dags/inserir_indicadores.py
[2024-11-14T23:12:41.200+0000] {logging_mixin.py:190} INFO - [2024-11-14T23:12:41.198+0000] {dag.py:3239} INFO - Sync 1 DAGs
[2024-11-14T23:12:41.303+0000] {logging_mixin.py:190} INFO - [2024-11-14T23:12:41.303+0000] {dag.py:4180} INFO - Setting next_dagrun for inserirIndicadores to None, run_after=None
[2024-11-14T23:12:41.324+0000] {processor.py:208} INFO - Processing /opt/airflow/dags/inserir_indicadores.py took 0.240 seconds
[2024-11-14T23:13:11.582+0000] {processor.py:186} INFO - Started process (PID=380) to work on /opt/airflow/dags/inserir_indicadores.py
[2024-11-14T23:13:11.593+0000] {processor.py:914} INFO - Processing file /opt/airflow/dags/inserir_indicadores.py for tasks to queue
[2024-11-14T23:13:11.595+0000] {logging_mixin.py:190} INFO - [2024-11-14T23:13:11.595+0000] {dagbag.py:588} INFO - Filling up the DagBag from /opt/airflow/dags/inserir_indicadores.py
[2024-11-14T23:13:11.601+0000] {processor.py:925} INFO - DAG(s) 'inserirIndicadores' retrieved from /opt/airflow/dags/inserir_indicadores.py
[2024-11-14T23:13:11.619+0000] {logging_mixin.py:190} INFO - [2024-11-14T23:13:11.618+0000] {dag.py:3239} INFO - Sync 1 DAGs
[2024-11-14T23:13:11.631+0000] {logging_mixin.py:190} INFO - [2024-11-14T23:13:11.631+0000] {dag.py:4180} INFO - Setting next_dagrun for inserirIndicadores to None, run_after=None
[2024-11-14T23:13:11.646+0000] {processor.py:208} INFO - Processing /opt/airflow/dags/inserir_indicadores.py took 0.069 seconds
[2024-11-14T23:13:19.544+0000] {processor.py:186} INFO - Started process (PID=405) to work on /opt/airflow/dags/inserir_indicadores.py
[2024-11-14T23:13:19.550+0000] {processor.py:914} INFO - Processing file /opt/airflow/dags/inserir_indicadores.py for tasks to queue
[2024-11-14T23:13:19.565+0000] {logging_mixin.py:190} INFO - [2024-11-14T23:13:19.563+0000] {dagbag.py:588} INFO - Filling up the DagBag from /opt/airflow/dags/inserir_indicadores.py
[2024-11-14T23:13:19.574+0000] {logging_mixin.py:190} INFO - [2024-11-14T23:13:19.573+0000] {dagbag.py:366} INFO - File /opt/airflow/dags/inserir_indicadores.py assumed to contain no DAGs. Skipping.
[2024-11-14T23:13:19.576+0000] {processor.py:927} WARNING - No viable dags retrieved from /opt/airflow/dags/inserir_indicadores.py
[2024-11-14T23:13:19.611+0000] {processor.py:208} INFO - Processing /opt/airflow/dags/inserir_indicadores.py took 0.114 seconds
[2024-11-14T23:13:49.730+0000] {processor.py:186} INFO - Started process (PID=467) to work on /opt/airflow/dags/inserir_indicadores.py
[2024-11-14T23:13:49.731+0000] {processor.py:914} INFO - Processing file /opt/airflow/dags/inserir_indicadores.py for tasks to queue
[2024-11-14T23:13:49.733+0000] {logging_mixin.py:190} INFO - [2024-11-14T23:13:49.733+0000] {dagbag.py:588} INFO - Filling up the DagBag from /opt/airflow/dags/inserir_indicadores.py
[2024-11-14T23:13:49.734+0000] {logging_mixin.py:190} INFO - [2024-11-14T23:13:49.734+0000] {dagbag.py:366} INFO - File /opt/airflow/dags/inserir_indicadores.py assumed to contain no DAGs. Skipping.
[2024-11-14T23:13:49.734+0000] {processor.py:927} WARNING - No viable dags retrieved from /opt/airflow/dags/inserir_indicadores.py
[2024-11-14T23:13:49.747+0000] {processor.py:208} INFO - Processing /opt/airflow/dags/inserir_indicadores.py took 0.022 seconds
[2024-11-14T23:14:20.095+0000] {processor.py:186} INFO - Started process (PID=529) to work on /opt/airflow/dags/inserir_indicadores.py
[2024-11-14T23:14:20.097+0000] {processor.py:914} INFO - Processing file /opt/airflow/dags/inserir_indicadores.py for tasks to queue
[2024-11-14T23:14:20.099+0000] {logging_mixin.py:190} INFO - [2024-11-14T23:14:20.098+0000] {dagbag.py:588} INFO - Filling up the DagBag from /opt/airflow/dags/inserir_indicadores.py
[2024-11-14T23:14:20.100+0000] {logging_mixin.py:190} INFO - [2024-11-14T23:14:20.099+0000] {dagbag.py:366} INFO - File /opt/airflow/dags/inserir_indicadores.py assumed to contain no DAGs. Skipping.
[2024-11-14T23:14:20.100+0000] {processor.py:927} WARNING - No viable dags retrieved from /opt/airflow/dags/inserir_indicadores.py
[2024-11-14T23:14:20.114+0000] {processor.py:208} INFO - Processing /opt/airflow/dags/inserir_indicadores.py took 0.024 seconds
[2024-11-14T23:14:50.377+0000] {processor.py:186} INFO - Started process (PID=594) to work on /opt/airflow/dags/inserir_indicadores.py
[2024-11-14T23:14:50.377+0000] {processor.py:914} INFO - Processing file /opt/airflow/dags/inserir_indicadores.py for tasks to queue
[2024-11-14T23:14:50.378+0000] {logging_mixin.py:190} INFO - [2024-11-14T23:14:50.378+0000] {dagbag.py:588} INFO - Filling up the DagBag from /opt/airflow/dags/inserir_indicadores.py
[2024-11-14T23:14:50.379+0000] {logging_mixin.py:190} INFO - [2024-11-14T23:14:50.379+0000] {dagbag.py:366} INFO - File /opt/airflow/dags/inserir_indicadores.py assumed to contain no DAGs. Skipping.
[2024-11-14T23:14:50.379+0000] {processor.py:927} WARNING - No viable dags retrieved from /opt/airflow/dags/inserir_indicadores.py
[2024-11-14T23:14:50.391+0000] {processor.py:208} INFO - Processing /opt/airflow/dags/inserir_indicadores.py took 0.019 seconds
[2024-11-14T23:15:21.109+0000] {processor.py:186} INFO - Started process (PID=659) to work on /opt/airflow/dags/inserir_indicadores.py
[2024-11-14T23:15:21.120+0000] {processor.py:914} INFO - Processing file /opt/airflow/dags/inserir_indicadores.py for tasks to queue
[2024-11-14T23:15:21.122+0000] {logging_mixin.py:190} INFO - [2024-11-14T23:15:21.121+0000] {dagbag.py:588} INFO - Filling up the DagBag from /opt/airflow/dags/inserir_indicadores.py
[2024-11-14T23:15:21.123+0000] {logging_mixin.py:190} INFO - [2024-11-14T23:15:21.123+0000] {dagbag.py:366} INFO - File /opt/airflow/dags/inserir_indicadores.py assumed to contain no DAGs. Skipping.
[2024-11-14T23:15:21.123+0000] {processor.py:927} WARNING - No viable dags retrieved from /opt/airflow/dags/inserir_indicadores.py
[2024-11-14T23:15:21.136+0000] {processor.py:208} INFO - Processing /opt/airflow/dags/inserir_indicadores.py took 0.031 seconds
