[2024-11-11T00:03:40.746+0000] {local_task_job_runner.py:123} INFO - ::group::Pre task execution logs
[2024-11-11T00:03:40.768+0000] {taskinstance.py:2613} INFO - Dependencies all met for dep_context=non-requeueable deps ti=<TaskInstance: api_inserir_dadosH.create_table_historico_precos manual__2024-11-11T00:03:32.487776+00:00 [queued]>
[2024-11-11T00:03:40.780+0000] {taskinstance.py:2613} INFO - Dependencies all met for dep_context=requeueable deps ti=<TaskInstance: api_inserir_dadosH.create_table_historico_precos manual__2024-11-11T00:03:32.487776+00:00 [queued]>
[2024-11-11T00:03:40.780+0000] {taskinstance.py:2866} INFO - Starting attempt 1 of 2
[2024-11-11T00:03:40.796+0000] {taskinstance.py:2889} INFO - Executing <Task(PostgresOperator): create_table_historico_precos> on 2024-11-11 00:03:32.487776+00:00
[2024-11-11T00:03:40.847+0000] {warnings.py:112} WARNING - /home/***/.local/lib/python3.12/site-packages/***/task/task_runner/standard_task_runner.py:70: DeprecationWarning: This process (pid=464) is multi-threaded, use of fork() may lead to deadlocks in the child.
  pid = os.fork()

[2024-11-11T00:03:40.858+0000] {standard_task_runner.py:72} INFO - Started process 466 to run task
[2024-11-11T00:03:40.862+0000] {standard_task_runner.py:104} INFO - Running: ['***', 'tasks', 'run', 'api_inserir_dadosH', 'create_table_historico_precos', 'manual__2024-11-11T00:03:32.487776+00:00', '--job-id', '14', '--raw', '--subdir', 'DAGS_FOLDER/etl.py', '--cfg-path', '/tmp/tmpf38oiotk']
[2024-11-11T00:03:40.871+0000] {standard_task_runner.py:105} INFO - Job 14: Subtask create_table_historico_precos
[2024-11-11T00:03:41.087+0000] {task_command.py:467} INFO - Running <TaskInstance: api_inserir_dadosH.create_table_historico_precos manual__2024-11-11T00:03:32.487776+00:00 [running]> on host 39a50528ad78
[2024-11-11T00:03:42.318+0000] {taskinstance.py:3132} INFO - Exporting env vars: AIRFLOW_CTX_DAG_OWNER='***' AIRFLOW_CTX_DAG_ID='api_inserir_dadosH' AIRFLOW_CTX_TASK_ID='create_table_historico_precos' AIRFLOW_CTX_EXECUTION_DATE='2024-11-11T00:03:32.487776+00:00' AIRFLOW_CTX_TRY_NUMBER='1' AIRFLOW_CTX_DAG_RUN_ID='manual__2024-11-11T00:03:32.487776+00:00'
[2024-11-11T00:03:42.323+0000] {logging_mixin.py:190} INFO - Task instance is in running state
[2024-11-11T00:03:42.325+0000] {logging_mixin.py:190} INFO -  Previous state of the Task instance: queued
[2024-11-11T00:03:42.326+0000] {logging_mixin.py:190} INFO - Current task name:create_table_historico_precos state:running start_date:2024-11-11 00:03:40.769090+00:00
[2024-11-11T00:03:42.327+0000] {logging_mixin.py:190} INFO - Dag name:api_inserir_dadosH and current dag run status:running
[2024-11-11T00:03:42.329+0000] {taskinstance.py:731} INFO - ::endgroup::
[2024-11-11T00:03:42.330+0000] {sql.py:278} INFO - Executing: 
CREATE TABLE IF NOT EXISTS historico_precos (
    id INT,
    name VARCHAR(10),
    date TIMESTAMP,
    open DECIMAL(10, 2),
    high DECIMAL(10, 2),
    low DECIMAL(10, 2),
    close DECIMAL(10, 2),
    volume BIGINT,
    adjusted_close DECIMAL(10, 2)

);
[2024-11-11T00:03:42.393+0000] {base.py:84} INFO - Retrieving connection 'postgres-***'
[2024-11-11T00:03:42.449+0000] {base.py:84} INFO - Retrieving connection 'postgres-***'
[2024-11-11T00:03:42.457+0000] {sql.py:544} INFO - Running statement: 
CREATE TABLE IF NOT EXISTS historico_precos (
    id INT,
    name VARCHAR(10),
    date TIMESTAMP,
    open DECIMAL(10, 2),
    high DECIMAL(10, 2),
    low DECIMAL(10, 2),
    close DECIMAL(10, 2),
    volume BIGINT,
    adjusted_close DECIMAL(10, 2)

);, parameters: None
[2024-11-11T00:03:42.483+0000] {taskinstance.py:340} INFO - ::group::Post task execution logs
[2024-11-11T00:03:42.483+0000] {taskinstance.py:352} INFO - Marking task as SUCCESS. dag_id=api_inserir_dadosH, task_id=create_table_historico_precos, run_id=manual__2024-11-11T00:03:32.487776+00:00, execution_date=20241111T000332, start_date=20241111T000340, end_date=20241111T000342
[2024-11-11T00:03:42.494+0000] {logging_mixin.py:190} INFO - Task instance in success state
[2024-11-11T00:03:42.495+0000] {logging_mixin.py:190} INFO -  Previous state of the Task instance: running
[2024-11-11T00:03:42.495+0000] {logging_mixin.py:190} INFO - Dag name:api_inserir_dadosH queued_at:2024-11-11 00:03:32.503503+00:00
[2024-11-11T00:03:42.495+0000] {logging_mixin.py:190} INFO - Task hostname:39a50528ad78 operator:PostgresOperator
[2024-11-11T00:03:42.623+0000] {local_task_job_runner.py:266} INFO - Task exited with return code 0
[2024-11-11T00:03:42.735+0000] {taskinstance.py:3895} INFO - 1 downstream tasks scheduled from follow-on schedule check
[2024-11-11T00:03:42.736+0000] {local_task_job_runner.py:245} INFO - ::endgroup::
