[2024-11-17T01:49:29.847+0000] {local_task_job_runner.py:123} INFO - ::group::Pre task execution logs
[2024-11-17T01:49:29.865+0000] {taskinstance.py:2613} INFO - Dependencies all met for dep_context=non-requeueable deps ti=<TaskInstance: criar_tabelas.create_table_historico_indicadoresdw manual__2024-11-17T01:49:09.921593+00:00 [queued]>
[2024-11-17T01:49:29.875+0000] {taskinstance.py:2613} INFO - Dependencies all met for dep_context=requeueable deps ti=<TaskInstance: criar_tabelas.create_table_historico_indicadoresdw manual__2024-11-17T01:49:09.921593+00:00 [queued]>
[2024-11-17T01:49:29.875+0000] {taskinstance.py:2866} INFO - Starting attempt 1 of 2
[2024-11-17T01:49:29.890+0000] {taskinstance.py:2889} INFO - Executing <Task(PostgresOperator): create_table_historico_indicadoresdw> on 2024-11-17 01:49:09.921593+00:00
[2024-11-17T01:49:29.903+0000] {warnings.py:112} WARNING - /home/***/.local/lib/python3.12/site-packages/***/task/task_runner/standard_task_runner.py:70: DeprecationWarning: This process (pid=207) is multi-threaded, use of fork() may lead to deadlocks in the child.
  pid = os.fork()

[2024-11-17T01:49:29.905+0000] {standard_task_runner.py:72} INFO - Started process 209 to run task
[2024-11-17T01:49:29.906+0000] {standard_task_runner.py:104} INFO - Running: ['***', 'tasks', 'run', 'criar_tabelas', 'create_table_historico_indicadoresdw', 'manual__2024-11-17T01:49:09.921593+00:00', '--job-id', '65', '--raw', '--subdir', 'DAGS_FOLDER/etl.py', '--cfg-path', '/tmp/tmp_zfectf8']
[2024-11-17T01:49:29.907+0000] {standard_task_runner.py:105} INFO - Job 65: Subtask create_table_historico_indicadoresdw
[2024-11-17T01:49:29.954+0000] {task_command.py:467} INFO - Running <TaskInstance: criar_tabelas.create_table_historico_indicadoresdw manual__2024-11-17T01:49:09.921593+00:00 [running]> on host bfeda1f9cf11
[2024-11-17T01:49:30.266+0000] {taskinstance.py:3132} INFO - Exporting env vars: AIRFLOW_CTX_DAG_OWNER='***' AIRFLOW_CTX_DAG_ID='criar_tabelas' AIRFLOW_CTX_TASK_ID='create_table_historico_indicadoresdw' AIRFLOW_CTX_EXECUTION_DATE='2024-11-17T01:49:09.921593+00:00' AIRFLOW_CTX_TRY_NUMBER='1' AIRFLOW_CTX_DAG_RUN_ID='manual__2024-11-17T01:49:09.921593+00:00'
[2024-11-17T01:49:30.267+0000] {logging_mixin.py:190} INFO - Task instance is in running state
[2024-11-17T01:49:30.268+0000] {logging_mixin.py:190} INFO -  Previous state of the Task instance: queued
[2024-11-17T01:49:30.268+0000] {logging_mixin.py:190} INFO - Current task name:create_table_historico_indicadoresdw state:running start_date:2024-11-17 01:49:29.866237+00:00
[2024-11-17T01:49:30.268+0000] {logging_mixin.py:190} INFO - Dag name:criar_tabelas and current dag run status:running
[2024-11-17T01:49:30.268+0000] {taskinstance.py:731} INFO - ::endgroup::
[2024-11-17T01:49:30.269+0000] {sql.py:278} INFO - Executing: 
CREATE TABLE  IF NOT EXISTS dw.indicadores (
    id int ,
    endDate TIMESTAMP,
    cash BIGINT,
    shortTermInvestments BIGINT,
    netReceivables BIGINT,
    inventory BIGINT,
    otherCurrentAssets BIGINT,
    totalCurrentAssets BIGINT,
    longTermInvestments BIGINT,
    propertyPlantEquipment BIGINT,
    goodWill BIGINT,
    intangibleAssets BIGINT,
    otherAssets BIGINT,
    deferredLongTermAssetCharges BIGINT,
    totalAssets BIGINT,
    accountsPayable BIGINT,
    shortLongTermDebt BIGINT,
    otherCurrentLiab BIGINT,
    longTermDebt BIGINT,
    otherLiab BIGINT,
    minorityInterest BIGINT,
    totalCurrentLiabilities BIGINT,
    totalLiab BIGINT,
    commonStock BIGINT,
    retainedEarnings BIGINT,
    treasuryStock BIGINT,
    otherStockholderEquity BIGINT,
    totalStockholderEquity BIGINT,
    netTangibleAssets BIGINT,
    FOREIGN KEY ( id ) REFERENCES SummaryProfile( id )
);
[2024-11-17T01:49:30.280+0000] {base.py:84} INFO - Retrieving connection 'postgres-***'
[2024-11-17T01:49:30.291+0000] {base.py:84} INFO - Retrieving connection 'postgres-***'
[2024-11-17T01:49:30.296+0000] {sql.py:544} INFO - Running statement: 
CREATE TABLE  IF NOT EXISTS dw.indicadores (
    id int ,
    endDate TIMESTAMP,
    cash BIGINT,
    shortTermInvestments BIGINT,
    netReceivables BIGINT,
    inventory BIGINT,
    otherCurrentAssets BIGINT,
    totalCurrentAssets BIGINT,
    longTermInvestments BIGINT,
    propertyPlantEquipment BIGINT,
    goodWill BIGINT,
    intangibleAssets BIGINT,
    otherAssets BIGINT,
    deferredLongTermAssetCharges BIGINT,
    totalAssets BIGINT,
    accountsPayable BIGINT,
    shortLongTermDebt BIGINT,
    otherCurrentLiab BIGINT,
    longTermDebt BIGINT,
    otherLiab BIGINT,
    minorityInterest BIGINT,
    totalCurrentLiabilities BIGINT,
    totalLiab BIGINT,
    commonStock BIGINT,
    retainedEarnings BIGINT,
    treasuryStock BIGINT,
    otherStockholderEquity BIGINT,
    totalStockholderEquity BIGINT,
    netTangibleAssets BIGINT,
    FOREIGN KEY ( id ) REFERENCES SummaryProfile( id )
);, parameters: None
[2024-11-17T01:49:30.310+0000] {taskinstance.py:340} INFO - ::group::Post task execution logs
[2024-11-17T01:49:30.311+0000] {taskinstance.py:352} INFO - Marking task as SUCCESS. dag_id=criar_tabelas, task_id=create_table_historico_indicadoresdw, run_id=manual__2024-11-17T01:49:09.921593+00:00, execution_date=20241117T014909, start_date=20241117T014929, end_date=20241117T014930
[2024-11-17T01:49:30.320+0000] {logging_mixin.py:190} INFO - Task instance in success state
[2024-11-17T01:49:30.321+0000] {logging_mixin.py:190} INFO -  Previous state of the Task instance: running
[2024-11-17T01:49:30.322+0000] {logging_mixin.py:190} INFO - Dag name:criar_tabelas queued_at:2024-11-17 01:49:09.954288+00:00
[2024-11-17T01:49:30.322+0000] {logging_mixin.py:190} INFO - Task hostname:bfeda1f9cf11 operator:PostgresOperator
[2024-11-17T01:49:30.361+0000] {local_task_job_runner.py:266} INFO - Task exited with return code 0
[2024-11-17T01:49:30.388+0000] {taskinstance.py:3895} INFO - 1 downstream tasks scheduled from follow-on schedule check
[2024-11-17T01:49:30.390+0000] {local_task_job_runner.py:245} INFO - ::endgroup::
