[2024-11-07T00:29:18.590+0000] {processor.py:186} INFO - Started process (PID=63) to work on /home/airflow/.local/lib/python3.12/site-packages/airflow/example_dags/example_kubernetes_executor.py
[2024-11-07T00:29:18.591+0000] {processor.py:914} INFO - Processing file /home/airflow/.local/lib/python3.12/site-packages/airflow/example_dags/example_kubernetes_executor.py for tasks to queue
[2024-11-07T00:29:18.593+0000] {logging_mixin.py:190} INFO - [2024-11-07T00:29:18.593+0000] {dagbag.py:588} INFO - Filling up the DagBag from /home/airflow/.local/lib/python3.12/site-packages/airflow/example_dags/example_kubernetes_executor.py
[2024-11-07T00:29:18.614+0000] {processor.py:925} INFO - DAG(s) 'example_kubernetes_executor' retrieved from /home/airflow/.local/lib/python3.12/site-packages/airflow/example_dags/example_kubernetes_executor.py
[2024-11-07T00:29:18.746+0000] {logging_mixin.py:190} INFO - [2024-11-07T00:29:18.745+0000] {override.py:1911} INFO - Created Permission View: can delete on DAG:example_kubernetes_executor
[2024-11-07T00:29:18.755+0000] {logging_mixin.py:190} INFO - [2024-11-07T00:29:18.755+0000] {override.py:1911} INFO - Created Permission View: can edit on DAG:example_kubernetes_executor
[2024-11-07T00:29:18.762+0000] {logging_mixin.py:190} INFO - [2024-11-07T00:29:18.762+0000] {override.py:1911} INFO - Created Permission View: can read on DAG:example_kubernetes_executor
[2024-11-07T00:29:18.769+0000] {logging_mixin.py:190} INFO - [2024-11-07T00:29:18.769+0000] {override.py:1911} INFO - Created Permission View: can create on DAG Run:example_kubernetes_executor
[2024-11-07T00:29:18.775+0000] {logging_mixin.py:190} INFO - [2024-11-07T00:29:18.775+0000] {override.py:1911} INFO - Created Permission View: can delete on DAG Run:example_kubernetes_executor
[2024-11-07T00:29:18.781+0000] {logging_mixin.py:190} INFO - [2024-11-07T00:29:18.781+0000] {override.py:1911} INFO - Created Permission View: menu access on DAG Run:example_kubernetes_executor
[2024-11-07T00:29:18.788+0000] {logging_mixin.py:190} INFO - [2024-11-07T00:29:18.787+0000] {override.py:1911} INFO - Created Permission View: can read on DAG Run:example_kubernetes_executor
[2024-11-07T00:29:18.788+0000] {logging_mixin.py:190} INFO - [2024-11-07T00:29:18.788+0000] {dag.py:3239} INFO - Sync 1 DAGs
[2024-11-07T00:29:18.799+0000] {logging_mixin.py:190} INFO - [2024-11-07T00:29:18.799+0000] {dag.py:3262} INFO - Creating ORM DAG for example_kubernetes_executor
[2024-11-07T00:29:18.800+0000] {logging_mixin.py:190} INFO - [2024-11-07T00:29:18.800+0000] {dag.py:4180} INFO - Setting next_dagrun for example_kubernetes_executor to None, run_after=None
[2024-11-07T00:29:18.818+0000] {processor.py:208} INFO - Processing /home/airflow/.local/lib/python3.12/site-packages/airflow/example_dags/example_kubernetes_executor.py took 0.235 seconds
[2024-11-07T00:29:49.232+0000] {processor.py:186} INFO - Started process (PID=125) to work on /home/airflow/.local/lib/python3.12/site-packages/airflow/example_dags/example_kubernetes_executor.py
[2024-11-07T00:29:49.233+0000] {processor.py:914} INFO - Processing file /home/airflow/.local/lib/python3.12/site-packages/airflow/example_dags/example_kubernetes_executor.py for tasks to queue
[2024-11-07T00:29:49.235+0000] {logging_mixin.py:190} INFO - [2024-11-07T00:29:49.235+0000] {dagbag.py:588} INFO - Filling up the DagBag from /home/airflow/.local/lib/python3.12/site-packages/airflow/example_dags/example_kubernetes_executor.py
[2024-11-07T00:29:49.248+0000] {processor.py:925} INFO - DAG(s) 'example_kubernetes_executor' retrieved from /home/airflow/.local/lib/python3.12/site-packages/airflow/example_dags/example_kubernetes_executor.py
[2024-11-07T00:29:49.280+0000] {logging_mixin.py:190} INFO - [2024-11-07T00:29:49.280+0000] {dag.py:3239} INFO - Sync 1 DAGs
[2024-11-07T00:29:49.292+0000] {logging_mixin.py:190} INFO - [2024-11-07T00:29:49.292+0000] {dag.py:4180} INFO - Setting next_dagrun for example_kubernetes_executor to None, run_after=None
[2024-11-07T00:29:49.307+0000] {processor.py:208} INFO - Processing /home/airflow/.local/lib/python3.12/site-packages/airflow/example_dags/example_kubernetes_executor.py took 0.080 seconds
[2024-11-07T00:30:19.359+0000] {processor.py:186} INFO - Started process (PID=188) to work on /home/airflow/.local/lib/python3.12/site-packages/airflow/example_dags/example_kubernetes_executor.py
[2024-11-07T00:30:19.360+0000] {processor.py:914} INFO - Processing file /home/airflow/.local/lib/python3.12/site-packages/airflow/example_dags/example_kubernetes_executor.py for tasks to queue
[2024-11-07T00:30:19.362+0000] {logging_mixin.py:190} INFO - [2024-11-07T00:30:19.361+0000] {dagbag.py:588} INFO - Filling up the DagBag from /home/airflow/.local/lib/python3.12/site-packages/airflow/example_dags/example_kubernetes_executor.py
[2024-11-07T00:30:19.373+0000] {processor.py:925} INFO - DAG(s) 'example_kubernetes_executor' retrieved from /home/airflow/.local/lib/python3.12/site-packages/airflow/example_dags/example_kubernetes_executor.py
[2024-11-07T00:30:19.409+0000] {logging_mixin.py:190} INFO - [2024-11-07T00:30:19.409+0000] {dag.py:3239} INFO - Sync 1 DAGs
[2024-11-07T00:30:19.421+0000] {logging_mixin.py:190} INFO - [2024-11-07T00:30:19.421+0000] {dag.py:4180} INFO - Setting next_dagrun for example_kubernetes_executor to None, run_after=None
[2024-11-07T00:30:19.435+0000] {processor.py:208} INFO - Processing /home/airflow/.local/lib/python3.12/site-packages/airflow/example_dags/example_kubernetes_executor.py took 0.081 seconds
[2024-11-07T00:30:49.724+0000] {processor.py:186} INFO - Started process (PID=245) to work on /home/airflow/.local/lib/python3.12/site-packages/airflow/example_dags/example_kubernetes_executor.py
[2024-11-07T00:30:49.725+0000] {processor.py:914} INFO - Processing file /home/airflow/.local/lib/python3.12/site-packages/airflow/example_dags/example_kubernetes_executor.py for tasks to queue
[2024-11-07T00:30:49.726+0000] {logging_mixin.py:190} INFO - [2024-11-07T00:30:49.726+0000] {dagbag.py:588} INFO - Filling up the DagBag from /home/airflow/.local/lib/python3.12/site-packages/airflow/example_dags/example_kubernetes_executor.py
[2024-11-07T00:30:49.739+0000] {processor.py:925} INFO - DAG(s) 'example_kubernetes_executor' retrieved from /home/airflow/.local/lib/python3.12/site-packages/airflow/example_dags/example_kubernetes_executor.py
[2024-11-07T00:30:49.777+0000] {logging_mixin.py:190} INFO - [2024-11-07T00:30:49.777+0000] {dag.py:3239} INFO - Sync 1 DAGs
[2024-11-07T00:30:49.791+0000] {logging_mixin.py:190} INFO - [2024-11-07T00:30:49.791+0000] {dag.py:4180} INFO - Setting next_dagrun for example_kubernetes_executor to None, run_after=None
[2024-11-07T00:30:49.812+0000] {processor.py:208} INFO - Processing /home/airflow/.local/lib/python3.12/site-packages/airflow/example_dags/example_kubernetes_executor.py took 0.093 seconds
[2024-11-07T00:32:00.760+0000] {processor.py:186} INFO - Started process (PID=309) to work on /home/airflow/.local/lib/python3.12/site-packages/airflow/example_dags/example_kubernetes_executor.py
[2024-11-07T00:32:00.761+0000] {processor.py:914} INFO - Processing file /home/airflow/.local/lib/python3.12/site-packages/airflow/example_dags/example_kubernetes_executor.py for tasks to queue
[2024-11-07T00:32:00.763+0000] {logging_mixin.py:190} INFO - [2024-11-07T00:32:00.762+0000] {dagbag.py:588} INFO - Filling up the DagBag from /home/airflow/.local/lib/python3.12/site-packages/airflow/example_dags/example_kubernetes_executor.py
[2024-11-07T00:32:00.775+0000] {processor.py:925} INFO - DAG(s) 'example_kubernetes_executor' retrieved from /home/airflow/.local/lib/python3.12/site-packages/airflow/example_dags/example_kubernetes_executor.py
[2024-11-07T00:32:00.809+0000] {logging_mixin.py:190} INFO - [2024-11-07T00:32:00.809+0000] {dag.py:3239} INFO - Sync 1 DAGs
[2024-11-07T00:32:00.822+0000] {logging_mixin.py:190} INFO - [2024-11-07T00:32:00.822+0000] {dag.py:4180} INFO - Setting next_dagrun for example_kubernetes_executor to None, run_after=None
[2024-11-07T00:32:00.838+0000] {processor.py:208} INFO - Processing /home/airflow/.local/lib/python3.12/site-packages/airflow/example_dags/example_kubernetes_executor.py took 0.084 seconds
[2024-11-07T00:32:31.341+0000] {processor.py:186} INFO - Started process (PID=372) to work on /home/airflow/.local/lib/python3.12/site-packages/airflow/example_dags/example_kubernetes_executor.py
[2024-11-07T00:32:31.342+0000] {processor.py:914} INFO - Processing file /home/airflow/.local/lib/python3.12/site-packages/airflow/example_dags/example_kubernetes_executor.py for tasks to queue
[2024-11-07T00:32:31.344+0000] {logging_mixin.py:190} INFO - [2024-11-07T00:32:31.344+0000] {dagbag.py:588} INFO - Filling up the DagBag from /home/airflow/.local/lib/python3.12/site-packages/airflow/example_dags/example_kubernetes_executor.py
[2024-11-07T00:32:31.357+0000] {processor.py:925} INFO - DAG(s) 'example_kubernetes_executor' retrieved from /home/airflow/.local/lib/python3.12/site-packages/airflow/example_dags/example_kubernetes_executor.py
[2024-11-07T00:32:31.390+0000] {logging_mixin.py:190} INFO - [2024-11-07T00:32:31.390+0000] {dag.py:3239} INFO - Sync 1 DAGs
[2024-11-07T00:32:31.404+0000] {logging_mixin.py:190} INFO - [2024-11-07T00:32:31.404+0000] {dag.py:4180} INFO - Setting next_dagrun for example_kubernetes_executor to None, run_after=None
[2024-11-07T00:32:31.422+0000] {processor.py:208} INFO - Processing /home/airflow/.local/lib/python3.12/site-packages/airflow/example_dags/example_kubernetes_executor.py took 0.087 seconds
[2024-11-07T00:33:01.836+0000] {processor.py:186} INFO - Started process (PID=435) to work on /home/airflow/.local/lib/python3.12/site-packages/airflow/example_dags/example_kubernetes_executor.py
[2024-11-07T00:33:01.837+0000] {processor.py:914} INFO - Processing file /home/airflow/.local/lib/python3.12/site-packages/airflow/example_dags/example_kubernetes_executor.py for tasks to queue
[2024-11-07T00:33:01.839+0000] {logging_mixin.py:190} INFO - [2024-11-07T00:33:01.838+0000] {dagbag.py:588} INFO - Filling up the DagBag from /home/airflow/.local/lib/python3.12/site-packages/airflow/example_dags/example_kubernetes_executor.py
[2024-11-07T00:33:01.850+0000] {processor.py:925} INFO - DAG(s) 'example_kubernetes_executor' retrieved from /home/airflow/.local/lib/python3.12/site-packages/airflow/example_dags/example_kubernetes_executor.py
[2024-11-07T00:33:01.884+0000] {logging_mixin.py:190} INFO - [2024-11-07T00:33:01.884+0000] {dag.py:3239} INFO - Sync 1 DAGs
[2024-11-07T00:33:01.896+0000] {logging_mixin.py:190} INFO - [2024-11-07T00:33:01.896+0000] {dag.py:4180} INFO - Setting next_dagrun for example_kubernetes_executor to None, run_after=None
[2024-11-07T00:33:01.913+0000] {processor.py:208} INFO - Processing /home/airflow/.local/lib/python3.12/site-packages/airflow/example_dags/example_kubernetes_executor.py took 0.082 seconds
[2024-11-07T00:33:33.048+0000] {processor.py:186} INFO - Started process (PID=497) to work on /home/airflow/.local/lib/python3.12/site-packages/airflow/example_dags/example_kubernetes_executor.py
[2024-11-07T00:33:33.048+0000] {processor.py:914} INFO - Processing file /home/airflow/.local/lib/python3.12/site-packages/airflow/example_dags/example_kubernetes_executor.py for tasks to queue
[2024-11-07T00:33:33.050+0000] {logging_mixin.py:190} INFO - [2024-11-07T00:33:33.050+0000] {dagbag.py:588} INFO - Filling up the DagBag from /home/airflow/.local/lib/python3.12/site-packages/airflow/example_dags/example_kubernetes_executor.py
[2024-11-07T00:33:33.063+0000] {processor.py:925} INFO - DAG(s) 'example_kubernetes_executor' retrieved from /home/airflow/.local/lib/python3.12/site-packages/airflow/example_dags/example_kubernetes_executor.py
[2024-11-07T00:33:33.099+0000] {logging_mixin.py:190} INFO - [2024-11-07T00:33:33.099+0000] {dag.py:3239} INFO - Sync 1 DAGs
[2024-11-07T00:33:33.114+0000] {logging_mixin.py:190} INFO - [2024-11-07T00:33:33.114+0000] {dag.py:4180} INFO - Setting next_dagrun for example_kubernetes_executor to None, run_after=None
[2024-11-07T00:33:33.132+0000] {processor.py:208} INFO - Processing /home/airflow/.local/lib/python3.12/site-packages/airflow/example_dags/example_kubernetes_executor.py took 0.090 seconds
[2024-11-07T00:34:04.056+0000] {processor.py:186} INFO - Started process (PID=560) to work on /home/airflow/.local/lib/python3.12/site-packages/airflow/example_dags/example_kubernetes_executor.py
[2024-11-07T00:34:04.057+0000] {processor.py:914} INFO - Processing file /home/airflow/.local/lib/python3.12/site-packages/airflow/example_dags/example_kubernetes_executor.py for tasks to queue
[2024-11-07T00:34:04.059+0000] {logging_mixin.py:190} INFO - [2024-11-07T00:34:04.059+0000] {dagbag.py:588} INFO - Filling up the DagBag from /home/airflow/.local/lib/python3.12/site-packages/airflow/example_dags/example_kubernetes_executor.py
[2024-11-07T00:34:04.070+0000] {processor.py:925} INFO - DAG(s) 'example_kubernetes_executor' retrieved from /home/airflow/.local/lib/python3.12/site-packages/airflow/example_dags/example_kubernetes_executor.py
[2024-11-07T00:34:04.102+0000] {logging_mixin.py:190} INFO - [2024-11-07T00:34:04.102+0000] {dag.py:3239} INFO - Sync 1 DAGs
[2024-11-07T00:34:04.114+0000] {logging_mixin.py:190} INFO - [2024-11-07T00:34:04.114+0000] {dag.py:4180} INFO - Setting next_dagrun for example_kubernetes_executor to None, run_after=None
[2024-11-07T00:34:04.129+0000] {processor.py:208} INFO - Processing /home/airflow/.local/lib/python3.12/site-packages/airflow/example_dags/example_kubernetes_executor.py took 0.078 seconds
[2024-11-07T00:34:34.683+0000] {processor.py:186} INFO - Started process (PID=622) to work on /home/airflow/.local/lib/python3.12/site-packages/airflow/example_dags/example_kubernetes_executor.py
[2024-11-07T00:34:34.685+0000] {processor.py:914} INFO - Processing file /home/airflow/.local/lib/python3.12/site-packages/airflow/example_dags/example_kubernetes_executor.py for tasks to queue
[2024-11-07T00:34:34.687+0000] {logging_mixin.py:190} INFO - [2024-11-07T00:34:34.687+0000] {dagbag.py:588} INFO - Filling up the DagBag from /home/airflow/.local/lib/python3.12/site-packages/airflow/example_dags/example_kubernetes_executor.py
[2024-11-07T00:34:34.699+0000] {processor.py:925} INFO - DAG(s) 'example_kubernetes_executor' retrieved from /home/airflow/.local/lib/python3.12/site-packages/airflow/example_dags/example_kubernetes_executor.py
[2024-11-07T00:34:34.728+0000] {logging_mixin.py:190} INFO - [2024-11-07T00:34:34.728+0000] {dag.py:3239} INFO - Sync 1 DAGs
[2024-11-07T00:34:34.741+0000] {logging_mixin.py:190} INFO - [2024-11-07T00:34:34.741+0000] {dag.py:4180} INFO - Setting next_dagrun for example_kubernetes_executor to None, run_after=None
[2024-11-07T00:34:34.756+0000] {processor.py:208} INFO - Processing /home/airflow/.local/lib/python3.12/site-packages/airflow/example_dags/example_kubernetes_executor.py took 0.078 seconds
[2024-11-07T00:35:05.707+0000] {processor.py:186} INFO - Started process (PID=685) to work on /home/airflow/.local/lib/python3.12/site-packages/airflow/example_dags/example_kubernetes_executor.py
[2024-11-07T00:35:05.708+0000] {processor.py:914} INFO - Processing file /home/airflow/.local/lib/python3.12/site-packages/airflow/example_dags/example_kubernetes_executor.py for tasks to queue
[2024-11-07T00:35:05.710+0000] {logging_mixin.py:190} INFO - [2024-11-07T00:35:05.710+0000] {dagbag.py:588} INFO - Filling up the DagBag from /home/airflow/.local/lib/python3.12/site-packages/airflow/example_dags/example_kubernetes_executor.py
[2024-11-07T00:35:05.721+0000] {processor.py:925} INFO - DAG(s) 'example_kubernetes_executor' retrieved from /home/airflow/.local/lib/python3.12/site-packages/airflow/example_dags/example_kubernetes_executor.py
[2024-11-07T00:35:05.751+0000] {logging_mixin.py:190} INFO - [2024-11-07T00:35:05.751+0000] {dag.py:3239} INFO - Sync 1 DAGs
[2024-11-07T00:35:05.763+0000] {logging_mixin.py:190} INFO - [2024-11-07T00:35:05.762+0000] {dag.py:4180} INFO - Setting next_dagrun for example_kubernetes_executor to None, run_after=None
[2024-11-07T00:35:05.780+0000] {processor.py:208} INFO - Processing /home/airflow/.local/lib/python3.12/site-packages/airflow/example_dags/example_kubernetes_executor.py took 0.077 seconds
[2024-11-07T00:35:36.017+0000] {processor.py:186} INFO - Started process (PID=747) to work on /home/airflow/.local/lib/python3.12/site-packages/airflow/example_dags/example_kubernetes_executor.py
[2024-11-07T00:35:36.028+0000] {processor.py:914} INFO - Processing file /home/airflow/.local/lib/python3.12/site-packages/airflow/example_dags/example_kubernetes_executor.py for tasks to queue
[2024-11-07T00:35:36.031+0000] {logging_mixin.py:190} INFO - [2024-11-07T00:35:36.030+0000] {dagbag.py:588} INFO - Filling up the DagBag from /home/airflow/.local/lib/python3.12/site-packages/airflow/example_dags/example_kubernetes_executor.py
[2024-11-07T00:35:36.042+0000] {processor.py:925} INFO - DAG(s) 'example_kubernetes_executor' retrieved from /home/airflow/.local/lib/python3.12/site-packages/airflow/example_dags/example_kubernetes_executor.py
[2024-11-07T00:35:36.070+0000] {logging_mixin.py:190} INFO - [2024-11-07T00:35:36.069+0000] {dag.py:3239} INFO - Sync 1 DAGs
[2024-11-07T00:35:36.081+0000] {logging_mixin.py:190} INFO - [2024-11-07T00:35:36.081+0000] {dag.py:4180} INFO - Setting next_dagrun for example_kubernetes_executor to None, run_after=None
[2024-11-07T00:35:36.096+0000] {processor.py:208} INFO - Processing /home/airflow/.local/lib/python3.12/site-packages/airflow/example_dags/example_kubernetes_executor.py took 0.084 seconds
[2024-11-07T00:36:06.293+0000] {processor.py:186} INFO - Started process (PID=804) to work on /home/airflow/.local/lib/python3.12/site-packages/airflow/example_dags/example_kubernetes_executor.py
[2024-11-07T00:36:06.305+0000] {processor.py:914} INFO - Processing file /home/airflow/.local/lib/python3.12/site-packages/airflow/example_dags/example_kubernetes_executor.py for tasks to queue
[2024-11-07T00:36:06.307+0000] {logging_mixin.py:190} INFO - [2024-11-07T00:36:06.307+0000] {dagbag.py:588} INFO - Filling up the DagBag from /home/airflow/.local/lib/python3.12/site-packages/airflow/example_dags/example_kubernetes_executor.py
[2024-11-07T00:36:06.318+0000] {processor.py:925} INFO - DAG(s) 'example_kubernetes_executor' retrieved from /home/airflow/.local/lib/python3.12/site-packages/airflow/example_dags/example_kubernetes_executor.py
[2024-11-07T00:36:06.346+0000] {logging_mixin.py:190} INFO - [2024-11-07T00:36:06.346+0000] {dag.py:3239} INFO - Sync 1 DAGs
[2024-11-07T00:36:06.357+0000] {logging_mixin.py:190} INFO - [2024-11-07T00:36:06.357+0000] {dag.py:4180} INFO - Setting next_dagrun for example_kubernetes_executor to None, run_after=None
[2024-11-07T00:36:06.372+0000] {processor.py:208} INFO - Processing /home/airflow/.local/lib/python3.12/site-packages/airflow/example_dags/example_kubernetes_executor.py took 0.084 seconds
[2024-11-07T00:38:38.206+0000] {processor.py:186} INFO - Started process (PID=57) to work on /home/airflow/.local/lib/python3.12/site-packages/airflow/example_dags/example_kubernetes_executor.py
[2024-11-07T00:38:38.207+0000] {processor.py:914} INFO - Processing file /home/airflow/.local/lib/python3.12/site-packages/airflow/example_dags/example_kubernetes_executor.py for tasks to queue
[2024-11-07T00:38:38.209+0000] {logging_mixin.py:190} INFO - [2024-11-07T00:38:38.208+0000] {dagbag.py:588} INFO - Filling up the DagBag from /home/airflow/.local/lib/python3.12/site-packages/airflow/example_dags/example_kubernetes_executor.py
[2024-11-07T00:38:38.223+0000] {processor.py:925} INFO - DAG(s) 'example_kubernetes_executor' retrieved from /home/airflow/.local/lib/python3.12/site-packages/airflow/example_dags/example_kubernetes_executor.py
[2024-11-07T00:38:38.266+0000] {logging_mixin.py:190} INFO - [2024-11-07T00:38:38.266+0000] {dag.py:3239} INFO - Sync 1 DAGs
[2024-11-07T00:38:38.280+0000] {logging_mixin.py:190} INFO - [2024-11-07T00:38:38.280+0000] {dag.py:4180} INFO - Setting next_dagrun for example_kubernetes_executor to None, run_after=None
[2024-11-07T00:38:38.302+0000] {processor.py:208} INFO - Processing /home/airflow/.local/lib/python3.12/site-packages/airflow/example_dags/example_kubernetes_executor.py took 0.101 seconds
[2024-11-07T00:39:09.115+0000] {processor.py:186} INFO - Started process (PID=120) to work on /home/airflow/.local/lib/python3.12/site-packages/airflow/example_dags/example_kubernetes_executor.py
[2024-11-07T00:39:09.116+0000] {processor.py:914} INFO - Processing file /home/airflow/.local/lib/python3.12/site-packages/airflow/example_dags/example_kubernetes_executor.py for tasks to queue
[2024-11-07T00:39:09.118+0000] {logging_mixin.py:190} INFO - [2024-11-07T00:39:09.117+0000] {dagbag.py:588} INFO - Filling up the DagBag from /home/airflow/.local/lib/python3.12/site-packages/airflow/example_dags/example_kubernetes_executor.py
[2024-11-07T00:39:09.130+0000] {processor.py:925} INFO - DAG(s) 'example_kubernetes_executor' retrieved from /home/airflow/.local/lib/python3.12/site-packages/airflow/example_dags/example_kubernetes_executor.py
[2024-11-07T00:39:09.179+0000] {logging_mixin.py:190} INFO - [2024-11-07T00:39:09.179+0000] {dag.py:3239} INFO - Sync 1 DAGs
[2024-11-07T00:39:09.191+0000] {logging_mixin.py:190} INFO - [2024-11-07T00:39:09.191+0000] {dag.py:4180} INFO - Setting next_dagrun for example_kubernetes_executor to None, run_after=None
[2024-11-07T00:39:09.208+0000] {processor.py:208} INFO - Processing /home/airflow/.local/lib/python3.12/site-packages/airflow/example_dags/example_kubernetes_executor.py took 0.098 seconds
[2024-11-07T00:39:40.233+0000] {processor.py:186} INFO - Started process (PID=183) to work on /home/airflow/.local/lib/python3.12/site-packages/airflow/example_dags/example_kubernetes_executor.py
[2024-11-07T00:39:40.237+0000] {processor.py:914} INFO - Processing file /home/airflow/.local/lib/python3.12/site-packages/airflow/example_dags/example_kubernetes_executor.py for tasks to queue
[2024-11-07T00:39:40.239+0000] {logging_mixin.py:190} INFO - [2024-11-07T00:39:40.239+0000] {dagbag.py:588} INFO - Filling up the DagBag from /home/airflow/.local/lib/python3.12/site-packages/airflow/example_dags/example_kubernetes_executor.py
[2024-11-07T00:39:40.250+0000] {processor.py:925} INFO - DAG(s) 'example_kubernetes_executor' retrieved from /home/airflow/.local/lib/python3.12/site-packages/airflow/example_dags/example_kubernetes_executor.py
[2024-11-07T00:39:40.281+0000] {logging_mixin.py:190} INFO - [2024-11-07T00:39:40.280+0000] {dag.py:3239} INFO - Sync 1 DAGs
[2024-11-07T00:39:40.293+0000] {logging_mixin.py:190} INFO - [2024-11-07T00:39:40.293+0000] {dag.py:4180} INFO - Setting next_dagrun for example_kubernetes_executor to None, run_after=None
[2024-11-07T00:39:40.309+0000] {processor.py:208} INFO - Processing /home/airflow/.local/lib/python3.12/site-packages/airflow/example_dags/example_kubernetes_executor.py took 0.080 seconds
[2024-11-07T00:40:10.827+0000] {processor.py:186} INFO - Started process (PID=245) to work on /home/airflow/.local/lib/python3.12/site-packages/airflow/example_dags/example_kubernetes_executor.py
[2024-11-07T00:40:10.828+0000] {processor.py:914} INFO - Processing file /home/airflow/.local/lib/python3.12/site-packages/airflow/example_dags/example_kubernetes_executor.py for tasks to queue
[2024-11-07T00:40:10.831+0000] {logging_mixin.py:190} INFO - [2024-11-07T00:40:10.830+0000] {dagbag.py:588} INFO - Filling up the DagBag from /home/airflow/.local/lib/python3.12/site-packages/airflow/example_dags/example_kubernetes_executor.py
[2024-11-07T00:40:10.845+0000] {processor.py:925} INFO - DAG(s) 'example_kubernetes_executor' retrieved from /home/airflow/.local/lib/python3.12/site-packages/airflow/example_dags/example_kubernetes_executor.py
[2024-11-07T00:40:10.884+0000] {logging_mixin.py:190} INFO - [2024-11-07T00:40:10.884+0000] {dag.py:3239} INFO - Sync 1 DAGs
[2024-11-07T00:40:10.896+0000] {logging_mixin.py:190} INFO - [2024-11-07T00:40:10.896+0000] {dag.py:4180} INFO - Setting next_dagrun for example_kubernetes_executor to None, run_after=None
[2024-11-07T00:40:10.912+0000] {processor.py:208} INFO - Processing /home/airflow/.local/lib/python3.12/site-packages/airflow/example_dags/example_kubernetes_executor.py took 0.090 seconds
[2024-11-07T00:40:41.630+0000] {processor.py:186} INFO - Started process (PID=308) to work on /home/airflow/.local/lib/python3.12/site-packages/airflow/example_dags/example_kubernetes_executor.py
[2024-11-07T00:40:41.641+0000] {processor.py:914} INFO - Processing file /home/airflow/.local/lib/python3.12/site-packages/airflow/example_dags/example_kubernetes_executor.py for tasks to queue
[2024-11-07T00:40:41.644+0000] {logging_mixin.py:190} INFO - [2024-11-07T00:40:41.644+0000] {dagbag.py:588} INFO - Filling up the DagBag from /home/airflow/.local/lib/python3.12/site-packages/airflow/example_dags/example_kubernetes_executor.py
[2024-11-07T00:40:41.654+0000] {processor.py:925} INFO - DAG(s) 'example_kubernetes_executor' retrieved from /home/airflow/.local/lib/python3.12/site-packages/airflow/example_dags/example_kubernetes_executor.py
[2024-11-07T00:40:41.681+0000] {logging_mixin.py:190} INFO - [2024-11-07T00:40:41.680+0000] {dag.py:3239} INFO - Sync 1 DAGs
[2024-11-07T00:40:41.692+0000] {logging_mixin.py:190} INFO - [2024-11-07T00:40:41.692+0000] {dag.py:4180} INFO - Setting next_dagrun for example_kubernetes_executor to None, run_after=None
[2024-11-07T00:40:41.706+0000] {processor.py:208} INFO - Processing /home/airflow/.local/lib/python3.12/site-packages/airflow/example_dags/example_kubernetes_executor.py took 0.080 seconds
[2024-11-07T00:41:12.014+0000] {processor.py:186} INFO - Started process (PID=371) to work on /home/airflow/.local/lib/python3.12/site-packages/airflow/example_dags/example_kubernetes_executor.py
[2024-11-07T00:41:12.015+0000] {processor.py:914} INFO - Processing file /home/airflow/.local/lib/python3.12/site-packages/airflow/example_dags/example_kubernetes_executor.py for tasks to queue
[2024-11-07T00:41:12.017+0000] {logging_mixin.py:190} INFO - [2024-11-07T00:41:12.017+0000] {dagbag.py:588} INFO - Filling up the DagBag from /home/airflow/.local/lib/python3.12/site-packages/airflow/example_dags/example_kubernetes_executor.py
[2024-11-07T00:41:12.028+0000] {processor.py:925} INFO - DAG(s) 'example_kubernetes_executor' retrieved from /home/airflow/.local/lib/python3.12/site-packages/airflow/example_dags/example_kubernetes_executor.py
[2024-11-07T00:41:12.057+0000] {logging_mixin.py:190} INFO - [2024-11-07T00:41:12.057+0000] {dag.py:3239} INFO - Sync 1 DAGs
[2024-11-07T00:41:12.071+0000] {logging_mixin.py:190} INFO - [2024-11-07T00:41:12.070+0000] {dag.py:4180} INFO - Setting next_dagrun for example_kubernetes_executor to None, run_after=None
[2024-11-07T00:41:12.085+0000] {processor.py:208} INFO - Processing /home/airflow/.local/lib/python3.12/site-packages/airflow/example_dags/example_kubernetes_executor.py took 0.075 seconds
[2024-11-07T00:41:42.352+0000] {processor.py:186} INFO - Started process (PID=434) to work on /home/airflow/.local/lib/python3.12/site-packages/airflow/example_dags/example_kubernetes_executor.py
[2024-11-07T00:41:42.352+0000] {processor.py:914} INFO - Processing file /home/airflow/.local/lib/python3.12/site-packages/airflow/example_dags/example_kubernetes_executor.py for tasks to queue
[2024-11-07T00:41:42.354+0000] {logging_mixin.py:190} INFO - [2024-11-07T00:41:42.354+0000] {dagbag.py:588} INFO - Filling up the DagBag from /home/airflow/.local/lib/python3.12/site-packages/airflow/example_dags/example_kubernetes_executor.py
[2024-11-07T00:41:42.365+0000] {processor.py:925} INFO - DAG(s) 'example_kubernetes_executor' retrieved from /home/airflow/.local/lib/python3.12/site-packages/airflow/example_dags/example_kubernetes_executor.py
[2024-11-07T00:41:42.393+0000] {logging_mixin.py:190} INFO - [2024-11-07T00:41:42.393+0000] {dag.py:3239} INFO - Sync 1 DAGs
[2024-11-07T00:41:42.404+0000] {logging_mixin.py:190} INFO - [2024-11-07T00:41:42.404+0000] {dag.py:4180} INFO - Setting next_dagrun for example_kubernetes_executor to None, run_after=None
[2024-11-07T00:41:42.419+0000] {processor.py:208} INFO - Processing /home/airflow/.local/lib/python3.12/site-packages/airflow/example_dags/example_kubernetes_executor.py took 0.071 seconds
[2024-11-07T00:42:12.602+0000] {processor.py:186} INFO - Started process (PID=497) to work on /home/airflow/.local/lib/python3.12/site-packages/airflow/example_dags/example_kubernetes_executor.py
[2024-11-07T00:42:12.603+0000] {processor.py:914} INFO - Processing file /home/airflow/.local/lib/python3.12/site-packages/airflow/example_dags/example_kubernetes_executor.py for tasks to queue
[2024-11-07T00:42:12.605+0000] {logging_mixin.py:190} INFO - [2024-11-07T00:42:12.605+0000] {dagbag.py:588} INFO - Filling up the DagBag from /home/airflow/.local/lib/python3.12/site-packages/airflow/example_dags/example_kubernetes_executor.py
[2024-11-07T00:42:12.618+0000] {processor.py:925} INFO - DAG(s) 'example_kubernetes_executor' retrieved from /home/airflow/.local/lib/python3.12/site-packages/airflow/example_dags/example_kubernetes_executor.py
[2024-11-07T00:42:12.650+0000] {logging_mixin.py:190} INFO - [2024-11-07T00:42:12.650+0000] {dag.py:3239} INFO - Sync 1 DAGs
[2024-11-07T00:42:12.662+0000] {logging_mixin.py:190} INFO - [2024-11-07T00:42:12.662+0000] {dag.py:4180} INFO - Setting next_dagrun for example_kubernetes_executor to None, run_after=None
[2024-11-07T00:42:12.679+0000] {processor.py:208} INFO - Processing /home/airflow/.local/lib/python3.12/site-packages/airflow/example_dags/example_kubernetes_executor.py took 0.082 seconds
[2024-11-07T00:42:42.764+0000] {processor.py:186} INFO - Started process (PID=560) to work on /home/airflow/.local/lib/python3.12/site-packages/airflow/example_dags/example_kubernetes_executor.py
[2024-11-07T00:42:42.775+0000] {processor.py:914} INFO - Processing file /home/airflow/.local/lib/python3.12/site-packages/airflow/example_dags/example_kubernetes_executor.py for tasks to queue
[2024-11-07T00:42:42.777+0000] {logging_mixin.py:190} INFO - [2024-11-07T00:42:42.776+0000] {dagbag.py:588} INFO - Filling up the DagBag from /home/airflow/.local/lib/python3.12/site-packages/airflow/example_dags/example_kubernetes_executor.py
[2024-11-07T00:42:42.788+0000] {processor.py:925} INFO - DAG(s) 'example_kubernetes_executor' retrieved from /home/airflow/.local/lib/python3.12/site-packages/airflow/example_dags/example_kubernetes_executor.py
[2024-11-07T00:42:42.821+0000] {logging_mixin.py:190} INFO - [2024-11-07T00:42:42.821+0000] {dag.py:3239} INFO - Sync 1 DAGs
[2024-11-07T00:42:42.833+0000] {logging_mixin.py:190} INFO - [2024-11-07T00:42:42.833+0000] {dag.py:4180} INFO - Setting next_dagrun for example_kubernetes_executor to None, run_after=None
[2024-11-07T00:42:42.848+0000] {processor.py:208} INFO - Processing /home/airflow/.local/lib/python3.12/site-packages/airflow/example_dags/example_kubernetes_executor.py took 0.089 seconds
[2024-11-07T00:43:13.247+0000] {processor.py:186} INFO - Started process (PID=623) to work on /home/airflow/.local/lib/python3.12/site-packages/airflow/example_dags/example_kubernetes_executor.py
[2024-11-07T00:43:13.258+0000] {processor.py:914} INFO - Processing file /home/airflow/.local/lib/python3.12/site-packages/airflow/example_dags/example_kubernetes_executor.py for tasks to queue
[2024-11-07T00:43:13.260+0000] {logging_mixin.py:190} INFO - [2024-11-07T00:43:13.259+0000] {dagbag.py:588} INFO - Filling up the DagBag from /home/airflow/.local/lib/python3.12/site-packages/airflow/example_dags/example_kubernetes_executor.py
[2024-11-07T00:43:13.272+0000] {processor.py:925} INFO - DAG(s) 'example_kubernetes_executor' retrieved from /home/airflow/.local/lib/python3.12/site-packages/airflow/example_dags/example_kubernetes_executor.py
[2024-11-07T00:43:13.306+0000] {logging_mixin.py:190} INFO - [2024-11-07T00:43:13.305+0000] {dag.py:3239} INFO - Sync 1 DAGs
[2024-11-07T00:43:13.320+0000] {logging_mixin.py:190} INFO - [2024-11-07T00:43:13.320+0000] {dag.py:4180} INFO - Setting next_dagrun for example_kubernetes_executor to None, run_after=None
[2024-11-07T00:43:13.338+0000] {processor.py:208} INFO - Processing /home/airflow/.local/lib/python3.12/site-packages/airflow/example_dags/example_kubernetes_executor.py took 0.096 seconds
[2024-11-07T00:43:43.486+0000] {processor.py:186} INFO - Started process (PID=687) to work on /home/airflow/.local/lib/python3.12/site-packages/airflow/example_dags/example_kubernetes_executor.py
[2024-11-07T00:43:43.497+0000] {processor.py:914} INFO - Processing file /home/airflow/.local/lib/python3.12/site-packages/airflow/example_dags/example_kubernetes_executor.py for tasks to queue
[2024-11-07T00:43:43.499+0000] {logging_mixin.py:190} INFO - [2024-11-07T00:43:43.499+0000] {dagbag.py:588} INFO - Filling up the DagBag from /home/airflow/.local/lib/python3.12/site-packages/airflow/example_dags/example_kubernetes_executor.py
[2024-11-07T00:43:43.510+0000] {processor.py:925} INFO - DAG(s) 'example_kubernetes_executor' retrieved from /home/airflow/.local/lib/python3.12/site-packages/airflow/example_dags/example_kubernetes_executor.py
[2024-11-07T00:43:43.538+0000] {logging_mixin.py:190} INFO - [2024-11-07T00:43:43.537+0000] {dag.py:3239} INFO - Sync 1 DAGs
[2024-11-07T00:43:43.550+0000] {logging_mixin.py:190} INFO - [2024-11-07T00:43:43.550+0000] {dag.py:4180} INFO - Setting next_dagrun for example_kubernetes_executor to None, run_after=None
[2024-11-07T00:43:43.564+0000] {processor.py:208} INFO - Processing /home/airflow/.local/lib/python3.12/site-packages/airflow/example_dags/example_kubernetes_executor.py took 0.082 seconds
[2024-11-07T00:44:13.746+0000] {processor.py:186} INFO - Started process (PID=751) to work on /home/airflow/.local/lib/python3.12/site-packages/airflow/example_dags/example_kubernetes_executor.py
[2024-11-07T00:44:13.757+0000] {processor.py:914} INFO - Processing file /home/airflow/.local/lib/python3.12/site-packages/airflow/example_dags/example_kubernetes_executor.py for tasks to queue
[2024-11-07T00:44:13.758+0000] {logging_mixin.py:190} INFO - [2024-11-07T00:44:13.758+0000] {dagbag.py:588} INFO - Filling up the DagBag from /home/airflow/.local/lib/python3.12/site-packages/airflow/example_dags/example_kubernetes_executor.py
[2024-11-07T00:44:13.770+0000] {processor.py:925} INFO - DAG(s) 'example_kubernetes_executor' retrieved from /home/airflow/.local/lib/python3.12/site-packages/airflow/example_dags/example_kubernetes_executor.py
[2024-11-07T00:44:13.805+0000] {logging_mixin.py:190} INFO - [2024-11-07T00:44:13.805+0000] {dag.py:3239} INFO - Sync 1 DAGs
[2024-11-07T00:44:13.819+0000] {logging_mixin.py:190} INFO - [2024-11-07T00:44:13.818+0000] {dag.py:4180} INFO - Setting next_dagrun for example_kubernetes_executor to None, run_after=None
[2024-11-07T00:44:13.839+0000] {processor.py:208} INFO - Processing /home/airflow/.local/lib/python3.12/site-packages/airflow/example_dags/example_kubernetes_executor.py took 0.098 seconds
[2024-11-07T00:44:44.018+0000] {processor.py:186} INFO - Started process (PID=815) to work on /home/airflow/.local/lib/python3.12/site-packages/airflow/example_dags/example_kubernetes_executor.py
[2024-11-07T00:44:44.029+0000] {processor.py:914} INFO - Processing file /home/airflow/.local/lib/python3.12/site-packages/airflow/example_dags/example_kubernetes_executor.py for tasks to queue
[2024-11-07T00:44:44.032+0000] {logging_mixin.py:190} INFO - [2024-11-07T00:44:44.031+0000] {dagbag.py:588} INFO - Filling up the DagBag from /home/airflow/.local/lib/python3.12/site-packages/airflow/example_dags/example_kubernetes_executor.py
[2024-11-07T00:44:44.042+0000] {processor.py:925} INFO - DAG(s) 'example_kubernetes_executor' retrieved from /home/airflow/.local/lib/python3.12/site-packages/airflow/example_dags/example_kubernetes_executor.py
[2024-11-07T00:44:44.070+0000] {logging_mixin.py:190} INFO - [2024-11-07T00:44:44.070+0000] {dag.py:3239} INFO - Sync 1 DAGs
[2024-11-07T00:44:44.081+0000] {logging_mixin.py:190} INFO - [2024-11-07T00:44:44.081+0000] {dag.py:4180} INFO - Setting next_dagrun for example_kubernetes_executor to None, run_after=None
[2024-11-07T00:44:44.096+0000] {processor.py:208} INFO - Processing /home/airflow/.local/lib/python3.12/site-packages/airflow/example_dags/example_kubernetes_executor.py took 0.082 seconds
[2024-11-07T00:45:14.334+0000] {processor.py:186} INFO - Started process (PID=879) to work on /home/airflow/.local/lib/python3.12/site-packages/airflow/example_dags/example_kubernetes_executor.py
[2024-11-07T00:45:14.345+0000] {processor.py:914} INFO - Processing file /home/airflow/.local/lib/python3.12/site-packages/airflow/example_dags/example_kubernetes_executor.py for tasks to queue
[2024-11-07T00:45:14.347+0000] {logging_mixin.py:190} INFO - [2024-11-07T00:45:14.346+0000] {dagbag.py:588} INFO - Filling up the DagBag from /home/airflow/.local/lib/python3.12/site-packages/airflow/example_dags/example_kubernetes_executor.py
[2024-11-07T00:45:14.357+0000] {processor.py:925} INFO - DAG(s) 'example_kubernetes_executor' retrieved from /home/airflow/.local/lib/python3.12/site-packages/airflow/example_dags/example_kubernetes_executor.py
[2024-11-07T00:45:14.385+0000] {logging_mixin.py:190} INFO - [2024-11-07T00:45:14.385+0000] {dag.py:3239} INFO - Sync 1 DAGs
[2024-11-07T00:45:14.396+0000] {logging_mixin.py:190} INFO - [2024-11-07T00:45:14.396+0000] {dag.py:4180} INFO - Setting next_dagrun for example_kubernetes_executor to None, run_after=None
[2024-11-07T00:45:14.411+0000] {processor.py:208} INFO - Processing /home/airflow/.local/lib/python3.12/site-packages/airflow/example_dags/example_kubernetes_executor.py took 0.081 seconds
[2024-11-07T00:45:44.570+0000] {processor.py:186} INFO - Started process (PID=943) to work on /home/airflow/.local/lib/python3.12/site-packages/airflow/example_dags/example_kubernetes_executor.py
[2024-11-07T00:45:44.581+0000] {processor.py:914} INFO - Processing file /home/airflow/.local/lib/python3.12/site-packages/airflow/example_dags/example_kubernetes_executor.py for tasks to queue
[2024-11-07T00:45:44.584+0000] {logging_mixin.py:190} INFO - [2024-11-07T00:45:44.584+0000] {dagbag.py:588} INFO - Filling up the DagBag from /home/airflow/.local/lib/python3.12/site-packages/airflow/example_dags/example_kubernetes_executor.py
[2024-11-07T00:45:44.595+0000] {processor.py:925} INFO - DAG(s) 'example_kubernetes_executor' retrieved from /home/airflow/.local/lib/python3.12/site-packages/airflow/example_dags/example_kubernetes_executor.py
[2024-11-07T00:45:44.624+0000] {logging_mixin.py:190} INFO - [2024-11-07T00:45:44.624+0000] {dag.py:3239} INFO - Sync 1 DAGs
[2024-11-07T00:45:44.634+0000] {logging_mixin.py:190} INFO - [2024-11-07T00:45:44.634+0000] {dag.py:4180} INFO - Setting next_dagrun for example_kubernetes_executor to None, run_after=None
[2024-11-07T00:45:44.649+0000] {processor.py:208} INFO - Processing /home/airflow/.local/lib/python3.12/site-packages/airflow/example_dags/example_kubernetes_executor.py took 0.084 seconds
[2024-11-07T00:46:14.816+0000] {processor.py:186} INFO - Started process (PID=1007) to work on /home/airflow/.local/lib/python3.12/site-packages/airflow/example_dags/example_kubernetes_executor.py
[2024-11-07T00:46:14.827+0000] {processor.py:914} INFO - Processing file /home/airflow/.local/lib/python3.12/site-packages/airflow/example_dags/example_kubernetes_executor.py for tasks to queue
[2024-11-07T00:46:14.830+0000] {logging_mixin.py:190} INFO - [2024-11-07T00:46:14.830+0000] {dagbag.py:588} INFO - Filling up the DagBag from /home/airflow/.local/lib/python3.12/site-packages/airflow/example_dags/example_kubernetes_executor.py
[2024-11-07T00:46:14.840+0000] {processor.py:925} INFO - DAG(s) 'example_kubernetes_executor' retrieved from /home/airflow/.local/lib/python3.12/site-packages/airflow/example_dags/example_kubernetes_executor.py
[2024-11-07T00:46:14.869+0000] {logging_mixin.py:190} INFO - [2024-11-07T00:46:14.869+0000] {dag.py:3239} INFO - Sync 1 DAGs
[2024-11-07T00:46:14.881+0000] {logging_mixin.py:190} INFO - [2024-11-07T00:46:14.880+0000] {dag.py:4180} INFO - Setting next_dagrun for example_kubernetes_executor to None, run_after=None
[2024-11-07T00:46:14.897+0000] {processor.py:208} INFO - Processing /home/airflow/.local/lib/python3.12/site-packages/airflow/example_dags/example_kubernetes_executor.py took 0.085 seconds
[2024-11-07T00:46:45.556+0000] {processor.py:186} INFO - Started process (PID=1071) to work on /home/airflow/.local/lib/python3.12/site-packages/airflow/example_dags/example_kubernetes_executor.py
[2024-11-07T00:46:45.556+0000] {processor.py:914} INFO - Processing file /home/airflow/.local/lib/python3.12/site-packages/airflow/example_dags/example_kubernetes_executor.py for tasks to queue
[2024-11-07T00:46:45.558+0000] {logging_mixin.py:190} INFO - [2024-11-07T00:46:45.558+0000] {dagbag.py:588} INFO - Filling up the DagBag from /home/airflow/.local/lib/python3.12/site-packages/airflow/example_dags/example_kubernetes_executor.py
[2024-11-07T00:46:45.569+0000] {processor.py:925} INFO - DAG(s) 'example_kubernetes_executor' retrieved from /home/airflow/.local/lib/python3.12/site-packages/airflow/example_dags/example_kubernetes_executor.py
[2024-11-07T00:46:45.597+0000] {logging_mixin.py:190} INFO - [2024-11-07T00:46:45.596+0000] {dag.py:3239} INFO - Sync 1 DAGs
[2024-11-07T00:46:45.608+0000] {logging_mixin.py:190} INFO - [2024-11-07T00:46:45.608+0000] {dag.py:4180} INFO - Setting next_dagrun for example_kubernetes_executor to None, run_after=None
[2024-11-07T00:46:45.622+0000] {processor.py:208} INFO - Processing /home/airflow/.local/lib/python3.12/site-packages/airflow/example_dags/example_kubernetes_executor.py took 0.071 seconds
[2024-11-07T00:47:15.811+0000] {processor.py:186} INFO - Started process (PID=1135) to work on /home/airflow/.local/lib/python3.12/site-packages/airflow/example_dags/example_kubernetes_executor.py
[2024-11-07T00:47:15.812+0000] {processor.py:914} INFO - Processing file /home/airflow/.local/lib/python3.12/site-packages/airflow/example_dags/example_kubernetes_executor.py for tasks to queue
[2024-11-07T00:47:15.813+0000] {logging_mixin.py:190} INFO - [2024-11-07T00:47:15.813+0000] {dagbag.py:588} INFO - Filling up the DagBag from /home/airflow/.local/lib/python3.12/site-packages/airflow/example_dags/example_kubernetes_executor.py
[2024-11-07T00:47:15.824+0000] {processor.py:925} INFO - DAG(s) 'example_kubernetes_executor' retrieved from /home/airflow/.local/lib/python3.12/site-packages/airflow/example_dags/example_kubernetes_executor.py
[2024-11-07T00:47:15.859+0000] {logging_mixin.py:190} INFO - [2024-11-07T00:47:15.859+0000] {dag.py:3239} INFO - Sync 1 DAGs
[2024-11-07T00:47:15.873+0000] {logging_mixin.py:190} INFO - [2024-11-07T00:47:15.873+0000] {dag.py:4180} INFO - Setting next_dagrun for example_kubernetes_executor to None, run_after=None
[2024-11-07T00:47:15.889+0000] {processor.py:208} INFO - Processing /home/airflow/.local/lib/python3.12/site-packages/airflow/example_dags/example_kubernetes_executor.py took 0.082 seconds
[2024-11-07T00:47:46.046+0000] {processor.py:186} INFO - Started process (PID=1199) to work on /home/airflow/.local/lib/python3.12/site-packages/airflow/example_dags/example_kubernetes_executor.py
[2024-11-07T00:47:46.047+0000] {processor.py:914} INFO - Processing file /home/airflow/.local/lib/python3.12/site-packages/airflow/example_dags/example_kubernetes_executor.py for tasks to queue
[2024-11-07T00:47:46.049+0000] {logging_mixin.py:190} INFO - [2024-11-07T00:47:46.048+0000] {dagbag.py:588} INFO - Filling up the DagBag from /home/airflow/.local/lib/python3.12/site-packages/airflow/example_dags/example_kubernetes_executor.py
[2024-11-07T00:47:46.060+0000] {processor.py:925} INFO - DAG(s) 'example_kubernetes_executor' retrieved from /home/airflow/.local/lib/python3.12/site-packages/airflow/example_dags/example_kubernetes_executor.py
[2024-11-07T00:47:46.088+0000] {logging_mixin.py:190} INFO - [2024-11-07T00:47:46.088+0000] {dag.py:3239} INFO - Sync 1 DAGs
[2024-11-07T00:47:46.100+0000] {logging_mixin.py:190} INFO - [2024-11-07T00:47:46.100+0000] {dag.py:4180} INFO - Setting next_dagrun for example_kubernetes_executor to None, run_after=None
[2024-11-07T00:47:46.114+0000] {processor.py:208} INFO - Processing /home/airflow/.local/lib/python3.12/site-packages/airflow/example_dags/example_kubernetes_executor.py took 0.073 seconds
[2024-11-07T00:55:07.161+0000] {processor.py:186} INFO - Started process (PID=1234) to work on /home/airflow/.local/lib/python3.12/site-packages/airflow/example_dags/example_kubernetes_executor.py
[2024-11-07T00:55:07.161+0000] {processor.py:914} INFO - Processing file /home/airflow/.local/lib/python3.12/site-packages/airflow/example_dags/example_kubernetes_executor.py for tasks to queue
[2024-11-07T00:55:07.163+0000] {logging_mixin.py:190} INFO - [2024-11-07T00:55:07.163+0000] {dagbag.py:588} INFO - Filling up the DagBag from /home/airflow/.local/lib/python3.12/site-packages/airflow/example_dags/example_kubernetes_executor.py
[2024-11-07T00:55:07.175+0000] {processor.py:925} INFO - DAG(s) 'example_kubernetes_executor' retrieved from /home/airflow/.local/lib/python3.12/site-packages/airflow/example_dags/example_kubernetes_executor.py
[2024-11-07T00:55:07.203+0000] {logging_mixin.py:190} INFO - [2024-11-07T00:55:07.203+0000] {dag.py:3239} INFO - Sync 1 DAGs
[2024-11-07T00:55:07.215+0000] {logging_mixin.py:190} INFO - [2024-11-07T00:55:07.214+0000] {dag.py:4180} INFO - Setting next_dagrun for example_kubernetes_executor to None, run_after=None
[2024-11-07T00:55:07.229+0000] {processor.py:208} INFO - Processing /home/airflow/.local/lib/python3.12/site-packages/airflow/example_dags/example_kubernetes_executor.py took 0.073 seconds
[2024-11-07T00:55:37.293+0000] {processor.py:186} INFO - Started process (PID=1298) to work on /home/airflow/.local/lib/python3.12/site-packages/airflow/example_dags/example_kubernetes_executor.py
[2024-11-07T00:55:37.294+0000] {processor.py:914} INFO - Processing file /home/airflow/.local/lib/python3.12/site-packages/airflow/example_dags/example_kubernetes_executor.py for tasks to queue
[2024-11-07T00:55:37.295+0000] {logging_mixin.py:190} INFO - [2024-11-07T00:55:37.295+0000] {dagbag.py:588} INFO - Filling up the DagBag from /home/airflow/.local/lib/python3.12/site-packages/airflow/example_dags/example_kubernetes_executor.py
[2024-11-07T00:55:37.306+0000] {processor.py:925} INFO - DAG(s) 'example_kubernetes_executor' retrieved from /home/airflow/.local/lib/python3.12/site-packages/airflow/example_dags/example_kubernetes_executor.py
[2024-11-07T00:55:37.334+0000] {logging_mixin.py:190} INFO - [2024-11-07T00:55:37.334+0000] {dag.py:3239} INFO - Sync 1 DAGs
[2024-11-07T00:55:37.344+0000] {logging_mixin.py:190} INFO - [2024-11-07T00:55:37.344+0000] {dag.py:4180} INFO - Setting next_dagrun for example_kubernetes_executor to None, run_after=None
[2024-11-07T00:55:37.359+0000] {processor.py:208} INFO - Processing /home/airflow/.local/lib/python3.12/site-packages/airflow/example_dags/example_kubernetes_executor.py took 0.071 seconds
[2024-11-07T00:56:08.065+0000] {processor.py:186} INFO - Started process (PID=1361) to work on /home/airflow/.local/lib/python3.12/site-packages/airflow/example_dags/example_kubernetes_executor.py
[2024-11-07T00:56:08.066+0000] {processor.py:914} INFO - Processing file /home/airflow/.local/lib/python3.12/site-packages/airflow/example_dags/example_kubernetes_executor.py for tasks to queue
[2024-11-07T00:56:08.067+0000] {logging_mixin.py:190} INFO - [2024-11-07T00:56:08.067+0000] {dagbag.py:588} INFO - Filling up the DagBag from /home/airflow/.local/lib/python3.12/site-packages/airflow/example_dags/example_kubernetes_executor.py
[2024-11-07T00:56:08.078+0000] {processor.py:925} INFO - DAG(s) 'example_kubernetes_executor' retrieved from /home/airflow/.local/lib/python3.12/site-packages/airflow/example_dags/example_kubernetes_executor.py
[2024-11-07T00:56:08.106+0000] {logging_mixin.py:190} INFO - [2024-11-07T00:56:08.106+0000] {dag.py:3239} INFO - Sync 1 DAGs
[2024-11-07T00:56:08.118+0000] {logging_mixin.py:190} INFO - [2024-11-07T00:56:08.118+0000] {dag.py:4180} INFO - Setting next_dagrun for example_kubernetes_executor to None, run_after=None
[2024-11-07T00:56:08.133+0000] {processor.py:208} INFO - Processing /home/airflow/.local/lib/python3.12/site-packages/airflow/example_dags/example_kubernetes_executor.py took 0.072 seconds
[2024-11-07T00:56:39.051+0000] {processor.py:186} INFO - Started process (PID=1425) to work on /home/airflow/.local/lib/python3.12/site-packages/airflow/example_dags/example_kubernetes_executor.py
[2024-11-07T00:56:39.051+0000] {processor.py:914} INFO - Processing file /home/airflow/.local/lib/python3.12/site-packages/airflow/example_dags/example_kubernetes_executor.py for tasks to queue
[2024-11-07T00:56:39.053+0000] {logging_mixin.py:190} INFO - [2024-11-07T00:56:39.053+0000] {dagbag.py:588} INFO - Filling up the DagBag from /home/airflow/.local/lib/python3.12/site-packages/airflow/example_dags/example_kubernetes_executor.py
[2024-11-07T00:56:39.065+0000] {processor.py:925} INFO - DAG(s) 'example_kubernetes_executor' retrieved from /home/airflow/.local/lib/python3.12/site-packages/airflow/example_dags/example_kubernetes_executor.py
[2024-11-07T00:56:39.096+0000] {logging_mixin.py:190} INFO - [2024-11-07T00:56:39.096+0000] {dag.py:3239} INFO - Sync 1 DAGs
[2024-11-07T00:56:39.108+0000] {logging_mixin.py:190} INFO - [2024-11-07T00:56:39.107+0000] {dag.py:4180} INFO - Setting next_dagrun for example_kubernetes_executor to None, run_after=None
[2024-11-07T00:56:39.123+0000] {processor.py:208} INFO - Processing /home/airflow/.local/lib/python3.12/site-packages/airflow/example_dags/example_kubernetes_executor.py took 0.078 seconds
[2024-11-07T00:57:09.255+0000] {processor.py:186} INFO - Started process (PID=1489) to work on /home/airflow/.local/lib/python3.12/site-packages/airflow/example_dags/example_kubernetes_executor.py
[2024-11-07T00:57:09.255+0000] {processor.py:914} INFO - Processing file /home/airflow/.local/lib/python3.12/site-packages/airflow/example_dags/example_kubernetes_executor.py for tasks to queue
[2024-11-07T00:57:09.257+0000] {logging_mixin.py:190} INFO - [2024-11-07T00:57:09.257+0000] {dagbag.py:588} INFO - Filling up the DagBag from /home/airflow/.local/lib/python3.12/site-packages/airflow/example_dags/example_kubernetes_executor.py
[2024-11-07T00:57:09.268+0000] {processor.py:925} INFO - DAG(s) 'example_kubernetes_executor' retrieved from /home/airflow/.local/lib/python3.12/site-packages/airflow/example_dags/example_kubernetes_executor.py
[2024-11-07T00:57:09.297+0000] {logging_mixin.py:190} INFO - [2024-11-07T00:57:09.296+0000] {dag.py:3239} INFO - Sync 1 DAGs
[2024-11-07T00:57:09.309+0000] {logging_mixin.py:190} INFO - [2024-11-07T00:57:09.309+0000] {dag.py:4180} INFO - Setting next_dagrun for example_kubernetes_executor to None, run_after=None
[2024-11-07T00:57:09.323+0000] {processor.py:208} INFO - Processing /home/airflow/.local/lib/python3.12/site-packages/airflow/example_dags/example_kubernetes_executor.py took 0.073 seconds
[2024-11-07T00:57:39.446+0000] {processor.py:186} INFO - Started process (PID=1553) to work on /home/airflow/.local/lib/python3.12/site-packages/airflow/example_dags/example_kubernetes_executor.py
[2024-11-07T00:57:39.447+0000] {processor.py:914} INFO - Processing file /home/airflow/.local/lib/python3.12/site-packages/airflow/example_dags/example_kubernetes_executor.py for tasks to queue
[2024-11-07T00:57:39.449+0000] {logging_mixin.py:190} INFO - [2024-11-07T00:57:39.448+0000] {dagbag.py:588} INFO - Filling up the DagBag from /home/airflow/.local/lib/python3.12/site-packages/airflow/example_dags/example_kubernetes_executor.py
[2024-11-07T00:57:39.459+0000] {processor.py:925} INFO - DAG(s) 'example_kubernetes_executor' retrieved from /home/airflow/.local/lib/python3.12/site-packages/airflow/example_dags/example_kubernetes_executor.py
[2024-11-07T00:57:39.488+0000] {logging_mixin.py:190} INFO - [2024-11-07T00:57:39.488+0000] {dag.py:3239} INFO - Sync 1 DAGs
[2024-11-07T00:57:39.500+0000] {logging_mixin.py:190} INFO - [2024-11-07T00:57:39.500+0000] {dag.py:4180} INFO - Setting next_dagrun for example_kubernetes_executor to None, run_after=None
[2024-11-07T00:57:39.516+0000] {processor.py:208} INFO - Processing /home/airflow/.local/lib/python3.12/site-packages/airflow/example_dags/example_kubernetes_executor.py took 0.074 seconds
[2024-11-07T00:58:09.584+0000] {processor.py:186} INFO - Started process (PID=1617) to work on /home/airflow/.local/lib/python3.12/site-packages/airflow/example_dags/example_kubernetes_executor.py
[2024-11-07T00:58:09.584+0000] {processor.py:914} INFO - Processing file /home/airflow/.local/lib/python3.12/site-packages/airflow/example_dags/example_kubernetes_executor.py for tasks to queue
[2024-11-07T00:58:09.586+0000] {logging_mixin.py:190} INFO - [2024-11-07T00:58:09.586+0000] {dagbag.py:588} INFO - Filling up the DagBag from /home/airflow/.local/lib/python3.12/site-packages/airflow/example_dags/example_kubernetes_executor.py
[2024-11-07T00:58:09.597+0000] {processor.py:925} INFO - DAG(s) 'example_kubernetes_executor' retrieved from /home/airflow/.local/lib/python3.12/site-packages/airflow/example_dags/example_kubernetes_executor.py
[2024-11-07T00:58:09.624+0000] {logging_mixin.py:190} INFO - [2024-11-07T00:58:09.624+0000] {dag.py:3239} INFO - Sync 1 DAGs
[2024-11-07T00:58:09.635+0000] {logging_mixin.py:190} INFO - [2024-11-07T00:58:09.635+0000] {dag.py:4180} INFO - Setting next_dagrun for example_kubernetes_executor to None, run_after=None
[2024-11-07T00:58:09.650+0000] {processor.py:208} INFO - Processing /home/airflow/.local/lib/python3.12/site-packages/airflow/example_dags/example_kubernetes_executor.py took 0.071 seconds
[2024-11-07T00:58:39.774+0000] {processor.py:186} INFO - Started process (PID=1687) to work on /home/airflow/.local/lib/python3.12/site-packages/airflow/example_dags/example_kubernetes_executor.py
[2024-11-07T00:58:39.774+0000] {processor.py:914} INFO - Processing file /home/airflow/.local/lib/python3.12/site-packages/airflow/example_dags/example_kubernetes_executor.py for tasks to queue
[2024-11-07T00:58:39.776+0000] {logging_mixin.py:190} INFO - [2024-11-07T00:58:39.776+0000] {dagbag.py:588} INFO - Filling up the DagBag from /home/airflow/.local/lib/python3.12/site-packages/airflow/example_dags/example_kubernetes_executor.py
[2024-11-07T00:58:39.787+0000] {processor.py:925} INFO - DAG(s) 'example_kubernetes_executor' retrieved from /home/airflow/.local/lib/python3.12/site-packages/airflow/example_dags/example_kubernetes_executor.py
[2024-11-07T00:58:39.815+0000] {logging_mixin.py:190} INFO - [2024-11-07T00:58:39.814+0000] {dag.py:3239} INFO - Sync 1 DAGs
[2024-11-07T00:58:39.826+0000] {logging_mixin.py:190} INFO - [2024-11-07T00:58:39.826+0000] {dag.py:4180} INFO - Setting next_dagrun for example_kubernetes_executor to None, run_after=None
[2024-11-07T00:58:39.840+0000] {processor.py:208} INFO - Processing /home/airflow/.local/lib/python3.12/site-packages/airflow/example_dags/example_kubernetes_executor.py took 0.072 seconds
[2024-11-07T00:59:10.715+0000] {processor.py:186} INFO - Started process (PID=1751) to work on /home/airflow/.local/lib/python3.12/site-packages/airflow/example_dags/example_kubernetes_executor.py
[2024-11-07T00:59:10.716+0000] {processor.py:914} INFO - Processing file /home/airflow/.local/lib/python3.12/site-packages/airflow/example_dags/example_kubernetes_executor.py for tasks to queue
[2024-11-07T00:59:10.717+0000] {logging_mixin.py:190} INFO - [2024-11-07T00:59:10.717+0000] {dagbag.py:588} INFO - Filling up the DagBag from /home/airflow/.local/lib/python3.12/site-packages/airflow/example_dags/example_kubernetes_executor.py
[2024-11-07T00:59:10.729+0000] {processor.py:925} INFO - DAG(s) 'example_kubernetes_executor' retrieved from /home/airflow/.local/lib/python3.12/site-packages/airflow/example_dags/example_kubernetes_executor.py
[2024-11-07T00:59:10.759+0000] {logging_mixin.py:190} INFO - [2024-11-07T00:59:10.758+0000] {dag.py:3239} INFO - Sync 1 DAGs
[2024-11-07T00:59:10.771+0000] {logging_mixin.py:190} INFO - [2024-11-07T00:59:10.770+0000] {dag.py:4180} INFO - Setting next_dagrun for example_kubernetes_executor to None, run_after=None
[2024-11-07T00:59:10.786+0000] {processor.py:208} INFO - Processing /home/airflow/.local/lib/python3.12/site-packages/airflow/example_dags/example_kubernetes_executor.py took 0.076 seconds
[2024-11-07T00:59:41.346+0000] {processor.py:186} INFO - Started process (PID=1815) to work on /home/airflow/.local/lib/python3.12/site-packages/airflow/example_dags/example_kubernetes_executor.py
[2024-11-07T00:59:41.347+0000] {processor.py:914} INFO - Processing file /home/airflow/.local/lib/python3.12/site-packages/airflow/example_dags/example_kubernetes_executor.py for tasks to queue
[2024-11-07T00:59:41.349+0000] {logging_mixin.py:190} INFO - [2024-11-07T00:59:41.349+0000] {dagbag.py:588} INFO - Filling up the DagBag from /home/airflow/.local/lib/python3.12/site-packages/airflow/example_dags/example_kubernetes_executor.py
[2024-11-07T00:59:41.360+0000] {processor.py:925} INFO - DAG(s) 'example_kubernetes_executor' retrieved from /home/airflow/.local/lib/python3.12/site-packages/airflow/example_dags/example_kubernetes_executor.py
[2024-11-07T00:59:41.389+0000] {logging_mixin.py:190} INFO - [2024-11-07T00:59:41.388+0000] {dag.py:3239} INFO - Sync 1 DAGs
[2024-11-07T00:59:41.400+0000] {logging_mixin.py:190} INFO - [2024-11-07T00:59:41.400+0000] {dag.py:4180} INFO - Setting next_dagrun for example_kubernetes_executor to None, run_after=None
[2024-11-07T00:59:41.415+0000] {processor.py:208} INFO - Processing /home/airflow/.local/lib/python3.12/site-packages/airflow/example_dags/example_kubernetes_executor.py took 0.073 seconds
[2024-11-07T01:00:11.919+0000] {processor.py:186} INFO - Started process (PID=1879) to work on /home/airflow/.local/lib/python3.12/site-packages/airflow/example_dags/example_kubernetes_executor.py
[2024-11-07T01:00:11.920+0000] {processor.py:914} INFO - Processing file /home/airflow/.local/lib/python3.12/site-packages/airflow/example_dags/example_kubernetes_executor.py for tasks to queue
[2024-11-07T01:00:11.922+0000] {logging_mixin.py:190} INFO - [2024-11-07T01:00:11.921+0000] {dagbag.py:588} INFO - Filling up the DagBag from /home/airflow/.local/lib/python3.12/site-packages/airflow/example_dags/example_kubernetes_executor.py
[2024-11-07T01:00:11.933+0000] {processor.py:925} INFO - DAG(s) 'example_kubernetes_executor' retrieved from /home/airflow/.local/lib/python3.12/site-packages/airflow/example_dags/example_kubernetes_executor.py
[2024-11-07T01:00:11.961+0000] {logging_mixin.py:190} INFO - [2024-11-07T01:00:11.961+0000] {dag.py:3239} INFO - Sync 1 DAGs
[2024-11-07T01:00:11.974+0000] {logging_mixin.py:190} INFO - [2024-11-07T01:00:11.973+0000] {dag.py:4180} INFO - Setting next_dagrun for example_kubernetes_executor to None, run_after=None
[2024-11-07T01:00:11.988+0000] {processor.py:208} INFO - Processing /home/airflow/.local/lib/python3.12/site-packages/airflow/example_dags/example_kubernetes_executor.py took 0.074 seconds
[2024-11-07T01:00:42.030+0000] {processor.py:186} INFO - Started process (PID=1943) to work on /home/airflow/.local/lib/python3.12/site-packages/airflow/example_dags/example_kubernetes_executor.py
[2024-11-07T01:00:42.031+0000] {processor.py:914} INFO - Processing file /home/airflow/.local/lib/python3.12/site-packages/airflow/example_dags/example_kubernetes_executor.py for tasks to queue
[2024-11-07T01:00:42.033+0000] {logging_mixin.py:190} INFO - [2024-11-07T01:00:42.032+0000] {dagbag.py:588} INFO - Filling up the DagBag from /home/airflow/.local/lib/python3.12/site-packages/airflow/example_dags/example_kubernetes_executor.py
[2024-11-07T01:00:42.044+0000] {processor.py:925} INFO - DAG(s) 'example_kubernetes_executor' retrieved from /home/airflow/.local/lib/python3.12/site-packages/airflow/example_dags/example_kubernetes_executor.py
[2024-11-07T01:00:42.072+0000] {logging_mixin.py:190} INFO - [2024-11-07T01:00:42.072+0000] {dag.py:3239} INFO - Sync 1 DAGs
[2024-11-07T01:00:42.083+0000] {logging_mixin.py:190} INFO - [2024-11-07T01:00:42.083+0000] {dag.py:4180} INFO - Setting next_dagrun for example_kubernetes_executor to None, run_after=None
[2024-11-07T01:00:42.099+0000] {processor.py:208} INFO - Processing /home/airflow/.local/lib/python3.12/site-packages/airflow/example_dags/example_kubernetes_executor.py took 0.074 seconds
[2024-11-07T01:01:12.217+0000] {processor.py:186} INFO - Started process (PID=2007) to work on /home/airflow/.local/lib/python3.12/site-packages/airflow/example_dags/example_kubernetes_executor.py
[2024-11-07T01:01:12.218+0000] {processor.py:914} INFO - Processing file /home/airflow/.local/lib/python3.12/site-packages/airflow/example_dags/example_kubernetes_executor.py for tasks to queue
[2024-11-07T01:01:12.220+0000] {logging_mixin.py:190} INFO - [2024-11-07T01:01:12.220+0000] {dagbag.py:588} INFO - Filling up the DagBag from /home/airflow/.local/lib/python3.12/site-packages/airflow/example_dags/example_kubernetes_executor.py
[2024-11-07T01:01:12.230+0000] {processor.py:925} INFO - DAG(s) 'example_kubernetes_executor' retrieved from /home/airflow/.local/lib/python3.12/site-packages/airflow/example_dags/example_kubernetes_executor.py
[2024-11-07T01:01:12.258+0000] {logging_mixin.py:190} INFO - [2024-11-07T01:01:12.258+0000] {dag.py:3239} INFO - Sync 1 DAGs
[2024-11-07T01:01:12.270+0000] {logging_mixin.py:190} INFO - [2024-11-07T01:01:12.270+0000] {dag.py:4180} INFO - Setting next_dagrun for example_kubernetes_executor to None, run_after=None
[2024-11-07T01:01:12.284+0000] {processor.py:208} INFO - Processing /home/airflow/.local/lib/python3.12/site-packages/airflow/example_dags/example_kubernetes_executor.py took 0.072 seconds
