[2024-11-07T00:29:21.610+0000] {processor.py:186} INFO - Started process (PID=83) to work on /home/airflow/.local/lib/python3.12/site-packages/airflow/example_dags/example_xcom.py
[2024-11-07T00:29:21.611+0000] {processor.py:914} INFO - Processing file /home/airflow/.local/lib/python3.12/site-packages/airflow/example_dags/example_xcom.py for tasks to queue
[2024-11-07T00:29:21.614+0000] {logging_mixin.py:190} INFO - [2024-11-07T00:29:21.614+0000] {dagbag.py:588} INFO - Filling up the DagBag from /home/airflow/.local/lib/python3.12/site-packages/airflow/example_dags/example_xcom.py
[2024-11-07T00:29:21.627+0000] {processor.py:925} INFO - DAG(s) 'example_xcom' retrieved from /home/airflow/.local/lib/python3.12/site-packages/airflow/example_dags/example_xcom.py
[2024-11-07T00:29:21.766+0000] {logging_mixin.py:190} INFO - [2024-11-07T00:29:21.765+0000] {override.py:1911} INFO - Created Permission View: can delete on DAG:example_xcom
[2024-11-07T00:29:21.779+0000] {logging_mixin.py:190} INFO - [2024-11-07T00:29:21.778+0000] {override.py:1911} INFO - Created Permission View: can edit on DAG:example_xcom
[2024-11-07T00:29:21.788+0000] {logging_mixin.py:190} INFO - [2024-11-07T00:29:21.788+0000] {override.py:1911} INFO - Created Permission View: can read on DAG:example_xcom
[2024-11-07T00:29:21.802+0000] {logging_mixin.py:190} INFO - [2024-11-07T00:29:21.802+0000] {override.py:1911} INFO - Created Permission View: can create on DAG Run:example_xcom
[2024-11-07T00:29:21.813+0000] {logging_mixin.py:190} INFO - [2024-11-07T00:29:21.812+0000] {override.py:1911} INFO - Created Permission View: can delete on DAG Run:example_xcom
[2024-11-07T00:29:21.821+0000] {logging_mixin.py:190} INFO - [2024-11-07T00:29:21.821+0000] {override.py:1911} INFO - Created Permission View: menu access on DAG Run:example_xcom
[2024-11-07T00:29:21.828+0000] {logging_mixin.py:190} INFO - [2024-11-07T00:29:21.828+0000] {override.py:1911} INFO - Created Permission View: can read on DAG Run:example_xcom
[2024-11-07T00:29:21.829+0000] {logging_mixin.py:190} INFO - [2024-11-07T00:29:21.828+0000] {dag.py:3239} INFO - Sync 1 DAGs
[2024-11-07T00:29:21.844+0000] {logging_mixin.py:190} INFO - [2024-11-07T00:29:21.844+0000] {dag.py:3262} INFO - Creating ORM DAG for example_xcom
[2024-11-07T00:29:21.856+0000] {logging_mixin.py:190} INFO - [2024-11-07T00:29:21.856+0000] {dag.py:4180} INFO - Setting next_dagrun for example_xcom to 2021-01-01 00:00:00+00:00, run_after=2021-01-01 00:00:00+00:00
[2024-11-07T00:29:21.877+0000] {processor.py:208} INFO - Processing /home/airflow/.local/lib/python3.12/site-packages/airflow/example_dags/example_xcom.py took 0.274 seconds
[2024-11-07T00:29:52.753+0000] {processor.py:186} INFO - Started process (PID=146) to work on /home/airflow/.local/lib/python3.12/site-packages/airflow/example_dags/example_xcom.py
[2024-11-07T00:29:52.754+0000] {processor.py:914} INFO - Processing file /home/airflow/.local/lib/python3.12/site-packages/airflow/example_dags/example_xcom.py for tasks to queue
[2024-11-07T00:29:52.756+0000] {logging_mixin.py:190} INFO - [2024-11-07T00:29:52.756+0000] {dagbag.py:588} INFO - Filling up the DagBag from /home/airflow/.local/lib/python3.12/site-packages/airflow/example_dags/example_xcom.py
[2024-11-07T00:29:52.765+0000] {processor.py:925} INFO - DAG(s) 'example_xcom' retrieved from /home/airflow/.local/lib/python3.12/site-packages/airflow/example_dags/example_xcom.py
[2024-11-07T00:29:52.787+0000] {logging_mixin.py:190} INFO - [2024-11-07T00:29:52.787+0000] {dag.py:3239} INFO - Sync 1 DAGs
[2024-11-07T00:29:52.808+0000] {logging_mixin.py:190} INFO - [2024-11-07T00:29:52.807+0000] {dag.py:4180} INFO - Setting next_dagrun for example_xcom to 2021-01-01 00:00:00+00:00, run_after=2021-01-01 00:00:00+00:00
[2024-11-07T00:29:52.825+0000] {processor.py:208} INFO - Processing /home/airflow/.local/lib/python3.12/site-packages/airflow/example_dags/example_xcom.py took 0.077 seconds
[2024-11-07T00:30:23.762+0000] {processor.py:186} INFO - Started process (PID=209) to work on /home/airflow/.local/lib/python3.12/site-packages/airflow/example_dags/example_xcom.py
[2024-11-07T00:30:23.763+0000] {processor.py:914} INFO - Processing file /home/airflow/.local/lib/python3.12/site-packages/airflow/example_dags/example_xcom.py for tasks to queue
[2024-11-07T00:30:23.765+0000] {logging_mixin.py:190} INFO - [2024-11-07T00:30:23.764+0000] {dagbag.py:588} INFO - Filling up the DagBag from /home/airflow/.local/lib/python3.12/site-packages/airflow/example_dags/example_xcom.py
[2024-11-07T00:30:23.773+0000] {processor.py:925} INFO - DAG(s) 'example_xcom' retrieved from /home/airflow/.local/lib/python3.12/site-packages/airflow/example_dags/example_xcom.py
[2024-11-07T00:30:23.791+0000] {logging_mixin.py:190} INFO - [2024-11-07T00:30:23.790+0000] {dag.py:3239} INFO - Sync 1 DAGs
[2024-11-07T00:30:23.811+0000] {logging_mixin.py:190} INFO - [2024-11-07T00:30:23.810+0000] {dag.py:4180} INFO - Setting next_dagrun for example_xcom to 2021-01-01 00:00:00+00:00, run_after=2021-01-01 00:00:00+00:00
[2024-11-07T00:30:23.825+0000] {processor.py:208} INFO - Processing /home/airflow/.local/lib/python3.12/site-packages/airflow/example_dags/example_xcom.py took 0.068 seconds
[2024-11-07T00:31:07.030+0000] {processor.py:186} INFO - Started process (PID=266) to work on /home/airflow/.local/lib/python3.12/site-packages/airflow/example_dags/example_xcom.py
[2024-11-07T00:31:07.032+0000] {processor.py:914} INFO - Processing file /home/airflow/.local/lib/python3.12/site-packages/airflow/example_dags/example_xcom.py for tasks to queue
[2024-11-07T00:31:07.035+0000] {logging_mixin.py:190} INFO - [2024-11-07T00:31:07.034+0000] {dagbag.py:588} INFO - Filling up the DagBag from /home/airflow/.local/lib/python3.12/site-packages/airflow/example_dags/example_xcom.py
[2024-11-07T00:31:07.051+0000] {processor.py:925} INFO - DAG(s) 'example_xcom' retrieved from /home/airflow/.local/lib/python3.12/site-packages/airflow/example_dags/example_xcom.py
[2024-11-07T00:31:07.080+0000] {logging_mixin.py:190} INFO - [2024-11-07T00:31:07.080+0000] {dag.py:3239} INFO - Sync 1 DAGs
[2024-11-07T00:31:07.119+0000] {logging_mixin.py:190} INFO - [2024-11-07T00:31:07.119+0000] {dag.py:4180} INFO - Setting next_dagrun for example_xcom to 2021-01-01 00:00:00+00:00, run_after=2021-01-01 00:00:00+00:00
[2024-11-07T00:31:07.147+0000] {processor.py:208} INFO - Processing /home/airflow/.local/lib/python3.12/site-packages/airflow/example_dags/example_xcom.py took 0.126 seconds
[2024-11-07T00:32:01.792+0000] {processor.py:186} INFO - Started process (PID=329) to work on /home/airflow/.local/lib/python3.12/site-packages/airflow/example_dags/example_xcom.py
[2024-11-07T00:32:01.793+0000] {processor.py:914} INFO - Processing file /home/airflow/.local/lib/python3.12/site-packages/airflow/example_dags/example_xcom.py for tasks to queue
[2024-11-07T00:32:01.795+0000] {logging_mixin.py:190} INFO - [2024-11-07T00:32:01.795+0000] {dagbag.py:588} INFO - Filling up the DagBag from /home/airflow/.local/lib/python3.12/site-packages/airflow/example_dags/example_xcom.py
[2024-11-07T00:32:01.804+0000] {processor.py:925} INFO - DAG(s) 'example_xcom' retrieved from /home/airflow/.local/lib/python3.12/site-packages/airflow/example_dags/example_xcom.py
[2024-11-07T00:32:01.823+0000] {logging_mixin.py:190} INFO - [2024-11-07T00:32:01.823+0000] {dag.py:3239} INFO - Sync 1 DAGs
[2024-11-07T00:32:01.844+0000] {logging_mixin.py:190} INFO - [2024-11-07T00:32:01.844+0000] {dag.py:4180} INFO - Setting next_dagrun for example_xcom to 2021-01-01 00:00:00+00:00, run_after=2021-01-01 00:00:00+00:00
[2024-11-07T00:32:01.860+0000] {processor.py:208} INFO - Processing /home/airflow/.local/lib/python3.12/site-packages/airflow/example_dags/example_xcom.py took 0.074 seconds
[2024-11-07T00:32:32.560+0000] {processor.py:186} INFO - Started process (PID=392) to work on /home/airflow/.local/lib/python3.12/site-packages/airflow/example_dags/example_xcom.py
[2024-11-07T00:32:32.561+0000] {processor.py:914} INFO - Processing file /home/airflow/.local/lib/python3.12/site-packages/airflow/example_dags/example_xcom.py for tasks to queue
[2024-11-07T00:32:32.563+0000] {logging_mixin.py:190} INFO - [2024-11-07T00:32:32.563+0000] {dagbag.py:588} INFO - Filling up the DagBag from /home/airflow/.local/lib/python3.12/site-packages/airflow/example_dags/example_xcom.py
[2024-11-07T00:32:32.571+0000] {processor.py:925} INFO - DAG(s) 'example_xcom' retrieved from /home/airflow/.local/lib/python3.12/site-packages/airflow/example_dags/example_xcom.py
[2024-11-07T00:32:32.589+0000] {logging_mixin.py:190} INFO - [2024-11-07T00:32:32.588+0000] {dag.py:3239} INFO - Sync 1 DAGs
[2024-11-07T00:32:32.609+0000] {logging_mixin.py:190} INFO - [2024-11-07T00:32:32.608+0000] {dag.py:4180} INFO - Setting next_dagrun for example_xcom to 2021-01-01 00:00:00+00:00, run_after=2021-01-01 00:00:00+00:00
[2024-11-07T00:32:32.624+0000] {processor.py:208} INFO - Processing /home/airflow/.local/lib/python3.12/site-packages/airflow/example_dags/example_xcom.py took 0.069 seconds
[2024-11-07T00:33:03.474+0000] {processor.py:186} INFO - Started process (PID=455) to work on /home/airflow/.local/lib/python3.12/site-packages/airflow/example_dags/example_xcom.py
[2024-11-07T00:33:03.475+0000] {processor.py:914} INFO - Processing file /home/airflow/.local/lib/python3.12/site-packages/airflow/example_dags/example_xcom.py for tasks to queue
[2024-11-07T00:33:03.477+0000] {logging_mixin.py:190} INFO - [2024-11-07T00:33:03.477+0000] {dagbag.py:588} INFO - Filling up the DagBag from /home/airflow/.local/lib/python3.12/site-packages/airflow/example_dags/example_xcom.py
[2024-11-07T00:33:03.486+0000] {processor.py:925} INFO - DAG(s) 'example_xcom' retrieved from /home/airflow/.local/lib/python3.12/site-packages/airflow/example_dags/example_xcom.py
[2024-11-07T00:33:03.511+0000] {logging_mixin.py:190} INFO - [2024-11-07T00:33:03.511+0000] {dag.py:3239} INFO - Sync 1 DAGs
[2024-11-07T00:33:03.538+0000] {logging_mixin.py:190} INFO - [2024-11-07T00:33:03.537+0000] {dag.py:4180} INFO - Setting next_dagrun for example_xcom to 2021-01-01 00:00:00+00:00, run_after=2021-01-01 00:00:00+00:00
[2024-11-07T00:33:03.558+0000] {processor.py:208} INFO - Processing /home/airflow/.local/lib/python3.12/site-packages/airflow/example_dags/example_xcom.py took 0.089 seconds
[2024-11-07T00:33:34.985+0000] {processor.py:186} INFO - Started process (PID=518) to work on /home/airflow/.local/lib/python3.12/site-packages/airflow/example_dags/example_xcom.py
[2024-11-07T00:33:34.986+0000] {processor.py:914} INFO - Processing file /home/airflow/.local/lib/python3.12/site-packages/airflow/example_dags/example_xcom.py for tasks to queue
[2024-11-07T00:33:34.988+0000] {logging_mixin.py:190} INFO - [2024-11-07T00:33:34.987+0000] {dagbag.py:588} INFO - Filling up the DagBag from /home/airflow/.local/lib/python3.12/site-packages/airflow/example_dags/example_xcom.py
[2024-11-07T00:33:34.995+0000] {processor.py:925} INFO - DAG(s) 'example_xcom' retrieved from /home/airflow/.local/lib/python3.12/site-packages/airflow/example_dags/example_xcom.py
[2024-11-07T00:33:35.014+0000] {logging_mixin.py:190} INFO - [2024-11-07T00:33:35.014+0000] {dag.py:3239} INFO - Sync 1 DAGs
[2024-11-07T00:33:35.034+0000] {logging_mixin.py:190} INFO - [2024-11-07T00:33:35.033+0000] {dag.py:4180} INFO - Setting next_dagrun for example_xcom to 2021-01-01 00:00:00+00:00, run_after=2021-01-01 00:00:00+00:00
[2024-11-07T00:33:35.048+0000] {processor.py:208} INFO - Processing /home/airflow/.local/lib/python3.12/site-packages/airflow/example_dags/example_xcom.py took 0.069 seconds
[2024-11-07T00:34:05.324+0000] {processor.py:186} INFO - Started process (PID=581) to work on /home/airflow/.local/lib/python3.12/site-packages/airflow/example_dags/example_xcom.py
[2024-11-07T00:34:05.325+0000] {processor.py:914} INFO - Processing file /home/airflow/.local/lib/python3.12/site-packages/airflow/example_dags/example_xcom.py for tasks to queue
[2024-11-07T00:34:05.327+0000] {logging_mixin.py:190} INFO - [2024-11-07T00:34:05.326+0000] {dagbag.py:588} INFO - Filling up the DagBag from /home/airflow/.local/lib/python3.12/site-packages/airflow/example_dags/example_xcom.py
[2024-11-07T00:34:05.335+0000] {processor.py:925} INFO - DAG(s) 'example_xcom' retrieved from /home/airflow/.local/lib/python3.12/site-packages/airflow/example_dags/example_xcom.py
[2024-11-07T00:34:05.355+0000] {logging_mixin.py:190} INFO - [2024-11-07T00:34:05.354+0000] {dag.py:3239} INFO - Sync 1 DAGs
[2024-11-07T00:34:05.374+0000] {logging_mixin.py:190} INFO - [2024-11-07T00:34:05.374+0000] {dag.py:4180} INFO - Setting next_dagrun for example_xcom to 2021-01-01 00:00:00+00:00, run_after=2021-01-01 00:00:00+00:00
[2024-11-07T00:34:05.390+0000] {processor.py:208} INFO - Processing /home/airflow/.local/lib/python3.12/site-packages/airflow/example_dags/example_xcom.py took 0.071 seconds
[2024-11-07T00:34:36.258+0000] {processor.py:186} INFO - Started process (PID=643) to work on /home/airflow/.local/lib/python3.12/site-packages/airflow/example_dags/example_xcom.py
[2024-11-07T00:34:36.259+0000] {processor.py:914} INFO - Processing file /home/airflow/.local/lib/python3.12/site-packages/airflow/example_dags/example_xcom.py for tasks to queue
[2024-11-07T00:34:36.261+0000] {logging_mixin.py:190} INFO - [2024-11-07T00:34:36.261+0000] {dagbag.py:588} INFO - Filling up the DagBag from /home/airflow/.local/lib/python3.12/site-packages/airflow/example_dags/example_xcom.py
[2024-11-07T00:34:36.269+0000] {processor.py:925} INFO - DAG(s) 'example_xcom' retrieved from /home/airflow/.local/lib/python3.12/site-packages/airflow/example_dags/example_xcom.py
[2024-11-07T00:34:36.287+0000] {logging_mixin.py:190} INFO - [2024-11-07T00:34:36.287+0000] {dag.py:3239} INFO - Sync 1 DAGs
[2024-11-07T00:34:36.307+0000] {logging_mixin.py:190} INFO - [2024-11-07T00:34:36.307+0000] {dag.py:4180} INFO - Setting next_dagrun for example_xcom to 2021-01-01 00:00:00+00:00, run_after=2021-01-01 00:00:00+00:00
[2024-11-07T00:34:36.323+0000] {processor.py:208} INFO - Processing /home/airflow/.local/lib/python3.12/site-packages/airflow/example_dags/example_xcom.py took 0.069 seconds
[2024-11-07T00:35:06.941+0000] {processor.py:186} INFO - Started process (PID=705) to work on /home/airflow/.local/lib/python3.12/site-packages/airflow/example_dags/example_xcom.py
[2024-11-07T00:35:06.942+0000] {processor.py:914} INFO - Processing file /home/airflow/.local/lib/python3.12/site-packages/airflow/example_dags/example_xcom.py for tasks to queue
[2024-11-07T00:35:06.944+0000] {logging_mixin.py:190} INFO - [2024-11-07T00:35:06.943+0000] {dagbag.py:588} INFO - Filling up the DagBag from /home/airflow/.local/lib/python3.12/site-packages/airflow/example_dags/example_xcom.py
[2024-11-07T00:35:06.951+0000] {processor.py:925} INFO - DAG(s) 'example_xcom' retrieved from /home/airflow/.local/lib/python3.12/site-packages/airflow/example_dags/example_xcom.py
[2024-11-07T00:35:06.969+0000] {logging_mixin.py:190} INFO - [2024-11-07T00:35:06.969+0000] {dag.py:3239} INFO - Sync 1 DAGs
[2024-11-07T00:35:06.989+0000] {logging_mixin.py:190} INFO - [2024-11-07T00:35:06.988+0000] {dag.py:4180} INFO - Setting next_dagrun for example_xcom to 2021-01-01 00:00:00+00:00, run_after=2021-01-01 00:00:00+00:00
[2024-11-07T00:35:07.005+0000] {processor.py:208} INFO - Processing /home/airflow/.local/lib/python3.12/site-packages/airflow/example_dags/example_xcom.py took 0.069 seconds
[2024-11-07T00:35:37.398+0000] {processor.py:186} INFO - Started process (PID=768) to work on /home/airflow/.local/lib/python3.12/site-packages/airflow/example_dags/example_xcom.py
[2024-11-07T00:35:37.399+0000] {processor.py:914} INFO - Processing file /home/airflow/.local/lib/python3.12/site-packages/airflow/example_dags/example_xcom.py for tasks to queue
[2024-11-07T00:35:37.401+0000] {logging_mixin.py:190} INFO - [2024-11-07T00:35:37.401+0000] {dagbag.py:588} INFO - Filling up the DagBag from /home/airflow/.local/lib/python3.12/site-packages/airflow/example_dags/example_xcom.py
[2024-11-07T00:35:37.409+0000] {processor.py:925} INFO - DAG(s) 'example_xcom' retrieved from /home/airflow/.local/lib/python3.12/site-packages/airflow/example_dags/example_xcom.py
[2024-11-07T00:35:37.431+0000] {logging_mixin.py:190} INFO - [2024-11-07T00:35:37.430+0000] {dag.py:3239} INFO - Sync 1 DAGs
[2024-11-07T00:35:37.450+0000] {logging_mixin.py:190} INFO - [2024-11-07T00:35:37.450+0000] {dag.py:4180} INFO - Setting next_dagrun for example_xcom to 2021-01-01 00:00:00+00:00, run_after=2021-01-01 00:00:00+00:00
[2024-11-07T00:35:37.465+0000] {processor.py:208} INFO - Processing /home/airflow/.local/lib/python3.12/site-packages/airflow/example_dags/example_xcom.py took 0.072 seconds
[2024-11-07T00:36:08.555+0000] {processor.py:186} INFO - Started process (PID=825) to work on /home/airflow/.local/lib/python3.12/site-packages/airflow/example_dags/example_xcom.py
[2024-11-07T00:36:08.556+0000] {processor.py:914} INFO - Processing file /home/airflow/.local/lib/python3.12/site-packages/airflow/example_dags/example_xcom.py for tasks to queue
[2024-11-07T00:36:08.558+0000] {logging_mixin.py:190} INFO - [2024-11-07T00:36:08.557+0000] {dagbag.py:588} INFO - Filling up the DagBag from /home/airflow/.local/lib/python3.12/site-packages/airflow/example_dags/example_xcom.py
[2024-11-07T00:36:08.565+0000] {processor.py:925} INFO - DAG(s) 'example_xcom' retrieved from /home/airflow/.local/lib/python3.12/site-packages/airflow/example_dags/example_xcom.py
[2024-11-07T00:36:08.583+0000] {logging_mixin.py:190} INFO - [2024-11-07T00:36:08.583+0000] {dag.py:3239} INFO - Sync 1 DAGs
[2024-11-07T00:36:08.603+0000] {logging_mixin.py:190} INFO - [2024-11-07T00:36:08.603+0000] {dag.py:4180} INFO - Setting next_dagrun for example_xcom to 2021-01-01 00:00:00+00:00, run_after=2021-01-01 00:00:00+00:00
[2024-11-07T00:36:08.618+0000] {processor.py:208} INFO - Processing /home/airflow/.local/lib/python3.12/site-packages/airflow/example_dags/example_xcom.py took 0.068 seconds
[2024-11-07T00:38:39.410+0000] {processor.py:186} INFO - Started process (PID=77) to work on /home/airflow/.local/lib/python3.12/site-packages/airflow/example_dags/example_xcom.py
[2024-11-07T00:38:39.411+0000] {processor.py:914} INFO - Processing file /home/airflow/.local/lib/python3.12/site-packages/airflow/example_dags/example_xcom.py for tasks to queue
[2024-11-07T00:38:39.413+0000] {logging_mixin.py:190} INFO - [2024-11-07T00:38:39.412+0000] {dagbag.py:588} INFO - Filling up the DagBag from /home/airflow/.local/lib/python3.12/site-packages/airflow/example_dags/example_xcom.py
[2024-11-07T00:38:39.420+0000] {processor.py:925} INFO - DAG(s) 'example_xcom' retrieved from /home/airflow/.local/lib/python3.12/site-packages/airflow/example_dags/example_xcom.py
[2024-11-07T00:38:39.437+0000] {logging_mixin.py:190} INFO - [2024-11-07T00:38:39.437+0000] {dag.py:3239} INFO - Sync 1 DAGs
[2024-11-07T00:38:39.456+0000] {logging_mixin.py:190} INFO - [2024-11-07T00:38:39.456+0000] {dag.py:4180} INFO - Setting next_dagrun for example_xcom to 2021-01-01 00:00:00+00:00, run_after=2021-01-01 00:00:00+00:00
[2024-11-07T00:38:39.472+0000] {processor.py:208} INFO - Processing /home/airflow/.local/lib/python3.12/site-packages/airflow/example_dags/example_xcom.py took 0.066 seconds
[2024-11-07T00:39:10.154+0000] {processor.py:186} INFO - Started process (PID=140) to work on /home/airflow/.local/lib/python3.12/site-packages/airflow/example_dags/example_xcom.py
[2024-11-07T00:39:10.155+0000] {processor.py:914} INFO - Processing file /home/airflow/.local/lib/python3.12/site-packages/airflow/example_dags/example_xcom.py for tasks to queue
[2024-11-07T00:39:10.157+0000] {logging_mixin.py:190} INFO - [2024-11-07T00:39:10.156+0000] {dagbag.py:588} INFO - Filling up the DagBag from /home/airflow/.local/lib/python3.12/site-packages/airflow/example_dags/example_xcom.py
[2024-11-07T00:39:10.165+0000] {processor.py:925} INFO - DAG(s) 'example_xcom' retrieved from /home/airflow/.local/lib/python3.12/site-packages/airflow/example_dags/example_xcom.py
[2024-11-07T00:39:10.184+0000] {logging_mixin.py:190} INFO - [2024-11-07T00:39:10.184+0000] {dag.py:3239} INFO - Sync 1 DAGs
[2024-11-07T00:39:10.204+0000] {logging_mixin.py:190} INFO - [2024-11-07T00:39:10.203+0000] {dag.py:4180} INFO - Setting next_dagrun for example_xcom to 2021-01-01 00:00:00+00:00, run_after=2021-01-01 00:00:00+00:00
[2024-11-07T00:39:10.221+0000] {processor.py:208} INFO - Processing /home/airflow/.local/lib/python3.12/site-packages/airflow/example_dags/example_xcom.py took 0.071 seconds
[2024-11-07T00:39:41.482+0000] {processor.py:186} INFO - Started process (PID=203) to work on /home/airflow/.local/lib/python3.12/site-packages/airflow/example_dags/example_xcom.py
[2024-11-07T00:39:41.483+0000] {processor.py:914} INFO - Processing file /home/airflow/.local/lib/python3.12/site-packages/airflow/example_dags/example_xcom.py for tasks to queue
[2024-11-07T00:39:41.485+0000] {logging_mixin.py:190} INFO - [2024-11-07T00:39:41.485+0000] {dagbag.py:588} INFO - Filling up the DagBag from /home/airflow/.local/lib/python3.12/site-packages/airflow/example_dags/example_xcom.py
[2024-11-07T00:39:41.493+0000] {processor.py:925} INFO - DAG(s) 'example_xcom' retrieved from /home/airflow/.local/lib/python3.12/site-packages/airflow/example_dags/example_xcom.py
[2024-11-07T00:39:41.510+0000] {logging_mixin.py:190} INFO - [2024-11-07T00:39:41.509+0000] {dag.py:3239} INFO - Sync 1 DAGs
[2024-11-07T00:39:41.529+0000] {logging_mixin.py:190} INFO - [2024-11-07T00:39:41.528+0000] {dag.py:4180} INFO - Setting next_dagrun for example_xcom to 2021-01-01 00:00:00+00:00, run_after=2021-01-01 00:00:00+00:00
[2024-11-07T00:39:41.543+0000] {processor.py:208} INFO - Processing /home/airflow/.local/lib/python3.12/site-packages/airflow/example_dags/example_xcom.py took 0.066 seconds
[2024-11-07T00:40:12.072+0000] {processor.py:186} INFO - Started process (PID=266) to work on /home/airflow/.local/lib/python3.12/site-packages/airflow/example_dags/example_xcom.py
[2024-11-07T00:40:12.073+0000] {processor.py:914} INFO - Processing file /home/airflow/.local/lib/python3.12/site-packages/airflow/example_dags/example_xcom.py for tasks to queue
[2024-11-07T00:40:12.074+0000] {logging_mixin.py:190} INFO - [2024-11-07T00:40:12.074+0000] {dagbag.py:588} INFO - Filling up the DagBag from /home/airflow/.local/lib/python3.12/site-packages/airflow/example_dags/example_xcom.py
[2024-11-07T00:40:12.082+0000] {processor.py:925} INFO - DAG(s) 'example_xcom' retrieved from /home/airflow/.local/lib/python3.12/site-packages/airflow/example_dags/example_xcom.py
[2024-11-07T00:40:12.099+0000] {logging_mixin.py:190} INFO - [2024-11-07T00:40:12.098+0000] {dag.py:3239} INFO - Sync 1 DAGs
[2024-11-07T00:40:12.119+0000] {logging_mixin.py:190} INFO - [2024-11-07T00:40:12.119+0000] {dag.py:4180} INFO - Setting next_dagrun for example_xcom to 2021-01-01 00:00:00+00:00, run_after=2021-01-01 00:00:00+00:00
[2024-11-07T00:40:12.133+0000] {processor.py:208} INFO - Processing /home/airflow/.local/lib/python3.12/site-packages/airflow/example_dags/example_xcom.py took 0.066 seconds
[2024-11-07T00:40:42.987+0000] {processor.py:186} INFO - Started process (PID=329) to work on /home/airflow/.local/lib/python3.12/site-packages/airflow/example_dags/example_xcom.py
[2024-11-07T00:40:42.987+0000] {processor.py:914} INFO - Processing file /home/airflow/.local/lib/python3.12/site-packages/airflow/example_dags/example_xcom.py for tasks to queue
[2024-11-07T00:40:42.989+0000] {logging_mixin.py:190} INFO - [2024-11-07T00:40:42.989+0000] {dagbag.py:588} INFO - Filling up the DagBag from /home/airflow/.local/lib/python3.12/site-packages/airflow/example_dags/example_xcom.py
[2024-11-07T00:40:42.996+0000] {processor.py:925} INFO - DAG(s) 'example_xcom' retrieved from /home/airflow/.local/lib/python3.12/site-packages/airflow/example_dags/example_xcom.py
[2024-11-07T00:40:43.013+0000] {logging_mixin.py:190} INFO - [2024-11-07T00:40:43.013+0000] {dag.py:3239} INFO - Sync 1 DAGs
[2024-11-07T00:40:43.032+0000] {logging_mixin.py:190} INFO - [2024-11-07T00:40:43.032+0000] {dag.py:4180} INFO - Setting next_dagrun for example_xcom to 2021-01-01 00:00:00+00:00, run_after=2021-01-01 00:00:00+00:00
[2024-11-07T00:40:43.046+0000] {processor.py:208} INFO - Processing /home/airflow/.local/lib/python3.12/site-packages/airflow/example_dags/example_xcom.py took 0.064 seconds
[2024-11-07T00:41:14.196+0000] {processor.py:186} INFO - Started process (PID=392) to work on /home/airflow/.local/lib/python3.12/site-packages/airflow/example_dags/example_xcom.py
[2024-11-07T00:41:14.197+0000] {processor.py:914} INFO - Processing file /home/airflow/.local/lib/python3.12/site-packages/airflow/example_dags/example_xcom.py for tasks to queue
[2024-11-07T00:41:14.199+0000] {logging_mixin.py:190} INFO - [2024-11-07T00:41:14.199+0000] {dagbag.py:588} INFO - Filling up the DagBag from /home/airflow/.local/lib/python3.12/site-packages/airflow/example_dags/example_xcom.py
[2024-11-07T00:41:14.207+0000] {processor.py:925} INFO - DAG(s) 'example_xcom' retrieved from /home/airflow/.local/lib/python3.12/site-packages/airflow/example_dags/example_xcom.py
[2024-11-07T00:41:14.223+0000] {logging_mixin.py:190} INFO - [2024-11-07T00:41:14.223+0000] {dag.py:3239} INFO - Sync 1 DAGs
[2024-11-07T00:41:14.242+0000] {logging_mixin.py:190} INFO - [2024-11-07T00:41:14.242+0000] {dag.py:4180} INFO - Setting next_dagrun for example_xcom to 2021-01-01 00:00:00+00:00, run_after=2021-01-01 00:00:00+00:00
[2024-11-07T00:41:14.257+0000] {processor.py:208} INFO - Processing /home/airflow/.local/lib/python3.12/site-packages/airflow/example_dags/example_xcom.py took 0.065 seconds
[2024-11-07T00:41:44.899+0000] {processor.py:186} INFO - Started process (PID=455) to work on /home/airflow/.local/lib/python3.12/site-packages/airflow/example_dags/example_xcom.py
[2024-11-07T00:41:44.899+0000] {processor.py:914} INFO - Processing file /home/airflow/.local/lib/python3.12/site-packages/airflow/example_dags/example_xcom.py for tasks to queue
[2024-11-07T00:41:44.901+0000] {logging_mixin.py:190} INFO - [2024-11-07T00:41:44.901+0000] {dagbag.py:588} INFO - Filling up the DagBag from /home/airflow/.local/lib/python3.12/site-packages/airflow/example_dags/example_xcom.py
[2024-11-07T00:41:44.908+0000] {processor.py:925} INFO - DAG(s) 'example_xcom' retrieved from /home/airflow/.local/lib/python3.12/site-packages/airflow/example_dags/example_xcom.py
[2024-11-07T00:41:44.926+0000] {logging_mixin.py:190} INFO - [2024-11-07T00:41:44.925+0000] {dag.py:3239} INFO - Sync 1 DAGs
[2024-11-07T00:41:44.944+0000] {logging_mixin.py:190} INFO - [2024-11-07T00:41:44.944+0000] {dag.py:4180} INFO - Setting next_dagrun for example_xcom to 2021-01-01 00:00:00+00:00, run_after=2021-01-01 00:00:00+00:00
[2024-11-07T00:41:44.959+0000] {processor.py:208} INFO - Processing /home/airflow/.local/lib/python3.12/site-packages/airflow/example_dags/example_xcom.py took 0.065 seconds
[2024-11-07T00:42:15.663+0000] {processor.py:186} INFO - Started process (PID=518) to work on /home/airflow/.local/lib/python3.12/site-packages/airflow/example_dags/example_xcom.py
[2024-11-07T00:42:15.663+0000] {processor.py:914} INFO - Processing file /home/airflow/.local/lib/python3.12/site-packages/airflow/example_dags/example_xcom.py for tasks to queue
[2024-11-07T00:42:15.665+0000] {logging_mixin.py:190} INFO - [2024-11-07T00:42:15.665+0000] {dagbag.py:588} INFO - Filling up the DagBag from /home/airflow/.local/lib/python3.12/site-packages/airflow/example_dags/example_xcom.py
[2024-11-07T00:42:15.672+0000] {processor.py:925} INFO - DAG(s) 'example_xcom' retrieved from /home/airflow/.local/lib/python3.12/site-packages/airflow/example_dags/example_xcom.py
[2024-11-07T00:42:15.690+0000] {logging_mixin.py:190} INFO - [2024-11-07T00:42:15.690+0000] {dag.py:3239} INFO - Sync 1 DAGs
[2024-11-07T00:42:15.708+0000] {logging_mixin.py:190} INFO - [2024-11-07T00:42:15.708+0000] {dag.py:4180} INFO - Setting next_dagrun for example_xcom to 2021-01-01 00:00:00+00:00, run_after=2021-01-01 00:00:00+00:00
[2024-11-07T00:42:15.724+0000] {processor.py:208} INFO - Processing /home/airflow/.local/lib/python3.12/site-packages/airflow/example_dags/example_xcom.py took 0.066 seconds
[2024-11-07T00:42:45.872+0000] {processor.py:186} INFO - Started process (PID=580) to work on /home/airflow/.local/lib/python3.12/site-packages/airflow/example_dags/example_xcom.py
[2024-11-07T00:42:45.873+0000] {processor.py:914} INFO - Processing file /home/airflow/.local/lib/python3.12/site-packages/airflow/example_dags/example_xcom.py for tasks to queue
[2024-11-07T00:42:45.875+0000] {logging_mixin.py:190} INFO - [2024-11-07T00:42:45.875+0000] {dagbag.py:588} INFO - Filling up the DagBag from /home/airflow/.local/lib/python3.12/site-packages/airflow/example_dags/example_xcom.py
[2024-11-07T00:42:45.882+0000] {processor.py:925} INFO - DAG(s) 'example_xcom' retrieved from /home/airflow/.local/lib/python3.12/site-packages/airflow/example_dags/example_xcom.py
[2024-11-07T00:42:45.899+0000] {logging_mixin.py:190} INFO - [2024-11-07T00:42:45.899+0000] {dag.py:3239} INFO - Sync 1 DAGs
[2024-11-07T00:42:45.916+0000] {logging_mixin.py:190} INFO - [2024-11-07T00:42:45.916+0000] {dag.py:4180} INFO - Setting next_dagrun for example_xcom to 2021-01-01 00:00:00+00:00, run_after=2021-01-01 00:00:00+00:00
[2024-11-07T00:42:45.931+0000] {processor.py:208} INFO - Processing /home/airflow/.local/lib/python3.12/site-packages/airflow/example_dags/example_xcom.py took 0.063 seconds
[2024-11-07T00:43:16.399+0000] {processor.py:186} INFO - Started process (PID=643) to work on /home/airflow/.local/lib/python3.12/site-packages/airflow/example_dags/example_xcom.py
[2024-11-07T00:43:16.410+0000] {processor.py:914} INFO - Processing file /home/airflow/.local/lib/python3.12/site-packages/airflow/example_dags/example_xcom.py for tasks to queue
[2024-11-07T00:43:16.413+0000] {logging_mixin.py:190} INFO - [2024-11-07T00:43:16.413+0000] {dagbag.py:588} INFO - Filling up the DagBag from /home/airflow/.local/lib/python3.12/site-packages/airflow/example_dags/example_xcom.py
[2024-11-07T00:43:16.423+0000] {processor.py:925} INFO - DAG(s) 'example_xcom' retrieved from /home/airflow/.local/lib/python3.12/site-packages/airflow/example_dags/example_xcom.py
[2024-11-07T00:43:16.447+0000] {logging_mixin.py:190} INFO - [2024-11-07T00:43:16.446+0000] {dag.py:3239} INFO - Sync 1 DAGs
[2024-11-07T00:43:16.472+0000] {logging_mixin.py:190} INFO - [2024-11-07T00:43:16.471+0000] {dag.py:4180} INFO - Setting next_dagrun for example_xcom to 2021-01-01 00:00:00+00:00, run_after=2021-01-01 00:00:00+00:00
[2024-11-07T00:43:16.498+0000] {processor.py:208} INFO - Processing /home/airflow/.local/lib/python3.12/site-packages/airflow/example_dags/example_xcom.py took 0.106 seconds
[2024-11-07T00:43:46.599+0000] {processor.py:186} INFO - Started process (PID=707) to work on /home/airflow/.local/lib/python3.12/site-packages/airflow/example_dags/example_xcom.py
[2024-11-07T00:43:46.610+0000] {processor.py:914} INFO - Processing file /home/airflow/.local/lib/python3.12/site-packages/airflow/example_dags/example_xcom.py for tasks to queue
[2024-11-07T00:43:46.612+0000] {logging_mixin.py:190} INFO - [2024-11-07T00:43:46.612+0000] {dagbag.py:588} INFO - Filling up the DagBag from /home/airflow/.local/lib/python3.12/site-packages/airflow/example_dags/example_xcom.py
[2024-11-07T00:43:46.619+0000] {processor.py:925} INFO - DAG(s) 'example_xcom' retrieved from /home/airflow/.local/lib/python3.12/site-packages/airflow/example_dags/example_xcom.py
[2024-11-07T00:43:46.637+0000] {logging_mixin.py:190} INFO - [2024-11-07T00:43:46.637+0000] {dag.py:3239} INFO - Sync 1 DAGs
[2024-11-07T00:43:46.656+0000] {logging_mixin.py:190} INFO - [2024-11-07T00:43:46.656+0000] {dag.py:4180} INFO - Setting next_dagrun for example_xcom to 2021-01-01 00:00:00+00:00, run_after=2021-01-01 00:00:00+00:00
[2024-11-07T00:43:46.671+0000] {processor.py:208} INFO - Processing /home/airflow/.local/lib/python3.12/site-packages/airflow/example_dags/example_xcom.py took 0.077 seconds
[2024-11-07T00:44:16.740+0000] {processor.py:186} INFO - Started process (PID=771) to work on /home/airflow/.local/lib/python3.12/site-packages/airflow/example_dags/example_xcom.py
[2024-11-07T00:44:16.741+0000] {processor.py:914} INFO - Processing file /home/airflow/.local/lib/python3.12/site-packages/airflow/example_dags/example_xcom.py for tasks to queue
[2024-11-07T00:44:16.743+0000] {logging_mixin.py:190} INFO - [2024-11-07T00:44:16.743+0000] {dagbag.py:588} INFO - Filling up the DagBag from /home/airflow/.local/lib/python3.12/site-packages/airflow/example_dags/example_xcom.py
[2024-11-07T00:44:16.750+0000] {processor.py:925} INFO - DAG(s) 'example_xcom' retrieved from /home/airflow/.local/lib/python3.12/site-packages/airflow/example_dags/example_xcom.py
[2024-11-07T00:44:16.768+0000] {logging_mixin.py:190} INFO - [2024-11-07T00:44:16.768+0000] {dag.py:3239} INFO - Sync 1 DAGs
[2024-11-07T00:44:16.785+0000] {logging_mixin.py:190} INFO - [2024-11-07T00:44:16.785+0000] {dag.py:4180} INFO - Setting next_dagrun for example_xcom to 2021-01-01 00:00:00+00:00, run_after=2021-01-01 00:00:00+00:00
[2024-11-07T00:44:16.801+0000] {processor.py:208} INFO - Processing /home/airflow/.local/lib/python3.12/site-packages/airflow/example_dags/example_xcom.py took 0.066 seconds
[2024-11-07T00:44:47.090+0000] {processor.py:186} INFO - Started process (PID=835) to work on /home/airflow/.local/lib/python3.12/site-packages/airflow/example_dags/example_xcom.py
[2024-11-07T00:44:47.101+0000] {processor.py:914} INFO - Processing file /home/airflow/.local/lib/python3.12/site-packages/airflow/example_dags/example_xcom.py for tasks to queue
[2024-11-07T00:44:47.103+0000] {logging_mixin.py:190} INFO - [2024-11-07T00:44:47.103+0000] {dagbag.py:588} INFO - Filling up the DagBag from /home/airflow/.local/lib/python3.12/site-packages/airflow/example_dags/example_xcom.py
[2024-11-07T00:44:47.110+0000] {processor.py:925} INFO - DAG(s) 'example_xcom' retrieved from /home/airflow/.local/lib/python3.12/site-packages/airflow/example_dags/example_xcom.py
[2024-11-07T00:44:47.128+0000] {logging_mixin.py:190} INFO - [2024-11-07T00:44:47.127+0000] {dag.py:3239} INFO - Sync 1 DAGs
[2024-11-07T00:44:47.146+0000] {logging_mixin.py:190} INFO - [2024-11-07T00:44:47.146+0000] {dag.py:4180} INFO - Setting next_dagrun for example_xcom to 2021-01-01 00:00:00+00:00, run_after=2021-01-01 00:00:00+00:00
[2024-11-07T00:44:47.161+0000] {processor.py:208} INFO - Processing /home/airflow/.local/lib/python3.12/site-packages/airflow/example_dags/example_xcom.py took 0.075 seconds
[2024-11-07T00:45:17.407+0000] {processor.py:186} INFO - Started process (PID=899) to work on /home/airflow/.local/lib/python3.12/site-packages/airflow/example_dags/example_xcom.py
[2024-11-07T00:45:17.418+0000] {processor.py:914} INFO - Processing file /home/airflow/.local/lib/python3.12/site-packages/airflow/example_dags/example_xcom.py for tasks to queue
[2024-11-07T00:45:17.420+0000] {logging_mixin.py:190} INFO - [2024-11-07T00:45:17.419+0000] {dagbag.py:588} INFO - Filling up the DagBag from /home/airflow/.local/lib/python3.12/site-packages/airflow/example_dags/example_xcom.py
[2024-11-07T00:45:17.426+0000] {processor.py:925} INFO - DAG(s) 'example_xcom' retrieved from /home/airflow/.local/lib/python3.12/site-packages/airflow/example_dags/example_xcom.py
[2024-11-07T00:45:17.443+0000] {logging_mixin.py:190} INFO - [2024-11-07T00:45:17.443+0000] {dag.py:3239} INFO - Sync 1 DAGs
[2024-11-07T00:45:17.460+0000] {logging_mixin.py:190} INFO - [2024-11-07T00:45:17.460+0000] {dag.py:4180} INFO - Setting next_dagrun for example_xcom to 2021-01-01 00:00:00+00:00, run_after=2021-01-01 00:00:00+00:00
[2024-11-07T00:45:17.474+0000] {processor.py:208} INFO - Processing /home/airflow/.local/lib/python3.12/site-packages/airflow/example_dags/example_xcom.py took 0.072 seconds
[2024-11-07T00:45:47.578+0000] {processor.py:186} INFO - Started process (PID=963) to work on /home/airflow/.local/lib/python3.12/site-packages/airflow/example_dags/example_xcom.py
[2024-11-07T00:45:47.589+0000] {processor.py:914} INFO - Processing file /home/airflow/.local/lib/python3.12/site-packages/airflow/example_dags/example_xcom.py for tasks to queue
[2024-11-07T00:45:47.591+0000] {logging_mixin.py:190} INFO - [2024-11-07T00:45:47.591+0000] {dagbag.py:588} INFO - Filling up the DagBag from /home/airflow/.local/lib/python3.12/site-packages/airflow/example_dags/example_xcom.py
[2024-11-07T00:45:47.598+0000] {processor.py:925} INFO - DAG(s) 'example_xcom' retrieved from /home/airflow/.local/lib/python3.12/site-packages/airflow/example_dags/example_xcom.py
[2024-11-07T00:45:47.615+0000] {logging_mixin.py:190} INFO - [2024-11-07T00:45:47.614+0000] {dag.py:3239} INFO - Sync 1 DAGs
[2024-11-07T00:45:47.634+0000] {logging_mixin.py:190} INFO - [2024-11-07T00:45:47.634+0000] {dag.py:4180} INFO - Setting next_dagrun for example_xcom to 2021-01-01 00:00:00+00:00, run_after=2021-01-01 00:00:00+00:00
[2024-11-07T00:45:47.649+0000] {processor.py:208} INFO - Processing /home/airflow/.local/lib/python3.12/site-packages/airflow/example_dags/example_xcom.py took 0.076 seconds
[2024-11-07T00:46:17.730+0000] {processor.py:186} INFO - Started process (PID=1027) to work on /home/airflow/.local/lib/python3.12/site-packages/airflow/example_dags/example_xcom.py
[2024-11-07T00:46:17.740+0000] {processor.py:914} INFO - Processing file /home/airflow/.local/lib/python3.12/site-packages/airflow/example_dags/example_xcom.py for tasks to queue
[2024-11-07T00:46:17.743+0000] {logging_mixin.py:190} INFO - [2024-11-07T00:46:17.743+0000] {dagbag.py:588} INFO - Filling up the DagBag from /home/airflow/.local/lib/python3.12/site-packages/airflow/example_dags/example_xcom.py
[2024-11-07T00:46:17.750+0000] {processor.py:925} INFO - DAG(s) 'example_xcom' retrieved from /home/airflow/.local/lib/python3.12/site-packages/airflow/example_dags/example_xcom.py
[2024-11-07T00:46:17.768+0000] {logging_mixin.py:190} INFO - [2024-11-07T00:46:17.767+0000] {dag.py:3239} INFO - Sync 1 DAGs
[2024-11-07T00:46:17.787+0000] {logging_mixin.py:190} INFO - [2024-11-07T00:46:17.787+0000] {dag.py:4180} INFO - Setting next_dagrun for example_xcom to 2021-01-01 00:00:00+00:00, run_after=2021-01-01 00:00:00+00:00
[2024-11-07T00:46:17.802+0000] {processor.py:208} INFO - Processing /home/airflow/.local/lib/python3.12/site-packages/airflow/example_dags/example_xcom.py took 0.076 seconds
[2024-11-07T00:46:48.554+0000] {processor.py:186} INFO - Started process (PID=1091) to work on /home/airflow/.local/lib/python3.12/site-packages/airflow/example_dags/example_xcom.py
[2024-11-07T00:46:48.565+0000] {processor.py:914} INFO - Processing file /home/airflow/.local/lib/python3.12/site-packages/airflow/example_dags/example_xcom.py for tasks to queue
[2024-11-07T00:46:48.567+0000] {logging_mixin.py:190} INFO - [2024-11-07T00:46:48.567+0000] {dagbag.py:588} INFO - Filling up the DagBag from /home/airflow/.local/lib/python3.12/site-packages/airflow/example_dags/example_xcom.py
[2024-11-07T00:46:48.575+0000] {processor.py:925} INFO - DAG(s) 'example_xcom' retrieved from /home/airflow/.local/lib/python3.12/site-packages/airflow/example_dags/example_xcom.py
[2024-11-07T00:46:48.592+0000] {logging_mixin.py:190} INFO - [2024-11-07T00:46:48.592+0000] {dag.py:3239} INFO - Sync 1 DAGs
[2024-11-07T00:46:48.611+0000] {logging_mixin.py:190} INFO - [2024-11-07T00:46:48.611+0000] {dag.py:4180} INFO - Setting next_dagrun for example_xcom to 2021-01-01 00:00:00+00:00, run_after=2021-01-01 00:00:00+00:00
[2024-11-07T00:46:48.627+0000] {processor.py:208} INFO - Processing /home/airflow/.local/lib/python3.12/site-packages/airflow/example_dags/example_xcom.py took 0.077 seconds
[2024-11-07T00:47:18.817+0000] {processor.py:186} INFO - Started process (PID=1155) to work on /home/airflow/.local/lib/python3.12/site-packages/airflow/example_dags/example_xcom.py
[2024-11-07T00:47:18.818+0000] {processor.py:914} INFO - Processing file /home/airflow/.local/lib/python3.12/site-packages/airflow/example_dags/example_xcom.py for tasks to queue
[2024-11-07T00:47:18.819+0000] {logging_mixin.py:190} INFO - [2024-11-07T00:47:18.819+0000] {dagbag.py:588} INFO - Filling up the DagBag from /home/airflow/.local/lib/python3.12/site-packages/airflow/example_dags/example_xcom.py
[2024-11-07T00:47:18.827+0000] {processor.py:925} INFO - DAG(s) 'example_xcom' retrieved from /home/airflow/.local/lib/python3.12/site-packages/airflow/example_dags/example_xcom.py
[2024-11-07T00:47:18.844+0000] {logging_mixin.py:190} INFO - [2024-11-07T00:47:18.844+0000] {dag.py:3239} INFO - Sync 1 DAGs
[2024-11-07T00:47:18.863+0000] {logging_mixin.py:190} INFO - [2024-11-07T00:47:18.863+0000] {dag.py:4180} INFO - Setting next_dagrun for example_xcom to 2021-01-01 00:00:00+00:00, run_after=2021-01-01 00:00:00+00:00
[2024-11-07T00:47:18.877+0000] {processor.py:208} INFO - Processing /home/airflow/.local/lib/python3.12/site-packages/airflow/example_dags/example_xcom.py took 0.065 seconds
[2024-11-07T00:55:08.037+0000] {processor.py:186} INFO - Started process (PID=1254) to work on /home/airflow/.local/lib/python3.12/site-packages/airflow/example_dags/example_xcom.py
[2024-11-07T00:55:08.038+0000] {processor.py:914} INFO - Processing file /home/airflow/.local/lib/python3.12/site-packages/airflow/example_dags/example_xcom.py for tasks to queue
[2024-11-07T00:55:08.040+0000] {logging_mixin.py:190} INFO - [2024-11-07T00:55:08.039+0000] {dagbag.py:588} INFO - Filling up the DagBag from /home/airflow/.local/lib/python3.12/site-packages/airflow/example_dags/example_xcom.py
[2024-11-07T00:55:08.047+0000] {processor.py:925} INFO - DAG(s) 'example_xcom' retrieved from /home/airflow/.local/lib/python3.12/site-packages/airflow/example_dags/example_xcom.py
[2024-11-07T00:55:08.066+0000] {logging_mixin.py:190} INFO - [2024-11-07T00:55:08.066+0000] {dag.py:3239} INFO - Sync 1 DAGs
[2024-11-07T00:55:08.084+0000] {logging_mixin.py:190} INFO - [2024-11-07T00:55:08.084+0000] {dag.py:4180} INFO - Setting next_dagrun for example_xcom to 2021-01-01 00:00:00+00:00, run_after=2021-01-01 00:00:00+00:00
[2024-11-07T00:55:08.098+0000] {processor.py:208} INFO - Processing /home/airflow/.local/lib/python3.12/site-packages/airflow/example_dags/example_xcom.py took 0.065 seconds
[2024-11-07T00:55:38.434+0000] {processor.py:186} INFO - Started process (PID=1318) to work on /home/airflow/.local/lib/python3.12/site-packages/airflow/example_dags/example_xcom.py
[2024-11-07T00:55:38.434+0000] {processor.py:914} INFO - Processing file /home/airflow/.local/lib/python3.12/site-packages/airflow/example_dags/example_xcom.py for tasks to queue
[2024-11-07T00:55:38.436+0000] {logging_mixin.py:190} INFO - [2024-11-07T00:55:38.436+0000] {dagbag.py:588} INFO - Filling up the DagBag from /home/airflow/.local/lib/python3.12/site-packages/airflow/example_dags/example_xcom.py
[2024-11-07T00:55:38.444+0000] {processor.py:925} INFO - DAG(s) 'example_xcom' retrieved from /home/airflow/.local/lib/python3.12/site-packages/airflow/example_dags/example_xcom.py
[2024-11-07T00:55:38.461+0000] {logging_mixin.py:190} INFO - [2024-11-07T00:55:38.460+0000] {dag.py:3239} INFO - Sync 1 DAGs
[2024-11-07T00:55:38.480+0000] {logging_mixin.py:190} INFO - [2024-11-07T00:55:38.480+0000] {dag.py:4180} INFO - Setting next_dagrun for example_xcom to 2021-01-01 00:00:00+00:00, run_after=2021-01-01 00:00:00+00:00
[2024-11-07T00:55:38.494+0000] {processor.py:208} INFO - Processing /home/airflow/.local/lib/python3.12/site-packages/airflow/example_dags/example_xcom.py took 0.065 seconds
[2024-11-07T00:56:09.228+0000] {processor.py:186} INFO - Started process (PID=1382) to work on /home/airflow/.local/lib/python3.12/site-packages/airflow/example_dags/example_xcom.py
[2024-11-07T00:56:09.229+0000] {processor.py:914} INFO - Processing file /home/airflow/.local/lib/python3.12/site-packages/airflow/example_dags/example_xcom.py for tasks to queue
[2024-11-07T00:56:09.231+0000] {logging_mixin.py:190} INFO - [2024-11-07T00:56:09.230+0000] {dagbag.py:588} INFO - Filling up the DagBag from /home/airflow/.local/lib/python3.12/site-packages/airflow/example_dags/example_xcom.py
[2024-11-07T00:56:09.238+0000] {processor.py:925} INFO - DAG(s) 'example_xcom' retrieved from /home/airflow/.local/lib/python3.12/site-packages/airflow/example_dags/example_xcom.py
[2024-11-07T00:56:09.255+0000] {logging_mixin.py:190} INFO - [2024-11-07T00:56:09.255+0000] {dag.py:3239} INFO - Sync 1 DAGs
[2024-11-07T00:56:09.274+0000] {logging_mixin.py:190} INFO - [2024-11-07T00:56:09.273+0000] {dag.py:4180} INFO - Setting next_dagrun for example_xcom to 2021-01-01 00:00:00+00:00, run_after=2021-01-01 00:00:00+00:00
[2024-11-07T00:56:09.288+0000] {processor.py:208} INFO - Processing /home/airflow/.local/lib/python3.12/site-packages/airflow/example_dags/example_xcom.py took 0.065 seconds
[2024-11-07T00:56:40.252+0000] {processor.py:186} INFO - Started process (PID=1452) to work on /home/airflow/.local/lib/python3.12/site-packages/airflow/example_dags/example_xcom.py
[2024-11-07T00:56:40.253+0000] {processor.py:914} INFO - Processing file /home/airflow/.local/lib/python3.12/site-packages/airflow/example_dags/example_xcom.py for tasks to queue
[2024-11-07T00:56:40.254+0000] {logging_mixin.py:190} INFO - [2024-11-07T00:56:40.254+0000] {dagbag.py:588} INFO - Filling up the DagBag from /home/airflow/.local/lib/python3.12/site-packages/airflow/example_dags/example_xcom.py
[2024-11-07T00:56:40.263+0000] {processor.py:925} INFO - DAG(s) 'example_xcom' retrieved from /home/airflow/.local/lib/python3.12/site-packages/airflow/example_dags/example_xcom.py
[2024-11-07T00:56:40.280+0000] {logging_mixin.py:190} INFO - [2024-11-07T00:56:40.280+0000] {dag.py:3239} INFO - Sync 1 DAGs
[2024-11-07T00:56:40.300+0000] {logging_mixin.py:190} INFO - [2024-11-07T00:56:40.300+0000] {dag.py:4180} INFO - Setting next_dagrun for example_xcom to 2021-01-01 00:00:00+00:00, run_after=2021-01-01 00:00:00+00:00
[2024-11-07T00:56:40.316+0000] {processor.py:208} INFO - Processing /home/airflow/.local/lib/python3.12/site-packages/airflow/example_dags/example_xcom.py took 0.069 seconds
[2024-11-07T00:57:10.626+0000] {processor.py:186} INFO - Started process (PID=1516) to work on /home/airflow/.local/lib/python3.12/site-packages/airflow/example_dags/example_xcom.py
[2024-11-07T00:57:10.627+0000] {processor.py:914} INFO - Processing file /home/airflow/.local/lib/python3.12/site-packages/airflow/example_dags/example_xcom.py for tasks to queue
[2024-11-07T00:57:10.628+0000] {logging_mixin.py:190} INFO - [2024-11-07T00:57:10.628+0000] {dagbag.py:588} INFO - Filling up the DagBag from /home/airflow/.local/lib/python3.12/site-packages/airflow/example_dags/example_xcom.py
[2024-11-07T00:57:10.636+0000] {processor.py:925} INFO - DAG(s) 'example_xcom' retrieved from /home/airflow/.local/lib/python3.12/site-packages/airflow/example_dags/example_xcom.py
[2024-11-07T00:57:10.652+0000] {logging_mixin.py:190} INFO - [2024-11-07T00:57:10.652+0000] {dag.py:3239} INFO - Sync 1 DAGs
[2024-11-07T00:57:10.671+0000] {logging_mixin.py:190} INFO - [2024-11-07T00:57:10.670+0000] {dag.py:4180} INFO - Setting next_dagrun for example_xcom to 2021-01-01 00:00:00+00:00, run_after=2021-01-01 00:00:00+00:00
[2024-11-07T00:57:10.685+0000] {processor.py:208} INFO - Processing /home/airflow/.local/lib/python3.12/site-packages/airflow/example_dags/example_xcom.py took 0.064 seconds
[2024-11-07T00:57:41.732+0000] {processor.py:186} INFO - Started process (PID=1580) to work on /home/airflow/.local/lib/python3.12/site-packages/airflow/example_dags/example_xcom.py
[2024-11-07T00:57:41.733+0000] {processor.py:914} INFO - Processing file /home/airflow/.local/lib/python3.12/site-packages/airflow/example_dags/example_xcom.py for tasks to queue
[2024-11-07T00:57:41.735+0000] {logging_mixin.py:190} INFO - [2024-11-07T00:57:41.734+0000] {dagbag.py:588} INFO - Filling up the DagBag from /home/airflow/.local/lib/python3.12/site-packages/airflow/example_dags/example_xcom.py
[2024-11-07T00:57:41.743+0000] {processor.py:925} INFO - DAG(s) 'example_xcom' retrieved from /home/airflow/.local/lib/python3.12/site-packages/airflow/example_dags/example_xcom.py
[2024-11-07T00:57:41.761+0000] {logging_mixin.py:190} INFO - [2024-11-07T00:57:41.760+0000] {dag.py:3239} INFO - Sync 1 DAGs
[2024-11-07T00:57:41.780+0000] {logging_mixin.py:190} INFO - [2024-11-07T00:57:41.780+0000] {dag.py:4180} INFO - Setting next_dagrun for example_xcom to 2021-01-01 00:00:00+00:00, run_after=2021-01-01 00:00:00+00:00
[2024-11-07T00:57:41.795+0000] {processor.py:208} INFO - Processing /home/airflow/.local/lib/python3.12/site-packages/airflow/example_dags/example_xcom.py took 0.068 seconds
[2024-11-07T00:58:11.978+0000] {processor.py:186} INFO - Started process (PID=1644) to work on /home/airflow/.local/lib/python3.12/site-packages/airflow/example_dags/example_xcom.py
[2024-11-07T00:58:11.979+0000] {processor.py:914} INFO - Processing file /home/airflow/.local/lib/python3.12/site-packages/airflow/example_dags/example_xcom.py for tasks to queue
[2024-11-07T00:58:11.981+0000] {logging_mixin.py:190} INFO - [2024-11-07T00:58:11.980+0000] {dagbag.py:588} INFO - Filling up the DagBag from /home/airflow/.local/lib/python3.12/site-packages/airflow/example_dags/example_xcom.py
[2024-11-07T00:58:11.988+0000] {processor.py:925} INFO - DAG(s) 'example_xcom' retrieved from /home/airflow/.local/lib/python3.12/site-packages/airflow/example_dags/example_xcom.py
[2024-11-07T00:58:12.005+0000] {logging_mixin.py:190} INFO - [2024-11-07T00:58:12.004+0000] {dag.py:3239} INFO - Sync 1 DAGs
[2024-11-07T00:58:12.023+0000] {logging_mixin.py:190} INFO - [2024-11-07T00:58:12.023+0000] {dag.py:4180} INFO - Setting next_dagrun for example_xcom to 2021-01-01 00:00:00+00:00, run_after=2021-01-01 00:00:00+00:00
[2024-11-07T00:58:12.038+0000] {processor.py:208} INFO - Processing /home/airflow/.local/lib/python3.12/site-packages/airflow/example_dags/example_xcom.py took 0.064 seconds
[2024-11-07T00:58:42.080+0000] {processor.py:186} INFO - Started process (PID=1707) to work on /home/airflow/.local/lib/python3.12/site-packages/airflow/example_dags/example_xcom.py
[2024-11-07T00:58:42.081+0000] {processor.py:914} INFO - Processing file /home/airflow/.local/lib/python3.12/site-packages/airflow/example_dags/example_xcom.py for tasks to queue
[2024-11-07T00:58:42.083+0000] {logging_mixin.py:190} INFO - [2024-11-07T00:58:42.083+0000] {dagbag.py:588} INFO - Filling up the DagBag from /home/airflow/.local/lib/python3.12/site-packages/airflow/example_dags/example_xcom.py
[2024-11-07T00:58:42.091+0000] {processor.py:925} INFO - DAG(s) 'example_xcom' retrieved from /home/airflow/.local/lib/python3.12/site-packages/airflow/example_dags/example_xcom.py
[2024-11-07T00:58:42.109+0000] {logging_mixin.py:190} INFO - [2024-11-07T00:58:42.109+0000] {dag.py:3239} INFO - Sync 1 DAGs
[2024-11-07T00:58:42.128+0000] {logging_mixin.py:190} INFO - [2024-11-07T00:58:42.128+0000] {dag.py:4180} INFO - Setting next_dagrun for example_xcom to 2021-01-01 00:00:00+00:00, run_after=2021-01-01 00:00:00+00:00
[2024-11-07T00:58:42.146+0000] {processor.py:208} INFO - Processing /home/airflow/.local/lib/python3.12/site-packages/airflow/example_dags/example_xcom.py took 0.070 seconds
[2024-11-07T00:59:12.757+0000] {processor.py:186} INFO - Started process (PID=1771) to work on /home/airflow/.local/lib/python3.12/site-packages/airflow/example_dags/example_xcom.py
[2024-11-07T00:59:12.758+0000] {processor.py:914} INFO - Processing file /home/airflow/.local/lib/python3.12/site-packages/airflow/example_dags/example_xcom.py for tasks to queue
[2024-11-07T00:59:12.759+0000] {logging_mixin.py:190} INFO - [2024-11-07T00:59:12.759+0000] {dagbag.py:588} INFO - Filling up the DagBag from /home/airflow/.local/lib/python3.12/site-packages/airflow/example_dags/example_xcom.py
[2024-11-07T00:59:12.767+0000] {processor.py:925} INFO - DAG(s) 'example_xcom' retrieved from /home/airflow/.local/lib/python3.12/site-packages/airflow/example_dags/example_xcom.py
[2024-11-07T00:59:12.786+0000] {logging_mixin.py:190} INFO - [2024-11-07T00:59:12.786+0000] {dag.py:3239} INFO - Sync 1 DAGs
[2024-11-07T00:59:12.806+0000] {logging_mixin.py:190} INFO - [2024-11-07T00:59:12.806+0000] {dag.py:4180} INFO - Setting next_dagrun for example_xcom to 2021-01-01 00:00:00+00:00, run_after=2021-01-01 00:00:00+00:00
[2024-11-07T00:59:12.822+0000] {processor.py:208} INFO - Processing /home/airflow/.local/lib/python3.12/site-packages/airflow/example_dags/example_xcom.py took 0.070 seconds
[2024-11-07T00:59:43.326+0000] {processor.py:186} INFO - Started process (PID=1835) to work on /home/airflow/.local/lib/python3.12/site-packages/airflow/example_dags/example_xcom.py
[2024-11-07T00:59:43.326+0000] {processor.py:914} INFO - Processing file /home/airflow/.local/lib/python3.12/site-packages/airflow/example_dags/example_xcom.py for tasks to queue
[2024-11-07T00:59:43.328+0000] {logging_mixin.py:190} INFO - [2024-11-07T00:59:43.328+0000] {dagbag.py:588} INFO - Filling up the DagBag from /home/airflow/.local/lib/python3.12/site-packages/airflow/example_dags/example_xcom.py
[2024-11-07T00:59:43.336+0000] {processor.py:925} INFO - DAG(s) 'example_xcom' retrieved from /home/airflow/.local/lib/python3.12/site-packages/airflow/example_dags/example_xcom.py
[2024-11-07T00:59:43.354+0000] {logging_mixin.py:190} INFO - [2024-11-07T00:59:43.353+0000] {dag.py:3239} INFO - Sync 1 DAGs
[2024-11-07T00:59:43.374+0000] {logging_mixin.py:190} INFO - [2024-11-07T00:59:43.374+0000] {dag.py:4180} INFO - Setting next_dagrun for example_xcom to 2021-01-01 00:00:00+00:00, run_after=2021-01-01 00:00:00+00:00
[2024-11-07T00:59:43.389+0000] {processor.py:208} INFO - Processing /home/airflow/.local/lib/python3.12/site-packages/airflow/example_dags/example_xcom.py took 0.068 seconds
[2024-11-07T01:00:13.900+0000] {processor.py:186} INFO - Started process (PID=1899) to work on /home/airflow/.local/lib/python3.12/site-packages/airflow/example_dags/example_xcom.py
[2024-11-07T01:00:13.901+0000] {processor.py:914} INFO - Processing file /home/airflow/.local/lib/python3.12/site-packages/airflow/example_dags/example_xcom.py for tasks to queue
[2024-11-07T01:00:13.902+0000] {logging_mixin.py:190} INFO - [2024-11-07T01:00:13.902+0000] {dagbag.py:588} INFO - Filling up the DagBag from /home/airflow/.local/lib/python3.12/site-packages/airflow/example_dags/example_xcom.py
[2024-11-07T01:00:13.910+0000] {processor.py:925} INFO - DAG(s) 'example_xcom' retrieved from /home/airflow/.local/lib/python3.12/site-packages/airflow/example_dags/example_xcom.py
[2024-11-07T01:00:13.927+0000] {logging_mixin.py:190} INFO - [2024-11-07T01:00:13.927+0000] {dag.py:3239} INFO - Sync 1 DAGs
[2024-11-07T01:00:13.946+0000] {logging_mixin.py:190} INFO - [2024-11-07T01:00:13.945+0000] {dag.py:4180} INFO - Setting next_dagrun for example_xcom to 2021-01-01 00:00:00+00:00, run_after=2021-01-01 00:00:00+00:00
[2024-11-07T01:00:13.960+0000] {processor.py:208} INFO - Processing /home/airflow/.local/lib/python3.12/site-packages/airflow/example_dags/example_xcom.py took 0.065 seconds
[2024-11-07T01:00:44.061+0000] {processor.py:186} INFO - Started process (PID=1963) to work on /home/airflow/.local/lib/python3.12/site-packages/airflow/example_dags/example_xcom.py
[2024-11-07T01:00:44.062+0000] {processor.py:914} INFO - Processing file /home/airflow/.local/lib/python3.12/site-packages/airflow/example_dags/example_xcom.py for tasks to queue
[2024-11-07T01:00:44.064+0000] {logging_mixin.py:190} INFO - [2024-11-07T01:00:44.063+0000] {dagbag.py:588} INFO - Filling up the DagBag from /home/airflow/.local/lib/python3.12/site-packages/airflow/example_dags/example_xcom.py
[2024-11-07T01:00:44.071+0000] {processor.py:925} INFO - DAG(s) 'example_xcom' retrieved from /home/airflow/.local/lib/python3.12/site-packages/airflow/example_dags/example_xcom.py
[2024-11-07T01:00:44.088+0000] {logging_mixin.py:190} INFO - [2024-11-07T01:00:44.088+0000] {dag.py:3239} INFO - Sync 1 DAGs
[2024-11-07T01:00:44.105+0000] {logging_mixin.py:190} INFO - [2024-11-07T01:00:44.105+0000] {dag.py:4180} INFO - Setting next_dagrun for example_xcom to 2021-01-01 00:00:00+00:00, run_after=2021-01-01 00:00:00+00:00
[2024-11-07T01:00:44.120+0000] {processor.py:208} INFO - Processing /home/airflow/.local/lib/python3.12/site-packages/airflow/example_dags/example_xcom.py took 0.064 seconds
[2024-11-07T01:01:14.271+0000] {processor.py:186} INFO - Started process (PID=2027) to work on /home/airflow/.local/lib/python3.12/site-packages/airflow/example_dags/example_xcom.py
[2024-11-07T01:01:14.272+0000] {processor.py:914} INFO - Processing file /home/airflow/.local/lib/python3.12/site-packages/airflow/example_dags/example_xcom.py for tasks to queue
[2024-11-07T01:01:14.273+0000] {logging_mixin.py:190} INFO - [2024-11-07T01:01:14.273+0000] {dagbag.py:588} INFO - Filling up the DagBag from /home/airflow/.local/lib/python3.12/site-packages/airflow/example_dags/example_xcom.py
[2024-11-07T01:01:14.281+0000] {processor.py:925} INFO - DAG(s) 'example_xcom' retrieved from /home/airflow/.local/lib/python3.12/site-packages/airflow/example_dags/example_xcom.py
[2024-11-07T01:01:14.297+0000] {logging_mixin.py:190} INFO - [2024-11-07T01:01:14.297+0000] {dag.py:3239} INFO - Sync 1 DAGs
[2024-11-07T01:01:14.315+0000] {logging_mixin.py:190} INFO - [2024-11-07T01:01:14.315+0000] {dag.py:4180} INFO - Setting next_dagrun for example_xcom to 2021-01-01 00:00:00+00:00, run_after=2021-01-01 00:00:00+00:00
[2024-11-07T01:01:14.330+0000] {processor.py:208} INFO - Processing /home/airflow/.local/lib/python3.12/site-packages/airflow/example_dags/example_xcom.py took 0.064 seconds
