[2024-11-07T00:29:16.181+0000] {processor.py:186} INFO - Started process (PID=45) to work on /home/airflow/.local/lib/python3.12/site-packages/airflow/example_dags/example_workday_timetable.py
[2024-11-07T00:29:16.182+0000] {processor.py:914} INFO - Processing file /home/airflow/.local/lib/python3.12/site-packages/airflow/example_dags/example_workday_timetable.py for tasks to queue
[2024-11-07T00:29:16.186+0000] {logging_mixin.py:190} INFO - [2024-11-07T00:29:16.186+0000] {dagbag.py:588} INFO - Filling up the DagBag from /home/airflow/.local/lib/python3.12/site-packages/airflow/example_dags/example_workday_timetable.py
[2024-11-07T00:29:16.195+0000] {processor.py:925} INFO - DAG(s) 'example_workday_timetable' retrieved from /home/airflow/.local/lib/python3.12/site-packages/airflow/example_dags/example_workday_timetable.py
[2024-11-07T00:29:16.347+0000] {logging_mixin.py:190} INFO - [2024-11-07T00:29:16.347+0000] {override.py:1911} INFO - Created Permission View: can delete on DAG:example_workday_timetable
[2024-11-07T00:29:16.360+0000] {logging_mixin.py:190} INFO - [2024-11-07T00:29:16.360+0000] {override.py:1911} INFO - Created Permission View: can edit on DAG:example_workday_timetable
[2024-11-07T00:29:16.372+0000] {logging_mixin.py:190} INFO - [2024-11-07T00:29:16.372+0000] {override.py:1911} INFO - Created Permission View: can read on DAG:example_workday_timetable
[2024-11-07T00:29:16.379+0000] {logging_mixin.py:190} INFO - [2024-11-07T00:29:16.379+0000] {override.py:1911} INFO - Created Permission View: can create on DAG Run:example_workday_timetable
[2024-11-07T00:29:16.385+0000] {logging_mixin.py:190} INFO - [2024-11-07T00:29:16.385+0000] {override.py:1911} INFO - Created Permission View: can delete on DAG Run:example_workday_timetable
[2024-11-07T00:29:16.391+0000] {logging_mixin.py:190} INFO - [2024-11-07T00:29:16.391+0000] {override.py:1911} INFO - Created Permission View: menu access on DAG Run:example_workday_timetable
[2024-11-07T00:29:16.401+0000] {logging_mixin.py:190} INFO - [2024-11-07T00:29:16.401+0000] {override.py:1911} INFO - Created Permission View: can read on DAG Run:example_workday_timetable
[2024-11-07T00:29:16.402+0000] {logging_mixin.py:190} INFO - [2024-11-07T00:29:16.402+0000] {dag.py:3239} INFO - Sync 1 DAGs
[2024-11-07T00:29:16.416+0000] {logging_mixin.py:190} INFO - [2024-11-07T00:29:16.416+0000] {dag.py:3262} INFO - Creating ORM DAG for example_workday_timetable
[2024-11-07T00:29:16.500+0000] {logging_mixin.py:190} INFO - [2024-11-07T00:29:16.500+0000] {dag.py:4180} INFO - Setting next_dagrun for example_workday_timetable to 2021-01-04 00:00:00+00:00, run_after=2021-01-05 00:00:00+00:00
[2024-11-07T00:29:16.517+0000] {processor.py:208} INFO - Processing /home/airflow/.local/lib/python3.12/site-packages/airflow/example_dags/example_workday_timetable.py took 0.342 seconds
[2024-11-07T00:29:46.554+0000] {processor.py:186} INFO - Started process (PID=108) to work on /home/airflow/.local/lib/python3.12/site-packages/airflow/example_dags/example_workday_timetable.py
[2024-11-07T00:29:46.555+0000] {processor.py:914} INFO - Processing file /home/airflow/.local/lib/python3.12/site-packages/airflow/example_dags/example_workday_timetable.py for tasks to queue
[2024-11-07T00:29:46.557+0000] {logging_mixin.py:190} INFO - [2024-11-07T00:29:46.556+0000] {dagbag.py:588} INFO - Filling up the DagBag from /home/airflow/.local/lib/python3.12/site-packages/airflow/example_dags/example_workday_timetable.py
[2024-11-07T00:29:46.562+0000] {processor.py:925} INFO - DAG(s) 'example_workday_timetable' retrieved from /home/airflow/.local/lib/python3.12/site-packages/airflow/example_dags/example_workday_timetable.py
[2024-11-07T00:29:46.580+0000] {logging_mixin.py:190} INFO - [2024-11-07T00:29:46.579+0000] {dag.py:3239} INFO - Sync 1 DAGs
[2024-11-07T00:29:46.652+0000] {logging_mixin.py:190} INFO - [2024-11-07T00:29:46.652+0000] {dag.py:4180} INFO - Setting next_dagrun for example_workday_timetable to 2021-01-04 00:00:00+00:00, run_after=2021-01-05 00:00:00+00:00
[2024-11-07T00:29:46.667+0000] {processor.py:208} INFO - Processing /home/airflow/.local/lib/python3.12/site-packages/airflow/example_dags/example_workday_timetable.py took 0.118 seconds
[2024-11-07T00:30:16.717+0000] {processor.py:186} INFO - Started process (PID=171) to work on /home/airflow/.local/lib/python3.12/site-packages/airflow/example_dags/example_workday_timetable.py
[2024-11-07T00:30:16.717+0000] {processor.py:914} INFO - Processing file /home/airflow/.local/lib/python3.12/site-packages/airflow/example_dags/example_workday_timetable.py for tasks to queue
[2024-11-07T00:30:16.719+0000] {logging_mixin.py:190} INFO - [2024-11-07T00:30:16.719+0000] {dagbag.py:588} INFO - Filling up the DagBag from /home/airflow/.local/lib/python3.12/site-packages/airflow/example_dags/example_workday_timetable.py
[2024-11-07T00:30:16.724+0000] {processor.py:925} INFO - DAG(s) 'example_workday_timetable' retrieved from /home/airflow/.local/lib/python3.12/site-packages/airflow/example_dags/example_workday_timetable.py
[2024-11-07T00:30:16.739+0000] {logging_mixin.py:190} INFO - [2024-11-07T00:30:16.739+0000] {dag.py:3239} INFO - Sync 1 DAGs
[2024-11-07T00:30:16.792+0000] {logging_mixin.py:190} INFO - [2024-11-07T00:30:16.792+0000] {dag.py:4180} INFO - Setting next_dagrun for example_workday_timetable to 2021-01-04 00:00:00+00:00, run_after=2021-01-05 00:00:00+00:00
[2024-11-07T00:30:16.807+0000] {processor.py:208} INFO - Processing /home/airflow/.local/lib/python3.12/site-packages/airflow/example_dags/example_workday_timetable.py took 0.096 seconds
[2024-11-07T00:30:47.378+0000] {processor.py:186} INFO - Started process (PID=234) to work on /home/airflow/.local/lib/python3.12/site-packages/airflow/example_dags/example_workday_timetable.py
[2024-11-07T00:30:47.379+0000] {processor.py:914} INFO - Processing file /home/airflow/.local/lib/python3.12/site-packages/airflow/example_dags/example_workday_timetable.py for tasks to queue
[2024-11-07T00:30:47.382+0000] {logging_mixin.py:190} INFO - [2024-11-07T00:30:47.381+0000] {dagbag.py:588} INFO - Filling up the DagBag from /home/airflow/.local/lib/python3.12/site-packages/airflow/example_dags/example_workday_timetable.py
[2024-11-07T00:30:47.393+0000] {processor.py:925} INFO - DAG(s) 'example_workday_timetable' retrieved from /home/airflow/.local/lib/python3.12/site-packages/airflow/example_dags/example_workday_timetable.py
[2024-11-07T00:30:47.595+0000] {logging_mixin.py:190} INFO - [2024-11-07T00:30:47.594+0000] {dag.py:3239} INFO - Sync 1 DAGs
[2024-11-07T00:30:47.685+0000] {logging_mixin.py:190} INFO - [2024-11-07T00:30:47.684+0000] {dag.py:4180} INFO - Setting next_dagrun for example_workday_timetable to 2021-01-04 00:00:00+00:00, run_after=2021-01-05 00:00:00+00:00
[2024-11-07T00:30:47.701+0000] {processor.py:208} INFO - Processing /home/airflow/.local/lib/python3.12/site-packages/airflow/example_dags/example_workday_timetable.py took 0.333 seconds
[2024-11-07T00:31:59.767+0000] {processor.py:186} INFO - Started process (PID=297) to work on /home/airflow/.local/lib/python3.12/site-packages/airflow/example_dags/example_workday_timetable.py
[2024-11-07T00:31:59.767+0000] {processor.py:914} INFO - Processing file /home/airflow/.local/lib/python3.12/site-packages/airflow/example_dags/example_workday_timetable.py for tasks to queue
[2024-11-07T00:31:59.769+0000] {logging_mixin.py:190} INFO - [2024-11-07T00:31:59.769+0000] {dagbag.py:588} INFO - Filling up the DagBag from /home/airflow/.local/lib/python3.12/site-packages/airflow/example_dags/example_workday_timetable.py
[2024-11-07T00:31:59.775+0000] {processor.py:925} INFO - DAG(s) 'example_workday_timetable' retrieved from /home/airflow/.local/lib/python3.12/site-packages/airflow/example_dags/example_workday_timetable.py
[2024-11-07T00:31:59.792+0000] {logging_mixin.py:190} INFO - [2024-11-07T00:31:59.792+0000] {dag.py:3239} INFO - Sync 1 DAGs
[2024-11-07T00:31:59.875+0000] {logging_mixin.py:190} INFO - [2024-11-07T00:31:59.875+0000] {dag.py:4180} INFO - Setting next_dagrun for example_workday_timetable to 2021-01-04 00:00:00+00:00, run_after=2021-01-05 00:00:00+00:00
[2024-11-07T00:31:59.896+0000] {processor.py:208} INFO - Processing /home/airflow/.local/lib/python3.12/site-packages/airflow/example_dags/example_workday_timetable.py took 0.135 seconds
[2024-11-07T00:32:30.041+0000] {processor.py:186} INFO - Started process (PID=360) to work on /home/airflow/.local/lib/python3.12/site-packages/airflow/example_dags/example_workday_timetable.py
[2024-11-07T00:32:30.042+0000] {processor.py:914} INFO - Processing file /home/airflow/.local/lib/python3.12/site-packages/airflow/example_dags/example_workday_timetable.py for tasks to queue
[2024-11-07T00:32:30.044+0000] {logging_mixin.py:190} INFO - [2024-11-07T00:32:30.044+0000] {dagbag.py:588} INFO - Filling up the DagBag from /home/airflow/.local/lib/python3.12/site-packages/airflow/example_dags/example_workday_timetable.py
[2024-11-07T00:32:30.050+0000] {processor.py:925} INFO - DAG(s) 'example_workday_timetable' retrieved from /home/airflow/.local/lib/python3.12/site-packages/airflow/example_dags/example_workday_timetable.py
[2024-11-07T00:32:30.071+0000] {logging_mixin.py:190} INFO - [2024-11-07T00:32:30.071+0000] {dag.py:3239} INFO - Sync 1 DAGs
[2024-11-07T00:32:30.133+0000] {logging_mixin.py:190} INFO - [2024-11-07T00:32:30.133+0000] {dag.py:4180} INFO - Setting next_dagrun for example_workday_timetable to 2021-01-04 00:00:00+00:00, run_after=2021-01-05 00:00:00+00:00
[2024-11-07T00:32:30.151+0000] {processor.py:208} INFO - Processing /home/airflow/.local/lib/python3.12/site-packages/airflow/example_dags/example_workday_timetable.py took 0.115 seconds
[2024-11-07T00:33:00.499+0000] {processor.py:186} INFO - Started process (PID=420) to work on /home/airflow/.local/lib/python3.12/site-packages/airflow/example_dags/example_workday_timetable.py
[2024-11-07T00:33:00.500+0000] {processor.py:914} INFO - Processing file /home/airflow/.local/lib/python3.12/site-packages/airflow/example_dags/example_workday_timetable.py for tasks to queue
[2024-11-07T00:33:00.501+0000] {logging_mixin.py:190} INFO - [2024-11-07T00:33:00.501+0000] {dagbag.py:588} INFO - Filling up the DagBag from /home/airflow/.local/lib/python3.12/site-packages/airflow/example_dags/example_workday_timetable.py
[2024-11-07T00:33:00.507+0000] {processor.py:925} INFO - DAG(s) 'example_workday_timetable' retrieved from /home/airflow/.local/lib/python3.12/site-packages/airflow/example_dags/example_workday_timetable.py
[2024-11-07T00:33:00.524+0000] {logging_mixin.py:190} INFO - [2024-11-07T00:33:00.524+0000] {dag.py:3239} INFO - Sync 1 DAGs
[2024-11-07T00:33:00.579+0000] {logging_mixin.py:190} INFO - [2024-11-07T00:33:00.579+0000] {dag.py:4180} INFO - Setting next_dagrun for example_workday_timetable to 2021-01-04 00:00:00+00:00, run_after=2021-01-05 00:00:00+00:00
[2024-11-07T00:33:00.595+0000] {processor.py:208} INFO - Processing /home/airflow/.local/lib/python3.12/site-packages/airflow/example_dags/example_workday_timetable.py took 0.101 seconds
[2024-11-07T00:33:31.377+0000] {processor.py:186} INFO - Started process (PID=483) to work on /home/airflow/.local/lib/python3.12/site-packages/airflow/example_dags/example_workday_timetable.py
[2024-11-07T00:33:31.378+0000] {processor.py:914} INFO - Processing file /home/airflow/.local/lib/python3.12/site-packages/airflow/example_dags/example_workday_timetable.py for tasks to queue
[2024-11-07T00:33:31.380+0000] {logging_mixin.py:190} INFO - [2024-11-07T00:33:31.379+0000] {dagbag.py:588} INFO - Filling up the DagBag from /home/airflow/.local/lib/python3.12/site-packages/airflow/example_dags/example_workday_timetable.py
[2024-11-07T00:33:31.385+0000] {processor.py:925} INFO - DAG(s) 'example_workday_timetable' retrieved from /home/airflow/.local/lib/python3.12/site-packages/airflow/example_dags/example_workday_timetable.py
[2024-11-07T00:33:31.402+0000] {logging_mixin.py:190} INFO - [2024-11-07T00:33:31.402+0000] {dag.py:3239} INFO - Sync 1 DAGs
[2024-11-07T00:33:31.454+0000] {logging_mixin.py:190} INFO - [2024-11-07T00:33:31.454+0000] {dag.py:4180} INFO - Setting next_dagrun for example_workday_timetable to 2021-01-04 00:00:00+00:00, run_after=2021-01-05 00:00:00+00:00
[2024-11-07T00:33:31.469+0000] {processor.py:208} INFO - Processing /home/airflow/.local/lib/python3.12/site-packages/airflow/example_dags/example_workday_timetable.py took 0.097 seconds
[2024-11-07T00:34:01.521+0000] {processor.py:186} INFO - Started process (PID=539) to work on /home/airflow/.local/lib/python3.12/site-packages/airflow/example_dags/example_workday_timetable.py
[2024-11-07T00:34:01.522+0000] {processor.py:914} INFO - Processing file /home/airflow/.local/lib/python3.12/site-packages/airflow/example_dags/example_workday_timetable.py for tasks to queue
[2024-11-07T00:34:01.524+0000] {logging_mixin.py:190} INFO - [2024-11-07T00:34:01.524+0000] {dagbag.py:588} INFO - Filling up the DagBag from /home/airflow/.local/lib/python3.12/site-packages/airflow/example_dags/example_workday_timetable.py
[2024-11-07T00:34:01.529+0000] {processor.py:925} INFO - DAG(s) 'example_workday_timetable' retrieved from /home/airflow/.local/lib/python3.12/site-packages/airflow/example_dags/example_workday_timetable.py
[2024-11-07T00:34:01.546+0000] {logging_mixin.py:190} INFO - [2024-11-07T00:34:01.546+0000] {dag.py:3239} INFO - Sync 1 DAGs
[2024-11-07T00:34:01.624+0000] {logging_mixin.py:190} INFO - [2024-11-07T00:34:01.624+0000] {dag.py:4180} INFO - Setting next_dagrun for example_workday_timetable to 2021-01-04 00:00:00+00:00, run_after=2021-01-05 00:00:00+00:00
[2024-11-07T00:34:01.641+0000] {processor.py:208} INFO - Processing /home/airflow/.local/lib/python3.12/site-packages/airflow/example_dags/example_workday_timetable.py took 0.125 seconds
[2024-11-07T00:34:31.761+0000] {processor.py:186} INFO - Started process (PID=602) to work on /home/airflow/.local/lib/python3.12/site-packages/airflow/example_dags/example_workday_timetable.py
[2024-11-07T00:34:31.762+0000] {processor.py:914} INFO - Processing file /home/airflow/.local/lib/python3.12/site-packages/airflow/example_dags/example_workday_timetable.py for tasks to queue
[2024-11-07T00:34:31.764+0000] {logging_mixin.py:190} INFO - [2024-11-07T00:34:31.764+0000] {dagbag.py:588} INFO - Filling up the DagBag from /home/airflow/.local/lib/python3.12/site-packages/airflow/example_dags/example_workday_timetable.py
[2024-11-07T00:34:31.769+0000] {processor.py:925} INFO - DAG(s) 'example_workday_timetable' retrieved from /home/airflow/.local/lib/python3.12/site-packages/airflow/example_dags/example_workday_timetable.py
[2024-11-07T00:34:31.786+0000] {logging_mixin.py:190} INFO - [2024-11-07T00:34:31.786+0000] {dag.py:3239} INFO - Sync 1 DAGs
[2024-11-07T00:34:31.836+0000] {logging_mixin.py:190} INFO - [2024-11-07T00:34:31.836+0000] {dag.py:4180} INFO - Setting next_dagrun for example_workday_timetable to 2021-01-04 00:00:00+00:00, run_after=2021-01-05 00:00:00+00:00
[2024-11-07T00:34:31.851+0000] {processor.py:208} INFO - Processing /home/airflow/.local/lib/python3.12/site-packages/airflow/example_dags/example_workday_timetable.py took 0.095 seconds
[2024-11-07T00:35:02.328+0000] {processor.py:186} INFO - Started process (PID=656) to work on /home/airflow/.local/lib/python3.12/site-packages/airflow/example_dags/example_workday_timetable.py
[2024-11-07T00:35:02.329+0000] {processor.py:914} INFO - Processing file /home/airflow/.local/lib/python3.12/site-packages/airflow/example_dags/example_workday_timetable.py for tasks to queue
[2024-11-07T00:35:02.331+0000] {logging_mixin.py:190} INFO - [2024-11-07T00:35:02.330+0000] {dagbag.py:588} INFO - Filling up the DagBag from /home/airflow/.local/lib/python3.12/site-packages/airflow/example_dags/example_workday_timetable.py
[2024-11-07T00:35:02.337+0000] {processor.py:925} INFO - DAG(s) 'example_workday_timetable' retrieved from /home/airflow/.local/lib/python3.12/site-packages/airflow/example_dags/example_workday_timetable.py
[2024-11-07T00:35:02.353+0000] {logging_mixin.py:190} INFO - [2024-11-07T00:35:02.353+0000] {dag.py:3239} INFO - Sync 1 DAGs
[2024-11-07T00:35:02.401+0000] {logging_mixin.py:190} INFO - [2024-11-07T00:35:02.401+0000] {dag.py:4180} INFO - Setting next_dagrun for example_workday_timetable to 2021-01-04 00:00:00+00:00, run_after=2021-01-05 00:00:00+00:00
[2024-11-07T00:35:02.416+0000] {processor.py:208} INFO - Processing /home/airflow/.local/lib/python3.12/site-packages/airflow/example_dags/example_workday_timetable.py took 0.094 seconds
[2024-11-07T00:35:32.547+0000] {processor.py:186} INFO - Started process (PID=719) to work on /home/airflow/.local/lib/python3.12/site-packages/airflow/example_dags/example_workday_timetable.py
[2024-11-07T00:35:32.547+0000] {processor.py:914} INFO - Processing file /home/airflow/.local/lib/python3.12/site-packages/airflow/example_dags/example_workday_timetable.py for tasks to queue
[2024-11-07T00:35:32.549+0000] {logging_mixin.py:190} INFO - [2024-11-07T00:35:32.549+0000] {dagbag.py:588} INFO - Filling up the DagBag from /home/airflow/.local/lib/python3.12/site-packages/airflow/example_dags/example_workday_timetable.py
[2024-11-07T00:35:32.554+0000] {processor.py:925} INFO - DAG(s) 'example_workday_timetable' retrieved from /home/airflow/.local/lib/python3.12/site-packages/airflow/example_dags/example_workday_timetable.py
[2024-11-07T00:35:32.571+0000] {logging_mixin.py:190} INFO - [2024-11-07T00:35:32.570+0000] {dag.py:3239} INFO - Sync 1 DAGs
[2024-11-07T00:35:32.621+0000] {logging_mixin.py:190} INFO - [2024-11-07T00:35:32.621+0000] {dag.py:4180} INFO - Setting next_dagrun for example_workday_timetable to 2021-01-04 00:00:00+00:00, run_after=2021-01-05 00:00:00+00:00
[2024-11-07T00:35:32.635+0000] {processor.py:208} INFO - Processing /home/airflow/.local/lib/python3.12/site-packages/airflow/example_dags/example_workday_timetable.py took 0.094 seconds
[2024-11-07T00:36:03.008+0000] {processor.py:186} INFO - Started process (PID=776) to work on /home/airflow/.local/lib/python3.12/site-packages/airflow/example_dags/example_workday_timetable.py
[2024-11-07T00:36:03.009+0000] {processor.py:914} INFO - Processing file /home/airflow/.local/lib/python3.12/site-packages/airflow/example_dags/example_workday_timetable.py for tasks to queue
[2024-11-07T00:36:03.011+0000] {logging_mixin.py:190} INFO - [2024-11-07T00:36:03.011+0000] {dagbag.py:588} INFO - Filling up the DagBag from /home/airflow/.local/lib/python3.12/site-packages/airflow/example_dags/example_workday_timetable.py
[2024-11-07T00:36:03.016+0000] {processor.py:925} INFO - DAG(s) 'example_workday_timetable' retrieved from /home/airflow/.local/lib/python3.12/site-packages/airflow/example_dags/example_workday_timetable.py
[2024-11-07T00:36:03.032+0000] {logging_mixin.py:190} INFO - [2024-11-07T00:36:03.032+0000] {dag.py:3239} INFO - Sync 1 DAGs
[2024-11-07T00:36:03.078+0000] {logging_mixin.py:190} INFO - [2024-11-07T00:36:03.078+0000] {dag.py:4180} INFO - Setting next_dagrun for example_workday_timetable to 2021-01-04 00:00:00+00:00, run_after=2021-01-05 00:00:00+00:00
[2024-11-07T00:36:03.093+0000] {processor.py:208} INFO - Processing /home/airflow/.local/lib/python3.12/site-packages/airflow/example_dags/example_workday_timetable.py took 0.089 seconds
[2024-11-07T00:38:37.084+0000] {processor.py:186} INFO - Started process (PID=45) to work on /home/airflow/.local/lib/python3.12/site-packages/airflow/example_dags/example_workday_timetable.py
[2024-11-07T00:38:37.085+0000] {processor.py:914} INFO - Processing file /home/airflow/.local/lib/python3.12/site-packages/airflow/example_dags/example_workday_timetable.py for tasks to queue
[2024-11-07T00:38:37.087+0000] {logging_mixin.py:190} INFO - [2024-11-07T00:38:37.087+0000] {dagbag.py:588} INFO - Filling up the DagBag from /home/airflow/.local/lib/python3.12/site-packages/airflow/example_dags/example_workday_timetable.py
[2024-11-07T00:38:37.093+0000] {processor.py:925} INFO - DAG(s) 'example_workday_timetable' retrieved from /home/airflow/.local/lib/python3.12/site-packages/airflow/example_dags/example_workday_timetable.py
[2024-11-07T00:38:37.109+0000] {logging_mixin.py:190} INFO - [2024-11-07T00:38:37.109+0000] {dag.py:3239} INFO - Sync 1 DAGs
[2024-11-07T00:38:37.171+0000] {logging_mixin.py:190} INFO - [2024-11-07T00:38:37.171+0000] {dag.py:4180} INFO - Setting next_dagrun for example_workday_timetable to 2021-01-04 00:00:00+00:00, run_after=2021-01-05 00:00:00+00:00
[2024-11-07T00:38:37.188+0000] {processor.py:208} INFO - Processing /home/airflow/.local/lib/python3.12/site-packages/airflow/example_dags/example_workday_timetable.py took 0.109 seconds
[2024-11-07T00:39:07.320+0000] {processor.py:186} INFO - Started process (PID=108) to work on /home/airflow/.local/lib/python3.12/site-packages/airflow/example_dags/example_workday_timetable.py
[2024-11-07T00:39:07.320+0000] {processor.py:914} INFO - Processing file /home/airflow/.local/lib/python3.12/site-packages/airflow/example_dags/example_workday_timetable.py for tasks to queue
[2024-11-07T00:39:07.322+0000] {logging_mixin.py:190} INFO - [2024-11-07T00:39:07.322+0000] {dagbag.py:588} INFO - Filling up the DagBag from /home/airflow/.local/lib/python3.12/site-packages/airflow/example_dags/example_workday_timetable.py
[2024-11-07T00:39:07.327+0000] {processor.py:925} INFO - DAG(s) 'example_workday_timetable' retrieved from /home/airflow/.local/lib/python3.12/site-packages/airflow/example_dags/example_workday_timetable.py
[2024-11-07T00:39:07.345+0000] {logging_mixin.py:190} INFO - [2024-11-07T00:39:07.344+0000] {dag.py:3239} INFO - Sync 1 DAGs
[2024-11-07T00:39:07.391+0000] {logging_mixin.py:190} INFO - [2024-11-07T00:39:07.391+0000] {dag.py:4180} INFO - Setting next_dagrun for example_workday_timetable to 2021-01-04 00:00:00+00:00, run_after=2021-01-05 00:00:00+00:00
[2024-11-07T00:39:07.406+0000] {processor.py:208} INFO - Processing /home/airflow/.local/lib/python3.12/site-packages/airflow/example_dags/example_workday_timetable.py took 0.092 seconds
[2024-11-07T00:39:37.552+0000] {processor.py:186} INFO - Started process (PID=171) to work on /home/airflow/.local/lib/python3.12/site-packages/airflow/example_dags/example_workday_timetable.py
[2024-11-07T00:39:37.552+0000] {processor.py:914} INFO - Processing file /home/airflow/.local/lib/python3.12/site-packages/airflow/example_dags/example_workday_timetable.py for tasks to queue
[2024-11-07T00:39:37.554+0000] {logging_mixin.py:190} INFO - [2024-11-07T00:39:37.554+0000] {dagbag.py:588} INFO - Filling up the DagBag from /home/airflow/.local/lib/python3.12/site-packages/airflow/example_dags/example_workday_timetable.py
[2024-11-07T00:39:37.559+0000] {processor.py:925} INFO - DAG(s) 'example_workday_timetable' retrieved from /home/airflow/.local/lib/python3.12/site-packages/airflow/example_dags/example_workday_timetable.py
[2024-11-07T00:39:37.575+0000] {logging_mixin.py:190} INFO - [2024-11-07T00:39:37.574+0000] {dag.py:3239} INFO - Sync 1 DAGs
[2024-11-07T00:39:37.619+0000] {logging_mixin.py:190} INFO - [2024-11-07T00:39:37.619+0000] {dag.py:4180} INFO - Setting next_dagrun for example_workday_timetable to 2021-01-04 00:00:00+00:00, run_after=2021-01-05 00:00:00+00:00
[2024-11-07T00:39:37.634+0000] {processor.py:208} INFO - Processing /home/airflow/.local/lib/python3.12/site-packages/airflow/example_dags/example_workday_timetable.py took 0.087 seconds
[2024-11-07T00:40:08.324+0000] {processor.py:186} INFO - Started process (PID=234) to work on /home/airflow/.local/lib/python3.12/site-packages/airflow/example_dags/example_workday_timetable.py
[2024-11-07T00:40:08.325+0000] {processor.py:914} INFO - Processing file /home/airflow/.local/lib/python3.12/site-packages/airflow/example_dags/example_workday_timetable.py for tasks to queue
[2024-11-07T00:40:08.327+0000] {logging_mixin.py:190} INFO - [2024-11-07T00:40:08.327+0000] {dagbag.py:588} INFO - Filling up the DagBag from /home/airflow/.local/lib/python3.12/site-packages/airflow/example_dags/example_workday_timetable.py
[2024-11-07T00:40:08.332+0000] {processor.py:925} INFO - DAG(s) 'example_workday_timetable' retrieved from /home/airflow/.local/lib/python3.12/site-packages/airflow/example_dags/example_workday_timetable.py
[2024-11-07T00:40:08.348+0000] {logging_mixin.py:190} INFO - [2024-11-07T00:40:08.347+0000] {dag.py:3239} INFO - Sync 1 DAGs
[2024-11-07T00:40:08.397+0000] {logging_mixin.py:190} INFO - [2024-11-07T00:40:08.397+0000] {dag.py:4180} INFO - Setting next_dagrun for example_workday_timetable to 2021-01-04 00:00:00+00:00, run_after=2021-01-05 00:00:00+00:00
[2024-11-07T00:40:08.413+0000] {processor.py:208} INFO - Processing /home/airflow/.local/lib/python3.12/site-packages/airflow/example_dags/example_workday_timetable.py took 0.093 seconds
[2024-11-07T00:40:39.052+0000] {processor.py:186} INFO - Started process (PID=297) to work on /home/airflow/.local/lib/python3.12/site-packages/airflow/example_dags/example_workday_timetable.py
[2024-11-07T00:40:39.053+0000] {processor.py:914} INFO - Processing file /home/airflow/.local/lib/python3.12/site-packages/airflow/example_dags/example_workday_timetable.py for tasks to queue
[2024-11-07T00:40:39.055+0000] {logging_mixin.py:190} INFO - [2024-11-07T00:40:39.054+0000] {dagbag.py:588} INFO - Filling up the DagBag from /home/airflow/.local/lib/python3.12/site-packages/airflow/example_dags/example_workday_timetable.py
[2024-11-07T00:40:39.059+0000] {processor.py:925} INFO - DAG(s) 'example_workday_timetable' retrieved from /home/airflow/.local/lib/python3.12/site-packages/airflow/example_dags/example_workday_timetable.py
[2024-11-07T00:40:39.075+0000] {logging_mixin.py:190} INFO - [2024-11-07T00:40:39.075+0000] {dag.py:3239} INFO - Sync 1 DAGs
[2024-11-07T00:40:39.120+0000] {logging_mixin.py:190} INFO - [2024-11-07T00:40:39.120+0000] {dag.py:4180} INFO - Setting next_dagrun for example_workday_timetable to 2021-01-04 00:00:00+00:00, run_after=2021-01-05 00:00:00+00:00
[2024-11-07T00:40:39.136+0000] {processor.py:208} INFO - Processing /home/airflow/.local/lib/python3.12/site-packages/airflow/example_dags/example_workday_timetable.py took 0.088 seconds
[2024-11-07T00:41:09.519+0000] {processor.py:186} INFO - Started process (PID=360) to work on /home/airflow/.local/lib/python3.12/site-packages/airflow/example_dags/example_workday_timetable.py
[2024-11-07T00:41:09.520+0000] {processor.py:914} INFO - Processing file /home/airflow/.local/lib/python3.12/site-packages/airflow/example_dags/example_workday_timetable.py for tasks to queue
[2024-11-07T00:41:09.522+0000] {logging_mixin.py:190} INFO - [2024-11-07T00:41:09.521+0000] {dagbag.py:588} INFO - Filling up the DagBag from /home/airflow/.local/lib/python3.12/site-packages/airflow/example_dags/example_workday_timetable.py
[2024-11-07T00:41:09.527+0000] {processor.py:925} INFO - DAG(s) 'example_workday_timetable' retrieved from /home/airflow/.local/lib/python3.12/site-packages/airflow/example_dags/example_workday_timetable.py
[2024-11-07T00:41:09.542+0000] {logging_mixin.py:190} INFO - [2024-11-07T00:41:09.542+0000] {dag.py:3239} INFO - Sync 1 DAGs
[2024-11-07T00:41:09.586+0000] {logging_mixin.py:190} INFO - [2024-11-07T00:41:09.586+0000] {dag.py:4180} INFO - Setting next_dagrun for example_workday_timetable to 2021-01-04 00:00:00+00:00, run_after=2021-01-05 00:00:00+00:00
[2024-11-07T00:41:09.602+0000] {processor.py:208} INFO - Processing /home/airflow/.local/lib/python3.12/site-packages/airflow/example_dags/example_workday_timetable.py took 0.087 seconds
[2024-11-07T00:41:39.681+0000] {processor.py:186} INFO - Started process (PID=423) to work on /home/airflow/.local/lib/python3.12/site-packages/airflow/example_dags/example_workday_timetable.py
[2024-11-07T00:41:39.682+0000] {processor.py:914} INFO - Processing file /home/airflow/.local/lib/python3.12/site-packages/airflow/example_dags/example_workday_timetable.py for tasks to queue
[2024-11-07T00:41:39.684+0000] {logging_mixin.py:190} INFO - [2024-11-07T00:41:39.684+0000] {dagbag.py:588} INFO - Filling up the DagBag from /home/airflow/.local/lib/python3.12/site-packages/airflow/example_dags/example_workday_timetable.py
[2024-11-07T00:41:39.689+0000] {processor.py:925} INFO - DAG(s) 'example_workday_timetable' retrieved from /home/airflow/.local/lib/python3.12/site-packages/airflow/example_dags/example_workday_timetable.py
[2024-11-07T00:41:39.706+0000] {logging_mixin.py:190} INFO - [2024-11-07T00:41:39.706+0000] {dag.py:3239} INFO - Sync 1 DAGs
[2024-11-07T00:41:39.759+0000] {logging_mixin.py:190} INFO - [2024-11-07T00:41:39.759+0000] {dag.py:4180} INFO - Setting next_dagrun for example_workday_timetable to 2021-01-04 00:00:00+00:00, run_after=2021-01-05 00:00:00+00:00
[2024-11-07T00:41:39.778+0000] {processor.py:208} INFO - Processing /home/airflow/.local/lib/python3.12/site-packages/airflow/example_dags/example_workday_timetable.py took 0.102 seconds
[2024-11-07T00:42:09.910+0000] {processor.py:186} INFO - Started process (PID=486) to work on /home/airflow/.local/lib/python3.12/site-packages/airflow/example_dags/example_workday_timetable.py
[2024-11-07T00:42:09.910+0000] {processor.py:914} INFO - Processing file /home/airflow/.local/lib/python3.12/site-packages/airflow/example_dags/example_workday_timetable.py for tasks to queue
[2024-11-07T00:42:09.912+0000] {logging_mixin.py:190} INFO - [2024-11-07T00:42:09.912+0000] {dagbag.py:588} INFO - Filling up the DagBag from /home/airflow/.local/lib/python3.12/site-packages/airflow/example_dags/example_workday_timetable.py
[2024-11-07T00:42:09.917+0000] {processor.py:925} INFO - DAG(s) 'example_workday_timetable' retrieved from /home/airflow/.local/lib/python3.12/site-packages/airflow/example_dags/example_workday_timetable.py
[2024-11-07T00:42:09.936+0000] {logging_mixin.py:190} INFO - [2024-11-07T00:42:09.936+0000] {dag.py:3239} INFO - Sync 1 DAGs
[2024-11-07T00:42:09.987+0000] {logging_mixin.py:190} INFO - [2024-11-07T00:42:09.987+0000] {dag.py:4180} INFO - Setting next_dagrun for example_workday_timetable to 2021-01-04 00:00:00+00:00, run_after=2021-01-05 00:00:00+00:00
[2024-11-07T00:42:10.004+0000] {processor.py:208} INFO - Processing /home/airflow/.local/lib/python3.12/site-packages/airflow/example_dags/example_workday_timetable.py took 0.100 seconds
[2024-11-07T00:42:40.031+0000] {processor.py:186} INFO - Started process (PID=549) to work on /home/airflow/.local/lib/python3.12/site-packages/airflow/example_dags/example_workday_timetable.py
[2024-11-07T00:42:40.032+0000] {processor.py:914} INFO - Processing file /home/airflow/.local/lib/python3.12/site-packages/airflow/example_dags/example_workday_timetable.py for tasks to queue
[2024-11-07T00:42:40.033+0000] {logging_mixin.py:190} INFO - [2024-11-07T00:42:40.033+0000] {dagbag.py:588} INFO - Filling up the DagBag from /home/airflow/.local/lib/python3.12/site-packages/airflow/example_dags/example_workday_timetable.py
[2024-11-07T00:42:40.038+0000] {processor.py:925} INFO - DAG(s) 'example_workday_timetable' retrieved from /home/airflow/.local/lib/python3.12/site-packages/airflow/example_dags/example_workday_timetable.py
[2024-11-07T00:42:40.054+0000] {logging_mixin.py:190} INFO - [2024-11-07T00:42:40.054+0000] {dag.py:3239} INFO - Sync 1 DAGs
[2024-11-07T00:42:40.100+0000] {logging_mixin.py:190} INFO - [2024-11-07T00:42:40.100+0000] {dag.py:4180} INFO - Setting next_dagrun for example_workday_timetable to 2021-01-04 00:00:00+00:00, run_after=2021-01-05 00:00:00+00:00
[2024-11-07T00:42:40.115+0000] {processor.py:208} INFO - Processing /home/airflow/.local/lib/python3.12/site-packages/airflow/example_dags/example_workday_timetable.py took 0.089 seconds
[2024-11-07T00:43:10.692+0000] {processor.py:186} INFO - Started process (PID=612) to work on /home/airflow/.local/lib/python3.12/site-packages/airflow/example_dags/example_workday_timetable.py
[2024-11-07T00:43:10.692+0000] {processor.py:914} INFO - Processing file /home/airflow/.local/lib/python3.12/site-packages/airflow/example_dags/example_workday_timetable.py for tasks to queue
[2024-11-07T00:43:10.694+0000] {logging_mixin.py:190} INFO - [2024-11-07T00:43:10.694+0000] {dagbag.py:588} INFO - Filling up the DagBag from /home/airflow/.local/lib/python3.12/site-packages/airflow/example_dags/example_workday_timetable.py
[2024-11-07T00:43:10.699+0000] {processor.py:925} INFO - DAG(s) 'example_workday_timetable' retrieved from /home/airflow/.local/lib/python3.12/site-packages/airflow/example_dags/example_workday_timetable.py
[2024-11-07T00:43:10.717+0000] {logging_mixin.py:190} INFO - [2024-11-07T00:43:10.717+0000] {dag.py:3239} INFO - Sync 1 DAGs
[2024-11-07T00:43:10.762+0000] {logging_mixin.py:190} INFO - [2024-11-07T00:43:10.762+0000] {dag.py:4180} INFO - Setting next_dagrun for example_workday_timetable to 2021-01-04 00:00:00+00:00, run_after=2021-01-05 00:00:00+00:00
[2024-11-07T00:43:10.778+0000] {processor.py:208} INFO - Processing /home/airflow/.local/lib/python3.12/site-packages/airflow/example_dags/example_workday_timetable.py took 0.091 seconds
[2024-11-07T00:43:40.893+0000] {processor.py:186} INFO - Started process (PID=676) to work on /home/airflow/.local/lib/python3.12/site-packages/airflow/example_dags/example_workday_timetable.py
[2024-11-07T00:43:40.894+0000] {processor.py:914} INFO - Processing file /home/airflow/.local/lib/python3.12/site-packages/airflow/example_dags/example_workday_timetable.py for tasks to queue
[2024-11-07T00:43:40.895+0000] {logging_mixin.py:190} INFO - [2024-11-07T00:43:40.895+0000] {dagbag.py:588} INFO - Filling up the DagBag from /home/airflow/.local/lib/python3.12/site-packages/airflow/example_dags/example_workday_timetable.py
[2024-11-07T00:43:40.900+0000] {processor.py:925} INFO - DAG(s) 'example_workday_timetable' retrieved from /home/airflow/.local/lib/python3.12/site-packages/airflow/example_dags/example_workday_timetable.py
[2024-11-07T00:43:40.917+0000] {logging_mixin.py:190} INFO - [2024-11-07T00:43:40.917+0000] {dag.py:3239} INFO - Sync 1 DAGs
[2024-11-07T00:43:40.971+0000] {logging_mixin.py:190} INFO - [2024-11-07T00:43:40.971+0000] {dag.py:4180} INFO - Setting next_dagrun for example_workday_timetable to 2021-01-04 00:00:00+00:00, run_after=2021-01-05 00:00:00+00:00
[2024-11-07T00:43:40.988+0000] {processor.py:208} INFO - Processing /home/airflow/.local/lib/python3.12/site-packages/airflow/example_dags/example_workday_timetable.py took 0.099 seconds
[2024-11-07T00:44:11.204+0000] {processor.py:186} INFO - Started process (PID=740) to work on /home/airflow/.local/lib/python3.12/site-packages/airflow/example_dags/example_workday_timetable.py
[2024-11-07T00:44:11.204+0000] {processor.py:914} INFO - Processing file /home/airflow/.local/lib/python3.12/site-packages/airflow/example_dags/example_workday_timetable.py for tasks to queue
[2024-11-07T00:44:11.206+0000] {logging_mixin.py:190} INFO - [2024-11-07T00:44:11.206+0000] {dagbag.py:588} INFO - Filling up the DagBag from /home/airflow/.local/lib/python3.12/site-packages/airflow/example_dags/example_workday_timetable.py
[2024-11-07T00:44:11.211+0000] {processor.py:925} INFO - DAG(s) 'example_workday_timetable' retrieved from /home/airflow/.local/lib/python3.12/site-packages/airflow/example_dags/example_workday_timetable.py
[2024-11-07T00:44:11.227+0000] {logging_mixin.py:190} INFO - [2024-11-07T00:44:11.227+0000] {dag.py:3239} INFO - Sync 1 DAGs
[2024-11-07T00:44:11.277+0000] {logging_mixin.py:190} INFO - [2024-11-07T00:44:11.277+0000] {dag.py:4180} INFO - Setting next_dagrun for example_workday_timetable to 2021-01-04 00:00:00+00:00, run_after=2021-01-05 00:00:00+00:00
[2024-11-07T00:44:11.292+0000] {processor.py:208} INFO - Processing /home/airflow/.local/lib/python3.12/site-packages/airflow/example_dags/example_workday_timetable.py took 0.093 seconds
[2024-11-07T00:44:41.434+0000] {processor.py:186} INFO - Started process (PID=804) to work on /home/airflow/.local/lib/python3.12/site-packages/airflow/example_dags/example_workday_timetable.py
[2024-11-07T00:44:41.435+0000] {processor.py:914} INFO - Processing file /home/airflow/.local/lib/python3.12/site-packages/airflow/example_dags/example_workday_timetable.py for tasks to queue
[2024-11-07T00:44:41.437+0000] {logging_mixin.py:190} INFO - [2024-11-07T00:44:41.437+0000] {dagbag.py:588} INFO - Filling up the DagBag from /home/airflow/.local/lib/python3.12/site-packages/airflow/example_dags/example_workday_timetable.py
[2024-11-07T00:44:41.441+0000] {processor.py:925} INFO - DAG(s) 'example_workday_timetable' retrieved from /home/airflow/.local/lib/python3.12/site-packages/airflow/example_dags/example_workday_timetable.py
[2024-11-07T00:44:41.458+0000] {logging_mixin.py:190} INFO - [2024-11-07T00:44:41.458+0000] {dag.py:3239} INFO - Sync 1 DAGs
[2024-11-07T00:44:41.503+0000] {logging_mixin.py:190} INFO - [2024-11-07T00:44:41.503+0000] {dag.py:4180} INFO - Setting next_dagrun for example_workday_timetable to 2021-01-04 00:00:00+00:00, run_after=2021-01-05 00:00:00+00:00
[2024-11-07T00:44:41.518+0000] {processor.py:208} INFO - Processing /home/airflow/.local/lib/python3.12/site-packages/airflow/example_dags/example_workday_timetable.py took 0.089 seconds
[2024-11-07T00:45:11.824+0000] {processor.py:186} INFO - Started process (PID=868) to work on /home/airflow/.local/lib/python3.12/site-packages/airflow/example_dags/example_workday_timetable.py
[2024-11-07T00:45:11.825+0000] {processor.py:914} INFO - Processing file /home/airflow/.local/lib/python3.12/site-packages/airflow/example_dags/example_workday_timetable.py for tasks to queue
[2024-11-07T00:45:11.827+0000] {logging_mixin.py:190} INFO - [2024-11-07T00:45:11.827+0000] {dagbag.py:588} INFO - Filling up the DagBag from /home/airflow/.local/lib/python3.12/site-packages/airflow/example_dags/example_workday_timetable.py
[2024-11-07T00:45:11.832+0000] {processor.py:925} INFO - DAG(s) 'example_workday_timetable' retrieved from /home/airflow/.local/lib/python3.12/site-packages/airflow/example_dags/example_workday_timetable.py
[2024-11-07T00:45:11.848+0000] {logging_mixin.py:190} INFO - [2024-11-07T00:45:11.848+0000] {dag.py:3239} INFO - Sync 1 DAGs
[2024-11-07T00:45:11.893+0000] {logging_mixin.py:190} INFO - [2024-11-07T00:45:11.892+0000] {dag.py:4180} INFO - Setting next_dagrun for example_workday_timetable to 2021-01-04 00:00:00+00:00, run_after=2021-01-05 00:00:00+00:00
[2024-11-07T00:45:11.907+0000] {processor.py:208} INFO - Processing /home/airflow/.local/lib/python3.12/site-packages/airflow/example_dags/example_workday_timetable.py took 0.087 seconds
[2024-11-07T00:45:42.165+0000] {processor.py:186} INFO - Started process (PID=932) to work on /home/airflow/.local/lib/python3.12/site-packages/airflow/example_dags/example_workday_timetable.py
[2024-11-07T00:45:42.166+0000] {processor.py:914} INFO - Processing file /home/airflow/.local/lib/python3.12/site-packages/airflow/example_dags/example_workday_timetable.py for tasks to queue
[2024-11-07T00:45:42.168+0000] {logging_mixin.py:190} INFO - [2024-11-07T00:45:42.168+0000] {dagbag.py:588} INFO - Filling up the DagBag from /home/airflow/.local/lib/python3.12/site-packages/airflow/example_dags/example_workday_timetable.py
[2024-11-07T00:45:42.172+0000] {processor.py:925} INFO - DAG(s) 'example_workday_timetable' retrieved from /home/airflow/.local/lib/python3.12/site-packages/airflow/example_dags/example_workday_timetable.py
[2024-11-07T00:45:42.187+0000] {logging_mixin.py:190} INFO - [2024-11-07T00:45:42.187+0000] {dag.py:3239} INFO - Sync 1 DAGs
[2024-11-07T00:45:42.233+0000] {logging_mixin.py:190} INFO - [2024-11-07T00:45:42.233+0000] {dag.py:4180} INFO - Setting next_dagrun for example_workday_timetable to 2021-01-04 00:00:00+00:00, run_after=2021-01-05 00:00:00+00:00
[2024-11-07T00:45:42.248+0000] {processor.py:208} INFO - Processing /home/airflow/.local/lib/python3.12/site-packages/airflow/example_dags/example_workday_timetable.py took 0.087 seconds
[2024-11-07T00:46:12.416+0000] {processor.py:186} INFO - Started process (PID=996) to work on /home/airflow/.local/lib/python3.12/site-packages/airflow/example_dags/example_workday_timetable.py
[2024-11-07T00:46:12.417+0000] {processor.py:914} INFO - Processing file /home/airflow/.local/lib/python3.12/site-packages/airflow/example_dags/example_workday_timetable.py for tasks to queue
[2024-11-07T00:46:12.419+0000] {logging_mixin.py:190} INFO - [2024-11-07T00:46:12.418+0000] {dagbag.py:588} INFO - Filling up the DagBag from /home/airflow/.local/lib/python3.12/site-packages/airflow/example_dags/example_workday_timetable.py
[2024-11-07T00:46:12.424+0000] {processor.py:925} INFO - DAG(s) 'example_workday_timetable' retrieved from /home/airflow/.local/lib/python3.12/site-packages/airflow/example_dags/example_workday_timetable.py
[2024-11-07T00:46:12.439+0000] {logging_mixin.py:190} INFO - [2024-11-07T00:46:12.439+0000] {dag.py:3239} INFO - Sync 1 DAGs
[2024-11-07T00:46:12.484+0000] {logging_mixin.py:190} INFO - [2024-11-07T00:46:12.484+0000] {dag.py:4180} INFO - Setting next_dagrun for example_workday_timetable to 2021-01-04 00:00:00+00:00, run_after=2021-01-05 00:00:00+00:00
[2024-11-07T00:46:12.499+0000] {processor.py:208} INFO - Processing /home/airflow/.local/lib/python3.12/site-packages/airflow/example_dags/example_workday_timetable.py took 0.087 seconds
[2024-11-07T00:46:43.041+0000] {processor.py:186} INFO - Started process (PID=1060) to work on /home/airflow/.local/lib/python3.12/site-packages/airflow/example_dags/example_workday_timetable.py
[2024-11-07T00:46:43.041+0000] {processor.py:914} INFO - Processing file /home/airflow/.local/lib/python3.12/site-packages/airflow/example_dags/example_workday_timetable.py for tasks to queue
[2024-11-07T00:46:43.043+0000] {logging_mixin.py:190} INFO - [2024-11-07T00:46:43.043+0000] {dagbag.py:588} INFO - Filling up the DagBag from /home/airflow/.local/lib/python3.12/site-packages/airflow/example_dags/example_workday_timetable.py
[2024-11-07T00:46:43.048+0000] {processor.py:925} INFO - DAG(s) 'example_workday_timetable' retrieved from /home/airflow/.local/lib/python3.12/site-packages/airflow/example_dags/example_workday_timetable.py
[2024-11-07T00:46:43.063+0000] {logging_mixin.py:190} INFO - [2024-11-07T00:46:43.063+0000] {dag.py:3239} INFO - Sync 1 DAGs
[2024-11-07T00:46:43.109+0000] {logging_mixin.py:190} INFO - [2024-11-07T00:46:43.109+0000] {dag.py:4180} INFO - Setting next_dagrun for example_workday_timetable to 2021-01-04 00:00:00+00:00, run_after=2021-01-05 00:00:00+00:00
[2024-11-07T00:46:43.124+0000] {processor.py:208} INFO - Processing /home/airflow/.local/lib/python3.12/site-packages/airflow/example_dags/example_workday_timetable.py took 0.088 seconds
[2024-11-07T00:47:13.298+0000] {processor.py:186} INFO - Started process (PID=1124) to work on /home/airflow/.local/lib/python3.12/site-packages/airflow/example_dags/example_workday_timetable.py
[2024-11-07T00:47:13.299+0000] {processor.py:914} INFO - Processing file /home/airflow/.local/lib/python3.12/site-packages/airflow/example_dags/example_workday_timetable.py for tasks to queue
[2024-11-07T00:47:13.300+0000] {logging_mixin.py:190} INFO - [2024-11-07T00:47:13.300+0000] {dagbag.py:588} INFO - Filling up the DagBag from /home/airflow/.local/lib/python3.12/site-packages/airflow/example_dags/example_workday_timetable.py
[2024-11-07T00:47:13.305+0000] {processor.py:925} INFO - DAG(s) 'example_workday_timetable' retrieved from /home/airflow/.local/lib/python3.12/site-packages/airflow/example_dags/example_workday_timetable.py
[2024-11-07T00:47:13.321+0000] {logging_mixin.py:190} INFO - [2024-11-07T00:47:13.321+0000] {dag.py:3239} INFO - Sync 1 DAGs
[2024-11-07T00:47:13.366+0000] {logging_mixin.py:190} INFO - [2024-11-07T00:47:13.366+0000] {dag.py:4180} INFO - Setting next_dagrun for example_workday_timetable to 2021-01-04 00:00:00+00:00, run_after=2021-01-05 00:00:00+00:00
[2024-11-07T00:47:13.381+0000] {processor.py:208} INFO - Processing /home/airflow/.local/lib/python3.12/site-packages/airflow/example_dags/example_workday_timetable.py took 0.088 seconds
[2024-11-07T00:47:43.538+0000] {processor.py:186} INFO - Started process (PID=1188) to work on /home/airflow/.local/lib/python3.12/site-packages/airflow/example_dags/example_workday_timetable.py
[2024-11-07T00:47:43.539+0000] {processor.py:914} INFO - Processing file /home/airflow/.local/lib/python3.12/site-packages/airflow/example_dags/example_workday_timetable.py for tasks to queue
[2024-11-07T00:47:43.541+0000] {logging_mixin.py:190} INFO - [2024-11-07T00:47:43.540+0000] {dagbag.py:588} INFO - Filling up the DagBag from /home/airflow/.local/lib/python3.12/site-packages/airflow/example_dags/example_workday_timetable.py
[2024-11-07T00:47:43.546+0000] {processor.py:925} INFO - DAG(s) 'example_workday_timetable' retrieved from /home/airflow/.local/lib/python3.12/site-packages/airflow/example_dags/example_workday_timetable.py
[2024-11-07T00:47:43.562+0000] {logging_mixin.py:190} INFO - [2024-11-07T00:47:43.561+0000] {dag.py:3239} INFO - Sync 1 DAGs
[2024-11-07T00:47:43.607+0000] {logging_mixin.py:190} INFO - [2024-11-07T00:47:43.606+0000] {dag.py:4180} INFO - Setting next_dagrun for example_workday_timetable to 2021-01-04 00:00:00+00:00, run_after=2021-01-05 00:00:00+00:00
[2024-11-07T00:47:43.621+0000] {processor.py:208} INFO - Processing /home/airflow/.local/lib/python3.12/site-packages/airflow/example_dags/example_workday_timetable.py took 0.088 seconds
[2024-11-07T00:55:06.336+0000] {processor.py:186} INFO - Started process (PID=1222) to work on /home/airflow/.local/lib/python3.12/site-packages/airflow/example_dags/example_workday_timetable.py
[2024-11-07T00:55:06.337+0000] {processor.py:914} INFO - Processing file /home/airflow/.local/lib/python3.12/site-packages/airflow/example_dags/example_workday_timetable.py for tasks to queue
[2024-11-07T00:55:06.338+0000] {logging_mixin.py:190} INFO - [2024-11-07T00:55:06.338+0000] {dagbag.py:588} INFO - Filling up the DagBag from /home/airflow/.local/lib/python3.12/site-packages/airflow/example_dags/example_workday_timetable.py
[2024-11-07T00:55:06.343+0000] {processor.py:925} INFO - DAG(s) 'example_workday_timetable' retrieved from /home/airflow/.local/lib/python3.12/site-packages/airflow/example_dags/example_workday_timetable.py
[2024-11-07T00:55:06.358+0000] {logging_mixin.py:190} INFO - [2024-11-07T00:55:06.358+0000] {dag.py:3239} INFO - Sync 1 DAGs
[2024-11-07T00:55:06.404+0000] {logging_mixin.py:190} INFO - [2024-11-07T00:55:06.404+0000] {dag.py:4180} INFO - Setting next_dagrun for example_workday_timetable to 2021-01-04 00:00:00+00:00, run_after=2021-01-05 00:00:00+00:00
[2024-11-07T00:55:06.419+0000] {processor.py:208} INFO - Processing /home/airflow/.local/lib/python3.12/site-packages/airflow/example_dags/example_workday_timetable.py took 0.088 seconds
[2024-11-07T00:55:36.542+0000] {processor.py:186} INFO - Started process (PID=1286) to work on /home/airflow/.local/lib/python3.12/site-packages/airflow/example_dags/example_workday_timetable.py
[2024-11-07T00:55:36.542+0000] {processor.py:914} INFO - Processing file /home/airflow/.local/lib/python3.12/site-packages/airflow/example_dags/example_workday_timetable.py for tasks to queue
[2024-11-07T00:55:36.544+0000] {logging_mixin.py:190} INFO - [2024-11-07T00:55:36.544+0000] {dagbag.py:588} INFO - Filling up the DagBag from /home/airflow/.local/lib/python3.12/site-packages/airflow/example_dags/example_workday_timetable.py
[2024-11-07T00:55:36.549+0000] {processor.py:925} INFO - DAG(s) 'example_workday_timetable' retrieved from /home/airflow/.local/lib/python3.12/site-packages/airflow/example_dags/example_workday_timetable.py
[2024-11-07T00:55:36.565+0000] {logging_mixin.py:190} INFO - [2024-11-07T00:55:36.565+0000] {dag.py:3239} INFO - Sync 1 DAGs
[2024-11-07T00:55:36.610+0000] {logging_mixin.py:190} INFO - [2024-11-07T00:55:36.609+0000] {dag.py:4180} INFO - Setting next_dagrun for example_workday_timetable to 2021-01-04 00:00:00+00:00, run_after=2021-01-05 00:00:00+00:00
[2024-11-07T00:55:36.625+0000] {processor.py:208} INFO - Processing /home/airflow/.local/lib/python3.12/site-packages/airflow/example_dags/example_workday_timetable.py took 0.087 seconds
[2024-11-07T00:56:07.558+0000] {processor.py:186} INFO - Started process (PID=1350) to work on /home/airflow/.local/lib/python3.12/site-packages/airflow/example_dags/example_workday_timetable.py
[2024-11-07T00:56:07.559+0000] {processor.py:914} INFO - Processing file /home/airflow/.local/lib/python3.12/site-packages/airflow/example_dags/example_workday_timetable.py for tasks to queue
[2024-11-07T00:56:07.560+0000] {logging_mixin.py:190} INFO - [2024-11-07T00:56:07.560+0000] {dagbag.py:588} INFO - Filling up the DagBag from /home/airflow/.local/lib/python3.12/site-packages/airflow/example_dags/example_workday_timetable.py
[2024-11-07T00:56:07.565+0000] {processor.py:925} INFO - DAG(s) 'example_workday_timetable' retrieved from /home/airflow/.local/lib/python3.12/site-packages/airflow/example_dags/example_workday_timetable.py
[2024-11-07T00:56:07.582+0000] {logging_mixin.py:190} INFO - [2024-11-07T00:56:07.581+0000] {dag.py:3239} INFO - Sync 1 DAGs
[2024-11-07T00:56:07.630+0000] {logging_mixin.py:190} INFO - [2024-11-07T00:56:07.629+0000] {dag.py:4180} INFO - Setting next_dagrun for example_workday_timetable to 2021-01-04 00:00:00+00:00, run_after=2021-01-05 00:00:00+00:00
[2024-11-07T00:56:07.645+0000] {processor.py:208} INFO - Processing /home/airflow/.local/lib/python3.12/site-packages/airflow/example_dags/example_workday_timetable.py took 0.091 seconds
[2024-11-07T00:56:38.422+0000] {processor.py:186} INFO - Started process (PID=1414) to work on /home/airflow/.local/lib/python3.12/site-packages/airflow/example_dags/example_workday_timetable.py
[2024-11-07T00:56:38.422+0000] {processor.py:914} INFO - Processing file /home/airflow/.local/lib/python3.12/site-packages/airflow/example_dags/example_workday_timetable.py for tasks to queue
[2024-11-07T00:56:38.424+0000] {logging_mixin.py:190} INFO - [2024-11-07T00:56:38.424+0000] {dagbag.py:588} INFO - Filling up the DagBag from /home/airflow/.local/lib/python3.12/site-packages/airflow/example_dags/example_workday_timetable.py
[2024-11-07T00:56:38.429+0000] {processor.py:925} INFO - DAG(s) 'example_workday_timetable' retrieved from /home/airflow/.local/lib/python3.12/site-packages/airflow/example_dags/example_workday_timetable.py
[2024-11-07T00:56:38.445+0000] {logging_mixin.py:190} INFO - [2024-11-07T00:56:38.445+0000] {dag.py:3239} INFO - Sync 1 DAGs
[2024-11-07T00:56:38.491+0000] {logging_mixin.py:190} INFO - [2024-11-07T00:56:38.491+0000] {dag.py:4180} INFO - Setting next_dagrun for example_workday_timetable to 2021-01-04 00:00:00+00:00, run_after=2021-01-05 00:00:00+00:00
[2024-11-07T00:56:38.505+0000] {processor.py:208} INFO - Processing /home/airflow/.local/lib/python3.12/site-packages/airflow/example_dags/example_workday_timetable.py took 0.088 seconds
[2024-11-07T00:57:08.712+0000] {processor.py:186} INFO - Started process (PID=1478) to work on /home/airflow/.local/lib/python3.12/site-packages/airflow/example_dags/example_workday_timetable.py
[2024-11-07T00:57:08.712+0000] {processor.py:914} INFO - Processing file /home/airflow/.local/lib/python3.12/site-packages/airflow/example_dags/example_workday_timetable.py for tasks to queue
[2024-11-07T00:57:08.714+0000] {logging_mixin.py:190} INFO - [2024-11-07T00:57:08.714+0000] {dagbag.py:588} INFO - Filling up the DagBag from /home/airflow/.local/lib/python3.12/site-packages/airflow/example_dags/example_workday_timetable.py
[2024-11-07T00:57:08.719+0000] {processor.py:925} INFO - DAG(s) 'example_workday_timetable' retrieved from /home/airflow/.local/lib/python3.12/site-packages/airflow/example_dags/example_workday_timetable.py
[2024-11-07T00:57:08.736+0000] {logging_mixin.py:190} INFO - [2024-11-07T00:57:08.736+0000] {dag.py:3239} INFO - Sync 1 DAGs
[2024-11-07T00:57:08.781+0000] {logging_mixin.py:190} INFO - [2024-11-07T00:57:08.781+0000] {dag.py:4180} INFO - Setting next_dagrun for example_workday_timetable to 2021-01-04 00:00:00+00:00, run_after=2021-01-05 00:00:00+00:00
[2024-11-07T00:57:08.796+0000] {processor.py:208} INFO - Processing /home/airflow/.local/lib/python3.12/site-packages/airflow/example_dags/example_workday_timetable.py took 0.089 seconds
[2024-11-07T00:57:38.909+0000] {processor.py:186} INFO - Started process (PID=1543) to work on /home/airflow/.local/lib/python3.12/site-packages/airflow/example_dags/example_workday_timetable.py
[2024-11-07T00:57:38.910+0000] {processor.py:914} INFO - Processing file /home/airflow/.local/lib/python3.12/site-packages/airflow/example_dags/example_workday_timetable.py for tasks to queue
[2024-11-07T00:57:38.911+0000] {logging_mixin.py:190} INFO - [2024-11-07T00:57:38.911+0000] {dagbag.py:588} INFO - Filling up the DagBag from /home/airflow/.local/lib/python3.12/site-packages/airflow/example_dags/example_workday_timetable.py
[2024-11-07T00:57:38.916+0000] {processor.py:925} INFO - DAG(s) 'example_workday_timetable' retrieved from /home/airflow/.local/lib/python3.12/site-packages/airflow/example_dags/example_workday_timetable.py
[2024-11-07T00:57:38.932+0000] {logging_mixin.py:190} INFO - [2024-11-07T00:57:38.932+0000] {dag.py:3239} INFO - Sync 1 DAGs
[2024-11-07T00:57:38.978+0000] {logging_mixin.py:190} INFO - [2024-11-07T00:57:38.978+0000] {dag.py:4180} INFO - Setting next_dagrun for example_workday_timetable to 2021-01-04 00:00:00+00:00, run_after=2021-01-05 00:00:00+00:00
[2024-11-07T00:57:38.992+0000] {processor.py:208} INFO - Processing /home/airflow/.local/lib/python3.12/site-packages/airflow/example_dags/example_workday_timetable.py took 0.088 seconds
[2024-11-07T00:58:09.050+0000] {processor.py:186} INFO - Started process (PID=1607) to work on /home/airflow/.local/lib/python3.12/site-packages/airflow/example_dags/example_workday_timetable.py
[2024-11-07T00:58:09.050+0000] {processor.py:914} INFO - Processing file /home/airflow/.local/lib/python3.12/site-packages/airflow/example_dags/example_workday_timetable.py for tasks to queue
[2024-11-07T00:58:09.052+0000] {logging_mixin.py:190} INFO - [2024-11-07T00:58:09.052+0000] {dagbag.py:588} INFO - Filling up the DagBag from /home/airflow/.local/lib/python3.12/site-packages/airflow/example_dags/example_workday_timetable.py
[2024-11-07T00:58:09.058+0000] {processor.py:925} INFO - DAG(s) 'example_workday_timetable' retrieved from /home/airflow/.local/lib/python3.12/site-packages/airflow/example_dags/example_workday_timetable.py
[2024-11-07T00:58:09.074+0000] {logging_mixin.py:190} INFO - [2024-11-07T00:58:09.074+0000] {dag.py:3239} INFO - Sync 1 DAGs
[2024-11-07T00:58:09.124+0000] {logging_mixin.py:190} INFO - [2024-11-07T00:58:09.124+0000] {dag.py:4180} INFO - Setting next_dagrun for example_workday_timetable to 2021-01-04 00:00:00+00:00, run_after=2021-01-05 00:00:00+00:00
[2024-11-07T00:58:09.140+0000] {processor.py:208} INFO - Processing /home/airflow/.local/lib/python3.12/site-packages/airflow/example_dags/example_workday_timetable.py took 0.095 seconds
[2024-11-07T00:58:39.266+0000] {processor.py:186} INFO - Started process (PID=1670) to work on /home/airflow/.local/lib/python3.12/site-packages/airflow/example_dags/example_workday_timetable.py
[2024-11-07T00:58:39.267+0000] {processor.py:914} INFO - Processing file /home/airflow/.local/lib/python3.12/site-packages/airflow/example_dags/example_workday_timetable.py for tasks to queue
[2024-11-07T00:58:39.269+0000] {logging_mixin.py:190} INFO - [2024-11-07T00:58:39.268+0000] {dagbag.py:588} INFO - Filling up the DagBag from /home/airflow/.local/lib/python3.12/site-packages/airflow/example_dags/example_workday_timetable.py
[2024-11-07T00:58:39.273+0000] {processor.py:925} INFO - DAG(s) 'example_workday_timetable' retrieved from /home/airflow/.local/lib/python3.12/site-packages/airflow/example_dags/example_workday_timetable.py
[2024-11-07T00:58:39.290+0000] {logging_mixin.py:190} INFO - [2024-11-07T00:58:39.290+0000] {dag.py:3239} INFO - Sync 1 DAGs
[2024-11-07T00:58:39.337+0000] {logging_mixin.py:190} INFO - [2024-11-07T00:58:39.337+0000] {dag.py:4180} INFO - Setting next_dagrun for example_workday_timetable to 2021-01-04 00:00:00+00:00, run_after=2021-01-05 00:00:00+00:00
[2024-11-07T00:58:39.352+0000] {processor.py:208} INFO - Processing /home/airflow/.local/lib/python3.12/site-packages/airflow/example_dags/example_workday_timetable.py took 0.091 seconds
[2024-11-07T00:59:10.121+0000] {processor.py:186} INFO - Started process (PID=1740) to work on /home/airflow/.local/lib/python3.12/site-packages/airflow/example_dags/example_workday_timetable.py
[2024-11-07T00:59:10.122+0000] {processor.py:914} INFO - Processing file /home/airflow/.local/lib/python3.12/site-packages/airflow/example_dags/example_workday_timetable.py for tasks to queue
[2024-11-07T00:59:10.124+0000] {logging_mixin.py:190} INFO - [2024-11-07T00:59:10.124+0000] {dagbag.py:588} INFO - Filling up the DagBag from /home/airflow/.local/lib/python3.12/site-packages/airflow/example_dags/example_workday_timetable.py
[2024-11-07T00:59:10.129+0000] {processor.py:925} INFO - DAG(s) 'example_workday_timetable' retrieved from /home/airflow/.local/lib/python3.12/site-packages/airflow/example_dags/example_workday_timetable.py
[2024-11-07T00:59:10.147+0000] {logging_mixin.py:190} INFO - [2024-11-07T00:59:10.146+0000] {dag.py:3239} INFO - Sync 1 DAGs
[2024-11-07T00:59:10.196+0000] {logging_mixin.py:190} INFO - [2024-11-07T00:59:10.196+0000] {dag.py:4180} INFO - Setting next_dagrun for example_workday_timetable to 2021-01-04 00:00:00+00:00, run_after=2021-01-05 00:00:00+00:00
[2024-11-07T00:59:10.212+0000] {processor.py:208} INFO - Processing /home/airflow/.local/lib/python3.12/site-packages/airflow/example_dags/example_workday_timetable.py took 0.096 seconds
[2024-11-07T00:59:40.671+0000] {processor.py:186} INFO - Started process (PID=1804) to work on /home/airflow/.local/lib/python3.12/site-packages/airflow/example_dags/example_workday_timetable.py
[2024-11-07T00:59:40.672+0000] {processor.py:914} INFO - Processing file /home/airflow/.local/lib/python3.12/site-packages/airflow/example_dags/example_workday_timetable.py for tasks to queue
[2024-11-07T00:59:40.674+0000] {logging_mixin.py:190} INFO - [2024-11-07T00:59:40.674+0000] {dagbag.py:588} INFO - Filling up the DagBag from /home/airflow/.local/lib/python3.12/site-packages/airflow/example_dags/example_workday_timetable.py
[2024-11-07T00:59:40.679+0000] {processor.py:925} INFO - DAG(s) 'example_workday_timetable' retrieved from /home/airflow/.local/lib/python3.12/site-packages/airflow/example_dags/example_workday_timetable.py
[2024-11-07T00:59:40.696+0000] {logging_mixin.py:190} INFO - [2024-11-07T00:59:40.696+0000] {dag.py:3239} INFO - Sync 1 DAGs
[2024-11-07T00:59:40.747+0000] {logging_mixin.py:190} INFO - [2024-11-07T00:59:40.747+0000] {dag.py:4180} INFO - Setting next_dagrun for example_workday_timetable to 2021-01-04 00:00:00+00:00, run_after=2021-01-05 00:00:00+00:00
[2024-11-07T00:59:40.763+0000] {processor.py:208} INFO - Processing /home/airflow/.local/lib/python3.12/site-packages/airflow/example_dags/example_workday_timetable.py took 0.096 seconds
[2024-11-07T01:00:11.281+0000] {processor.py:186} INFO - Started process (PID=1868) to work on /home/airflow/.local/lib/python3.12/site-packages/airflow/example_dags/example_workday_timetable.py
[2024-11-07T01:00:11.282+0000] {processor.py:914} INFO - Processing file /home/airflow/.local/lib/python3.12/site-packages/airflow/example_dags/example_workday_timetable.py for tasks to queue
[2024-11-07T01:00:11.284+0000] {logging_mixin.py:190} INFO - [2024-11-07T01:00:11.283+0000] {dagbag.py:588} INFO - Filling up the DagBag from /home/airflow/.local/lib/python3.12/site-packages/airflow/example_dags/example_workday_timetable.py
[2024-11-07T01:00:11.288+0000] {processor.py:925} INFO - DAG(s) 'example_workday_timetable' retrieved from /home/airflow/.local/lib/python3.12/site-packages/airflow/example_dags/example_workday_timetable.py
[2024-11-07T01:00:11.303+0000] {logging_mixin.py:190} INFO - [2024-11-07T01:00:11.303+0000] {dag.py:3239} INFO - Sync 1 DAGs
[2024-11-07T01:00:11.349+0000] {logging_mixin.py:190} INFO - [2024-11-07T01:00:11.348+0000] {dag.py:4180} INFO - Setting next_dagrun for example_workday_timetable to 2021-01-04 00:00:00+00:00, run_after=2021-01-05 00:00:00+00:00
[2024-11-07T01:00:11.364+0000] {processor.py:208} INFO - Processing /home/airflow/.local/lib/python3.12/site-packages/airflow/example_dags/example_workday_timetable.py took 0.088 seconds
[2024-11-07T01:00:41.440+0000] {processor.py:186} INFO - Started process (PID=1932) to work on /home/airflow/.local/lib/python3.12/site-packages/airflow/example_dags/example_workday_timetable.py
[2024-11-07T01:00:41.441+0000] {processor.py:914} INFO - Processing file /home/airflow/.local/lib/python3.12/site-packages/airflow/example_dags/example_workday_timetable.py for tasks to queue
[2024-11-07T01:00:41.442+0000] {logging_mixin.py:190} INFO - [2024-11-07T01:00:41.442+0000] {dagbag.py:588} INFO - Filling up the DagBag from /home/airflow/.local/lib/python3.12/site-packages/airflow/example_dags/example_workday_timetable.py
[2024-11-07T01:00:41.447+0000] {processor.py:925} INFO - DAG(s) 'example_workday_timetable' retrieved from /home/airflow/.local/lib/python3.12/site-packages/airflow/example_dags/example_workday_timetable.py
[2024-11-07T01:00:41.463+0000] {logging_mixin.py:190} INFO - [2024-11-07T01:00:41.463+0000] {dag.py:3239} INFO - Sync 1 DAGs
[2024-11-07T01:00:41.510+0000] {logging_mixin.py:190} INFO - [2024-11-07T01:00:41.510+0000] {dag.py:4180} INFO - Setting next_dagrun for example_workday_timetable to 2021-01-04 00:00:00+00:00, run_after=2021-01-05 00:00:00+00:00
[2024-11-07T01:00:41.525+0000] {processor.py:208} INFO - Processing /home/airflow/.local/lib/python3.12/site-packages/airflow/example_dags/example_workday_timetable.py took 0.089 seconds
[2024-11-07T01:01:11.705+0000] {processor.py:186} INFO - Started process (PID=1996) to work on /home/airflow/.local/lib/python3.12/site-packages/airflow/example_dags/example_workday_timetable.py
[2024-11-07T01:01:11.706+0000] {processor.py:914} INFO - Processing file /home/airflow/.local/lib/python3.12/site-packages/airflow/example_dags/example_workday_timetable.py for tasks to queue
[2024-11-07T01:01:11.707+0000] {logging_mixin.py:190} INFO - [2024-11-07T01:01:11.707+0000] {dagbag.py:588} INFO - Filling up the DagBag from /home/airflow/.local/lib/python3.12/site-packages/airflow/example_dags/example_workday_timetable.py
[2024-11-07T01:01:11.712+0000] {processor.py:925} INFO - DAG(s) 'example_workday_timetable' retrieved from /home/airflow/.local/lib/python3.12/site-packages/airflow/example_dags/example_workday_timetable.py
[2024-11-07T01:01:11.728+0000] {logging_mixin.py:190} INFO - [2024-11-07T01:01:11.728+0000] {dag.py:3239} INFO - Sync 1 DAGs
[2024-11-07T01:01:11.773+0000] {logging_mixin.py:190} INFO - [2024-11-07T01:01:11.773+0000] {dag.py:4180} INFO - Setting next_dagrun for example_workday_timetable to 2021-01-04 00:00:00+00:00, run_after=2021-01-05 00:00:00+00:00
[2024-11-07T01:01:11.788+0000] {processor.py:208} INFO - Processing /home/airflow/.local/lib/python3.12/site-packages/airflow/example_dags/example_workday_timetable.py took 0.088 seconds
