[2024-11-07T00:29:23.573+0000] {processor.py:186} INFO - Started process (PID=90) to work on /home/airflow/.local/lib/python3.12/site-packages/airflow/example_dags/example_inlet_event_extra.py
[2024-11-07T00:29:23.574+0000] {processor.py:914} INFO - Processing file /home/airflow/.local/lib/python3.12/site-packages/airflow/example_dags/example_inlet_event_extra.py for tasks to queue
[2024-11-07T00:29:23.576+0000] {logging_mixin.py:190} INFO - [2024-11-07T00:29:23.576+0000] {dagbag.py:588} INFO - Filling up the DagBag from /home/airflow/.local/lib/python3.12/site-packages/airflow/example_dags/example_inlet_event_extra.py
[2024-11-07T00:29:24.141+0000] {processor.py:925} INFO - DAG(s) 'read_dataset_event_from_classic', 'read_dataset_event' retrieved from /home/airflow/.local/lib/python3.12/site-packages/airflow/example_dags/example_inlet_event_extra.py
[2024-11-07T00:29:24.229+0000] {logging_mixin.py:190} INFO - [2024-11-07T00:29:24.228+0000] {override.py:1911} INFO - Created Permission View: can delete on DAG:read_dataset_event_from_classic
[2024-11-07T00:29:24.239+0000] {logging_mixin.py:190} INFO - [2024-11-07T00:29:24.238+0000] {override.py:1911} INFO - Created Permission View: can edit on DAG:read_dataset_event_from_classic
[2024-11-07T00:29:24.244+0000] {logging_mixin.py:190} INFO - [2024-11-07T00:29:24.244+0000] {override.py:1911} INFO - Created Permission View: can read on DAG:read_dataset_event_from_classic
[2024-11-07T00:29:24.250+0000] {logging_mixin.py:190} INFO - [2024-11-07T00:29:24.249+0000] {override.py:1911} INFO - Created Permission View: can create on DAG Run:read_dataset_event_from_classic
[2024-11-07T00:29:24.254+0000] {logging_mixin.py:190} INFO - [2024-11-07T00:29:24.254+0000] {override.py:1911} INFO - Created Permission View: can delete on DAG Run:read_dataset_event_from_classic
[2024-11-07T00:29:24.260+0000] {logging_mixin.py:190} INFO - [2024-11-07T00:29:24.259+0000] {override.py:1911} INFO - Created Permission View: menu access on DAG Run:read_dataset_event_from_classic
[2024-11-07T00:29:24.266+0000] {logging_mixin.py:190} INFO - [2024-11-07T00:29:24.265+0000] {override.py:1911} INFO - Created Permission View: can read on DAG Run:read_dataset_event_from_classic
[2024-11-07T00:29:24.275+0000] {logging_mixin.py:190} INFO - [2024-11-07T00:29:24.275+0000] {override.py:1911} INFO - Created Permission View: can delete on DAG:read_dataset_event
[2024-11-07T00:29:24.281+0000] {logging_mixin.py:190} INFO - [2024-11-07T00:29:24.280+0000] {override.py:1911} INFO - Created Permission View: can edit on DAG:read_dataset_event
[2024-11-07T00:29:24.286+0000] {logging_mixin.py:190} INFO - [2024-11-07T00:29:24.286+0000] {override.py:1911} INFO - Created Permission View: can read on DAG:read_dataset_event
[2024-11-07T00:29:24.291+0000] {logging_mixin.py:190} INFO - [2024-11-07T00:29:24.291+0000] {override.py:1911} INFO - Created Permission View: can create on DAG Run:read_dataset_event
[2024-11-07T00:29:24.296+0000] {logging_mixin.py:190} INFO - [2024-11-07T00:29:24.296+0000] {override.py:1911} INFO - Created Permission View: can delete on DAG Run:read_dataset_event
[2024-11-07T00:29:24.302+0000] {logging_mixin.py:190} INFO - [2024-11-07T00:29:24.301+0000] {override.py:1911} INFO - Created Permission View: menu access on DAG Run:read_dataset_event
[2024-11-07T00:29:24.307+0000] {logging_mixin.py:190} INFO - [2024-11-07T00:29:24.306+0000] {override.py:1911} INFO - Created Permission View: can read on DAG Run:read_dataset_event
[2024-11-07T00:29:24.307+0000] {logging_mixin.py:190} INFO - [2024-11-07T00:29:24.307+0000] {dag.py:3239} INFO - Sync 2 DAGs
[2024-11-07T00:29:24.319+0000] {logging_mixin.py:190} INFO - [2024-11-07T00:29:24.318+0000] {dag.py:3262} INFO - Creating ORM DAG for read_dataset_event_from_classic
[2024-11-07T00:29:24.319+0000] {logging_mixin.py:190} INFO - [2024-11-07T00:29:24.319+0000] {dag.py:3262} INFO - Creating ORM DAG for read_dataset_event
[2024-11-07T00:29:24.328+0000] {logging_mixin.py:190} INFO - [2024-11-07T00:29:24.328+0000] {dag.py:4180} INFO - Setting next_dagrun for read_dataset_event to 2024-11-06 00:00:00+00:00, run_after=2024-11-07 00:00:00+00:00
[2024-11-07T00:29:24.329+0000] {logging_mixin.py:190} INFO - [2024-11-07T00:29:24.329+0000] {dag.py:4180} INFO - Setting next_dagrun for read_dataset_event_from_classic to 2024-11-06 00:00:00+00:00, run_after=2024-11-07 00:00:00+00:00
[2024-11-07T00:29:24.344+0000] {processor.py:208} INFO - Processing /home/airflow/.local/lib/python3.12/site-packages/airflow/example_dags/example_inlet_event_extra.py took 0.777 seconds
[2024-11-07T00:29:55.185+0000] {processor.py:186} INFO - Started process (PID=154) to work on /home/airflow/.local/lib/python3.12/site-packages/airflow/example_dags/example_inlet_event_extra.py
[2024-11-07T00:29:55.185+0000] {processor.py:914} INFO - Processing file /home/airflow/.local/lib/python3.12/site-packages/airflow/example_dags/example_inlet_event_extra.py for tasks to queue
[2024-11-07T00:29:55.188+0000] {logging_mixin.py:190} INFO - [2024-11-07T00:29:55.187+0000] {dagbag.py:588} INFO - Filling up the DagBag from /home/airflow/.local/lib/python3.12/site-packages/airflow/example_dags/example_inlet_event_extra.py
[2024-11-07T00:29:56.106+0000] {processor.py:925} INFO - DAG(s) 'read_dataset_event_from_classic', 'read_dataset_event' retrieved from /home/airflow/.local/lib/python3.12/site-packages/airflow/example_dags/example_inlet_event_extra.py
[2024-11-07T00:29:56.126+0000] {logging_mixin.py:190} INFO - [2024-11-07T00:29:56.126+0000] {dag.py:3239} INFO - Sync 2 DAGs
[2024-11-07T00:29:56.151+0000] {logging_mixin.py:190} INFO - [2024-11-07T00:29:56.151+0000] {dag.py:4180} INFO - Setting next_dagrun for read_dataset_event to 2024-11-06 00:00:00+00:00, run_after=2024-11-07 00:00:00+00:00
[2024-11-07T00:29:56.156+0000] {logging_mixin.py:190} INFO - [2024-11-07T00:29:56.156+0000] {dag.py:4180} INFO - Setting next_dagrun for read_dataset_event_from_classic to 2024-11-06 00:00:00+00:00, run_after=2024-11-07 00:00:00+00:00
[2024-11-07T00:29:56.172+0000] {processor.py:208} INFO - Processing /home/airflow/.local/lib/python3.12/site-packages/airflow/example_dags/example_inlet_event_extra.py took 0.994 seconds
[2024-11-07T00:30:26.267+0000] {processor.py:186} INFO - Started process (PID=224) to work on /home/airflow/.local/lib/python3.12/site-packages/airflow/example_dags/example_inlet_event_extra.py
[2024-11-07T00:30:26.268+0000] {processor.py:914} INFO - Processing file /home/airflow/.local/lib/python3.12/site-packages/airflow/example_dags/example_inlet_event_extra.py for tasks to queue
[2024-11-07T00:30:26.269+0000] {logging_mixin.py:190} INFO - [2024-11-07T00:30:26.269+0000] {dagbag.py:588} INFO - Filling up the DagBag from /home/airflow/.local/lib/python3.12/site-packages/airflow/example_dags/example_inlet_event_extra.py
[2024-11-07T00:30:26.853+0000] {processor.py:925} INFO - DAG(s) 'read_dataset_event_from_classic', 'read_dataset_event' retrieved from /home/airflow/.local/lib/python3.12/site-packages/airflow/example_dags/example_inlet_event_extra.py
[2024-11-07T00:30:26.872+0000] {logging_mixin.py:190} INFO - [2024-11-07T00:30:26.872+0000] {dag.py:3239} INFO - Sync 2 DAGs
[2024-11-07T00:30:26.894+0000] {logging_mixin.py:190} INFO - [2024-11-07T00:30:26.894+0000] {dag.py:4180} INFO - Setting next_dagrun for read_dataset_event to 2024-11-06 00:00:00+00:00, run_after=2024-11-07 00:00:00+00:00
[2024-11-07T00:30:26.898+0000] {logging_mixin.py:190} INFO - [2024-11-07T00:30:26.898+0000] {dag.py:4180} INFO - Setting next_dagrun for read_dataset_event_from_classic to 2024-11-06 00:00:00+00:00, run_after=2024-11-07 00:00:00+00:00
[2024-11-07T00:30:26.912+0000] {processor.py:208} INFO - Processing /home/airflow/.local/lib/python3.12/site-packages/airflow/example_dags/example_inlet_event_extra.py took 0.651 seconds
[2024-11-07T00:31:58.046+0000] {processor.py:186} INFO - Started process (PID=273) to work on /home/airflow/.local/lib/python3.12/site-packages/airflow/example_dags/example_inlet_event_extra.py
[2024-11-07T00:31:58.047+0000] {processor.py:914} INFO - Processing file /home/airflow/.local/lib/python3.12/site-packages/airflow/example_dags/example_inlet_event_extra.py for tasks to queue
[2024-11-07T00:31:58.050+0000] {logging_mixin.py:190} INFO - [2024-11-07T00:31:58.050+0000] {dagbag.py:588} INFO - Filling up the DagBag from /home/airflow/.local/lib/python3.12/site-packages/airflow/example_dags/example_inlet_event_extra.py
[2024-11-07T00:31:59.217+0000] {processor.py:925} INFO - DAG(s) 'read_dataset_event', 'read_dataset_event_from_classic' retrieved from /home/airflow/.local/lib/python3.12/site-packages/airflow/example_dags/example_inlet_event_extra.py
[2024-11-07T00:31:59.237+0000] {logging_mixin.py:190} INFO - [2024-11-07T00:31:59.237+0000] {dag.py:3239} INFO - Sync 2 DAGs
[2024-11-07T00:31:59.259+0000] {logging_mixin.py:190} INFO - [2024-11-07T00:31:59.259+0000] {dag.py:4180} INFO - Setting next_dagrun for read_dataset_event to 2024-11-06 00:00:00+00:00, run_after=2024-11-07 00:00:00+00:00
[2024-11-07T00:31:59.264+0000] {logging_mixin.py:190} INFO - [2024-11-07T00:31:59.264+0000] {dag.py:4180} INFO - Setting next_dagrun for read_dataset_event_from_classic to 2024-11-06 00:00:00+00:00, run_after=2024-11-07 00:00:00+00:00
[2024-11-07T00:31:59.279+0000] {processor.py:208} INFO - Processing /home/airflow/.local/lib/python3.12/site-packages/airflow/example_dags/example_inlet_event_extra.py took 1.239 seconds
[2024-11-07T00:32:29.360+0000] {processor.py:186} INFO - Started process (PID=351) to work on /home/airflow/.local/lib/python3.12/site-packages/airflow/example_dags/example_inlet_event_extra.py
[2024-11-07T00:32:29.361+0000] {processor.py:914} INFO - Processing file /home/airflow/.local/lib/python3.12/site-packages/airflow/example_dags/example_inlet_event_extra.py for tasks to queue
[2024-11-07T00:32:29.363+0000] {logging_mixin.py:190} INFO - [2024-11-07T00:32:29.363+0000] {dagbag.py:588} INFO - Filling up the DagBag from /home/airflow/.local/lib/python3.12/site-packages/airflow/example_dags/example_inlet_event_extra.py
[2024-11-07T00:32:29.921+0000] {processor.py:925} INFO - DAG(s) 'read_dataset_event_from_classic', 'read_dataset_event' retrieved from /home/airflow/.local/lib/python3.12/site-packages/airflow/example_dags/example_inlet_event_extra.py
[2024-11-07T00:32:29.946+0000] {logging_mixin.py:190} INFO - [2024-11-07T00:32:29.945+0000] {dag.py:3239} INFO - Sync 2 DAGs
[2024-11-07T00:32:29.974+0000] {logging_mixin.py:190} INFO - [2024-11-07T00:32:29.973+0000] {dag.py:4180} INFO - Setting next_dagrun for read_dataset_event to 2024-11-06 00:00:00+00:00, run_after=2024-11-07 00:00:00+00:00
[2024-11-07T00:32:29.978+0000] {logging_mixin.py:190} INFO - [2024-11-07T00:32:29.978+0000] {dag.py:4180} INFO - Setting next_dagrun for read_dataset_event_from_classic to 2024-11-06 00:00:00+00:00, run_after=2024-11-07 00:00:00+00:00
[2024-11-07T00:32:29.995+0000] {processor.py:208} INFO - Processing /home/airflow/.local/lib/python3.12/site-packages/airflow/example_dags/example_inlet_event_extra.py took 0.641 seconds
[2024-11-07T00:33:00.628+0000] {processor.py:186} INFO - Started process (PID=422) to work on /home/airflow/.local/lib/python3.12/site-packages/airflow/example_dags/example_inlet_event_extra.py
[2024-11-07T00:33:00.629+0000] {processor.py:914} INFO - Processing file /home/airflow/.local/lib/python3.12/site-packages/airflow/example_dags/example_inlet_event_extra.py for tasks to queue
[2024-11-07T00:33:00.631+0000] {logging_mixin.py:190} INFO - [2024-11-07T00:33:00.630+0000] {dagbag.py:588} INFO - Filling up the DagBag from /home/airflow/.local/lib/python3.12/site-packages/airflow/example_dags/example_inlet_event_extra.py
[2024-11-07T00:33:01.137+0000] {processor.py:925} INFO - DAG(s) 'read_dataset_event_from_classic', 'read_dataset_event' retrieved from /home/airflow/.local/lib/python3.12/site-packages/airflow/example_dags/example_inlet_event_extra.py
[2024-11-07T00:33:01.154+0000] {logging_mixin.py:190} INFO - [2024-11-07T00:33:01.154+0000] {dag.py:3239} INFO - Sync 2 DAGs
[2024-11-07T00:33:01.176+0000] {logging_mixin.py:190} INFO - [2024-11-07T00:33:01.176+0000] {dag.py:4180} INFO - Setting next_dagrun for read_dataset_event to 2024-11-06 00:00:00+00:00, run_after=2024-11-07 00:00:00+00:00
[2024-11-07T00:33:01.180+0000] {logging_mixin.py:190} INFO - [2024-11-07T00:33:01.180+0000] {dag.py:4180} INFO - Setting next_dagrun for read_dataset_event_from_classic to 2024-11-06 00:00:00+00:00, run_after=2024-11-07 00:00:00+00:00
[2024-11-07T00:33:01.195+0000] {processor.py:208} INFO - Processing /home/airflow/.local/lib/python3.12/site-packages/airflow/example_dags/example_inlet_event_extra.py took 0.572 seconds
[2024-11-07T00:33:31.703+0000] {processor.py:186} INFO - Started process (PID=489) to work on /home/airflow/.local/lib/python3.12/site-packages/airflow/example_dags/example_inlet_event_extra.py
[2024-11-07T00:33:31.704+0000] {processor.py:914} INFO - Processing file /home/airflow/.local/lib/python3.12/site-packages/airflow/example_dags/example_inlet_event_extra.py for tasks to queue
[2024-11-07T00:33:31.706+0000] {logging_mixin.py:190} INFO - [2024-11-07T00:33:31.705+0000] {dagbag.py:588} INFO - Filling up the DagBag from /home/airflow/.local/lib/python3.12/site-packages/airflow/example_dags/example_inlet_event_extra.py
[2024-11-07T00:33:32.402+0000] {processor.py:925} INFO - DAG(s) 'read_dataset_event', 'read_dataset_event_from_classic' retrieved from /home/airflow/.local/lib/python3.12/site-packages/airflow/example_dags/example_inlet_event_extra.py
[2024-11-07T00:33:32.419+0000] {logging_mixin.py:190} INFO - [2024-11-07T00:33:32.419+0000] {dag.py:3239} INFO - Sync 2 DAGs
[2024-11-07T00:33:32.440+0000] {logging_mixin.py:190} INFO - [2024-11-07T00:33:32.440+0000] {dag.py:4180} INFO - Setting next_dagrun for read_dataset_event to 2024-11-06 00:00:00+00:00, run_after=2024-11-07 00:00:00+00:00
[2024-11-07T00:33:32.444+0000] {logging_mixin.py:190} INFO - [2024-11-07T00:33:32.444+0000] {dag.py:4180} INFO - Setting next_dagrun for read_dataset_event_from_classic to 2024-11-06 00:00:00+00:00, run_after=2024-11-07 00:00:00+00:00
[2024-11-07T00:33:32.457+0000] {processor.py:208} INFO - Processing /home/airflow/.local/lib/python3.12/site-packages/airflow/example_dags/example_inlet_event_extra.py took 0.759 seconds
[2024-11-07T00:34:03.416+0000] {processor.py:186} INFO - Started process (PID=557) to work on /home/airflow/.local/lib/python3.12/site-packages/airflow/example_dags/example_inlet_event_extra.py
[2024-11-07T00:34:03.417+0000] {processor.py:914} INFO - Processing file /home/airflow/.local/lib/python3.12/site-packages/airflow/example_dags/example_inlet_event_extra.py for tasks to queue
[2024-11-07T00:34:03.418+0000] {logging_mixin.py:190} INFO - [2024-11-07T00:34:03.418+0000] {dagbag.py:588} INFO - Filling up the DagBag from /home/airflow/.local/lib/python3.12/site-packages/airflow/example_dags/example_inlet_event_extra.py
[2024-11-07T00:34:03.962+0000] {processor.py:925} INFO - DAG(s) 'read_dataset_event_from_classic', 'read_dataset_event' retrieved from /home/airflow/.local/lib/python3.12/site-packages/airflow/example_dags/example_inlet_event_extra.py
[2024-11-07T00:34:03.979+0000] {logging_mixin.py:190} INFO - [2024-11-07T00:34:03.979+0000] {dag.py:3239} INFO - Sync 2 DAGs
[2024-11-07T00:34:03.999+0000] {logging_mixin.py:190} INFO - [2024-11-07T00:34:03.999+0000] {dag.py:4180} INFO - Setting next_dagrun for read_dataset_event to 2024-11-06 00:00:00+00:00, run_after=2024-11-07 00:00:00+00:00
[2024-11-07T00:34:04.003+0000] {logging_mixin.py:190} INFO - [2024-11-07T00:34:04.003+0000] {dag.py:4180} INFO - Setting next_dagrun for read_dataset_event_from_classic to 2024-11-06 00:00:00+00:00, run_after=2024-11-07 00:00:00+00:00
[2024-11-07T00:34:04.018+0000] {processor.py:208} INFO - Processing /home/airflow/.local/lib/python3.12/site-packages/airflow/example_dags/example_inlet_event_extra.py took 0.607 seconds
[2024-11-07T00:34:35.448+0000] {processor.py:186} INFO - Started process (PID=632) to work on /home/airflow/.local/lib/python3.12/site-packages/airflow/example_dags/example_inlet_event_extra.py
[2024-11-07T00:34:35.449+0000] {processor.py:914} INFO - Processing file /home/airflow/.local/lib/python3.12/site-packages/airflow/example_dags/example_inlet_event_extra.py for tasks to queue
[2024-11-07T00:34:35.450+0000] {logging_mixin.py:190} INFO - [2024-11-07T00:34:35.450+0000] {dagbag.py:588} INFO - Filling up the DagBag from /home/airflow/.local/lib/python3.12/site-packages/airflow/example_dags/example_inlet_event_extra.py
[2024-11-07T00:34:35.973+0000] {processor.py:925} INFO - DAG(s) 'read_dataset_event_from_classic', 'read_dataset_event' retrieved from /home/airflow/.local/lib/python3.12/site-packages/airflow/example_dags/example_inlet_event_extra.py
[2024-11-07T00:34:35.990+0000] {logging_mixin.py:190} INFO - [2024-11-07T00:34:35.990+0000] {dag.py:3239} INFO - Sync 2 DAGs
[2024-11-07T00:34:36.011+0000] {logging_mixin.py:190} INFO - [2024-11-07T00:34:36.010+0000] {dag.py:4180} INFO - Setting next_dagrun for read_dataset_event to 2024-11-06 00:00:00+00:00, run_after=2024-11-07 00:00:00+00:00
[2024-11-07T00:34:36.015+0000] {logging_mixin.py:190} INFO - [2024-11-07T00:34:36.015+0000] {dag.py:4180} INFO - Setting next_dagrun for read_dataset_event_from_classic to 2024-11-06 00:00:00+00:00, run_after=2024-11-07 00:00:00+00:00
[2024-11-07T00:34:36.029+0000] {processor.py:208} INFO - Processing /home/airflow/.local/lib/python3.12/site-packages/airflow/example_dags/example_inlet_event_extra.py took 0.586 seconds
[2024-11-07T00:35:07.035+0000] {processor.py:186} INFO - Started process (PID=707) to work on /home/airflow/.local/lib/python3.12/site-packages/airflow/example_dags/example_inlet_event_extra.py
[2024-11-07T00:35:07.036+0000] {processor.py:914} INFO - Processing file /home/airflow/.local/lib/python3.12/site-packages/airflow/example_dags/example_inlet_event_extra.py for tasks to queue
[2024-11-07T00:35:07.038+0000] {logging_mixin.py:190} INFO - [2024-11-07T00:35:07.038+0000] {dagbag.py:588} INFO - Filling up the DagBag from /home/airflow/.local/lib/python3.12/site-packages/airflow/example_dags/example_inlet_event_extra.py
[2024-11-07T00:35:07.533+0000] {processor.py:925} INFO - DAG(s) 'read_dataset_event_from_classic', 'read_dataset_event' retrieved from /home/airflow/.local/lib/python3.12/site-packages/airflow/example_dags/example_inlet_event_extra.py
[2024-11-07T00:35:07.551+0000] {logging_mixin.py:190} INFO - [2024-11-07T00:35:07.550+0000] {dag.py:3239} INFO - Sync 2 DAGs
[2024-11-07T00:35:07.571+0000] {logging_mixin.py:190} INFO - [2024-11-07T00:35:07.571+0000] {dag.py:4180} INFO - Setting next_dagrun for read_dataset_event to 2024-11-06 00:00:00+00:00, run_after=2024-11-07 00:00:00+00:00
[2024-11-07T00:35:07.575+0000] {logging_mixin.py:190} INFO - [2024-11-07T00:35:07.575+0000] {dag.py:4180} INFO - Setting next_dagrun for read_dataset_event_from_classic to 2024-11-06 00:00:00+00:00, run_after=2024-11-07 00:00:00+00:00
[2024-11-07T00:35:07.588+0000] {processor.py:208} INFO - Processing /home/airflow/.local/lib/python3.12/site-packages/airflow/example_dags/example_inlet_event_extra.py took 0.558 seconds
[2024-11-07T00:35:38.501+0000] {processor.py:186} INFO - Started process (PID=770) to work on /home/airflow/.local/lib/python3.12/site-packages/airflow/example_dags/example_inlet_event_extra.py
[2024-11-07T00:35:38.512+0000] {processor.py:914} INFO - Processing file /home/airflow/.local/lib/python3.12/site-packages/airflow/example_dags/example_inlet_event_extra.py for tasks to queue
[2024-11-07T00:35:38.514+0000] {logging_mixin.py:190} INFO - [2024-11-07T00:35:38.513+0000] {dagbag.py:588} INFO - Filling up the DagBag from /home/airflow/.local/lib/python3.12/site-packages/airflow/example_dags/example_inlet_event_extra.py
[2024-11-07T00:35:39.013+0000] {processor.py:925} INFO - DAG(s) 'read_dataset_event', 'read_dataset_event_from_classic' retrieved from /home/airflow/.local/lib/python3.12/site-packages/airflow/example_dags/example_inlet_event_extra.py
[2024-11-07T00:35:39.031+0000] {logging_mixin.py:190} INFO - [2024-11-07T00:35:39.031+0000] {dag.py:3239} INFO - Sync 2 DAGs
[2024-11-07T00:35:39.051+0000] {logging_mixin.py:190} INFO - [2024-11-07T00:35:39.050+0000] {dag.py:4180} INFO - Setting next_dagrun for read_dataset_event to 2024-11-06 00:00:00+00:00, run_after=2024-11-07 00:00:00+00:00
[2024-11-07T00:35:39.055+0000] {logging_mixin.py:190} INFO - [2024-11-07T00:35:39.055+0000] {dag.py:4180} INFO - Setting next_dagrun for read_dataset_event_from_classic to 2024-11-06 00:00:00+00:00, run_after=2024-11-07 00:00:00+00:00
[2024-11-07T00:35:39.068+0000] {processor.py:208} INFO - Processing /home/airflow/.local/lib/python3.12/site-packages/airflow/example_dags/example_inlet_event_extra.py took 0.572 seconds
[2024-11-07T00:36:09.654+0000] {processor.py:186} INFO - Started process (PID=827) to work on /home/airflow/.local/lib/python3.12/site-packages/airflow/example_dags/example_inlet_event_extra.py
[2024-11-07T00:36:09.665+0000] {processor.py:914} INFO - Processing file /home/airflow/.local/lib/python3.12/site-packages/airflow/example_dags/example_inlet_event_extra.py for tasks to queue
[2024-11-07T00:36:09.667+0000] {logging_mixin.py:190} INFO - [2024-11-07T00:36:09.667+0000] {dagbag.py:588} INFO - Filling up the DagBag from /home/airflow/.local/lib/python3.12/site-packages/airflow/example_dags/example_inlet_event_extra.py
[2024-11-07T00:36:10.158+0000] {processor.py:925} INFO - DAG(s) 'read_dataset_event_from_classic', 'read_dataset_event' retrieved from /home/airflow/.local/lib/python3.12/site-packages/airflow/example_dags/example_inlet_event_extra.py
[2024-11-07T00:36:10.173+0000] {logging_mixin.py:190} INFO - [2024-11-07T00:36:10.173+0000] {dag.py:3239} INFO - Sync 2 DAGs
[2024-11-07T00:36:10.194+0000] {logging_mixin.py:190} INFO - [2024-11-07T00:36:10.194+0000] {dag.py:4180} INFO - Setting next_dagrun for read_dataset_event to 2024-11-06 00:00:00+00:00, run_after=2024-11-07 00:00:00+00:00
[2024-11-07T00:36:10.198+0000] {logging_mixin.py:190} INFO - [2024-11-07T00:36:10.198+0000] {dag.py:4180} INFO - Setting next_dagrun for read_dataset_event_from_classic to 2024-11-06 00:00:00+00:00, run_after=2024-11-07 00:00:00+00:00
[2024-11-07T00:36:10.222+0000] {processor.py:208} INFO - Processing /home/airflow/.local/lib/python3.12/site-packages/airflow/example_dags/example_inlet_event_extra.py took 0.573 seconds
[2024-11-07T00:38:40.424+0000] {processor.py:186} INFO - Started process (PID=84) to work on /home/airflow/.local/lib/python3.12/site-packages/airflow/example_dags/example_inlet_event_extra.py
[2024-11-07T00:38:40.425+0000] {processor.py:914} INFO - Processing file /home/airflow/.local/lib/python3.12/site-packages/airflow/example_dags/example_inlet_event_extra.py for tasks to queue
[2024-11-07T00:38:40.427+0000] {logging_mixin.py:190} INFO - [2024-11-07T00:38:40.427+0000] {dagbag.py:588} INFO - Filling up the DagBag from /home/airflow/.local/lib/python3.12/site-packages/airflow/example_dags/example_inlet_event_extra.py
[2024-11-07T00:38:40.898+0000] {processor.py:925} INFO - DAG(s) 'read_dataset_event_from_classic', 'read_dataset_event' retrieved from /home/airflow/.local/lib/python3.12/site-packages/airflow/example_dags/example_inlet_event_extra.py
[2024-11-07T00:38:40.914+0000] {logging_mixin.py:190} INFO - [2024-11-07T00:38:40.914+0000] {dag.py:3239} INFO - Sync 2 DAGs
[2024-11-07T00:38:40.936+0000] {logging_mixin.py:190} INFO - [2024-11-07T00:38:40.936+0000] {dag.py:4180} INFO - Setting next_dagrun for read_dataset_event to 2024-11-06 00:00:00+00:00, run_after=2024-11-07 00:00:00+00:00
[2024-11-07T00:38:40.941+0000] {logging_mixin.py:190} INFO - [2024-11-07T00:38:40.941+0000] {dag.py:4180} INFO - Setting next_dagrun for read_dataset_event_from_classic to 2024-11-06 00:00:00+00:00, run_after=2024-11-07 00:00:00+00:00
[2024-11-07T00:38:40.956+0000] {processor.py:208} INFO - Processing /home/airflow/.local/lib/python3.12/site-packages/airflow/example_dags/example_inlet_event_extra.py took 0.536 seconds
[2024-11-07T00:39:11.140+0000] {processor.py:186} INFO - Started process (PID=147) to work on /home/airflow/.local/lib/python3.12/site-packages/airflow/example_dags/example_inlet_event_extra.py
[2024-11-07T00:39:11.141+0000] {processor.py:914} INFO - Processing file /home/airflow/.local/lib/python3.12/site-packages/airflow/example_dags/example_inlet_event_extra.py for tasks to queue
[2024-11-07T00:39:11.143+0000] {logging_mixin.py:190} INFO - [2024-11-07T00:39:11.143+0000] {dagbag.py:588} INFO - Filling up the DagBag from /home/airflow/.local/lib/python3.12/site-packages/airflow/example_dags/example_inlet_event_extra.py
[2024-11-07T00:39:11.632+0000] {processor.py:925} INFO - DAG(s) 'read_dataset_event_from_classic', 'read_dataset_event' retrieved from /home/airflow/.local/lib/python3.12/site-packages/airflow/example_dags/example_inlet_event_extra.py
[2024-11-07T00:39:11.649+0000] {logging_mixin.py:190} INFO - [2024-11-07T00:39:11.648+0000] {dag.py:3239} INFO - Sync 2 DAGs
[2024-11-07T00:39:11.670+0000] {logging_mixin.py:190} INFO - [2024-11-07T00:39:11.669+0000] {dag.py:4180} INFO - Setting next_dagrun for read_dataset_event to 2024-11-06 00:00:00+00:00, run_after=2024-11-07 00:00:00+00:00
[2024-11-07T00:39:11.674+0000] {logging_mixin.py:190} INFO - [2024-11-07T00:39:11.674+0000] {dag.py:4180} INFO - Setting next_dagrun for read_dataset_event_from_classic to 2024-11-06 00:00:00+00:00, run_after=2024-11-07 00:00:00+00:00
[2024-11-07T00:39:11.689+0000] {processor.py:208} INFO - Processing /home/airflow/.local/lib/python3.12/site-packages/airflow/example_dags/example_inlet_event_extra.py took 0.554 seconds
[2024-11-07T00:39:42.422+0000] {processor.py:186} INFO - Started process (PID=210) to work on /home/airflow/.local/lib/python3.12/site-packages/airflow/example_dags/example_inlet_event_extra.py
[2024-11-07T00:39:42.423+0000] {processor.py:914} INFO - Processing file /home/airflow/.local/lib/python3.12/site-packages/airflow/example_dags/example_inlet_event_extra.py for tasks to queue
[2024-11-07T00:39:42.424+0000] {logging_mixin.py:190} INFO - [2024-11-07T00:39:42.424+0000] {dagbag.py:588} INFO - Filling up the DagBag from /home/airflow/.local/lib/python3.12/site-packages/airflow/example_dags/example_inlet_event_extra.py
[2024-11-07T00:39:42.961+0000] {processor.py:925} INFO - DAG(s) 'read_dataset_event_from_classic', 'read_dataset_event' retrieved from /home/airflow/.local/lib/python3.12/site-packages/airflow/example_dags/example_inlet_event_extra.py
[2024-11-07T00:39:42.979+0000] {logging_mixin.py:190} INFO - [2024-11-07T00:39:42.979+0000] {dag.py:3239} INFO - Sync 2 DAGs
[2024-11-07T00:39:42.999+0000] {logging_mixin.py:190} INFO - [2024-11-07T00:39:42.999+0000] {dag.py:4180} INFO - Setting next_dagrun for read_dataset_event to 2024-11-06 00:00:00+00:00, run_after=2024-11-07 00:00:00+00:00
[2024-11-07T00:39:43.004+0000] {logging_mixin.py:190} INFO - [2024-11-07T00:39:43.003+0000] {dag.py:4180} INFO - Setting next_dagrun for read_dataset_event_from_classic to 2024-11-06 00:00:00+00:00, run_after=2024-11-07 00:00:00+00:00
[2024-11-07T00:39:43.018+0000] {processor.py:208} INFO - Processing /home/airflow/.local/lib/python3.12/site-packages/airflow/example_dags/example_inlet_event_extra.py took 0.601 seconds
[2024-11-07T00:40:13.916+0000] {processor.py:186} INFO - Started process (PID=273) to work on /home/airflow/.local/lib/python3.12/site-packages/airflow/example_dags/example_inlet_event_extra.py
[2024-11-07T00:40:13.917+0000] {processor.py:914} INFO - Processing file /home/airflow/.local/lib/python3.12/site-packages/airflow/example_dags/example_inlet_event_extra.py for tasks to queue
[2024-11-07T00:40:13.918+0000] {logging_mixin.py:190} INFO - [2024-11-07T00:40:13.918+0000] {dagbag.py:588} INFO - Filling up the DagBag from /home/airflow/.local/lib/python3.12/site-packages/airflow/example_dags/example_inlet_event_extra.py
[2024-11-07T00:40:14.399+0000] {processor.py:925} INFO - DAG(s) 'read_dataset_event', 'read_dataset_event_from_classic' retrieved from /home/airflow/.local/lib/python3.12/site-packages/airflow/example_dags/example_inlet_event_extra.py
[2024-11-07T00:40:14.416+0000] {logging_mixin.py:190} INFO - [2024-11-07T00:40:14.416+0000] {dag.py:3239} INFO - Sync 2 DAGs
[2024-11-07T00:40:14.438+0000] {logging_mixin.py:190} INFO - [2024-11-07T00:40:14.437+0000] {dag.py:4180} INFO - Setting next_dagrun for read_dataset_event to 2024-11-06 00:00:00+00:00, run_after=2024-11-07 00:00:00+00:00
[2024-11-07T00:40:14.442+0000] {logging_mixin.py:190} INFO - [2024-11-07T00:40:14.442+0000] {dag.py:4180} INFO - Setting next_dagrun for read_dataset_event_from_classic to 2024-11-06 00:00:00+00:00, run_after=2024-11-07 00:00:00+00:00
[2024-11-07T00:40:14.455+0000] {processor.py:208} INFO - Processing /home/airflow/.local/lib/python3.12/site-packages/airflow/example_dags/example_inlet_event_extra.py took 0.544 seconds
[2024-11-07T00:40:44.935+0000] {processor.py:186} INFO - Started process (PID=337) to work on /home/airflow/.local/lib/python3.12/site-packages/airflow/example_dags/example_inlet_event_extra.py
[2024-11-07T00:40:44.935+0000] {processor.py:914} INFO - Processing file /home/airflow/.local/lib/python3.12/site-packages/airflow/example_dags/example_inlet_event_extra.py for tasks to queue
[2024-11-07T00:40:44.937+0000] {logging_mixin.py:190} INFO - [2024-11-07T00:40:44.937+0000] {dagbag.py:588} INFO - Filling up the DagBag from /home/airflow/.local/lib/python3.12/site-packages/airflow/example_dags/example_inlet_event_extra.py
[2024-11-07T00:40:45.466+0000] {processor.py:925} INFO - DAG(s) 'read_dataset_event_from_classic', 'read_dataset_event' retrieved from /home/airflow/.local/lib/python3.12/site-packages/airflow/example_dags/example_inlet_event_extra.py
[2024-11-07T00:40:45.484+0000] {logging_mixin.py:190} INFO - [2024-11-07T00:40:45.483+0000] {dag.py:3239} INFO - Sync 2 DAGs
[2024-11-07T00:40:45.504+0000] {logging_mixin.py:190} INFO - [2024-11-07T00:40:45.504+0000] {dag.py:4180} INFO - Setting next_dagrun for read_dataset_event to 2024-11-06 00:00:00+00:00, run_after=2024-11-07 00:00:00+00:00
[2024-11-07T00:40:45.508+0000] {logging_mixin.py:190} INFO - [2024-11-07T00:40:45.508+0000] {dag.py:4180} INFO - Setting next_dagrun for read_dataset_event_from_classic to 2024-11-06 00:00:00+00:00, run_after=2024-11-07 00:00:00+00:00
[2024-11-07T00:40:45.522+0000] {processor.py:208} INFO - Processing /home/airflow/.local/lib/python3.12/site-packages/airflow/example_dags/example_inlet_event_extra.py took 0.592 seconds
[2024-11-07T00:41:16.237+0000] {processor.py:186} INFO - Started process (PID=403) to work on /home/airflow/.local/lib/python3.12/site-packages/airflow/example_dags/example_inlet_event_extra.py
[2024-11-07T00:41:16.238+0000] {processor.py:914} INFO - Processing file /home/airflow/.local/lib/python3.12/site-packages/airflow/example_dags/example_inlet_event_extra.py for tasks to queue
[2024-11-07T00:41:16.240+0000] {logging_mixin.py:190} INFO - [2024-11-07T00:41:16.240+0000] {dagbag.py:588} INFO - Filling up the DagBag from /home/airflow/.local/lib/python3.12/site-packages/airflow/example_dags/example_inlet_event_extra.py
[2024-11-07T00:41:16.712+0000] {processor.py:925} INFO - DAG(s) 'read_dataset_event_from_classic', 'read_dataset_event' retrieved from /home/airflow/.local/lib/python3.12/site-packages/airflow/example_dags/example_inlet_event_extra.py
[2024-11-07T00:41:16.728+0000] {logging_mixin.py:190} INFO - [2024-11-07T00:41:16.728+0000] {dag.py:3239} INFO - Sync 2 DAGs
[2024-11-07T00:41:16.750+0000] {logging_mixin.py:190} INFO - [2024-11-07T00:41:16.750+0000] {dag.py:4180} INFO - Setting next_dagrun for read_dataset_event to 2024-11-06 00:00:00+00:00, run_after=2024-11-07 00:00:00+00:00
[2024-11-07T00:41:16.754+0000] {logging_mixin.py:190} INFO - [2024-11-07T00:41:16.754+0000] {dag.py:4180} INFO - Setting next_dagrun for read_dataset_event_from_classic to 2024-11-06 00:00:00+00:00, run_after=2024-11-07 00:00:00+00:00
[2024-11-07T00:41:16.769+0000] {processor.py:208} INFO - Processing /home/airflow/.local/lib/python3.12/site-packages/airflow/example_dags/example_inlet_event_extra.py took 0.536 seconds
[2024-11-07T00:41:47.121+0000] {processor.py:186} INFO - Started process (PID=470) to work on /home/airflow/.local/lib/python3.12/site-packages/airflow/example_dags/example_inlet_event_extra.py
[2024-11-07T00:41:47.122+0000] {processor.py:914} INFO - Processing file /home/airflow/.local/lib/python3.12/site-packages/airflow/example_dags/example_inlet_event_extra.py for tasks to queue
[2024-11-07T00:41:47.123+0000] {logging_mixin.py:190} INFO - [2024-11-07T00:41:47.123+0000] {dagbag.py:588} INFO - Filling up the DagBag from /home/airflow/.local/lib/python3.12/site-packages/airflow/example_dags/example_inlet_event_extra.py
[2024-11-07T00:41:47.603+0000] {processor.py:925} INFO - DAG(s) 'read_dataset_event', 'read_dataset_event_from_classic' retrieved from /home/airflow/.local/lib/python3.12/site-packages/airflow/example_dags/example_inlet_event_extra.py
[2024-11-07T00:41:47.620+0000] {logging_mixin.py:190} INFO - [2024-11-07T00:41:47.619+0000] {dag.py:3239} INFO - Sync 2 DAGs
[2024-11-07T00:41:47.639+0000] {logging_mixin.py:190} INFO - [2024-11-07T00:41:47.639+0000] {dag.py:4180} INFO - Setting next_dagrun for read_dataset_event to 2024-11-06 00:00:00+00:00, run_after=2024-11-07 00:00:00+00:00
[2024-11-07T00:41:47.643+0000] {logging_mixin.py:190} INFO - [2024-11-07T00:41:47.643+0000] {dag.py:4180} INFO - Setting next_dagrun for read_dataset_event_from_classic to 2024-11-06 00:00:00+00:00, run_after=2024-11-07 00:00:00+00:00
[2024-11-07T00:41:47.656+0000] {processor.py:208} INFO - Processing /home/airflow/.local/lib/python3.12/site-packages/airflow/example_dags/example_inlet_event_extra.py took 0.540 seconds
[2024-11-07T00:42:18.218+0000] {processor.py:186} INFO - Started process (PID=539) to work on /home/airflow/.local/lib/python3.12/site-packages/airflow/example_dags/example_inlet_event_extra.py
[2024-11-07T00:42:18.219+0000] {processor.py:914} INFO - Processing file /home/airflow/.local/lib/python3.12/site-packages/airflow/example_dags/example_inlet_event_extra.py for tasks to queue
[2024-11-07T00:42:18.221+0000] {logging_mixin.py:190} INFO - [2024-11-07T00:42:18.221+0000] {dagbag.py:588} INFO - Filling up the DagBag from /home/airflow/.local/lib/python3.12/site-packages/airflow/example_dags/example_inlet_event_extra.py
[2024-11-07T00:42:18.715+0000] {processor.py:925} INFO - DAG(s) 'read_dataset_event', 'read_dataset_event_from_classic' retrieved from /home/airflow/.local/lib/python3.12/site-packages/airflow/example_dags/example_inlet_event_extra.py
[2024-11-07T00:42:18.734+0000] {logging_mixin.py:190} INFO - [2024-11-07T00:42:18.734+0000] {dag.py:3239} INFO - Sync 2 DAGs
[2024-11-07T00:42:18.756+0000] {logging_mixin.py:190} INFO - [2024-11-07T00:42:18.756+0000] {dag.py:4180} INFO - Setting next_dagrun for read_dataset_event to 2024-11-06 00:00:00+00:00, run_after=2024-11-07 00:00:00+00:00
[2024-11-07T00:42:18.760+0000] {logging_mixin.py:190} INFO - [2024-11-07T00:42:18.760+0000] {dag.py:4180} INFO - Setting next_dagrun for read_dataset_event_from_classic to 2024-11-06 00:00:00+00:00, run_after=2024-11-07 00:00:00+00:00
[2024-11-07T00:42:18.785+0000] {processor.py:208} INFO - Processing /home/airflow/.local/lib/python3.12/site-packages/airflow/example_dags/example_inlet_event_extra.py took 0.572 seconds
[2024-11-07T00:42:48.908+0000] {processor.py:186} INFO - Started process (PID=602) to work on /home/airflow/.local/lib/python3.12/site-packages/airflow/example_dags/example_inlet_event_extra.py
[2024-11-07T00:42:48.909+0000] {processor.py:914} INFO - Processing file /home/airflow/.local/lib/python3.12/site-packages/airflow/example_dags/example_inlet_event_extra.py for tasks to queue
[2024-11-07T00:42:48.911+0000] {logging_mixin.py:190} INFO - [2024-11-07T00:42:48.911+0000] {dagbag.py:588} INFO - Filling up the DagBag from /home/airflow/.local/lib/python3.12/site-packages/airflow/example_dags/example_inlet_event_extra.py
[2024-11-07T00:42:49.385+0000] {processor.py:925} INFO - DAG(s) 'read_dataset_event_from_classic', 'read_dataset_event' retrieved from /home/airflow/.local/lib/python3.12/site-packages/airflow/example_dags/example_inlet_event_extra.py
[2024-11-07T00:42:49.402+0000] {logging_mixin.py:190} INFO - [2024-11-07T00:42:49.402+0000] {dag.py:3239} INFO - Sync 2 DAGs
[2024-11-07T00:42:49.421+0000] {logging_mixin.py:190} INFO - [2024-11-07T00:42:49.421+0000] {dag.py:4180} INFO - Setting next_dagrun for read_dataset_event to 2024-11-06 00:00:00+00:00, run_after=2024-11-07 00:00:00+00:00
[2024-11-07T00:42:49.425+0000] {logging_mixin.py:190} INFO - [2024-11-07T00:42:49.424+0000] {dag.py:4180} INFO - Setting next_dagrun for read_dataset_event_from_classic to 2024-11-06 00:00:00+00:00, run_after=2024-11-07 00:00:00+00:00
[2024-11-07T00:42:49.448+0000] {processor.py:208} INFO - Processing /home/airflow/.local/lib/python3.12/site-packages/airflow/example_dags/example_inlet_event_extra.py took 0.544 seconds
[2024-11-07T00:43:19.995+0000] {processor.py:186} INFO - Started process (PID=654) to work on /home/airflow/.local/lib/python3.12/site-packages/airflow/example_dags/example_inlet_event_extra.py
[2024-11-07T00:43:19.996+0000] {processor.py:914} INFO - Processing file /home/airflow/.local/lib/python3.12/site-packages/airflow/example_dags/example_inlet_event_extra.py for tasks to queue
[2024-11-07T00:43:19.998+0000] {logging_mixin.py:190} INFO - [2024-11-07T00:43:19.997+0000] {dagbag.py:588} INFO - Filling up the DagBag from /home/airflow/.local/lib/python3.12/site-packages/airflow/example_dags/example_inlet_event_extra.py
[2024-11-07T00:43:20.515+0000] {processor.py:925} INFO - DAG(s) 'read_dataset_event', 'read_dataset_event_from_classic' retrieved from /home/airflow/.local/lib/python3.12/site-packages/airflow/example_dags/example_inlet_event_extra.py
[2024-11-07T00:43:20.534+0000] {logging_mixin.py:190} INFO - [2024-11-07T00:43:20.534+0000] {dag.py:3239} INFO - Sync 2 DAGs
[2024-11-07T00:43:20.558+0000] {logging_mixin.py:190} INFO - [2024-11-07T00:43:20.557+0000] {dag.py:4180} INFO - Setting next_dagrun for read_dataset_event to 2024-11-06 00:00:00+00:00, run_after=2024-11-07 00:00:00+00:00
[2024-11-07T00:43:20.562+0000] {logging_mixin.py:190} INFO - [2024-11-07T00:43:20.562+0000] {dag.py:4180} INFO - Setting next_dagrun for read_dataset_event_from_classic to 2024-11-06 00:00:00+00:00, run_after=2024-11-07 00:00:00+00:00
[2024-11-07T00:43:20.575+0000] {processor.py:208} INFO - Processing /home/airflow/.local/lib/python3.12/site-packages/airflow/example_dags/example_inlet_event_extra.py took 0.585 seconds
[2024-11-07T00:43:51.193+0000] {processor.py:186} INFO - Started process (PID=723) to work on /home/airflow/.local/lib/python3.12/site-packages/airflow/example_dags/example_inlet_event_extra.py
[2024-11-07T00:43:51.194+0000] {processor.py:914} INFO - Processing file /home/airflow/.local/lib/python3.12/site-packages/airflow/example_dags/example_inlet_event_extra.py for tasks to queue
[2024-11-07T00:43:51.197+0000] {logging_mixin.py:190} INFO - [2024-11-07T00:43:51.196+0000] {dagbag.py:588} INFO - Filling up the DagBag from /home/airflow/.local/lib/python3.12/site-packages/airflow/example_dags/example_inlet_event_extra.py
[2024-11-07T00:43:51.707+0000] {processor.py:925} INFO - DAG(s) 'read_dataset_event', 'read_dataset_event_from_classic' retrieved from /home/airflow/.local/lib/python3.12/site-packages/airflow/example_dags/example_inlet_event_extra.py
[2024-11-07T00:43:51.725+0000] {logging_mixin.py:190} INFO - [2024-11-07T00:43:51.725+0000] {dag.py:3239} INFO - Sync 2 DAGs
[2024-11-07T00:43:51.748+0000] {logging_mixin.py:190} INFO - [2024-11-07T00:43:51.747+0000] {dag.py:4180} INFO - Setting next_dagrun for read_dataset_event to 2024-11-06 00:00:00+00:00, run_after=2024-11-07 00:00:00+00:00
[2024-11-07T00:43:51.752+0000] {logging_mixin.py:190} INFO - [2024-11-07T00:43:51.752+0000] {dag.py:4180} INFO - Setting next_dagrun for read_dataset_event_from_classic to 2024-11-06 00:00:00+00:00, run_after=2024-11-07 00:00:00+00:00
[2024-11-07T00:43:51.777+0000] {processor.py:208} INFO - Processing /home/airflow/.local/lib/python3.12/site-packages/airflow/example_dags/example_inlet_event_extra.py took 0.589 seconds
[2024-11-07T00:44:22.476+0000] {processor.py:186} INFO - Started process (PID=788) to work on /home/airflow/.local/lib/python3.12/site-packages/airflow/example_dags/example_inlet_event_extra.py
[2024-11-07T00:44:22.477+0000] {processor.py:914} INFO - Processing file /home/airflow/.local/lib/python3.12/site-packages/airflow/example_dags/example_inlet_event_extra.py for tasks to queue
[2024-11-07T00:44:22.479+0000] {logging_mixin.py:190} INFO - [2024-11-07T00:44:22.478+0000] {dagbag.py:588} INFO - Filling up the DagBag from /home/airflow/.local/lib/python3.12/site-packages/airflow/example_dags/example_inlet_event_extra.py
[2024-11-07T00:44:22.980+0000] {processor.py:925} INFO - DAG(s) 'read_dataset_event_from_classic', 'read_dataset_event' retrieved from /home/airflow/.local/lib/python3.12/site-packages/airflow/example_dags/example_inlet_event_extra.py
[2024-11-07T00:44:22.997+0000] {logging_mixin.py:190} INFO - [2024-11-07T00:44:22.996+0000] {dag.py:3239} INFO - Sync 2 DAGs
[2024-11-07T00:44:23.018+0000] {logging_mixin.py:190} INFO - [2024-11-07T00:44:23.018+0000] {dag.py:4180} INFO - Setting next_dagrun for read_dataset_event to 2024-11-06 00:00:00+00:00, run_after=2024-11-07 00:00:00+00:00
[2024-11-07T00:44:23.022+0000] {logging_mixin.py:190} INFO - [2024-11-07T00:44:23.022+0000] {dag.py:4180} INFO - Setting next_dagrun for read_dataset_event_from_classic to 2024-11-06 00:00:00+00:00, run_after=2024-11-07 00:00:00+00:00
[2024-11-07T00:44:23.049+0000] {processor.py:208} INFO - Processing /home/airflow/.local/lib/python3.12/site-packages/airflow/example_dags/example_inlet_event_extra.py took 0.577 seconds
[2024-11-07T00:44:53.343+0000] {processor.py:186} INFO - Started process (PID=849) to work on /home/airflow/.local/lib/python3.12/site-packages/airflow/example_dags/example_inlet_event_extra.py
[2024-11-07T00:44:53.343+0000] {processor.py:914} INFO - Processing file /home/airflow/.local/lib/python3.12/site-packages/airflow/example_dags/example_inlet_event_extra.py for tasks to queue
[2024-11-07T00:44:53.345+0000] {logging_mixin.py:190} INFO - [2024-11-07T00:44:53.345+0000] {dagbag.py:588} INFO - Filling up the DagBag from /home/airflow/.local/lib/python3.12/site-packages/airflow/example_dags/example_inlet_event_extra.py
[2024-11-07T00:44:53.838+0000] {processor.py:925} INFO - DAG(s) 'read_dataset_event_from_classic', 'read_dataset_event' retrieved from /home/airflow/.local/lib/python3.12/site-packages/airflow/example_dags/example_inlet_event_extra.py
[2024-11-07T00:44:53.855+0000] {logging_mixin.py:190} INFO - [2024-11-07T00:44:53.854+0000] {dag.py:3239} INFO - Sync 2 DAGs
[2024-11-07T00:44:53.875+0000] {logging_mixin.py:190} INFO - [2024-11-07T00:44:53.875+0000] {dag.py:4180} INFO - Setting next_dagrun for read_dataset_event to 2024-11-06 00:00:00+00:00, run_after=2024-11-07 00:00:00+00:00
[2024-11-07T00:44:53.880+0000] {logging_mixin.py:190} INFO - [2024-11-07T00:44:53.880+0000] {dag.py:4180} INFO - Setting next_dagrun for read_dataset_event_from_classic to 2024-11-06 00:00:00+00:00, run_after=2024-11-07 00:00:00+00:00
[2024-11-07T00:44:53.894+0000] {processor.py:208} INFO - Processing /home/airflow/.local/lib/python3.12/site-packages/airflow/example_dags/example_inlet_event_extra.py took 0.556 seconds
[2024-11-07T00:45:24.611+0000] {processor.py:186} INFO - Started process (PID=919) to work on /home/airflow/.local/lib/python3.12/site-packages/airflow/example_dags/example_inlet_event_extra.py
[2024-11-07T00:45:24.611+0000] {processor.py:914} INFO - Processing file /home/airflow/.local/lib/python3.12/site-packages/airflow/example_dags/example_inlet_event_extra.py for tasks to queue
[2024-11-07T00:45:24.613+0000] {logging_mixin.py:190} INFO - [2024-11-07T00:45:24.613+0000] {dagbag.py:588} INFO - Filling up the DagBag from /home/airflow/.local/lib/python3.12/site-packages/airflow/example_dags/example_inlet_event_extra.py
[2024-11-07T00:45:25.087+0000] {processor.py:925} INFO - DAG(s) 'read_dataset_event', 'read_dataset_event_from_classic' retrieved from /home/airflow/.local/lib/python3.12/site-packages/airflow/example_dags/example_inlet_event_extra.py
[2024-11-07T00:45:25.105+0000] {logging_mixin.py:190} INFO - [2024-11-07T00:45:25.105+0000] {dag.py:3239} INFO - Sync 2 DAGs
[2024-11-07T00:45:25.127+0000] {logging_mixin.py:190} INFO - [2024-11-07T00:45:25.127+0000] {dag.py:4180} INFO - Setting next_dagrun for read_dataset_event to 2024-11-06 00:00:00+00:00, run_after=2024-11-07 00:00:00+00:00
[2024-11-07T00:45:25.132+0000] {logging_mixin.py:190} INFO - [2024-11-07T00:45:25.132+0000] {dag.py:4180} INFO - Setting next_dagrun for read_dataset_event_from_classic to 2024-11-06 00:00:00+00:00, run_after=2024-11-07 00:00:00+00:00
[2024-11-07T00:45:25.147+0000] {processor.py:208} INFO - Processing /home/airflow/.local/lib/python3.12/site-packages/airflow/example_dags/example_inlet_event_extra.py took 0.540 seconds
[2024-11-07T00:45:55.790+0000] {processor.py:186} INFO - Started process (PID=983) to work on /home/airflow/.local/lib/python3.12/site-packages/airflow/example_dags/example_inlet_event_extra.py
[2024-11-07T00:45:55.791+0000] {processor.py:914} INFO - Processing file /home/airflow/.local/lib/python3.12/site-packages/airflow/example_dags/example_inlet_event_extra.py for tasks to queue
[2024-11-07T00:45:55.793+0000] {logging_mixin.py:190} INFO - [2024-11-07T00:45:55.793+0000] {dagbag.py:588} INFO - Filling up the DagBag from /home/airflow/.local/lib/python3.12/site-packages/airflow/example_dags/example_inlet_event_extra.py
[2024-11-07T00:45:56.257+0000] {processor.py:925} INFO - DAG(s) 'read_dataset_event_from_classic', 'read_dataset_event' retrieved from /home/airflow/.local/lib/python3.12/site-packages/airflow/example_dags/example_inlet_event_extra.py
[2024-11-07T00:45:56.274+0000] {logging_mixin.py:190} INFO - [2024-11-07T00:45:56.274+0000] {dag.py:3239} INFO - Sync 2 DAGs
[2024-11-07T00:45:56.296+0000] {logging_mixin.py:190} INFO - [2024-11-07T00:45:56.296+0000] {dag.py:4180} INFO - Setting next_dagrun for read_dataset_event to 2024-11-06 00:00:00+00:00, run_after=2024-11-07 00:00:00+00:00
[2024-11-07T00:45:56.301+0000] {logging_mixin.py:190} INFO - [2024-11-07T00:45:56.300+0000] {dag.py:4180} INFO - Setting next_dagrun for read_dataset_event_from_classic to 2024-11-06 00:00:00+00:00, run_after=2024-11-07 00:00:00+00:00
[2024-11-07T00:45:56.313+0000] {processor.py:208} INFO - Processing /home/airflow/.local/lib/python3.12/site-packages/airflow/example_dags/example_inlet_event_extra.py took 0.527 seconds
[2024-11-07T00:46:26.958+0000] {processor.py:186} INFO - Started process (PID=1047) to work on /home/airflow/.local/lib/python3.12/site-packages/airflow/example_dags/example_inlet_event_extra.py
[2024-11-07T00:46:26.958+0000] {processor.py:914} INFO - Processing file /home/airflow/.local/lib/python3.12/site-packages/airflow/example_dags/example_inlet_event_extra.py for tasks to queue
[2024-11-07T00:46:26.960+0000] {logging_mixin.py:190} INFO - [2024-11-07T00:46:26.960+0000] {dagbag.py:588} INFO - Filling up the DagBag from /home/airflow/.local/lib/python3.12/site-packages/airflow/example_dags/example_inlet_event_extra.py
[2024-11-07T00:46:27.441+0000] {processor.py:925} INFO - DAG(s) 'read_dataset_event_from_classic', 'read_dataset_event' retrieved from /home/airflow/.local/lib/python3.12/site-packages/airflow/example_dags/example_inlet_event_extra.py
[2024-11-07T00:46:27.458+0000] {logging_mixin.py:190} INFO - [2024-11-07T00:46:27.458+0000] {dag.py:3239} INFO - Sync 2 DAGs
[2024-11-07T00:46:27.479+0000] {logging_mixin.py:190} INFO - [2024-11-07T00:46:27.479+0000] {dag.py:4180} INFO - Setting next_dagrun for read_dataset_event to 2024-11-06 00:00:00+00:00, run_after=2024-11-07 00:00:00+00:00
[2024-11-07T00:46:27.483+0000] {logging_mixin.py:190} INFO - [2024-11-07T00:46:27.483+0000] {dag.py:4180} INFO - Setting next_dagrun for read_dataset_event_from_classic to 2024-11-06 00:00:00+00:00, run_after=2024-11-07 00:00:00+00:00
[2024-11-07T00:46:27.498+0000] {processor.py:208} INFO - Processing /home/airflow/.local/lib/python3.12/site-packages/airflow/example_dags/example_inlet_event_extra.py took 0.544 seconds
[2024-11-07T00:46:57.769+0000] {processor.py:186} INFO - Started process (PID=1111) to work on /home/airflow/.local/lib/python3.12/site-packages/airflow/example_dags/example_inlet_event_extra.py
[2024-11-07T00:46:57.770+0000] {processor.py:914} INFO - Processing file /home/airflow/.local/lib/python3.12/site-packages/airflow/example_dags/example_inlet_event_extra.py for tasks to queue
[2024-11-07T00:46:57.772+0000] {logging_mixin.py:190} INFO - [2024-11-07T00:46:57.772+0000] {dagbag.py:588} INFO - Filling up the DagBag from /home/airflow/.local/lib/python3.12/site-packages/airflow/example_dags/example_inlet_event_extra.py
[2024-11-07T00:46:58.232+0000] {processor.py:925} INFO - DAG(s) 'read_dataset_event', 'read_dataset_event_from_classic' retrieved from /home/airflow/.local/lib/python3.12/site-packages/airflow/example_dags/example_inlet_event_extra.py
[2024-11-07T00:46:58.248+0000] {logging_mixin.py:190} INFO - [2024-11-07T00:46:58.248+0000] {dag.py:3239} INFO - Sync 2 DAGs
[2024-11-07T00:46:58.269+0000] {logging_mixin.py:190} INFO - [2024-11-07T00:46:58.269+0000] {dag.py:4180} INFO - Setting next_dagrun for read_dataset_event to 2024-11-06 00:00:00+00:00, run_after=2024-11-07 00:00:00+00:00
[2024-11-07T00:46:58.273+0000] {logging_mixin.py:190} INFO - [2024-11-07T00:46:58.273+0000] {dag.py:4180} INFO - Setting next_dagrun for read_dataset_event_from_classic to 2024-11-06 00:00:00+00:00, run_after=2024-11-07 00:00:00+00:00
[2024-11-07T00:46:58.286+0000] {processor.py:208} INFO - Processing /home/airflow/.local/lib/python3.12/site-packages/airflow/example_dags/example_inlet_event_extra.py took 0.521 seconds
[2024-11-07T00:47:29.019+0000] {processor.py:186} INFO - Started process (PID=1175) to work on /home/airflow/.local/lib/python3.12/site-packages/airflow/example_dags/example_inlet_event_extra.py
[2024-11-07T00:47:29.020+0000] {processor.py:914} INFO - Processing file /home/airflow/.local/lib/python3.12/site-packages/airflow/example_dags/example_inlet_event_extra.py for tasks to queue
[2024-11-07T00:47:29.021+0000] {logging_mixin.py:190} INFO - [2024-11-07T00:47:29.021+0000] {dagbag.py:588} INFO - Filling up the DagBag from /home/airflow/.local/lib/python3.12/site-packages/airflow/example_dags/example_inlet_event_extra.py
[2024-11-07T00:47:29.484+0000] {processor.py:925} INFO - DAG(s) 'read_dataset_event_from_classic', 'read_dataset_event' retrieved from /home/airflow/.local/lib/python3.12/site-packages/airflow/example_dags/example_inlet_event_extra.py
[2024-11-07T00:47:29.501+0000] {logging_mixin.py:190} INFO - [2024-11-07T00:47:29.501+0000] {dag.py:3239} INFO - Sync 2 DAGs
[2024-11-07T00:47:29.523+0000] {logging_mixin.py:190} INFO - [2024-11-07T00:47:29.522+0000] {dag.py:4180} INFO - Setting next_dagrun for read_dataset_event to 2024-11-06 00:00:00+00:00, run_after=2024-11-07 00:00:00+00:00
[2024-11-07T00:47:29.527+0000] {logging_mixin.py:190} INFO - [2024-11-07T00:47:29.526+0000] {dag.py:4180} INFO - Setting next_dagrun for read_dataset_event_from_classic to 2024-11-06 00:00:00+00:00, run_after=2024-11-07 00:00:00+00:00
[2024-11-07T00:47:29.540+0000] {processor.py:208} INFO - Processing /home/airflow/.local/lib/python3.12/site-packages/airflow/example_dags/example_inlet_event_extra.py took 0.525 seconds
[2024-11-07T00:55:08.992+0000] {processor.py:186} INFO - Started process (PID=1261) to work on /home/airflow/.local/lib/python3.12/site-packages/airflow/example_dags/example_inlet_event_extra.py
[2024-11-07T00:55:08.993+0000] {processor.py:914} INFO - Processing file /home/airflow/.local/lib/python3.12/site-packages/airflow/example_dags/example_inlet_event_extra.py for tasks to queue
[2024-11-07T00:55:08.994+0000] {logging_mixin.py:190} INFO - [2024-11-07T00:55:08.994+0000] {dagbag.py:588} INFO - Filling up the DagBag from /home/airflow/.local/lib/python3.12/site-packages/airflow/example_dags/example_inlet_event_extra.py
[2024-11-07T00:55:09.468+0000] {processor.py:925} INFO - DAG(s) 'read_dataset_event_from_classic', 'read_dataset_event' retrieved from /home/airflow/.local/lib/python3.12/site-packages/airflow/example_dags/example_inlet_event_extra.py
[2024-11-07T00:55:09.484+0000] {logging_mixin.py:190} INFO - [2024-11-07T00:55:09.484+0000] {dag.py:3239} INFO - Sync 2 DAGs
[2024-11-07T00:55:09.504+0000] {logging_mixin.py:190} INFO - [2024-11-07T00:55:09.504+0000] {dag.py:4180} INFO - Setting next_dagrun for read_dataset_event to 2024-11-06 00:00:00+00:00, run_after=2024-11-07 00:00:00+00:00
[2024-11-07T00:55:09.508+0000] {logging_mixin.py:190} INFO - [2024-11-07T00:55:09.508+0000] {dag.py:4180} INFO - Setting next_dagrun for read_dataset_event_from_classic to 2024-11-06 00:00:00+00:00, run_after=2024-11-07 00:00:00+00:00
[2024-11-07T00:55:09.521+0000] {processor.py:208} INFO - Processing /home/airflow/.local/lib/python3.12/site-packages/airflow/example_dags/example_inlet_event_extra.py took 0.534 seconds
[2024-11-07T00:55:40.535+0000] {processor.py:186} INFO - Started process (PID=1337) to work on /home/airflow/.local/lib/python3.12/site-packages/airflow/example_dags/example_inlet_event_extra.py
[2024-11-07T00:55:40.535+0000] {processor.py:914} INFO - Processing file /home/airflow/.local/lib/python3.12/site-packages/airflow/example_dags/example_inlet_event_extra.py for tasks to queue
[2024-11-07T00:55:40.537+0000] {logging_mixin.py:190} INFO - [2024-11-07T00:55:40.537+0000] {dagbag.py:588} INFO - Filling up the DagBag from /home/airflow/.local/lib/python3.12/site-packages/airflow/example_dags/example_inlet_event_extra.py
[2024-11-07T00:55:41.007+0000] {processor.py:925} INFO - DAG(s) 'read_dataset_event_from_classic', 'read_dataset_event' retrieved from /home/airflow/.local/lib/python3.12/site-packages/airflow/example_dags/example_inlet_event_extra.py
[2024-11-07T00:55:41.025+0000] {logging_mixin.py:190} INFO - [2024-11-07T00:55:41.025+0000] {dag.py:3239} INFO - Sync 2 DAGs
[2024-11-07T00:55:41.046+0000] {logging_mixin.py:190} INFO - [2024-11-07T00:55:41.046+0000] {dag.py:4180} INFO - Setting next_dagrun for read_dataset_event to 2024-11-06 00:00:00+00:00, run_after=2024-11-07 00:00:00+00:00
[2024-11-07T00:55:41.051+0000] {logging_mixin.py:190} INFO - [2024-11-07T00:55:41.050+0000] {dag.py:4180} INFO - Setting next_dagrun for read_dataset_event_from_classic to 2024-11-06 00:00:00+00:00, run_after=2024-11-07 00:00:00+00:00
[2024-11-07T00:55:41.064+0000] {processor.py:208} INFO - Processing /home/airflow/.local/lib/python3.12/site-packages/airflow/example_dags/example_inlet_event_extra.py took 0.534 seconds
[2024-11-07T00:56:11.476+0000] {processor.py:186} INFO - Started process (PID=1404) to work on /home/airflow/.local/lib/python3.12/site-packages/airflow/example_dags/example_inlet_event_extra.py
[2024-11-07T00:56:11.476+0000] {processor.py:914} INFO - Processing file /home/airflow/.local/lib/python3.12/site-packages/airflow/example_dags/example_inlet_event_extra.py for tasks to queue
[2024-11-07T00:56:11.478+0000] {logging_mixin.py:190} INFO - [2024-11-07T00:56:11.478+0000] {dagbag.py:588} INFO - Filling up the DagBag from /home/airflow/.local/lib/python3.12/site-packages/airflow/example_dags/example_inlet_event_extra.py
[2024-11-07T00:56:11.949+0000] {processor.py:925} INFO - DAG(s) 'read_dataset_event', 'read_dataset_event_from_classic' retrieved from /home/airflow/.local/lib/python3.12/site-packages/airflow/example_dags/example_inlet_event_extra.py
[2024-11-07T00:56:11.967+0000] {logging_mixin.py:190} INFO - [2024-11-07T00:56:11.967+0000] {dag.py:3239} INFO - Sync 2 DAGs
[2024-11-07T00:56:11.988+0000] {logging_mixin.py:190} INFO - [2024-11-07T00:56:11.988+0000] {dag.py:4180} INFO - Setting next_dagrun for read_dataset_event to 2024-11-06 00:00:00+00:00, run_after=2024-11-07 00:00:00+00:00
[2024-11-07T00:56:11.992+0000] {logging_mixin.py:190} INFO - [2024-11-07T00:56:11.992+0000] {dag.py:4180} INFO - Setting next_dagrun for read_dataset_event_from_classic to 2024-11-06 00:00:00+00:00, run_after=2024-11-07 00:00:00+00:00
[2024-11-07T00:56:12.016+0000] {processor.py:208} INFO - Processing /home/airflow/.local/lib/python3.12/site-packages/airflow/example_dags/example_inlet_event_extra.py took 0.545 seconds
[2024-11-07T00:56:42.340+0000] {processor.py:186} INFO - Started process (PID=1464) to work on /home/airflow/.local/lib/python3.12/site-packages/airflow/example_dags/example_inlet_event_extra.py
[2024-11-07T00:56:42.341+0000] {processor.py:914} INFO - Processing file /home/airflow/.local/lib/python3.12/site-packages/airflow/example_dags/example_inlet_event_extra.py for tasks to queue
[2024-11-07T00:56:42.342+0000] {logging_mixin.py:190} INFO - [2024-11-07T00:56:42.342+0000] {dagbag.py:588} INFO - Filling up the DagBag from /home/airflow/.local/lib/python3.12/site-packages/airflow/example_dags/example_inlet_event_extra.py
[2024-11-07T00:56:42.811+0000] {processor.py:925} INFO - DAG(s) 'read_dataset_event_from_classic', 'read_dataset_event' retrieved from /home/airflow/.local/lib/python3.12/site-packages/airflow/example_dags/example_inlet_event_extra.py
[2024-11-07T00:56:42.828+0000] {logging_mixin.py:190} INFO - [2024-11-07T00:56:42.828+0000] {dag.py:3239} INFO - Sync 2 DAGs
[2024-11-07T00:56:42.850+0000] {logging_mixin.py:190} INFO - [2024-11-07T00:56:42.850+0000] {dag.py:4180} INFO - Setting next_dagrun for read_dataset_event to 2024-11-06 00:00:00+00:00, run_after=2024-11-07 00:00:00+00:00
[2024-11-07T00:56:42.854+0000] {logging_mixin.py:190} INFO - [2024-11-07T00:56:42.854+0000] {dag.py:4180} INFO - Setting next_dagrun for read_dataset_event_from_classic to 2024-11-06 00:00:00+00:00, run_after=2024-11-07 00:00:00+00:00
[2024-11-07T00:56:42.879+0000] {processor.py:208} INFO - Processing /home/airflow/.local/lib/python3.12/site-packages/airflow/example_dags/example_inlet_event_extra.py took 0.544 seconds
[2024-11-07T00:57:13.880+0000] {processor.py:186} INFO - Started process (PID=1532) to work on /home/airflow/.local/lib/python3.12/site-packages/airflow/example_dags/example_inlet_event_extra.py
[2024-11-07T00:57:13.881+0000] {processor.py:914} INFO - Processing file /home/airflow/.local/lib/python3.12/site-packages/airflow/example_dags/example_inlet_event_extra.py for tasks to queue
[2024-11-07T00:57:13.882+0000] {logging_mixin.py:190} INFO - [2024-11-07T00:57:13.882+0000] {dagbag.py:588} INFO - Filling up the DagBag from /home/airflow/.local/lib/python3.12/site-packages/airflow/example_dags/example_inlet_event_extra.py
[2024-11-07T00:57:14.354+0000] {processor.py:925} INFO - DAG(s) 'read_dataset_event_from_classic', 'read_dataset_event' retrieved from /home/airflow/.local/lib/python3.12/site-packages/airflow/example_dags/example_inlet_event_extra.py
[2024-11-07T00:57:14.370+0000] {logging_mixin.py:190} INFO - [2024-11-07T00:57:14.369+0000] {dag.py:3239} INFO - Sync 2 DAGs
[2024-11-07T00:57:14.390+0000] {logging_mixin.py:190} INFO - [2024-11-07T00:57:14.390+0000] {dag.py:4180} INFO - Setting next_dagrun for read_dataset_event to 2024-11-06 00:00:00+00:00, run_after=2024-11-07 00:00:00+00:00
[2024-11-07T00:57:14.395+0000] {logging_mixin.py:190} INFO - [2024-11-07T00:57:14.394+0000] {dag.py:4180} INFO - Setting next_dagrun for read_dataset_event_from_classic to 2024-11-06 00:00:00+00:00, run_after=2024-11-07 00:00:00+00:00
[2024-11-07T00:57:14.418+0000] {processor.py:208} INFO - Processing /home/airflow/.local/lib/python3.12/site-packages/airflow/example_dags/example_inlet_event_extra.py took 0.542 seconds
[2024-11-07T00:57:44.886+0000] {processor.py:186} INFO - Started process (PID=1594) to work on /home/airflow/.local/lib/python3.12/site-packages/airflow/example_dags/example_inlet_event_extra.py
[2024-11-07T00:57:44.886+0000] {processor.py:914} INFO - Processing file /home/airflow/.local/lib/python3.12/site-packages/airflow/example_dags/example_inlet_event_extra.py for tasks to queue
[2024-11-07T00:57:44.888+0000] {logging_mixin.py:190} INFO - [2024-11-07T00:57:44.888+0000] {dagbag.py:588} INFO - Filling up the DagBag from /home/airflow/.local/lib/python3.12/site-packages/airflow/example_dags/example_inlet_event_extra.py
[2024-11-07T00:57:45.355+0000] {processor.py:925} INFO - DAG(s) 'read_dataset_event_from_classic', 'read_dataset_event' retrieved from /home/airflow/.local/lib/python3.12/site-packages/airflow/example_dags/example_inlet_event_extra.py
[2024-11-07T00:57:45.372+0000] {logging_mixin.py:190} INFO - [2024-11-07T00:57:45.371+0000] {dag.py:3239} INFO - Sync 2 DAGs
[2024-11-07T00:57:45.392+0000] {logging_mixin.py:190} INFO - [2024-11-07T00:57:45.392+0000] {dag.py:4180} INFO - Setting next_dagrun for read_dataset_event to 2024-11-06 00:00:00+00:00, run_after=2024-11-07 00:00:00+00:00
[2024-11-07T00:57:45.396+0000] {logging_mixin.py:190} INFO - [2024-11-07T00:57:45.396+0000] {dag.py:4180} INFO - Setting next_dagrun for read_dataset_event_from_classic to 2024-11-06 00:00:00+00:00, run_after=2024-11-07 00:00:00+00:00
[2024-11-07T00:57:45.419+0000] {processor.py:208} INFO - Processing /home/airflow/.local/lib/python3.12/site-packages/airflow/example_dags/example_inlet_event_extra.py took 0.538 seconds
[2024-11-07T00:58:16.334+0000] {processor.py:186} INFO - Started process (PID=1660) to work on /home/airflow/.local/lib/python3.12/site-packages/airflow/example_dags/example_inlet_event_extra.py
[2024-11-07T00:58:16.334+0000] {processor.py:914} INFO - Processing file /home/airflow/.local/lib/python3.12/site-packages/airflow/example_dags/example_inlet_event_extra.py for tasks to queue
[2024-11-07T00:58:16.336+0000] {logging_mixin.py:190} INFO - [2024-11-07T00:58:16.336+0000] {dagbag.py:588} INFO - Filling up the DagBag from /home/airflow/.local/lib/python3.12/site-packages/airflow/example_dags/example_inlet_event_extra.py
[2024-11-07T00:58:16.804+0000] {processor.py:925} INFO - DAG(s) 'read_dataset_event_from_classic', 'read_dataset_event' retrieved from /home/airflow/.local/lib/python3.12/site-packages/airflow/example_dags/example_inlet_event_extra.py
[2024-11-07T00:58:16.820+0000] {logging_mixin.py:190} INFO - [2024-11-07T00:58:16.820+0000] {dag.py:3239} INFO - Sync 2 DAGs
[2024-11-07T00:58:16.840+0000] {logging_mixin.py:190} INFO - [2024-11-07T00:58:16.840+0000] {dag.py:4180} INFO - Setting next_dagrun for read_dataset_event to 2024-11-06 00:00:00+00:00, run_after=2024-11-07 00:00:00+00:00
[2024-11-07T00:58:16.844+0000] {logging_mixin.py:190} INFO - [2024-11-07T00:58:16.844+0000] {dag.py:4180} INFO - Setting next_dagrun for read_dataset_event_from_classic to 2024-11-06 00:00:00+00:00, run_after=2024-11-07 00:00:00+00:00
[2024-11-07T00:58:16.857+0000] {processor.py:208} INFO - Processing /home/airflow/.local/lib/python3.12/site-packages/airflow/example_dags/example_inlet_event_extra.py took 0.528 seconds
[2024-11-07T00:58:47.097+0000] {processor.py:186} INFO - Started process (PID=1722) to work on /home/airflow/.local/lib/python3.12/site-packages/airflow/example_dags/example_inlet_event_extra.py
[2024-11-07T00:58:47.098+0000] {processor.py:914} INFO - Processing file /home/airflow/.local/lib/python3.12/site-packages/airflow/example_dags/example_inlet_event_extra.py for tasks to queue
[2024-11-07T00:58:47.100+0000] {logging_mixin.py:190} INFO - [2024-11-07T00:58:47.099+0000] {dagbag.py:588} INFO - Filling up the DagBag from /home/airflow/.local/lib/python3.12/site-packages/airflow/example_dags/example_inlet_event_extra.py
[2024-11-07T00:58:47.565+0000] {processor.py:925} INFO - DAG(s) 'read_dataset_event', 'read_dataset_event_from_classic' retrieved from /home/airflow/.local/lib/python3.12/site-packages/airflow/example_dags/example_inlet_event_extra.py
[2024-11-07T00:58:47.583+0000] {logging_mixin.py:190} INFO - [2024-11-07T00:58:47.583+0000] {dag.py:3239} INFO - Sync 2 DAGs
[2024-11-07T00:58:47.604+0000] {logging_mixin.py:190} INFO - [2024-11-07T00:58:47.604+0000] {dag.py:4180} INFO - Setting next_dagrun for read_dataset_event to 2024-11-06 00:00:00+00:00, run_after=2024-11-07 00:00:00+00:00
[2024-11-07T00:58:47.608+0000] {logging_mixin.py:190} INFO - [2024-11-07T00:58:47.608+0000] {dag.py:4180} INFO - Setting next_dagrun for read_dataset_event_from_classic to 2024-11-06 00:00:00+00:00, run_after=2024-11-07 00:00:00+00:00
[2024-11-07T00:58:47.632+0000] {processor.py:208} INFO - Processing /home/airflow/.local/lib/python3.12/site-packages/airflow/example_dags/example_inlet_event_extra.py took 0.540 seconds
[2024-11-07T00:59:17.713+0000] {processor.py:186} INFO - Started process (PID=1786) to work on /home/airflow/.local/lib/python3.12/site-packages/airflow/example_dags/example_inlet_event_extra.py
[2024-11-07T00:59:17.713+0000] {processor.py:914} INFO - Processing file /home/airflow/.local/lib/python3.12/site-packages/airflow/example_dags/example_inlet_event_extra.py for tasks to queue
[2024-11-07T00:59:17.715+0000] {logging_mixin.py:190} INFO - [2024-11-07T00:59:17.715+0000] {dagbag.py:588} INFO - Filling up the DagBag from /home/airflow/.local/lib/python3.12/site-packages/airflow/example_dags/example_inlet_event_extra.py
[2024-11-07T00:59:18.183+0000] {processor.py:925} INFO - DAG(s) 'read_dataset_event_from_classic', 'read_dataset_event' retrieved from /home/airflow/.local/lib/python3.12/site-packages/airflow/example_dags/example_inlet_event_extra.py
[2024-11-07T00:59:18.201+0000] {logging_mixin.py:190} INFO - [2024-11-07T00:59:18.201+0000] {dag.py:3239} INFO - Sync 2 DAGs
[2024-11-07T00:59:18.222+0000] {logging_mixin.py:190} INFO - [2024-11-07T00:59:18.222+0000] {dag.py:4180} INFO - Setting next_dagrun for read_dataset_event to 2024-11-06 00:00:00+00:00, run_after=2024-11-07 00:00:00+00:00
[2024-11-07T00:59:18.226+0000] {logging_mixin.py:190} INFO - [2024-11-07T00:59:18.226+0000] {dag.py:4180} INFO - Setting next_dagrun for read_dataset_event_from_classic to 2024-11-06 00:00:00+00:00, run_after=2024-11-07 00:00:00+00:00
[2024-11-07T00:59:18.240+0000] {processor.py:208} INFO - Processing /home/airflow/.local/lib/python3.12/site-packages/airflow/example_dags/example_inlet_event_extra.py took 0.531 seconds
[2024-11-07T00:59:48.421+0000] {processor.py:186} INFO - Started process (PID=1851) to work on /home/airflow/.local/lib/python3.12/site-packages/airflow/example_dags/example_inlet_event_extra.py
[2024-11-07T00:59:48.421+0000] {processor.py:914} INFO - Processing file /home/airflow/.local/lib/python3.12/site-packages/airflow/example_dags/example_inlet_event_extra.py for tasks to queue
[2024-11-07T00:59:48.423+0000] {logging_mixin.py:190} INFO - [2024-11-07T00:59:48.423+0000] {dagbag.py:588} INFO - Filling up the DagBag from /home/airflow/.local/lib/python3.12/site-packages/airflow/example_dags/example_inlet_event_extra.py
[2024-11-07T00:59:48.908+0000] {processor.py:925} INFO - DAG(s) 'read_dataset_event_from_classic', 'read_dataset_event' retrieved from /home/airflow/.local/lib/python3.12/site-packages/airflow/example_dags/example_inlet_event_extra.py
[2024-11-07T00:59:48.925+0000] {logging_mixin.py:190} INFO - [2024-11-07T00:59:48.924+0000] {dag.py:3239} INFO - Sync 2 DAGs
[2024-11-07T00:59:48.946+0000] {logging_mixin.py:190} INFO - [2024-11-07T00:59:48.946+0000] {dag.py:4180} INFO - Setting next_dagrun for read_dataset_event to 2024-11-06 00:00:00+00:00, run_after=2024-11-07 00:00:00+00:00
[2024-11-07T00:59:48.950+0000] {logging_mixin.py:190} INFO - [2024-11-07T00:59:48.950+0000] {dag.py:4180} INFO - Setting next_dagrun for read_dataset_event_from_classic to 2024-11-06 00:00:00+00:00, run_after=2024-11-07 00:00:00+00:00
[2024-11-07T00:59:48.964+0000] {processor.py:208} INFO - Processing /home/airflow/.local/lib/python3.12/site-packages/airflow/example_dags/example_inlet_event_extra.py took 0.548 seconds
[2024-11-07T01:00:19.159+0000] {processor.py:186} INFO - Started process (PID=1915) to work on /home/airflow/.local/lib/python3.12/site-packages/airflow/example_dags/example_inlet_event_extra.py
[2024-11-07T01:00:19.159+0000] {processor.py:914} INFO - Processing file /home/airflow/.local/lib/python3.12/site-packages/airflow/example_dags/example_inlet_event_extra.py for tasks to queue
[2024-11-07T01:00:19.161+0000] {logging_mixin.py:190} INFO - [2024-11-07T01:00:19.161+0000] {dagbag.py:588} INFO - Filling up the DagBag from /home/airflow/.local/lib/python3.12/site-packages/airflow/example_dags/example_inlet_event_extra.py
[2024-11-07T01:00:19.700+0000] {processor.py:925} INFO - DAG(s) 'read_dataset_event', 'read_dataset_event_from_classic' retrieved from /home/airflow/.local/lib/python3.12/site-packages/airflow/example_dags/example_inlet_event_extra.py
[2024-11-07T01:00:19.719+0000] {logging_mixin.py:190} INFO - [2024-11-07T01:00:19.719+0000] {dag.py:3239} INFO - Sync 2 DAGs
[2024-11-07T01:00:19.742+0000] {logging_mixin.py:190} INFO - [2024-11-07T01:00:19.741+0000] {dag.py:4180} INFO - Setting next_dagrun for read_dataset_event to 2024-11-06 00:00:00+00:00, run_after=2024-11-07 00:00:00+00:00
[2024-11-07T01:00:19.746+0000] {logging_mixin.py:190} INFO - [2024-11-07T01:00:19.746+0000] {dag.py:4180} INFO - Setting next_dagrun for read_dataset_event_from_classic to 2024-11-06 00:00:00+00:00, run_after=2024-11-07 00:00:00+00:00
[2024-11-07T01:00:19.772+0000] {processor.py:208} INFO - Processing /home/airflow/.local/lib/python3.12/site-packages/airflow/example_dags/example_inlet_event_extra.py took 0.618 seconds
[2024-11-07T01:00:50.283+0000] {processor.py:186} INFO - Started process (PID=1979) to work on /home/airflow/.local/lib/python3.12/site-packages/airflow/example_dags/example_inlet_event_extra.py
[2024-11-07T01:00:50.286+0000] {processor.py:914} INFO - Processing file /home/airflow/.local/lib/python3.12/site-packages/airflow/example_dags/example_inlet_event_extra.py for tasks to queue
[2024-11-07T01:00:50.289+0000] {logging_mixin.py:190} INFO - [2024-11-07T01:00:50.289+0000] {dagbag.py:588} INFO - Filling up the DagBag from /home/airflow/.local/lib/python3.12/site-packages/airflow/example_dags/example_inlet_event_extra.py
[2024-11-07T01:00:50.752+0000] {processor.py:925} INFO - DAG(s) 'read_dataset_event', 'read_dataset_event_from_classic' retrieved from /home/airflow/.local/lib/python3.12/site-packages/airflow/example_dags/example_inlet_event_extra.py
[2024-11-07T01:00:50.768+0000] {logging_mixin.py:190} INFO - [2024-11-07T01:00:50.768+0000] {dag.py:3239} INFO - Sync 2 DAGs
[2024-11-07T01:00:50.789+0000] {logging_mixin.py:190} INFO - [2024-11-07T01:00:50.789+0000] {dag.py:4180} INFO - Setting next_dagrun for read_dataset_event to 2024-11-06 00:00:00+00:00, run_after=2024-11-07 00:00:00+00:00
[2024-11-07T01:00:50.793+0000] {logging_mixin.py:190} INFO - [2024-11-07T01:00:50.793+0000] {dag.py:4180} INFO - Setting next_dagrun for read_dataset_event_from_classic to 2024-11-06 00:00:00+00:00, run_after=2024-11-07 00:00:00+00:00
[2024-11-07T01:00:50.816+0000] {processor.py:208} INFO - Processing /home/airflow/.local/lib/python3.12/site-packages/airflow/example_dags/example_inlet_event_extra.py took 0.537 seconds
[2024-11-07T01:01:20.867+0000] {processor.py:186} INFO - Started process (PID=2042) to work on /home/airflow/.local/lib/python3.12/site-packages/airflow/example_dags/example_inlet_event_extra.py
[2024-11-07T01:01:20.878+0000] {processor.py:914} INFO - Processing file /home/airflow/.local/lib/python3.12/site-packages/airflow/example_dags/example_inlet_event_extra.py for tasks to queue
[2024-11-07T01:01:20.881+0000] {logging_mixin.py:190} INFO - [2024-11-07T01:01:20.880+0000] {dagbag.py:588} INFO - Filling up the DagBag from /home/airflow/.local/lib/python3.12/site-packages/airflow/example_dags/example_inlet_event_extra.py
[2024-11-07T01:01:21.334+0000] {processor.py:925} INFO - DAG(s) 'read_dataset_event', 'read_dataset_event_from_classic' retrieved from /home/airflow/.local/lib/python3.12/site-packages/airflow/example_dags/example_inlet_event_extra.py
[2024-11-07T01:01:21.351+0000] {logging_mixin.py:190} INFO - [2024-11-07T01:01:21.350+0000] {dag.py:3239} INFO - Sync 2 DAGs
[2024-11-07T01:01:21.371+0000] {logging_mixin.py:190} INFO - [2024-11-07T01:01:21.371+0000] {dag.py:4180} INFO - Setting next_dagrun for read_dataset_event to 2024-11-06 00:00:00+00:00, run_after=2024-11-07 00:00:00+00:00
[2024-11-07T01:01:21.375+0000] {logging_mixin.py:190} INFO - [2024-11-07T01:01:21.375+0000] {dag.py:4180} INFO - Setting next_dagrun for read_dataset_event_from_classic to 2024-11-06 00:00:00+00:00, run_after=2024-11-07 00:00:00+00:00
[2024-11-07T01:01:21.400+0000] {processor.py:208} INFO - Processing /home/airflow/.local/lib/python3.12/site-packages/airflow/example_dags/example_inlet_event_extra.py took 0.537 seconds
