[2024-11-07T00:29:24.247+0000] {processor.py:186} INFO - Started process (PID=94) to work on /home/airflow/.local/lib/python3.12/site-packages/airflow/example_dags/example_latest_only_with_trigger.py
[2024-11-07T00:29:24.248+0000] {processor.py:914} INFO - Processing file /home/airflow/.local/lib/python3.12/site-packages/airflow/example_dags/example_latest_only_with_trigger.py for tasks to queue
[2024-11-07T00:29:24.250+0000] {logging_mixin.py:190} INFO - [2024-11-07T00:29:24.250+0000] {dagbag.py:588} INFO - Filling up the DagBag from /home/airflow/.local/lib/python3.12/site-packages/airflow/example_dags/example_latest_only_with_trigger.py
[2024-11-07T00:29:24.257+0000] {processor.py:925} INFO - DAG(s) 'latest_only_with_trigger' retrieved from /home/airflow/.local/lib/python3.12/site-packages/airflow/example_dags/example_latest_only_with_trigger.py
[2024-11-07T00:29:24.342+0000] {logging_mixin.py:190} INFO - [2024-11-07T00:29:24.342+0000] {override.py:1911} INFO - Created Permission View: can delete on DAG:latest_only_with_trigger
[2024-11-07T00:29:24.351+0000] {logging_mixin.py:190} INFO - [2024-11-07T00:29:24.351+0000] {override.py:1911} INFO - Created Permission View: can edit on DAG:latest_only_with_trigger
[2024-11-07T00:29:24.356+0000] {logging_mixin.py:190} INFO - [2024-11-07T00:29:24.356+0000] {override.py:1911} INFO - Created Permission View: can read on DAG:latest_only_with_trigger
[2024-11-07T00:29:24.361+0000] {logging_mixin.py:190} INFO - [2024-11-07T00:29:24.360+0000] {override.py:1911} INFO - Created Permission View: can create on DAG Run:latest_only_with_trigger
[2024-11-07T00:29:24.365+0000] {logging_mixin.py:190} INFO - [2024-11-07T00:29:24.365+0000] {override.py:1911} INFO - Created Permission View: can delete on DAG Run:latest_only_with_trigger
[2024-11-07T00:29:24.371+0000] {logging_mixin.py:190} INFO - [2024-11-07T00:29:24.370+0000] {override.py:1911} INFO - Created Permission View: menu access on DAG Run:latest_only_with_trigger
[2024-11-07T00:29:24.375+0000] {logging_mixin.py:190} INFO - [2024-11-07T00:29:24.375+0000] {override.py:1911} INFO - Created Permission View: can read on DAG Run:latest_only_with_trigger
[2024-11-07T00:29:24.375+0000] {logging_mixin.py:190} INFO - [2024-11-07T00:29:24.375+0000] {dag.py:3239} INFO - Sync 1 DAGs
[2024-11-07T00:29:24.387+0000] {logging_mixin.py:190} INFO - [2024-11-07T00:29:24.387+0000] {dag.py:3262} INFO - Creating ORM DAG for latest_only_with_trigger
[2024-11-07T00:29:24.395+0000] {logging_mixin.py:190} INFO - [2024-11-07T00:29:24.395+0000] {dag.py:4180} INFO - Setting next_dagrun for latest_only_with_trigger to 2024-11-06 20:00:00+00:00, run_after=2024-11-07 00:00:00+00:00
[2024-11-07T00:29:24.408+0000] {processor.py:208} INFO - Processing /home/airflow/.local/lib/python3.12/site-packages/airflow/example_dags/example_latest_only_with_trigger.py took 0.167 seconds
[2024-11-07T00:29:55.466+0000] {processor.py:186} INFO - Started process (PID=157) to work on /home/airflow/.local/lib/python3.12/site-packages/airflow/example_dags/example_latest_only_with_trigger.py
[2024-11-07T00:29:55.467+0000] {processor.py:914} INFO - Processing file /home/airflow/.local/lib/python3.12/site-packages/airflow/example_dags/example_latest_only_with_trigger.py for tasks to queue
[2024-11-07T00:29:55.469+0000] {logging_mixin.py:190} INFO - [2024-11-07T00:29:55.469+0000] {dagbag.py:588} INFO - Filling up the DagBag from /home/airflow/.local/lib/python3.12/site-packages/airflow/example_dags/example_latest_only_with_trigger.py
[2024-11-07T00:29:55.479+0000] {processor.py:925} INFO - DAG(s) 'latest_only_with_trigger' retrieved from /home/airflow/.local/lib/python3.12/site-packages/airflow/example_dags/example_latest_only_with_trigger.py
[2024-11-07T00:29:55.502+0000] {logging_mixin.py:190} INFO - [2024-11-07T00:29:55.502+0000] {dag.py:3239} INFO - Sync 1 DAGs
[2024-11-07T00:29:55.531+0000] {logging_mixin.py:190} INFO - [2024-11-07T00:29:55.530+0000] {dag.py:4180} INFO - Setting next_dagrun for latest_only_with_trigger to 2024-11-06 20:00:00+00:00, run_after=2024-11-07 00:00:00+00:00
[2024-11-07T00:29:55.558+0000] {processor.py:208} INFO - Processing /home/airflow/.local/lib/python3.12/site-packages/airflow/example_dags/example_latest_only_with_trigger.py took 0.099 seconds
[2024-11-07T00:30:25.988+0000] {processor.py:186} INFO - Started process (PID=219) to work on /home/airflow/.local/lib/python3.12/site-packages/airflow/example_dags/example_latest_only_with_trigger.py
[2024-11-07T00:30:25.988+0000] {processor.py:914} INFO - Processing file /home/airflow/.local/lib/python3.12/site-packages/airflow/example_dags/example_latest_only_with_trigger.py for tasks to queue
[2024-11-07T00:30:25.990+0000] {logging_mixin.py:190} INFO - [2024-11-07T00:30:25.990+0000] {dagbag.py:588} INFO - Filling up the DagBag from /home/airflow/.local/lib/python3.12/site-packages/airflow/example_dags/example_latest_only_with_trigger.py
[2024-11-07T00:30:25.997+0000] {processor.py:925} INFO - DAG(s) 'latest_only_with_trigger' retrieved from /home/airflow/.local/lib/python3.12/site-packages/airflow/example_dags/example_latest_only_with_trigger.py
[2024-11-07T00:30:26.014+0000] {logging_mixin.py:190} INFO - [2024-11-07T00:30:26.014+0000] {dag.py:3239} INFO - Sync 1 DAGs
[2024-11-07T00:30:26.034+0000] {logging_mixin.py:190} INFO - [2024-11-07T00:30:26.034+0000] {dag.py:4180} INFO - Setting next_dagrun for latest_only_with_trigger to 2024-11-06 20:00:00+00:00, run_after=2024-11-07 00:00:00+00:00
[2024-11-07T00:30:26.049+0000] {processor.py:208} INFO - Processing /home/airflow/.local/lib/python3.12/site-packages/airflow/example_dags/example_latest_only_with_trigger.py took 0.066 seconds
[2024-11-07T00:31:58.455+0000] {processor.py:186} INFO - Started process (PID=277) to work on /home/airflow/.local/lib/python3.12/site-packages/airflow/example_dags/example_latest_only_with_trigger.py
[2024-11-07T00:31:58.456+0000] {processor.py:914} INFO - Processing file /home/airflow/.local/lib/python3.12/site-packages/airflow/example_dags/example_latest_only_with_trigger.py for tasks to queue
[2024-11-07T00:31:58.458+0000] {logging_mixin.py:190} INFO - [2024-11-07T00:31:58.458+0000] {dagbag.py:588} INFO - Filling up the DagBag from /home/airflow/.local/lib/python3.12/site-packages/airflow/example_dags/example_latest_only_with_trigger.py
[2024-11-07T00:31:58.468+0000] {processor.py:925} INFO - DAG(s) 'latest_only_with_trigger' retrieved from /home/airflow/.local/lib/python3.12/site-packages/airflow/example_dags/example_latest_only_with_trigger.py
[2024-11-07T00:31:58.496+0000] {logging_mixin.py:190} INFO - [2024-11-07T00:31:58.496+0000] {dag.py:3239} INFO - Sync 1 DAGs
[2024-11-07T00:31:58.537+0000] {logging_mixin.py:190} INFO - [2024-11-07T00:31:58.537+0000] {dag.py:4180} INFO - Setting next_dagrun for latest_only_with_trigger to 2024-11-06 20:00:00+00:00, run_after=2024-11-07 00:00:00+00:00
[2024-11-07T00:31:58.565+0000] {processor.py:208} INFO - Processing /home/airflow/.local/lib/python3.12/site-packages/airflow/example_dags/example_latest_only_with_trigger.py took 0.117 seconds
[2024-11-07T00:32:29.041+0000] {processor.py:186} INFO - Started process (PID=345) to work on /home/airflow/.local/lib/python3.12/site-packages/airflow/example_dags/example_latest_only_with_trigger.py
[2024-11-07T00:32:29.042+0000] {processor.py:914} INFO - Processing file /home/airflow/.local/lib/python3.12/site-packages/airflow/example_dags/example_latest_only_with_trigger.py for tasks to queue
[2024-11-07T00:32:29.044+0000] {logging_mixin.py:190} INFO - [2024-11-07T00:32:29.044+0000] {dagbag.py:588} INFO - Filling up the DagBag from /home/airflow/.local/lib/python3.12/site-packages/airflow/example_dags/example_latest_only_with_trigger.py
[2024-11-07T00:32:29.051+0000] {processor.py:925} INFO - DAG(s) 'latest_only_with_trigger' retrieved from /home/airflow/.local/lib/python3.12/site-packages/airflow/example_dags/example_latest_only_with_trigger.py
[2024-11-07T00:32:29.070+0000] {logging_mixin.py:190} INFO - [2024-11-07T00:32:29.070+0000] {dag.py:3239} INFO - Sync 1 DAGs
[2024-11-07T00:32:29.092+0000] {logging_mixin.py:190} INFO - [2024-11-07T00:32:29.092+0000] {dag.py:4180} INFO - Setting next_dagrun for latest_only_with_trigger to 2024-11-06 20:00:00+00:00, run_after=2024-11-07 00:00:00+00:00
[2024-11-07T00:32:29.109+0000] {processor.py:208} INFO - Processing /home/airflow/.local/lib/python3.12/site-packages/airflow/example_dags/example_latest_only_with_trigger.py took 0.074 seconds
[2024-11-07T00:32:59.960+0000] {processor.py:186} INFO - Started process (PID=408) to work on /home/airflow/.local/lib/python3.12/site-packages/airflow/example_dags/example_latest_only_with_trigger.py
[2024-11-07T00:32:59.960+0000] {processor.py:914} INFO - Processing file /home/airflow/.local/lib/python3.12/site-packages/airflow/example_dags/example_latest_only_with_trigger.py for tasks to queue
[2024-11-07T00:32:59.963+0000] {logging_mixin.py:190} INFO - [2024-11-07T00:32:59.962+0000] {dagbag.py:588} INFO - Filling up the DagBag from /home/airflow/.local/lib/python3.12/site-packages/airflow/example_dags/example_latest_only_with_trigger.py
[2024-11-07T00:32:59.969+0000] {processor.py:925} INFO - DAG(s) 'latest_only_with_trigger' retrieved from /home/airflow/.local/lib/python3.12/site-packages/airflow/example_dags/example_latest_only_with_trigger.py
[2024-11-07T00:32:59.988+0000] {logging_mixin.py:190} INFO - [2024-11-07T00:32:59.988+0000] {dag.py:3239} INFO - Sync 1 DAGs
[2024-11-07T00:33:00.010+0000] {logging_mixin.py:190} INFO - [2024-11-07T00:33:00.009+0000] {dag.py:4180} INFO - Setting next_dagrun for latest_only_with_trigger to 2024-11-06 20:00:00+00:00, run_after=2024-11-07 00:00:00+00:00
[2024-11-07T00:33:00.027+0000] {processor.py:208} INFO - Processing /home/airflow/.local/lib/python3.12/site-packages/airflow/example_dags/example_latest_only_with_trigger.py took 0.073 seconds
[2024-11-07T00:33:30.928+0000] {processor.py:186} INFO - Started process (PID=472) to work on /home/airflow/.local/lib/python3.12/site-packages/airflow/example_dags/example_latest_only_with_trigger.py
[2024-11-07T00:33:30.929+0000] {processor.py:914} INFO - Processing file /home/airflow/.local/lib/python3.12/site-packages/airflow/example_dags/example_latest_only_with_trigger.py for tasks to queue
[2024-11-07T00:33:30.931+0000] {logging_mixin.py:190} INFO - [2024-11-07T00:33:30.931+0000] {dagbag.py:588} INFO - Filling up the DagBag from /home/airflow/.local/lib/python3.12/site-packages/airflow/example_dags/example_latest_only_with_trigger.py
[2024-11-07T00:33:30.938+0000] {processor.py:925} INFO - DAG(s) 'latest_only_with_trigger' retrieved from /home/airflow/.local/lib/python3.12/site-packages/airflow/example_dags/example_latest_only_with_trigger.py
[2024-11-07T00:33:30.957+0000] {logging_mixin.py:190} INFO - [2024-11-07T00:33:30.956+0000] {dag.py:3239} INFO - Sync 1 DAGs
[2024-11-07T00:33:30.978+0000] {logging_mixin.py:190} INFO - [2024-11-07T00:33:30.977+0000] {dag.py:4180} INFO - Setting next_dagrun for latest_only_with_trigger to 2024-11-06 20:00:00+00:00, run_after=2024-11-07 00:00:00+00:00
[2024-11-07T00:33:30.992+0000] {processor.py:208} INFO - Processing /home/airflow/.local/lib/python3.12/site-packages/airflow/example_dags/example_latest_only_with_trigger.py took 0.069 seconds
[2024-11-07T00:34:01.334+0000] {processor.py:186} INFO - Started process (PID=535) to work on /home/airflow/.local/lib/python3.12/site-packages/airflow/example_dags/example_latest_only_with_trigger.py
[2024-11-07T00:34:01.335+0000] {processor.py:914} INFO - Processing file /home/airflow/.local/lib/python3.12/site-packages/airflow/example_dags/example_latest_only_with_trigger.py for tasks to queue
[2024-11-07T00:34:01.337+0000] {logging_mixin.py:190} INFO - [2024-11-07T00:34:01.336+0000] {dagbag.py:588} INFO - Filling up the DagBag from /home/airflow/.local/lib/python3.12/site-packages/airflow/example_dags/example_latest_only_with_trigger.py
[2024-11-07T00:34:01.343+0000] {processor.py:925} INFO - DAG(s) 'latest_only_with_trigger' retrieved from /home/airflow/.local/lib/python3.12/site-packages/airflow/example_dags/example_latest_only_with_trigger.py
[2024-11-07T00:34:01.362+0000] {logging_mixin.py:190} INFO - [2024-11-07T00:34:01.361+0000] {dag.py:3239} INFO - Sync 1 DAGs
[2024-11-07T00:34:01.382+0000] {logging_mixin.py:190} INFO - [2024-11-07T00:34:01.382+0000] {dag.py:4180} INFO - Setting next_dagrun for latest_only_with_trigger to 2024-11-06 20:00:00+00:00, run_after=2024-11-07 00:00:00+00:00
[2024-11-07T00:34:01.398+0000] {processor.py:208} INFO - Processing /home/airflow/.local/lib/python3.12/site-packages/airflow/example_dags/example_latest_only_with_trigger.py took 0.069 seconds
[2024-11-07T00:34:31.583+0000] {processor.py:186} INFO - Started process (PID=598) to work on /home/airflow/.local/lib/python3.12/site-packages/airflow/example_dags/example_latest_only_with_trigger.py
[2024-11-07T00:34:31.584+0000] {processor.py:914} INFO - Processing file /home/airflow/.local/lib/python3.12/site-packages/airflow/example_dags/example_latest_only_with_trigger.py for tasks to queue
[2024-11-07T00:34:31.586+0000] {logging_mixin.py:190} INFO - [2024-11-07T00:34:31.586+0000] {dagbag.py:588} INFO - Filling up the DagBag from /home/airflow/.local/lib/python3.12/site-packages/airflow/example_dags/example_latest_only_with_trigger.py
[2024-11-07T00:34:31.592+0000] {processor.py:925} INFO - DAG(s) 'latest_only_with_trigger' retrieved from /home/airflow/.local/lib/python3.12/site-packages/airflow/example_dags/example_latest_only_with_trigger.py
[2024-11-07T00:34:31.610+0000] {logging_mixin.py:190} INFO - [2024-11-07T00:34:31.610+0000] {dag.py:3239} INFO - Sync 1 DAGs
[2024-11-07T00:34:31.629+0000] {logging_mixin.py:190} INFO - [2024-11-07T00:34:31.629+0000] {dag.py:4180} INFO - Setting next_dagrun for latest_only_with_trigger to 2024-11-06 20:00:00+00:00, run_after=2024-11-07 00:00:00+00:00
[2024-11-07T00:34:31.643+0000] {processor.py:208} INFO - Processing /home/airflow/.local/lib/python3.12/site-packages/airflow/example_dags/example_latest_only_with_trigger.py took 0.065 seconds
[2024-11-07T00:35:02.743+0000] {processor.py:186} INFO - Started process (PID=663) to work on /home/airflow/.local/lib/python3.12/site-packages/airflow/example_dags/example_latest_only_with_trigger.py
[2024-11-07T00:35:02.744+0000] {processor.py:914} INFO - Processing file /home/airflow/.local/lib/python3.12/site-packages/airflow/example_dags/example_latest_only_with_trigger.py for tasks to queue
[2024-11-07T00:35:02.746+0000] {logging_mixin.py:190} INFO - [2024-11-07T00:35:02.745+0000] {dagbag.py:588} INFO - Filling up the DagBag from /home/airflow/.local/lib/python3.12/site-packages/airflow/example_dags/example_latest_only_with_trigger.py
[2024-11-07T00:35:02.752+0000] {processor.py:925} INFO - DAG(s) 'latest_only_with_trigger' retrieved from /home/airflow/.local/lib/python3.12/site-packages/airflow/example_dags/example_latest_only_with_trigger.py
[2024-11-07T00:35:02.769+0000] {logging_mixin.py:190} INFO - [2024-11-07T00:35:02.769+0000] {dag.py:3239} INFO - Sync 1 DAGs
[2024-11-07T00:35:02.789+0000] {logging_mixin.py:190} INFO - [2024-11-07T00:35:02.789+0000] {dag.py:4180} INFO - Setting next_dagrun for latest_only_with_trigger to 2024-11-06 20:00:00+00:00, run_after=2024-11-07 00:00:00+00:00
[2024-11-07T00:35:02.804+0000] {processor.py:208} INFO - Processing /home/airflow/.local/lib/python3.12/site-packages/airflow/example_dags/example_latest_only_with_trigger.py took 0.065 seconds
[2024-11-07T00:35:33.108+0000] {processor.py:186} INFO - Started process (PID=726) to work on /home/airflow/.local/lib/python3.12/site-packages/airflow/example_dags/example_latest_only_with_trigger.py
[2024-11-07T00:35:33.109+0000] {processor.py:914} INFO - Processing file /home/airflow/.local/lib/python3.12/site-packages/airflow/example_dags/example_latest_only_with_trigger.py for tasks to queue
[2024-11-07T00:35:33.111+0000] {logging_mixin.py:190} INFO - [2024-11-07T00:35:33.111+0000] {dagbag.py:588} INFO - Filling up the DagBag from /home/airflow/.local/lib/python3.12/site-packages/airflow/example_dags/example_latest_only_with_trigger.py
[2024-11-07T00:35:33.118+0000] {processor.py:925} INFO - DAG(s) 'latest_only_with_trigger' retrieved from /home/airflow/.local/lib/python3.12/site-packages/airflow/example_dags/example_latest_only_with_trigger.py
[2024-11-07T00:35:33.135+0000] {logging_mixin.py:190} INFO - [2024-11-07T00:35:33.135+0000] {dag.py:3239} INFO - Sync 1 DAGs
[2024-11-07T00:35:33.154+0000] {logging_mixin.py:190} INFO - [2024-11-07T00:35:33.154+0000] {dag.py:4180} INFO - Setting next_dagrun for latest_only_with_trigger to 2024-11-06 20:00:00+00:00, run_after=2024-11-07 00:00:00+00:00
[2024-11-07T00:35:33.169+0000] {processor.py:208} INFO - Processing /home/airflow/.local/lib/python3.12/site-packages/airflow/example_dags/example_latest_only_with_trigger.py took 0.066 seconds
[2024-11-07T00:36:03.368+0000] {processor.py:186} INFO - Started process (PID=783) to work on /home/airflow/.local/lib/python3.12/site-packages/airflow/example_dags/example_latest_only_with_trigger.py
[2024-11-07T00:36:03.369+0000] {processor.py:914} INFO - Processing file /home/airflow/.local/lib/python3.12/site-packages/airflow/example_dags/example_latest_only_with_trigger.py for tasks to queue
[2024-11-07T00:36:03.371+0000] {logging_mixin.py:190} INFO - [2024-11-07T00:36:03.370+0000] {dagbag.py:588} INFO - Filling up the DagBag from /home/airflow/.local/lib/python3.12/site-packages/airflow/example_dags/example_latest_only_with_trigger.py
[2024-11-07T00:36:03.377+0000] {processor.py:925} INFO - DAG(s) 'latest_only_with_trigger' retrieved from /home/airflow/.local/lib/python3.12/site-packages/airflow/example_dags/example_latest_only_with_trigger.py
[2024-11-07T00:36:03.394+0000] {logging_mixin.py:190} INFO - [2024-11-07T00:36:03.394+0000] {dag.py:3239} INFO - Sync 1 DAGs
[2024-11-07T00:36:03.415+0000] {logging_mixin.py:190} INFO - [2024-11-07T00:36:03.415+0000] {dag.py:4180} INFO - Setting next_dagrun for latest_only_with_trigger to 2024-11-06 20:00:00+00:00, run_after=2024-11-07 00:00:00+00:00
[2024-11-07T00:36:03.432+0000] {processor.py:208} INFO - Processing /home/airflow/.local/lib/python3.12/site-packages/airflow/example_dags/example_latest_only_with_trigger.py took 0.068 seconds
[2024-11-07T00:38:41.248+0000] {processor.py:186} INFO - Started process (PID=88) to work on /home/airflow/.local/lib/python3.12/site-packages/airflow/example_dags/example_latest_only_with_trigger.py
[2024-11-07T00:38:41.249+0000] {processor.py:914} INFO - Processing file /home/airflow/.local/lib/python3.12/site-packages/airflow/example_dags/example_latest_only_with_trigger.py for tasks to queue
[2024-11-07T00:38:41.250+0000] {logging_mixin.py:190} INFO - [2024-11-07T00:38:41.250+0000] {dagbag.py:588} INFO - Filling up the DagBag from /home/airflow/.local/lib/python3.12/site-packages/airflow/example_dags/example_latest_only_with_trigger.py
[2024-11-07T00:38:41.257+0000] {processor.py:925} INFO - DAG(s) 'latest_only_with_trigger' retrieved from /home/airflow/.local/lib/python3.12/site-packages/airflow/example_dags/example_latest_only_with_trigger.py
[2024-11-07T00:38:41.274+0000] {logging_mixin.py:190} INFO - [2024-11-07T00:38:41.274+0000] {dag.py:3239} INFO - Sync 1 DAGs
[2024-11-07T00:38:41.295+0000] {logging_mixin.py:190} INFO - [2024-11-07T00:38:41.295+0000] {dag.py:4180} INFO - Setting next_dagrun for latest_only_with_trigger to 2024-11-06 20:00:00+00:00, run_after=2024-11-07 00:00:00+00:00
[2024-11-07T00:38:41.308+0000] {processor.py:208} INFO - Processing /home/airflow/.local/lib/python3.12/site-packages/airflow/example_dags/example_latest_only_with_trigger.py took 0.065 seconds
[2024-11-07T00:39:11.843+0000] {processor.py:186} INFO - Started process (PID=151) to work on /home/airflow/.local/lib/python3.12/site-packages/airflow/example_dags/example_latest_only_with_trigger.py
[2024-11-07T00:39:11.844+0000] {processor.py:914} INFO - Processing file /home/airflow/.local/lib/python3.12/site-packages/airflow/example_dags/example_latest_only_with_trigger.py for tasks to queue
[2024-11-07T00:39:11.846+0000] {logging_mixin.py:190} INFO - [2024-11-07T00:39:11.846+0000] {dagbag.py:588} INFO - Filling up the DagBag from /home/airflow/.local/lib/python3.12/site-packages/airflow/example_dags/example_latest_only_with_trigger.py
[2024-11-07T00:39:11.853+0000] {processor.py:925} INFO - DAG(s) 'latest_only_with_trigger' retrieved from /home/airflow/.local/lib/python3.12/site-packages/airflow/example_dags/example_latest_only_with_trigger.py
[2024-11-07T00:39:11.871+0000] {logging_mixin.py:190} INFO - [2024-11-07T00:39:11.871+0000] {dag.py:3239} INFO - Sync 1 DAGs
[2024-11-07T00:39:11.895+0000] {logging_mixin.py:190} INFO - [2024-11-07T00:39:11.894+0000] {dag.py:4180} INFO - Setting next_dagrun for latest_only_with_trigger to 2024-11-06 20:00:00+00:00, run_after=2024-11-07 00:00:00+00:00
[2024-11-07T00:39:11.912+0000] {processor.py:208} INFO - Processing /home/airflow/.local/lib/python3.12/site-packages/airflow/example_dags/example_latest_only_with_trigger.py took 0.074 seconds
[2024-11-07T00:39:42.737+0000] {processor.py:186} INFO - Started process (PID=214) to work on /home/airflow/.local/lib/python3.12/site-packages/airflow/example_dags/example_latest_only_with_trigger.py
[2024-11-07T00:39:42.738+0000] {processor.py:914} INFO - Processing file /home/airflow/.local/lib/python3.12/site-packages/airflow/example_dags/example_latest_only_with_trigger.py for tasks to queue
[2024-11-07T00:39:42.740+0000] {logging_mixin.py:190} INFO - [2024-11-07T00:39:42.740+0000] {dagbag.py:588} INFO - Filling up the DagBag from /home/airflow/.local/lib/python3.12/site-packages/airflow/example_dags/example_latest_only_with_trigger.py
[2024-11-07T00:39:42.747+0000] {processor.py:925} INFO - DAG(s) 'latest_only_with_trigger' retrieved from /home/airflow/.local/lib/python3.12/site-packages/airflow/example_dags/example_latest_only_with_trigger.py
[2024-11-07T00:39:42.769+0000] {logging_mixin.py:190} INFO - [2024-11-07T00:39:42.768+0000] {dag.py:3239} INFO - Sync 1 DAGs
[2024-11-07T00:39:42.793+0000] {logging_mixin.py:190} INFO - [2024-11-07T00:39:42.792+0000] {dag.py:4180} INFO - Setting next_dagrun for latest_only_with_trigger to 2024-11-06 20:00:00+00:00, run_after=2024-11-07 00:00:00+00:00
[2024-11-07T00:39:42.814+0000] {processor.py:208} INFO - Processing /home/airflow/.local/lib/python3.12/site-packages/airflow/example_dags/example_latest_only_with_trigger.py took 0.082 seconds
[2024-11-07T00:40:14.216+0000] {processor.py:186} INFO - Started process (PID=277) to work on /home/airflow/.local/lib/python3.12/site-packages/airflow/example_dags/example_latest_only_with_trigger.py
[2024-11-07T00:40:14.216+0000] {processor.py:914} INFO - Processing file /home/airflow/.local/lib/python3.12/site-packages/airflow/example_dags/example_latest_only_with_trigger.py for tasks to queue
[2024-11-07T00:40:14.218+0000] {logging_mixin.py:190} INFO - [2024-11-07T00:40:14.218+0000] {dagbag.py:588} INFO - Filling up the DagBag from /home/airflow/.local/lib/python3.12/site-packages/airflow/example_dags/example_latest_only_with_trigger.py
[2024-11-07T00:40:14.225+0000] {processor.py:925} INFO - DAG(s) 'latest_only_with_trigger' retrieved from /home/airflow/.local/lib/python3.12/site-packages/airflow/example_dags/example_latest_only_with_trigger.py
[2024-11-07T00:40:14.242+0000] {logging_mixin.py:190} INFO - [2024-11-07T00:40:14.242+0000] {dag.py:3239} INFO - Sync 1 DAGs
[2024-11-07T00:40:14.263+0000] {logging_mixin.py:190} INFO - [2024-11-07T00:40:14.263+0000] {dag.py:4180} INFO - Setting next_dagrun for latest_only_with_trigger to 2024-11-06 20:00:00+00:00, run_after=2024-11-07 00:00:00+00:00
[2024-11-07T00:40:14.278+0000] {processor.py:208} INFO - Processing /home/airflow/.local/lib/python3.12/site-packages/airflow/example_dags/example_latest_only_with_trigger.py took 0.067 seconds
[2024-11-07T00:40:45.169+0000] {processor.py:186} INFO - Started process (PID=340) to work on /home/airflow/.local/lib/python3.12/site-packages/airflow/example_dags/example_latest_only_with_trigger.py
[2024-11-07T00:40:45.170+0000] {processor.py:914} INFO - Processing file /home/airflow/.local/lib/python3.12/site-packages/airflow/example_dags/example_latest_only_with_trigger.py for tasks to queue
[2024-11-07T00:40:45.171+0000] {logging_mixin.py:190} INFO - [2024-11-07T00:40:45.171+0000] {dagbag.py:588} INFO - Filling up the DagBag from /home/airflow/.local/lib/python3.12/site-packages/airflow/example_dags/example_latest_only_with_trigger.py
[2024-11-07T00:40:45.177+0000] {processor.py:925} INFO - DAG(s) 'latest_only_with_trigger' retrieved from /home/airflow/.local/lib/python3.12/site-packages/airflow/example_dags/example_latest_only_with_trigger.py
[2024-11-07T00:40:45.193+0000] {logging_mixin.py:190} INFO - [2024-11-07T00:40:45.193+0000] {dag.py:3239} INFO - Sync 1 DAGs
[2024-11-07T00:40:45.213+0000] {logging_mixin.py:190} INFO - [2024-11-07T00:40:45.213+0000] {dag.py:4180} INFO - Setting next_dagrun for latest_only_with_trigger to 2024-11-06 20:00:00+00:00, run_after=2024-11-07 00:00:00+00:00
[2024-11-07T00:40:45.228+0000] {processor.py:208} INFO - Processing /home/airflow/.local/lib/python3.12/site-packages/airflow/example_dags/example_latest_only_with_trigger.py took 0.064 seconds
[2024-11-07T00:41:16.175+0000] {processor.py:186} INFO - Started process (PID=402) to work on /home/airflow/.local/lib/python3.12/site-packages/airflow/example_dags/example_latest_only_with_trigger.py
[2024-11-07T00:41:16.176+0000] {processor.py:914} INFO - Processing file /home/airflow/.local/lib/python3.12/site-packages/airflow/example_dags/example_latest_only_with_trigger.py for tasks to queue
[2024-11-07T00:41:16.177+0000] {logging_mixin.py:190} INFO - [2024-11-07T00:41:16.177+0000] {dagbag.py:588} INFO - Filling up the DagBag from /home/airflow/.local/lib/python3.12/site-packages/airflow/example_dags/example_latest_only_with_trigger.py
[2024-11-07T00:41:16.184+0000] {processor.py:925} INFO - DAG(s) 'latest_only_with_trigger' retrieved from /home/airflow/.local/lib/python3.12/site-packages/airflow/example_dags/example_latest_only_with_trigger.py
[2024-11-07T00:41:16.200+0000] {logging_mixin.py:190} INFO - [2024-11-07T00:41:16.200+0000] {dag.py:3239} INFO - Sync 1 DAGs
[2024-11-07T00:41:16.220+0000] {logging_mixin.py:190} INFO - [2024-11-07T00:41:16.220+0000] {dag.py:4180} INFO - Setting next_dagrun for latest_only_with_trigger to 2024-11-06 20:00:00+00:00, run_after=2024-11-07 00:00:00+00:00
[2024-11-07T00:41:16.234+0000] {processor.py:208} INFO - Processing /home/airflow/.local/lib/python3.12/site-packages/airflow/example_dags/example_latest_only_with_trigger.py took 0.064 seconds
[2024-11-07T00:41:46.928+0000] {processor.py:186} INFO - Started process (PID=465) to work on /home/airflow/.local/lib/python3.12/site-packages/airflow/example_dags/example_latest_only_with_trigger.py
[2024-11-07T00:41:46.929+0000] {processor.py:914} INFO - Processing file /home/airflow/.local/lib/python3.12/site-packages/airflow/example_dags/example_latest_only_with_trigger.py for tasks to queue
[2024-11-07T00:41:46.931+0000] {logging_mixin.py:190} INFO - [2024-11-07T00:41:46.930+0000] {dagbag.py:588} INFO - Filling up the DagBag from /home/airflow/.local/lib/python3.12/site-packages/airflow/example_dags/example_latest_only_with_trigger.py
[2024-11-07T00:41:46.937+0000] {processor.py:925} INFO - DAG(s) 'latest_only_with_trigger' retrieved from /home/airflow/.local/lib/python3.12/site-packages/airflow/example_dags/example_latest_only_with_trigger.py
[2024-11-07T00:41:46.953+0000] {logging_mixin.py:190} INFO - [2024-11-07T00:41:46.953+0000] {dag.py:3239} INFO - Sync 1 DAGs
[2024-11-07T00:41:46.972+0000] {logging_mixin.py:190} INFO - [2024-11-07T00:41:46.972+0000] {dag.py:4180} INFO - Setting next_dagrun for latest_only_with_trigger to 2024-11-06 20:00:00+00:00, run_after=2024-11-07 00:00:00+00:00
[2024-11-07T00:41:46.986+0000] {processor.py:208} INFO - Processing /home/airflow/.local/lib/python3.12/site-packages/airflow/example_dags/example_latest_only_with_trigger.py took 0.062 seconds
[2024-11-07T00:42:17.791+0000] {processor.py:186} INFO - Started process (PID=528) to work on /home/airflow/.local/lib/python3.12/site-packages/airflow/example_dags/example_latest_only_with_trigger.py
[2024-11-07T00:42:17.791+0000] {processor.py:914} INFO - Processing file /home/airflow/.local/lib/python3.12/site-packages/airflow/example_dags/example_latest_only_with_trigger.py for tasks to queue
[2024-11-07T00:42:17.793+0000] {logging_mixin.py:190} INFO - [2024-11-07T00:42:17.793+0000] {dagbag.py:588} INFO - Filling up the DagBag from /home/airflow/.local/lib/python3.12/site-packages/airflow/example_dags/example_latest_only_with_trigger.py
[2024-11-07T00:42:17.799+0000] {processor.py:925} INFO - DAG(s) 'latest_only_with_trigger' retrieved from /home/airflow/.local/lib/python3.12/site-packages/airflow/example_dags/example_latest_only_with_trigger.py
[2024-11-07T00:42:17.815+0000] {logging_mixin.py:190} INFO - [2024-11-07T00:42:17.815+0000] {dag.py:3239} INFO - Sync 1 DAGs
[2024-11-07T00:42:17.834+0000] {logging_mixin.py:190} INFO - [2024-11-07T00:42:17.834+0000] {dag.py:4180} INFO - Setting next_dagrun for latest_only_with_trigger to 2024-11-06 20:00:00+00:00, run_after=2024-11-07 00:00:00+00:00
[2024-11-07T00:42:17.850+0000] {processor.py:208} INFO - Processing /home/airflow/.local/lib/python3.12/site-packages/airflow/example_dags/example_latest_only_with_trigger.py took 0.063 seconds
[2024-11-07T00:42:48.487+0000] {processor.py:186} INFO - Started process (PID=591) to work on /home/airflow/.local/lib/python3.12/site-packages/airflow/example_dags/example_latest_only_with_trigger.py
[2024-11-07T00:42:48.487+0000] {processor.py:914} INFO - Processing file /home/airflow/.local/lib/python3.12/site-packages/airflow/example_dags/example_latest_only_with_trigger.py for tasks to queue
[2024-11-07T00:42:48.489+0000] {logging_mixin.py:190} INFO - [2024-11-07T00:42:48.489+0000] {dagbag.py:588} INFO - Filling up the DagBag from /home/airflow/.local/lib/python3.12/site-packages/airflow/example_dags/example_latest_only_with_trigger.py
[2024-11-07T00:42:48.495+0000] {processor.py:925} INFO - DAG(s) 'latest_only_with_trigger' retrieved from /home/airflow/.local/lib/python3.12/site-packages/airflow/example_dags/example_latest_only_with_trigger.py
[2024-11-07T00:42:48.514+0000] {logging_mixin.py:190} INFO - [2024-11-07T00:42:48.514+0000] {dag.py:3239} INFO - Sync 1 DAGs
[2024-11-07T00:42:48.535+0000] {logging_mixin.py:190} INFO - [2024-11-07T00:42:48.535+0000] {dag.py:4180} INFO - Setting next_dagrun for latest_only_with_trigger to 2024-11-06 20:00:00+00:00, run_after=2024-11-07 00:00:00+00:00
[2024-11-07T00:42:48.550+0000] {processor.py:208} INFO - Processing /home/airflow/.local/lib/python3.12/site-packages/airflow/example_dags/example_latest_only_with_trigger.py took 0.069 seconds
[2024-11-07T00:43:20.003+0000] {processor.py:186} INFO - Started process (PID=655) to work on /home/airflow/.local/lib/python3.12/site-packages/airflow/example_dags/example_latest_only_with_trigger.py
[2024-11-07T00:43:20.004+0000] {processor.py:914} INFO - Processing file /home/airflow/.local/lib/python3.12/site-packages/airflow/example_dags/example_latest_only_with_trigger.py for tasks to queue
[2024-11-07T00:43:20.006+0000] {logging_mixin.py:190} INFO - [2024-11-07T00:43:20.005+0000] {dagbag.py:588} INFO - Filling up the DagBag from /home/airflow/.local/lib/python3.12/site-packages/airflow/example_dags/example_latest_only_with_trigger.py
[2024-11-07T00:43:20.013+0000] {processor.py:925} INFO - DAG(s) 'latest_only_with_trigger' retrieved from /home/airflow/.local/lib/python3.12/site-packages/airflow/example_dags/example_latest_only_with_trigger.py
[2024-11-07T00:43:20.031+0000] {logging_mixin.py:190} INFO - [2024-11-07T00:43:20.031+0000] {dag.py:3239} INFO - Sync 1 DAGs
[2024-11-07T00:43:20.052+0000] {logging_mixin.py:190} INFO - [2024-11-07T00:43:20.052+0000] {dag.py:4180} INFO - Setting next_dagrun for latest_only_with_trigger to 2024-11-06 20:00:00+00:00, run_after=2024-11-07 00:00:00+00:00
[2024-11-07T00:43:20.069+0000] {processor.py:208} INFO - Processing /home/airflow/.local/lib/python3.12/site-packages/airflow/example_dags/example_latest_only_with_trigger.py took 0.071 seconds
[2024-11-07T00:43:50.915+0000] {processor.py:186} INFO - Started process (PID=718) to work on /home/airflow/.local/lib/python3.12/site-packages/airflow/example_dags/example_latest_only_with_trigger.py
[2024-11-07T00:43:50.916+0000] {processor.py:914} INFO - Processing file /home/airflow/.local/lib/python3.12/site-packages/airflow/example_dags/example_latest_only_with_trigger.py for tasks to queue
[2024-11-07T00:43:50.918+0000] {logging_mixin.py:190} INFO - [2024-11-07T00:43:50.917+0000] {dagbag.py:588} INFO - Filling up the DagBag from /home/airflow/.local/lib/python3.12/site-packages/airflow/example_dags/example_latest_only_with_trigger.py
[2024-11-07T00:43:50.924+0000] {processor.py:925} INFO - DAG(s) 'latest_only_with_trigger' retrieved from /home/airflow/.local/lib/python3.12/site-packages/airflow/example_dags/example_latest_only_with_trigger.py
[2024-11-07T00:43:50.942+0000] {logging_mixin.py:190} INFO - [2024-11-07T00:43:50.942+0000] {dag.py:3239} INFO - Sync 1 DAGs
[2024-11-07T00:43:50.962+0000] {logging_mixin.py:190} INFO - [2024-11-07T00:43:50.962+0000] {dag.py:4180} INFO - Setting next_dagrun for latest_only_with_trigger to 2024-11-06 20:00:00+00:00, run_after=2024-11-07 00:00:00+00:00
[2024-11-07T00:43:50.977+0000] {processor.py:208} INFO - Processing /home/airflow/.local/lib/python3.12/site-packages/airflow/example_dags/example_latest_only_with_trigger.py took 0.067 seconds
[2024-11-07T00:44:21.914+0000] {processor.py:186} INFO - Started process (PID=782) to work on /home/airflow/.local/lib/python3.12/site-packages/airflow/example_dags/example_latest_only_with_trigger.py
[2024-11-07T00:44:21.914+0000] {processor.py:914} INFO - Processing file /home/airflow/.local/lib/python3.12/site-packages/airflow/example_dags/example_latest_only_with_trigger.py for tasks to queue
[2024-11-07T00:44:21.917+0000] {logging_mixin.py:190} INFO - [2024-11-07T00:44:21.916+0000] {dagbag.py:588} INFO - Filling up the DagBag from /home/airflow/.local/lib/python3.12/site-packages/airflow/example_dags/example_latest_only_with_trigger.py
[2024-11-07T00:44:21.923+0000] {processor.py:925} INFO - DAG(s) 'latest_only_with_trigger' retrieved from /home/airflow/.local/lib/python3.12/site-packages/airflow/example_dags/example_latest_only_with_trigger.py
[2024-11-07T00:44:21.942+0000] {logging_mixin.py:190} INFO - [2024-11-07T00:44:21.941+0000] {dag.py:3239} INFO - Sync 1 DAGs
[2024-11-07T00:44:21.962+0000] {logging_mixin.py:190} INFO - [2024-11-07T00:44:21.962+0000] {dag.py:4180} INFO - Setting next_dagrun for latest_only_with_trigger to 2024-11-06 20:00:00+00:00, run_after=2024-11-07 00:00:00+00:00
[2024-11-07T00:44:21.980+0000] {processor.py:208} INFO - Processing /home/airflow/.local/lib/python3.12/site-packages/airflow/example_dags/example_latest_only_with_trigger.py took 0.071 seconds
[2024-11-07T00:44:53.168+0000] {processor.py:186} INFO - Started process (PID=845) to work on /home/airflow/.local/lib/python3.12/site-packages/airflow/example_dags/example_latest_only_with_trigger.py
[2024-11-07T00:44:53.169+0000] {processor.py:914} INFO - Processing file /home/airflow/.local/lib/python3.12/site-packages/airflow/example_dags/example_latest_only_with_trigger.py for tasks to queue
[2024-11-07T00:44:53.171+0000] {logging_mixin.py:190} INFO - [2024-11-07T00:44:53.171+0000] {dagbag.py:588} INFO - Filling up the DagBag from /home/airflow/.local/lib/python3.12/site-packages/airflow/example_dags/example_latest_only_with_trigger.py
[2024-11-07T00:44:53.177+0000] {processor.py:925} INFO - DAG(s) 'latest_only_with_trigger' retrieved from /home/airflow/.local/lib/python3.12/site-packages/airflow/example_dags/example_latest_only_with_trigger.py
[2024-11-07T00:44:53.193+0000] {logging_mixin.py:190} INFO - [2024-11-07T00:44:53.193+0000] {dag.py:3239} INFO - Sync 1 DAGs
[2024-11-07T00:44:53.214+0000] {logging_mixin.py:190} INFO - [2024-11-07T00:44:53.214+0000] {dag.py:4180} INFO - Setting next_dagrun for latest_only_with_trigger to 2024-11-06 20:00:00+00:00, run_after=2024-11-07 00:00:00+00:00
[2024-11-07T00:44:53.229+0000] {processor.py:208} INFO - Processing /home/airflow/.local/lib/python3.12/site-packages/airflow/example_dags/example_latest_only_with_trigger.py took 0.065 seconds
[2024-11-07T00:45:24.444+0000] {processor.py:186} INFO - Started process (PID=915) to work on /home/airflow/.local/lib/python3.12/site-packages/airflow/example_dags/example_latest_only_with_trigger.py
[2024-11-07T00:45:24.445+0000] {processor.py:914} INFO - Processing file /home/airflow/.local/lib/python3.12/site-packages/airflow/example_dags/example_latest_only_with_trigger.py for tasks to queue
[2024-11-07T00:45:24.446+0000] {logging_mixin.py:190} INFO - [2024-11-07T00:45:24.446+0000] {dagbag.py:588} INFO - Filling up the DagBag from /home/airflow/.local/lib/python3.12/site-packages/airflow/example_dags/example_latest_only_with_trigger.py
[2024-11-07T00:45:24.452+0000] {processor.py:925} INFO - DAG(s) 'latest_only_with_trigger' retrieved from /home/airflow/.local/lib/python3.12/site-packages/airflow/example_dags/example_latest_only_with_trigger.py
[2024-11-07T00:45:24.468+0000] {logging_mixin.py:190} INFO - [2024-11-07T00:45:24.468+0000] {dag.py:3239} INFO - Sync 1 DAGs
[2024-11-07T00:45:24.486+0000] {logging_mixin.py:190} INFO - [2024-11-07T00:45:24.486+0000] {dag.py:4180} INFO - Setting next_dagrun for latest_only_with_trigger to 2024-11-06 20:00:00+00:00, run_after=2024-11-07 00:00:00+00:00
[2024-11-07T00:45:24.501+0000] {processor.py:208} INFO - Processing /home/airflow/.local/lib/python3.12/site-packages/airflow/example_dags/example_latest_only_with_trigger.py took 0.061 seconds
[2024-11-07T00:45:55.623+0000] {processor.py:186} INFO - Started process (PID=979) to work on /home/airflow/.local/lib/python3.12/site-packages/airflow/example_dags/example_latest_only_with_trigger.py
[2024-11-07T00:45:55.624+0000] {processor.py:914} INFO - Processing file /home/airflow/.local/lib/python3.12/site-packages/airflow/example_dags/example_latest_only_with_trigger.py for tasks to queue
[2024-11-07T00:45:55.626+0000] {logging_mixin.py:190} INFO - [2024-11-07T00:45:55.625+0000] {dagbag.py:588} INFO - Filling up the DagBag from /home/airflow/.local/lib/python3.12/site-packages/airflow/example_dags/example_latest_only_with_trigger.py
[2024-11-07T00:45:55.632+0000] {processor.py:925} INFO - DAG(s) 'latest_only_with_trigger' retrieved from /home/airflow/.local/lib/python3.12/site-packages/airflow/example_dags/example_latest_only_with_trigger.py
[2024-11-07T00:45:55.649+0000] {logging_mixin.py:190} INFO - [2024-11-07T00:45:55.648+0000] {dag.py:3239} INFO - Sync 1 DAGs
[2024-11-07T00:45:55.668+0000] {logging_mixin.py:190} INFO - [2024-11-07T00:45:55.668+0000] {dag.py:4180} INFO - Setting next_dagrun for latest_only_with_trigger to 2024-11-06 20:00:00+00:00, run_after=2024-11-07 00:00:00+00:00
[2024-11-07T00:45:55.684+0000] {processor.py:208} INFO - Processing /home/airflow/.local/lib/python3.12/site-packages/airflow/example_dags/example_latest_only_with_trigger.py took 0.065 seconds
[2024-11-07T00:46:26.790+0000] {processor.py:186} INFO - Started process (PID=1043) to work on /home/airflow/.local/lib/python3.12/site-packages/airflow/example_dags/example_latest_only_with_trigger.py
[2024-11-07T00:46:26.791+0000] {processor.py:914} INFO - Processing file /home/airflow/.local/lib/python3.12/site-packages/airflow/example_dags/example_latest_only_with_trigger.py for tasks to queue
[2024-11-07T00:46:26.793+0000] {logging_mixin.py:190} INFO - [2024-11-07T00:46:26.793+0000] {dagbag.py:588} INFO - Filling up the DagBag from /home/airflow/.local/lib/python3.12/site-packages/airflow/example_dags/example_latest_only_with_trigger.py
[2024-11-07T00:46:26.799+0000] {processor.py:925} INFO - DAG(s) 'latest_only_with_trigger' retrieved from /home/airflow/.local/lib/python3.12/site-packages/airflow/example_dags/example_latest_only_with_trigger.py
[2024-11-07T00:46:26.816+0000] {logging_mixin.py:190} INFO - [2024-11-07T00:46:26.815+0000] {dag.py:3239} INFO - Sync 1 DAGs
[2024-11-07T00:46:26.835+0000] {logging_mixin.py:190} INFO - [2024-11-07T00:46:26.834+0000] {dag.py:4180} INFO - Setting next_dagrun for latest_only_with_trigger to 2024-11-06 20:00:00+00:00, run_after=2024-11-07 00:00:00+00:00
[2024-11-07T00:46:26.849+0000] {processor.py:208} INFO - Processing /home/airflow/.local/lib/python3.12/site-packages/airflow/example_dags/example_latest_only_with_trigger.py took 0.063 seconds
[2024-11-07T00:46:57.603+0000] {processor.py:186} INFO - Started process (PID=1107) to work on /home/airflow/.local/lib/python3.12/site-packages/airflow/example_dags/example_latest_only_with_trigger.py
[2024-11-07T00:46:57.604+0000] {processor.py:914} INFO - Processing file /home/airflow/.local/lib/python3.12/site-packages/airflow/example_dags/example_latest_only_with_trigger.py for tasks to queue
[2024-11-07T00:46:57.606+0000] {logging_mixin.py:190} INFO - [2024-11-07T00:46:57.605+0000] {dagbag.py:588} INFO - Filling up the DagBag from /home/airflow/.local/lib/python3.12/site-packages/airflow/example_dags/example_latest_only_with_trigger.py
[2024-11-07T00:46:57.612+0000] {processor.py:925} INFO - DAG(s) 'latest_only_with_trigger' retrieved from /home/airflow/.local/lib/python3.12/site-packages/airflow/example_dags/example_latest_only_with_trigger.py
[2024-11-07T00:46:57.628+0000] {logging_mixin.py:190} INFO - [2024-11-07T00:46:57.628+0000] {dag.py:3239} INFO - Sync 1 DAGs
[2024-11-07T00:46:57.648+0000] {logging_mixin.py:190} INFO - [2024-11-07T00:46:57.648+0000] {dag.py:4180} INFO - Setting next_dagrun for latest_only_with_trigger to 2024-11-06 20:00:00+00:00, run_after=2024-11-07 00:00:00+00:00
[2024-11-07T00:46:57.662+0000] {processor.py:208} INFO - Processing /home/airflow/.local/lib/python3.12/site-packages/airflow/example_dags/example_latest_only_with_trigger.py took 0.063 seconds
[2024-11-07T00:47:28.855+0000] {processor.py:186} INFO - Started process (PID=1171) to work on /home/airflow/.local/lib/python3.12/site-packages/airflow/example_dags/example_latest_only_with_trigger.py
[2024-11-07T00:47:28.855+0000] {processor.py:914} INFO - Processing file /home/airflow/.local/lib/python3.12/site-packages/airflow/example_dags/example_latest_only_with_trigger.py for tasks to queue
[2024-11-07T00:47:28.857+0000] {logging_mixin.py:190} INFO - [2024-11-07T00:47:28.857+0000] {dagbag.py:588} INFO - Filling up the DagBag from /home/airflow/.local/lib/python3.12/site-packages/airflow/example_dags/example_latest_only_with_trigger.py
[2024-11-07T00:47:28.863+0000] {processor.py:925} INFO - DAG(s) 'latest_only_with_trigger' retrieved from /home/airflow/.local/lib/python3.12/site-packages/airflow/example_dags/example_latest_only_with_trigger.py
[2024-11-07T00:47:28.881+0000] {logging_mixin.py:190} INFO - [2024-11-07T00:47:28.880+0000] {dag.py:3239} INFO - Sync 1 DAGs
[2024-11-07T00:47:28.899+0000] {logging_mixin.py:190} INFO - [2024-11-07T00:47:28.899+0000] {dag.py:4180} INFO - Setting next_dagrun for latest_only_with_trigger to 2024-11-06 20:00:00+00:00, run_after=2024-11-07 00:00:00+00:00
[2024-11-07T00:47:28.914+0000] {processor.py:208} INFO - Processing /home/airflow/.local/lib/python3.12/site-packages/airflow/example_dags/example_latest_only_with_trigger.py took 0.064 seconds
[2024-11-07T00:55:09.264+0000] {processor.py:186} INFO - Started process (PID=1266) to work on /home/airflow/.local/lib/python3.12/site-packages/airflow/example_dags/example_latest_only_with_trigger.py
[2024-11-07T00:55:09.265+0000] {processor.py:914} INFO - Processing file /home/airflow/.local/lib/python3.12/site-packages/airflow/example_dags/example_latest_only_with_trigger.py for tasks to queue
[2024-11-07T00:55:09.267+0000] {logging_mixin.py:190} INFO - [2024-11-07T00:55:09.266+0000] {dagbag.py:588} INFO - Filling up the DagBag from /home/airflow/.local/lib/python3.12/site-packages/airflow/example_dags/example_latest_only_with_trigger.py
[2024-11-07T00:55:09.273+0000] {processor.py:925} INFO - DAG(s) 'latest_only_with_trigger' retrieved from /home/airflow/.local/lib/python3.12/site-packages/airflow/example_dags/example_latest_only_with_trigger.py
[2024-11-07T00:55:09.291+0000] {logging_mixin.py:190} INFO - [2024-11-07T00:55:09.291+0000] {dag.py:3239} INFO - Sync 1 DAGs
[2024-11-07T00:55:09.310+0000] {logging_mixin.py:190} INFO - [2024-11-07T00:55:09.310+0000] {dag.py:4180} INFO - Setting next_dagrun for latest_only_with_trigger to 2024-11-06 20:00:00+00:00, run_after=2024-11-07 00:00:00+00:00
[2024-11-07T00:55:09.325+0000] {processor.py:208} INFO - Processing /home/airflow/.local/lib/python3.12/site-packages/airflow/example_dags/example_latest_only_with_trigger.py took 0.065 seconds
[2024-11-07T00:55:40.409+0000] {processor.py:186} INFO - Started process (PID=1334) to work on /home/airflow/.local/lib/python3.12/site-packages/airflow/example_dags/example_latest_only_with_trigger.py
[2024-11-07T00:55:40.410+0000] {processor.py:914} INFO - Processing file /home/airflow/.local/lib/python3.12/site-packages/airflow/example_dags/example_latest_only_with_trigger.py for tasks to queue
[2024-11-07T00:55:40.411+0000] {logging_mixin.py:190} INFO - [2024-11-07T00:55:40.411+0000] {dagbag.py:588} INFO - Filling up the DagBag from /home/airflow/.local/lib/python3.12/site-packages/airflow/example_dags/example_latest_only_with_trigger.py
[2024-11-07T00:55:40.417+0000] {processor.py:925} INFO - DAG(s) 'latest_only_with_trigger' retrieved from /home/airflow/.local/lib/python3.12/site-packages/airflow/example_dags/example_latest_only_with_trigger.py
[2024-11-07T00:55:40.434+0000] {logging_mixin.py:190} INFO - [2024-11-07T00:55:40.434+0000] {dag.py:3239} INFO - Sync 1 DAGs
[2024-11-07T00:55:40.454+0000] {logging_mixin.py:190} INFO - [2024-11-07T00:55:40.454+0000] {dag.py:4180} INFO - Setting next_dagrun for latest_only_with_trigger to 2024-11-06 20:00:00+00:00, run_after=2024-11-07 00:00:00+00:00
[2024-11-07T00:55:40.469+0000] {processor.py:208} INFO - Processing /home/airflow/.local/lib/python3.12/site-packages/airflow/example_dags/example_latest_only_with_trigger.py took 0.065 seconds
[2024-11-07T00:56:11.217+0000] {processor.py:186} INFO - Started process (PID=1398) to work on /home/airflow/.local/lib/python3.12/site-packages/airflow/example_dags/example_latest_only_with_trigger.py
[2024-11-07T00:56:11.217+0000] {processor.py:914} INFO - Processing file /home/airflow/.local/lib/python3.12/site-packages/airflow/example_dags/example_latest_only_with_trigger.py for tasks to queue
[2024-11-07T00:56:11.219+0000] {logging_mixin.py:190} INFO - [2024-11-07T00:56:11.219+0000] {dagbag.py:588} INFO - Filling up the DagBag from /home/airflow/.local/lib/python3.12/site-packages/airflow/example_dags/example_latest_only_with_trigger.py
[2024-11-07T00:56:11.226+0000] {processor.py:925} INFO - DAG(s) 'latest_only_with_trigger' retrieved from /home/airflow/.local/lib/python3.12/site-packages/airflow/example_dags/example_latest_only_with_trigger.py
[2024-11-07T00:56:11.243+0000] {logging_mixin.py:190} INFO - [2024-11-07T00:56:11.243+0000] {dag.py:3239} INFO - Sync 1 DAGs
[2024-11-07T00:56:11.262+0000] {logging_mixin.py:190} INFO - [2024-11-07T00:56:11.262+0000] {dag.py:4180} INFO - Setting next_dagrun for latest_only_with_trigger to 2024-11-06 20:00:00+00:00, run_after=2024-11-07 00:00:00+00:00
[2024-11-07T00:56:11.277+0000] {processor.py:208} INFO - Processing /home/airflow/.local/lib/python3.12/site-packages/airflow/example_dags/example_latest_only_with_trigger.py took 0.065 seconds
[2024-11-07T00:56:42.254+0000] {processor.py:186} INFO - Started process (PID=1462) to work on /home/airflow/.local/lib/python3.12/site-packages/airflow/example_dags/example_latest_only_with_trigger.py
[2024-11-07T00:56:42.254+0000] {processor.py:914} INFO - Processing file /home/airflow/.local/lib/python3.12/site-packages/airflow/example_dags/example_latest_only_with_trigger.py for tasks to queue
[2024-11-07T00:56:42.256+0000] {logging_mixin.py:190} INFO - [2024-11-07T00:56:42.256+0000] {dagbag.py:588} INFO - Filling up the DagBag from /home/airflow/.local/lib/python3.12/site-packages/airflow/example_dags/example_latest_only_with_trigger.py
[2024-11-07T00:56:42.262+0000] {processor.py:925} INFO - DAG(s) 'latest_only_with_trigger' retrieved from /home/airflow/.local/lib/python3.12/site-packages/airflow/example_dags/example_latest_only_with_trigger.py
[2024-11-07T00:56:42.279+0000] {logging_mixin.py:190} INFO - [2024-11-07T00:56:42.278+0000] {dag.py:3239} INFO - Sync 1 DAGs
[2024-11-07T00:56:42.297+0000] {logging_mixin.py:190} INFO - [2024-11-07T00:56:42.297+0000] {dag.py:4180} INFO - Setting next_dagrun for latest_only_with_trigger to 2024-11-06 20:00:00+00:00, run_after=2024-11-07 00:00:00+00:00
[2024-11-07T00:56:42.312+0000] {processor.py:208} INFO - Processing /home/airflow/.local/lib/python3.12/site-packages/airflow/example_dags/example_latest_only_with_trigger.py took 0.063 seconds
[2024-11-07T00:57:13.624+0000] {processor.py:186} INFO - Started process (PID=1526) to work on /home/airflow/.local/lib/python3.12/site-packages/airflow/example_dags/example_latest_only_with_trigger.py
[2024-11-07T00:57:13.625+0000] {processor.py:914} INFO - Processing file /home/airflow/.local/lib/python3.12/site-packages/airflow/example_dags/example_latest_only_with_trigger.py for tasks to queue
[2024-11-07T00:57:13.627+0000] {logging_mixin.py:190} INFO - [2024-11-07T00:57:13.627+0000] {dagbag.py:588} INFO - Filling up the DagBag from /home/airflow/.local/lib/python3.12/site-packages/airflow/example_dags/example_latest_only_with_trigger.py
[2024-11-07T00:57:13.633+0000] {processor.py:925} INFO - DAG(s) 'latest_only_with_trigger' retrieved from /home/airflow/.local/lib/python3.12/site-packages/airflow/example_dags/example_latest_only_with_trigger.py
[2024-11-07T00:57:13.650+0000] {logging_mixin.py:190} INFO - [2024-11-07T00:57:13.650+0000] {dag.py:3239} INFO - Sync 1 DAGs
[2024-11-07T00:57:13.670+0000] {logging_mixin.py:190} INFO - [2024-11-07T00:57:13.669+0000] {dag.py:4180} INFO - Setting next_dagrun for latest_only_with_trigger to 2024-11-06 20:00:00+00:00, run_after=2024-11-07 00:00:00+00:00
[2024-11-07T00:57:13.684+0000] {processor.py:208} INFO - Processing /home/airflow/.local/lib/python3.12/site-packages/airflow/example_dags/example_latest_only_with_trigger.py took 0.065 seconds
[2024-11-07T00:57:44.720+0000] {processor.py:186} INFO - Started process (PID=1590) to work on /home/airflow/.local/lib/python3.12/site-packages/airflow/example_dags/example_latest_only_with_trigger.py
[2024-11-07T00:57:44.721+0000] {processor.py:914} INFO - Processing file /home/airflow/.local/lib/python3.12/site-packages/airflow/example_dags/example_latest_only_with_trigger.py for tasks to queue
[2024-11-07T00:57:44.723+0000] {logging_mixin.py:190} INFO - [2024-11-07T00:57:44.723+0000] {dagbag.py:588} INFO - Filling up the DagBag from /home/airflow/.local/lib/python3.12/site-packages/airflow/example_dags/example_latest_only_with_trigger.py
[2024-11-07T00:57:44.729+0000] {processor.py:925} INFO - DAG(s) 'latest_only_with_trigger' retrieved from /home/airflow/.local/lib/python3.12/site-packages/airflow/example_dags/example_latest_only_with_trigger.py
[2024-11-07T00:57:44.746+0000] {logging_mixin.py:190} INFO - [2024-11-07T00:57:44.746+0000] {dag.py:3239} INFO - Sync 1 DAGs
[2024-11-07T00:57:44.766+0000] {logging_mixin.py:190} INFO - [2024-11-07T00:57:44.766+0000] {dag.py:4180} INFO - Setting next_dagrun for latest_only_with_trigger to 2024-11-06 20:00:00+00:00, run_after=2024-11-07 00:00:00+00:00
[2024-11-07T00:57:44.781+0000] {processor.py:208} INFO - Processing /home/airflow/.local/lib/python3.12/site-packages/airflow/example_dags/example_latest_only_with_trigger.py took 0.065 seconds
[2024-11-07T00:58:16.076+0000] {processor.py:186} INFO - Started process (PID=1654) to work on /home/airflow/.local/lib/python3.12/site-packages/airflow/example_dags/example_latest_only_with_trigger.py
[2024-11-07T00:58:16.077+0000] {processor.py:914} INFO - Processing file /home/airflow/.local/lib/python3.12/site-packages/airflow/example_dags/example_latest_only_with_trigger.py for tasks to queue
[2024-11-07T00:58:16.078+0000] {logging_mixin.py:190} INFO - [2024-11-07T00:58:16.078+0000] {dagbag.py:588} INFO - Filling up the DagBag from /home/airflow/.local/lib/python3.12/site-packages/airflow/example_dags/example_latest_only_with_trigger.py
[2024-11-07T00:58:16.084+0000] {processor.py:925} INFO - DAG(s) 'latest_only_with_trigger' retrieved from /home/airflow/.local/lib/python3.12/site-packages/airflow/example_dags/example_latest_only_with_trigger.py
[2024-11-07T00:58:16.100+0000] {logging_mixin.py:190} INFO - [2024-11-07T00:58:16.100+0000] {dag.py:3239} INFO - Sync 1 DAGs
[2024-11-07T00:58:16.119+0000] {logging_mixin.py:190} INFO - [2024-11-07T00:58:16.119+0000] {dag.py:4180} INFO - Setting next_dagrun for latest_only_with_trigger to 2024-11-06 20:00:00+00:00, run_after=2024-11-07 00:00:00+00:00
[2024-11-07T00:58:16.134+0000] {processor.py:208} INFO - Processing /home/airflow/.local/lib/python3.12/site-packages/airflow/example_dags/example_latest_only_with_trigger.py took 0.063 seconds
[2024-11-07T00:58:46.926+0000] {processor.py:186} INFO - Started process (PID=1718) to work on /home/airflow/.local/lib/python3.12/site-packages/airflow/example_dags/example_latest_only_with_trigger.py
[2024-11-07T00:58:46.926+0000] {processor.py:914} INFO - Processing file /home/airflow/.local/lib/python3.12/site-packages/airflow/example_dags/example_latest_only_with_trigger.py for tasks to queue
[2024-11-07T00:58:46.928+0000] {logging_mixin.py:190} INFO - [2024-11-07T00:58:46.928+0000] {dagbag.py:588} INFO - Filling up the DagBag from /home/airflow/.local/lib/python3.12/site-packages/airflow/example_dags/example_latest_only_with_trigger.py
[2024-11-07T00:58:46.934+0000] {processor.py:925} INFO - DAG(s) 'latest_only_with_trigger' retrieved from /home/airflow/.local/lib/python3.12/site-packages/airflow/example_dags/example_latest_only_with_trigger.py
[2024-11-07T00:58:46.952+0000] {logging_mixin.py:190} INFO - [2024-11-07T00:58:46.952+0000] {dag.py:3239} INFO - Sync 1 DAGs
[2024-11-07T00:58:46.972+0000] {logging_mixin.py:190} INFO - [2024-11-07T00:58:46.972+0000] {dag.py:4180} INFO - Setting next_dagrun for latest_only_with_trigger to 2024-11-06 20:00:00+00:00, run_after=2024-11-07 00:00:00+00:00
[2024-11-07T00:58:46.988+0000] {processor.py:208} INFO - Processing /home/airflow/.local/lib/python3.12/site-packages/airflow/example_dags/example_latest_only_with_trigger.py took 0.067 seconds
[2024-11-07T00:59:17.394+0000] {processor.py:186} INFO - Started process (PID=1782) to work on /home/airflow/.local/lib/python3.12/site-packages/airflow/example_dags/example_latest_only_with_trigger.py
[2024-11-07T00:59:17.395+0000] {processor.py:914} INFO - Processing file /home/airflow/.local/lib/python3.12/site-packages/airflow/example_dags/example_latest_only_with_trigger.py for tasks to queue
[2024-11-07T00:59:17.397+0000] {logging_mixin.py:190} INFO - [2024-11-07T00:59:17.397+0000] {dagbag.py:588} INFO - Filling up the DagBag from /home/airflow/.local/lib/python3.12/site-packages/airflow/example_dags/example_latest_only_with_trigger.py
[2024-11-07T00:59:17.403+0000] {processor.py:925} INFO - DAG(s) 'latest_only_with_trigger' retrieved from /home/airflow/.local/lib/python3.12/site-packages/airflow/example_dags/example_latest_only_with_trigger.py
[2024-11-07T00:59:17.420+0000] {logging_mixin.py:190} INFO - [2024-11-07T00:59:17.419+0000] {dag.py:3239} INFO - Sync 1 DAGs
[2024-11-07T00:59:17.438+0000] {logging_mixin.py:190} INFO - [2024-11-07T00:59:17.438+0000] {dag.py:4180} INFO - Setting next_dagrun for latest_only_with_trigger to 2024-11-06 20:00:00+00:00, run_after=2024-11-07 00:00:00+00:00
[2024-11-07T00:59:17.452+0000] {processor.py:208} INFO - Processing /home/airflow/.local/lib/python3.12/site-packages/airflow/example_dags/example_latest_only_with_trigger.py took 0.063 seconds
[2024-11-07T00:59:47.958+0000] {processor.py:186} INFO - Started process (PID=1846) to work on /home/airflow/.local/lib/python3.12/site-packages/airflow/example_dags/example_latest_only_with_trigger.py
[2024-11-07T00:59:47.959+0000] {processor.py:914} INFO - Processing file /home/airflow/.local/lib/python3.12/site-packages/airflow/example_dags/example_latest_only_with_trigger.py for tasks to queue
[2024-11-07T00:59:47.961+0000] {logging_mixin.py:190} INFO - [2024-11-07T00:59:47.960+0000] {dagbag.py:588} INFO - Filling up the DagBag from /home/airflow/.local/lib/python3.12/site-packages/airflow/example_dags/example_latest_only_with_trigger.py
[2024-11-07T00:59:47.968+0000] {processor.py:925} INFO - DAG(s) 'latest_only_with_trigger' retrieved from /home/airflow/.local/lib/python3.12/site-packages/airflow/example_dags/example_latest_only_with_trigger.py
[2024-11-07T00:59:47.988+0000] {logging_mixin.py:190} INFO - [2024-11-07T00:59:47.988+0000] {dag.py:3239} INFO - Sync 1 DAGs
[2024-11-07T00:59:48.009+0000] {logging_mixin.py:190} INFO - [2024-11-07T00:59:48.008+0000] {dag.py:4180} INFO - Setting next_dagrun for latest_only_with_trigger to 2024-11-06 20:00:00+00:00, run_after=2024-11-07 00:00:00+00:00
[2024-11-07T00:59:48.026+0000] {processor.py:208} INFO - Processing /home/airflow/.local/lib/python3.12/site-packages/airflow/example_dags/example_latest_only_with_trigger.py took 0.073 seconds
[2024-11-07T01:00:18.706+0000] {processor.py:186} INFO - Started process (PID=1910) to work on /home/airflow/.local/lib/python3.12/site-packages/airflow/example_dags/example_latest_only_with_trigger.py
[2024-11-07T01:00:18.707+0000] {processor.py:914} INFO - Processing file /home/airflow/.local/lib/python3.12/site-packages/airflow/example_dags/example_latest_only_with_trigger.py for tasks to queue
[2024-11-07T01:00:18.709+0000] {logging_mixin.py:190} INFO - [2024-11-07T01:00:18.709+0000] {dagbag.py:588} INFO - Filling up the DagBag from /home/airflow/.local/lib/python3.12/site-packages/airflow/example_dags/example_latest_only_with_trigger.py
[2024-11-07T01:00:18.716+0000] {processor.py:925} INFO - DAG(s) 'latest_only_with_trigger' retrieved from /home/airflow/.local/lib/python3.12/site-packages/airflow/example_dags/example_latest_only_with_trigger.py
[2024-11-07T01:00:18.735+0000] {logging_mixin.py:190} INFO - [2024-11-07T01:00:18.734+0000] {dag.py:3239} INFO - Sync 1 DAGs
[2024-11-07T01:00:18.755+0000] {logging_mixin.py:190} INFO - [2024-11-07T01:00:18.755+0000] {dag.py:4180} INFO - Setting next_dagrun for latest_only_with_trigger to 2024-11-06 20:00:00+00:00, run_after=2024-11-07 00:00:00+00:00
[2024-11-07T01:00:18.771+0000] {processor.py:208} INFO - Processing /home/airflow/.local/lib/python3.12/site-packages/airflow/example_dags/example_latest_only_with_trigger.py took 0.069 seconds
[2024-11-07T01:00:48.857+0000] {processor.py:186} INFO - Started process (PID=1973) to work on /home/airflow/.local/lib/python3.12/site-packages/airflow/example_dags/example_latest_only_with_trigger.py
[2024-11-07T01:00:48.858+0000] {processor.py:914} INFO - Processing file /home/airflow/.local/lib/python3.12/site-packages/airflow/example_dags/example_latest_only_with_trigger.py for tasks to queue
[2024-11-07T01:00:48.860+0000] {logging_mixin.py:190} INFO - [2024-11-07T01:00:48.860+0000] {dagbag.py:588} INFO - Filling up the DagBag from /home/airflow/.local/lib/python3.12/site-packages/airflow/example_dags/example_latest_only_with_trigger.py
[2024-11-07T01:00:48.867+0000] {processor.py:925} INFO - DAG(s) 'latest_only_with_trigger' retrieved from /home/airflow/.local/lib/python3.12/site-packages/airflow/example_dags/example_latest_only_with_trigger.py
[2024-11-07T01:00:48.887+0000] {logging_mixin.py:190} INFO - [2024-11-07T01:00:48.886+0000] {dag.py:3239} INFO - Sync 1 DAGs
[2024-11-07T01:00:48.908+0000] {logging_mixin.py:190} INFO - [2024-11-07T01:00:48.908+0000] {dag.py:4180} INFO - Setting next_dagrun for latest_only_with_trigger to 2024-11-06 20:00:00+00:00, run_after=2024-11-07 00:00:00+00:00
[2024-11-07T01:00:48.928+0000] {processor.py:208} INFO - Processing /home/airflow/.local/lib/python3.12/site-packages/airflow/example_dags/example_latest_only_with_trigger.py took 0.075 seconds
[2024-11-07T01:01:18.966+0000] {processor.py:186} INFO - Started process (PID=2036) to work on /home/airflow/.local/lib/python3.12/site-packages/airflow/example_dags/example_latest_only_with_trigger.py
[2024-11-07T01:01:18.966+0000] {processor.py:914} INFO - Processing file /home/airflow/.local/lib/python3.12/site-packages/airflow/example_dags/example_latest_only_with_trigger.py for tasks to queue
[2024-11-07T01:01:18.968+0000] {logging_mixin.py:190} INFO - [2024-11-07T01:01:18.968+0000] {dagbag.py:588} INFO - Filling up the DagBag from /home/airflow/.local/lib/python3.12/site-packages/airflow/example_dags/example_latest_only_with_trigger.py
[2024-11-07T01:01:18.974+0000] {processor.py:925} INFO - DAG(s) 'latest_only_with_trigger' retrieved from /home/airflow/.local/lib/python3.12/site-packages/airflow/example_dags/example_latest_only_with_trigger.py
[2024-11-07T01:01:18.990+0000] {logging_mixin.py:190} INFO - [2024-11-07T01:01:18.990+0000] {dag.py:3239} INFO - Sync 1 DAGs
[2024-11-07T01:01:19.009+0000] {logging_mixin.py:190} INFO - [2024-11-07T01:01:19.009+0000] {dag.py:4180} INFO - Setting next_dagrun for latest_only_with_trigger to 2024-11-06 20:00:00+00:00, run_after=2024-11-07 00:00:00+00:00
[2024-11-07T01:01:19.023+0000] {processor.py:208} INFO - Processing /home/airflow/.local/lib/python3.12/site-packages/airflow/example_dags/example_latest_only_with_trigger.py took 0.062 seconds
