[2024-11-07T00:29:19.291+0000] {processor.py:186} INFO - Started process (PID=66) to work on /home/airflow/.local/lib/python3.12/site-packages/airflow/example_dags/example_python_operator.py
[2024-11-07T00:29:19.292+0000] {processor.py:914} INFO - Processing file /home/airflow/.local/lib/python3.12/site-packages/airflow/example_dags/example_python_operator.py for tasks to queue
[2024-11-07T00:29:19.294+0000] {logging_mixin.py:190} INFO - [2024-11-07T00:29:19.294+0000] {dagbag.py:588} INFO - Filling up the DagBag from /home/airflow/.local/lib/python3.12/site-packages/airflow/example_dags/example_python_operator.py
[2024-11-07T00:29:19.309+0000] {processor.py:925} INFO - DAG(s) 'example_python_operator' retrieved from /home/airflow/.local/lib/python3.12/site-packages/airflow/example_dags/example_python_operator.py
[2024-11-07T00:29:19.421+0000] {logging_mixin.py:190} INFO - [2024-11-07T00:29:19.420+0000] {override.py:1911} INFO - Created Permission View: can delete on DAG:example_python_operator
[2024-11-07T00:29:19.430+0000] {logging_mixin.py:190} INFO - [2024-11-07T00:29:19.430+0000] {override.py:1911} INFO - Created Permission View: can edit on DAG:example_python_operator
[2024-11-07T00:29:19.436+0000] {logging_mixin.py:190} INFO - [2024-11-07T00:29:19.436+0000] {override.py:1911} INFO - Created Permission View: can read on DAG:example_python_operator
[2024-11-07T00:29:19.442+0000] {logging_mixin.py:190} INFO - [2024-11-07T00:29:19.442+0000] {override.py:1911} INFO - Created Permission View: can create on DAG Run:example_python_operator
[2024-11-07T00:29:19.450+0000] {logging_mixin.py:190} INFO - [2024-11-07T00:29:19.449+0000] {override.py:1911} INFO - Created Permission View: can delete on DAG Run:example_python_operator
[2024-11-07T00:29:19.456+0000] {logging_mixin.py:190} INFO - [2024-11-07T00:29:19.456+0000] {override.py:1911} INFO - Created Permission View: menu access on DAG Run:example_python_operator
[2024-11-07T00:29:19.462+0000] {logging_mixin.py:190} INFO - [2024-11-07T00:29:19.462+0000] {override.py:1911} INFO - Created Permission View: can read on DAG Run:example_python_operator
[2024-11-07T00:29:19.463+0000] {logging_mixin.py:190} INFO - [2024-11-07T00:29:19.463+0000] {dag.py:3239} INFO - Sync 1 DAGs
[2024-11-07T00:29:19.474+0000] {logging_mixin.py:190} INFO - [2024-11-07T00:29:19.474+0000] {dag.py:3262} INFO - Creating ORM DAG for example_python_operator
[2024-11-07T00:29:19.475+0000] {logging_mixin.py:190} INFO - [2024-11-07T00:29:19.474+0000] {dag.py:4180} INFO - Setting next_dagrun for example_python_operator to None, run_after=None
[2024-11-07T00:29:19.490+0000] {processor.py:208} INFO - Processing /home/airflow/.local/lib/python3.12/site-packages/airflow/example_dags/example_python_operator.py took 0.205 seconds
[2024-11-07T00:29:49.556+0000] {processor.py:186} INFO - Started process (PID=129) to work on /home/airflow/.local/lib/python3.12/site-packages/airflow/example_dags/example_python_operator.py
[2024-11-07T00:29:49.557+0000] {processor.py:914} INFO - Processing file /home/airflow/.local/lib/python3.12/site-packages/airflow/example_dags/example_python_operator.py for tasks to queue
[2024-11-07T00:29:49.559+0000] {logging_mixin.py:190} INFO - [2024-11-07T00:29:49.558+0000] {dagbag.py:588} INFO - Filling up the DagBag from /home/airflow/.local/lib/python3.12/site-packages/airflow/example_dags/example_python_operator.py
[2024-11-07T00:29:49.569+0000] {processor.py:925} INFO - DAG(s) 'example_python_operator' retrieved from /home/airflow/.local/lib/python3.12/site-packages/airflow/example_dags/example_python_operator.py
[2024-11-07T00:29:49.589+0000] {logging_mixin.py:190} INFO - [2024-11-07T00:29:49.589+0000] {dag.py:3239} INFO - Sync 1 DAGs
[2024-11-07T00:29:49.601+0000] {logging_mixin.py:190} INFO - [2024-11-07T00:29:49.601+0000] {dag.py:4180} INFO - Setting next_dagrun for example_python_operator to None, run_after=None
[2024-11-07T00:29:49.618+0000] {processor.py:208} INFO - Processing /home/airflow/.local/lib/python3.12/site-packages/airflow/example_dags/example_python_operator.py took 0.067 seconds
[2024-11-07T00:30:19.655+0000] {processor.py:186} INFO - Started process (PID=191) to work on /home/airflow/.local/lib/python3.12/site-packages/airflow/example_dags/example_python_operator.py
[2024-11-07T00:30:19.656+0000] {processor.py:914} INFO - Processing file /home/airflow/.local/lib/python3.12/site-packages/airflow/example_dags/example_python_operator.py for tasks to queue
[2024-11-07T00:30:19.657+0000] {logging_mixin.py:190} INFO - [2024-11-07T00:30:19.657+0000] {dagbag.py:588} INFO - Filling up the DagBag from /home/airflow/.local/lib/python3.12/site-packages/airflow/example_dags/example_python_operator.py
[2024-11-07T00:30:19.668+0000] {processor.py:925} INFO - DAG(s) 'example_python_operator' retrieved from /home/airflow/.local/lib/python3.12/site-packages/airflow/example_dags/example_python_operator.py
[2024-11-07T00:30:19.689+0000] {logging_mixin.py:190} INFO - [2024-11-07T00:30:19.689+0000] {dag.py:3239} INFO - Sync 1 DAGs
[2024-11-07T00:30:19.700+0000] {logging_mixin.py:190} INFO - [2024-11-07T00:30:19.700+0000] {dag.py:4180} INFO - Setting next_dagrun for example_python_operator to None, run_after=None
[2024-11-07T00:30:19.715+0000] {processor.py:208} INFO - Processing /home/airflow/.local/lib/python3.12/site-packages/airflow/example_dags/example_python_operator.py took 0.066 seconds
[2024-11-07T00:30:49.910+0000] {processor.py:186} INFO - Started process (PID=248) to work on /home/airflow/.local/lib/python3.12/site-packages/airflow/example_dags/example_python_operator.py
[2024-11-07T00:30:49.911+0000] {processor.py:914} INFO - Processing file /home/airflow/.local/lib/python3.12/site-packages/airflow/example_dags/example_python_operator.py for tasks to queue
[2024-11-07T00:30:49.913+0000] {logging_mixin.py:190} INFO - [2024-11-07T00:30:49.913+0000] {dagbag.py:588} INFO - Filling up the DagBag from /home/airflow/.local/lib/python3.12/site-packages/airflow/example_dags/example_python_operator.py
[2024-11-07T00:30:49.928+0000] {processor.py:925} INFO - DAG(s) 'example_python_operator' retrieved from /home/airflow/.local/lib/python3.12/site-packages/airflow/example_dags/example_python_operator.py
[2024-11-07T00:30:49.949+0000] {logging_mixin.py:190} INFO - [2024-11-07T00:30:49.949+0000] {dag.py:3239} INFO - Sync 1 DAGs
[2024-11-07T00:30:49.963+0000] {logging_mixin.py:190} INFO - [2024-11-07T00:30:49.962+0000] {dag.py:4180} INFO - Setting next_dagrun for example_python_operator to None, run_after=None
[2024-11-07T00:30:49.979+0000] {processor.py:208} INFO - Processing /home/airflow/.local/lib/python3.12/site-packages/airflow/example_dags/example_python_operator.py took 0.074 seconds
[2024-11-07T00:32:00.890+0000] {processor.py:186} INFO - Started process (PID=312) to work on /home/airflow/.local/lib/python3.12/site-packages/airflow/example_dags/example_python_operator.py
[2024-11-07T00:32:00.891+0000] {processor.py:914} INFO - Processing file /home/airflow/.local/lib/python3.12/site-packages/airflow/example_dags/example_python_operator.py for tasks to queue
[2024-11-07T00:32:00.893+0000] {logging_mixin.py:190} INFO - [2024-11-07T00:32:00.893+0000] {dagbag.py:588} INFO - Filling up the DagBag from /home/airflow/.local/lib/python3.12/site-packages/airflow/example_dags/example_python_operator.py
[2024-11-07T00:32:00.904+0000] {processor.py:925} INFO - DAG(s) 'example_python_operator' retrieved from /home/airflow/.local/lib/python3.12/site-packages/airflow/example_dags/example_python_operator.py
[2024-11-07T00:32:00.923+0000] {logging_mixin.py:190} INFO - [2024-11-07T00:32:00.923+0000] {dag.py:3239} INFO - Sync 1 DAGs
[2024-11-07T00:32:00.937+0000] {logging_mixin.py:190} INFO - [2024-11-07T00:32:00.936+0000] {dag.py:4180} INFO - Setting next_dagrun for example_python_operator to None, run_after=None
[2024-11-07T00:32:00.957+0000] {processor.py:208} INFO - Processing /home/airflow/.local/lib/python3.12/site-packages/airflow/example_dags/example_python_operator.py took 0.072 seconds
[2024-11-07T00:32:31.680+0000] {processor.py:186} INFO - Started process (PID=375) to work on /home/airflow/.local/lib/python3.12/site-packages/airflow/example_dags/example_python_operator.py
[2024-11-07T00:32:31.681+0000] {processor.py:914} INFO - Processing file /home/airflow/.local/lib/python3.12/site-packages/airflow/example_dags/example_python_operator.py for tasks to queue
[2024-11-07T00:32:31.683+0000] {logging_mixin.py:190} INFO - [2024-11-07T00:32:31.683+0000] {dagbag.py:588} INFO - Filling up the DagBag from /home/airflow/.local/lib/python3.12/site-packages/airflow/example_dags/example_python_operator.py
[2024-11-07T00:32:31.695+0000] {processor.py:925} INFO - DAG(s) 'example_python_operator' retrieved from /home/airflow/.local/lib/python3.12/site-packages/airflow/example_dags/example_python_operator.py
[2024-11-07T00:32:31.715+0000] {logging_mixin.py:190} INFO - [2024-11-07T00:32:31.715+0000] {dag.py:3239} INFO - Sync 1 DAGs
[2024-11-07T00:32:31.728+0000] {logging_mixin.py:190} INFO - [2024-11-07T00:32:31.728+0000] {dag.py:4180} INFO - Setting next_dagrun for example_python_operator to None, run_after=None
[2024-11-07T00:32:31.746+0000] {processor.py:208} INFO - Processing /home/airflow/.local/lib/python3.12/site-packages/airflow/example_dags/example_python_operator.py took 0.071 seconds
[2024-11-07T00:33:02.156+0000] {processor.py:186} INFO - Started process (PID=438) to work on /home/airflow/.local/lib/python3.12/site-packages/airflow/example_dags/example_python_operator.py
[2024-11-07T00:33:02.157+0000] {processor.py:914} INFO - Processing file /home/airflow/.local/lib/python3.12/site-packages/airflow/example_dags/example_python_operator.py for tasks to queue
[2024-11-07T00:33:02.159+0000] {logging_mixin.py:190} INFO - [2024-11-07T00:33:02.159+0000] {dagbag.py:588} INFO - Filling up the DagBag from /home/airflow/.local/lib/python3.12/site-packages/airflow/example_dags/example_python_operator.py
[2024-11-07T00:33:02.170+0000] {processor.py:925} INFO - DAG(s) 'example_python_operator' retrieved from /home/airflow/.local/lib/python3.12/site-packages/airflow/example_dags/example_python_operator.py
[2024-11-07T00:33:02.189+0000] {logging_mixin.py:190} INFO - [2024-11-07T00:33:02.189+0000] {dag.py:3239} INFO - Sync 1 DAGs
[2024-11-07T00:33:02.202+0000] {logging_mixin.py:190} INFO - [2024-11-07T00:33:02.202+0000] {dag.py:4180} INFO - Setting next_dagrun for example_python_operator to None, run_after=None
[2024-11-07T00:33:02.220+0000] {processor.py:208} INFO - Processing /home/airflow/.local/lib/python3.12/site-packages/airflow/example_dags/example_python_operator.py took 0.069 seconds
[2024-11-07T00:33:33.386+0000] {processor.py:186} INFO - Started process (PID=500) to work on /home/airflow/.local/lib/python3.12/site-packages/airflow/example_dags/example_python_operator.py
[2024-11-07T00:33:33.387+0000] {processor.py:914} INFO - Processing file /home/airflow/.local/lib/python3.12/site-packages/airflow/example_dags/example_python_operator.py for tasks to queue
[2024-11-07T00:33:33.390+0000] {logging_mixin.py:190} INFO - [2024-11-07T00:33:33.390+0000] {dagbag.py:588} INFO - Filling up the DagBag from /home/airflow/.local/lib/python3.12/site-packages/airflow/example_dags/example_python_operator.py
[2024-11-07T00:33:33.403+0000] {processor.py:925} INFO - DAG(s) 'example_python_operator' retrieved from /home/airflow/.local/lib/python3.12/site-packages/airflow/example_dags/example_python_operator.py
[2024-11-07T00:33:33.425+0000] {logging_mixin.py:190} INFO - [2024-11-07T00:33:33.425+0000] {dag.py:3239} INFO - Sync 1 DAGs
[2024-11-07T00:33:33.438+0000] {logging_mixin.py:190} INFO - [2024-11-07T00:33:33.438+0000] {dag.py:4180} INFO - Setting next_dagrun for example_python_operator to None, run_after=None
[2024-11-07T00:33:33.455+0000] {processor.py:208} INFO - Processing /home/airflow/.local/lib/python3.12/site-packages/airflow/example_dags/example_python_operator.py took 0.075 seconds
[2024-11-07T00:34:04.200+0000] {processor.py:186} INFO - Started process (PID=563) to work on /home/airflow/.local/lib/python3.12/site-packages/airflow/example_dags/example_python_operator.py
[2024-11-07T00:34:04.200+0000] {processor.py:914} INFO - Processing file /home/airflow/.local/lib/python3.12/site-packages/airflow/example_dags/example_python_operator.py for tasks to queue
[2024-11-07T00:34:04.203+0000] {logging_mixin.py:190} INFO - [2024-11-07T00:34:04.202+0000] {dagbag.py:588} INFO - Filling up the DagBag from /home/airflow/.local/lib/python3.12/site-packages/airflow/example_dags/example_python_operator.py
[2024-11-07T00:34:04.213+0000] {processor.py:925} INFO - DAG(s) 'example_python_operator' retrieved from /home/airflow/.local/lib/python3.12/site-packages/airflow/example_dags/example_python_operator.py
[2024-11-07T00:34:04.231+0000] {logging_mixin.py:190} INFO - [2024-11-07T00:34:04.231+0000] {dag.py:3239} INFO - Sync 1 DAGs
[2024-11-07T00:34:04.244+0000] {logging_mixin.py:190} INFO - [2024-11-07T00:34:04.244+0000] {dag.py:4180} INFO - Setting next_dagrun for example_python_operator to None, run_after=None
[2024-11-07T00:34:04.259+0000] {processor.py:208} INFO - Processing /home/airflow/.local/lib/python3.12/site-packages/airflow/example_dags/example_python_operator.py took 0.065 seconds
[2024-11-07T00:34:34.986+0000] {processor.py:186} INFO - Started process (PID=625) to work on /home/airflow/.local/lib/python3.12/site-packages/airflow/example_dags/example_python_operator.py
[2024-11-07T00:34:34.986+0000] {processor.py:914} INFO - Processing file /home/airflow/.local/lib/python3.12/site-packages/airflow/example_dags/example_python_operator.py for tasks to queue
[2024-11-07T00:34:34.988+0000] {logging_mixin.py:190} INFO - [2024-11-07T00:34:34.988+0000] {dagbag.py:588} INFO - Filling up the DagBag from /home/airflow/.local/lib/python3.12/site-packages/airflow/example_dags/example_python_operator.py
[2024-11-07T00:34:34.998+0000] {processor.py:925} INFO - DAG(s) 'example_python_operator' retrieved from /home/airflow/.local/lib/python3.12/site-packages/airflow/example_dags/example_python_operator.py
[2024-11-07T00:34:35.017+0000] {logging_mixin.py:190} INFO - [2024-11-07T00:34:35.017+0000] {dag.py:3239} INFO - Sync 1 DAGs
[2024-11-07T00:34:35.031+0000] {logging_mixin.py:190} INFO - [2024-11-07T00:34:35.031+0000] {dag.py:4180} INFO - Setting next_dagrun for example_python_operator to None, run_after=None
[2024-11-07T00:34:35.048+0000] {processor.py:208} INFO - Processing /home/airflow/.local/lib/python3.12/site-packages/airflow/example_dags/example_python_operator.py took 0.067 seconds
[2024-11-07T00:35:06.006+0000] {processor.py:186} INFO - Started process (PID=688) to work on /home/airflow/.local/lib/python3.12/site-packages/airflow/example_dags/example_python_operator.py
[2024-11-07T00:35:06.006+0000] {processor.py:914} INFO - Processing file /home/airflow/.local/lib/python3.12/site-packages/airflow/example_dags/example_python_operator.py for tasks to queue
[2024-11-07T00:35:06.008+0000] {logging_mixin.py:190} INFO - [2024-11-07T00:35:06.008+0000] {dagbag.py:588} INFO - Filling up the DagBag from /home/airflow/.local/lib/python3.12/site-packages/airflow/example_dags/example_python_operator.py
[2024-11-07T00:35:06.019+0000] {processor.py:925} INFO - DAG(s) 'example_python_operator' retrieved from /home/airflow/.local/lib/python3.12/site-packages/airflow/example_dags/example_python_operator.py
[2024-11-07T00:35:06.038+0000] {logging_mixin.py:190} INFO - [2024-11-07T00:35:06.037+0000] {dag.py:3239} INFO - Sync 1 DAGs
[2024-11-07T00:35:06.050+0000] {logging_mixin.py:190} INFO - [2024-11-07T00:35:06.050+0000] {dag.py:4180} INFO - Setting next_dagrun for example_python_operator to None, run_after=None
[2024-11-07T00:35:06.065+0000] {processor.py:208} INFO - Processing /home/airflow/.local/lib/python3.12/site-packages/airflow/example_dags/example_python_operator.py took 0.064 seconds
[2024-11-07T00:35:36.220+0000] {processor.py:186} INFO - Started process (PID=750) to work on /home/airflow/.local/lib/python3.12/site-packages/airflow/example_dags/example_python_operator.py
[2024-11-07T00:35:36.221+0000] {processor.py:914} INFO - Processing file /home/airflow/.local/lib/python3.12/site-packages/airflow/example_dags/example_python_operator.py for tasks to queue
[2024-11-07T00:35:36.223+0000] {logging_mixin.py:190} INFO - [2024-11-07T00:35:36.223+0000] {dagbag.py:588} INFO - Filling up the DagBag from /home/airflow/.local/lib/python3.12/site-packages/airflow/example_dags/example_python_operator.py
[2024-11-07T00:35:36.234+0000] {processor.py:925} INFO - DAG(s) 'example_python_operator' retrieved from /home/airflow/.local/lib/python3.12/site-packages/airflow/example_dags/example_python_operator.py
[2024-11-07T00:35:36.253+0000] {logging_mixin.py:190} INFO - [2024-11-07T00:35:36.252+0000] {dag.py:3239} INFO - Sync 1 DAGs
[2024-11-07T00:35:36.264+0000] {logging_mixin.py:190} INFO - [2024-11-07T00:35:36.264+0000] {dag.py:4180} INFO - Setting next_dagrun for example_python_operator to None, run_after=None
[2024-11-07T00:35:36.279+0000] {processor.py:208} INFO - Processing /home/airflow/.local/lib/python3.12/site-packages/airflow/example_dags/example_python_operator.py took 0.064 seconds
[2024-11-07T00:36:06.496+0000] {processor.py:186} INFO - Started process (PID=807) to work on /home/airflow/.local/lib/python3.12/site-packages/airflow/example_dags/example_python_operator.py
[2024-11-07T00:36:06.496+0000] {processor.py:914} INFO - Processing file /home/airflow/.local/lib/python3.12/site-packages/airflow/example_dags/example_python_operator.py for tasks to queue
[2024-11-07T00:36:06.498+0000] {logging_mixin.py:190} INFO - [2024-11-07T00:36:06.498+0000] {dagbag.py:588} INFO - Filling up the DagBag from /home/airflow/.local/lib/python3.12/site-packages/airflow/example_dags/example_python_operator.py
[2024-11-07T00:36:06.508+0000] {processor.py:925} INFO - DAG(s) 'example_python_operator' retrieved from /home/airflow/.local/lib/python3.12/site-packages/airflow/example_dags/example_python_operator.py
[2024-11-07T00:36:06.528+0000] {logging_mixin.py:190} INFO - [2024-11-07T00:36:06.527+0000] {dag.py:3239} INFO - Sync 1 DAGs
[2024-11-07T00:36:06.541+0000] {logging_mixin.py:190} INFO - [2024-11-07T00:36:06.540+0000] {dag.py:4180} INFO - Setting next_dagrun for example_python_operator to None, run_after=None
[2024-11-07T00:36:06.555+0000] {processor.py:208} INFO - Processing /home/airflow/.local/lib/python3.12/site-packages/airflow/example_dags/example_python_operator.py took 0.064 seconds
[2024-11-07T00:38:38.391+0000] {processor.py:186} INFO - Started process (PID=60) to work on /home/airflow/.local/lib/python3.12/site-packages/airflow/example_dags/example_python_operator.py
[2024-11-07T00:38:38.392+0000] {processor.py:914} INFO - Processing file /home/airflow/.local/lib/python3.12/site-packages/airflow/example_dags/example_python_operator.py for tasks to queue
[2024-11-07T00:38:38.395+0000] {logging_mixin.py:190} INFO - [2024-11-07T00:38:38.394+0000] {dagbag.py:588} INFO - Filling up the DagBag from /home/airflow/.local/lib/python3.12/site-packages/airflow/example_dags/example_python_operator.py
[2024-11-07T00:38:38.407+0000] {processor.py:925} INFO - DAG(s) 'example_python_operator' retrieved from /home/airflow/.local/lib/python3.12/site-packages/airflow/example_dags/example_python_operator.py
[2024-11-07T00:38:38.515+0000] {logging_mixin.py:190} INFO - [2024-11-07T00:38:38.514+0000] {dag.py:3239} INFO - Sync 1 DAGs
[2024-11-07T00:38:38.525+0000] {logging_mixin.py:190} INFO - [2024-11-07T00:38:38.525+0000] {dag.py:4180} INFO - Setting next_dagrun for example_python_operator to None, run_after=None
[2024-11-07T00:38:38.544+0000] {processor.py:208} INFO - Processing /home/airflow/.local/lib/python3.12/site-packages/airflow/example_dags/example_python_operator.py took 0.158 seconds
[2024-11-07T00:39:09.339+0000] {processor.py:186} INFO - Started process (PID=123) to work on /home/airflow/.local/lib/python3.12/site-packages/airflow/example_dags/example_python_operator.py
[2024-11-07T00:39:09.340+0000] {processor.py:914} INFO - Processing file /home/airflow/.local/lib/python3.12/site-packages/airflow/example_dags/example_python_operator.py for tasks to queue
[2024-11-07T00:39:09.341+0000] {logging_mixin.py:190} INFO - [2024-11-07T00:39:09.341+0000] {dagbag.py:588} INFO - Filling up the DagBag from /home/airflow/.local/lib/python3.12/site-packages/airflow/example_dags/example_python_operator.py
[2024-11-07T00:39:09.352+0000] {processor.py:925} INFO - DAG(s) 'example_python_operator' retrieved from /home/airflow/.local/lib/python3.12/site-packages/airflow/example_dags/example_python_operator.py
[2024-11-07T00:39:09.370+0000] {logging_mixin.py:190} INFO - [2024-11-07T00:39:09.370+0000] {dag.py:3239} INFO - Sync 1 DAGs
[2024-11-07T00:39:09.382+0000] {logging_mixin.py:190} INFO - [2024-11-07T00:39:09.382+0000] {dag.py:4180} INFO - Setting next_dagrun for example_python_operator to None, run_after=None
[2024-11-07T00:39:09.398+0000] {processor.py:208} INFO - Processing /home/airflow/.local/lib/python3.12/site-packages/airflow/example_dags/example_python_operator.py took 0.064 seconds
[2024-11-07T00:39:40.529+0000] {processor.py:186} INFO - Started process (PID=186) to work on /home/airflow/.local/lib/python3.12/site-packages/airflow/example_dags/example_python_operator.py
[2024-11-07T00:39:40.530+0000] {processor.py:914} INFO - Processing file /home/airflow/.local/lib/python3.12/site-packages/airflow/example_dags/example_python_operator.py for tasks to queue
[2024-11-07T00:39:40.532+0000] {logging_mixin.py:190} INFO - [2024-11-07T00:39:40.531+0000] {dagbag.py:588} INFO - Filling up the DagBag from /home/airflow/.local/lib/python3.12/site-packages/airflow/example_dags/example_python_operator.py
[2024-11-07T00:39:40.542+0000] {processor.py:925} INFO - DAG(s) 'example_python_operator' retrieved from /home/airflow/.local/lib/python3.12/site-packages/airflow/example_dags/example_python_operator.py
[2024-11-07T00:39:40.561+0000] {logging_mixin.py:190} INFO - [2024-11-07T00:39:40.561+0000] {dag.py:3239} INFO - Sync 1 DAGs
[2024-11-07T00:39:40.573+0000] {logging_mixin.py:190} INFO - [2024-11-07T00:39:40.573+0000] {dag.py:4180} INFO - Setting next_dagrun for example_python_operator to None, run_after=None
[2024-11-07T00:39:40.587+0000] {processor.py:208} INFO - Processing /home/airflow/.local/lib/python3.12/site-packages/airflow/example_dags/example_python_operator.py took 0.063 seconds
[2024-11-07T00:40:10.960+0000] {processor.py:186} INFO - Started process (PID=248) to work on /home/airflow/.local/lib/python3.12/site-packages/airflow/example_dags/example_python_operator.py
[2024-11-07T00:40:10.961+0000] {processor.py:914} INFO - Processing file /home/airflow/.local/lib/python3.12/site-packages/airflow/example_dags/example_python_operator.py for tasks to queue
[2024-11-07T00:40:10.962+0000] {logging_mixin.py:190} INFO - [2024-11-07T00:40:10.962+0000] {dagbag.py:588} INFO - Filling up the DagBag from /home/airflow/.local/lib/python3.12/site-packages/airflow/example_dags/example_python_operator.py
[2024-11-07T00:40:10.973+0000] {processor.py:925} INFO - DAG(s) 'example_python_operator' retrieved from /home/airflow/.local/lib/python3.12/site-packages/airflow/example_dags/example_python_operator.py
[2024-11-07T00:40:10.992+0000] {logging_mixin.py:190} INFO - [2024-11-07T00:40:10.991+0000] {dag.py:3239} INFO - Sync 1 DAGs
[2024-11-07T00:40:11.004+0000] {logging_mixin.py:190} INFO - [2024-11-07T00:40:11.004+0000] {dag.py:4180} INFO - Setting next_dagrun for example_python_operator to None, run_after=None
[2024-11-07T00:40:11.019+0000] {processor.py:208} INFO - Processing /home/airflow/.local/lib/python3.12/site-packages/airflow/example_dags/example_python_operator.py took 0.064 seconds
[2024-11-07T00:40:41.820+0000] {processor.py:186} INFO - Started process (PID=311) to work on /home/airflow/.local/lib/python3.12/site-packages/airflow/example_dags/example_python_operator.py
[2024-11-07T00:40:41.821+0000] {processor.py:914} INFO - Processing file /home/airflow/.local/lib/python3.12/site-packages/airflow/example_dags/example_python_operator.py for tasks to queue
[2024-11-07T00:40:41.824+0000] {logging_mixin.py:190} INFO - [2024-11-07T00:40:41.823+0000] {dagbag.py:588} INFO - Filling up the DagBag from /home/airflow/.local/lib/python3.12/site-packages/airflow/example_dags/example_python_operator.py
[2024-11-07T00:40:41.835+0000] {processor.py:925} INFO - DAG(s) 'example_python_operator' retrieved from /home/airflow/.local/lib/python3.12/site-packages/airflow/example_dags/example_python_operator.py
[2024-11-07T00:40:41.855+0000] {logging_mixin.py:190} INFO - [2024-11-07T00:40:41.854+0000] {dag.py:3239} INFO - Sync 1 DAGs
[2024-11-07T00:40:41.866+0000] {logging_mixin.py:190} INFO - [2024-11-07T00:40:41.866+0000] {dag.py:4180} INFO - Setting next_dagrun for example_python_operator to None, run_after=None
[2024-11-07T00:40:41.880+0000] {processor.py:208} INFO - Processing /home/airflow/.local/lib/python3.12/site-packages/airflow/example_dags/example_python_operator.py took 0.065 seconds
[2024-11-07T00:41:12.201+0000] {processor.py:186} INFO - Started process (PID=374) to work on /home/airflow/.local/lib/python3.12/site-packages/airflow/example_dags/example_python_operator.py
[2024-11-07T00:41:12.202+0000] {processor.py:914} INFO - Processing file /home/airflow/.local/lib/python3.12/site-packages/airflow/example_dags/example_python_operator.py for tasks to queue
[2024-11-07T00:41:12.204+0000] {logging_mixin.py:190} INFO - [2024-11-07T00:41:12.204+0000] {dagbag.py:588} INFO - Filling up the DagBag from /home/airflow/.local/lib/python3.12/site-packages/airflow/example_dags/example_python_operator.py
[2024-11-07T00:41:12.214+0000] {processor.py:925} INFO - DAG(s) 'example_python_operator' retrieved from /home/airflow/.local/lib/python3.12/site-packages/airflow/example_dags/example_python_operator.py
[2024-11-07T00:41:12.231+0000] {logging_mixin.py:190} INFO - [2024-11-07T00:41:12.231+0000] {dag.py:3239} INFO - Sync 1 DAGs
[2024-11-07T00:41:12.243+0000] {logging_mixin.py:190} INFO - [2024-11-07T00:41:12.243+0000] {dag.py:4180} INFO - Setting next_dagrun for example_python_operator to None, run_after=None
[2024-11-07T00:41:12.257+0000] {processor.py:208} INFO - Processing /home/airflow/.local/lib/python3.12/site-packages/airflow/example_dags/example_python_operator.py took 0.060 seconds
[2024-11-07T00:41:42.535+0000] {processor.py:186} INFO - Started process (PID=437) to work on /home/airflow/.local/lib/python3.12/site-packages/airflow/example_dags/example_python_operator.py
[2024-11-07T00:41:42.536+0000] {processor.py:914} INFO - Processing file /home/airflow/.local/lib/python3.12/site-packages/airflow/example_dags/example_python_operator.py for tasks to queue
[2024-11-07T00:41:42.537+0000] {logging_mixin.py:190} INFO - [2024-11-07T00:41:42.537+0000] {dagbag.py:588} INFO - Filling up the DagBag from /home/airflow/.local/lib/python3.12/site-packages/airflow/example_dags/example_python_operator.py
[2024-11-07T00:41:42.547+0000] {processor.py:925} INFO - DAG(s) 'example_python_operator' retrieved from /home/airflow/.local/lib/python3.12/site-packages/airflow/example_dags/example_python_operator.py
[2024-11-07T00:41:42.565+0000] {logging_mixin.py:190} INFO - [2024-11-07T00:41:42.565+0000] {dag.py:3239} INFO - Sync 1 DAGs
[2024-11-07T00:41:42.576+0000] {logging_mixin.py:190} INFO - [2024-11-07T00:41:42.576+0000] {dag.py:4180} INFO - Setting next_dagrun for example_python_operator to None, run_after=None
[2024-11-07T00:41:42.590+0000] {processor.py:208} INFO - Processing /home/airflow/.local/lib/python3.12/site-packages/airflow/example_dags/example_python_operator.py took 0.059 seconds
[2024-11-07T00:42:12.808+0000] {processor.py:186} INFO - Started process (PID=500) to work on /home/airflow/.local/lib/python3.12/site-packages/airflow/example_dags/example_python_operator.py
[2024-11-07T00:42:12.808+0000] {processor.py:914} INFO - Processing file /home/airflow/.local/lib/python3.12/site-packages/airflow/example_dags/example_python_operator.py for tasks to queue
[2024-11-07T00:42:12.810+0000] {logging_mixin.py:190} INFO - [2024-11-07T00:42:12.810+0000] {dagbag.py:588} INFO - Filling up the DagBag from /home/airflow/.local/lib/python3.12/site-packages/airflow/example_dags/example_python_operator.py
[2024-11-07T00:42:12.822+0000] {processor.py:925} INFO - DAG(s) 'example_python_operator' retrieved from /home/airflow/.local/lib/python3.12/site-packages/airflow/example_dags/example_python_operator.py
[2024-11-07T00:42:12.841+0000] {logging_mixin.py:190} INFO - [2024-11-07T00:42:12.841+0000] {dag.py:3239} INFO - Sync 1 DAGs
[2024-11-07T00:42:12.854+0000] {logging_mixin.py:190} INFO - [2024-11-07T00:42:12.854+0000] {dag.py:4180} INFO - Setting next_dagrun for example_python_operator to None, run_after=None
[2024-11-07T00:42:12.872+0000] {processor.py:208} INFO - Processing /home/airflow/.local/lib/python3.12/site-packages/airflow/example_dags/example_python_operator.py took 0.070 seconds
[2024-11-07T00:42:42.963+0000] {processor.py:186} INFO - Started process (PID=563) to work on /home/airflow/.local/lib/python3.12/site-packages/airflow/example_dags/example_python_operator.py
[2024-11-07T00:42:42.964+0000] {processor.py:914} INFO - Processing file /home/airflow/.local/lib/python3.12/site-packages/airflow/example_dags/example_python_operator.py for tasks to queue
[2024-11-07T00:42:42.966+0000] {logging_mixin.py:190} INFO - [2024-11-07T00:42:42.965+0000] {dagbag.py:588} INFO - Filling up the DagBag from /home/airflow/.local/lib/python3.12/site-packages/airflow/example_dags/example_python_operator.py
[2024-11-07T00:42:42.976+0000] {processor.py:925} INFO - DAG(s) 'example_python_operator' retrieved from /home/airflow/.local/lib/python3.12/site-packages/airflow/example_dags/example_python_operator.py
[2024-11-07T00:42:42.996+0000] {logging_mixin.py:190} INFO - [2024-11-07T00:42:42.995+0000] {dag.py:3239} INFO - Sync 1 DAGs
[2024-11-07T00:42:43.007+0000] {logging_mixin.py:190} INFO - [2024-11-07T00:42:43.007+0000] {dag.py:4180} INFO - Setting next_dagrun for example_python_operator to None, run_after=None
[2024-11-07T00:42:43.022+0000] {processor.py:208} INFO - Processing /home/airflow/.local/lib/python3.12/site-packages/airflow/example_dags/example_python_operator.py took 0.064 seconds
[2024-11-07T00:43:13.460+0000] {processor.py:186} INFO - Started process (PID=626) to work on /home/airflow/.local/lib/python3.12/site-packages/airflow/example_dags/example_python_operator.py
[2024-11-07T00:43:13.461+0000] {processor.py:914} INFO - Processing file /home/airflow/.local/lib/python3.12/site-packages/airflow/example_dags/example_python_operator.py for tasks to queue
[2024-11-07T00:43:13.464+0000] {logging_mixin.py:190} INFO - [2024-11-07T00:43:13.464+0000] {dagbag.py:588} INFO - Filling up the DagBag from /home/airflow/.local/lib/python3.12/site-packages/airflow/example_dags/example_python_operator.py
[2024-11-07T00:43:13.476+0000] {processor.py:925} INFO - DAG(s) 'example_python_operator' retrieved from /home/airflow/.local/lib/python3.12/site-packages/airflow/example_dags/example_python_operator.py
[2024-11-07T00:43:13.498+0000] {logging_mixin.py:190} INFO - [2024-11-07T00:43:13.497+0000] {dag.py:3239} INFO - Sync 1 DAGs
[2024-11-07T00:43:13.516+0000] {logging_mixin.py:190} INFO - [2024-11-07T00:43:13.516+0000] {dag.py:4180} INFO - Setting next_dagrun for example_python_operator to None, run_after=None
[2024-11-07T00:43:13.541+0000] {processor.py:208} INFO - Processing /home/airflow/.local/lib/python3.12/site-packages/airflow/example_dags/example_python_operator.py took 0.085 seconds
[2024-11-07T00:43:43.677+0000] {processor.py:186} INFO - Started process (PID=690) to work on /home/airflow/.local/lib/python3.12/site-packages/airflow/example_dags/example_python_operator.py
[2024-11-07T00:43:43.678+0000] {processor.py:914} INFO - Processing file /home/airflow/.local/lib/python3.12/site-packages/airflow/example_dags/example_python_operator.py for tasks to queue
[2024-11-07T00:43:43.680+0000] {logging_mixin.py:190} INFO - [2024-11-07T00:43:43.679+0000] {dagbag.py:588} INFO - Filling up the DagBag from /home/airflow/.local/lib/python3.12/site-packages/airflow/example_dags/example_python_operator.py
[2024-11-07T00:43:43.689+0000] {processor.py:925} INFO - DAG(s) 'example_python_operator' retrieved from /home/airflow/.local/lib/python3.12/site-packages/airflow/example_dags/example_python_operator.py
[2024-11-07T00:43:43.707+0000] {logging_mixin.py:190} INFO - [2024-11-07T00:43:43.707+0000] {dag.py:3239} INFO - Sync 1 DAGs
[2024-11-07T00:43:43.719+0000] {logging_mixin.py:190} INFO - [2024-11-07T00:43:43.719+0000] {dag.py:4180} INFO - Setting next_dagrun for example_python_operator to None, run_after=None
[2024-11-07T00:43:43.733+0000] {processor.py:208} INFO - Processing /home/airflow/.local/lib/python3.12/site-packages/airflow/example_dags/example_python_operator.py took 0.060 seconds
[2024-11-07T00:44:13.874+0000] {processor.py:186} INFO - Started process (PID=754) to work on /home/airflow/.local/lib/python3.12/site-packages/airflow/example_dags/example_python_operator.py
[2024-11-07T00:44:13.875+0000] {processor.py:914} INFO - Processing file /home/airflow/.local/lib/python3.12/site-packages/airflow/example_dags/example_python_operator.py for tasks to queue
[2024-11-07T00:44:13.877+0000] {logging_mixin.py:190} INFO - [2024-11-07T00:44:13.877+0000] {dagbag.py:588} INFO - Filling up the DagBag from /home/airflow/.local/lib/python3.12/site-packages/airflow/example_dags/example_python_operator.py
[2024-11-07T00:44:13.887+0000] {processor.py:925} INFO - DAG(s) 'example_python_operator' retrieved from /home/airflow/.local/lib/python3.12/site-packages/airflow/example_dags/example_python_operator.py
[2024-11-07T00:44:13.907+0000] {logging_mixin.py:190} INFO - [2024-11-07T00:44:13.907+0000] {dag.py:3239} INFO - Sync 1 DAGs
[2024-11-07T00:44:13.920+0000] {logging_mixin.py:190} INFO - [2024-11-07T00:44:13.920+0000] {dag.py:4180} INFO - Setting next_dagrun for example_python_operator to None, run_after=None
[2024-11-07T00:44:13.937+0000] {processor.py:208} INFO - Processing /home/airflow/.local/lib/python3.12/site-packages/airflow/example_dags/example_python_operator.py took 0.068 seconds
[2024-11-07T00:44:44.207+0000] {processor.py:186} INFO - Started process (PID=818) to work on /home/airflow/.local/lib/python3.12/site-packages/airflow/example_dags/example_python_operator.py
[2024-11-07T00:44:44.207+0000] {processor.py:914} INFO - Processing file /home/airflow/.local/lib/python3.12/site-packages/airflow/example_dags/example_python_operator.py for tasks to queue
[2024-11-07T00:44:44.209+0000] {logging_mixin.py:190} INFO - [2024-11-07T00:44:44.209+0000] {dagbag.py:588} INFO - Filling up the DagBag from /home/airflow/.local/lib/python3.12/site-packages/airflow/example_dags/example_python_operator.py
[2024-11-07T00:44:44.218+0000] {processor.py:925} INFO - DAG(s) 'example_python_operator' retrieved from /home/airflow/.local/lib/python3.12/site-packages/airflow/example_dags/example_python_operator.py
[2024-11-07T00:44:44.236+0000] {logging_mixin.py:190} INFO - [2024-11-07T00:44:44.236+0000] {dag.py:3239} INFO - Sync 1 DAGs
[2024-11-07T00:44:44.248+0000] {logging_mixin.py:190} INFO - [2024-11-07T00:44:44.248+0000] {dag.py:4180} INFO - Setting next_dagrun for example_python_operator to None, run_after=None
[2024-11-07T00:44:44.263+0000] {processor.py:208} INFO - Processing /home/airflow/.local/lib/python3.12/site-packages/airflow/example_dags/example_python_operator.py took 0.061 seconds
[2024-11-07T00:45:14.521+0000] {processor.py:186} INFO - Started process (PID=882) to work on /home/airflow/.local/lib/python3.12/site-packages/airflow/example_dags/example_python_operator.py
[2024-11-07T00:45:14.522+0000] {processor.py:914} INFO - Processing file /home/airflow/.local/lib/python3.12/site-packages/airflow/example_dags/example_python_operator.py for tasks to queue
[2024-11-07T00:45:14.524+0000] {logging_mixin.py:190} INFO - [2024-11-07T00:45:14.523+0000] {dagbag.py:588} INFO - Filling up the DagBag from /home/airflow/.local/lib/python3.12/site-packages/airflow/example_dags/example_python_operator.py
[2024-11-07T00:45:14.533+0000] {processor.py:925} INFO - DAG(s) 'example_python_operator' retrieved from /home/airflow/.local/lib/python3.12/site-packages/airflow/example_dags/example_python_operator.py
[2024-11-07T00:45:14.552+0000] {logging_mixin.py:190} INFO - [2024-11-07T00:45:14.552+0000] {dag.py:3239} INFO - Sync 1 DAGs
[2024-11-07T00:45:14.565+0000] {logging_mixin.py:190} INFO - [2024-11-07T00:45:14.564+0000] {dag.py:4180} INFO - Setting next_dagrun for example_python_operator to None, run_after=None
[2024-11-07T00:45:14.579+0000] {processor.py:208} INFO - Processing /home/airflow/.local/lib/python3.12/site-packages/airflow/example_dags/example_python_operator.py took 0.063 seconds
[2024-11-07T00:45:44.760+0000] {processor.py:186} INFO - Started process (PID=946) to work on /home/airflow/.local/lib/python3.12/site-packages/airflow/example_dags/example_python_operator.py
[2024-11-07T00:45:44.761+0000] {processor.py:914} INFO - Processing file /home/airflow/.local/lib/python3.12/site-packages/airflow/example_dags/example_python_operator.py for tasks to queue
[2024-11-07T00:45:44.763+0000] {logging_mixin.py:190} INFO - [2024-11-07T00:45:44.763+0000] {dagbag.py:588} INFO - Filling up the DagBag from /home/airflow/.local/lib/python3.12/site-packages/airflow/example_dags/example_python_operator.py
[2024-11-07T00:45:44.773+0000] {processor.py:925} INFO - DAG(s) 'example_python_operator' retrieved from /home/airflow/.local/lib/python3.12/site-packages/airflow/example_dags/example_python_operator.py
[2024-11-07T00:45:44.791+0000] {logging_mixin.py:190} INFO - [2024-11-07T00:45:44.791+0000] {dag.py:3239} INFO - Sync 1 DAGs
[2024-11-07T00:45:44.803+0000] {logging_mixin.py:190} INFO - [2024-11-07T00:45:44.803+0000] {dag.py:4180} INFO - Setting next_dagrun for example_python_operator to None, run_after=None
[2024-11-07T00:45:44.817+0000] {processor.py:208} INFO - Processing /home/airflow/.local/lib/python3.12/site-packages/airflow/example_dags/example_python_operator.py took 0.062 seconds
[2024-11-07T00:46:15.007+0000] {processor.py:186} INFO - Started process (PID=1010) to work on /home/airflow/.local/lib/python3.12/site-packages/airflow/example_dags/example_python_operator.py
[2024-11-07T00:46:15.008+0000] {processor.py:914} INFO - Processing file /home/airflow/.local/lib/python3.12/site-packages/airflow/example_dags/example_python_operator.py for tasks to queue
[2024-11-07T00:46:15.009+0000] {logging_mixin.py:190} INFO - [2024-11-07T00:46:15.009+0000] {dagbag.py:588} INFO - Filling up the DagBag from /home/airflow/.local/lib/python3.12/site-packages/airflow/example_dags/example_python_operator.py
[2024-11-07T00:46:15.019+0000] {processor.py:925} INFO - DAG(s) 'example_python_operator' retrieved from /home/airflow/.local/lib/python3.12/site-packages/airflow/example_dags/example_python_operator.py
[2024-11-07T00:46:15.037+0000] {logging_mixin.py:190} INFO - [2024-11-07T00:46:15.036+0000] {dag.py:3239} INFO - Sync 1 DAGs
[2024-11-07T00:46:15.048+0000] {logging_mixin.py:190} INFO - [2024-11-07T00:46:15.048+0000] {dag.py:4180} INFO - Setting next_dagrun for example_python_operator to None, run_after=None
[2024-11-07T00:46:15.062+0000] {processor.py:208} INFO - Processing /home/airflow/.local/lib/python3.12/site-packages/airflow/example_dags/example_python_operator.py took 0.060 seconds
[2024-11-07T00:46:45.738+0000] {processor.py:186} INFO - Started process (PID=1074) to work on /home/airflow/.local/lib/python3.12/site-packages/airflow/example_dags/example_python_operator.py
[2024-11-07T00:46:45.739+0000] {processor.py:914} INFO - Processing file /home/airflow/.local/lib/python3.12/site-packages/airflow/example_dags/example_python_operator.py for tasks to queue
[2024-11-07T00:46:45.740+0000] {logging_mixin.py:190} INFO - [2024-11-07T00:46:45.740+0000] {dagbag.py:588} INFO - Filling up the DagBag from /home/airflow/.local/lib/python3.12/site-packages/airflow/example_dags/example_python_operator.py
[2024-11-07T00:46:45.750+0000] {processor.py:925} INFO - DAG(s) 'example_python_operator' retrieved from /home/airflow/.local/lib/python3.12/site-packages/airflow/example_dags/example_python_operator.py
[2024-11-07T00:46:45.768+0000] {logging_mixin.py:190} INFO - [2024-11-07T00:46:45.768+0000] {dag.py:3239} INFO - Sync 1 DAGs
[2024-11-07T00:46:45.779+0000] {logging_mixin.py:190} INFO - [2024-11-07T00:46:45.779+0000] {dag.py:4180} INFO - Setting next_dagrun for example_python_operator to None, run_after=None
[2024-11-07T00:46:45.794+0000] {processor.py:208} INFO - Processing /home/airflow/.local/lib/python3.12/site-packages/airflow/example_dags/example_python_operator.py took 0.061 seconds
[2024-11-07T00:47:16.003+0000] {processor.py:186} INFO - Started process (PID=1138) to work on /home/airflow/.local/lib/python3.12/site-packages/airflow/example_dags/example_python_operator.py
[2024-11-07T00:47:16.004+0000] {processor.py:914} INFO - Processing file /home/airflow/.local/lib/python3.12/site-packages/airflow/example_dags/example_python_operator.py for tasks to queue
[2024-11-07T00:47:16.005+0000] {logging_mixin.py:190} INFO - [2024-11-07T00:47:16.005+0000] {dagbag.py:588} INFO - Filling up the DagBag from /home/airflow/.local/lib/python3.12/site-packages/airflow/example_dags/example_python_operator.py
[2024-11-07T00:47:16.015+0000] {processor.py:925} INFO - DAG(s) 'example_python_operator' retrieved from /home/airflow/.local/lib/python3.12/site-packages/airflow/example_dags/example_python_operator.py
[2024-11-07T00:47:16.033+0000] {logging_mixin.py:190} INFO - [2024-11-07T00:47:16.032+0000] {dag.py:3239} INFO - Sync 1 DAGs
[2024-11-07T00:47:16.044+0000] {logging_mixin.py:190} INFO - [2024-11-07T00:47:16.044+0000] {dag.py:4180} INFO - Setting next_dagrun for example_python_operator to None, run_after=None
[2024-11-07T00:47:16.058+0000] {processor.py:208} INFO - Processing /home/airflow/.local/lib/python3.12/site-packages/airflow/example_dags/example_python_operator.py took 0.060 seconds
[2024-11-07T00:47:46.230+0000] {processor.py:186} INFO - Started process (PID=1202) to work on /home/airflow/.local/lib/python3.12/site-packages/airflow/example_dags/example_python_operator.py
[2024-11-07T00:47:46.231+0000] {processor.py:914} INFO - Processing file /home/airflow/.local/lib/python3.12/site-packages/airflow/example_dags/example_python_operator.py for tasks to queue
[2024-11-07T00:47:46.233+0000] {logging_mixin.py:190} INFO - [2024-11-07T00:47:46.232+0000] {dagbag.py:588} INFO - Filling up the DagBag from /home/airflow/.local/lib/python3.12/site-packages/airflow/example_dags/example_python_operator.py
[2024-11-07T00:47:46.242+0000] {processor.py:925} INFO - DAG(s) 'example_python_operator' retrieved from /home/airflow/.local/lib/python3.12/site-packages/airflow/example_dags/example_python_operator.py
[2024-11-07T00:47:46.260+0000] {logging_mixin.py:190} INFO - [2024-11-07T00:47:46.260+0000] {dag.py:3239} INFO - Sync 1 DAGs
[2024-11-07T00:47:46.272+0000] {logging_mixin.py:190} INFO - [2024-11-07T00:47:46.272+0000] {dag.py:4180} INFO - Setting next_dagrun for example_python_operator to None, run_after=None
[2024-11-07T00:47:46.288+0000] {processor.py:208} INFO - Processing /home/airflow/.local/lib/python3.12/site-packages/airflow/example_dags/example_python_operator.py took 0.062 seconds
[2024-11-07T00:55:07.315+0000] {processor.py:186} INFO - Started process (PID=1237) to work on /home/airflow/.local/lib/python3.12/site-packages/airflow/example_dags/example_python_operator.py
[2024-11-07T00:55:07.315+0000] {processor.py:914} INFO - Processing file /home/airflow/.local/lib/python3.12/site-packages/airflow/example_dags/example_python_operator.py for tasks to queue
[2024-11-07T00:55:07.317+0000] {logging_mixin.py:190} INFO - [2024-11-07T00:55:07.317+0000] {dagbag.py:588} INFO - Filling up the DagBag from /home/airflow/.local/lib/python3.12/site-packages/airflow/example_dags/example_python_operator.py
[2024-11-07T00:55:07.327+0000] {processor.py:925} INFO - DAG(s) 'example_python_operator' retrieved from /home/airflow/.local/lib/python3.12/site-packages/airflow/example_dags/example_python_operator.py
[2024-11-07T00:55:07.345+0000] {logging_mixin.py:190} INFO - [2024-11-07T00:55:07.345+0000] {dag.py:3239} INFO - Sync 1 DAGs
[2024-11-07T00:55:07.357+0000] {logging_mixin.py:190} INFO - [2024-11-07T00:55:07.357+0000] {dag.py:4180} INFO - Setting next_dagrun for example_python_operator to None, run_after=None
[2024-11-07T00:55:07.374+0000] {processor.py:208} INFO - Processing /home/airflow/.local/lib/python3.12/site-packages/airflow/example_dags/example_python_operator.py took 0.064 seconds
[2024-11-07T00:55:37.574+0000] {processor.py:186} INFO - Started process (PID=1301) to work on /home/airflow/.local/lib/python3.12/site-packages/airflow/example_dags/example_python_operator.py
[2024-11-07T00:55:37.574+0000] {processor.py:914} INFO - Processing file /home/airflow/.local/lib/python3.12/site-packages/airflow/example_dags/example_python_operator.py for tasks to queue
[2024-11-07T00:55:37.576+0000] {logging_mixin.py:190} INFO - [2024-11-07T00:55:37.576+0000] {dagbag.py:588} INFO - Filling up the DagBag from /home/airflow/.local/lib/python3.12/site-packages/airflow/example_dags/example_python_operator.py
[2024-11-07T00:55:37.585+0000] {processor.py:925} INFO - DAG(s) 'example_python_operator' retrieved from /home/airflow/.local/lib/python3.12/site-packages/airflow/example_dags/example_python_operator.py
[2024-11-07T00:55:37.605+0000] {logging_mixin.py:190} INFO - [2024-11-07T00:55:37.605+0000] {dag.py:3239} INFO - Sync 1 DAGs
[2024-11-07T00:55:37.615+0000] {logging_mixin.py:190} INFO - [2024-11-07T00:55:37.615+0000] {dag.py:4180} INFO - Setting next_dagrun for example_python_operator to None, run_after=None
[2024-11-07T00:55:37.630+0000] {processor.py:208} INFO - Processing /home/airflow/.local/lib/python3.12/site-packages/airflow/example_dags/example_python_operator.py took 0.061 seconds
[2024-11-07T00:56:08.345+0000] {processor.py:186} INFO - Started process (PID=1365) to work on /home/airflow/.local/lib/python3.12/site-packages/airflow/example_dags/example_python_operator.py
[2024-11-07T00:56:08.346+0000] {processor.py:914} INFO - Processing file /home/airflow/.local/lib/python3.12/site-packages/airflow/example_dags/example_python_operator.py for tasks to queue
[2024-11-07T00:56:08.348+0000] {logging_mixin.py:190} INFO - [2024-11-07T00:56:08.348+0000] {dagbag.py:588} INFO - Filling up the DagBag from /home/airflow/.local/lib/python3.12/site-packages/airflow/example_dags/example_python_operator.py
[2024-11-07T00:56:08.357+0000] {processor.py:925} INFO - DAG(s) 'example_python_operator' retrieved from /home/airflow/.local/lib/python3.12/site-packages/airflow/example_dags/example_python_operator.py
[2024-11-07T00:56:08.377+0000] {logging_mixin.py:190} INFO - [2024-11-07T00:56:08.376+0000] {dag.py:3239} INFO - Sync 1 DAGs
[2024-11-07T00:56:08.388+0000] {logging_mixin.py:190} INFO - [2024-11-07T00:56:08.388+0000] {dag.py:4180} INFO - Setting next_dagrun for example_python_operator to None, run_after=None
[2024-11-07T00:56:08.403+0000] {processor.py:208} INFO - Processing /home/airflow/.local/lib/python3.12/site-packages/airflow/example_dags/example_python_operator.py took 0.062 seconds
[2024-11-07T00:56:39.252+0000] {processor.py:186} INFO - Started process (PID=1429) to work on /home/airflow/.local/lib/python3.12/site-packages/airflow/example_dags/example_python_operator.py
[2024-11-07T00:56:39.253+0000] {processor.py:914} INFO - Processing file /home/airflow/.local/lib/python3.12/site-packages/airflow/example_dags/example_python_operator.py for tasks to queue
[2024-11-07T00:56:39.255+0000] {logging_mixin.py:190} INFO - [2024-11-07T00:56:39.254+0000] {dagbag.py:588} INFO - Filling up the DagBag from /home/airflow/.local/lib/python3.12/site-packages/airflow/example_dags/example_python_operator.py
[2024-11-07T00:56:39.264+0000] {processor.py:925} INFO - DAG(s) 'example_python_operator' retrieved from /home/airflow/.local/lib/python3.12/site-packages/airflow/example_dags/example_python_operator.py
[2024-11-07T00:56:39.281+0000] {logging_mixin.py:190} INFO - [2024-11-07T00:56:39.281+0000] {dag.py:3239} INFO - Sync 1 DAGs
[2024-11-07T00:56:39.293+0000] {logging_mixin.py:190} INFO - [2024-11-07T00:56:39.293+0000] {dag.py:4180} INFO - Setting next_dagrun for example_python_operator to None, run_after=None
[2024-11-07T00:56:39.307+0000] {processor.py:208} INFO - Processing /home/airflow/.local/lib/python3.12/site-packages/airflow/example_dags/example_python_operator.py took 0.059 seconds
[2024-11-07T00:57:09.448+0000] {processor.py:186} INFO - Started process (PID=1492) to work on /home/airflow/.local/lib/python3.12/site-packages/airflow/example_dags/example_python_operator.py
[2024-11-07T00:57:09.449+0000] {processor.py:914} INFO - Processing file /home/airflow/.local/lib/python3.12/site-packages/airflow/example_dags/example_python_operator.py for tasks to queue
[2024-11-07T00:57:09.450+0000] {logging_mixin.py:190} INFO - [2024-11-07T00:57:09.450+0000] {dagbag.py:588} INFO - Filling up the DagBag from /home/airflow/.local/lib/python3.12/site-packages/airflow/example_dags/example_python_operator.py
[2024-11-07T00:57:09.460+0000] {processor.py:925} INFO - DAG(s) 'example_python_operator' retrieved from /home/airflow/.local/lib/python3.12/site-packages/airflow/example_dags/example_python_operator.py
[2024-11-07T00:57:09.477+0000] {logging_mixin.py:190} INFO - [2024-11-07T00:57:09.477+0000] {dag.py:3239} INFO - Sync 1 DAGs
[2024-11-07T00:57:09.488+0000] {logging_mixin.py:190} INFO - [2024-11-07T00:57:09.488+0000] {dag.py:4180} INFO - Setting next_dagrun for example_python_operator to None, run_after=None
[2024-11-07T00:57:09.502+0000] {processor.py:208} INFO - Processing /home/airflow/.local/lib/python3.12/site-packages/airflow/example_dags/example_python_operator.py took 0.059 seconds
[2024-11-07T00:57:39.634+0000] {processor.py:186} INFO - Started process (PID=1562) to work on /home/airflow/.local/lib/python3.12/site-packages/airflow/example_dags/example_python_operator.py
[2024-11-07T00:57:39.635+0000] {processor.py:914} INFO - Processing file /home/airflow/.local/lib/python3.12/site-packages/airflow/example_dags/example_python_operator.py for tasks to queue
[2024-11-07T00:57:39.636+0000] {logging_mixin.py:190} INFO - [2024-11-07T00:57:39.636+0000] {dagbag.py:588} INFO - Filling up the DagBag from /home/airflow/.local/lib/python3.12/site-packages/airflow/example_dags/example_python_operator.py
[2024-11-07T00:57:39.646+0000] {processor.py:925} INFO - DAG(s) 'example_python_operator' retrieved from /home/airflow/.local/lib/python3.12/site-packages/airflow/example_dags/example_python_operator.py
[2024-11-07T00:57:39.665+0000] {logging_mixin.py:190} INFO - [2024-11-07T00:57:39.665+0000] {dag.py:3239} INFO - Sync 1 DAGs
[2024-11-07T00:57:39.677+0000] {logging_mixin.py:190} INFO - [2024-11-07T00:57:39.677+0000] {dag.py:4180} INFO - Setting next_dagrun for example_python_operator to None, run_after=None
[2024-11-07T00:57:39.692+0000] {processor.py:208} INFO - Processing /home/airflow/.local/lib/python3.12/site-packages/airflow/example_dags/example_python_operator.py took 0.063 seconds
[2024-11-07T00:58:09.767+0000] {processor.py:186} INFO - Started process (PID=1626) to work on /home/airflow/.local/lib/python3.12/site-packages/airflow/example_dags/example_python_operator.py
[2024-11-07T00:58:09.768+0000] {processor.py:914} INFO - Processing file /home/airflow/.local/lib/python3.12/site-packages/airflow/example_dags/example_python_operator.py for tasks to queue
[2024-11-07T00:58:09.769+0000] {logging_mixin.py:190} INFO - [2024-11-07T00:58:09.769+0000] {dagbag.py:588} INFO - Filling up the DagBag from /home/airflow/.local/lib/python3.12/site-packages/airflow/example_dags/example_python_operator.py
[2024-11-07T00:58:09.779+0000] {processor.py:925} INFO - DAG(s) 'example_python_operator' retrieved from /home/airflow/.local/lib/python3.12/site-packages/airflow/example_dags/example_python_operator.py
[2024-11-07T00:58:09.796+0000] {logging_mixin.py:190} INFO - [2024-11-07T00:58:09.795+0000] {dag.py:3239} INFO - Sync 1 DAGs
[2024-11-07T00:58:09.807+0000] {logging_mixin.py:190} INFO - [2024-11-07T00:58:09.807+0000] {dag.py:4180} INFO - Setting next_dagrun for example_python_operator to None, run_after=None
[2024-11-07T00:58:09.822+0000] {processor.py:208} INFO - Processing /home/airflow/.local/lib/python3.12/site-packages/airflow/example_dags/example_python_operator.py took 0.059 seconds
[2024-11-07T00:58:39.923+0000] {processor.py:186} INFO - Started process (PID=1690) to work on /home/airflow/.local/lib/python3.12/site-packages/airflow/example_dags/example_python_operator.py
[2024-11-07T00:58:39.924+0000] {processor.py:914} INFO - Processing file /home/airflow/.local/lib/python3.12/site-packages/airflow/example_dags/example_python_operator.py for tasks to queue
[2024-11-07T00:58:39.925+0000] {logging_mixin.py:190} INFO - [2024-11-07T00:58:39.925+0000] {dagbag.py:588} INFO - Filling up the DagBag from /home/airflow/.local/lib/python3.12/site-packages/airflow/example_dags/example_python_operator.py
[2024-11-07T00:58:39.935+0000] {processor.py:925} INFO - DAG(s) 'example_python_operator' retrieved from /home/airflow/.local/lib/python3.12/site-packages/airflow/example_dags/example_python_operator.py
[2024-11-07T00:58:39.954+0000] {logging_mixin.py:190} INFO - [2024-11-07T00:58:39.954+0000] {dag.py:3239} INFO - Sync 1 DAGs
[2024-11-07T00:58:39.966+0000] {logging_mixin.py:190} INFO - [2024-11-07T00:58:39.965+0000] {dag.py:4180} INFO - Setting next_dagrun for example_python_operator to None, run_after=None
[2024-11-07T00:58:39.980+0000] {processor.py:208} INFO - Processing /home/airflow/.local/lib/python3.12/site-packages/airflow/example_dags/example_python_operator.py took 0.062 seconds
[2024-11-07T00:59:10.899+0000] {processor.py:186} INFO - Started process (PID=1754) to work on /home/airflow/.local/lib/python3.12/site-packages/airflow/example_dags/example_python_operator.py
[2024-11-07T00:59:10.900+0000] {processor.py:914} INFO - Processing file /home/airflow/.local/lib/python3.12/site-packages/airflow/example_dags/example_python_operator.py for tasks to queue
[2024-11-07T00:59:10.902+0000] {logging_mixin.py:190} INFO - [2024-11-07T00:59:10.902+0000] {dagbag.py:588} INFO - Filling up the DagBag from /home/airflow/.local/lib/python3.12/site-packages/airflow/example_dags/example_python_operator.py
[2024-11-07T00:59:10.911+0000] {processor.py:925} INFO - DAG(s) 'example_python_operator' retrieved from /home/airflow/.local/lib/python3.12/site-packages/airflow/example_dags/example_python_operator.py
[2024-11-07T00:59:10.929+0000] {logging_mixin.py:190} INFO - [2024-11-07T00:59:10.929+0000] {dag.py:3239} INFO - Sync 1 DAGs
[2024-11-07T00:59:10.941+0000] {logging_mixin.py:190} INFO - [2024-11-07T00:59:10.941+0000] {dag.py:4180} INFO - Setting next_dagrun for example_python_operator to None, run_after=None
[2024-11-07T00:59:10.955+0000] {processor.py:208} INFO - Processing /home/airflow/.local/lib/python3.12/site-packages/airflow/example_dags/example_python_operator.py took 0.060 seconds
[2024-11-07T00:59:41.450+0000] {processor.py:186} INFO - Started process (PID=1818) to work on /home/airflow/.local/lib/python3.12/site-packages/airflow/example_dags/example_python_operator.py
[2024-11-07T00:59:41.451+0000] {processor.py:914} INFO - Processing file /home/airflow/.local/lib/python3.12/site-packages/airflow/example_dags/example_python_operator.py for tasks to queue
[2024-11-07T00:59:41.453+0000] {logging_mixin.py:190} INFO - [2024-11-07T00:59:41.452+0000] {dagbag.py:588} INFO - Filling up the DagBag from /home/airflow/.local/lib/python3.12/site-packages/airflow/example_dags/example_python_operator.py
[2024-11-07T00:59:41.462+0000] {processor.py:925} INFO - DAG(s) 'example_python_operator' retrieved from /home/airflow/.local/lib/python3.12/site-packages/airflow/example_dags/example_python_operator.py
[2024-11-07T00:59:41.479+0000] {logging_mixin.py:190} INFO - [2024-11-07T00:59:41.479+0000] {dag.py:3239} INFO - Sync 1 DAGs
[2024-11-07T00:59:41.491+0000] {logging_mixin.py:190} INFO - [2024-11-07T00:59:41.491+0000] {dag.py:4180} INFO - Setting next_dagrun for example_python_operator to None, run_after=None
[2024-11-07T00:59:41.504+0000] {processor.py:208} INFO - Processing /home/airflow/.local/lib/python3.12/site-packages/airflow/example_dags/example_python_operator.py took 0.059 seconds
[2024-11-07T01:00:12.106+0000] {processor.py:186} INFO - Started process (PID=1882) to work on /home/airflow/.local/lib/python3.12/site-packages/airflow/example_dags/example_python_operator.py
[2024-11-07T01:00:12.107+0000] {processor.py:914} INFO - Processing file /home/airflow/.local/lib/python3.12/site-packages/airflow/example_dags/example_python_operator.py for tasks to queue
[2024-11-07T01:00:12.108+0000] {logging_mixin.py:190} INFO - [2024-11-07T01:00:12.108+0000] {dagbag.py:588} INFO - Filling up the DagBag from /home/airflow/.local/lib/python3.12/site-packages/airflow/example_dags/example_python_operator.py
[2024-11-07T01:00:12.118+0000] {processor.py:925} INFO - DAG(s) 'example_python_operator' retrieved from /home/airflow/.local/lib/python3.12/site-packages/airflow/example_dags/example_python_operator.py
[2024-11-07T01:00:12.135+0000] {logging_mixin.py:190} INFO - [2024-11-07T01:00:12.135+0000] {dag.py:3239} INFO - Sync 1 DAGs
[2024-11-07T01:00:12.146+0000] {logging_mixin.py:190} INFO - [2024-11-07T01:00:12.146+0000] {dag.py:4180} INFO - Setting next_dagrun for example_python_operator to None, run_after=None
[2024-11-07T01:00:12.162+0000] {processor.py:208} INFO - Processing /home/airflow/.local/lib/python3.12/site-packages/airflow/example_dags/example_python_operator.py took 0.060 seconds
[2024-11-07T01:00:42.214+0000] {processor.py:186} INFO - Started process (PID=1946) to work on /home/airflow/.local/lib/python3.12/site-packages/airflow/example_dags/example_python_operator.py
[2024-11-07T01:00:42.214+0000] {processor.py:914} INFO - Processing file /home/airflow/.local/lib/python3.12/site-packages/airflow/example_dags/example_python_operator.py for tasks to queue
[2024-11-07T01:00:42.216+0000] {logging_mixin.py:190} INFO - [2024-11-07T01:00:42.216+0000] {dagbag.py:588} INFO - Filling up the DagBag from /home/airflow/.local/lib/python3.12/site-packages/airflow/example_dags/example_python_operator.py
[2024-11-07T01:00:42.226+0000] {processor.py:925} INFO - DAG(s) 'example_python_operator' retrieved from /home/airflow/.local/lib/python3.12/site-packages/airflow/example_dags/example_python_operator.py
[2024-11-07T01:00:42.244+0000] {logging_mixin.py:190} INFO - [2024-11-07T01:00:42.244+0000] {dag.py:3239} INFO - Sync 1 DAGs
[2024-11-07T01:00:42.255+0000] {logging_mixin.py:190} INFO - [2024-11-07T01:00:42.255+0000] {dag.py:4180} INFO - Setting next_dagrun for example_python_operator to None, run_after=None
[2024-11-07T01:00:42.270+0000] {processor.py:208} INFO - Processing /home/airflow/.local/lib/python3.12/site-packages/airflow/example_dags/example_python_operator.py took 0.061 seconds
[2024-11-07T01:01:12.364+0000] {processor.py:186} INFO - Started process (PID=2010) to work on /home/airflow/.local/lib/python3.12/site-packages/airflow/example_dags/example_python_operator.py
[2024-11-07T01:01:12.364+0000] {processor.py:914} INFO - Processing file /home/airflow/.local/lib/python3.12/site-packages/airflow/example_dags/example_python_operator.py for tasks to queue
[2024-11-07T01:01:12.366+0000] {logging_mixin.py:190} INFO - [2024-11-07T01:01:12.366+0000] {dagbag.py:588} INFO - Filling up the DagBag from /home/airflow/.local/lib/python3.12/site-packages/airflow/example_dags/example_python_operator.py
[2024-11-07T01:01:12.376+0000] {processor.py:925} INFO - DAG(s) 'example_python_operator' retrieved from /home/airflow/.local/lib/python3.12/site-packages/airflow/example_dags/example_python_operator.py
[2024-11-07T01:01:12.393+0000] {logging_mixin.py:190} INFO - [2024-11-07T01:01:12.393+0000] {dag.py:3239} INFO - Sync 1 DAGs
[2024-11-07T01:01:12.404+0000] {logging_mixin.py:190} INFO - [2024-11-07T01:01:12.404+0000] {dag.py:4180} INFO - Setting next_dagrun for example_python_operator to None, run_after=None
[2024-11-07T01:01:12.419+0000] {processor.py:208} INFO - Processing /home/airflow/.local/lib/python3.12/site-packages/airflow/example_dags/example_python_operator.py took 0.060 seconds
