[2024-11-07T00:29:20.619+0000] {processor.py:186} INFO - Started process (PID=77) to work on /home/airflow/.local/lib/python3.12/site-packages/airflow/example_dags/example_bash_decorator.py
[2024-11-07T00:29:20.620+0000] {processor.py:914} INFO - Processing file /home/airflow/.local/lib/python3.12/site-packages/airflow/example_dags/example_bash_decorator.py for tasks to queue
[2024-11-07T00:29:20.623+0000] {logging_mixin.py:190} INFO - [2024-11-07T00:29:20.623+0000] {dagbag.py:588} INFO - Filling up the DagBag from /home/airflow/.local/lib/python3.12/site-packages/airflow/example_dags/example_bash_decorator.py
[2024-11-07T00:29:20.640+0000] {processor.py:925} INFO - DAG(s) 'example_bash_decorator' retrieved from /home/airflow/.local/lib/python3.12/site-packages/airflow/example_dags/example_bash_decorator.py
[2024-11-07T00:29:20.740+0000] {logging_mixin.py:190} INFO - [2024-11-07T00:29:20.739+0000] {override.py:1911} INFO - Created Permission View: can delete on DAG:example_bash_decorator
[2024-11-07T00:29:20.750+0000] {logging_mixin.py:190} INFO - [2024-11-07T00:29:20.750+0000] {override.py:1911} INFO - Created Permission View: can edit on DAG:example_bash_decorator
[2024-11-07T00:29:20.756+0000] {logging_mixin.py:190} INFO - [2024-11-07T00:29:20.756+0000] {override.py:1911} INFO - Created Permission View: can read on DAG:example_bash_decorator
[2024-11-07T00:29:20.761+0000] {logging_mixin.py:190} INFO - [2024-11-07T00:29:20.761+0000] {override.py:1911} INFO - Created Permission View: can create on DAG Run:example_bash_decorator
[2024-11-07T00:29:20.766+0000] {logging_mixin.py:190} INFO - [2024-11-07T00:29:20.766+0000] {override.py:1911} INFO - Created Permission View: can delete on DAG Run:example_bash_decorator
[2024-11-07T00:29:20.774+0000] {logging_mixin.py:190} INFO - [2024-11-07T00:29:20.774+0000] {override.py:1911} INFO - Created Permission View: menu access on DAG Run:example_bash_decorator
[2024-11-07T00:29:20.780+0000] {logging_mixin.py:190} INFO - [2024-11-07T00:29:20.779+0000] {override.py:1911} INFO - Created Permission View: can read on DAG Run:example_bash_decorator
[2024-11-07T00:29:20.780+0000] {logging_mixin.py:190} INFO - [2024-11-07T00:29:20.780+0000] {dag.py:3239} INFO - Sync 1 DAGs
[2024-11-07T00:29:20.792+0000] {logging_mixin.py:190} INFO - [2024-11-07T00:29:20.791+0000] {dag.py:3262} INFO - Creating ORM DAG for example_bash_decorator
[2024-11-07T00:29:20.792+0000] {logging_mixin.py:190} INFO - [2024-11-07T00:29:20.792+0000] {dag.py:4180} INFO - Setting next_dagrun for example_bash_decorator to None, run_after=None
[2024-11-07T00:29:20.807+0000] {processor.py:208} INFO - Processing /home/airflow/.local/lib/python3.12/site-packages/airflow/example_dags/example_bash_decorator.py took 0.195 seconds
[2024-11-07T00:29:51.518+0000] {processor.py:186} INFO - Started process (PID=140) to work on /home/airflow/.local/lib/python3.12/site-packages/airflow/example_dags/example_bash_decorator.py
[2024-11-07T00:29:51.519+0000] {processor.py:914} INFO - Processing file /home/airflow/.local/lib/python3.12/site-packages/airflow/example_dags/example_bash_decorator.py for tasks to queue
[2024-11-07T00:29:51.521+0000] {logging_mixin.py:190} INFO - [2024-11-07T00:29:51.521+0000] {dagbag.py:588} INFO - Filling up the DagBag from /home/airflow/.local/lib/python3.12/site-packages/airflow/example_dags/example_bash_decorator.py
[2024-11-07T00:29:51.533+0000] {processor.py:925} INFO - DAG(s) 'example_bash_decorator' retrieved from /home/airflow/.local/lib/python3.12/site-packages/airflow/example_dags/example_bash_decorator.py
[2024-11-07T00:29:51.556+0000] {logging_mixin.py:190} INFO - [2024-11-07T00:29:51.555+0000] {dag.py:3239} INFO - Sync 1 DAGs
[2024-11-07T00:29:51.568+0000] {logging_mixin.py:190} INFO - [2024-11-07T00:29:51.568+0000] {dag.py:4180} INFO - Setting next_dagrun for example_bash_decorator to None, run_after=None
[2024-11-07T00:29:51.586+0000] {processor.py:208} INFO - Processing /home/airflow/.local/lib/python3.12/site-packages/airflow/example_dags/example_bash_decorator.py took 0.073 seconds
[2024-11-07T00:30:22.451+0000] {processor.py:186} INFO - Started process (PID=203) to work on /home/airflow/.local/lib/python3.12/site-packages/airflow/example_dags/example_bash_decorator.py
[2024-11-07T00:30:22.452+0000] {processor.py:914} INFO - Processing file /home/airflow/.local/lib/python3.12/site-packages/airflow/example_dags/example_bash_decorator.py for tasks to queue
[2024-11-07T00:30:22.454+0000] {logging_mixin.py:190} INFO - [2024-11-07T00:30:22.453+0000] {dagbag.py:588} INFO - Filling up the DagBag from /home/airflow/.local/lib/python3.12/site-packages/airflow/example_dags/example_bash_decorator.py
[2024-11-07T00:30:22.466+0000] {processor.py:925} INFO - DAG(s) 'example_bash_decorator' retrieved from /home/airflow/.local/lib/python3.12/site-packages/airflow/example_dags/example_bash_decorator.py
[2024-11-07T00:30:22.484+0000] {logging_mixin.py:190} INFO - [2024-11-07T00:30:22.484+0000] {dag.py:3239} INFO - Sync 1 DAGs
[2024-11-07T00:30:22.496+0000] {logging_mixin.py:190} INFO - [2024-11-07T00:30:22.496+0000] {dag.py:4180} INFO - Setting next_dagrun for example_bash_decorator to None, run_after=None
[2024-11-07T00:30:22.510+0000] {processor.py:208} INFO - Processing /home/airflow/.local/lib/python3.12/site-packages/airflow/example_dags/example_bash_decorator.py took 0.064 seconds
[2024-11-07T00:31:06.553+0000] {processor.py:186} INFO - Started process (PID=260) to work on /home/airflow/.local/lib/python3.12/site-packages/airflow/example_dags/example_bash_decorator.py
[2024-11-07T00:31:06.554+0000] {processor.py:914} INFO - Processing file /home/airflow/.local/lib/python3.12/site-packages/airflow/example_dags/example_bash_decorator.py for tasks to queue
[2024-11-07T00:31:06.556+0000] {logging_mixin.py:190} INFO - [2024-11-07T00:31:06.556+0000] {dagbag.py:588} INFO - Filling up the DagBag from /home/airflow/.local/lib/python3.12/site-packages/airflow/example_dags/example_bash_decorator.py
[2024-11-07T00:31:06.573+0000] {processor.py:925} INFO - DAG(s) 'example_bash_decorator' retrieved from /home/airflow/.local/lib/python3.12/site-packages/airflow/example_dags/example_bash_decorator.py
[2024-11-07T00:31:06.598+0000] {logging_mixin.py:190} INFO - [2024-11-07T00:31:06.597+0000] {dag.py:3239} INFO - Sync 1 DAGs
[2024-11-07T00:31:06.615+0000] {logging_mixin.py:190} INFO - [2024-11-07T00:31:06.615+0000] {dag.py:4180} INFO - Setting next_dagrun for example_bash_decorator to None, run_after=None
[2024-11-07T00:31:06.638+0000] {processor.py:208} INFO - Processing /home/airflow/.local/lib/python3.12/site-packages/airflow/example_dags/example_bash_decorator.py took 0.092 seconds
[2024-11-07T00:32:01.477+0000] {processor.py:186} INFO - Started process (PID=323) to work on /home/airflow/.local/lib/python3.12/site-packages/airflow/example_dags/example_bash_decorator.py
[2024-11-07T00:32:01.477+0000] {processor.py:914} INFO - Processing file /home/airflow/.local/lib/python3.12/site-packages/airflow/example_dags/example_bash_decorator.py for tasks to queue
[2024-11-07T00:32:01.480+0000] {logging_mixin.py:190} INFO - [2024-11-07T00:32:01.479+0000] {dagbag.py:588} INFO - Filling up the DagBag from /home/airflow/.local/lib/python3.12/site-packages/airflow/example_dags/example_bash_decorator.py
[2024-11-07T00:32:01.494+0000] {processor.py:925} INFO - DAG(s) 'example_bash_decorator' retrieved from /home/airflow/.local/lib/python3.12/site-packages/airflow/example_dags/example_bash_decorator.py
[2024-11-07T00:32:01.514+0000] {logging_mixin.py:190} INFO - [2024-11-07T00:32:01.514+0000] {dag.py:3239} INFO - Sync 1 DAGs
[2024-11-07T00:32:01.528+0000] {logging_mixin.py:190} INFO - [2024-11-07T00:32:01.528+0000] {dag.py:4180} INFO - Setting next_dagrun for example_bash_decorator to None, run_after=None
[2024-11-07T00:32:01.544+0000] {processor.py:208} INFO - Processing /home/airflow/.local/lib/python3.12/site-packages/airflow/example_dags/example_bash_decorator.py took 0.073 seconds
[2024-11-07T00:32:32.248+0000] {processor.py:186} INFO - Started process (PID=386) to work on /home/airflow/.local/lib/python3.12/site-packages/airflow/example_dags/example_bash_decorator.py
[2024-11-07T00:32:32.249+0000] {processor.py:914} INFO - Processing file /home/airflow/.local/lib/python3.12/site-packages/airflow/example_dags/example_bash_decorator.py for tasks to queue
[2024-11-07T00:32:32.251+0000] {logging_mixin.py:190} INFO - [2024-11-07T00:32:32.250+0000] {dagbag.py:588} INFO - Filling up the DagBag from /home/airflow/.local/lib/python3.12/site-packages/airflow/example_dags/example_bash_decorator.py
[2024-11-07T00:32:32.264+0000] {processor.py:925} INFO - DAG(s) 'example_bash_decorator' retrieved from /home/airflow/.local/lib/python3.12/site-packages/airflow/example_dags/example_bash_decorator.py
[2024-11-07T00:32:32.286+0000] {logging_mixin.py:190} INFO - [2024-11-07T00:32:32.286+0000] {dag.py:3239} INFO - Sync 1 DAGs
[2024-11-07T00:32:32.300+0000] {logging_mixin.py:190} INFO - [2024-11-07T00:32:32.300+0000] {dag.py:4180} INFO - Setting next_dagrun for example_bash_decorator to None, run_after=None
[2024-11-07T00:32:32.319+0000] {processor.py:208} INFO - Processing /home/airflow/.local/lib/python3.12/site-packages/airflow/example_dags/example_bash_decorator.py took 0.077 seconds
[2024-11-07T00:33:03.001+0000] {processor.py:186} INFO - Started process (PID=449) to work on /home/airflow/.local/lib/python3.12/site-packages/airflow/example_dags/example_bash_decorator.py
[2024-11-07T00:33:03.002+0000] {processor.py:914} INFO - Processing file /home/airflow/.local/lib/python3.12/site-packages/airflow/example_dags/example_bash_decorator.py for tasks to queue
[2024-11-07T00:33:03.003+0000] {logging_mixin.py:190} INFO - [2024-11-07T00:33:03.003+0000] {dagbag.py:588} INFO - Filling up the DagBag from /home/airflow/.local/lib/python3.12/site-packages/airflow/example_dags/example_bash_decorator.py
[2024-11-07T00:33:03.016+0000] {processor.py:925} INFO - DAG(s) 'example_bash_decorator' retrieved from /home/airflow/.local/lib/python3.12/site-packages/airflow/example_dags/example_bash_decorator.py
[2024-11-07T00:33:03.036+0000] {logging_mixin.py:190} INFO - [2024-11-07T00:33:03.036+0000] {dag.py:3239} INFO - Sync 1 DAGs
[2024-11-07T00:33:03.049+0000] {logging_mixin.py:190} INFO - [2024-11-07T00:33:03.049+0000] {dag.py:4180} INFO - Setting next_dagrun for example_bash_decorator to None, run_after=None
[2024-11-07T00:33:03.064+0000] {processor.py:208} INFO - Processing /home/airflow/.local/lib/python3.12/site-packages/airflow/example_dags/example_bash_decorator.py took 0.069 seconds
[2024-11-07T00:33:34.705+0000] {processor.py:186} INFO - Started process (PID=512) to work on /home/airflow/.local/lib/python3.12/site-packages/airflow/example_dags/example_bash_decorator.py
[2024-11-07T00:33:34.706+0000] {processor.py:914} INFO - Processing file /home/airflow/.local/lib/python3.12/site-packages/airflow/example_dags/example_bash_decorator.py for tasks to queue
[2024-11-07T00:33:34.708+0000] {logging_mixin.py:190} INFO - [2024-11-07T00:33:34.708+0000] {dagbag.py:588} INFO - Filling up the DagBag from /home/airflow/.local/lib/python3.12/site-packages/airflow/example_dags/example_bash_decorator.py
[2024-11-07T00:33:34.722+0000] {processor.py:925} INFO - DAG(s) 'example_bash_decorator' retrieved from /home/airflow/.local/lib/python3.12/site-packages/airflow/example_dags/example_bash_decorator.py
[2024-11-07T00:33:34.741+0000] {logging_mixin.py:190} INFO - [2024-11-07T00:33:34.741+0000] {dag.py:3239} INFO - Sync 1 DAGs
[2024-11-07T00:33:34.752+0000] {logging_mixin.py:190} INFO - [2024-11-07T00:33:34.752+0000] {dag.py:4180} INFO - Setting next_dagrun for example_bash_decorator to None, run_after=None
[2024-11-07T00:33:34.767+0000] {processor.py:208} INFO - Processing /home/airflow/.local/lib/python3.12/site-packages/airflow/example_dags/example_bash_decorator.py took 0.067 seconds
[2024-11-07T00:34:05.027+0000] {processor.py:186} INFO - Started process (PID=575) to work on /home/airflow/.local/lib/python3.12/site-packages/airflow/example_dags/example_bash_decorator.py
[2024-11-07T00:34:05.028+0000] {processor.py:914} INFO - Processing file /home/airflow/.local/lib/python3.12/site-packages/airflow/example_dags/example_bash_decorator.py for tasks to queue
[2024-11-07T00:34:05.029+0000] {logging_mixin.py:190} INFO - [2024-11-07T00:34:05.029+0000] {dagbag.py:588} INFO - Filling up the DagBag from /home/airflow/.local/lib/python3.12/site-packages/airflow/example_dags/example_bash_decorator.py
[2024-11-07T00:34:05.041+0000] {processor.py:925} INFO - DAG(s) 'example_bash_decorator' retrieved from /home/airflow/.local/lib/python3.12/site-packages/airflow/example_dags/example_bash_decorator.py
[2024-11-07T00:34:05.060+0000] {logging_mixin.py:190} INFO - [2024-11-07T00:34:05.060+0000] {dag.py:3239} INFO - Sync 1 DAGs
[2024-11-07T00:34:05.072+0000] {logging_mixin.py:190} INFO - [2024-11-07T00:34:05.072+0000] {dag.py:4180} INFO - Setting next_dagrun for example_bash_decorator to None, run_after=None
[2024-11-07T00:34:05.087+0000] {processor.py:208} INFO - Processing /home/airflow/.local/lib/python3.12/site-packages/airflow/example_dags/example_bash_decorator.py took 0.065 seconds
[2024-11-07T00:34:35.855+0000] {processor.py:186} INFO - Started process (PID=637) to work on /home/airflow/.local/lib/python3.12/site-packages/airflow/example_dags/example_bash_decorator.py
[2024-11-07T00:34:35.856+0000] {processor.py:914} INFO - Processing file /home/airflow/.local/lib/python3.12/site-packages/airflow/example_dags/example_bash_decorator.py for tasks to queue
[2024-11-07T00:34:35.858+0000] {logging_mixin.py:190} INFO - [2024-11-07T00:34:35.858+0000] {dagbag.py:588} INFO - Filling up the DagBag from /home/airflow/.local/lib/python3.12/site-packages/airflow/example_dags/example_bash_decorator.py
[2024-11-07T00:34:35.871+0000] {processor.py:925} INFO - DAG(s) 'example_bash_decorator' retrieved from /home/airflow/.local/lib/python3.12/site-packages/airflow/example_dags/example_bash_decorator.py
[2024-11-07T00:34:35.891+0000] {logging_mixin.py:190} INFO - [2024-11-07T00:34:35.891+0000] {dag.py:3239} INFO - Sync 1 DAGs
[2024-11-07T00:34:35.905+0000] {logging_mixin.py:190} INFO - [2024-11-07T00:34:35.905+0000] {dag.py:4180} INFO - Setting next_dagrun for example_bash_decorator to None, run_after=None
[2024-11-07T00:34:35.921+0000] {processor.py:208} INFO - Processing /home/airflow/.local/lib/python3.12/site-packages/airflow/example_dags/example_bash_decorator.py took 0.072 seconds
[2024-11-07T00:35:06.659+0000] {processor.py:186} INFO - Started process (PID=699) to work on /home/airflow/.local/lib/python3.12/site-packages/airflow/example_dags/example_bash_decorator.py
[2024-11-07T00:35:06.660+0000] {processor.py:914} INFO - Processing file /home/airflow/.local/lib/python3.12/site-packages/airflow/example_dags/example_bash_decorator.py for tasks to queue
[2024-11-07T00:35:06.662+0000] {logging_mixin.py:190} INFO - [2024-11-07T00:35:06.662+0000] {dagbag.py:588} INFO - Filling up the DagBag from /home/airflow/.local/lib/python3.12/site-packages/airflow/example_dags/example_bash_decorator.py
[2024-11-07T00:35:06.674+0000] {processor.py:925} INFO - DAG(s) 'example_bash_decorator' retrieved from /home/airflow/.local/lib/python3.12/site-packages/airflow/example_dags/example_bash_decorator.py
[2024-11-07T00:35:06.693+0000] {logging_mixin.py:190} INFO - [2024-11-07T00:35:06.692+0000] {dag.py:3239} INFO - Sync 1 DAGs
[2024-11-07T00:35:06.706+0000] {logging_mixin.py:190} INFO - [2024-11-07T00:35:06.705+0000] {dag.py:4180} INFO - Setting next_dagrun for example_bash_decorator to None, run_after=None
[2024-11-07T00:35:06.720+0000] {processor.py:208} INFO - Processing /home/airflow/.local/lib/python3.12/site-packages/airflow/example_dags/example_bash_decorator.py took 0.066 seconds
[2024-11-07T00:35:37.040+0000] {processor.py:186} INFO - Started process (PID=762) to work on /home/airflow/.local/lib/python3.12/site-packages/airflow/example_dags/example_bash_decorator.py
[2024-11-07T00:35:37.040+0000] {processor.py:914} INFO - Processing file /home/airflow/.local/lib/python3.12/site-packages/airflow/example_dags/example_bash_decorator.py for tasks to queue
[2024-11-07T00:35:37.042+0000] {logging_mixin.py:190} INFO - [2024-11-07T00:35:37.042+0000] {dagbag.py:588} INFO - Filling up the DagBag from /home/airflow/.local/lib/python3.12/site-packages/airflow/example_dags/example_bash_decorator.py
[2024-11-07T00:35:37.054+0000] {processor.py:925} INFO - DAG(s) 'example_bash_decorator' retrieved from /home/airflow/.local/lib/python3.12/site-packages/airflow/example_dags/example_bash_decorator.py
[2024-11-07T00:35:37.074+0000] {logging_mixin.py:190} INFO - [2024-11-07T00:35:37.074+0000] {dag.py:3239} INFO - Sync 1 DAGs
[2024-11-07T00:35:37.086+0000] {logging_mixin.py:190} INFO - [2024-11-07T00:35:37.085+0000] {dag.py:4180} INFO - Setting next_dagrun for example_bash_decorator to None, run_after=None
[2024-11-07T00:35:37.101+0000] {processor.py:208} INFO - Processing /home/airflow/.local/lib/python3.12/site-packages/airflow/example_dags/example_bash_decorator.py took 0.066 seconds
[2024-11-07T00:36:08.172+0000] {processor.py:186} INFO - Started process (PID=819) to work on /home/airflow/.local/lib/python3.12/site-packages/airflow/example_dags/example_bash_decorator.py
[2024-11-07T00:36:08.173+0000] {processor.py:914} INFO - Processing file /home/airflow/.local/lib/python3.12/site-packages/airflow/example_dags/example_bash_decorator.py for tasks to queue
[2024-11-07T00:36:08.175+0000] {logging_mixin.py:190} INFO - [2024-11-07T00:36:08.175+0000] {dagbag.py:588} INFO - Filling up the DagBag from /home/airflow/.local/lib/python3.12/site-packages/airflow/example_dags/example_bash_decorator.py
[2024-11-07T00:36:08.187+0000] {processor.py:925} INFO - DAG(s) 'example_bash_decorator' retrieved from /home/airflow/.local/lib/python3.12/site-packages/airflow/example_dags/example_bash_decorator.py
[2024-11-07T00:36:08.206+0000] {logging_mixin.py:190} INFO - [2024-11-07T00:36:08.206+0000] {dag.py:3239} INFO - Sync 1 DAGs
[2024-11-07T00:36:08.218+0000] {logging_mixin.py:190} INFO - [2024-11-07T00:36:08.217+0000] {dag.py:4180} INFO - Setting next_dagrun for example_bash_decorator to None, run_after=None
[2024-11-07T00:36:08.233+0000] {processor.py:208} INFO - Processing /home/airflow/.local/lib/python3.12/site-packages/airflow/example_dags/example_bash_decorator.py took 0.065 seconds
[2024-11-07T00:38:39.127+0000] {processor.py:186} INFO - Started process (PID=71) to work on /home/airflow/.local/lib/python3.12/site-packages/airflow/example_dags/example_bash_decorator.py
[2024-11-07T00:38:39.128+0000] {processor.py:914} INFO - Processing file /home/airflow/.local/lib/python3.12/site-packages/airflow/example_dags/example_bash_decorator.py for tasks to queue
[2024-11-07T00:38:39.130+0000] {logging_mixin.py:190} INFO - [2024-11-07T00:38:39.129+0000] {dagbag.py:588} INFO - Filling up the DagBag from /home/airflow/.local/lib/python3.12/site-packages/airflow/example_dags/example_bash_decorator.py
[2024-11-07T00:38:39.142+0000] {processor.py:925} INFO - DAG(s) 'example_bash_decorator' retrieved from /home/airflow/.local/lib/python3.12/site-packages/airflow/example_dags/example_bash_decorator.py
[2024-11-07T00:38:39.233+0000] {logging_mixin.py:190} INFO - [2024-11-07T00:38:39.233+0000] {dag.py:3239} INFO - Sync 1 DAGs
[2024-11-07T00:38:39.243+0000] {logging_mixin.py:190} INFO - [2024-11-07T00:38:39.243+0000] {dag.py:4180} INFO - Setting next_dagrun for example_bash_decorator to None, run_after=None
[2024-11-07T00:38:39.259+0000] {processor.py:208} INFO - Processing /home/airflow/.local/lib/python3.12/site-packages/airflow/example_dags/example_bash_decorator.py took 0.137 seconds
[2024-11-07T00:39:09.862+0000] {processor.py:186} INFO - Started process (PID=134) to work on /home/airflow/.local/lib/python3.12/site-packages/airflow/example_dags/example_bash_decorator.py
[2024-11-07T00:39:09.863+0000] {processor.py:914} INFO - Processing file /home/airflow/.local/lib/python3.12/site-packages/airflow/example_dags/example_bash_decorator.py for tasks to queue
[2024-11-07T00:39:09.865+0000] {logging_mixin.py:190} INFO - [2024-11-07T00:39:09.865+0000] {dagbag.py:588} INFO - Filling up the DagBag from /home/airflow/.local/lib/python3.12/site-packages/airflow/example_dags/example_bash_decorator.py
[2024-11-07T00:39:09.878+0000] {processor.py:925} INFO - DAG(s) 'example_bash_decorator' retrieved from /home/airflow/.local/lib/python3.12/site-packages/airflow/example_dags/example_bash_decorator.py
[2024-11-07T00:39:09.898+0000] {logging_mixin.py:190} INFO - [2024-11-07T00:39:09.897+0000] {dag.py:3239} INFO - Sync 1 DAGs
[2024-11-07T00:39:09.910+0000] {logging_mixin.py:190} INFO - [2024-11-07T00:39:09.909+0000] {dag.py:4180} INFO - Setting next_dagrun for example_bash_decorator to None, run_after=None
[2024-11-07T00:39:09.925+0000] {processor.py:208} INFO - Processing /home/airflow/.local/lib/python3.12/site-packages/airflow/example_dags/example_bash_decorator.py took 0.068 seconds
[2024-11-07T00:39:41.194+0000] {processor.py:186} INFO - Started process (PID=197) to work on /home/airflow/.local/lib/python3.12/site-packages/airflow/example_dags/example_bash_decorator.py
[2024-11-07T00:39:41.195+0000] {processor.py:914} INFO - Processing file /home/airflow/.local/lib/python3.12/site-packages/airflow/example_dags/example_bash_decorator.py for tasks to queue
[2024-11-07T00:39:41.197+0000] {logging_mixin.py:190} INFO - [2024-11-07T00:39:41.197+0000] {dagbag.py:588} INFO - Filling up the DagBag from /home/airflow/.local/lib/python3.12/site-packages/airflow/example_dags/example_bash_decorator.py
[2024-11-07T00:39:41.209+0000] {processor.py:925} INFO - DAG(s) 'example_bash_decorator' retrieved from /home/airflow/.local/lib/python3.12/site-packages/airflow/example_dags/example_bash_decorator.py
[2024-11-07T00:39:41.231+0000] {logging_mixin.py:190} INFO - [2024-11-07T00:39:41.231+0000] {dag.py:3239} INFO - Sync 1 DAGs
[2024-11-07T00:39:41.245+0000] {logging_mixin.py:190} INFO - [2024-11-07T00:39:41.245+0000] {dag.py:4180} INFO - Setting next_dagrun for example_bash_decorator to None, run_after=None
[2024-11-07T00:39:41.261+0000] {processor.py:208} INFO - Processing /home/airflow/.local/lib/python3.12/site-packages/airflow/example_dags/example_bash_decorator.py took 0.072 seconds
[2024-11-07T00:40:11.815+0000] {processor.py:186} INFO - Started process (PID=260) to work on /home/airflow/.local/lib/python3.12/site-packages/airflow/example_dags/example_bash_decorator.py
[2024-11-07T00:40:11.816+0000] {processor.py:914} INFO - Processing file /home/airflow/.local/lib/python3.12/site-packages/airflow/example_dags/example_bash_decorator.py for tasks to queue
[2024-11-07T00:40:11.818+0000] {logging_mixin.py:190} INFO - [2024-11-07T00:40:11.818+0000] {dagbag.py:588} INFO - Filling up the DagBag from /home/airflow/.local/lib/python3.12/site-packages/airflow/example_dags/example_bash_decorator.py
[2024-11-07T00:40:11.829+0000] {processor.py:925} INFO - DAG(s) 'example_bash_decorator' retrieved from /home/airflow/.local/lib/python3.12/site-packages/airflow/example_dags/example_bash_decorator.py
[2024-11-07T00:40:11.848+0000] {logging_mixin.py:190} INFO - [2024-11-07T00:40:11.847+0000] {dag.py:3239} INFO - Sync 1 DAGs
[2024-11-07T00:40:11.859+0000] {logging_mixin.py:190} INFO - [2024-11-07T00:40:11.858+0000] {dag.py:4180} INFO - Setting next_dagrun for example_bash_decorator to None, run_after=None
[2024-11-07T00:40:11.872+0000] {processor.py:208} INFO - Processing /home/airflow/.local/lib/python3.12/site-packages/airflow/example_dags/example_bash_decorator.py took 0.061 seconds
[2024-11-07T00:40:42.537+0000] {processor.py:186} INFO - Started process (PID=323) to work on /home/airflow/.local/lib/python3.12/site-packages/airflow/example_dags/example_bash_decorator.py
[2024-11-07T00:40:42.538+0000] {processor.py:914} INFO - Processing file /home/airflow/.local/lib/python3.12/site-packages/airflow/example_dags/example_bash_decorator.py for tasks to queue
[2024-11-07T00:40:42.540+0000] {logging_mixin.py:190} INFO - [2024-11-07T00:40:42.540+0000] {dagbag.py:588} INFO - Filling up the DagBag from /home/airflow/.local/lib/python3.12/site-packages/airflow/example_dags/example_bash_decorator.py
[2024-11-07T00:40:42.554+0000] {processor.py:925} INFO - DAG(s) 'example_bash_decorator' retrieved from /home/airflow/.local/lib/python3.12/site-packages/airflow/example_dags/example_bash_decorator.py
[2024-11-07T00:40:42.578+0000] {logging_mixin.py:190} INFO - [2024-11-07T00:40:42.577+0000] {dag.py:3239} INFO - Sync 1 DAGs
[2024-11-07T00:40:42.596+0000] {logging_mixin.py:190} INFO - [2024-11-07T00:40:42.596+0000] {dag.py:4180} INFO - Setting next_dagrun for example_bash_decorator to None, run_after=None
[2024-11-07T00:40:42.618+0000] {processor.py:208} INFO - Processing /home/airflow/.local/lib/python3.12/site-packages/airflow/example_dags/example_bash_decorator.py took 0.086 seconds
[2024-11-07T00:41:12.649+0000] {processor.py:186} INFO - Started process (PID=385) to work on /home/airflow/.local/lib/python3.12/site-packages/airflow/example_dags/example_bash_decorator.py
[2024-11-07T00:41:12.649+0000] {processor.py:914} INFO - Processing file /home/airflow/.local/lib/python3.12/site-packages/airflow/example_dags/example_bash_decorator.py for tasks to queue
[2024-11-07T00:41:12.651+0000] {logging_mixin.py:190} INFO - [2024-11-07T00:41:12.651+0000] {dagbag.py:588} INFO - Filling up the DagBag from /home/airflow/.local/lib/python3.12/site-packages/airflow/example_dags/example_bash_decorator.py
[2024-11-07T00:41:12.662+0000] {processor.py:925} INFO - DAG(s) 'example_bash_decorator' retrieved from /home/airflow/.local/lib/python3.12/site-packages/airflow/example_dags/example_bash_decorator.py
[2024-11-07T00:41:12.680+0000] {logging_mixin.py:190} INFO - [2024-11-07T00:41:12.680+0000] {dag.py:3239} INFO - Sync 1 DAGs
[2024-11-07T00:41:12.692+0000] {logging_mixin.py:190} INFO - [2024-11-07T00:41:12.691+0000] {dag.py:4180} INFO - Setting next_dagrun for example_bash_decorator to None, run_after=None
[2024-11-07T00:41:12.706+0000] {processor.py:208} INFO - Processing /home/airflow/.local/lib/python3.12/site-packages/airflow/example_dags/example_bash_decorator.py took 0.062 seconds
[2024-11-07T00:41:42.971+0000] {processor.py:186} INFO - Started process (PID=448) to work on /home/airflow/.local/lib/python3.12/site-packages/airflow/example_dags/example_bash_decorator.py
[2024-11-07T00:41:42.971+0000] {processor.py:914} INFO - Processing file /home/airflow/.local/lib/python3.12/site-packages/airflow/example_dags/example_bash_decorator.py for tasks to queue
[2024-11-07T00:41:42.973+0000] {logging_mixin.py:190} INFO - [2024-11-07T00:41:42.973+0000] {dagbag.py:588} INFO - Filling up the DagBag from /home/airflow/.local/lib/python3.12/site-packages/airflow/example_dags/example_bash_decorator.py
[2024-11-07T00:41:42.984+0000] {processor.py:925} INFO - DAG(s) 'example_bash_decorator' retrieved from /home/airflow/.local/lib/python3.12/site-packages/airflow/example_dags/example_bash_decorator.py
[2024-11-07T00:41:43.003+0000] {logging_mixin.py:190} INFO - [2024-11-07T00:41:43.003+0000] {dag.py:3239} INFO - Sync 1 DAGs
[2024-11-07T00:41:43.014+0000] {logging_mixin.py:190} INFO - [2024-11-07T00:41:43.013+0000] {dag.py:4180} INFO - Setting next_dagrun for example_bash_decorator to None, run_after=None
[2024-11-07T00:41:43.027+0000] {processor.py:208} INFO - Processing /home/airflow/.local/lib/python3.12/site-packages/airflow/example_dags/example_bash_decorator.py took 0.062 seconds
[2024-11-07T00:42:13.364+0000] {processor.py:186} INFO - Started process (PID=511) to work on /home/airflow/.local/lib/python3.12/site-packages/airflow/example_dags/example_bash_decorator.py
[2024-11-07T00:42:13.365+0000] {processor.py:914} INFO - Processing file /home/airflow/.local/lib/python3.12/site-packages/airflow/example_dags/example_bash_decorator.py for tasks to queue
[2024-11-07T00:42:13.367+0000] {logging_mixin.py:190} INFO - [2024-11-07T00:42:13.367+0000] {dagbag.py:588} INFO - Filling up the DagBag from /home/airflow/.local/lib/python3.12/site-packages/airflow/example_dags/example_bash_decorator.py
[2024-11-07T00:42:13.379+0000] {processor.py:925} INFO - DAG(s) 'example_bash_decorator' retrieved from /home/airflow/.local/lib/python3.12/site-packages/airflow/example_dags/example_bash_decorator.py
[2024-11-07T00:42:13.399+0000] {logging_mixin.py:190} INFO - [2024-11-07T00:42:13.399+0000] {dag.py:3239} INFO - Sync 1 DAGs
[2024-11-07T00:42:13.410+0000] {logging_mixin.py:190} INFO - [2024-11-07T00:42:13.410+0000] {dag.py:4180} INFO - Setting next_dagrun for example_bash_decorator to None, run_after=None
[2024-11-07T00:42:13.424+0000] {processor.py:208} INFO - Processing /home/airflow/.local/lib/python3.12/site-packages/airflow/example_dags/example_bash_decorator.py took 0.064 seconds
[2024-11-07T00:42:43.629+0000] {processor.py:186} INFO - Started process (PID=574) to work on /home/airflow/.local/lib/python3.12/site-packages/airflow/example_dags/example_bash_decorator.py
[2024-11-07T00:42:43.629+0000] {processor.py:914} INFO - Processing file /home/airflow/.local/lib/python3.12/site-packages/airflow/example_dags/example_bash_decorator.py for tasks to queue
[2024-11-07T00:42:43.631+0000] {logging_mixin.py:190} INFO - [2024-11-07T00:42:43.631+0000] {dagbag.py:588} INFO - Filling up the DagBag from /home/airflow/.local/lib/python3.12/site-packages/airflow/example_dags/example_bash_decorator.py
[2024-11-07T00:42:43.643+0000] {processor.py:925} INFO - DAG(s) 'example_bash_decorator' retrieved from /home/airflow/.local/lib/python3.12/site-packages/airflow/example_dags/example_bash_decorator.py
[2024-11-07T00:42:43.662+0000] {logging_mixin.py:190} INFO - [2024-11-07T00:42:43.662+0000] {dag.py:3239} INFO - Sync 1 DAGs
[2024-11-07T00:42:43.673+0000] {logging_mixin.py:190} INFO - [2024-11-07T00:42:43.673+0000] {dag.py:4180} INFO - Setting next_dagrun for example_bash_decorator to None, run_after=None
[2024-11-07T00:42:43.688+0000] {processor.py:208} INFO - Processing /home/airflow/.local/lib/python3.12/site-packages/airflow/example_dags/example_bash_decorator.py took 0.064 seconds
[2024-11-07T00:43:14.121+0000] {processor.py:186} INFO - Started process (PID=637) to work on /home/airflow/.local/lib/python3.12/site-packages/airflow/example_dags/example_bash_decorator.py
[2024-11-07T00:43:14.122+0000] {processor.py:914} INFO - Processing file /home/airflow/.local/lib/python3.12/site-packages/airflow/example_dags/example_bash_decorator.py for tasks to queue
[2024-11-07T00:43:14.123+0000] {logging_mixin.py:190} INFO - [2024-11-07T00:43:14.123+0000] {dagbag.py:588} INFO - Filling up the DagBag from /home/airflow/.local/lib/python3.12/site-packages/airflow/example_dags/example_bash_decorator.py
[2024-11-07T00:43:14.135+0000] {processor.py:925} INFO - DAG(s) 'example_bash_decorator' retrieved from /home/airflow/.local/lib/python3.12/site-packages/airflow/example_dags/example_bash_decorator.py
[2024-11-07T00:43:14.153+0000] {logging_mixin.py:190} INFO - [2024-11-07T00:43:14.153+0000] {dag.py:3239} INFO - Sync 1 DAGs
[2024-11-07T00:43:14.165+0000] {logging_mixin.py:190} INFO - [2024-11-07T00:43:14.164+0000] {dag.py:4180} INFO - Setting next_dagrun for example_bash_decorator to None, run_after=None
[2024-11-07T00:43:14.178+0000] {processor.py:208} INFO - Processing /home/airflow/.local/lib/python3.12/site-packages/airflow/example_dags/example_bash_decorator.py took 0.062 seconds
[2024-11-07T00:43:44.278+0000] {processor.py:186} INFO - Started process (PID=701) to work on /home/airflow/.local/lib/python3.12/site-packages/airflow/example_dags/example_bash_decorator.py
[2024-11-07T00:43:44.279+0000] {processor.py:914} INFO - Processing file /home/airflow/.local/lib/python3.12/site-packages/airflow/example_dags/example_bash_decorator.py for tasks to queue
[2024-11-07T00:43:44.281+0000] {logging_mixin.py:190} INFO - [2024-11-07T00:43:44.281+0000] {dagbag.py:588} INFO - Filling up the DagBag from /home/airflow/.local/lib/python3.12/site-packages/airflow/example_dags/example_bash_decorator.py
[2024-11-07T00:43:44.292+0000] {processor.py:925} INFO - DAG(s) 'example_bash_decorator' retrieved from /home/airflow/.local/lib/python3.12/site-packages/airflow/example_dags/example_bash_decorator.py
[2024-11-07T00:43:44.312+0000] {logging_mixin.py:190} INFO - [2024-11-07T00:43:44.312+0000] {dag.py:3239} INFO - Sync 1 DAGs
[2024-11-07T00:43:44.325+0000] {logging_mixin.py:190} INFO - [2024-11-07T00:43:44.324+0000] {dag.py:4180} INFO - Setting next_dagrun for example_bash_decorator to None, run_after=None
[2024-11-07T00:43:44.339+0000] {processor.py:208} INFO - Processing /home/airflow/.local/lib/python3.12/site-packages/airflow/example_dags/example_bash_decorator.py took 0.065 seconds
[2024-11-07T00:44:14.381+0000] {processor.py:186} INFO - Started process (PID=765) to work on /home/airflow/.local/lib/python3.12/site-packages/airflow/example_dags/example_bash_decorator.py
[2024-11-07T00:44:14.382+0000] {processor.py:914} INFO - Processing file /home/airflow/.local/lib/python3.12/site-packages/airflow/example_dags/example_bash_decorator.py for tasks to queue
[2024-11-07T00:44:14.383+0000] {logging_mixin.py:190} INFO - [2024-11-07T00:44:14.383+0000] {dagbag.py:588} INFO - Filling up the DagBag from /home/airflow/.local/lib/python3.12/site-packages/airflow/example_dags/example_bash_decorator.py
[2024-11-07T00:44:14.395+0000] {processor.py:925} INFO - DAG(s) 'example_bash_decorator' retrieved from /home/airflow/.local/lib/python3.12/site-packages/airflow/example_dags/example_bash_decorator.py
[2024-11-07T00:44:14.412+0000] {logging_mixin.py:190} INFO - [2024-11-07T00:44:14.412+0000] {dag.py:3239} INFO - Sync 1 DAGs
[2024-11-07T00:44:14.424+0000] {logging_mixin.py:190} INFO - [2024-11-07T00:44:14.424+0000] {dag.py:4180} INFO - Setting next_dagrun for example_bash_decorator to None, run_after=None
[2024-11-07T00:44:14.439+0000] {processor.py:208} INFO - Processing /home/airflow/.local/lib/python3.12/site-packages/airflow/example_dags/example_bash_decorator.py took 0.063 seconds
[2024-11-07T00:44:44.721+0000] {processor.py:186} INFO - Started process (PID=829) to work on /home/airflow/.local/lib/python3.12/site-packages/airflow/example_dags/example_bash_decorator.py
[2024-11-07T00:44:44.721+0000] {processor.py:914} INFO - Processing file /home/airflow/.local/lib/python3.12/site-packages/airflow/example_dags/example_bash_decorator.py for tasks to queue
[2024-11-07T00:44:44.723+0000] {logging_mixin.py:190} INFO - [2024-11-07T00:44:44.723+0000] {dagbag.py:588} INFO - Filling up the DagBag from /home/airflow/.local/lib/python3.12/site-packages/airflow/example_dags/example_bash_decorator.py
[2024-11-07T00:44:44.735+0000] {processor.py:925} INFO - DAG(s) 'example_bash_decorator' retrieved from /home/airflow/.local/lib/python3.12/site-packages/airflow/example_dags/example_bash_decorator.py
[2024-11-07T00:44:44.753+0000] {logging_mixin.py:190} INFO - [2024-11-07T00:44:44.753+0000] {dag.py:3239} INFO - Sync 1 DAGs
[2024-11-07T00:44:44.765+0000] {logging_mixin.py:190} INFO - [2024-11-07T00:44:44.765+0000] {dag.py:4180} INFO - Setting next_dagrun for example_bash_decorator to None, run_after=None
[2024-11-07T00:44:44.778+0000] {processor.py:208} INFO - Processing /home/airflow/.local/lib/python3.12/site-packages/airflow/example_dags/example_bash_decorator.py took 0.062 seconds
[2024-11-07T00:45:15.045+0000] {processor.py:186} INFO - Started process (PID=893) to work on /home/airflow/.local/lib/python3.12/site-packages/airflow/example_dags/example_bash_decorator.py
[2024-11-07T00:45:15.045+0000] {processor.py:914} INFO - Processing file /home/airflow/.local/lib/python3.12/site-packages/airflow/example_dags/example_bash_decorator.py for tasks to queue
[2024-11-07T00:45:15.047+0000] {logging_mixin.py:190} INFO - [2024-11-07T00:45:15.047+0000] {dagbag.py:588} INFO - Filling up the DagBag from /home/airflow/.local/lib/python3.12/site-packages/airflow/example_dags/example_bash_decorator.py
[2024-11-07T00:45:15.058+0000] {processor.py:925} INFO - DAG(s) 'example_bash_decorator' retrieved from /home/airflow/.local/lib/python3.12/site-packages/airflow/example_dags/example_bash_decorator.py
[2024-11-07T00:45:15.077+0000] {logging_mixin.py:190} INFO - [2024-11-07T00:45:15.077+0000] {dag.py:3239} INFO - Sync 1 DAGs
[2024-11-07T00:45:15.089+0000] {logging_mixin.py:190} INFO - [2024-11-07T00:45:15.089+0000] {dag.py:4180} INFO - Setting next_dagrun for example_bash_decorator to None, run_after=None
[2024-11-07T00:45:15.103+0000] {processor.py:208} INFO - Processing /home/airflow/.local/lib/python3.12/site-packages/airflow/example_dags/example_bash_decorator.py took 0.063 seconds
[2024-11-07T00:45:45.350+0000] {processor.py:186} INFO - Started process (PID=957) to work on /home/airflow/.local/lib/python3.12/site-packages/airflow/example_dags/example_bash_decorator.py
[2024-11-07T00:45:45.351+0000] {processor.py:914} INFO - Processing file /home/airflow/.local/lib/python3.12/site-packages/airflow/example_dags/example_bash_decorator.py for tasks to queue
[2024-11-07T00:45:45.352+0000] {logging_mixin.py:190} INFO - [2024-11-07T00:45:45.352+0000] {dagbag.py:588} INFO - Filling up the DagBag from /home/airflow/.local/lib/python3.12/site-packages/airflow/example_dags/example_bash_decorator.py
[2024-11-07T00:45:45.364+0000] {processor.py:925} INFO - DAG(s) 'example_bash_decorator' retrieved from /home/airflow/.local/lib/python3.12/site-packages/airflow/example_dags/example_bash_decorator.py
[2024-11-07T00:45:45.383+0000] {logging_mixin.py:190} INFO - [2024-11-07T00:45:45.383+0000] {dag.py:3239} INFO - Sync 1 DAGs
[2024-11-07T00:45:45.394+0000] {logging_mixin.py:190} INFO - [2024-11-07T00:45:45.394+0000] {dag.py:4180} INFO - Setting next_dagrun for example_bash_decorator to None, run_after=None
[2024-11-07T00:45:45.409+0000] {processor.py:208} INFO - Processing /home/airflow/.local/lib/python3.12/site-packages/airflow/example_dags/example_bash_decorator.py took 0.064 seconds
[2024-11-07T00:46:15.447+0000] {processor.py:186} INFO - Started process (PID=1021) to work on /home/airflow/.local/lib/python3.12/site-packages/airflow/example_dags/example_bash_decorator.py
[2024-11-07T00:46:15.448+0000] {processor.py:914} INFO - Processing file /home/airflow/.local/lib/python3.12/site-packages/airflow/example_dags/example_bash_decorator.py for tasks to queue
[2024-11-07T00:46:15.450+0000] {logging_mixin.py:190} INFO - [2024-11-07T00:46:15.450+0000] {dagbag.py:588} INFO - Filling up the DagBag from /home/airflow/.local/lib/python3.12/site-packages/airflow/example_dags/example_bash_decorator.py
[2024-11-07T00:46:15.461+0000] {processor.py:925} INFO - DAG(s) 'example_bash_decorator' retrieved from /home/airflow/.local/lib/python3.12/site-packages/airflow/example_dags/example_bash_decorator.py
[2024-11-07T00:46:15.479+0000] {logging_mixin.py:190} INFO - [2024-11-07T00:46:15.479+0000] {dag.py:3239} INFO - Sync 1 DAGs
[2024-11-07T00:46:15.490+0000] {logging_mixin.py:190} INFO - [2024-11-07T00:46:15.490+0000] {dag.py:4180} INFO - Setting next_dagrun for example_bash_decorator to None, run_after=None
[2024-11-07T00:46:15.503+0000] {processor.py:208} INFO - Processing /home/airflow/.local/lib/python3.12/site-packages/airflow/example_dags/example_bash_decorator.py took 0.060 seconds
[2024-11-07T00:46:46.323+0000] {processor.py:186} INFO - Started process (PID=1085) to work on /home/airflow/.local/lib/python3.12/site-packages/airflow/example_dags/example_bash_decorator.py
[2024-11-07T00:46:46.324+0000] {processor.py:914} INFO - Processing file /home/airflow/.local/lib/python3.12/site-packages/airflow/example_dags/example_bash_decorator.py for tasks to queue
[2024-11-07T00:46:46.325+0000] {logging_mixin.py:190} INFO - [2024-11-07T00:46:46.325+0000] {dagbag.py:588} INFO - Filling up the DagBag from /home/airflow/.local/lib/python3.12/site-packages/airflow/example_dags/example_bash_decorator.py
[2024-11-07T00:46:46.337+0000] {processor.py:925} INFO - DAG(s) 'example_bash_decorator' retrieved from /home/airflow/.local/lib/python3.12/site-packages/airflow/example_dags/example_bash_decorator.py
[2024-11-07T00:46:46.356+0000] {logging_mixin.py:190} INFO - [2024-11-07T00:46:46.356+0000] {dag.py:3239} INFO - Sync 1 DAGs
[2024-11-07T00:46:46.367+0000] {logging_mixin.py:190} INFO - [2024-11-07T00:46:46.367+0000] {dag.py:4180} INFO - Setting next_dagrun for example_bash_decorator to None, run_after=None
[2024-11-07T00:46:46.382+0000] {processor.py:208} INFO - Processing /home/airflow/.local/lib/python3.12/site-packages/airflow/example_dags/example_bash_decorator.py took 0.063 seconds
[2024-11-07T00:47:16.576+0000] {processor.py:186} INFO - Started process (PID=1149) to work on /home/airflow/.local/lib/python3.12/site-packages/airflow/example_dags/example_bash_decorator.py
[2024-11-07T00:47:16.577+0000] {processor.py:914} INFO - Processing file /home/airflow/.local/lib/python3.12/site-packages/airflow/example_dags/example_bash_decorator.py for tasks to queue
[2024-11-07T00:47:16.578+0000] {logging_mixin.py:190} INFO - [2024-11-07T00:47:16.578+0000] {dagbag.py:588} INFO - Filling up the DagBag from /home/airflow/.local/lib/python3.12/site-packages/airflow/example_dags/example_bash_decorator.py
[2024-11-07T00:47:16.590+0000] {processor.py:925} INFO - DAG(s) 'example_bash_decorator' retrieved from /home/airflow/.local/lib/python3.12/site-packages/airflow/example_dags/example_bash_decorator.py
[2024-11-07T00:47:16.607+0000] {logging_mixin.py:190} INFO - [2024-11-07T00:47:16.607+0000] {dag.py:3239} INFO - Sync 1 DAGs
[2024-11-07T00:47:16.618+0000] {logging_mixin.py:190} INFO - [2024-11-07T00:47:16.618+0000] {dag.py:4180} INFO - Setting next_dagrun for example_bash_decorator to None, run_after=None
[2024-11-07T00:47:16.632+0000] {processor.py:208} INFO - Processing /home/airflow/.local/lib/python3.12/site-packages/airflow/example_dags/example_bash_decorator.py took 0.060 seconds
[2024-11-07T00:47:46.832+0000] {processor.py:186} INFO - Started process (PID=1213) to work on /home/airflow/.local/lib/python3.12/site-packages/airflow/example_dags/example_bash_decorator.py
[2024-11-07T00:47:46.833+0000] {processor.py:914} INFO - Processing file /home/airflow/.local/lib/python3.12/site-packages/airflow/example_dags/example_bash_decorator.py for tasks to queue
[2024-11-07T00:47:46.835+0000] {logging_mixin.py:190} INFO - [2024-11-07T00:47:46.835+0000] {dagbag.py:588} INFO - Filling up the DagBag from /home/airflow/.local/lib/python3.12/site-packages/airflow/example_dags/example_bash_decorator.py
[2024-11-07T00:47:46.849+0000] {processor.py:925} INFO - DAG(s) 'example_bash_decorator' retrieved from /home/airflow/.local/lib/python3.12/site-packages/airflow/example_dags/example_bash_decorator.py
[2024-11-07T00:47:46.868+0000] {logging_mixin.py:190} INFO - [2024-11-07T00:47:46.868+0000] {dag.py:3239} INFO - Sync 1 DAGs
[2024-11-07T00:47:46.879+0000] {logging_mixin.py:190} INFO - [2024-11-07T00:47:46.879+0000] {dag.py:4180} INFO - Setting next_dagrun for example_bash_decorator to None, run_after=None
[2024-11-07T00:47:46.894+0000] {processor.py:208} INFO - Processing /home/airflow/.local/lib/python3.12/site-packages/airflow/example_dags/example_bash_decorator.py took 0.066 seconds
[2024-11-07T00:55:07.775+0000] {processor.py:186} INFO - Started process (PID=1248) to work on /home/airflow/.local/lib/python3.12/site-packages/airflow/example_dags/example_bash_decorator.py
[2024-11-07T00:55:07.776+0000] {processor.py:914} INFO - Processing file /home/airflow/.local/lib/python3.12/site-packages/airflow/example_dags/example_bash_decorator.py for tasks to queue
[2024-11-07T00:55:07.778+0000] {logging_mixin.py:190} INFO - [2024-11-07T00:55:07.777+0000] {dagbag.py:588} INFO - Filling up the DagBag from /home/airflow/.local/lib/python3.12/site-packages/airflow/example_dags/example_bash_decorator.py
[2024-11-07T00:55:07.789+0000] {processor.py:925} INFO - DAG(s) 'example_bash_decorator' retrieved from /home/airflow/.local/lib/python3.12/site-packages/airflow/example_dags/example_bash_decorator.py
[2024-11-07T00:55:07.808+0000] {logging_mixin.py:190} INFO - [2024-11-07T00:55:07.808+0000] {dag.py:3239} INFO - Sync 1 DAGs
[2024-11-07T00:55:07.820+0000] {logging_mixin.py:190} INFO - [2024-11-07T00:55:07.819+0000] {dag.py:4180} INFO - Setting next_dagrun for example_bash_decorator to None, run_after=None
[2024-11-07T00:55:07.833+0000] {processor.py:208} INFO - Processing /home/airflow/.local/lib/python3.12/site-packages/airflow/example_dags/example_bash_decorator.py took 0.062 seconds
[2024-11-07T00:55:38.169+0000] {processor.py:186} INFO - Started process (PID=1312) to work on /home/airflow/.local/lib/python3.12/site-packages/airflow/example_dags/example_bash_decorator.py
[2024-11-07T00:55:38.170+0000] {processor.py:914} INFO - Processing file /home/airflow/.local/lib/python3.12/site-packages/airflow/example_dags/example_bash_decorator.py for tasks to queue
[2024-11-07T00:55:38.172+0000] {logging_mixin.py:190} INFO - [2024-11-07T00:55:38.171+0000] {dagbag.py:588} INFO - Filling up the DagBag from /home/airflow/.local/lib/python3.12/site-packages/airflow/example_dags/example_bash_decorator.py
[2024-11-07T00:55:38.183+0000] {processor.py:925} INFO - DAG(s) 'example_bash_decorator' retrieved from /home/airflow/.local/lib/python3.12/site-packages/airflow/example_dags/example_bash_decorator.py
[2024-11-07T00:55:38.201+0000] {logging_mixin.py:190} INFO - [2024-11-07T00:55:38.201+0000] {dag.py:3239} INFO - Sync 1 DAGs
[2024-11-07T00:55:38.213+0000] {logging_mixin.py:190} INFO - [2024-11-07T00:55:38.213+0000] {dag.py:4180} INFO - Setting next_dagrun for example_bash_decorator to None, run_after=None
[2024-11-07T00:55:38.227+0000] {processor.py:208} INFO - Processing /home/airflow/.local/lib/python3.12/site-packages/airflow/example_dags/example_bash_decorator.py took 0.062 seconds
[2024-11-07T00:56:08.965+0000] {processor.py:186} INFO - Started process (PID=1376) to work on /home/airflow/.local/lib/python3.12/site-packages/airflow/example_dags/example_bash_decorator.py
[2024-11-07T00:56:08.966+0000] {processor.py:914} INFO - Processing file /home/airflow/.local/lib/python3.12/site-packages/airflow/example_dags/example_bash_decorator.py for tasks to queue
[2024-11-07T00:56:08.968+0000] {logging_mixin.py:190} INFO - [2024-11-07T00:56:08.968+0000] {dagbag.py:588} INFO - Filling up the DagBag from /home/airflow/.local/lib/python3.12/site-packages/airflow/example_dags/example_bash_decorator.py
[2024-11-07T00:56:08.980+0000] {processor.py:925} INFO - DAG(s) 'example_bash_decorator' retrieved from /home/airflow/.local/lib/python3.12/site-packages/airflow/example_dags/example_bash_decorator.py
[2024-11-07T00:56:08.999+0000] {logging_mixin.py:190} INFO - [2024-11-07T00:56:08.999+0000] {dag.py:3239} INFO - Sync 1 DAGs
[2024-11-07T00:56:09.010+0000] {logging_mixin.py:190} INFO - [2024-11-07T00:56:09.010+0000] {dag.py:4180} INFO - Setting next_dagrun for example_bash_decorator to None, run_after=None
[2024-11-07T00:56:09.023+0000] {processor.py:208} INFO - Processing /home/airflow/.local/lib/python3.12/site-packages/airflow/example_dags/example_bash_decorator.py took 0.063 seconds
[2024-11-07T00:56:39.983+0000] {processor.py:186} INFO - Started process (PID=1446) to work on /home/airflow/.local/lib/python3.12/site-packages/airflow/example_dags/example_bash_decorator.py
[2024-11-07T00:56:39.984+0000] {processor.py:914} INFO - Processing file /home/airflow/.local/lib/python3.12/site-packages/airflow/example_dags/example_bash_decorator.py for tasks to queue
[2024-11-07T00:56:39.986+0000] {logging_mixin.py:190} INFO - [2024-11-07T00:56:39.985+0000] {dagbag.py:588} INFO - Filling up the DagBag from /home/airflow/.local/lib/python3.12/site-packages/airflow/example_dags/example_bash_decorator.py
[2024-11-07T00:56:39.997+0000] {processor.py:925} INFO - DAG(s) 'example_bash_decorator' retrieved from /home/airflow/.local/lib/python3.12/site-packages/airflow/example_dags/example_bash_decorator.py
[2024-11-07T00:56:40.016+0000] {logging_mixin.py:190} INFO - [2024-11-07T00:56:40.015+0000] {dag.py:3239} INFO - Sync 1 DAGs
[2024-11-07T00:56:40.027+0000] {logging_mixin.py:190} INFO - [2024-11-07T00:56:40.027+0000] {dag.py:4180} INFO - Setting next_dagrun for example_bash_decorator to None, run_after=None
[2024-11-07T00:56:40.041+0000] {processor.py:208} INFO - Processing /home/airflow/.local/lib/python3.12/site-packages/airflow/example_dags/example_bash_decorator.py took 0.062 seconds
[2024-11-07T00:57:10.289+0000] {processor.py:186} INFO - Started process (PID=1510) to work on /home/airflow/.local/lib/python3.12/site-packages/airflow/example_dags/example_bash_decorator.py
[2024-11-07T00:57:10.290+0000] {processor.py:914} INFO - Processing file /home/airflow/.local/lib/python3.12/site-packages/airflow/example_dags/example_bash_decorator.py for tasks to queue
[2024-11-07T00:57:10.292+0000] {logging_mixin.py:190} INFO - [2024-11-07T00:57:10.291+0000] {dagbag.py:588} INFO - Filling up the DagBag from /home/airflow/.local/lib/python3.12/site-packages/airflow/example_dags/example_bash_decorator.py
[2024-11-07T00:57:10.303+0000] {processor.py:925} INFO - DAG(s) 'example_bash_decorator' retrieved from /home/airflow/.local/lib/python3.12/site-packages/airflow/example_dags/example_bash_decorator.py
[2024-11-07T00:57:10.320+0000] {logging_mixin.py:190} INFO - [2024-11-07T00:57:10.320+0000] {dag.py:3239} INFO - Sync 1 DAGs
[2024-11-07T00:57:10.332+0000] {logging_mixin.py:190} INFO - [2024-11-07T00:57:10.332+0000] {dag.py:4180} INFO - Setting next_dagrun for example_bash_decorator to None, run_after=None
[2024-11-07T00:57:10.346+0000] {processor.py:208} INFO - Processing /home/airflow/.local/lib/python3.12/site-packages/airflow/example_dags/example_bash_decorator.py took 0.061 seconds
[2024-11-07T00:57:41.322+0000] {processor.py:186} INFO - Started process (PID=1574) to work on /home/airflow/.local/lib/python3.12/site-packages/airflow/example_dags/example_bash_decorator.py
[2024-11-07T00:57:41.323+0000] {processor.py:914} INFO - Processing file /home/airflow/.local/lib/python3.12/site-packages/airflow/example_dags/example_bash_decorator.py for tasks to queue
[2024-11-07T00:57:41.325+0000] {logging_mixin.py:190} INFO - [2024-11-07T00:57:41.324+0000] {dagbag.py:588} INFO - Filling up the DagBag from /home/airflow/.local/lib/python3.12/site-packages/airflow/example_dags/example_bash_decorator.py
[2024-11-07T00:57:41.336+0000] {processor.py:925} INFO - DAG(s) 'example_bash_decorator' retrieved from /home/airflow/.local/lib/python3.12/site-packages/airflow/example_dags/example_bash_decorator.py
[2024-11-07T00:57:41.354+0000] {logging_mixin.py:190} INFO - [2024-11-07T00:57:41.354+0000] {dag.py:3239} INFO - Sync 1 DAGs
[2024-11-07T00:57:41.366+0000] {logging_mixin.py:190} INFO - [2024-11-07T00:57:41.366+0000] {dag.py:4180} INFO - Setting next_dagrun for example_bash_decorator to None, run_after=None
[2024-11-07T00:57:41.380+0000] {processor.py:208} INFO - Processing /home/airflow/.local/lib/python3.12/site-packages/airflow/example_dags/example_bash_decorator.py took 0.063 seconds
[2024-11-07T00:58:11.428+0000] {processor.py:186} INFO - Started process (PID=1637) to work on /home/airflow/.local/lib/python3.12/site-packages/airflow/example_dags/example_bash_decorator.py
[2024-11-07T00:58:11.429+0000] {processor.py:914} INFO - Processing file /home/airflow/.local/lib/python3.12/site-packages/airflow/example_dags/example_bash_decorator.py for tasks to queue
[2024-11-07T00:58:11.430+0000] {logging_mixin.py:190} INFO - [2024-11-07T00:58:11.430+0000] {dagbag.py:588} INFO - Filling up the DagBag from /home/airflow/.local/lib/python3.12/site-packages/airflow/example_dags/example_bash_decorator.py
[2024-11-07T00:58:11.442+0000] {processor.py:925} INFO - DAG(s) 'example_bash_decorator' retrieved from /home/airflow/.local/lib/python3.12/site-packages/airflow/example_dags/example_bash_decorator.py
[2024-11-07T00:58:11.461+0000] {logging_mixin.py:190} INFO - [2024-11-07T00:58:11.461+0000] {dag.py:3239} INFO - Sync 1 DAGs
[2024-11-07T00:58:11.473+0000] {logging_mixin.py:190} INFO - [2024-11-07T00:58:11.472+0000] {dag.py:4180} INFO - Setting next_dagrun for example_bash_decorator to None, run_after=None
[2024-11-07T00:58:11.487+0000] {processor.py:208} INFO - Processing /home/airflow/.local/lib/python3.12/site-packages/airflow/example_dags/example_bash_decorator.py took 0.064 seconds
[2024-11-07T00:58:41.539+0000] {processor.py:186} INFO - Started process (PID=1701) to work on /home/airflow/.local/lib/python3.12/site-packages/airflow/example_dags/example_bash_decorator.py
[2024-11-07T00:58:41.540+0000] {processor.py:914} INFO - Processing file /home/airflow/.local/lib/python3.12/site-packages/airflow/example_dags/example_bash_decorator.py for tasks to queue
[2024-11-07T00:58:41.541+0000] {logging_mixin.py:190} INFO - [2024-11-07T00:58:41.541+0000] {dagbag.py:588} INFO - Filling up the DagBag from /home/airflow/.local/lib/python3.12/site-packages/airflow/example_dags/example_bash_decorator.py
[2024-11-07T00:58:41.553+0000] {processor.py:925} INFO - DAG(s) 'example_bash_decorator' retrieved from /home/airflow/.local/lib/python3.12/site-packages/airflow/example_dags/example_bash_decorator.py
[2024-11-07T00:58:41.572+0000] {logging_mixin.py:190} INFO - [2024-11-07T00:58:41.571+0000] {dag.py:3239} INFO - Sync 1 DAGs
[2024-11-07T00:58:41.583+0000] {logging_mixin.py:190} INFO - [2024-11-07T00:58:41.583+0000] {dag.py:4180} INFO - Setting next_dagrun for example_bash_decorator to None, run_after=None
[2024-11-07T00:58:41.598+0000] {processor.py:208} INFO - Processing /home/airflow/.local/lib/python3.12/site-packages/airflow/example_dags/example_bash_decorator.py took 0.064 seconds
[2024-11-07T00:59:12.493+0000] {processor.py:186} INFO - Started process (PID=1765) to work on /home/airflow/.local/lib/python3.12/site-packages/airflow/example_dags/example_bash_decorator.py
[2024-11-07T00:59:12.493+0000] {processor.py:914} INFO - Processing file /home/airflow/.local/lib/python3.12/site-packages/airflow/example_dags/example_bash_decorator.py for tasks to queue
[2024-11-07T00:59:12.495+0000] {logging_mixin.py:190} INFO - [2024-11-07T00:59:12.495+0000] {dagbag.py:588} INFO - Filling up the DagBag from /home/airflow/.local/lib/python3.12/site-packages/airflow/example_dags/example_bash_decorator.py
[2024-11-07T00:59:12.507+0000] {processor.py:925} INFO - DAG(s) 'example_bash_decorator' retrieved from /home/airflow/.local/lib/python3.12/site-packages/airflow/example_dags/example_bash_decorator.py
[2024-11-07T00:59:12.526+0000] {logging_mixin.py:190} INFO - [2024-11-07T00:59:12.526+0000] {dag.py:3239} INFO - Sync 1 DAGs
[2024-11-07T00:59:12.538+0000] {logging_mixin.py:190} INFO - [2024-11-07T00:59:12.538+0000] {dag.py:4180} INFO - Setting next_dagrun for example_bash_decorator to None, run_after=None
[2024-11-07T00:59:12.552+0000] {processor.py:208} INFO - Processing /home/airflow/.local/lib/python3.12/site-packages/airflow/example_dags/example_bash_decorator.py took 0.064 seconds
[2024-11-07T00:59:43.055+0000] {processor.py:186} INFO - Started process (PID=1829) to work on /home/airflow/.local/lib/python3.12/site-packages/airflow/example_dags/example_bash_decorator.py
[2024-11-07T00:59:43.056+0000] {processor.py:914} INFO - Processing file /home/airflow/.local/lib/python3.12/site-packages/airflow/example_dags/example_bash_decorator.py for tasks to queue
[2024-11-07T00:59:43.057+0000] {logging_mixin.py:190} INFO - [2024-11-07T00:59:43.057+0000] {dagbag.py:588} INFO - Filling up the DagBag from /home/airflow/.local/lib/python3.12/site-packages/airflow/example_dags/example_bash_decorator.py
[2024-11-07T00:59:43.069+0000] {processor.py:925} INFO - DAG(s) 'example_bash_decorator' retrieved from /home/airflow/.local/lib/python3.12/site-packages/airflow/example_dags/example_bash_decorator.py
[2024-11-07T00:59:43.087+0000] {logging_mixin.py:190} INFO - [2024-11-07T00:59:43.087+0000] {dag.py:3239} INFO - Sync 1 DAGs
[2024-11-07T00:59:43.099+0000] {logging_mixin.py:190} INFO - [2024-11-07T00:59:43.099+0000] {dag.py:4180} INFO - Setting next_dagrun for example_bash_decorator to None, run_after=None
[2024-11-07T00:59:43.113+0000] {processor.py:208} INFO - Processing /home/airflow/.local/lib/python3.12/site-packages/airflow/example_dags/example_bash_decorator.py took 0.063 seconds
[2024-11-07T01:00:13.563+0000] {processor.py:186} INFO - Started process (PID=1893) to work on /home/airflow/.local/lib/python3.12/site-packages/airflow/example_dags/example_bash_decorator.py
[2024-11-07T01:00:13.564+0000] {processor.py:914} INFO - Processing file /home/airflow/.local/lib/python3.12/site-packages/airflow/example_dags/example_bash_decorator.py for tasks to queue
[2024-11-07T01:00:13.566+0000] {logging_mixin.py:190} INFO - [2024-11-07T01:00:13.566+0000] {dagbag.py:588} INFO - Filling up the DagBag from /home/airflow/.local/lib/python3.12/site-packages/airflow/example_dags/example_bash_decorator.py
[2024-11-07T01:00:13.577+0000] {processor.py:925} INFO - DAG(s) 'example_bash_decorator' retrieved from /home/airflow/.local/lib/python3.12/site-packages/airflow/example_dags/example_bash_decorator.py
[2024-11-07T01:00:13.597+0000] {logging_mixin.py:190} INFO - [2024-11-07T01:00:13.596+0000] {dag.py:3239} INFO - Sync 1 DAGs
[2024-11-07T01:00:13.608+0000] {logging_mixin.py:190} INFO - [2024-11-07T01:00:13.608+0000] {dag.py:4180} INFO - Setting next_dagrun for example_bash_decorator to None, run_after=None
[2024-11-07T01:00:13.623+0000] {processor.py:208} INFO - Processing /home/airflow/.local/lib/python3.12/site-packages/airflow/example_dags/example_bash_decorator.py took 0.064 seconds
[2024-11-07T01:00:43.806+0000] {processor.py:186} INFO - Started process (PID=1957) to work on /home/airflow/.local/lib/python3.12/site-packages/airflow/example_dags/example_bash_decorator.py
[2024-11-07T01:00:43.806+0000] {processor.py:914} INFO - Processing file /home/airflow/.local/lib/python3.12/site-packages/airflow/example_dags/example_bash_decorator.py for tasks to queue
[2024-11-07T01:00:43.808+0000] {logging_mixin.py:190} INFO - [2024-11-07T01:00:43.808+0000] {dagbag.py:588} INFO - Filling up the DagBag from /home/airflow/.local/lib/python3.12/site-packages/airflow/example_dags/example_bash_decorator.py
[2024-11-07T01:00:43.819+0000] {processor.py:925} INFO - DAG(s) 'example_bash_decorator' retrieved from /home/airflow/.local/lib/python3.12/site-packages/airflow/example_dags/example_bash_decorator.py
[2024-11-07T01:00:43.838+0000] {logging_mixin.py:190} INFO - [2024-11-07T01:00:43.837+0000] {dag.py:3239} INFO - Sync 1 DAGs
[2024-11-07T01:00:43.848+0000] {logging_mixin.py:190} INFO - [2024-11-07T01:00:43.848+0000] {dag.py:4180} INFO - Setting next_dagrun for example_bash_decorator to None, run_after=None
[2024-11-07T01:00:43.862+0000] {processor.py:208} INFO - Processing /home/airflow/.local/lib/python3.12/site-packages/airflow/example_dags/example_bash_decorator.py took 0.061 seconds
[2024-11-07T01:01:13.901+0000] {processor.py:186} INFO - Started process (PID=2021) to work on /home/airflow/.local/lib/python3.12/site-packages/airflow/example_dags/example_bash_decorator.py
[2024-11-07T01:01:13.902+0000] {processor.py:914} INFO - Processing file /home/airflow/.local/lib/python3.12/site-packages/airflow/example_dags/example_bash_decorator.py for tasks to queue
[2024-11-07T01:01:13.903+0000] {logging_mixin.py:190} INFO - [2024-11-07T01:01:13.903+0000] {dagbag.py:588} INFO - Filling up the DagBag from /home/airflow/.local/lib/python3.12/site-packages/airflow/example_dags/example_bash_decorator.py
[2024-11-07T01:01:13.915+0000] {processor.py:925} INFO - DAG(s) 'example_bash_decorator' retrieved from /home/airflow/.local/lib/python3.12/site-packages/airflow/example_dags/example_bash_decorator.py
[2024-11-07T01:01:13.934+0000] {logging_mixin.py:190} INFO - [2024-11-07T01:01:13.933+0000] {dag.py:3239} INFO - Sync 1 DAGs
[2024-11-07T01:01:13.945+0000] {logging_mixin.py:190} INFO - [2024-11-07T01:01:13.945+0000] {dag.py:4180} INFO - Setting next_dagrun for example_bash_decorator to None, run_after=None
[2024-11-07T01:01:13.959+0000] {processor.py:208} INFO - Processing /home/airflow/.local/lib/python3.12/site-packages/airflow/example_dags/example_bash_decorator.py took 0.063 seconds
