[2024-11-07T00:29:24.675+0000] {processor.py:186} INFO - Started process (PID=98) to work on /home/airflow/.local/lib/python3.12/site-packages/airflow/example_dags/example_branch_python_dop_operator_3.py
[2024-11-07T00:29:24.675+0000] {processor.py:914} INFO - Processing file /home/airflow/.local/lib/python3.12/site-packages/airflow/example_dags/example_branch_python_dop_operator_3.py for tasks to queue
[2024-11-07T00:29:24.678+0000] {logging_mixin.py:190} INFO - [2024-11-07T00:29:24.678+0000] {dagbag.py:588} INFO - Filling up the DagBag from /home/airflow/.local/lib/python3.12/site-packages/airflow/example_dags/example_branch_python_dop_operator_3.py
[2024-11-07T00:29:24.688+0000] {processor.py:925} INFO - DAG(s) 'example_branch_dop_operator_v3' retrieved from /home/airflow/.local/lib/python3.12/site-packages/airflow/example_dags/example_branch_python_dop_operator_3.py
[2024-11-07T00:29:24.789+0000] {logging_mixin.py:190} INFO - [2024-11-07T00:29:24.788+0000] {override.py:1911} INFO - Created Permission View: can delete on DAG:example_branch_dop_operator_v3
[2024-11-07T00:29:24.796+0000] {logging_mixin.py:190} INFO - [2024-11-07T00:29:24.796+0000] {override.py:1911} INFO - Created Permission View: can edit on DAG:example_branch_dop_operator_v3
[2024-11-07T00:29:24.802+0000] {logging_mixin.py:190} INFO - [2024-11-07T00:29:24.802+0000] {override.py:1911} INFO - Created Permission View: can read on DAG:example_branch_dop_operator_v3
[2024-11-07T00:29:24.808+0000] {logging_mixin.py:190} INFO - [2024-11-07T00:29:24.807+0000] {override.py:1911} INFO - Created Permission View: can create on DAG Run:example_branch_dop_operator_v3
[2024-11-07T00:29:24.814+0000] {logging_mixin.py:190} INFO - [2024-11-07T00:29:24.814+0000] {override.py:1911} INFO - Created Permission View: can delete on DAG Run:example_branch_dop_operator_v3
[2024-11-07T00:29:24.820+0000] {logging_mixin.py:190} INFO - [2024-11-07T00:29:24.820+0000] {override.py:1911} INFO - Created Permission View: menu access on DAG Run:example_branch_dop_operator_v3
[2024-11-07T00:29:24.826+0000] {logging_mixin.py:190} INFO - [2024-11-07T00:29:24.826+0000] {override.py:1911} INFO - Created Permission View: can read on DAG Run:example_branch_dop_operator_v3
[2024-11-07T00:29:24.826+0000] {logging_mixin.py:190} INFO - [2024-11-07T00:29:24.826+0000] {dag.py:3239} INFO - Sync 1 DAGs
[2024-11-07T00:29:24.838+0000] {logging_mixin.py:190} INFO - [2024-11-07T00:29:24.838+0000] {dag.py:3262} INFO - Creating ORM DAG for example_branch_dop_operator_v3
[2024-11-07T00:29:24.849+0000] {logging_mixin.py:190} INFO - [2024-11-07T00:29:24.849+0000] {dag.py:4180} INFO - Setting next_dagrun for example_branch_dop_operator_v3 to 2024-11-07 00:28:00+00:00, run_after=2024-11-07 00:29:00+00:00
[2024-11-07T00:29:24.863+0000] {processor.py:208} INFO - Processing /home/airflow/.local/lib/python3.12/site-packages/airflow/example_dags/example_branch_python_dop_operator_3.py took 0.194 seconds
[2024-11-07T00:29:56.011+0000] {processor.py:186} INFO - Started process (PID=161) to work on /home/airflow/.local/lib/python3.12/site-packages/airflow/example_dags/example_branch_python_dop_operator_3.py
[2024-11-07T00:29:56.012+0000] {processor.py:914} INFO - Processing file /home/airflow/.local/lib/python3.12/site-packages/airflow/example_dags/example_branch_python_dop_operator_3.py for tasks to queue
[2024-11-07T00:29:56.014+0000] {logging_mixin.py:190} INFO - [2024-11-07T00:29:56.014+0000] {dagbag.py:588} INFO - Filling up the DagBag from /home/airflow/.local/lib/python3.12/site-packages/airflow/example_dags/example_branch_python_dop_operator_3.py
[2024-11-07T00:29:56.029+0000] {processor.py:925} INFO - DAG(s) 'example_branch_dop_operator_v3' retrieved from /home/airflow/.local/lib/python3.12/site-packages/airflow/example_dags/example_branch_python_dop_operator_3.py
[2024-11-07T00:29:56.055+0000] {logging_mixin.py:190} INFO - [2024-11-07T00:29:56.055+0000] {dag.py:3239} INFO - Sync 1 DAGs
[2024-11-07T00:29:56.091+0000] {logging_mixin.py:190} INFO - [2024-11-07T00:29:56.090+0000] {dag.py:4180} INFO - Setting next_dagrun for example_branch_dop_operator_v3 to 2024-11-07 00:28:00+00:00, run_after=2024-11-07 00:29:00+00:00
[2024-11-07T00:29:56.110+0000] {processor.py:208} INFO - Processing /home/airflow/.local/lib/python3.12/site-packages/airflow/example_dags/example_branch_python_dop_operator_3.py took 0.107 seconds
[2024-11-07T00:30:26.169+0000] {processor.py:186} INFO - Started process (PID=223) to work on /home/airflow/.local/lib/python3.12/site-packages/airflow/example_dags/example_branch_python_dop_operator_3.py
[2024-11-07T00:30:26.169+0000] {processor.py:914} INFO - Processing file /home/airflow/.local/lib/python3.12/site-packages/airflow/example_dags/example_branch_python_dop_operator_3.py for tasks to queue
[2024-11-07T00:30:26.171+0000] {logging_mixin.py:190} INFO - [2024-11-07T00:30:26.171+0000] {dagbag.py:588} INFO - Filling up the DagBag from /home/airflow/.local/lib/python3.12/site-packages/airflow/example_dags/example_branch_python_dop_operator_3.py
[2024-11-07T00:30:26.180+0000] {processor.py:925} INFO - DAG(s) 'example_branch_dop_operator_v3' retrieved from /home/airflow/.local/lib/python3.12/site-packages/airflow/example_dags/example_branch_python_dop_operator_3.py
[2024-11-07T00:30:26.198+0000] {logging_mixin.py:190} INFO - [2024-11-07T00:30:26.198+0000] {dag.py:3239} INFO - Sync 1 DAGs
[2024-11-07T00:30:26.223+0000] {logging_mixin.py:190} INFO - [2024-11-07T00:30:26.222+0000] {dag.py:4180} INFO - Setting next_dagrun for example_branch_dop_operator_v3 to 2024-11-07 00:29:00+00:00, run_after=2024-11-07 00:30:00+00:00
[2024-11-07T00:30:26.237+0000] {processor.py:208} INFO - Processing /home/airflow/.local/lib/python3.12/site-packages/airflow/example_dags/example_branch_python_dop_operator_3.py took 0.073 seconds
[2024-11-07T00:31:58.958+0000] {processor.py:186} INFO - Started process (PID=287) to work on /home/airflow/.local/lib/python3.12/site-packages/airflow/example_dags/example_branch_python_dop_operator_3.py
[2024-11-07T00:31:58.959+0000] {processor.py:914} INFO - Processing file /home/airflow/.local/lib/python3.12/site-packages/airflow/example_dags/example_branch_python_dop_operator_3.py for tasks to queue
[2024-11-07T00:31:58.963+0000] {logging_mixin.py:190} INFO - [2024-11-07T00:31:58.963+0000] {dagbag.py:588} INFO - Filling up the DagBag from /home/airflow/.local/lib/python3.12/site-packages/airflow/example_dags/example_branch_python_dop_operator_3.py
[2024-11-07T00:31:58.978+0000] {processor.py:925} INFO - DAG(s) 'example_branch_dop_operator_v3' retrieved from /home/airflow/.local/lib/python3.12/site-packages/airflow/example_dags/example_branch_python_dop_operator_3.py
[2024-11-07T00:31:59.001+0000] {logging_mixin.py:190} INFO - [2024-11-07T00:31:59.000+0000] {dag.py:3239} INFO - Sync 1 DAGs
[2024-11-07T00:31:59.026+0000] {logging_mixin.py:190} INFO - [2024-11-07T00:31:59.026+0000] {dag.py:4180} INFO - Setting next_dagrun for example_branch_dop_operator_v3 to 2024-11-07 00:30:00+00:00, run_after=2024-11-07 00:31:00+00:00
[2024-11-07T00:31:59.044+0000] {processor.py:208} INFO - Processing /home/airflow/.local/lib/python3.12/site-packages/airflow/example_dags/example_branch_python_dop_operator_3.py took 0.093 seconds
[2024-11-07T00:32:29.244+0000] {processor.py:186} INFO - Started process (PID=349) to work on /home/airflow/.local/lib/python3.12/site-packages/airflow/example_dags/example_branch_python_dop_operator_3.py
[2024-11-07T00:32:29.245+0000] {processor.py:914} INFO - Processing file /home/airflow/.local/lib/python3.12/site-packages/airflow/example_dags/example_branch_python_dop_operator_3.py for tasks to queue
[2024-11-07T00:32:29.247+0000] {logging_mixin.py:190} INFO - [2024-11-07T00:32:29.246+0000] {dagbag.py:588} INFO - Filling up the DagBag from /home/airflow/.local/lib/python3.12/site-packages/airflow/example_dags/example_branch_python_dop_operator_3.py
[2024-11-07T00:32:29.257+0000] {processor.py:925} INFO - DAG(s) 'example_branch_dop_operator_v3' retrieved from /home/airflow/.local/lib/python3.12/site-packages/airflow/example_dags/example_branch_python_dop_operator_3.py
[2024-11-07T00:32:29.277+0000] {logging_mixin.py:190} INFO - [2024-11-07T00:32:29.277+0000] {dag.py:3239} INFO - Sync 1 DAGs
[2024-11-07T00:32:29.305+0000] {logging_mixin.py:190} INFO - [2024-11-07T00:32:29.305+0000] {dag.py:4180} INFO - Setting next_dagrun for example_branch_dop_operator_v3 to 2024-11-07 00:31:00+00:00, run_after=2024-11-07 00:32:00+00:00
[2024-11-07T00:32:29.324+0000] {processor.py:208} INFO - Processing /home/airflow/.local/lib/python3.12/site-packages/airflow/example_dags/example_branch_python_dop_operator_3.py took 0.085 seconds
[2024-11-07T00:33:00.153+0000] {processor.py:186} INFO - Started process (PID=412) to work on /home/airflow/.local/lib/python3.12/site-packages/airflow/example_dags/example_branch_python_dop_operator_3.py
[2024-11-07T00:33:00.154+0000] {processor.py:914} INFO - Processing file /home/airflow/.local/lib/python3.12/site-packages/airflow/example_dags/example_branch_python_dop_operator_3.py for tasks to queue
[2024-11-07T00:33:00.156+0000] {logging_mixin.py:190} INFO - [2024-11-07T00:33:00.155+0000] {dagbag.py:588} INFO - Filling up the DagBag from /home/airflow/.local/lib/python3.12/site-packages/airflow/example_dags/example_branch_python_dop_operator_3.py
[2024-11-07T00:33:00.164+0000] {processor.py:925} INFO - DAG(s) 'example_branch_dop_operator_v3' retrieved from /home/airflow/.local/lib/python3.12/site-packages/airflow/example_dags/example_branch_python_dop_operator_3.py
[2024-11-07T00:33:00.183+0000] {logging_mixin.py:190} INFO - [2024-11-07T00:33:00.183+0000] {dag.py:3239} INFO - Sync 1 DAGs
[2024-11-07T00:33:00.206+0000] {logging_mixin.py:190} INFO - [2024-11-07T00:33:00.206+0000] {dag.py:4180} INFO - Setting next_dagrun for example_branch_dop_operator_v3 to 2024-11-07 00:32:00+00:00, run_after=2024-11-07 00:33:00+00:00
[2024-11-07T00:33:00.222+0000] {processor.py:208} INFO - Processing /home/airflow/.local/lib/python3.12/site-packages/airflow/example_dags/example_branch_python_dop_operator_3.py took 0.074 seconds
[2024-11-07T00:33:31.112+0000] {processor.py:186} INFO - Started process (PID=476) to work on /home/airflow/.local/lib/python3.12/site-packages/airflow/example_dags/example_branch_python_dop_operator_3.py
[2024-11-07T00:33:31.113+0000] {processor.py:914} INFO - Processing file /home/airflow/.local/lib/python3.12/site-packages/airflow/example_dags/example_branch_python_dop_operator_3.py for tasks to queue
[2024-11-07T00:33:31.115+0000] {logging_mixin.py:190} INFO - [2024-11-07T00:33:31.115+0000] {dagbag.py:588} INFO - Filling up the DagBag from /home/airflow/.local/lib/python3.12/site-packages/airflow/example_dags/example_branch_python_dop_operator_3.py
[2024-11-07T00:33:31.124+0000] {processor.py:925} INFO - DAG(s) 'example_branch_dop_operator_v3' retrieved from /home/airflow/.local/lib/python3.12/site-packages/airflow/example_dags/example_branch_python_dop_operator_3.py
[2024-11-07T00:33:31.141+0000] {logging_mixin.py:190} INFO - [2024-11-07T00:33:31.141+0000] {dag.py:3239} INFO - Sync 1 DAGs
[2024-11-07T00:33:31.167+0000] {logging_mixin.py:190} INFO - [2024-11-07T00:33:31.166+0000] {dag.py:4180} INFO - Setting next_dagrun for example_branch_dop_operator_v3 to 2024-11-07 00:32:00+00:00, run_after=2024-11-07 00:33:00+00:00
[2024-11-07T00:33:31.184+0000] {processor.py:208} INFO - Processing /home/airflow/.local/lib/python3.12/site-packages/airflow/example_dags/example_branch_python_dop_operator_3.py took 0.077 seconds
[2024-11-07T00:34:01.672+0000] {processor.py:186} INFO - Started process (PID=541) to work on /home/airflow/.local/lib/python3.12/site-packages/airflow/example_dags/example_branch_python_dop_operator_3.py
[2024-11-07T00:34:01.673+0000] {processor.py:914} INFO - Processing file /home/airflow/.local/lib/python3.12/site-packages/airflow/example_dags/example_branch_python_dop_operator_3.py for tasks to queue
[2024-11-07T00:34:01.675+0000] {logging_mixin.py:190} INFO - [2024-11-07T00:34:01.674+0000] {dagbag.py:588} INFO - Filling up the DagBag from /home/airflow/.local/lib/python3.12/site-packages/airflow/example_dags/example_branch_python_dop_operator_3.py
[2024-11-07T00:34:01.683+0000] {processor.py:925} INFO - DAG(s) 'example_branch_dop_operator_v3' retrieved from /home/airflow/.local/lib/python3.12/site-packages/airflow/example_dags/example_branch_python_dop_operator_3.py
[2024-11-07T00:34:01.700+0000] {logging_mixin.py:190} INFO - [2024-11-07T00:34:01.700+0000] {dag.py:3239} INFO - Sync 1 DAGs
[2024-11-07T00:34:01.723+0000] {logging_mixin.py:190} INFO - [2024-11-07T00:34:01.723+0000] {dag.py:4180} INFO - Setting next_dagrun for example_branch_dop_operator_v3 to 2024-11-07 00:33:00+00:00, run_after=2024-11-07 00:34:00+00:00
[2024-11-07T00:34:01.738+0000] {processor.py:208} INFO - Processing /home/airflow/.local/lib/python3.12/site-packages/airflow/example_dags/example_branch_python_dop_operator_3.py took 0.071 seconds
[2024-11-07T00:34:31.879+0000] {processor.py:186} INFO - Started process (PID=604) to work on /home/airflow/.local/lib/python3.12/site-packages/airflow/example_dags/example_branch_python_dop_operator_3.py
[2024-11-07T00:34:31.879+0000] {processor.py:914} INFO - Processing file /home/airflow/.local/lib/python3.12/site-packages/airflow/example_dags/example_branch_python_dop_operator_3.py for tasks to queue
[2024-11-07T00:34:31.881+0000] {logging_mixin.py:190} INFO - [2024-11-07T00:34:31.881+0000] {dagbag.py:588} INFO - Filling up the DagBag from /home/airflow/.local/lib/python3.12/site-packages/airflow/example_dags/example_branch_python_dop_operator_3.py
[2024-11-07T00:34:31.890+0000] {processor.py:925} INFO - DAG(s) 'example_branch_dop_operator_v3' retrieved from /home/airflow/.local/lib/python3.12/site-packages/airflow/example_dags/example_branch_python_dop_operator_3.py
[2024-11-07T00:34:31.908+0000] {logging_mixin.py:190} INFO - [2024-11-07T00:34:31.907+0000] {dag.py:3239} INFO - Sync 1 DAGs
[2024-11-07T00:34:31.930+0000] {logging_mixin.py:190} INFO - [2024-11-07T00:34:31.930+0000] {dag.py:4180} INFO - Setting next_dagrun for example_branch_dop_operator_v3 to 2024-11-07 00:33:00+00:00, run_after=2024-11-07 00:34:00+00:00
[2024-11-07T00:34:31.946+0000] {processor.py:208} INFO - Processing /home/airflow/.local/lib/python3.12/site-packages/airflow/example_dags/example_branch_python_dop_operator_3.py took 0.072 seconds
[2024-11-07T00:35:02.926+0000] {processor.py:186} INFO - Started process (PID=667) to work on /home/airflow/.local/lib/python3.12/site-packages/airflow/example_dags/example_branch_python_dop_operator_3.py
[2024-11-07T00:35:02.927+0000] {processor.py:914} INFO - Processing file /home/airflow/.local/lib/python3.12/site-packages/airflow/example_dags/example_branch_python_dop_operator_3.py for tasks to queue
[2024-11-07T00:35:02.928+0000] {logging_mixin.py:190} INFO - [2024-11-07T00:35:02.928+0000] {dagbag.py:588} INFO - Filling up the DagBag from /home/airflow/.local/lib/python3.12/site-packages/airflow/example_dags/example_branch_python_dop_operator_3.py
[2024-11-07T00:35:02.937+0000] {processor.py:925} INFO - DAG(s) 'example_branch_dop_operator_v3' retrieved from /home/airflow/.local/lib/python3.12/site-packages/airflow/example_dags/example_branch_python_dop_operator_3.py
[2024-11-07T00:35:02.954+0000] {logging_mixin.py:190} INFO - [2024-11-07T00:35:02.954+0000] {dag.py:3239} INFO - Sync 1 DAGs
[2024-11-07T00:35:02.976+0000] {logging_mixin.py:190} INFO - [2024-11-07T00:35:02.976+0000] {dag.py:4180} INFO - Setting next_dagrun for example_branch_dop_operator_v3 to 2024-11-07 00:34:00+00:00, run_after=2024-11-07 00:35:00+00:00
[2024-11-07T00:35:02.991+0000] {processor.py:208} INFO - Processing /home/airflow/.local/lib/python3.12/site-packages/airflow/example_dags/example_branch_python_dop_operator_3.py took 0.070 seconds
[2024-11-07T00:35:33.398+0000] {processor.py:186} INFO - Started process (PID=732) to work on /home/airflow/.local/lib/python3.12/site-packages/airflow/example_dags/example_branch_python_dop_operator_3.py
[2024-11-07T00:35:33.399+0000] {processor.py:914} INFO - Processing file /home/airflow/.local/lib/python3.12/site-packages/airflow/example_dags/example_branch_python_dop_operator_3.py for tasks to queue
[2024-11-07T00:35:33.401+0000] {logging_mixin.py:190} INFO - [2024-11-07T00:35:33.401+0000] {dagbag.py:588} INFO - Filling up the DagBag from /home/airflow/.local/lib/python3.12/site-packages/airflow/example_dags/example_branch_python_dop_operator_3.py
[2024-11-07T00:35:33.410+0000] {processor.py:925} INFO - DAG(s) 'example_branch_dop_operator_v3' retrieved from /home/airflow/.local/lib/python3.12/site-packages/airflow/example_dags/example_branch_python_dop_operator_3.py
[2024-11-07T00:35:33.427+0000] {logging_mixin.py:190} INFO - [2024-11-07T00:35:33.427+0000] {dag.py:3239} INFO - Sync 1 DAGs
[2024-11-07T00:35:33.449+0000] {logging_mixin.py:190} INFO - [2024-11-07T00:35:33.449+0000] {dag.py:4180} INFO - Setting next_dagrun for example_branch_dop_operator_v3 to 2024-11-07 00:34:00+00:00, run_after=2024-11-07 00:35:00+00:00
[2024-11-07T00:35:33.467+0000] {processor.py:208} INFO - Processing /home/airflow/.local/lib/python3.12/site-packages/airflow/example_dags/example_branch_python_dop_operator_3.py took 0.076 seconds
[2024-11-07T00:36:03.639+0000] {processor.py:186} INFO - Started process (PID=789) to work on /home/airflow/.local/lib/python3.12/site-packages/airflow/example_dags/example_branch_python_dop_operator_3.py
[2024-11-07T00:36:03.640+0000] {processor.py:914} INFO - Processing file /home/airflow/.local/lib/python3.12/site-packages/airflow/example_dags/example_branch_python_dop_operator_3.py for tasks to queue
[2024-11-07T00:36:03.642+0000] {logging_mixin.py:190} INFO - [2024-11-07T00:36:03.641+0000] {dagbag.py:588} INFO - Filling up the DagBag from /home/airflow/.local/lib/python3.12/site-packages/airflow/example_dags/example_branch_python_dop_operator_3.py
[2024-11-07T00:36:03.650+0000] {processor.py:925} INFO - DAG(s) 'example_branch_dop_operator_v3' retrieved from /home/airflow/.local/lib/python3.12/site-packages/airflow/example_dags/example_branch_python_dop_operator_3.py
[2024-11-07T00:36:03.667+0000] {logging_mixin.py:190} INFO - [2024-11-07T00:36:03.667+0000] {dag.py:3239} INFO - Sync 1 DAGs
[2024-11-07T00:36:03.688+0000] {logging_mixin.py:190} INFO - [2024-11-07T00:36:03.688+0000] {dag.py:4180} INFO - Setting next_dagrun for example_branch_dop_operator_v3 to 2024-11-07 00:35:00+00:00, run_after=2024-11-07 00:36:00+00:00
[2024-11-07T00:36:03.703+0000] {processor.py:208} INFO - Processing /home/airflow/.local/lib/python3.12/site-packages/airflow/example_dags/example_branch_python_dop_operator_3.py took 0.069 seconds
[2024-11-07T00:38:41.423+0000] {processor.py:186} INFO - Started process (PID=92) to work on /home/airflow/.local/lib/python3.12/site-packages/airflow/example_dags/example_branch_python_dop_operator_3.py
[2024-11-07T00:38:41.424+0000] {processor.py:914} INFO - Processing file /home/airflow/.local/lib/python3.12/site-packages/airflow/example_dags/example_branch_python_dop_operator_3.py for tasks to queue
[2024-11-07T00:38:41.426+0000] {logging_mixin.py:190} INFO - [2024-11-07T00:38:41.426+0000] {dagbag.py:588} INFO - Filling up the DagBag from /home/airflow/.local/lib/python3.12/site-packages/airflow/example_dags/example_branch_python_dop_operator_3.py
[2024-11-07T00:38:41.434+0000] {processor.py:925} INFO - DAG(s) 'example_branch_dop_operator_v3' retrieved from /home/airflow/.local/lib/python3.12/site-packages/airflow/example_dags/example_branch_python_dop_operator_3.py
[2024-11-07T00:38:41.451+0000] {logging_mixin.py:190} INFO - [2024-11-07T00:38:41.451+0000] {dag.py:3239} INFO - Sync 1 DAGs
[2024-11-07T00:38:41.472+0000] {logging_mixin.py:190} INFO - [2024-11-07T00:38:41.472+0000] {dag.py:4180} INFO - Setting next_dagrun for example_branch_dop_operator_v3 to 2024-11-07 00:37:00+00:00, run_after=2024-11-07 00:38:00+00:00
[2024-11-07T00:38:41.487+0000] {processor.py:208} INFO - Processing /home/airflow/.local/lib/python3.12/site-packages/airflow/example_dags/example_branch_python_dop_operator_3.py took 0.068 seconds
[2024-11-07T00:39:12.038+0000] {processor.py:186} INFO - Started process (PID=155) to work on /home/airflow/.local/lib/python3.12/site-packages/airflow/example_dags/example_branch_python_dop_operator_3.py
[2024-11-07T00:39:12.039+0000] {processor.py:914} INFO - Processing file /home/airflow/.local/lib/python3.12/site-packages/airflow/example_dags/example_branch_python_dop_operator_3.py for tasks to queue
[2024-11-07T00:39:12.041+0000] {logging_mixin.py:190} INFO - [2024-11-07T00:39:12.040+0000] {dagbag.py:588} INFO - Filling up the DagBag from /home/airflow/.local/lib/python3.12/site-packages/airflow/example_dags/example_branch_python_dop_operator_3.py
[2024-11-07T00:39:12.050+0000] {processor.py:925} INFO - DAG(s) 'example_branch_dop_operator_v3' retrieved from /home/airflow/.local/lib/python3.12/site-packages/airflow/example_dags/example_branch_python_dop_operator_3.py
[2024-11-07T00:39:12.071+0000] {logging_mixin.py:190} INFO - [2024-11-07T00:39:12.070+0000] {dag.py:3239} INFO - Sync 1 DAGs
[2024-11-07T00:39:12.099+0000] {logging_mixin.py:190} INFO - [2024-11-07T00:39:12.098+0000] {dag.py:4180} INFO - Setting next_dagrun for example_branch_dop_operator_v3 to 2024-11-07 00:38:00+00:00, run_after=2024-11-07 00:39:00+00:00
[2024-11-07T00:39:12.123+0000] {processor.py:208} INFO - Processing /home/airflow/.local/lib/python3.12/site-packages/airflow/example_dags/example_branch_python_dop_operator_3.py took 0.090 seconds
[2024-11-07T00:39:43.067+0000] {processor.py:186} INFO - Started process (PID=218) to work on /home/airflow/.local/lib/python3.12/site-packages/airflow/example_dags/example_branch_python_dop_operator_3.py
[2024-11-07T00:39:43.068+0000] {processor.py:914} INFO - Processing file /home/airflow/.local/lib/python3.12/site-packages/airflow/example_dags/example_branch_python_dop_operator_3.py for tasks to queue
[2024-11-07T00:39:43.071+0000] {logging_mixin.py:190} INFO - [2024-11-07T00:39:43.070+0000] {dagbag.py:588} INFO - Filling up the DagBag from /home/airflow/.local/lib/python3.12/site-packages/airflow/example_dags/example_branch_python_dop_operator_3.py
[2024-11-07T00:39:43.081+0000] {processor.py:925} INFO - DAG(s) 'example_branch_dop_operator_v3' retrieved from /home/airflow/.local/lib/python3.12/site-packages/airflow/example_dags/example_branch_python_dop_operator_3.py
[2024-11-07T00:39:43.101+0000] {logging_mixin.py:190} INFO - [2024-11-07T00:39:43.101+0000] {dag.py:3239} INFO - Sync 1 DAGs
[2024-11-07T00:39:43.127+0000] {logging_mixin.py:190} INFO - [2024-11-07T00:39:43.126+0000] {dag.py:4180} INFO - Setting next_dagrun for example_branch_dop_operator_v3 to 2024-11-07 00:38:00+00:00, run_after=2024-11-07 00:39:00+00:00
[2024-11-07T00:39:43.148+0000] {processor.py:208} INFO - Processing /home/airflow/.local/lib/python3.12/site-packages/airflow/example_dags/example_branch_python_dop_operator_3.py took 0.086 seconds
[2024-11-07T00:40:14.493+0000] {processor.py:186} INFO - Started process (PID=281) to work on /home/airflow/.local/lib/python3.12/site-packages/airflow/example_dags/example_branch_python_dop_operator_3.py
[2024-11-07T00:40:14.494+0000] {processor.py:914} INFO - Processing file /home/airflow/.local/lib/python3.12/site-packages/airflow/example_dags/example_branch_python_dop_operator_3.py for tasks to queue
[2024-11-07T00:40:14.496+0000] {logging_mixin.py:190} INFO - [2024-11-07T00:40:14.495+0000] {dagbag.py:588} INFO - Filling up the DagBag from /home/airflow/.local/lib/python3.12/site-packages/airflow/example_dags/example_branch_python_dop_operator_3.py
[2024-11-07T00:40:14.504+0000] {processor.py:925} INFO - DAG(s) 'example_branch_dop_operator_v3' retrieved from /home/airflow/.local/lib/python3.12/site-packages/airflow/example_dags/example_branch_python_dop_operator_3.py
[2024-11-07T00:40:14.521+0000] {logging_mixin.py:190} INFO - [2024-11-07T00:40:14.521+0000] {dag.py:3239} INFO - Sync 1 DAGs
[2024-11-07T00:40:14.543+0000] {logging_mixin.py:190} INFO - [2024-11-07T00:40:14.543+0000] {dag.py:4180} INFO - Setting next_dagrun for example_branch_dop_operator_v3 to 2024-11-07 00:39:00+00:00, run_after=2024-11-07 00:40:00+00:00
[2024-11-07T00:40:14.558+0000] {processor.py:208} INFO - Processing /home/airflow/.local/lib/python3.12/site-packages/airflow/example_dags/example_branch_python_dop_operator_3.py took 0.070 seconds
[2024-11-07T00:40:45.494+0000] {processor.py:186} INFO - Started process (PID=344) to work on /home/airflow/.local/lib/python3.12/site-packages/airflow/example_dags/example_branch_python_dop_operator_3.py
[2024-11-07T00:40:45.495+0000] {processor.py:914} INFO - Processing file /home/airflow/.local/lib/python3.12/site-packages/airflow/example_dags/example_branch_python_dop_operator_3.py for tasks to queue
[2024-11-07T00:40:45.497+0000] {logging_mixin.py:190} INFO - [2024-11-07T00:40:45.496+0000] {dagbag.py:588} INFO - Filling up the DagBag from /home/airflow/.local/lib/python3.12/site-packages/airflow/example_dags/example_branch_python_dop_operator_3.py
[2024-11-07T00:40:45.504+0000] {processor.py:925} INFO - DAG(s) 'example_branch_dop_operator_v3' retrieved from /home/airflow/.local/lib/python3.12/site-packages/airflow/example_dags/example_branch_python_dop_operator_3.py
[2024-11-07T00:40:45.522+0000] {logging_mixin.py:190} INFO - [2024-11-07T00:40:45.521+0000] {dag.py:3239} INFO - Sync 1 DAGs
[2024-11-07T00:40:45.543+0000] {logging_mixin.py:190} INFO - [2024-11-07T00:40:45.543+0000] {dag.py:4180} INFO - Setting next_dagrun for example_branch_dop_operator_v3 to 2024-11-07 00:39:00+00:00, run_after=2024-11-07 00:40:00+00:00
[2024-11-07T00:40:45.559+0000] {processor.py:208} INFO - Processing /home/airflow/.local/lib/python3.12/site-packages/airflow/example_dags/example_branch_python_dop_operator_3.py took 0.070 seconds
[2024-11-07T00:41:16.502+0000] {processor.py:186} INFO - Started process (PID=407) to work on /home/airflow/.local/lib/python3.12/site-packages/airflow/example_dags/example_branch_python_dop_operator_3.py
[2024-11-07T00:41:16.503+0000] {processor.py:914} INFO - Processing file /home/airflow/.local/lib/python3.12/site-packages/airflow/example_dags/example_branch_python_dop_operator_3.py for tasks to queue
[2024-11-07T00:41:16.505+0000] {logging_mixin.py:190} INFO - [2024-11-07T00:41:16.505+0000] {dagbag.py:588} INFO - Filling up the DagBag from /home/airflow/.local/lib/python3.12/site-packages/airflow/example_dags/example_branch_python_dop_operator_3.py
[2024-11-07T00:41:16.514+0000] {processor.py:925} INFO - DAG(s) 'example_branch_dop_operator_v3' retrieved from /home/airflow/.local/lib/python3.12/site-packages/airflow/example_dags/example_branch_python_dop_operator_3.py
[2024-11-07T00:41:16.532+0000] {logging_mixin.py:190} INFO - [2024-11-07T00:41:16.532+0000] {dag.py:3239} INFO - Sync 1 DAGs
[2024-11-07T00:41:16.554+0000] {logging_mixin.py:190} INFO - [2024-11-07T00:41:16.554+0000] {dag.py:4180} INFO - Setting next_dagrun for example_branch_dop_operator_v3 to 2024-11-07 00:40:00+00:00, run_after=2024-11-07 00:41:00+00:00
[2024-11-07T00:41:16.570+0000] {processor.py:208} INFO - Processing /home/airflow/.local/lib/python3.12/site-packages/airflow/example_dags/example_branch_python_dop_operator_3.py took 0.072 seconds
[2024-11-07T00:41:47.090+0000] {processor.py:186} INFO - Started process (PID=469) to work on /home/airflow/.local/lib/python3.12/site-packages/airflow/example_dags/example_branch_python_dop_operator_3.py
[2024-11-07T00:41:47.091+0000] {processor.py:914} INFO - Processing file /home/airflow/.local/lib/python3.12/site-packages/airflow/example_dags/example_branch_python_dop_operator_3.py for tasks to queue
[2024-11-07T00:41:47.093+0000] {logging_mixin.py:190} INFO - [2024-11-07T00:41:47.092+0000] {dagbag.py:588} INFO - Filling up the DagBag from /home/airflow/.local/lib/python3.12/site-packages/airflow/example_dags/example_branch_python_dop_operator_3.py
[2024-11-07T00:41:47.101+0000] {processor.py:925} INFO - DAG(s) 'example_branch_dop_operator_v3' retrieved from /home/airflow/.local/lib/python3.12/site-packages/airflow/example_dags/example_branch_python_dop_operator_3.py
[2024-11-07T00:41:47.118+0000] {logging_mixin.py:190} INFO - [2024-11-07T00:41:47.118+0000] {dag.py:3239} INFO - Sync 1 DAGs
[2024-11-07T00:41:47.139+0000] {logging_mixin.py:190} INFO - [2024-11-07T00:41:47.139+0000] {dag.py:4180} INFO - Setting next_dagrun for example_branch_dop_operator_v3 to 2024-11-07 00:40:00+00:00, run_after=2024-11-07 00:41:00+00:00
[2024-11-07T00:41:47.154+0000] {processor.py:208} INFO - Processing /home/airflow/.local/lib/python3.12/site-packages/airflow/example_dags/example_branch_python_dop_operator_3.py took 0.068 seconds
[2024-11-07T00:42:17.956+0000] {processor.py:186} INFO - Started process (PID=532) to work on /home/airflow/.local/lib/python3.12/site-packages/airflow/example_dags/example_branch_python_dop_operator_3.py
[2024-11-07T00:42:17.957+0000] {processor.py:914} INFO - Processing file /home/airflow/.local/lib/python3.12/site-packages/airflow/example_dags/example_branch_python_dop_operator_3.py for tasks to queue
[2024-11-07T00:42:17.959+0000] {logging_mixin.py:190} INFO - [2024-11-07T00:42:17.958+0000] {dagbag.py:588} INFO - Filling up the DagBag from /home/airflow/.local/lib/python3.12/site-packages/airflow/example_dags/example_branch_python_dop_operator_3.py
[2024-11-07T00:42:17.967+0000] {processor.py:925} INFO - DAG(s) 'example_branch_dop_operator_v3' retrieved from /home/airflow/.local/lib/python3.12/site-packages/airflow/example_dags/example_branch_python_dop_operator_3.py
[2024-11-07T00:42:17.983+0000] {logging_mixin.py:190} INFO - [2024-11-07T00:42:17.983+0000] {dag.py:3239} INFO - Sync 1 DAGs
[2024-11-07T00:42:18.004+0000] {logging_mixin.py:190} INFO - [2024-11-07T00:42:18.004+0000] {dag.py:4180} INFO - Setting next_dagrun for example_branch_dop_operator_v3 to 2024-11-07 00:41:00+00:00, run_after=2024-11-07 00:42:00+00:00
[2024-11-07T00:42:18.020+0000] {processor.py:208} INFO - Processing /home/airflow/.local/lib/python3.12/site-packages/airflow/example_dags/example_branch_python_dop_operator_3.py took 0.069 seconds
[2024-11-07T00:42:48.657+0000] {processor.py:186} INFO - Started process (PID=595) to work on /home/airflow/.local/lib/python3.12/site-packages/airflow/example_dags/example_branch_python_dop_operator_3.py
[2024-11-07T00:42:48.658+0000] {processor.py:914} INFO - Processing file /home/airflow/.local/lib/python3.12/site-packages/airflow/example_dags/example_branch_python_dop_operator_3.py for tasks to queue
[2024-11-07T00:42:48.660+0000] {logging_mixin.py:190} INFO - [2024-11-07T00:42:48.659+0000] {dagbag.py:588} INFO - Filling up the DagBag from /home/airflow/.local/lib/python3.12/site-packages/airflow/example_dags/example_branch_python_dop_operator_3.py
[2024-11-07T00:42:48.668+0000] {processor.py:925} INFO - DAG(s) 'example_branch_dop_operator_v3' retrieved from /home/airflow/.local/lib/python3.12/site-packages/airflow/example_dags/example_branch_python_dop_operator_3.py
[2024-11-07T00:42:48.683+0000] {logging_mixin.py:190} INFO - [2024-11-07T00:42:48.683+0000] {dag.py:3239} INFO - Sync 1 DAGs
[2024-11-07T00:42:48.705+0000] {logging_mixin.py:190} INFO - [2024-11-07T00:42:48.705+0000] {dag.py:4180} INFO - Setting next_dagrun for example_branch_dop_operator_v3 to 2024-11-07 00:41:00+00:00, run_after=2024-11-07 00:42:00+00:00
[2024-11-07T00:42:48.718+0000] {processor.py:208} INFO - Processing /home/airflow/.local/lib/python3.12/site-packages/airflow/example_dags/example_branch_python_dop_operator_3.py took 0.066 seconds
[2024-11-07T00:43:20.366+0000] {processor.py:186} INFO - Started process (PID=659) to work on /home/airflow/.local/lib/python3.12/site-packages/airflow/example_dags/example_branch_python_dop_operator_3.py
[2024-11-07T00:43:20.366+0000] {processor.py:914} INFO - Processing file /home/airflow/.local/lib/python3.12/site-packages/airflow/example_dags/example_branch_python_dop_operator_3.py for tasks to queue
[2024-11-07T00:43:20.368+0000] {logging_mixin.py:190} INFO - [2024-11-07T00:43:20.368+0000] {dagbag.py:588} INFO - Filling up the DagBag from /home/airflow/.local/lib/python3.12/site-packages/airflow/example_dags/example_branch_python_dop_operator_3.py
[2024-11-07T00:43:20.378+0000] {processor.py:925} INFO - DAG(s) 'example_branch_dop_operator_v3' retrieved from /home/airflow/.local/lib/python3.12/site-packages/airflow/example_dags/example_branch_python_dop_operator_3.py
[2024-11-07T00:43:20.396+0000] {logging_mixin.py:190} INFO - [2024-11-07T00:43:20.396+0000] {dag.py:3239} INFO - Sync 1 DAGs
[2024-11-07T00:43:20.418+0000] {logging_mixin.py:190} INFO - [2024-11-07T00:43:20.418+0000] {dag.py:4180} INFO - Setting next_dagrun for example_branch_dop_operator_v3 to 2024-11-07 00:42:00+00:00, run_after=2024-11-07 00:43:00+00:00
[2024-11-07T00:43:20.435+0000] {processor.py:208} INFO - Processing /home/airflow/.local/lib/python3.12/site-packages/airflow/example_dags/example_branch_python_dop_operator_3.py took 0.074 seconds
[2024-11-07T00:43:51.173+0000] {processor.py:186} INFO - Started process (PID=722) to work on /home/airflow/.local/lib/python3.12/site-packages/airflow/example_dags/example_branch_python_dop_operator_3.py
[2024-11-07T00:43:51.173+0000] {processor.py:914} INFO - Processing file /home/airflow/.local/lib/python3.12/site-packages/airflow/example_dags/example_branch_python_dop_operator_3.py for tasks to queue
[2024-11-07T00:43:51.175+0000] {logging_mixin.py:190} INFO - [2024-11-07T00:43:51.175+0000] {dagbag.py:588} INFO - Filling up the DagBag from /home/airflow/.local/lib/python3.12/site-packages/airflow/example_dags/example_branch_python_dop_operator_3.py
[2024-11-07T00:43:51.185+0000] {processor.py:925} INFO - DAG(s) 'example_branch_dop_operator_v3' retrieved from /home/airflow/.local/lib/python3.12/site-packages/airflow/example_dags/example_branch_python_dop_operator_3.py
[2024-11-07T00:43:51.203+0000] {logging_mixin.py:190} INFO - [2024-11-07T00:43:51.203+0000] {dag.py:3239} INFO - Sync 1 DAGs
[2024-11-07T00:43:51.225+0000] {logging_mixin.py:190} INFO - [2024-11-07T00:43:51.225+0000] {dag.py:4180} INFO - Setting next_dagrun for example_branch_dop_operator_v3 to 2024-11-07 00:42:00+00:00, run_after=2024-11-07 00:43:00+00:00
[2024-11-07T00:43:51.242+0000] {processor.py:208} INFO - Processing /home/airflow/.local/lib/python3.12/site-packages/airflow/example_dags/example_branch_python_dop_operator_3.py took 0.074 seconds
[2024-11-07T00:44:22.298+0000] {processor.py:186} INFO - Started process (PID=786) to work on /home/airflow/.local/lib/python3.12/site-packages/airflow/example_dags/example_branch_python_dop_operator_3.py
[2024-11-07T00:44:22.299+0000] {processor.py:914} INFO - Processing file /home/airflow/.local/lib/python3.12/site-packages/airflow/example_dags/example_branch_python_dop_operator_3.py for tasks to queue
[2024-11-07T00:44:22.300+0000] {logging_mixin.py:190} INFO - [2024-11-07T00:44:22.300+0000] {dagbag.py:588} INFO - Filling up the DagBag from /home/airflow/.local/lib/python3.12/site-packages/airflow/example_dags/example_branch_python_dop_operator_3.py
[2024-11-07T00:44:22.309+0000] {processor.py:925} INFO - DAG(s) 'example_branch_dop_operator_v3' retrieved from /home/airflow/.local/lib/python3.12/site-packages/airflow/example_dags/example_branch_python_dop_operator_3.py
[2024-11-07T00:44:22.327+0000] {logging_mixin.py:190} INFO - [2024-11-07T00:44:22.327+0000] {dag.py:3239} INFO - Sync 1 DAGs
[2024-11-07T00:44:22.350+0000] {logging_mixin.py:190} INFO - [2024-11-07T00:44:22.350+0000] {dag.py:4180} INFO - Setting next_dagrun for example_branch_dop_operator_v3 to 2024-11-07 00:43:00+00:00, run_after=2024-11-07 00:44:00+00:00
[2024-11-07T00:44:22.367+0000] {processor.py:208} INFO - Processing /home/airflow/.local/lib/python3.12/site-packages/airflow/example_dags/example_branch_python_dop_operator_3.py took 0.074 seconds
[2024-11-07T00:44:53.933+0000] {processor.py:186} INFO - Started process (PID=851) to work on /home/airflow/.local/lib/python3.12/site-packages/airflow/example_dags/example_branch_python_dop_operator_3.py
[2024-11-07T00:44:53.934+0000] {processor.py:914} INFO - Processing file /home/airflow/.local/lib/python3.12/site-packages/airflow/example_dags/example_branch_python_dop_operator_3.py for tasks to queue
[2024-11-07T00:44:53.936+0000] {logging_mixin.py:190} INFO - [2024-11-07T00:44:53.935+0000] {dagbag.py:588} INFO - Filling up the DagBag from /home/airflow/.local/lib/python3.12/site-packages/airflow/example_dags/example_branch_python_dop_operator_3.py
[2024-11-07T00:44:53.944+0000] {processor.py:925} INFO - DAG(s) 'example_branch_dop_operator_v3' retrieved from /home/airflow/.local/lib/python3.12/site-packages/airflow/example_dags/example_branch_python_dop_operator_3.py
[2024-11-07T00:44:53.961+0000] {logging_mixin.py:190} INFO - [2024-11-07T00:44:53.961+0000] {dag.py:3239} INFO - Sync 1 DAGs
[2024-11-07T00:44:53.983+0000] {logging_mixin.py:190} INFO - [2024-11-07T00:44:53.983+0000] {dag.py:4180} INFO - Setting next_dagrun for example_branch_dop_operator_v3 to 2024-11-07 00:43:00+00:00, run_after=2024-11-07 00:44:00+00:00
[2024-11-07T00:44:54.001+0000] {processor.py:208} INFO - Processing /home/airflow/.local/lib/python3.12/site-packages/airflow/example_dags/example_branch_python_dop_operator_3.py took 0.073 seconds
[2024-11-07T00:45:25.188+0000] {processor.py:186} INFO - Started process (PID=921) to work on /home/airflow/.local/lib/python3.12/site-packages/airflow/example_dags/example_branch_python_dop_operator_3.py
[2024-11-07T00:45:25.189+0000] {processor.py:914} INFO - Processing file /home/airflow/.local/lib/python3.12/site-packages/airflow/example_dags/example_branch_python_dop_operator_3.py for tasks to queue
[2024-11-07T00:45:25.191+0000] {logging_mixin.py:190} INFO - [2024-11-07T00:45:25.190+0000] {dagbag.py:588} INFO - Filling up the DagBag from /home/airflow/.local/lib/python3.12/site-packages/airflow/example_dags/example_branch_python_dop_operator_3.py
[2024-11-07T00:45:25.200+0000] {processor.py:925} INFO - DAG(s) 'example_branch_dop_operator_v3' retrieved from /home/airflow/.local/lib/python3.12/site-packages/airflow/example_dags/example_branch_python_dop_operator_3.py
[2024-11-07T00:45:25.217+0000] {logging_mixin.py:190} INFO - [2024-11-07T00:45:25.216+0000] {dag.py:3239} INFO - Sync 1 DAGs
[2024-11-07T00:45:25.239+0000] {logging_mixin.py:190} INFO - [2024-11-07T00:45:25.238+0000] {dag.py:4180} INFO - Setting next_dagrun for example_branch_dop_operator_v3 to 2024-11-07 00:44:00+00:00, run_after=2024-11-07 00:45:00+00:00
[2024-11-07T00:45:25.256+0000] {processor.py:208} INFO - Processing /home/airflow/.local/lib/python3.12/site-packages/airflow/example_dags/example_branch_python_dop_operator_3.py took 0.073 seconds
[2024-11-07T00:45:56.422+0000] {processor.py:186} INFO - Started process (PID=985) to work on /home/airflow/.local/lib/python3.12/site-packages/airflow/example_dags/example_branch_python_dop_operator_3.py
[2024-11-07T00:45:56.423+0000] {processor.py:914} INFO - Processing file /home/airflow/.local/lib/python3.12/site-packages/airflow/example_dags/example_branch_python_dop_operator_3.py for tasks to queue
[2024-11-07T00:45:56.425+0000] {logging_mixin.py:190} INFO - [2024-11-07T00:45:56.425+0000] {dagbag.py:588} INFO - Filling up the DagBag from /home/airflow/.local/lib/python3.12/site-packages/airflow/example_dags/example_branch_python_dop_operator_3.py
[2024-11-07T00:45:56.433+0000] {processor.py:925} INFO - DAG(s) 'example_branch_dop_operator_v3' retrieved from /home/airflow/.local/lib/python3.12/site-packages/airflow/example_dags/example_branch_python_dop_operator_3.py
[2024-11-07T00:45:56.450+0000] {logging_mixin.py:190} INFO - [2024-11-07T00:45:56.449+0000] {dag.py:3239} INFO - Sync 1 DAGs
[2024-11-07T00:45:56.471+0000] {logging_mixin.py:190} INFO - [2024-11-07T00:45:56.470+0000] {dag.py:4180} INFO - Setting next_dagrun for example_branch_dop_operator_v3 to 2024-11-07 00:44:00+00:00, run_after=2024-11-07 00:45:00+00:00
[2024-11-07T00:45:56.485+0000] {processor.py:208} INFO - Processing /home/airflow/.local/lib/python3.12/site-packages/airflow/example_dags/example_branch_python_dop_operator_3.py took 0.068 seconds
[2024-11-07T00:46:27.603+0000] {processor.py:186} INFO - Started process (PID=1049) to work on /home/airflow/.local/lib/python3.12/site-packages/airflow/example_dags/example_branch_python_dop_operator_3.py
[2024-11-07T00:46:27.604+0000] {processor.py:914} INFO - Processing file /home/airflow/.local/lib/python3.12/site-packages/airflow/example_dags/example_branch_python_dop_operator_3.py for tasks to queue
[2024-11-07T00:46:27.606+0000] {logging_mixin.py:190} INFO - [2024-11-07T00:46:27.606+0000] {dagbag.py:588} INFO - Filling up the DagBag from /home/airflow/.local/lib/python3.12/site-packages/airflow/example_dags/example_branch_python_dop_operator_3.py
[2024-11-07T00:46:27.614+0000] {processor.py:925} INFO - DAG(s) 'example_branch_dop_operator_v3' retrieved from /home/airflow/.local/lib/python3.12/site-packages/airflow/example_dags/example_branch_python_dop_operator_3.py
[2024-11-07T00:46:27.631+0000] {logging_mixin.py:190} INFO - [2024-11-07T00:46:27.631+0000] {dag.py:3239} INFO - Sync 1 DAGs
[2024-11-07T00:46:27.652+0000] {logging_mixin.py:190} INFO - [2024-11-07T00:46:27.652+0000] {dag.py:4180} INFO - Setting next_dagrun for example_branch_dop_operator_v3 to 2024-11-07 00:45:00+00:00, run_after=2024-11-07 00:46:00+00:00
[2024-11-07T00:46:27.668+0000] {processor.py:208} INFO - Processing /home/airflow/.local/lib/python3.12/site-packages/airflow/example_dags/example_branch_python_dop_operator_3.py took 0.070 seconds
[2024-11-07T00:46:58.324+0000] {processor.py:186} INFO - Started process (PID=1113) to work on /home/airflow/.local/lib/python3.12/site-packages/airflow/example_dags/example_branch_python_dop_operator_3.py
[2024-11-07T00:46:58.325+0000] {processor.py:914} INFO - Processing file /home/airflow/.local/lib/python3.12/site-packages/airflow/example_dags/example_branch_python_dop_operator_3.py for tasks to queue
[2024-11-07T00:46:58.326+0000] {logging_mixin.py:190} INFO - [2024-11-07T00:46:58.326+0000] {dagbag.py:588} INFO - Filling up the DagBag from /home/airflow/.local/lib/python3.12/site-packages/airflow/example_dags/example_branch_python_dop_operator_3.py
[2024-11-07T00:46:58.335+0000] {processor.py:925} INFO - DAG(s) 'example_branch_dop_operator_v3' retrieved from /home/airflow/.local/lib/python3.12/site-packages/airflow/example_dags/example_branch_python_dop_operator_3.py
[2024-11-07T00:46:58.351+0000] {logging_mixin.py:190} INFO - [2024-11-07T00:46:58.351+0000] {dag.py:3239} INFO - Sync 1 DAGs
[2024-11-07T00:46:58.372+0000] {logging_mixin.py:190} INFO - [2024-11-07T00:46:58.371+0000] {dag.py:4180} INFO - Setting next_dagrun for example_branch_dop_operator_v3 to 2024-11-07 00:45:00+00:00, run_after=2024-11-07 00:46:00+00:00
[2024-11-07T00:46:58.386+0000] {processor.py:208} INFO - Processing /home/airflow/.local/lib/python3.12/site-packages/airflow/example_dags/example_branch_python_dop_operator_3.py took 0.067 seconds
[2024-11-07T00:47:29.577+0000] {processor.py:186} INFO - Started process (PID=1177) to work on /home/airflow/.local/lib/python3.12/site-packages/airflow/example_dags/example_branch_python_dop_operator_3.py
[2024-11-07T00:47:29.578+0000] {processor.py:914} INFO - Processing file /home/airflow/.local/lib/python3.12/site-packages/airflow/example_dags/example_branch_python_dop_operator_3.py for tasks to queue
[2024-11-07T00:47:29.579+0000] {logging_mixin.py:190} INFO - [2024-11-07T00:47:29.579+0000] {dagbag.py:588} INFO - Filling up the DagBag from /home/airflow/.local/lib/python3.12/site-packages/airflow/example_dags/example_branch_python_dop_operator_3.py
[2024-11-07T00:47:29.588+0000] {processor.py:925} INFO - DAG(s) 'example_branch_dop_operator_v3' retrieved from /home/airflow/.local/lib/python3.12/site-packages/airflow/example_dags/example_branch_python_dop_operator_3.py
[2024-11-07T00:47:29.604+0000] {logging_mixin.py:190} INFO - [2024-11-07T00:47:29.604+0000] {dag.py:3239} INFO - Sync 1 DAGs
[2024-11-07T00:47:29.626+0000] {logging_mixin.py:190} INFO - [2024-11-07T00:47:29.626+0000] {dag.py:4180} INFO - Setting next_dagrun for example_branch_dop_operator_v3 to 2024-11-07 00:46:00+00:00, run_after=2024-11-07 00:47:00+00:00
[2024-11-07T00:47:29.642+0000] {processor.py:208} INFO - Processing /home/airflow/.local/lib/python3.12/site-packages/airflow/example_dags/example_branch_python_dop_operator_3.py took 0.070 seconds
[2024-11-07T00:55:09.560+0000] {processor.py:186} INFO - Started process (PID=1275) to work on /home/airflow/.local/lib/python3.12/site-packages/airflow/example_dags/example_branch_python_dop_operator_3.py
[2024-11-07T00:55:09.561+0000] {processor.py:914} INFO - Processing file /home/airflow/.local/lib/python3.12/site-packages/airflow/example_dags/example_branch_python_dop_operator_3.py for tasks to queue
[2024-11-07T00:55:09.562+0000] {logging_mixin.py:190} INFO - [2024-11-07T00:55:09.562+0000] {dagbag.py:588} INFO - Filling up the DagBag from /home/airflow/.local/lib/python3.12/site-packages/airflow/example_dags/example_branch_python_dop_operator_3.py
[2024-11-07T00:55:09.571+0000] {processor.py:925} INFO - DAG(s) 'example_branch_dop_operator_v3' retrieved from /home/airflow/.local/lib/python3.12/site-packages/airflow/example_dags/example_branch_python_dop_operator_3.py
[2024-11-07T00:55:09.587+0000] {logging_mixin.py:190} INFO - [2024-11-07T00:55:09.587+0000] {dag.py:3239} INFO - Sync 1 DAGs
[2024-11-07T00:55:09.608+0000] {logging_mixin.py:190} INFO - [2024-11-07T00:55:09.608+0000] {dag.py:4180} INFO - Setting next_dagrun for example_branch_dop_operator_v3 to 2024-11-07 00:54:00+00:00, run_after=2024-11-07 00:55:00+00:00
[2024-11-07T00:55:09.624+0000] {processor.py:208} INFO - Processing /home/airflow/.local/lib/python3.12/site-packages/airflow/example_dags/example_branch_python_dop_operator_3.py took 0.068 seconds
[2024-11-07T00:55:40.655+0000] {processor.py:186} INFO - Started process (PID=1339) to work on /home/airflow/.local/lib/python3.12/site-packages/airflow/example_dags/example_branch_python_dop_operator_3.py
[2024-11-07T00:55:40.655+0000] {processor.py:914} INFO - Processing file /home/airflow/.local/lib/python3.12/site-packages/airflow/example_dags/example_branch_python_dop_operator_3.py for tasks to queue
[2024-11-07T00:55:40.657+0000] {logging_mixin.py:190} INFO - [2024-11-07T00:55:40.657+0000] {dagbag.py:588} INFO - Filling up the DagBag from /home/airflow/.local/lib/python3.12/site-packages/airflow/example_dags/example_branch_python_dop_operator_3.py
[2024-11-07T00:55:40.665+0000] {processor.py:925} INFO - DAG(s) 'example_branch_dop_operator_v3' retrieved from /home/airflow/.local/lib/python3.12/site-packages/airflow/example_dags/example_branch_python_dop_operator_3.py
[2024-11-07T00:55:40.681+0000] {logging_mixin.py:190} INFO - [2024-11-07T00:55:40.681+0000] {dag.py:3239} INFO - Sync 1 DAGs
[2024-11-07T00:55:40.703+0000] {logging_mixin.py:190} INFO - [2024-11-07T00:55:40.703+0000] {dag.py:4180} INFO - Setting next_dagrun for example_branch_dop_operator_v3 to 2024-11-07 00:54:00+00:00, run_after=2024-11-07 00:55:00+00:00
[2024-11-07T00:55:40.719+0000] {processor.py:208} INFO - Processing /home/airflow/.local/lib/python3.12/site-packages/airflow/example_dags/example_branch_python_dop_operator_3.py took 0.068 seconds
[2024-11-07T00:56:11.385+0000] {processor.py:186} INFO - Started process (PID=1402) to work on /home/airflow/.local/lib/python3.12/site-packages/airflow/example_dags/example_branch_python_dop_operator_3.py
[2024-11-07T00:56:11.385+0000] {processor.py:914} INFO - Processing file /home/airflow/.local/lib/python3.12/site-packages/airflow/example_dags/example_branch_python_dop_operator_3.py for tasks to queue
[2024-11-07T00:56:11.387+0000] {logging_mixin.py:190} INFO - [2024-11-07T00:56:11.387+0000] {dagbag.py:588} INFO - Filling up the DagBag from /home/airflow/.local/lib/python3.12/site-packages/airflow/example_dags/example_branch_python_dop_operator_3.py
[2024-11-07T00:56:11.395+0000] {processor.py:925} INFO - DAG(s) 'example_branch_dop_operator_v3' retrieved from /home/airflow/.local/lib/python3.12/site-packages/airflow/example_dags/example_branch_python_dop_operator_3.py
[2024-11-07T00:56:11.411+0000] {logging_mixin.py:190} INFO - [2024-11-07T00:56:11.411+0000] {dag.py:3239} INFO - Sync 1 DAGs
[2024-11-07T00:56:11.433+0000] {logging_mixin.py:190} INFO - [2024-11-07T00:56:11.433+0000] {dag.py:4180} INFO - Setting next_dagrun for example_branch_dop_operator_v3 to 2024-11-07 00:55:00+00:00, run_after=2024-11-07 00:56:00+00:00
[2024-11-07T00:56:11.447+0000] {processor.py:208} INFO - Processing /home/airflow/.local/lib/python3.12/site-packages/airflow/example_dags/example_branch_python_dop_operator_3.py took 0.067 seconds
[2024-11-07T00:56:42.536+0000] {processor.py:186} INFO - Started process (PID=1467) to work on /home/airflow/.local/lib/python3.12/site-packages/airflow/example_dags/example_branch_python_dop_operator_3.py
[2024-11-07T00:56:42.537+0000] {processor.py:914} INFO - Processing file /home/airflow/.local/lib/python3.12/site-packages/airflow/example_dags/example_branch_python_dop_operator_3.py for tasks to queue
[2024-11-07T00:56:42.539+0000] {logging_mixin.py:190} INFO - [2024-11-07T00:56:42.539+0000] {dagbag.py:588} INFO - Filling up the DagBag from /home/airflow/.local/lib/python3.12/site-packages/airflow/example_dags/example_branch_python_dop_operator_3.py
[2024-11-07T00:56:42.548+0000] {processor.py:925} INFO - DAG(s) 'example_branch_dop_operator_v3' retrieved from /home/airflow/.local/lib/python3.12/site-packages/airflow/example_dags/example_branch_python_dop_operator_3.py
[2024-11-07T00:56:42.566+0000] {logging_mixin.py:190} INFO - [2024-11-07T00:56:42.566+0000] {dag.py:3239} INFO - Sync 1 DAGs
[2024-11-07T00:56:42.587+0000] {logging_mixin.py:190} INFO - [2024-11-07T00:56:42.587+0000] {dag.py:4180} INFO - Setting next_dagrun for example_branch_dop_operator_v3 to 2024-11-07 00:55:00+00:00, run_after=2024-11-07 00:56:00+00:00
[2024-11-07T00:56:42.602+0000] {processor.py:208} INFO - Processing /home/airflow/.local/lib/python3.12/site-packages/airflow/example_dags/example_branch_python_dop_operator_3.py took 0.070 seconds
[2024-11-07T00:57:13.791+0000] {processor.py:186} INFO - Started process (PID=1530) to work on /home/airflow/.local/lib/python3.12/site-packages/airflow/example_dags/example_branch_python_dop_operator_3.py
[2024-11-07T00:57:13.791+0000] {processor.py:914} INFO - Processing file /home/airflow/.local/lib/python3.12/site-packages/airflow/example_dags/example_branch_python_dop_operator_3.py for tasks to queue
[2024-11-07T00:57:13.793+0000] {logging_mixin.py:190} INFO - [2024-11-07T00:57:13.793+0000] {dagbag.py:588} INFO - Filling up the DagBag from /home/airflow/.local/lib/python3.12/site-packages/airflow/example_dags/example_branch_python_dop_operator_3.py
[2024-11-07T00:57:13.801+0000] {processor.py:925} INFO - DAG(s) 'example_branch_dop_operator_v3' retrieved from /home/airflow/.local/lib/python3.12/site-packages/airflow/example_dags/example_branch_python_dop_operator_3.py
[2024-11-07T00:57:13.817+0000] {logging_mixin.py:190} INFO - [2024-11-07T00:57:13.817+0000] {dag.py:3239} INFO - Sync 1 DAGs
[2024-11-07T00:57:13.838+0000] {logging_mixin.py:190} INFO - [2024-11-07T00:57:13.837+0000] {dag.py:4180} INFO - Setting next_dagrun for example_branch_dop_operator_v3 to 2024-11-07 00:56:00+00:00, run_after=2024-11-07 00:57:00+00:00
[2024-11-07T00:57:13.852+0000] {processor.py:208} INFO - Processing /home/airflow/.local/lib/python3.12/site-packages/airflow/example_dags/example_branch_python_dop_operator_3.py took 0.066 seconds
[2024-11-07T00:57:44.920+0000] {processor.py:186} INFO - Started process (PID=1595) to work on /home/airflow/.local/lib/python3.12/site-packages/airflow/example_dags/example_branch_python_dop_operator_3.py
[2024-11-07T00:57:44.921+0000] {processor.py:914} INFO - Processing file /home/airflow/.local/lib/python3.12/site-packages/airflow/example_dags/example_branch_python_dop_operator_3.py for tasks to queue
[2024-11-07T00:57:44.923+0000] {logging_mixin.py:190} INFO - [2024-11-07T00:57:44.922+0000] {dagbag.py:588} INFO - Filling up the DagBag from /home/airflow/.local/lib/python3.12/site-packages/airflow/example_dags/example_branch_python_dop_operator_3.py
[2024-11-07T00:57:44.931+0000] {processor.py:925} INFO - DAG(s) 'example_branch_dop_operator_v3' retrieved from /home/airflow/.local/lib/python3.12/site-packages/airflow/example_dags/example_branch_python_dop_operator_3.py
[2024-11-07T00:57:44.947+0000] {logging_mixin.py:190} INFO - [2024-11-07T00:57:44.947+0000] {dag.py:3239} INFO - Sync 1 DAGs
[2024-11-07T00:57:44.969+0000] {logging_mixin.py:190} INFO - [2024-11-07T00:57:44.968+0000] {dag.py:4180} INFO - Setting next_dagrun for example_branch_dop_operator_v3 to 2024-11-07 00:56:00+00:00, run_after=2024-11-07 00:57:00+00:00
[2024-11-07T00:57:44.983+0000] {processor.py:208} INFO - Processing /home/airflow/.local/lib/python3.12/site-packages/airflow/example_dags/example_branch_python_dop_operator_3.py took 0.067 seconds
[2024-11-07T00:58:16.240+0000] {processor.py:186} INFO - Started process (PID=1658) to work on /home/airflow/.local/lib/python3.12/site-packages/airflow/example_dags/example_branch_python_dop_operator_3.py
[2024-11-07T00:58:16.240+0000] {processor.py:914} INFO - Processing file /home/airflow/.local/lib/python3.12/site-packages/airflow/example_dags/example_branch_python_dop_operator_3.py for tasks to queue
[2024-11-07T00:58:16.242+0000] {logging_mixin.py:190} INFO - [2024-11-07T00:58:16.242+0000] {dagbag.py:588} INFO - Filling up the DagBag from /home/airflow/.local/lib/python3.12/site-packages/airflow/example_dags/example_branch_python_dop_operator_3.py
[2024-11-07T00:58:16.250+0000] {processor.py:925} INFO - DAG(s) 'example_branch_dop_operator_v3' retrieved from /home/airflow/.local/lib/python3.12/site-packages/airflow/example_dags/example_branch_python_dop_operator_3.py
[2024-11-07T00:58:16.266+0000] {logging_mixin.py:190} INFO - [2024-11-07T00:58:16.266+0000] {dag.py:3239} INFO - Sync 1 DAGs
[2024-11-07T00:58:16.288+0000] {logging_mixin.py:190} INFO - [2024-11-07T00:58:16.288+0000] {dag.py:4180} INFO - Setting next_dagrun for example_branch_dop_operator_v3 to 2024-11-07 00:57:00+00:00, run_after=2024-11-07 00:58:00+00:00
[2024-11-07T00:58:16.303+0000] {processor.py:208} INFO - Processing /home/airflow/.local/lib/python3.12/site-packages/airflow/example_dags/example_branch_python_dop_operator_3.py took 0.068 seconds
[2024-11-07T00:58:47.145+0000] {processor.py:186} INFO - Started process (PID=1723) to work on /home/airflow/.local/lib/python3.12/site-packages/airflow/example_dags/example_branch_python_dop_operator_3.py
[2024-11-07T00:58:47.146+0000] {processor.py:914} INFO - Processing file /home/airflow/.local/lib/python3.12/site-packages/airflow/example_dags/example_branch_python_dop_operator_3.py for tasks to queue
[2024-11-07T00:58:47.147+0000] {logging_mixin.py:190} INFO - [2024-11-07T00:58:47.147+0000] {dagbag.py:588} INFO - Filling up the DagBag from /home/airflow/.local/lib/python3.12/site-packages/airflow/example_dags/example_branch_python_dop_operator_3.py
[2024-11-07T00:58:47.155+0000] {processor.py:925} INFO - DAG(s) 'example_branch_dop_operator_v3' retrieved from /home/airflow/.local/lib/python3.12/site-packages/airflow/example_dags/example_branch_python_dop_operator_3.py
[2024-11-07T00:58:47.171+0000] {logging_mixin.py:190} INFO - [2024-11-07T00:58:47.171+0000] {dag.py:3239} INFO - Sync 1 DAGs
[2024-11-07T00:58:47.193+0000] {logging_mixin.py:190} INFO - [2024-11-07T00:58:47.193+0000] {dag.py:4180} INFO - Setting next_dagrun for example_branch_dop_operator_v3 to 2024-11-07 00:57:00+00:00, run_after=2024-11-07 00:58:00+00:00
[2024-11-07T00:58:47.208+0000] {processor.py:208} INFO - Processing /home/airflow/.local/lib/python3.12/site-packages/airflow/example_dags/example_branch_python_dop_operator_3.py took 0.068 seconds
[2024-11-07T00:59:17.772+0000] {processor.py:186} INFO - Started process (PID=1787) to work on /home/airflow/.local/lib/python3.12/site-packages/airflow/example_dags/example_branch_python_dop_operator_3.py
[2024-11-07T00:59:17.772+0000] {processor.py:914} INFO - Processing file /home/airflow/.local/lib/python3.12/site-packages/airflow/example_dags/example_branch_python_dop_operator_3.py for tasks to queue
[2024-11-07T00:59:17.774+0000] {logging_mixin.py:190} INFO - [2024-11-07T00:59:17.774+0000] {dagbag.py:588} INFO - Filling up the DagBag from /home/airflow/.local/lib/python3.12/site-packages/airflow/example_dags/example_branch_python_dop_operator_3.py
[2024-11-07T00:59:17.783+0000] {processor.py:925} INFO - DAG(s) 'example_branch_dop_operator_v3' retrieved from /home/airflow/.local/lib/python3.12/site-packages/airflow/example_dags/example_branch_python_dop_operator_3.py
[2024-11-07T00:59:17.801+0000] {logging_mixin.py:190} INFO - [2024-11-07T00:59:17.801+0000] {dag.py:3239} INFO - Sync 1 DAGs
[2024-11-07T00:59:17.824+0000] {logging_mixin.py:190} INFO - [2024-11-07T00:59:17.824+0000] {dag.py:4180} INFO - Setting next_dagrun for example_branch_dop_operator_v3 to 2024-11-07 00:58:00+00:00, run_after=2024-11-07 00:59:00+00:00
[2024-11-07T00:59:17.840+0000] {processor.py:208} INFO - Processing /home/airflow/.local/lib/python3.12/site-packages/airflow/example_dags/example_branch_python_dop_operator_3.py took 0.074 seconds
[2024-11-07T00:59:48.326+0000] {processor.py:186} INFO - Started process (PID=1850) to work on /home/airflow/.local/lib/python3.12/site-packages/airflow/example_dags/example_branch_python_dop_operator_3.py
[2024-11-07T00:59:48.327+0000] {processor.py:914} INFO - Processing file /home/airflow/.local/lib/python3.12/site-packages/airflow/example_dags/example_branch_python_dop_operator_3.py for tasks to queue
[2024-11-07T00:59:48.328+0000] {logging_mixin.py:190} INFO - [2024-11-07T00:59:48.328+0000] {dagbag.py:588} INFO - Filling up the DagBag from /home/airflow/.local/lib/python3.12/site-packages/airflow/example_dags/example_branch_python_dop_operator_3.py
[2024-11-07T00:59:48.337+0000] {processor.py:925} INFO - DAG(s) 'example_branch_dop_operator_v3' retrieved from /home/airflow/.local/lib/python3.12/site-packages/airflow/example_dags/example_branch_python_dop_operator_3.py
[2024-11-07T00:59:48.355+0000] {logging_mixin.py:190} INFO - [2024-11-07T00:59:48.354+0000] {dag.py:3239} INFO - Sync 1 DAGs
[2024-11-07T00:59:48.377+0000] {logging_mixin.py:190} INFO - [2024-11-07T00:59:48.377+0000] {dag.py:4180} INFO - Setting next_dagrun for example_branch_dop_operator_v3 to 2024-11-07 00:58:00+00:00, run_after=2024-11-07 00:59:00+00:00
[2024-11-07T00:59:48.392+0000] {processor.py:208} INFO - Processing /home/airflow/.local/lib/python3.12/site-packages/airflow/example_dags/example_branch_python_dop_operator_3.py took 0.070 seconds
[2024-11-07T01:00:19.061+0000] {processor.py:186} INFO - Started process (PID=1914) to work on /home/airflow/.local/lib/python3.12/site-packages/airflow/example_dags/example_branch_python_dop_operator_3.py
[2024-11-07T01:00:19.062+0000] {processor.py:914} INFO - Processing file /home/airflow/.local/lib/python3.12/site-packages/airflow/example_dags/example_branch_python_dop_operator_3.py for tasks to queue
[2024-11-07T01:00:19.064+0000] {logging_mixin.py:190} INFO - [2024-11-07T01:00:19.063+0000] {dagbag.py:588} INFO - Filling up the DagBag from /home/airflow/.local/lib/python3.12/site-packages/airflow/example_dags/example_branch_python_dop_operator_3.py
[2024-11-07T01:00:19.072+0000] {processor.py:925} INFO - DAG(s) 'example_branch_dop_operator_v3' retrieved from /home/airflow/.local/lib/python3.12/site-packages/airflow/example_dags/example_branch_python_dop_operator_3.py
[2024-11-07T01:00:19.089+0000] {logging_mixin.py:190} INFO - [2024-11-07T01:00:19.089+0000] {dag.py:3239} INFO - Sync 1 DAGs
[2024-11-07T01:00:19.112+0000] {logging_mixin.py:190} INFO - [2024-11-07T01:00:19.112+0000] {dag.py:4180} INFO - Setting next_dagrun for example_branch_dop_operator_v3 to 2024-11-07 00:59:00+00:00, run_after=2024-11-07 01:00:00+00:00
[2024-11-07T01:00:19.129+0000] {processor.py:208} INFO - Processing /home/airflow/.local/lib/python3.12/site-packages/airflow/example_dags/example_branch_python_dop_operator_3.py took 0.072 seconds
[2024-11-07T01:00:49.199+0000] {processor.py:186} INFO - Started process (PID=1977) to work on /home/airflow/.local/lib/python3.12/site-packages/airflow/example_dags/example_branch_python_dop_operator_3.py
[2024-11-07T01:00:49.200+0000] {processor.py:914} INFO - Processing file /home/airflow/.local/lib/python3.12/site-packages/airflow/example_dags/example_branch_python_dop_operator_3.py for tasks to queue
[2024-11-07T01:00:49.202+0000] {logging_mixin.py:190} INFO - [2024-11-07T01:00:49.202+0000] {dagbag.py:588} INFO - Filling up the DagBag from /home/airflow/.local/lib/python3.12/site-packages/airflow/example_dags/example_branch_python_dop_operator_3.py
[2024-11-07T01:00:49.210+0000] {processor.py:925} INFO - DAG(s) 'example_branch_dop_operator_v3' retrieved from /home/airflow/.local/lib/python3.12/site-packages/airflow/example_dags/example_branch_python_dop_operator_3.py
[2024-11-07T01:00:49.226+0000] {logging_mixin.py:190} INFO - [2024-11-07T01:00:49.226+0000] {dag.py:3239} INFO - Sync 1 DAGs
[2024-11-07T01:00:49.247+0000] {logging_mixin.py:190} INFO - [2024-11-07T01:00:49.247+0000] {dag.py:4180} INFO - Setting next_dagrun for example_branch_dop_operator_v3 to 2024-11-07 00:59:00+00:00, run_after=2024-11-07 01:00:00+00:00
[2024-11-07T01:00:49.262+0000] {processor.py:208} INFO - Processing /home/airflow/.local/lib/python3.12/site-packages/airflow/example_dags/example_branch_python_dop_operator_3.py took 0.067 seconds
[2024-11-07T01:01:19.294+0000] {processor.py:186} INFO - Started process (PID=2041) to work on /home/airflow/.local/lib/python3.12/site-packages/airflow/example_dags/example_branch_python_dop_operator_3.py
[2024-11-07T01:01:19.295+0000] {processor.py:914} INFO - Processing file /home/airflow/.local/lib/python3.12/site-packages/airflow/example_dags/example_branch_python_dop_operator_3.py for tasks to queue
[2024-11-07T01:01:19.297+0000] {logging_mixin.py:190} INFO - [2024-11-07T01:01:19.297+0000] {dagbag.py:588} INFO - Filling up the DagBag from /home/airflow/.local/lib/python3.12/site-packages/airflow/example_dags/example_branch_python_dop_operator_3.py
[2024-11-07T01:01:19.306+0000] {processor.py:925} INFO - DAG(s) 'example_branch_dop_operator_v3' retrieved from /home/airflow/.local/lib/python3.12/site-packages/airflow/example_dags/example_branch_python_dop_operator_3.py
[2024-11-07T01:01:19.324+0000] {logging_mixin.py:190} INFO - [2024-11-07T01:01:19.323+0000] {dag.py:3239} INFO - Sync 1 DAGs
[2024-11-07T01:01:19.345+0000] {logging_mixin.py:190} INFO - [2024-11-07T01:01:19.345+0000] {dag.py:4180} INFO - Setting next_dagrun for example_branch_dop_operator_v3 to 2024-11-07 01:00:00+00:00, run_after=2024-11-07 01:01:00+00:00
[2024-11-07T01:01:19.363+0000] {processor.py:208} INFO - Processing /home/airflow/.local/lib/python3.12/site-packages/airflow/example_dags/example_branch_python_dop_operator_3.py took 0.074 seconds
