[2024-11-07T00:29:15.749+0000] {processor.py:186} INFO - Started process (PID=44) to work on /home/airflow/.local/lib/python3.12/site-packages/airflow/example_dags/example_external_task_marker_dag.py
[2024-11-07T00:29:15.751+0000] {processor.py:914} INFO - Processing file /home/airflow/.local/lib/python3.12/site-packages/airflow/example_dags/example_external_task_marker_dag.py for tasks to queue
[2024-11-07T00:29:15.755+0000] {logging_mixin.py:190} INFO - [2024-11-07T00:29:15.755+0000] {dagbag.py:588} INFO - Filling up the DagBag from /home/airflow/.local/lib/python3.12/site-packages/airflow/example_dags/example_external_task_marker_dag.py
[2024-11-07T00:29:15.785+0000] {processor.py:925} INFO - DAG(s) 'example_external_task_marker_parent', 'example_external_task_marker_child' retrieved from /home/airflow/.local/lib/python3.12/site-packages/airflow/example_dags/example_external_task_marker_dag.py
[2024-11-07T00:29:16.033+0000] {logging_mixin.py:190} INFO - [2024-11-07T00:29:16.032+0000] {override.py:1911} INFO - Created Permission View: can delete on DAG:example_external_task_marker_parent
[2024-11-07T00:29:16.044+0000] {logging_mixin.py:190} INFO - [2024-11-07T00:29:16.043+0000] {override.py:1911} INFO - Created Permission View: can edit on DAG:example_external_task_marker_parent
[2024-11-07T00:29:16.053+0000] {logging_mixin.py:190} INFO - [2024-11-07T00:29:16.052+0000] {override.py:1911} INFO - Created Permission View: can read on DAG:example_external_task_marker_parent
[2024-11-07T00:29:16.061+0000] {logging_mixin.py:190} INFO - [2024-11-07T00:29:16.061+0000] {override.py:1911} INFO - Created Permission View: can create on DAG Run:example_external_task_marker_parent
[2024-11-07T00:29:16.067+0000] {logging_mixin.py:190} INFO - [2024-11-07T00:29:16.067+0000] {override.py:1911} INFO - Created Permission View: can delete on DAG Run:example_external_task_marker_parent
[2024-11-07T00:29:16.074+0000] {logging_mixin.py:190} INFO - [2024-11-07T00:29:16.074+0000] {override.py:1911} INFO - Created Permission View: menu access on DAG Run:example_external_task_marker_parent
[2024-11-07T00:29:16.084+0000] {logging_mixin.py:190} INFO - [2024-11-07T00:29:16.083+0000] {override.py:1911} INFO - Created Permission View: can read on DAG Run:example_external_task_marker_parent
[2024-11-07T00:29:16.103+0000] {logging_mixin.py:190} INFO - [2024-11-07T00:29:16.102+0000] {override.py:1911} INFO - Created Permission View: can delete on DAG:example_external_task_marker_child
[2024-11-07T00:29:16.112+0000] {logging_mixin.py:190} INFO - [2024-11-07T00:29:16.111+0000] {override.py:1911} INFO - Created Permission View: can edit on DAG:example_external_task_marker_child
[2024-11-07T00:29:16.120+0000] {logging_mixin.py:190} INFO - [2024-11-07T00:29:16.120+0000] {override.py:1911} INFO - Created Permission View: can read on DAG:example_external_task_marker_child
[2024-11-07T00:29:16.129+0000] {logging_mixin.py:190} INFO - [2024-11-07T00:29:16.129+0000] {override.py:1911} INFO - Created Permission View: can create on DAG Run:example_external_task_marker_child
[2024-11-07T00:29:16.140+0000] {logging_mixin.py:190} INFO - [2024-11-07T00:29:16.140+0000] {override.py:1911} INFO - Created Permission View: can delete on DAG Run:example_external_task_marker_child
[2024-11-07T00:29:16.150+0000] {logging_mixin.py:190} INFO - [2024-11-07T00:29:16.150+0000] {override.py:1911} INFO - Created Permission View: menu access on DAG Run:example_external_task_marker_child
[2024-11-07T00:29:16.162+0000] {logging_mixin.py:190} INFO - [2024-11-07T00:29:16.161+0000] {override.py:1911} INFO - Created Permission View: can read on DAG Run:example_external_task_marker_child
[2024-11-07T00:29:16.162+0000] {logging_mixin.py:190} INFO - [2024-11-07T00:29:16.162+0000] {dag.py:3239} INFO - Sync 2 DAGs
[2024-11-07T00:29:16.188+0000] {logging_mixin.py:190} INFO - [2024-11-07T00:29:16.188+0000] {dag.py:3262} INFO - Creating ORM DAG for example_external_task_marker_child
[2024-11-07T00:29:16.190+0000] {logging_mixin.py:190} INFO - [2024-11-07T00:29:16.189+0000] {dag.py:3262} INFO - Creating ORM DAG for example_external_task_marker_parent
[2024-11-07T00:29:16.190+0000] {logging_mixin.py:190} INFO - [2024-11-07T00:29:16.190+0000] {dag.py:4180} INFO - Setting next_dagrun for example_external_task_marker_child to None, run_after=None
[2024-11-07T00:29:16.191+0000] {logging_mixin.py:190} INFO - [2024-11-07T00:29:16.191+0000] {dag.py:4180} INFO - Setting next_dagrun for example_external_task_marker_parent to None, run_after=None
[2024-11-07T00:29:16.228+0000] {processor.py:208} INFO - Processing /home/airflow/.local/lib/python3.12/site-packages/airflow/example_dags/example_external_task_marker_dag.py took 0.491 seconds
[2024-11-07T00:29:46.466+0000] {processor.py:186} INFO - Started process (PID=107) to work on /home/airflow/.local/lib/python3.12/site-packages/airflow/example_dags/example_external_task_marker_dag.py
[2024-11-07T00:29:46.467+0000] {processor.py:914} INFO - Processing file /home/airflow/.local/lib/python3.12/site-packages/airflow/example_dags/example_external_task_marker_dag.py for tasks to queue
[2024-11-07T00:29:46.469+0000] {logging_mixin.py:190} INFO - [2024-11-07T00:29:46.468+0000] {dagbag.py:588} INFO - Filling up the DagBag from /home/airflow/.local/lib/python3.12/site-packages/airflow/example_dags/example_external_task_marker_dag.py
[2024-11-07T00:29:46.475+0000] {processor.py:925} INFO - DAG(s) 'example_external_task_marker_parent', 'example_external_task_marker_child' retrieved from /home/airflow/.local/lib/python3.12/site-packages/airflow/example_dags/example_external_task_marker_dag.py
[2024-11-07T00:29:46.496+0000] {logging_mixin.py:190} INFO - [2024-11-07T00:29:46.496+0000] {dag.py:3239} INFO - Sync 2 DAGs
[2024-11-07T00:29:46.508+0000] {logging_mixin.py:190} INFO - [2024-11-07T00:29:46.508+0000] {dag.py:4180} INFO - Setting next_dagrun for example_external_task_marker_child to None, run_after=None
[2024-11-07T00:29:46.512+0000] {logging_mixin.py:190} INFO - [2024-11-07T00:29:46.511+0000] {dag.py:4180} INFO - Setting next_dagrun for example_external_task_marker_parent to None, run_after=None
[2024-11-07T00:29:46.524+0000] {processor.py:208} INFO - Processing /home/airflow/.local/lib/python3.12/site-packages/airflow/example_dags/example_external_task_marker_dag.py took 0.064 seconds
[2024-11-07T00:30:16.640+0000] {processor.py:186} INFO - Started process (PID=170) to work on /home/airflow/.local/lib/python3.12/site-packages/airflow/example_dags/example_external_task_marker_dag.py
[2024-11-07T00:30:16.641+0000] {processor.py:914} INFO - Processing file /home/airflow/.local/lib/python3.12/site-packages/airflow/example_dags/example_external_task_marker_dag.py for tasks to queue
[2024-11-07T00:30:16.643+0000] {logging_mixin.py:190} INFO - [2024-11-07T00:30:16.642+0000] {dagbag.py:588} INFO - Filling up the DagBag from /home/airflow/.local/lib/python3.12/site-packages/airflow/example_dags/example_external_task_marker_dag.py
[2024-11-07T00:30:16.650+0000] {processor.py:925} INFO - DAG(s) 'example_external_task_marker_parent', 'example_external_task_marker_child' retrieved from /home/airflow/.local/lib/python3.12/site-packages/airflow/example_dags/example_external_task_marker_dag.py
[2024-11-07T00:30:16.670+0000] {logging_mixin.py:190} INFO - [2024-11-07T00:30:16.670+0000] {dag.py:3239} INFO - Sync 2 DAGs
[2024-11-07T00:30:16.682+0000] {logging_mixin.py:190} INFO - [2024-11-07T00:30:16.682+0000] {dag.py:4180} INFO - Setting next_dagrun for example_external_task_marker_child to None, run_after=None
[2024-11-07T00:30:16.685+0000] {logging_mixin.py:190} INFO - [2024-11-07T00:30:16.685+0000] {dag.py:4180} INFO - Setting next_dagrun for example_external_task_marker_parent to None, run_after=None
[2024-11-07T00:30:16.699+0000] {processor.py:208} INFO - Processing /home/airflow/.local/lib/python3.12/site-packages/airflow/example_dags/example_external_task_marker_dag.py took 0.064 seconds
[2024-11-07T00:30:46.995+0000] {processor.py:186} INFO - Started process (PID=233) to work on /home/airflow/.local/lib/python3.12/site-packages/airflow/example_dags/example_external_task_marker_dag.py
[2024-11-07T00:30:46.996+0000] {processor.py:914} INFO - Processing file /home/airflow/.local/lib/python3.12/site-packages/airflow/example_dags/example_external_task_marker_dag.py for tasks to queue
[2024-11-07T00:30:46.998+0000] {logging_mixin.py:190} INFO - [2024-11-07T00:30:46.998+0000] {dagbag.py:588} INFO - Filling up the DagBag from /home/airflow/.local/lib/python3.12/site-packages/airflow/example_dags/example_external_task_marker_dag.py
[2024-11-07T00:30:47.009+0000] {processor.py:925} INFO - DAG(s) 'example_external_task_marker_parent', 'example_external_task_marker_child' retrieved from /home/airflow/.local/lib/python3.12/site-packages/airflow/example_dags/example_external_task_marker_dag.py
[2024-11-07T00:30:47.305+0000] {logging_mixin.py:190} INFO - [2024-11-07T00:30:47.304+0000] {dag.py:3239} INFO - Sync 2 DAGs
[2024-11-07T00:30:47.319+0000] {logging_mixin.py:190} INFO - [2024-11-07T00:30:47.318+0000] {dag.py:4180} INFO - Setting next_dagrun for example_external_task_marker_child to None, run_after=None
[2024-11-07T00:30:47.322+0000] {logging_mixin.py:190} INFO - [2024-11-07T00:30:47.322+0000] {dag.py:4180} INFO - Setting next_dagrun for example_external_task_marker_parent to None, run_after=None
[2024-11-07T00:30:47.339+0000] {processor.py:208} INFO - Processing /home/airflow/.local/lib/python3.12/site-packages/airflow/example_dags/example_external_task_marker_dag.py took 0.349 seconds
[2024-11-07T00:31:59.665+0000] {processor.py:186} INFO - Started process (PID=296) to work on /home/airflow/.local/lib/python3.12/site-packages/airflow/example_dags/example_external_task_marker_dag.py
[2024-11-07T00:31:59.666+0000] {processor.py:914} INFO - Processing file /home/airflow/.local/lib/python3.12/site-packages/airflow/example_dags/example_external_task_marker_dag.py for tasks to queue
[2024-11-07T00:31:59.668+0000] {logging_mixin.py:190} INFO - [2024-11-07T00:31:59.668+0000] {dagbag.py:588} INFO - Filling up the DagBag from /home/airflow/.local/lib/python3.12/site-packages/airflow/example_dags/example_external_task_marker_dag.py
[2024-11-07T00:31:59.676+0000] {processor.py:925} INFO - DAG(s) 'example_external_task_marker_parent', 'example_external_task_marker_child' retrieved from /home/airflow/.local/lib/python3.12/site-packages/airflow/example_dags/example_external_task_marker_dag.py
[2024-11-07T00:31:59.696+0000] {logging_mixin.py:190} INFO - [2024-11-07T00:31:59.696+0000] {dag.py:3239} INFO - Sync 2 DAGs
[2024-11-07T00:31:59.711+0000] {logging_mixin.py:190} INFO - [2024-11-07T00:31:59.710+0000] {dag.py:4180} INFO - Setting next_dagrun for example_external_task_marker_child to None, run_after=None
[2024-11-07T00:31:59.714+0000] {logging_mixin.py:190} INFO - [2024-11-07T00:31:59.714+0000] {dag.py:4180} INFO - Setting next_dagrun for example_external_task_marker_parent to None, run_after=None
[2024-11-07T00:31:59.735+0000] {processor.py:208} INFO - Processing /home/airflow/.local/lib/python3.12/site-packages/airflow/example_dags/example_external_task_marker_dag.py took 0.075 seconds
[2024-11-07T00:32:29.812+0000] {processor.py:186} INFO - Started process (PID=358) to work on /home/airflow/.local/lib/python3.12/site-packages/airflow/example_dags/example_external_task_marker_dag.py
[2024-11-07T00:32:29.813+0000] {processor.py:914} INFO - Processing file /home/airflow/.local/lib/python3.12/site-packages/airflow/example_dags/example_external_task_marker_dag.py for tasks to queue
[2024-11-07T00:32:29.815+0000] {logging_mixin.py:190} INFO - [2024-11-07T00:32:29.815+0000] {dagbag.py:588} INFO - Filling up the DagBag from /home/airflow/.local/lib/python3.12/site-packages/airflow/example_dags/example_external_task_marker_dag.py
[2024-11-07T00:32:29.823+0000] {processor.py:925} INFO - DAG(s) 'example_external_task_marker_parent', 'example_external_task_marker_child' retrieved from /home/airflow/.local/lib/python3.12/site-packages/airflow/example_dags/example_external_task_marker_dag.py
[2024-11-07T00:32:29.846+0000] {logging_mixin.py:190} INFO - [2024-11-07T00:32:29.846+0000] {dag.py:3239} INFO - Sync 2 DAGs
[2024-11-07T00:32:29.859+0000] {logging_mixin.py:190} INFO - [2024-11-07T00:32:29.858+0000] {dag.py:4180} INFO - Setting next_dagrun for example_external_task_marker_child to None, run_after=None
[2024-11-07T00:32:29.862+0000] {logging_mixin.py:190} INFO - [2024-11-07T00:32:29.862+0000] {dag.py:4180} INFO - Setting next_dagrun for example_external_task_marker_parent to None, run_after=None
[2024-11-07T00:32:29.877+0000] {processor.py:208} INFO - Processing /home/airflow/.local/lib/python3.12/site-packages/airflow/example_dags/example_external_task_marker_dag.py took 0.072 seconds
[2024-11-07T00:33:00.490+0000] {processor.py:186} INFO - Started process (PID=419) to work on /home/airflow/.local/lib/python3.12/site-packages/airflow/example_dags/example_external_task_marker_dag.py
[2024-11-07T00:33:00.491+0000] {processor.py:914} INFO - Processing file /home/airflow/.local/lib/python3.12/site-packages/airflow/example_dags/example_external_task_marker_dag.py for tasks to queue
[2024-11-07T00:33:00.493+0000] {logging_mixin.py:190} INFO - [2024-11-07T00:33:00.492+0000] {dagbag.py:588} INFO - Filling up the DagBag from /home/airflow/.local/lib/python3.12/site-packages/airflow/example_dags/example_external_task_marker_dag.py
[2024-11-07T00:33:00.500+0000] {processor.py:925} INFO - DAG(s) 'example_external_task_marker_parent', 'example_external_task_marker_child' retrieved from /home/airflow/.local/lib/python3.12/site-packages/airflow/example_dags/example_external_task_marker_dag.py
[2024-11-07T00:33:00.521+0000] {logging_mixin.py:190} INFO - [2024-11-07T00:33:00.521+0000] {dag.py:3239} INFO - Sync 2 DAGs
[2024-11-07T00:33:00.534+0000] {logging_mixin.py:190} INFO - [2024-11-07T00:33:00.534+0000] {dag.py:4180} INFO - Setting next_dagrun for example_external_task_marker_child to None, run_after=None
[2024-11-07T00:33:00.538+0000] {logging_mixin.py:190} INFO - [2024-11-07T00:33:00.538+0000] {dag.py:4180} INFO - Setting next_dagrun for example_external_task_marker_parent to None, run_after=None
[2024-11-07T00:33:00.553+0000] {processor.py:208} INFO - Processing /home/airflow/.local/lib/python3.12/site-packages/airflow/example_dags/example_external_task_marker_dag.py took 0.068 seconds
[2024-11-07T00:33:31.346+0000] {processor.py:186} INFO - Started process (PID=482) to work on /home/airflow/.local/lib/python3.12/site-packages/airflow/example_dags/example_external_task_marker_dag.py
[2024-11-07T00:33:31.347+0000] {processor.py:914} INFO - Processing file /home/airflow/.local/lib/python3.12/site-packages/airflow/example_dags/example_external_task_marker_dag.py for tasks to queue
[2024-11-07T00:33:31.349+0000] {logging_mixin.py:190} INFO - [2024-11-07T00:33:31.349+0000] {dagbag.py:588} INFO - Filling up the DagBag from /home/airflow/.local/lib/python3.12/site-packages/airflow/example_dags/example_external_task_marker_dag.py
[2024-11-07T00:33:31.357+0000] {processor.py:925} INFO - DAG(s) 'example_external_task_marker_parent', 'example_external_task_marker_child' retrieved from /home/airflow/.local/lib/python3.12/site-packages/airflow/example_dags/example_external_task_marker_dag.py
[2024-11-07T00:33:31.377+0000] {logging_mixin.py:190} INFO - [2024-11-07T00:33:31.377+0000] {dag.py:3239} INFO - Sync 2 DAGs
[2024-11-07T00:33:31.390+0000] {logging_mixin.py:190} INFO - [2024-11-07T00:33:31.390+0000] {dag.py:4180} INFO - Setting next_dagrun for example_external_task_marker_child to None, run_after=None
[2024-11-07T00:33:31.394+0000] {logging_mixin.py:190} INFO - [2024-11-07T00:33:31.393+0000] {dag.py:4180} INFO - Setting next_dagrun for example_external_task_marker_parent to None, run_after=None
[2024-11-07T00:33:31.407+0000] {processor.py:208} INFO - Processing /home/airflow/.local/lib/python3.12/site-packages/airflow/example_dags/example_external_task_marker_dag.py took 0.066 seconds
[2024-11-07T00:34:01.512+0000] {processor.py:186} INFO - Started process (PID=538) to work on /home/airflow/.local/lib/python3.12/site-packages/airflow/example_dags/example_external_task_marker_dag.py
[2024-11-07T00:34:01.513+0000] {processor.py:914} INFO - Processing file /home/airflow/.local/lib/python3.12/site-packages/airflow/example_dags/example_external_task_marker_dag.py for tasks to queue
[2024-11-07T00:34:01.515+0000] {logging_mixin.py:190} INFO - [2024-11-07T00:34:01.515+0000] {dagbag.py:588} INFO - Filling up the DagBag from /home/airflow/.local/lib/python3.12/site-packages/airflow/example_dags/example_external_task_marker_dag.py
[2024-11-07T00:34:01.522+0000] {processor.py:925} INFO - DAG(s) 'example_external_task_marker_parent', 'example_external_task_marker_child' retrieved from /home/airflow/.local/lib/python3.12/site-packages/airflow/example_dags/example_external_task_marker_dag.py
[2024-11-07T00:34:01.542+0000] {logging_mixin.py:190} INFO - [2024-11-07T00:34:01.542+0000] {dag.py:3239} INFO - Sync 2 DAGs
[2024-11-07T00:34:01.554+0000] {logging_mixin.py:190} INFO - [2024-11-07T00:34:01.553+0000] {dag.py:4180} INFO - Setting next_dagrun for example_external_task_marker_child to None, run_after=None
[2024-11-07T00:34:01.557+0000] {logging_mixin.py:190} INFO - [2024-11-07T00:34:01.557+0000] {dag.py:4180} INFO - Setting next_dagrun for example_external_task_marker_parent to None, run_after=None
[2024-11-07T00:34:01.570+0000] {processor.py:208} INFO - Processing /home/airflow/.local/lib/python3.12/site-packages/airflow/example_dags/example_external_task_marker_dag.py took 0.063 seconds
[2024-11-07T00:34:31.709+0000] {processor.py:186} INFO - Started process (PID=601) to work on /home/airflow/.local/lib/python3.12/site-packages/airflow/example_dags/example_external_task_marker_dag.py
[2024-11-07T00:34:31.710+0000] {processor.py:914} INFO - Processing file /home/airflow/.local/lib/python3.12/site-packages/airflow/example_dags/example_external_task_marker_dag.py for tasks to queue
[2024-11-07T00:34:31.712+0000] {logging_mixin.py:190} INFO - [2024-11-07T00:34:31.711+0000] {dagbag.py:588} INFO - Filling up the DagBag from /home/airflow/.local/lib/python3.12/site-packages/airflow/example_dags/example_external_task_marker_dag.py
[2024-11-07T00:34:31.718+0000] {processor.py:925} INFO - DAG(s) 'example_external_task_marker_parent', 'example_external_task_marker_child' retrieved from /home/airflow/.local/lib/python3.12/site-packages/airflow/example_dags/example_external_task_marker_dag.py
[2024-11-07T00:34:31.738+0000] {logging_mixin.py:190} INFO - [2024-11-07T00:34:31.737+0000] {dag.py:3239} INFO - Sync 2 DAGs
[2024-11-07T00:34:31.751+0000] {logging_mixin.py:190} INFO - [2024-11-07T00:34:31.751+0000] {dag.py:4180} INFO - Setting next_dagrun for example_external_task_marker_child to None, run_after=None
[2024-11-07T00:34:31.754+0000] {logging_mixin.py:190} INFO - [2024-11-07T00:34:31.754+0000] {dag.py:4180} INFO - Setting next_dagrun for example_external_task_marker_parent to None, run_after=None
[2024-11-07T00:34:31.767+0000] {processor.py:208} INFO - Processing /home/airflow/.local/lib/python3.12/site-packages/airflow/example_dags/example_external_task_marker_dag.py took 0.063 seconds
[2024-11-07T00:35:02.243+0000] {processor.py:186} INFO - Started process (PID=655) to work on /home/airflow/.local/lib/python3.12/site-packages/airflow/example_dags/example_external_task_marker_dag.py
[2024-11-07T00:35:02.244+0000] {processor.py:914} INFO - Processing file /home/airflow/.local/lib/python3.12/site-packages/airflow/example_dags/example_external_task_marker_dag.py for tasks to queue
[2024-11-07T00:35:02.246+0000] {logging_mixin.py:190} INFO - [2024-11-07T00:35:02.246+0000] {dagbag.py:588} INFO - Filling up the DagBag from /home/airflow/.local/lib/python3.12/site-packages/airflow/example_dags/example_external_task_marker_dag.py
[2024-11-07T00:35:02.254+0000] {processor.py:925} INFO - DAG(s) 'example_external_task_marker_parent', 'example_external_task_marker_child' retrieved from /home/airflow/.local/lib/python3.12/site-packages/airflow/example_dags/example_external_task_marker_dag.py
[2024-11-07T00:35:02.274+0000] {logging_mixin.py:190} INFO - [2024-11-07T00:35:02.274+0000] {dag.py:3239} INFO - Sync 2 DAGs
[2024-11-07T00:35:02.288+0000] {logging_mixin.py:190} INFO - [2024-11-07T00:35:02.288+0000] {dag.py:4180} INFO - Setting next_dagrun for example_external_task_marker_child to None, run_after=None
[2024-11-07T00:35:02.291+0000] {logging_mixin.py:190} INFO - [2024-11-07T00:35:02.291+0000] {dag.py:4180} INFO - Setting next_dagrun for example_external_task_marker_parent to None, run_after=None
[2024-11-07T00:35:02.306+0000] {processor.py:208} INFO - Processing /home/airflow/.local/lib/python3.12/site-packages/airflow/example_dags/example_external_task_marker_dag.py took 0.069 seconds
[2024-11-07T00:35:32.471+0000] {processor.py:186} INFO - Started process (PID=718) to work on /home/airflow/.local/lib/python3.12/site-packages/airflow/example_dags/example_external_task_marker_dag.py
[2024-11-07T00:35:32.472+0000] {processor.py:914} INFO - Processing file /home/airflow/.local/lib/python3.12/site-packages/airflow/example_dags/example_external_task_marker_dag.py for tasks to queue
[2024-11-07T00:35:32.473+0000] {logging_mixin.py:190} INFO - [2024-11-07T00:35:32.473+0000] {dagbag.py:588} INFO - Filling up the DagBag from /home/airflow/.local/lib/python3.12/site-packages/airflow/example_dags/example_external_task_marker_dag.py
[2024-11-07T00:35:32.480+0000] {processor.py:925} INFO - DAG(s) 'example_external_task_marker_parent', 'example_external_task_marker_child' retrieved from /home/airflow/.local/lib/python3.12/site-packages/airflow/example_dags/example_external_task_marker_dag.py
[2024-11-07T00:35:32.500+0000] {logging_mixin.py:190} INFO - [2024-11-07T00:35:32.499+0000] {dag.py:3239} INFO - Sync 2 DAGs
[2024-11-07T00:35:32.513+0000] {logging_mixin.py:190} INFO - [2024-11-07T00:35:32.512+0000] {dag.py:4180} INFO - Setting next_dagrun for example_external_task_marker_child to None, run_after=None
[2024-11-07T00:35:32.516+0000] {logging_mixin.py:190} INFO - [2024-11-07T00:35:32.516+0000] {dag.py:4180} INFO - Setting next_dagrun for example_external_task_marker_parent to None, run_after=None
[2024-11-07T00:35:32.529+0000] {processor.py:208} INFO - Processing /home/airflow/.local/lib/python3.12/site-packages/airflow/example_dags/example_external_task_marker_dag.py took 0.064 seconds
[2024-11-07T00:36:02.933+0000] {processor.py:186} INFO - Started process (PID=775) to work on /home/airflow/.local/lib/python3.12/site-packages/airflow/example_dags/example_external_task_marker_dag.py
[2024-11-07T00:36:02.934+0000] {processor.py:914} INFO - Processing file /home/airflow/.local/lib/python3.12/site-packages/airflow/example_dags/example_external_task_marker_dag.py for tasks to queue
[2024-11-07T00:36:02.936+0000] {logging_mixin.py:190} INFO - [2024-11-07T00:36:02.935+0000] {dagbag.py:588} INFO - Filling up the DagBag from /home/airflow/.local/lib/python3.12/site-packages/airflow/example_dags/example_external_task_marker_dag.py
[2024-11-07T00:36:02.943+0000] {processor.py:925} INFO - DAG(s) 'example_external_task_marker_child', 'example_external_task_marker_parent' retrieved from /home/airflow/.local/lib/python3.12/site-packages/airflow/example_dags/example_external_task_marker_dag.py
[2024-11-07T00:36:02.962+0000] {logging_mixin.py:190} INFO - [2024-11-07T00:36:02.961+0000] {dag.py:3239} INFO - Sync 2 DAGs
[2024-11-07T00:36:02.974+0000] {logging_mixin.py:190} INFO - [2024-11-07T00:36:02.974+0000] {dag.py:4180} INFO - Setting next_dagrun for example_external_task_marker_child to None, run_after=None
[2024-11-07T00:36:02.977+0000] {logging_mixin.py:190} INFO - [2024-11-07T00:36:02.977+0000] {dag.py:4180} INFO - Setting next_dagrun for example_external_task_marker_parent to None, run_after=None
[2024-11-07T00:36:02.990+0000] {processor.py:208} INFO - Processing /home/airflow/.local/lib/python3.12/site-packages/airflow/example_dags/example_external_task_marker_dag.py took 0.062 seconds
[2024-11-07T00:38:37.004+0000] {processor.py:186} INFO - Started process (PID=44) to work on /home/airflow/.local/lib/python3.12/site-packages/airflow/example_dags/example_external_task_marker_dag.py
[2024-11-07T00:38:37.005+0000] {processor.py:914} INFO - Processing file /home/airflow/.local/lib/python3.12/site-packages/airflow/example_dags/example_external_task_marker_dag.py for tasks to queue
[2024-11-07T00:38:37.007+0000] {logging_mixin.py:190} INFO - [2024-11-07T00:38:37.007+0000] {dagbag.py:588} INFO - Filling up the DagBag from /home/airflow/.local/lib/python3.12/site-packages/airflow/example_dags/example_external_task_marker_dag.py
[2024-11-07T00:38:37.016+0000] {processor.py:925} INFO - DAG(s) 'example_external_task_marker_parent', 'example_external_task_marker_child' retrieved from /home/airflow/.local/lib/python3.12/site-packages/airflow/example_dags/example_external_task_marker_dag.py
[2024-11-07T00:38:37.038+0000] {logging_mixin.py:190} INFO - [2024-11-07T00:38:37.038+0000] {dag.py:3239} INFO - Sync 2 DAGs
[2024-11-07T00:38:37.055+0000] {logging_mixin.py:190} INFO - [2024-11-07T00:38:37.055+0000] {dag.py:4180} INFO - Setting next_dagrun for example_external_task_marker_child to None, run_after=None
[2024-11-07T00:38:37.059+0000] {logging_mixin.py:190} INFO - [2024-11-07T00:38:37.059+0000] {dag.py:4180} INFO - Setting next_dagrun for example_external_task_marker_parent to None, run_after=None
[2024-11-07T00:38:37.076+0000] {processor.py:208} INFO - Processing /home/airflow/.local/lib/python3.12/site-packages/airflow/example_dags/example_external_task_marker_dag.py took 0.078 seconds
[2024-11-07T00:39:07.248+0000] {processor.py:186} INFO - Started process (PID=107) to work on /home/airflow/.local/lib/python3.12/site-packages/airflow/example_dags/example_external_task_marker_dag.py
[2024-11-07T00:39:07.248+0000] {processor.py:914} INFO - Processing file /home/airflow/.local/lib/python3.12/site-packages/airflow/example_dags/example_external_task_marker_dag.py for tasks to queue
[2024-11-07T00:39:07.250+0000] {logging_mixin.py:190} INFO - [2024-11-07T00:39:07.250+0000] {dagbag.py:588} INFO - Filling up the DagBag from /home/airflow/.local/lib/python3.12/site-packages/airflow/example_dags/example_external_task_marker_dag.py
[2024-11-07T00:39:07.257+0000] {processor.py:925} INFO - DAG(s) 'example_external_task_marker_parent', 'example_external_task_marker_child' retrieved from /home/airflow/.local/lib/python3.12/site-packages/airflow/example_dags/example_external_task_marker_dag.py
[2024-11-07T00:39:07.278+0000] {logging_mixin.py:190} INFO - [2024-11-07T00:39:07.278+0000] {dag.py:3239} INFO - Sync 2 DAGs
[2024-11-07T00:39:07.291+0000] {logging_mixin.py:190} INFO - [2024-11-07T00:39:07.290+0000] {dag.py:4180} INFO - Setting next_dagrun for example_external_task_marker_child to None, run_after=None
[2024-11-07T00:39:07.294+0000] {logging_mixin.py:190} INFO - [2024-11-07T00:39:07.294+0000] {dag.py:4180} INFO - Setting next_dagrun for example_external_task_marker_parent to None, run_after=None
[2024-11-07T00:39:07.309+0000] {processor.py:208} INFO - Processing /home/airflow/.local/lib/python3.12/site-packages/airflow/example_dags/example_external_task_marker_dag.py took 0.066 seconds
[2024-11-07T00:39:37.473+0000] {processor.py:186} INFO - Started process (PID=170) to work on /home/airflow/.local/lib/python3.12/site-packages/airflow/example_dags/example_external_task_marker_dag.py
[2024-11-07T00:39:37.476+0000] {processor.py:914} INFO - Processing file /home/airflow/.local/lib/python3.12/site-packages/airflow/example_dags/example_external_task_marker_dag.py for tasks to queue
[2024-11-07T00:39:37.479+0000] {logging_mixin.py:190} INFO - [2024-11-07T00:39:37.478+0000] {dagbag.py:588} INFO - Filling up the DagBag from /home/airflow/.local/lib/python3.12/site-packages/airflow/example_dags/example_external_task_marker_dag.py
[2024-11-07T00:39:37.485+0000] {processor.py:925} INFO - DAG(s) 'example_external_task_marker_child', 'example_external_task_marker_parent' retrieved from /home/airflow/.local/lib/python3.12/site-packages/airflow/example_dags/example_external_task_marker_dag.py
[2024-11-07T00:39:37.504+0000] {logging_mixin.py:190} INFO - [2024-11-07T00:39:37.504+0000] {dag.py:3239} INFO - Sync 2 DAGs
[2024-11-07T00:39:37.516+0000] {logging_mixin.py:190} INFO - [2024-11-07T00:39:37.516+0000] {dag.py:4180} INFO - Setting next_dagrun for example_external_task_marker_child to None, run_after=None
[2024-11-07T00:39:37.519+0000] {logging_mixin.py:190} INFO - [2024-11-07T00:39:37.519+0000] {dag.py:4180} INFO - Setting next_dagrun for example_external_task_marker_parent to None, run_after=None
[2024-11-07T00:39:37.532+0000] {processor.py:208} INFO - Processing /home/airflow/.local/lib/python3.12/site-packages/airflow/example_dags/example_external_task_marker_dag.py took 0.063 seconds
[2024-11-07T00:40:08.245+0000] {processor.py:186} INFO - Started process (PID=233) to work on /home/airflow/.local/lib/python3.12/site-packages/airflow/example_dags/example_external_task_marker_dag.py
[2024-11-07T00:40:08.247+0000] {processor.py:914} INFO - Processing file /home/airflow/.local/lib/python3.12/site-packages/airflow/example_dags/example_external_task_marker_dag.py for tasks to queue
[2024-11-07T00:40:08.249+0000] {logging_mixin.py:190} INFO - [2024-11-07T00:40:08.249+0000] {dagbag.py:588} INFO - Filling up the DagBag from /home/airflow/.local/lib/python3.12/site-packages/airflow/example_dags/example_external_task_marker_dag.py
[2024-11-07T00:40:08.256+0000] {processor.py:925} INFO - DAG(s) 'example_external_task_marker_parent', 'example_external_task_marker_child' retrieved from /home/airflow/.local/lib/python3.12/site-packages/airflow/example_dags/example_external_task_marker_dag.py
[2024-11-07T00:40:08.276+0000] {logging_mixin.py:190} INFO - [2024-11-07T00:40:08.276+0000] {dag.py:3239} INFO - Sync 2 DAGs
[2024-11-07T00:40:08.290+0000] {logging_mixin.py:190} INFO - [2024-11-07T00:40:08.289+0000] {dag.py:4180} INFO - Setting next_dagrun for example_external_task_marker_child to None, run_after=None
[2024-11-07T00:40:08.293+0000] {logging_mixin.py:190} INFO - [2024-11-07T00:40:08.293+0000] {dag.py:4180} INFO - Setting next_dagrun for example_external_task_marker_parent to None, run_after=None
[2024-11-07T00:40:08.306+0000] {processor.py:208} INFO - Processing /home/airflow/.local/lib/python3.12/site-packages/airflow/example_dags/example_external_task_marker_dag.py took 0.066 seconds
[2024-11-07T00:40:38.973+0000] {processor.py:186} INFO - Started process (PID=296) to work on /home/airflow/.local/lib/python3.12/site-packages/airflow/example_dags/example_external_task_marker_dag.py
[2024-11-07T00:40:38.975+0000] {processor.py:914} INFO - Processing file /home/airflow/.local/lib/python3.12/site-packages/airflow/example_dags/example_external_task_marker_dag.py for tasks to queue
[2024-11-07T00:40:38.977+0000] {logging_mixin.py:190} INFO - [2024-11-07T00:40:38.977+0000] {dagbag.py:588} INFO - Filling up the DagBag from /home/airflow/.local/lib/python3.12/site-packages/airflow/example_dags/example_external_task_marker_dag.py
[2024-11-07T00:40:38.984+0000] {processor.py:925} INFO - DAG(s) 'example_external_task_marker_parent', 'example_external_task_marker_child' retrieved from /home/airflow/.local/lib/python3.12/site-packages/airflow/example_dags/example_external_task_marker_dag.py
[2024-11-07T00:40:39.003+0000] {logging_mixin.py:190} INFO - [2024-11-07T00:40:39.003+0000] {dag.py:3239} INFO - Sync 2 DAGs
[2024-11-07T00:40:39.014+0000] {logging_mixin.py:190} INFO - [2024-11-07T00:40:39.014+0000] {dag.py:4180} INFO - Setting next_dagrun for example_external_task_marker_child to None, run_after=None
[2024-11-07T00:40:39.017+0000] {logging_mixin.py:190} INFO - [2024-11-07T00:40:39.017+0000] {dag.py:4180} INFO - Setting next_dagrun for example_external_task_marker_parent to None, run_after=None
[2024-11-07T00:40:39.029+0000] {processor.py:208} INFO - Processing /home/airflow/.local/lib/python3.12/site-packages/airflow/example_dags/example_external_task_marker_dag.py took 0.061 seconds
[2024-11-07T00:41:09.451+0000] {processor.py:186} INFO - Started process (PID=359) to work on /home/airflow/.local/lib/python3.12/site-packages/airflow/example_dags/example_external_task_marker_dag.py
[2024-11-07T00:41:09.452+0000] {processor.py:914} INFO - Processing file /home/airflow/.local/lib/python3.12/site-packages/airflow/example_dags/example_external_task_marker_dag.py for tasks to queue
[2024-11-07T00:41:09.454+0000] {logging_mixin.py:190} INFO - [2024-11-07T00:41:09.453+0000] {dagbag.py:588} INFO - Filling up the DagBag from /home/airflow/.local/lib/python3.12/site-packages/airflow/example_dags/example_external_task_marker_dag.py
[2024-11-07T00:41:09.461+0000] {processor.py:925} INFO - DAG(s) 'example_external_task_marker_parent', 'example_external_task_marker_child' retrieved from /home/airflow/.local/lib/python3.12/site-packages/airflow/example_dags/example_external_task_marker_dag.py
[2024-11-07T00:41:09.480+0000] {logging_mixin.py:190} INFO - [2024-11-07T00:41:09.480+0000] {dag.py:3239} INFO - Sync 2 DAGs
[2024-11-07T00:41:09.491+0000] {logging_mixin.py:190} INFO - [2024-11-07T00:41:09.491+0000] {dag.py:4180} INFO - Setting next_dagrun for example_external_task_marker_child to None, run_after=None
[2024-11-07T00:41:09.494+0000] {logging_mixin.py:190} INFO - [2024-11-07T00:41:09.494+0000] {dag.py:4180} INFO - Setting next_dagrun for example_external_task_marker_parent to None, run_after=None
[2024-11-07T00:41:09.507+0000] {processor.py:208} INFO - Processing /home/airflow/.local/lib/python3.12/site-packages/airflow/example_dags/example_external_task_marker_dag.py took 0.060 seconds
[2024-11-07T00:41:39.598+0000] {processor.py:186} INFO - Started process (PID=422) to work on /home/airflow/.local/lib/python3.12/site-packages/airflow/example_dags/example_external_task_marker_dag.py
[2024-11-07T00:41:39.601+0000] {processor.py:914} INFO - Processing file /home/airflow/.local/lib/python3.12/site-packages/airflow/example_dags/example_external_task_marker_dag.py for tasks to queue
[2024-11-07T00:41:39.603+0000] {logging_mixin.py:190} INFO - [2024-11-07T00:41:39.603+0000] {dagbag.py:588} INFO - Filling up the DagBag from /home/airflow/.local/lib/python3.12/site-packages/airflow/example_dags/example_external_task_marker_dag.py
[2024-11-07T00:41:39.610+0000] {processor.py:925} INFO - DAG(s) 'example_external_task_marker_child', 'example_external_task_marker_parent' retrieved from /home/airflow/.local/lib/python3.12/site-packages/airflow/example_dags/example_external_task_marker_dag.py
[2024-11-07T00:41:39.629+0000] {logging_mixin.py:190} INFO - [2024-11-07T00:41:39.629+0000] {dag.py:3239} INFO - Sync 2 DAGs
[2024-11-07T00:41:39.641+0000] {logging_mixin.py:190} INFO - [2024-11-07T00:41:39.641+0000] {dag.py:4180} INFO - Setting next_dagrun for example_external_task_marker_child to None, run_after=None
[2024-11-07T00:41:39.644+0000] {logging_mixin.py:190} INFO - [2024-11-07T00:41:39.644+0000] {dag.py:4180} INFO - Setting next_dagrun for example_external_task_marker_parent to None, run_after=None
[2024-11-07T00:41:39.657+0000] {processor.py:208} INFO - Processing /home/airflow/.local/lib/python3.12/site-packages/airflow/example_dags/example_external_task_marker_dag.py took 0.064 seconds
[2024-11-07T00:42:09.822+0000] {processor.py:186} INFO - Started process (PID=485) to work on /home/airflow/.local/lib/python3.12/site-packages/airflow/example_dags/example_external_task_marker_dag.py
[2024-11-07T00:42:09.824+0000] {processor.py:914} INFO - Processing file /home/airflow/.local/lib/python3.12/site-packages/airflow/example_dags/example_external_task_marker_dag.py for tasks to queue
[2024-11-07T00:42:09.826+0000] {logging_mixin.py:190} INFO - [2024-11-07T00:42:09.826+0000] {dagbag.py:588} INFO - Filling up the DagBag from /home/airflow/.local/lib/python3.12/site-packages/airflow/example_dags/example_external_task_marker_dag.py
[2024-11-07T00:42:09.834+0000] {processor.py:925} INFO - DAG(s) 'example_external_task_marker_child', 'example_external_task_marker_parent' retrieved from /home/airflow/.local/lib/python3.12/site-packages/airflow/example_dags/example_external_task_marker_dag.py
[2024-11-07T00:42:09.855+0000] {logging_mixin.py:190} INFO - [2024-11-07T00:42:09.855+0000] {dag.py:3239} INFO - Sync 2 DAGs
[2024-11-07T00:42:09.869+0000] {logging_mixin.py:190} INFO - [2024-11-07T00:42:09.869+0000] {dag.py:4180} INFO - Setting next_dagrun for example_external_task_marker_child to None, run_after=None
[2024-11-07T00:42:09.873+0000] {logging_mixin.py:190} INFO - [2024-11-07T00:42:09.873+0000] {dag.py:4180} INFO - Setting next_dagrun for example_external_task_marker_parent to None, run_after=None
[2024-11-07T00:42:09.888+0000] {processor.py:208} INFO - Processing /home/airflow/.local/lib/python3.12/site-packages/airflow/example_dags/example_external_task_marker_dag.py took 0.072 seconds
[2024-11-07T00:42:39.946+0000] {processor.py:186} INFO - Started process (PID=548) to work on /home/airflow/.local/lib/python3.12/site-packages/airflow/example_dags/example_external_task_marker_dag.py
[2024-11-07T00:42:39.949+0000] {processor.py:914} INFO - Processing file /home/airflow/.local/lib/python3.12/site-packages/airflow/example_dags/example_external_task_marker_dag.py for tasks to queue
[2024-11-07T00:42:39.951+0000] {logging_mixin.py:190} INFO - [2024-11-07T00:42:39.951+0000] {dagbag.py:588} INFO - Filling up the DagBag from /home/airflow/.local/lib/python3.12/site-packages/airflow/example_dags/example_external_task_marker_dag.py
[2024-11-07T00:42:39.957+0000] {processor.py:925} INFO - DAG(s) 'example_external_task_marker_child', 'example_external_task_marker_parent' retrieved from /home/airflow/.local/lib/python3.12/site-packages/airflow/example_dags/example_external_task_marker_dag.py
[2024-11-07T00:42:39.976+0000] {logging_mixin.py:190} INFO - [2024-11-07T00:42:39.976+0000] {dag.py:3239} INFO - Sync 2 DAGs
[2024-11-07T00:42:39.989+0000] {logging_mixin.py:190} INFO - [2024-11-07T00:42:39.988+0000] {dag.py:4180} INFO - Setting next_dagrun for example_external_task_marker_child to None, run_after=None
[2024-11-07T00:42:39.992+0000] {logging_mixin.py:190} INFO - [2024-11-07T00:42:39.992+0000] {dag.py:4180} INFO - Setting next_dagrun for example_external_task_marker_parent to None, run_after=None
[2024-11-07T00:42:40.005+0000] {processor.py:208} INFO - Processing /home/airflow/.local/lib/python3.12/site-packages/airflow/example_dags/example_external_task_marker_dag.py took 0.063 seconds
[2024-11-07T00:43:10.609+0000] {processor.py:186} INFO - Started process (PID=611) to work on /home/airflow/.local/lib/python3.12/site-packages/airflow/example_dags/example_external_task_marker_dag.py
[2024-11-07T00:43:10.611+0000] {processor.py:914} INFO - Processing file /home/airflow/.local/lib/python3.12/site-packages/airflow/example_dags/example_external_task_marker_dag.py for tasks to queue
[2024-11-07T00:43:10.614+0000] {logging_mixin.py:190} INFO - [2024-11-07T00:43:10.613+0000] {dagbag.py:588} INFO - Filling up the DagBag from /home/airflow/.local/lib/python3.12/site-packages/airflow/example_dags/example_external_task_marker_dag.py
[2024-11-07T00:43:10.621+0000] {processor.py:925} INFO - DAG(s) 'example_external_task_marker_child', 'example_external_task_marker_parent' retrieved from /home/airflow/.local/lib/python3.12/site-packages/airflow/example_dags/example_external_task_marker_dag.py
[2024-11-07T00:43:10.640+0000] {logging_mixin.py:190} INFO - [2024-11-07T00:43:10.640+0000] {dag.py:3239} INFO - Sync 2 DAGs
[2024-11-07T00:43:10.653+0000] {logging_mixin.py:190} INFO - [2024-11-07T00:43:10.653+0000] {dag.py:4180} INFO - Setting next_dagrun for example_external_task_marker_child to None, run_after=None
[2024-11-07T00:43:10.657+0000] {logging_mixin.py:190} INFO - [2024-11-07T00:43:10.656+0000] {dag.py:4180} INFO - Setting next_dagrun for example_external_task_marker_parent to None, run_after=None
[2024-11-07T00:43:10.671+0000] {processor.py:208} INFO - Processing /home/airflow/.local/lib/python3.12/site-packages/airflow/example_dags/example_external_task_marker_dag.py took 0.066 seconds
[2024-11-07T00:43:40.812+0000] {processor.py:186} INFO - Started process (PID=675) to work on /home/airflow/.local/lib/python3.12/site-packages/airflow/example_dags/example_external_task_marker_dag.py
[2024-11-07T00:43:40.813+0000] {processor.py:914} INFO - Processing file /home/airflow/.local/lib/python3.12/site-packages/airflow/example_dags/example_external_task_marker_dag.py for tasks to queue
[2024-11-07T00:43:40.815+0000] {logging_mixin.py:190} INFO - [2024-11-07T00:43:40.815+0000] {dagbag.py:588} INFO - Filling up the DagBag from /home/airflow/.local/lib/python3.12/site-packages/airflow/example_dags/example_external_task_marker_dag.py
[2024-11-07T00:43:40.823+0000] {processor.py:925} INFO - DAG(s) 'example_external_task_marker_parent', 'example_external_task_marker_child' retrieved from /home/airflow/.local/lib/python3.12/site-packages/airflow/example_dags/example_external_task_marker_dag.py
[2024-11-07T00:43:40.842+0000] {logging_mixin.py:190} INFO - [2024-11-07T00:43:40.842+0000] {dag.py:3239} INFO - Sync 2 DAGs
[2024-11-07T00:43:40.854+0000] {logging_mixin.py:190} INFO - [2024-11-07T00:43:40.854+0000] {dag.py:4180} INFO - Setting next_dagrun for example_external_task_marker_child to None, run_after=None
[2024-11-07T00:43:40.858+0000] {logging_mixin.py:190} INFO - [2024-11-07T00:43:40.858+0000] {dag.py:4180} INFO - Setting next_dagrun for example_external_task_marker_parent to None, run_after=None
[2024-11-07T00:43:40.873+0000] {processor.py:208} INFO - Processing /home/airflow/.local/lib/python3.12/site-packages/airflow/example_dags/example_external_task_marker_dag.py took 0.066 seconds
[2024-11-07T00:44:11.125+0000] {processor.py:186} INFO - Started process (PID=739) to work on /home/airflow/.local/lib/python3.12/site-packages/airflow/example_dags/example_external_task_marker_dag.py
[2024-11-07T00:44:11.129+0000] {processor.py:914} INFO - Processing file /home/airflow/.local/lib/python3.12/site-packages/airflow/example_dags/example_external_task_marker_dag.py for tasks to queue
[2024-11-07T00:44:11.131+0000] {logging_mixin.py:190} INFO - [2024-11-07T00:44:11.131+0000] {dagbag.py:588} INFO - Filling up the DagBag from /home/airflow/.local/lib/python3.12/site-packages/airflow/example_dags/example_external_task_marker_dag.py
[2024-11-07T00:44:11.137+0000] {processor.py:925} INFO - DAG(s) 'example_external_task_marker_parent', 'example_external_task_marker_child' retrieved from /home/airflow/.local/lib/python3.12/site-packages/airflow/example_dags/example_external_task_marker_dag.py
[2024-11-07T00:44:11.155+0000] {logging_mixin.py:190} INFO - [2024-11-07T00:44:11.155+0000] {dag.py:3239} INFO - Sync 2 DAGs
[2024-11-07T00:44:11.166+0000] {logging_mixin.py:190} INFO - [2024-11-07T00:44:11.166+0000] {dag.py:4180} INFO - Setting next_dagrun for example_external_task_marker_child to None, run_after=None
[2024-11-07T00:44:11.169+0000] {logging_mixin.py:190} INFO - [2024-11-07T00:44:11.169+0000] {dag.py:4180} INFO - Setting next_dagrun for example_external_task_marker_parent to None, run_after=None
[2024-11-07T00:44:11.181+0000] {processor.py:208} INFO - Processing /home/airflow/.local/lib/python3.12/site-packages/airflow/example_dags/example_external_task_marker_dag.py took 0.060 seconds
[2024-11-07T00:44:41.355+0000] {processor.py:186} INFO - Started process (PID=803) to work on /home/airflow/.local/lib/python3.12/site-packages/airflow/example_dags/example_external_task_marker_dag.py
[2024-11-07T00:44:41.358+0000] {processor.py:914} INFO - Processing file /home/airflow/.local/lib/python3.12/site-packages/airflow/example_dags/example_external_task_marker_dag.py for tasks to queue
[2024-11-07T00:44:41.361+0000] {logging_mixin.py:190} INFO - [2024-11-07T00:44:41.361+0000] {dagbag.py:588} INFO - Filling up the DagBag from /home/airflow/.local/lib/python3.12/site-packages/airflow/example_dags/example_external_task_marker_dag.py
[2024-11-07T00:44:41.367+0000] {processor.py:925} INFO - DAG(s) 'example_external_task_marker_parent', 'example_external_task_marker_child' retrieved from /home/airflow/.local/lib/python3.12/site-packages/airflow/example_dags/example_external_task_marker_dag.py
[2024-11-07T00:44:41.386+0000] {logging_mixin.py:190} INFO - [2024-11-07T00:44:41.385+0000] {dag.py:3239} INFO - Sync 2 DAGs
[2024-11-07T00:44:41.397+0000] {logging_mixin.py:190} INFO - [2024-11-07T00:44:41.397+0000] {dag.py:4180} INFO - Setting next_dagrun for example_external_task_marker_child to None, run_after=None
[2024-11-07T00:44:41.400+0000] {logging_mixin.py:190} INFO - [2024-11-07T00:44:41.400+0000] {dag.py:4180} INFO - Setting next_dagrun for example_external_task_marker_parent to None, run_after=None
[2024-11-07T00:44:41.413+0000] {processor.py:208} INFO - Processing /home/airflow/.local/lib/python3.12/site-packages/airflow/example_dags/example_external_task_marker_dag.py took 0.063 seconds
[2024-11-07T00:45:11.741+0000] {processor.py:186} INFO - Started process (PID=867) to work on /home/airflow/.local/lib/python3.12/site-packages/airflow/example_dags/example_external_task_marker_dag.py
[2024-11-07T00:45:11.744+0000] {processor.py:914} INFO - Processing file /home/airflow/.local/lib/python3.12/site-packages/airflow/example_dags/example_external_task_marker_dag.py for tasks to queue
[2024-11-07T00:45:11.747+0000] {logging_mixin.py:190} INFO - [2024-11-07T00:45:11.747+0000] {dagbag.py:588} INFO - Filling up the DagBag from /home/airflow/.local/lib/python3.12/site-packages/airflow/example_dags/example_external_task_marker_dag.py
[2024-11-07T00:45:11.753+0000] {processor.py:925} INFO - DAG(s) 'example_external_task_marker_child', 'example_external_task_marker_parent' retrieved from /home/airflow/.local/lib/python3.12/site-packages/airflow/example_dags/example_external_task_marker_dag.py
[2024-11-07T00:45:11.773+0000] {logging_mixin.py:190} INFO - [2024-11-07T00:45:11.772+0000] {dag.py:3239} INFO - Sync 2 DAGs
[2024-11-07T00:45:11.784+0000] {logging_mixin.py:190} INFO - [2024-11-07T00:45:11.784+0000] {dag.py:4180} INFO - Setting next_dagrun for example_external_task_marker_child to None, run_after=None
[2024-11-07T00:45:11.787+0000] {logging_mixin.py:190} INFO - [2024-11-07T00:45:11.787+0000] {dag.py:4180} INFO - Setting next_dagrun for example_external_task_marker_parent to None, run_after=None
[2024-11-07T00:45:11.801+0000] {processor.py:208} INFO - Processing /home/airflow/.local/lib/python3.12/site-packages/airflow/example_dags/example_external_task_marker_dag.py took 0.064 seconds
[2024-11-07T00:45:42.095+0000] {processor.py:186} INFO - Started process (PID=931) to work on /home/airflow/.local/lib/python3.12/site-packages/airflow/example_dags/example_external_task_marker_dag.py
[2024-11-07T00:45:42.096+0000] {processor.py:914} INFO - Processing file /home/airflow/.local/lib/python3.12/site-packages/airflow/example_dags/example_external_task_marker_dag.py for tasks to queue
[2024-11-07T00:45:42.098+0000] {logging_mixin.py:190} INFO - [2024-11-07T00:45:42.098+0000] {dagbag.py:588} INFO - Filling up the DagBag from /home/airflow/.local/lib/python3.12/site-packages/airflow/example_dags/example_external_task_marker_dag.py
[2024-11-07T00:45:42.105+0000] {processor.py:925} INFO - DAG(s) 'example_external_task_marker_child', 'example_external_task_marker_parent' retrieved from /home/airflow/.local/lib/python3.12/site-packages/airflow/example_dags/example_external_task_marker_dag.py
[2024-11-07T00:45:42.123+0000] {logging_mixin.py:190} INFO - [2024-11-07T00:45:42.123+0000] {dag.py:3239} INFO - Sync 2 DAGs
[2024-11-07T00:45:42.135+0000] {logging_mixin.py:190} INFO - [2024-11-07T00:45:42.135+0000] {dag.py:4180} INFO - Setting next_dagrun for example_external_task_marker_child to None, run_after=None
[2024-11-07T00:45:42.138+0000] {logging_mixin.py:190} INFO - [2024-11-07T00:45:42.138+0000] {dag.py:4180} INFO - Setting next_dagrun for example_external_task_marker_parent to None, run_after=None
[2024-11-07T00:45:42.151+0000] {processor.py:208} INFO - Processing /home/airflow/.local/lib/python3.12/site-packages/airflow/example_dags/example_external_task_marker_dag.py took 0.060 seconds
[2024-11-07T00:46:12.346+0000] {processor.py:186} INFO - Started process (PID=995) to work on /home/airflow/.local/lib/python3.12/site-packages/airflow/example_dags/example_external_task_marker_dag.py
[2024-11-07T00:46:12.347+0000] {processor.py:914} INFO - Processing file /home/airflow/.local/lib/python3.12/site-packages/airflow/example_dags/example_external_task_marker_dag.py for tasks to queue
[2024-11-07T00:46:12.349+0000] {logging_mixin.py:190} INFO - [2024-11-07T00:46:12.348+0000] {dagbag.py:588} INFO - Filling up the DagBag from /home/airflow/.local/lib/python3.12/site-packages/airflow/example_dags/example_external_task_marker_dag.py
[2024-11-07T00:46:12.355+0000] {processor.py:925} INFO - DAG(s) 'example_external_task_marker_child', 'example_external_task_marker_parent' retrieved from /home/airflow/.local/lib/python3.12/site-packages/airflow/example_dags/example_external_task_marker_dag.py
[2024-11-07T00:46:12.374+0000] {logging_mixin.py:190} INFO - [2024-11-07T00:46:12.374+0000] {dag.py:3239} INFO - Sync 2 DAGs
[2024-11-07T00:46:12.385+0000] {logging_mixin.py:190} INFO - [2024-11-07T00:46:12.385+0000] {dag.py:4180} INFO - Setting next_dagrun for example_external_task_marker_child to None, run_after=None
[2024-11-07T00:46:12.388+0000] {logging_mixin.py:190} INFO - [2024-11-07T00:46:12.388+0000] {dag.py:4180} INFO - Setting next_dagrun for example_external_task_marker_parent to None, run_after=None
[2024-11-07T00:46:12.401+0000] {processor.py:208} INFO - Processing /home/airflow/.local/lib/python3.12/site-packages/airflow/example_dags/example_external_task_marker_dag.py took 0.059 seconds
[2024-11-07T00:46:42.959+0000] {processor.py:186} INFO - Started process (PID=1059) to work on /home/airflow/.local/lib/python3.12/site-packages/airflow/example_dags/example_external_task_marker_dag.py
[2024-11-07T00:46:42.963+0000] {processor.py:914} INFO - Processing file /home/airflow/.local/lib/python3.12/site-packages/airflow/example_dags/example_external_task_marker_dag.py for tasks to queue
[2024-11-07T00:46:42.965+0000] {logging_mixin.py:190} INFO - [2024-11-07T00:46:42.965+0000] {dagbag.py:588} INFO - Filling up the DagBag from /home/airflow/.local/lib/python3.12/site-packages/airflow/example_dags/example_external_task_marker_dag.py
[2024-11-07T00:46:42.971+0000] {processor.py:925} INFO - DAG(s) 'example_external_task_marker_parent', 'example_external_task_marker_child' retrieved from /home/airflow/.local/lib/python3.12/site-packages/airflow/example_dags/example_external_task_marker_dag.py
[2024-11-07T00:46:42.991+0000] {logging_mixin.py:190} INFO - [2024-11-07T00:46:42.990+0000] {dag.py:3239} INFO - Sync 2 DAGs
[2024-11-07T00:46:43.002+0000] {logging_mixin.py:190} INFO - [2024-11-07T00:46:43.002+0000] {dag.py:4180} INFO - Setting next_dagrun for example_external_task_marker_child to None, run_after=None
[2024-11-07T00:46:43.005+0000] {logging_mixin.py:190} INFO - [2024-11-07T00:46:43.005+0000] {dag.py:4180} INFO - Setting next_dagrun for example_external_task_marker_parent to None, run_after=None
[2024-11-07T00:46:43.017+0000] {processor.py:208} INFO - Processing /home/airflow/.local/lib/python3.12/site-packages/airflow/example_dags/example_external_task_marker_dag.py took 0.063 seconds
[2024-11-07T00:47:13.220+0000] {processor.py:186} INFO - Started process (PID=1123) to work on /home/airflow/.local/lib/python3.12/site-packages/airflow/example_dags/example_external_task_marker_dag.py
[2024-11-07T00:47:13.223+0000] {processor.py:914} INFO - Processing file /home/airflow/.local/lib/python3.12/site-packages/airflow/example_dags/example_external_task_marker_dag.py for tasks to queue
[2024-11-07T00:47:13.226+0000] {logging_mixin.py:190} INFO - [2024-11-07T00:47:13.226+0000] {dagbag.py:588} INFO - Filling up the DagBag from /home/airflow/.local/lib/python3.12/site-packages/airflow/example_dags/example_external_task_marker_dag.py
[2024-11-07T00:47:13.232+0000] {processor.py:925} INFO - DAG(s) 'example_external_task_marker_child', 'example_external_task_marker_parent' retrieved from /home/airflow/.local/lib/python3.12/site-packages/airflow/example_dags/example_external_task_marker_dag.py
[2024-11-07T00:47:13.251+0000] {logging_mixin.py:190} INFO - [2024-11-07T00:47:13.251+0000] {dag.py:3239} INFO - Sync 2 DAGs
[2024-11-07T00:47:13.263+0000] {logging_mixin.py:190} INFO - [2024-11-07T00:47:13.263+0000] {dag.py:4180} INFO - Setting next_dagrun for example_external_task_marker_child to None, run_after=None
[2024-11-07T00:47:13.266+0000] {logging_mixin.py:190} INFO - [2024-11-07T00:47:13.266+0000] {dag.py:4180} INFO - Setting next_dagrun for example_external_task_marker_parent to None, run_after=None
[2024-11-07T00:47:13.279+0000] {processor.py:208} INFO - Processing /home/airflow/.local/lib/python3.12/site-packages/airflow/example_dags/example_external_task_marker_dag.py took 0.064 seconds
[2024-11-07T00:47:43.459+0000] {processor.py:186} INFO - Started process (PID=1187) to work on /home/airflow/.local/lib/python3.12/site-packages/airflow/example_dags/example_external_task_marker_dag.py
[2024-11-07T00:47:43.462+0000] {processor.py:914} INFO - Processing file /home/airflow/.local/lib/python3.12/site-packages/airflow/example_dags/example_external_task_marker_dag.py for tasks to queue
[2024-11-07T00:47:43.464+0000] {logging_mixin.py:190} INFO - [2024-11-07T00:47:43.464+0000] {dagbag.py:588} INFO - Filling up the DagBag from /home/airflow/.local/lib/python3.12/site-packages/airflow/example_dags/example_external_task_marker_dag.py
[2024-11-07T00:47:43.470+0000] {processor.py:925} INFO - DAG(s) 'example_external_task_marker_parent', 'example_external_task_marker_child' retrieved from /home/airflow/.local/lib/python3.12/site-packages/airflow/example_dags/example_external_task_marker_dag.py
[2024-11-07T00:47:43.489+0000] {logging_mixin.py:190} INFO - [2024-11-07T00:47:43.489+0000] {dag.py:3239} INFO - Sync 2 DAGs
[2024-11-07T00:47:43.501+0000] {logging_mixin.py:190} INFO - [2024-11-07T00:47:43.501+0000] {dag.py:4180} INFO - Setting next_dagrun for example_external_task_marker_child to None, run_after=None
[2024-11-07T00:47:43.504+0000] {logging_mixin.py:190} INFO - [2024-11-07T00:47:43.504+0000] {dag.py:4180} INFO - Setting next_dagrun for example_external_task_marker_parent to None, run_after=None
[2024-11-07T00:47:43.517+0000] {processor.py:208} INFO - Processing /home/airflow/.local/lib/python3.12/site-packages/airflow/example_dags/example_external_task_marker_dag.py took 0.062 seconds
[2024-11-07T00:55:06.241+0000] {processor.py:186} INFO - Started process (PID=1221) to work on /home/airflow/.local/lib/python3.12/site-packages/airflow/example_dags/example_external_task_marker_dag.py
[2024-11-07T00:55:06.242+0000] {processor.py:914} INFO - Processing file /home/airflow/.local/lib/python3.12/site-packages/airflow/example_dags/example_external_task_marker_dag.py for tasks to queue
[2024-11-07T00:55:06.244+0000] {logging_mixin.py:190} INFO - [2024-11-07T00:55:06.244+0000] {dagbag.py:588} INFO - Filling up the DagBag from /home/airflow/.local/lib/python3.12/site-packages/airflow/example_dags/example_external_task_marker_dag.py
[2024-11-07T00:55:06.251+0000] {processor.py:925} INFO - DAG(s) 'example_external_task_marker_child', 'example_external_task_marker_parent' retrieved from /home/airflow/.local/lib/python3.12/site-packages/airflow/example_dags/example_external_task_marker_dag.py
[2024-11-07T00:55:06.274+0000] {logging_mixin.py:190} INFO - [2024-11-07T00:55:06.274+0000] {dag.py:3239} INFO - Sync 2 DAGs
[2024-11-07T00:55:06.287+0000] {logging_mixin.py:190} INFO - [2024-11-07T00:55:06.287+0000] {dag.py:4180} INFO - Setting next_dagrun for example_external_task_marker_child to None, run_after=None
[2024-11-07T00:55:06.291+0000] {logging_mixin.py:190} INFO - [2024-11-07T00:55:06.290+0000] {dag.py:4180} INFO - Setting next_dagrun for example_external_task_marker_parent to None, run_after=None
[2024-11-07T00:55:06.305+0000] {processor.py:208} INFO - Processing /home/airflow/.local/lib/python3.12/site-packages/airflow/example_dags/example_external_task_marker_dag.py took 0.070 seconds
[2024-11-07T00:55:36.457+0000] {processor.py:186} INFO - Started process (PID=1285) to work on /home/airflow/.local/lib/python3.12/site-packages/airflow/example_dags/example_external_task_marker_dag.py
[2024-11-07T00:55:36.457+0000] {processor.py:914} INFO - Processing file /home/airflow/.local/lib/python3.12/site-packages/airflow/example_dags/example_external_task_marker_dag.py for tasks to queue
[2024-11-07T00:55:36.459+0000] {logging_mixin.py:190} INFO - [2024-11-07T00:55:36.459+0000] {dagbag.py:588} INFO - Filling up the DagBag from /home/airflow/.local/lib/python3.12/site-packages/airflow/example_dags/example_external_task_marker_dag.py
[2024-11-07T00:55:36.466+0000] {processor.py:925} INFO - DAG(s) 'example_external_task_marker_parent', 'example_external_task_marker_child' retrieved from /home/airflow/.local/lib/python3.12/site-packages/airflow/example_dags/example_external_task_marker_dag.py
[2024-11-07T00:55:36.486+0000] {logging_mixin.py:190} INFO - [2024-11-07T00:55:36.486+0000] {dag.py:3239} INFO - Sync 2 DAGs
[2024-11-07T00:55:36.498+0000] {logging_mixin.py:190} INFO - [2024-11-07T00:55:36.498+0000] {dag.py:4180} INFO - Setting next_dagrun for example_external_task_marker_child to None, run_after=None
[2024-11-07T00:55:36.501+0000] {logging_mixin.py:190} INFO - [2024-11-07T00:55:36.501+0000] {dag.py:4180} INFO - Setting next_dagrun for example_external_task_marker_parent to None, run_after=None
[2024-11-07T00:55:36.515+0000] {processor.py:208} INFO - Processing /home/airflow/.local/lib/python3.12/site-packages/airflow/example_dags/example_external_task_marker_dag.py took 0.062 seconds
[2024-11-07T00:56:07.475+0000] {processor.py:186} INFO - Started process (PID=1349) to work on /home/airflow/.local/lib/python3.12/site-packages/airflow/example_dags/example_external_task_marker_dag.py
[2024-11-07T00:56:07.479+0000] {processor.py:914} INFO - Processing file /home/airflow/.local/lib/python3.12/site-packages/airflow/example_dags/example_external_task_marker_dag.py for tasks to queue
[2024-11-07T00:56:07.481+0000] {logging_mixin.py:190} INFO - [2024-11-07T00:56:07.480+0000] {dagbag.py:588} INFO - Filling up the DagBag from /home/airflow/.local/lib/python3.12/site-packages/airflow/example_dags/example_external_task_marker_dag.py
[2024-11-07T00:56:07.487+0000] {processor.py:925} INFO - DAG(s) 'example_external_task_marker_child', 'example_external_task_marker_parent' retrieved from /home/airflow/.local/lib/python3.12/site-packages/airflow/example_dags/example_external_task_marker_dag.py
[2024-11-07T00:56:07.506+0000] {logging_mixin.py:190} INFO - [2024-11-07T00:56:07.506+0000] {dag.py:3239} INFO - Sync 2 DAGs
[2024-11-07T00:56:07.518+0000] {logging_mixin.py:190} INFO - [2024-11-07T00:56:07.517+0000] {dag.py:4180} INFO - Setting next_dagrun for example_external_task_marker_child to None, run_after=None
[2024-11-07T00:56:07.521+0000] {logging_mixin.py:190} INFO - [2024-11-07T00:56:07.520+0000] {dag.py:4180} INFO - Setting next_dagrun for example_external_task_marker_parent to None, run_after=None
[2024-11-07T00:56:07.534+0000] {processor.py:208} INFO - Processing /home/airflow/.local/lib/python3.12/site-packages/airflow/example_dags/example_external_task_marker_dag.py took 0.063 seconds
[2024-11-07T00:56:38.339+0000] {processor.py:186} INFO - Started process (PID=1413) to work on /home/airflow/.local/lib/python3.12/site-packages/airflow/example_dags/example_external_task_marker_dag.py
[2024-11-07T00:56:38.342+0000] {processor.py:914} INFO - Processing file /home/airflow/.local/lib/python3.12/site-packages/airflow/example_dags/example_external_task_marker_dag.py for tasks to queue
[2024-11-07T00:56:38.344+0000] {logging_mixin.py:190} INFO - [2024-11-07T00:56:38.344+0000] {dagbag.py:588} INFO - Filling up the DagBag from /home/airflow/.local/lib/python3.12/site-packages/airflow/example_dags/example_external_task_marker_dag.py
[2024-11-07T00:56:38.350+0000] {processor.py:925} INFO - DAG(s) 'example_external_task_marker_parent', 'example_external_task_marker_child' retrieved from /home/airflow/.local/lib/python3.12/site-packages/airflow/example_dags/example_external_task_marker_dag.py
[2024-11-07T00:56:38.369+0000] {logging_mixin.py:190} INFO - [2024-11-07T00:56:38.369+0000] {dag.py:3239} INFO - Sync 2 DAGs
[2024-11-07T00:56:38.381+0000] {logging_mixin.py:190} INFO - [2024-11-07T00:56:38.381+0000] {dag.py:4180} INFO - Setting next_dagrun for example_external_task_marker_child to None, run_after=None
[2024-11-07T00:56:38.384+0000] {logging_mixin.py:190} INFO - [2024-11-07T00:56:38.384+0000] {dag.py:4180} INFO - Setting next_dagrun for example_external_task_marker_parent to None, run_after=None
[2024-11-07T00:56:38.397+0000] {processor.py:208} INFO - Processing /home/airflow/.local/lib/python3.12/site-packages/airflow/example_dags/example_external_task_marker_dag.py took 0.062 seconds
[2024-11-07T00:57:08.439+0000] {processor.py:186} INFO - Started process (PID=1476) to work on /home/airflow/.local/lib/python3.12/site-packages/airflow/example_dags/example_external_task_marker_dag.py
[2024-11-07T00:57:08.440+0000] {processor.py:914} INFO - Processing file /home/airflow/.local/lib/python3.12/site-packages/airflow/example_dags/example_external_task_marker_dag.py for tasks to queue
[2024-11-07T00:57:08.442+0000] {logging_mixin.py:190} INFO - [2024-11-07T00:57:08.441+0000] {dagbag.py:588} INFO - Filling up the DagBag from /home/airflow/.local/lib/python3.12/site-packages/airflow/example_dags/example_external_task_marker_dag.py
[2024-11-07T00:57:08.448+0000] {processor.py:925} INFO - DAG(s) 'example_external_task_marker_parent', 'example_external_task_marker_child' retrieved from /home/airflow/.local/lib/python3.12/site-packages/airflow/example_dags/example_external_task_marker_dag.py
[2024-11-07T00:57:08.467+0000] {logging_mixin.py:190} INFO - [2024-11-07T00:57:08.467+0000] {dag.py:3239} INFO - Sync 2 DAGs
[2024-11-07T00:57:08.480+0000] {logging_mixin.py:190} INFO - [2024-11-07T00:57:08.479+0000] {dag.py:4180} INFO - Setting next_dagrun for example_external_task_marker_child to None, run_after=None
[2024-11-07T00:57:08.483+0000] {logging_mixin.py:190} INFO - [2024-11-07T00:57:08.483+0000] {dag.py:4180} INFO - Setting next_dagrun for example_external_task_marker_parent to None, run_after=None
[2024-11-07T00:57:08.496+0000] {processor.py:208} INFO - Processing /home/airflow/.local/lib/python3.12/site-packages/airflow/example_dags/example_external_task_marker_dag.py took 0.061 seconds
[2024-11-07T00:57:38.748+0000] {processor.py:186} INFO - Started process (PID=1541) to work on /home/airflow/.local/lib/python3.12/site-packages/airflow/example_dags/example_external_task_marker_dag.py
[2024-11-07T00:57:38.752+0000] {processor.py:914} INFO - Processing file /home/airflow/.local/lib/python3.12/site-packages/airflow/example_dags/example_external_task_marker_dag.py for tasks to queue
[2024-11-07T00:57:38.754+0000] {logging_mixin.py:190} INFO - [2024-11-07T00:57:38.754+0000] {dagbag.py:588} INFO - Filling up the DagBag from /home/airflow/.local/lib/python3.12/site-packages/airflow/example_dags/example_external_task_marker_dag.py
[2024-11-07T00:57:38.760+0000] {processor.py:925} INFO - DAG(s) 'example_external_task_marker_parent', 'example_external_task_marker_child' retrieved from /home/airflow/.local/lib/python3.12/site-packages/airflow/example_dags/example_external_task_marker_dag.py
[2024-11-07T00:57:38.780+0000] {logging_mixin.py:190} INFO - [2024-11-07T00:57:38.780+0000] {dag.py:3239} INFO - Sync 2 DAGs
[2024-11-07T00:57:38.791+0000] {logging_mixin.py:190} INFO - [2024-11-07T00:57:38.791+0000] {dag.py:4180} INFO - Setting next_dagrun for example_external_task_marker_child to None, run_after=None
[2024-11-07T00:57:38.794+0000] {logging_mixin.py:190} INFO - [2024-11-07T00:57:38.794+0000] {dag.py:4180} INFO - Setting next_dagrun for example_external_task_marker_parent to None, run_after=None
[2024-11-07T00:57:38.808+0000] {processor.py:208} INFO - Processing /home/airflow/.local/lib/python3.12/site-packages/airflow/example_dags/example_external_task_marker_dag.py took 0.064 seconds
[2024-11-07T00:58:08.875+0000] {processor.py:186} INFO - Started process (PID=1604) to work on /home/airflow/.local/lib/python3.12/site-packages/airflow/example_dags/example_external_task_marker_dag.py
[2024-11-07T00:58:08.876+0000] {processor.py:914} INFO - Processing file /home/airflow/.local/lib/python3.12/site-packages/airflow/example_dags/example_external_task_marker_dag.py for tasks to queue
[2024-11-07T00:58:08.877+0000] {logging_mixin.py:190} INFO - [2024-11-07T00:58:08.877+0000] {dagbag.py:588} INFO - Filling up the DagBag from /home/airflow/.local/lib/python3.12/site-packages/airflow/example_dags/example_external_task_marker_dag.py
[2024-11-07T00:58:08.884+0000] {processor.py:925} INFO - DAG(s) 'example_external_task_marker_child', 'example_external_task_marker_parent' retrieved from /home/airflow/.local/lib/python3.12/site-packages/airflow/example_dags/example_external_task_marker_dag.py
[2024-11-07T00:58:08.903+0000] {logging_mixin.py:190} INFO - [2024-11-07T00:58:08.903+0000] {dag.py:3239} INFO - Sync 2 DAGs
[2024-11-07T00:58:08.916+0000] {logging_mixin.py:190} INFO - [2024-11-07T00:58:08.916+0000] {dag.py:4180} INFO - Setting next_dagrun for example_external_task_marker_child to None, run_after=None
[2024-11-07T00:58:08.919+0000] {logging_mixin.py:190} INFO - [2024-11-07T00:58:08.919+0000] {dag.py:4180} INFO - Setting next_dagrun for example_external_task_marker_parent to None, run_after=None
[2024-11-07T00:58:08.932+0000] {processor.py:208} INFO - Processing /home/airflow/.local/lib/python3.12/site-packages/airflow/example_dags/example_external_task_marker_dag.py took 0.062 seconds
[2024-11-07T00:58:39.185+0000] {processor.py:186} INFO - Started process (PID=1669) to work on /home/airflow/.local/lib/python3.12/site-packages/airflow/example_dags/example_external_task_marker_dag.py
[2024-11-07T00:58:39.186+0000] {processor.py:914} INFO - Processing file /home/airflow/.local/lib/python3.12/site-packages/airflow/example_dags/example_external_task_marker_dag.py for tasks to queue
[2024-11-07T00:58:39.187+0000] {logging_mixin.py:190} INFO - [2024-11-07T00:58:39.187+0000] {dagbag.py:588} INFO - Filling up the DagBag from /home/airflow/.local/lib/python3.12/site-packages/airflow/example_dags/example_external_task_marker_dag.py
[2024-11-07T00:58:39.194+0000] {processor.py:925} INFO - DAG(s) 'example_external_task_marker_child', 'example_external_task_marker_parent' retrieved from /home/airflow/.local/lib/python3.12/site-packages/airflow/example_dags/example_external_task_marker_dag.py
[2024-11-07T00:58:39.213+0000] {logging_mixin.py:190} INFO - [2024-11-07T00:58:39.213+0000] {dag.py:3239} INFO - Sync 2 DAGs
[2024-11-07T00:58:39.224+0000] {logging_mixin.py:190} INFO - [2024-11-07T00:58:39.224+0000] {dag.py:4180} INFO - Setting next_dagrun for example_external_task_marker_child to None, run_after=None
[2024-11-07T00:58:39.228+0000] {logging_mixin.py:190} INFO - [2024-11-07T00:58:39.227+0000] {dag.py:4180} INFO - Setting next_dagrun for example_external_task_marker_parent to None, run_after=None
[2024-11-07T00:58:39.241+0000] {processor.py:208} INFO - Processing /home/airflow/.local/lib/python3.12/site-packages/airflow/example_dags/example_external_task_marker_dag.py took 0.061 seconds
[2024-11-07T00:59:10.027+0000] {processor.py:186} INFO - Started process (PID=1739) to work on /home/airflow/.local/lib/python3.12/site-packages/airflow/example_dags/example_external_task_marker_dag.py
[2024-11-07T00:59:10.029+0000] {processor.py:914} INFO - Processing file /home/airflow/.local/lib/python3.12/site-packages/airflow/example_dags/example_external_task_marker_dag.py for tasks to queue
[2024-11-07T00:59:10.032+0000] {logging_mixin.py:190} INFO - [2024-11-07T00:59:10.032+0000] {dagbag.py:588} INFO - Filling up the DagBag from /home/airflow/.local/lib/python3.12/site-packages/airflow/example_dags/example_external_task_marker_dag.py
[2024-11-07T00:59:10.040+0000] {processor.py:925} INFO - DAG(s) 'example_external_task_marker_parent', 'example_external_task_marker_child' retrieved from /home/airflow/.local/lib/python3.12/site-packages/airflow/example_dags/example_external_task_marker_dag.py
[2024-11-07T00:59:10.062+0000] {logging_mixin.py:190} INFO - [2024-11-07T00:59:10.062+0000] {dag.py:3239} INFO - Sync 2 DAGs
[2024-11-07T00:59:10.074+0000] {logging_mixin.py:190} INFO - [2024-11-07T00:59:10.074+0000] {dag.py:4180} INFO - Setting next_dagrun for example_external_task_marker_child to None, run_after=None
[2024-11-07T00:59:10.078+0000] {logging_mixin.py:190} INFO - [2024-11-07T00:59:10.078+0000] {dag.py:4180} INFO - Setting next_dagrun for example_external_task_marker_parent to None, run_after=None
[2024-11-07T00:59:10.093+0000] {processor.py:208} INFO - Processing /home/airflow/.local/lib/python3.12/site-packages/airflow/example_dags/example_external_task_marker_dag.py took 0.072 seconds
[2024-11-07T00:59:40.583+0000] {processor.py:186} INFO - Started process (PID=1803) to work on /home/airflow/.local/lib/python3.12/site-packages/airflow/example_dags/example_external_task_marker_dag.py
[2024-11-07T00:59:40.583+0000] {processor.py:914} INFO - Processing file /home/airflow/.local/lib/python3.12/site-packages/airflow/example_dags/example_external_task_marker_dag.py for tasks to queue
[2024-11-07T00:59:40.585+0000] {logging_mixin.py:190} INFO - [2024-11-07T00:59:40.585+0000] {dagbag.py:588} INFO - Filling up the DagBag from /home/airflow/.local/lib/python3.12/site-packages/airflow/example_dags/example_external_task_marker_dag.py
[2024-11-07T00:59:40.594+0000] {processor.py:925} INFO - DAG(s) 'example_external_task_marker_child', 'example_external_task_marker_parent' retrieved from /home/airflow/.local/lib/python3.12/site-packages/airflow/example_dags/example_external_task_marker_dag.py
[2024-11-07T00:59:40.615+0000] {logging_mixin.py:190} INFO - [2024-11-07T00:59:40.614+0000] {dag.py:3239} INFO - Sync 2 DAGs
[2024-11-07T00:59:40.626+0000] {logging_mixin.py:190} INFO - [2024-11-07T00:59:40.626+0000] {dag.py:4180} INFO - Setting next_dagrun for example_external_task_marker_child to None, run_after=None
[2024-11-07T00:59:40.630+0000] {logging_mixin.py:190} INFO - [2024-11-07T00:59:40.629+0000] {dag.py:4180} INFO - Setting next_dagrun for example_external_task_marker_parent to None, run_after=None
[2024-11-07T00:59:40.645+0000] {processor.py:208} INFO - Processing /home/airflow/.local/lib/python3.12/site-packages/airflow/example_dags/example_external_task_marker_dag.py took 0.067 seconds
[2024-11-07T01:00:11.197+0000] {processor.py:186} INFO - Started process (PID=1867) to work on /home/airflow/.local/lib/python3.12/site-packages/airflow/example_dags/example_external_task_marker_dag.py
[2024-11-07T01:00:11.201+0000] {processor.py:914} INFO - Processing file /home/airflow/.local/lib/python3.12/site-packages/airflow/example_dags/example_external_task_marker_dag.py for tasks to queue
[2024-11-07T01:00:11.203+0000] {logging_mixin.py:190} INFO - [2024-11-07T01:00:11.203+0000] {dagbag.py:588} INFO - Filling up the DagBag from /home/airflow/.local/lib/python3.12/site-packages/airflow/example_dags/example_external_task_marker_dag.py
[2024-11-07T01:00:11.209+0000] {processor.py:925} INFO - DAG(s) 'example_external_task_marker_parent', 'example_external_task_marker_child' retrieved from /home/airflow/.local/lib/python3.12/site-packages/airflow/example_dags/example_external_task_marker_dag.py
[2024-11-07T01:00:11.228+0000] {logging_mixin.py:190} INFO - [2024-11-07T01:00:11.228+0000] {dag.py:3239} INFO - Sync 2 DAGs
[2024-11-07T01:00:11.239+0000] {logging_mixin.py:190} INFO - [2024-11-07T01:00:11.239+0000] {dag.py:4180} INFO - Setting next_dagrun for example_external_task_marker_child to None, run_after=None
[2024-11-07T01:00:11.242+0000] {logging_mixin.py:190} INFO - [2024-11-07T01:00:11.242+0000] {dag.py:4180} INFO - Setting next_dagrun for example_external_task_marker_parent to None, run_after=None
[2024-11-07T01:00:11.256+0000] {processor.py:208} INFO - Processing /home/airflow/.local/lib/python3.12/site-packages/airflow/example_dags/example_external_task_marker_dag.py took 0.063 seconds
[2024-11-07T01:00:41.344+0000] {processor.py:186} INFO - Started process (PID=1930) to work on /home/airflow/.local/lib/python3.12/site-packages/airflow/example_dags/example_external_task_marker_dag.py
[2024-11-07T01:00:41.355+0000] {processor.py:914} INFO - Processing file /home/airflow/.local/lib/python3.12/site-packages/airflow/example_dags/example_external_task_marker_dag.py for tasks to queue
[2024-11-07T01:00:41.357+0000] {logging_mixin.py:190} INFO - [2024-11-07T01:00:41.357+0000] {dagbag.py:588} INFO - Filling up the DagBag from /home/airflow/.local/lib/python3.12/site-packages/airflow/example_dags/example_external_task_marker_dag.py
[2024-11-07T01:00:41.364+0000] {processor.py:925} INFO - DAG(s) 'example_external_task_marker_parent', 'example_external_task_marker_child' retrieved from /home/airflow/.local/lib/python3.12/site-packages/airflow/example_dags/example_external_task_marker_dag.py
[2024-11-07T01:00:41.384+0000] {logging_mixin.py:190} INFO - [2024-11-07T01:00:41.383+0000] {dag.py:3239} INFO - Sync 2 DAGs
[2024-11-07T01:00:41.394+0000] {logging_mixin.py:190} INFO - [2024-11-07T01:00:41.394+0000] {dag.py:4180} INFO - Setting next_dagrun for example_external_task_marker_child to None, run_after=None
[2024-11-07T01:00:41.397+0000] {logging_mixin.py:190} INFO - [2024-11-07T01:00:41.397+0000] {dag.py:4180} INFO - Setting next_dagrun for example_external_task_marker_parent to None, run_after=None
[2024-11-07T01:00:41.410+0000] {processor.py:208} INFO - Processing /home/airflow/.local/lib/python3.12/site-packages/airflow/example_dags/example_external_task_marker_dag.py took 0.071 seconds
[2024-11-07T01:01:11.620+0000] {processor.py:186} INFO - Started process (PID=1995) to work on /home/airflow/.local/lib/python3.12/site-packages/airflow/example_dags/example_external_task_marker_dag.py
[2024-11-07T01:01:11.624+0000] {processor.py:914} INFO - Processing file /home/airflow/.local/lib/python3.12/site-packages/airflow/example_dags/example_external_task_marker_dag.py for tasks to queue
[2024-11-07T01:01:11.627+0000] {logging_mixin.py:190} INFO - [2024-11-07T01:01:11.626+0000] {dagbag.py:588} INFO - Filling up the DagBag from /home/airflow/.local/lib/python3.12/site-packages/airflow/example_dags/example_external_task_marker_dag.py
[2024-11-07T01:01:11.633+0000] {processor.py:925} INFO - DAG(s) 'example_external_task_marker_child', 'example_external_task_marker_parent' retrieved from /home/airflow/.local/lib/python3.12/site-packages/airflow/example_dags/example_external_task_marker_dag.py
[2024-11-07T01:01:11.652+0000] {logging_mixin.py:190} INFO - [2024-11-07T01:01:11.651+0000] {dag.py:3239} INFO - Sync 2 DAGs
[2024-11-07T01:01:11.664+0000] {logging_mixin.py:190} INFO - [2024-11-07T01:01:11.663+0000] {dag.py:4180} INFO - Setting next_dagrun for example_external_task_marker_child to None, run_after=None
[2024-11-07T01:01:11.667+0000] {logging_mixin.py:190} INFO - [2024-11-07T01:01:11.667+0000] {dag.py:4180} INFO - Setting next_dagrun for example_external_task_marker_parent to None, run_after=None
[2024-11-07T01:01:11.680+0000] {processor.py:208} INFO - Processing /home/airflow/.local/lib/python3.12/site-packages/airflow/example_dags/example_external_task_marker_dag.py took 0.065 seconds
