[2024-11-17T03:32:15.206+0000] {local_task_job_runner.py:123} INFO - ::group::Pre task execution logs
[2024-11-17T03:32:15.221+0000] {taskinstance.py:2613} INFO - Dependencies all met for dep_context=non-requeueable deps ti=<TaskInstance: criar_tabelas.inserir_dados_summary manual__2024-11-17T03:31:53.970174+00:00 [queued]>
[2024-11-17T03:32:15.230+0000] {taskinstance.py:2613} INFO - Dependencies all met for dep_context=requeueable deps ti=<TaskInstance: criar_tabelas.inserir_dados_summary manual__2024-11-17T03:31:53.970174+00:00 [queued]>
[2024-11-17T03:32:15.230+0000] {taskinstance.py:2866} INFO - Starting attempt 1 of 2
[2024-11-17T03:32:15.240+0000] {taskinstance.py:2889} INFO - Executing <Task(PythonOperator): inserir_dados_summary> on 2024-11-17 03:31:53.970174+00:00
[2024-11-17T03:32:15.251+0000] {warnings.py:112} WARNING - /home/***/.local/lib/python3.12/site-packages/***/task/task_runner/standard_task_runner.py:70: DeprecationWarning: This process (pid=1177) is multi-threaded, use of fork() may lead to deadlocks in the child.
  pid = os.fork()

[2024-11-17T03:32:15.253+0000] {standard_task_runner.py:72} INFO - Started process 1179 to run task
[2024-11-17T03:32:15.254+0000] {standard_task_runner.py:104} INFO - Running: ['***', 'tasks', 'run', 'criar_tabelas', 'inserir_dados_summary', 'manual__2024-11-17T03:31:53.970174+00:00', '--job-id', '292', '--raw', '--subdir', 'DAGS_FOLDER/etl.py', '--cfg-path', '/tmp/tmpu14th4j_']
[2024-11-17T03:32:15.255+0000] {standard_task_runner.py:105} INFO - Job 292: Subtask inserir_dados_summary
[2024-11-17T03:32:15.297+0000] {task_command.py:467} INFO - Running <TaskInstance: criar_tabelas.inserir_dados_summary manual__2024-11-17T03:31:53.970174+00:00 [running]> on host bfeda1f9cf11
[2024-11-17T03:32:15.575+0000] {taskinstance.py:3132} INFO - Exporting env vars: AIRFLOW_CTX_DAG_OWNER='***' AIRFLOW_CTX_DAG_ID='criar_tabelas' AIRFLOW_CTX_TASK_ID='inserir_dados_summary' AIRFLOW_CTX_EXECUTION_DATE='2024-11-17T03:31:53.970174+00:00' AIRFLOW_CTX_TRY_NUMBER='1' AIRFLOW_CTX_DAG_RUN_ID='manual__2024-11-17T03:31:53.970174+00:00'
[2024-11-17T03:32:15.577+0000] {logging_mixin.py:190} INFO - Task instance is in running state
[2024-11-17T03:32:15.577+0000] {logging_mixin.py:190} INFO -  Previous state of the Task instance: queued
[2024-11-17T03:32:15.577+0000] {logging_mixin.py:190} INFO - Current task name:inserir_dados_summary state:running start_date:2024-11-17 03:32:15.222284+00:00
[2024-11-17T03:32:15.577+0000] {logging_mixin.py:190} INFO - Dag name:criar_tabelas and current dag run status:running
[2024-11-17T03:32:15.578+0000] {taskinstance.py:731} INFO - ::endgroup::
[2024-11-17T03:32:15.680+0000] {logging_mixin.py:190} INFO - Dados do SummaryProfile inseridos com sucesso!
[2024-11-17T03:32:15.682+0000] {python.py:240} INFO - Done. Returned value was: None
[2024-11-17T03:32:15.691+0000] {taskinstance.py:340} INFO - ::group::Post task execution logs
[2024-11-17T03:32:15.692+0000] {taskinstance.py:352} INFO - Marking task as SUCCESS. dag_id=criar_tabelas, task_id=inserir_dados_summary, run_id=manual__2024-11-17T03:31:53.970174+00:00, execution_date=20241117T033153, start_date=20241117T033215, end_date=20241117T033215
[2024-11-17T03:32:15.701+0000] {logging_mixin.py:190} INFO - Task instance in success state
[2024-11-17T03:32:15.702+0000] {logging_mixin.py:190} INFO -  Previous state of the Task instance: running
[2024-11-17T03:32:15.702+0000] {logging_mixin.py:190} INFO - Dag name:criar_tabelas queued_at:2024-11-17 03:31:53.979545+00:00
[2024-11-17T03:32:15.702+0000] {logging_mixin.py:190} INFO - Task hostname:bfeda1f9cf11 operator:PythonOperator
[2024-11-17T03:32:15.748+0000] {local_task_job_runner.py:266} INFO - Task exited with return code 0
[2024-11-17T03:32:15.773+0000] {taskinstance.py:3895} INFO - 1 downstream tasks scheduled from follow-on schedule check
[2024-11-17T03:32:15.774+0000] {local_task_job_runner.py:245} INFO - ::endgroup::
