[2024-11-16T21:51:44.426+0000] {local_task_job_runner.py:123} INFO - ::group::Pre task execution logs
[2024-11-16T21:51:44.443+0000] {taskinstance.py:2613} INFO - Dependencies all met for dep_context=non-requeueable deps ti=<TaskInstance: criar_tabelas.create_table_historico_dadosfinanceiros manual__2024-11-16T21:51:33.417258+00:00 [queued]>
[2024-11-16T21:51:44.451+0000] {taskinstance.py:2613} INFO - Dependencies all met for dep_context=requeueable deps ti=<TaskInstance: criar_tabelas.create_table_historico_dadosfinanceiros manual__2024-11-16T21:51:33.417258+00:00 [queued]>
[2024-11-16T21:51:44.451+0000] {taskinstance.py:2866} INFO - Starting attempt 1 of 2
[2024-11-16T21:51:44.462+0000] {taskinstance.py:2889} INFO - Executing <Task(PostgresOperator): create_table_historico_dadosfinanceiros> on 2024-11-16 21:51:33.417258+00:00
[2024-11-16T21:51:44.472+0000] {warnings.py:112} WARNING - /home/***/.local/lib/python3.12/site-packages/***/task/task_runner/standard_task_runner.py:70: DeprecationWarning: This process (pid=259) is multi-threaded, use of fork() may lead to deadlocks in the child.
  pid = os.fork()

[2024-11-16T21:51:44.473+0000] {standard_task_runner.py:72} INFO - Started process 261 to run task
[2024-11-16T21:51:44.476+0000] {standard_task_runner.py:104} INFO - Running: ['***', 'tasks', 'run', 'criar_tabelas', 'create_table_historico_dadosfinanceiros', 'manual__2024-11-16T21:51:33.417258+00:00', '--job-id', '27', '--raw', '--subdir', 'DAGS_FOLDER/etl.py', '--cfg-path', '/tmp/tmppbmvtvyu']
[2024-11-16T21:51:44.477+0000] {standard_task_runner.py:105} INFO - Job 27: Subtask create_table_historico_dadosfinanceiros
[2024-11-16T21:51:44.519+0000] {task_command.py:467} INFO - Running <TaskInstance: criar_tabelas.create_table_historico_dadosfinanceiros manual__2024-11-16T21:51:33.417258+00:00 [running]> on host 7766afd0bc11
[2024-11-16T21:51:44.788+0000] {taskinstance.py:3132} INFO - Exporting env vars: AIRFLOW_CTX_DAG_OWNER='***' AIRFLOW_CTX_DAG_ID='criar_tabelas' AIRFLOW_CTX_TASK_ID='create_table_historico_dadosfinanceiros' AIRFLOW_CTX_EXECUTION_DATE='2024-11-16T21:51:33.417258+00:00' AIRFLOW_CTX_TRY_NUMBER='1' AIRFLOW_CTX_DAG_RUN_ID='manual__2024-11-16T21:51:33.417258+00:00'
[2024-11-16T21:51:44.789+0000] {logging_mixin.py:190} INFO - Task instance is in running state
[2024-11-16T21:51:44.789+0000] {logging_mixin.py:190} INFO -  Previous state of the Task instance: queued
[2024-11-16T21:51:44.790+0000] {logging_mixin.py:190} INFO - Current task name:create_table_historico_dadosfinanceiros state:running start_date:2024-11-16 21:51:44.444006+00:00
[2024-11-16T21:51:44.790+0000] {logging_mixin.py:190} INFO - Dag name:criar_tabelas and current dag run status:running
[2024-11-16T21:51:44.790+0000] {taskinstance.py:731} INFO - ::endgroup::
[2024-11-16T21:51:44.790+0000] {sql.py:278} INFO - Executing: 
CREATE TABLE IF NOT EXISTS financial_data (
    id int ,                           -- ID único do registro
    empresa_id INT NOT NULL,                         -- Chave estrangeira para a tabela 'empresas'
    current_price DECIMAL(10, 2),                    -- Preço atual
    target_high_price DECIMAL(10, 2),                -- Preço alvo alto
    target_low_price DECIMAL(10, 2),                 -- Preço alvo baixo
    target_mean_price DECIMAL(10, 2),                -- Preço alvo médio
    target_median_price DECIMAL(10, 2),              -- Preço alvo mediano
    recommendation_mean DECIMAL(3, 2),               -- Recomendação média (em formato decimal)
    recommendation_key VARCHAR(10),                   -- Recomendação (ex: 'buy', 'hold', 'sell')
    number_of_analyst_opinions INT,                   -- Número de opiniões de analistas
    total_cash BIGINT,                               -- Caixa total
    total_cash_per_share DECIMAL(10, 2),             -- Caixa total por ação
    ebitda BIGINT,                                   -- EBITDA (Lucro antes de juros, impostos, depreciação e amortização)
    total_debt BIGINT,                               -- Dívida total
    quick_ratio DECIMAL(5, 3),                       -- Liquidez imediata
    current_ratio DECIMAL(5, 3),                     -- Liquidez corrente
    total_revenue BIGINT,                            -- Receita total
    debt_to_equity DECIMAL(5, 2),                    -- Dívida / Patrimônio líquido
    revenue_per_share DECIMAL(10, 2),                -- Receita por ação
    return_on_assets DECIMAL(10, 8),                 -- Retorno sobre ativos
    return_on_equity DECIMAL(10, 8),                 -- Retorno sobre patrimônio líquido
    gross_profits BIGINT,                            -- Lucro bruto
    free_cashflow BIGINT,                            -- Fluxo de caixa livre
    operating_cashflow BIGINT,                       -- Fluxo de caixa operacional
    earnings_growth DECIMAL(5, 3),                   -- Crescimento dos lucros
    revenue_growth DECIMAL(5, 3),                    -- Crescimento da receita
    gross_margins DECIMAL(10, 8),                    -- Margem bruta
    ebitda_margins DECIMAL(10, 8),                    -- Margem EBITDA
    operating_margins DECIMAL(10, 8),                -- Margem operacional
    profit_margins DECIMAL(10, 8),                   -- Margem de lucro
    financial_currency VARCHAR(3),                   -- Moeda (ex: 'BRL', 'USD')
    FOREIGN KEY ( id ) REFERENCES SummaryProfile( id )
);

[2024-11-16T21:51:44.798+0000] {base.py:84} INFO - Retrieving connection 'postgres-***'
[2024-11-16T21:51:44.807+0000] {base.py:84} INFO - Retrieving connection 'postgres-***'
[2024-11-16T21:51:44.811+0000] {sql.py:544} INFO - Running statement: 
CREATE TABLE IF NOT EXISTS financial_data (
    id int ,                           -- ID único do registro
    empresa_id INT NOT NULL,                         -- Chave estrangeira para a tabela 'empresas'
    current_price DECIMAL(10, 2),                    -- Preço atual
    target_high_price DECIMAL(10, 2),                -- Preço alvo alto
    target_low_price DECIMAL(10, 2),                 -- Preço alvo baixo
    target_mean_price DECIMAL(10, 2),                -- Preço alvo médio
    target_median_price DECIMAL(10, 2),              -- Preço alvo mediano
    recommendation_mean DECIMAL(3, 2),               -- Recomendação média (em formato decimal)
    recommendation_key VARCHAR(10),                   -- Recomendação (ex: 'buy', 'hold', 'sell')
    number_of_analyst_opinions INT,                   -- Número de opiniões de analistas
    total_cash BIGINT,                               -- Caixa total
    total_cash_per_share DECIMAL(10, 2),             -- Caixa total por ação
    ebitda BIGINT,                                   -- EBITDA (Lucro antes de juros, impostos, depreciação e amortização)
    total_debt BIGINT,                               -- Dívida total
    quick_ratio DECIMAL(5, 3),                       -- Liquidez imediata
    current_ratio DECIMAL(5, 3),                     -- Liquidez corrente
    total_revenue BIGINT,                            -- Receita total
    debt_to_equity DECIMAL(5, 2),                    -- Dívida / Patrimônio líquido
    revenue_per_share DECIMAL(10, 2),                -- Receita por ação
    return_on_assets DECIMAL(10, 8),                 -- Retorno sobre ativos
    return_on_equity DECIMAL(10, 8),                 -- Retorno sobre patrimônio líquido
    gross_profits BIGINT,                            -- Lucro bruto
    free_cashflow BIGINT,                            -- Fluxo de caixa livre
    operating_cashflow BIGINT,                       -- Fluxo de caixa operacional
    earnings_growth DECIMAL(5, 3),                   -- Crescimento dos lucros
    revenue_growth DECIMAL(5, 3),                    -- Crescimento da receita
    gross_margins DECIMAL(10, 8),                    -- Margem bruta
    ebitda_margins DECIMAL(10, 8),                    -- Margem EBITDA
    operating_margins DECIMAL(10, 8),                -- Margem operacional
    profit_margins DECIMAL(10, 8),                   -- Margem de lucro
    financial_currency VARCHAR(3),                   -- Moeda (ex: 'BRL', 'USD')
    FOREIGN KEY ( id ) REFERENCES SummaryProfile( id )
);
, parameters: None
[2024-11-16T21:51:44.820+0000] {taskinstance.py:340} INFO - ::group::Post task execution logs
[2024-11-16T21:51:44.821+0000] {taskinstance.py:352} INFO - Marking task as SUCCESS. dag_id=criar_tabelas, task_id=create_table_historico_dadosfinanceiros, run_id=manual__2024-11-16T21:51:33.417258+00:00, execution_date=20241116T215133, start_date=20241116T215144, end_date=20241116T215144
[2024-11-16T21:51:44.830+0000] {logging_mixin.py:190} INFO - Task instance in success state
[2024-11-16T21:51:44.830+0000] {logging_mixin.py:190} INFO -  Previous state of the Task instance: running
[2024-11-16T21:51:44.830+0000] {logging_mixin.py:190} INFO - Dag name:criar_tabelas queued_at:2024-11-16 21:51:33.465828+00:00
[2024-11-16T21:51:44.830+0000] {logging_mixin.py:190} INFO - Task hostname:7766afd0bc11 operator:PostgresOperator
[2024-11-16T21:51:44.888+0000] {local_task_job_runner.py:266} INFO - Task exited with return code 0
[2024-11-16T21:51:44.912+0000] {taskinstance.py:3895} INFO - 1 downstream tasks scheduled from follow-on schedule check
[2024-11-16T21:51:44.913+0000] {local_task_job_runner.py:245} INFO - ::endgroup::
